[ Info: 80_27: File for first layer does not exist; computing [2, 10]...
[ Info: 80_27: Discriminant bound: 1778279410038922801312748026200064
[ Info: 80_27: Computing simplified defining polynomials for fields and sieving bad CM-fields
[ Info: 80_27: 1/61
[ Info: 80_27: 2/61
[ Info: 80_27: 3/61
[ Info: 80_27: 4/61
[ Info: 80_27: 5/61
[ Info: 80_27: 6/61
[ Info: 80_27: 7/61
[ Info: 80_27: 8/61
[ Info: 80_27: 9/61
[ Info: 80_27: 10/61
[ Info: 80_27: 11/61
[ Info: 80_27: 12/61
[ Info: 80_27: 13/61
[ Info: 80_27: 14/61
[ Info: 80_27: 15/61
[ Info: 80_27: 16/61
[ Info: 80_27: 17/61
[ Info: 80_27: 18/61
[ Info: 80_27: 19/61
[ Info: 80_27: 20/61
[ Info: 80_27: 21/61
[ Info: 80_27: 22/61
[ Info: 80_27: 23/61
[ Info: 80_27: 24/61
[ Info: 80_27: 25/61
[ Info: 80_27: 26/61
[ Info: 80_27: 27/61
[ Info: 80_27: 28/61
[ Info: 80_27: 29/61
[ Info: 80_27: 30/61
[ Info: 80_27: 31/61
[ Info: 80_27: 32/61
[ Info: 80_27: 33/61
[ Info: 80_27: 34/61
[ Info: 80_27: 35/61
[ Info: 80_27: 36/61
[ Info: 80_27: 37/61
[ Info: 80_27: 38/61
[ Info: 80_27: 39/61
[ Info: 80_27: 40/61
[ Info: 80_27: 41/61
[ Info: 80_27: 42/61
[ Info: 80_27: 43/61
[ Info: 80_27: 44/61
[ Info: 80_27: 45/61
[ Info: 80_27: 46/61
[ Info: 80_27: 47/61
[ Info: 80_27: 48/61
[ Info: 80_27: 49/61
[ Info: 80_27: 50/61
[ Info: 80_27: 51/61
[ Info: 80_27: 52/61
[ Info: 80_27: 53/61
[ Info: 80_27: 54/61
[ Info: 80_27: 55/61
[ Info: 80_27: 56/61
[ Info: 80_27: 57/61
[ Info: 80_27: 58/61
[ Info: 80_27: 59/61
[ Info: 80_27: 60/61
[ Info: 80_27: 61/61
[ Info: 80_27: layer 2/2, base field no. 1/16, constructing abelian extensions
[ Info: 80_27: layer 2/2, base field no. 1/16, checking fields: 3
[ Info: 80_27: layer 2/2, base field no. 1/16, 1/3
[ Info: 80_27: layer 2/2, base field no. 1/16, 2/3
[ Info: 80_27: layer 2/2, base field no. 1/16, 3/3
[ Info: 80_27: layer 2/2, base field no. 2/16, constructing abelian extensions
[ Info: 80_27: layer 2/2, base field no. 2/16, checking fields: 0
[ Info: 80_27: layer 2/2, base field no. 3/16, constructing abelian extensions
[ Info: 80_27: layer 2/2, base field no. 3/16, checking fields: 2
[ Info: 80_27: layer 2/2, base field no. 3/16, 1/2
[ Info: 80_27: layer 2/2, base field no. 3/16, 2/2
[ Info: 80_27: layer 2/2, base field no. 4/16, constructing abelian extensions
[ Info: 80_27: layer 2/2, base field no. 4/16, checking fields: 2
[ Info: 80_27: layer 2/2, base field no. 4/16, 1/2
[ Info: 80_27: layer 2/2, base field no. 4/16, 2/2
[ Info: 80_27: layer 2/2, base field no. 5/16, constructing abelian extensions
[ Info: 80_27: layer 2/2, base field no. 5/16, checking fields: 0
[ Info: 80_27: layer 2/2, base field no. 6/16, constructing abelian extensions
[ Info: 80_27: layer 2/2, base field no. 6/16, checking fields: 0
[ Info: 80_27: layer 2/2, base field no. 7/16, constructing abelian extensions
[ Info: 80_27: layer 2/2, base field no. 7/16, checking fields: 1
[ Info: 80_27: layer 2/2, base field no. 7/16, 1/1
[ Info: 80_27: layer 2/2, base field no. 8/16, constructing abelian extensions
[ Info: 80_27: layer 2/2, base field no. 8/16, checking fields: 2
[ Info: 80_27: layer 2/2, base field no. 8/16, 1/2
[ Info: 80_27: layer 2/2, base field no. 8/16, 2/2
[ Info: 80_27: layer 2/2, base field no. 9/16, constructing abelian extensions
[ Info: 80_27: layer 2/2, base field no. 9/16, checking fields: 0
[ Info: 80_27: layer 2/2, base field no. 10/16, constructing abelian extensions
[ Info: 80_27: layer 2/2, base field no. 10/16, checking fields: 0
[ Info: 80_27: layer 2/2, base field no. 11/16, constructing abelian extensions
[ Info: 80_27: layer 2/2, base field no. 11/16, checking fields: 0
[ Info: 80_27: layer 2/2, base field no. 12/16, constructing abelian extensions
[ Info: 80_27: layer 2/2, base field no. 12/16, checking fields: 2
[ Info: 80_27: layer 2/2, base field no. 12/16, 1/2
[ Info: 80_27: layer 2/2, base field no. 12/16, 2/2
[ Info: 80_27: layer 2/2, base field no. 13/16, constructing abelian extensions
[ Info: 80_27: layer 2/2, base field no. 13/16, checking fields: 0
[ Info: 80_27: layer 2/2, base field no. 14/16, constructing abelian extensions
[ Info: 80_27: layer 2/2, base field no. 14/16, checking fields: 0
[ Info: 80_27: layer 2/2, base field no. 15/16, constructing abelian extensions
[ Info: 80_27: layer 2/2, base field no. 15/16, checking fields: 0
[ Info: 80_27: layer 2/2, base field no. 16/16, constructing abelian extensions
[ Info: 80_27: layer 2/2, base field no. 16/16, checking fields: 0
1349.736978 seconds (3.03 G allocations: 579.452 GiB, 5.22% gc time, 1.37% compilation time: 1% of which was recompilation)
