[ Info: 64_207: File for first layer exists [2, 2, 2, 2], 1000000000000000000000000000; loading ...
[ Info: 64_207: layer 2/2, base field no. 1/7, constructing abelian extensions
[ Info: 64_207: layer 2/2, base field no. 1/7, checking fields: 726
[ Info: 64_207: layer 2/2, base field no. 1/7, 1/726
[ Info: 64_207: layer 2/2, base field no. 1/7, 2/726
[ Info: 64_207: layer 2/2, base field no. 1/7, 3/726
[ Info: 64_207: layer 2/2, base field no. 1/7, 4/726
[ Info: 64_207: layer 2/2, base field no. 1/7, 5/726
[ Info: 64_207: layer 2/2, base field no. 1/7, 6/726
[ Info: 64_207: layer 2/2, base field no. 1/7, 7/726
[ Info: 64_207: layer 2/2, base field no. 1/7, 8/726
[ Info: 64_207: layer 2/2, base field no. 1/7, 9/726
[ Info: 64_207: layer 2/2, base field no. 1/7, 10/726
[ Info: 64_207: layer 2/2, base field no. 1/7, 11/726
[ Info: 64_207: layer 2/2, base field no. 1/7, 12/726
[ Info: 64_207: layer 2/2, base field no. 1/7, 13/726
[ Info: 64_207: layer 2/2, base field no. 1/7, 14/726
[ Info: 64_207: layer 2/2, base field no. 1/7, 15/726
[ Info: 64_207: layer 2/2, base field no. 1/7, 16/726
[ Info: 64_207: layer 2/2, base field no. 1/7, 17/726
[ Info: 64_207: layer 2/2, base field no. 1/7, 18/726
[ Info: 64_207: layer 2/2, base field no. 1/7, 19/726
[ Info: 64_207: layer 2/2, base field no. 1/7, 20/726
[ Info: 64_207: layer 2/2, base field no. 1/7, 21/726
[ Info: 64_207: layer 2/2, base field no. 1/7, 22/726
[ Info: 64_207: layer 2/2, base field no. 1/7, 23/726
[ Info: 64_207: layer 2/2, base field no. 1/7, 24/726
[ Info: 64_207: layer 2/2, base field no. 1/7, 25/726
[ Info: 64_207: layer 2/2, base field no. 1/7, 26/726
[ Info: 64_207: layer 2/2, base field no. 1/7, 27/726
[ Info: 64_207: layer 2/2, base field no. 1/7, 28/726
[ Info: 64_207: layer 2/2, base field no. 1/7, 29/726
[ Info: 64_207: layer 2/2, base field no. 1/7, 30/726
[ Info: 64_207: layer 2/2, base field no. 1/7, 31/726
[ Info: 64_207: layer 2/2, base field no. 1/7, 32/726
[ Info: 64_207: layer 2/2, base field no. 1/7, 33/726
[ Info: 64_207: layer 2/2, base field no. 1/7, 34/726
[ Info: 64_207: layer 2/2, base field no. 1/7, 35/726
[ Info: 64_207: layer 2/2, base field no. 1/7, 36/726
[ Info: 64_207: layer 2/2, base field no. 1/7, 37/726
[ Info: 64_207: layer 2/2, base field no. 1/7, 38/726
[ Info: 64_207: layer 2/2, base field no. 1/7, 39/726
[ Info: 64_207: layer 2/2, base field no. 1/7, 40/726
[ Info: 64_207: layer 2/2, base field no. 1/7, 41/726
[ Info: 64_207: layer 2/2, base field no. 1/7, 42/726
[ Info: 64_207: layer 2/2, base field no. 1/7, 43/726
[ Info: 64_207: layer 2/2, base field no. 1/7, 44/726
[ Info: 64_207: layer 2/2, base field no. 1/7, 45/726
[ Info: 64_207: layer 2/2, base field no. 1/7, 46/726
[ Info: 64_207: layer 2/2, base field no. 1/7, 47/726
[ Info: 64_207: layer 2/2, base field no. 1/7, 48/726
[ Info: 64_207: layer 2/2, base field no. 1/7, 49/726
[ Info: 64_207: layer 2/2, base field no. 1/7, 50/726
[ Info: 64_207: layer 2/2, base field no. 1/7, 51/726
[ Info: 64_207: layer 2/2, base field no. 1/7, 52/726
[ Info: 64_207: layer 2/2, base field no. 1/7, 53/726
[ Info: 64_207: layer 2/2, base field no. 1/7, 54/726
[ Info: 64_207: layer 2/2, base field no. 1/7, 55/726
[ Info: 64_207: layer 2/2, base field no. 1/7, 56/726
[ Info: 64_207: layer 2/2, base field no. 1/7, 57/726
[ Info: 64_207: layer 2/2, base field no. 1/7, 58/726
[ Info: 64_207: layer 2/2, base field no. 1/7, 59/726
[ Info: 64_207: layer 2/2, base field no. 1/7, 60/726
[ Info: 64_207: layer 2/2, base field no. 1/7, 61/726
[ Info: 64_207: layer 2/2, base field no. 1/7, 62/726
[ Info: 64_207: layer 2/2, base field no. 1/7, 63/726
[ Info: 64_207: layer 2/2, base field no. 1/7, 64/726
[ Info: 64_207: layer 2/2, base field no. 1/7, 65/726
[ Info: 64_207: layer 2/2, base field no. 1/7, 66/726
[ Info: 64_207: layer 2/2, base field no. 1/7, 67/726
[ Info: 64_207: layer 2/2, base field no. 1/7, 68/726
[ Info: 64_207: layer 2/2, base field no. 1/7, 69/726
[ Info: 64_207: layer 2/2, base field no. 1/7, 70/726
[ Info: 64_207: layer 2/2, base field no. 1/7, 71/726
[ Info: 64_207: layer 2/2, base field no. 1/7, 72/726
[ Info: 64_207: layer 2/2, base field no. 1/7, 73/726
[ Info: 64_207: layer 2/2, base field no. 1/7, 74/726
[ Info: 64_207: layer 2/2, base field no. 1/7, 75/726
[ Info: 64_207: layer 2/2, base field no. 1/7, 76/726
[ Info: 64_207: layer 2/2, base field no. 1/7, 77/726
[ Info: 64_207: layer 2/2, base field no. 1/7, 78/726
[ Info: 64_207: layer 2/2, base field no. 1/7, 79/726
[ Info: 64_207: layer 2/2, base field no. 1/7, 80/726
[ Info: 64_207: layer 2/2, base field no. 1/7, 81/726
[ Info: 64_207: layer 2/2, base field no. 1/7, 82/726
[ Info: 64_207: layer 2/2, base field no. 1/7, 83/726
[ Info: 64_207: layer 2/2, base field no. 1/7, 84/726
[ Info: 64_207: layer 2/2, base field no. 1/7, 85/726
[ Info: 64_207: layer 2/2, base field no. 1/7, 86/726
[ Info: 64_207: layer 2/2, base field no. 1/7, 87/726
[ Info: 64_207: layer 2/2, base field no. 1/7, 88/726
[ Info: 64_207: layer 2/2, base field no. 1/7, 89/726
[ Info: 64_207: layer 2/2, base field no. 1/7, 90/726
[ Info: 64_207: layer 2/2, base field no. 1/7, 91/726
[ Info: 64_207: layer 2/2, base field no. 1/7, 92/726
[ Info: 64_207: layer 2/2, base field no. 1/7, 93/726
[ Info: 64_207: layer 2/2, base field no. 1/7, 94/726
[ Info: 64_207: layer 2/2, base field no. 1/7, 95/726
[ Info: 64_207: layer 2/2, base field no. 1/7, 96/726
[ Info: 64_207: layer 2/2, base field no. 1/7, 97/726
[ Info: 64_207: layer 2/2, base field no. 1/7, 98/726
[ Info: 64_207: layer 2/2, base field no. 1/7, 99/726
[ Info: 64_207: layer 2/2, base field no. 1/7, 100/726
[ Info: 64_207: layer 2/2, base field no. 1/7, 101/726
[ Info: 64_207: layer 2/2, base field no. 1/7, 102/726
[ Info: 64_207: layer 2/2, base field no. 1/7, 103/726
[ Info: 64_207: layer 2/2, base field no. 1/7, 104/726
[ Info: 64_207: layer 2/2, base field no. 1/7, 105/726
[ Info: 64_207: layer 2/2, base field no. 1/7, 106/726
[ Info: 64_207: layer 2/2, base field no. 1/7, 107/726
[ Info: 64_207: layer 2/2, base field no. 1/7, 108/726
[ Info: 64_207: layer 2/2, base field no. 1/7, 109/726
[ Info: 64_207: layer 2/2, base field no. 1/7, 110/726
[ Info: 64_207: layer 2/2, base field no. 1/7, 111/726
[ Info: 64_207: layer 2/2, base field no. 1/7, 112/726
[ Info: 64_207: layer 2/2, base field no. 1/7, 113/726
[ Info: 64_207: layer 2/2, base field no. 1/7, 114/726
[ Info: 64_207: layer 2/2, base field no. 1/7, 115/726
[ Info: 64_207: layer 2/2, base field no. 1/7, 116/726
[ Info: 64_207: layer 2/2, base field no. 1/7, 117/726
[ Info: 64_207: layer 2/2, base field no. 1/7, 118/726
[ Info: 64_207: layer 2/2, base field no. 1/7, 119/726
[ Info: 64_207: layer 2/2, base field no. 1/7, 120/726
[ Info: 64_207: layer 2/2, base field no. 1/7, 121/726
[ Info: 64_207: layer 2/2, base field no. 1/7, 122/726
[ Info: 64_207: layer 2/2, base field no. 1/7, 123/726
[ Info: 64_207: layer 2/2, base field no. 1/7, 124/726
[ Info: 64_207: layer 2/2, base field no. 1/7, 125/726
[ Info: 64_207: layer 2/2, base field no. 1/7, 126/726
[ Info: 64_207: layer 2/2, base field no. 1/7, 127/726
[ Info: 64_207: layer 2/2, base field no. 1/7, 128/726
[ Info: 64_207: layer 2/2, base field no. 1/7, 129/726
[ Info: 64_207: layer 2/2, base field no. 1/7, 130/726
[ Info: 64_207: layer 2/2, base field no. 1/7, 131/726
[ Info: 64_207: layer 2/2, base field no. 1/7, 132/726
[ Info: 64_207: layer 2/2, base field no. 1/7, 133/726
[ Info: 64_207: layer 2/2, base field no. 1/7, 134/726
[ Info: 64_207: layer 2/2, base field no. 1/7, 135/726
[ Info: 64_207: layer 2/2, base field no. 1/7, 136/726
[ Info: 64_207: layer 2/2, base field no. 1/7, 137/726
[ Info: 64_207: layer 2/2, base field no. 1/7, 138/726
[ Info: 64_207: layer 2/2, base field no. 1/7, 139/726
[ Info: 64_207: layer 2/2, base field no. 1/7, 140/726
[ Info: 64_207: layer 2/2, base field no. 1/7, 141/726
[ Info: 64_207: layer 2/2, base field no. 1/7, 142/726
[ Info: 64_207: layer 2/2, base field no. 1/7, 143/726
[ Info: 64_207: layer 2/2, base field no. 1/7, 144/726
[ Info: 64_207: layer 2/2, base field no. 1/7, 145/726
[ Info: 64_207: layer 2/2, base field no. 1/7, 146/726
[ Info: 64_207: layer 2/2, base field no. 1/7, 147/726
[ Info: 64_207: layer 2/2, base field no. 1/7, 148/726
[ Info: 64_207: layer 2/2, base field no. 1/7, 149/726
[ Info: 64_207: layer 2/2, base field no. 1/7, 150/726
[ Info: 64_207: layer 2/2, base field no. 1/7, 151/726
[ Info: 64_207: layer 2/2, base field no. 1/7, 152/726
[ Info: 64_207: layer 2/2, base field no. 1/7, 153/726
[ Info: 64_207: layer 2/2, base field no. 1/7, 154/726
[ Info: 64_207: layer 2/2, base field no. 1/7, 155/726
[ Info: 64_207: layer 2/2, base field no. 1/7, 156/726
[ Info: 64_207: layer 2/2, base field no. 1/7, 157/726
[ Info: 64_207: layer 2/2, base field no. 1/7, 158/726
[ Info: 64_207: layer 2/2, base field no. 1/7, 159/726
[ Info: 64_207: layer 2/2, base field no. 1/7, 160/726
[ Info: 64_207: layer 2/2, base field no. 1/7, 161/726
[ Info: 64_207: layer 2/2, base field no. 1/7, 162/726
[ Info: 64_207: layer 2/2, base field no. 1/7, 163/726
[ Info: 64_207: layer 2/2, base field no. 1/7, 164/726
[ Info: 64_207: layer 2/2, base field no. 1/7, 165/726
[ Info: 64_207: layer 2/2, base field no. 1/7, 166/726
[ Info: 64_207: layer 2/2, base field no. 1/7, 167/726
[ Info: 64_207: layer 2/2, base field no. 1/7, 168/726
[ Info: 64_207: layer 2/2, base field no. 1/7, 169/726
[ Info: 64_207: layer 2/2, base field no. 1/7, 170/726
[ Info: 64_207: layer 2/2, base field no. 1/7, 171/726
[ Info: 64_207: layer 2/2, base field no. 1/7, 172/726
[ Info: 64_207: layer 2/2, base field no. 1/7, 173/726
[ Info: 64_207: layer 2/2, base field no. 1/7, 174/726
[ Info: 64_207: layer 2/2, base field no. 1/7, 175/726
[ Info: 64_207: layer 2/2, base field no. 1/7, 176/726
[ Info: 64_207: layer 2/2, base field no. 1/7, 177/726
[ Info: 64_207: layer 2/2, base field no. 1/7, 178/726
[ Info: 64_207: layer 2/2, base field no. 1/7, 179/726
[ Info: 64_207: layer 2/2, base field no. 1/7, 180/726
[ Info: 64_207: layer 2/2, base field no. 1/7, 181/726
[ Info: 64_207: layer 2/2, base field no. 1/7, 182/726
[ Info: 64_207: layer 2/2, base field no. 1/7, 183/726
[ Info: 64_207: layer 2/2, base field no. 1/7, 184/726
[ Info: 64_207: layer 2/2, base field no. 1/7, 185/726
[ Info: 64_207: layer 2/2, base field no. 1/7, 186/726
[ Info: 64_207: layer 2/2, base field no. 1/7, 187/726
[ Info: 64_207: layer 2/2, base field no. 1/7, 188/726
[ Info: 64_207: layer 2/2, base field no. 1/7, 189/726
[ Info: 64_207: layer 2/2, base field no. 1/7, 190/726
[ Info: 64_207: layer 2/2, base field no. 1/7, 191/726
[ Info: 64_207: layer 2/2, base field no. 1/7, 192/726
[ Info: 64_207: layer 2/2, base field no. 1/7, 193/726
[ Info: 64_207: layer 2/2, base field no. 1/7, 194/726
[ Info: 64_207: layer 2/2, base field no. 1/7, 195/726
[ Info: 64_207: layer 2/2, base field no. 1/7, 196/726
[ Info: 64_207: layer 2/2, base field no. 1/7, 197/726
[ Info: 64_207: layer 2/2, base field no. 1/7, 198/726
[ Info: 64_207: layer 2/2, base field no. 1/7, 199/726
[ Info: 64_207: layer 2/2, base field no. 1/7, 200/726
[ Info: 64_207: layer 2/2, base field no. 1/7, 201/726
[ Info: 64_207: layer 2/2, base field no. 1/7, 202/726
[ Info: 64_207: layer 2/2, base field no. 1/7, 203/726
[ Info: 64_207: layer 2/2, base field no. 1/7, 204/726
[ Info: 64_207: layer 2/2, base field no. 1/7, 205/726
[ Info: 64_207: layer 2/2, base field no. 1/7, 206/726
[ Info: 64_207: layer 2/2, base field no. 1/7, 207/726
[ Info: 64_207: layer 2/2, base field no. 1/7, 208/726
[ Info: 64_207: layer 2/2, base field no. 1/7, 209/726
[ Info: 64_207: layer 2/2, base field no. 1/7, 210/726
[ Info: 64_207: layer 2/2, base field no. 1/7, 211/726
[ Info: 64_207: layer 2/2, base field no. 1/7, 212/726
[ Info: 64_207: layer 2/2, base field no. 1/7, 213/726
[ Info: 64_207: layer 2/2, base field no. 1/7, 214/726
[ Info: 64_207: layer 2/2, base field no. 1/7, 215/726
[ Info: 64_207: layer 2/2, base field no. 1/7, 216/726
[ Info: 64_207: layer 2/2, base field no. 1/7, 217/726
[ Info: 64_207: layer 2/2, base field no. 1/7, 218/726
[ Info: 64_207: layer 2/2, base field no. 1/7, 219/726
[ Info: 64_207: layer 2/2, base field no. 1/7, 220/726
[ Info: 64_207: layer 2/2, base field no. 1/7, 221/726
[ Info: 64_207: layer 2/2, base field no. 1/7, 222/726
[ Info: 64_207: layer 2/2, base field no. 1/7, 223/726
[ Info: 64_207: layer 2/2, base field no. 1/7, 224/726
[ Info: 64_207: layer 2/2, base field no. 1/7, 225/726
[ Info: 64_207: layer 2/2, base field no. 1/7, 226/726
[ Info: 64_207: layer 2/2, base field no. 1/7, 227/726
[ Info: 64_207: layer 2/2, base field no. 1/7, 228/726
[ Info: 64_207: layer 2/2, base field no. 1/7, 229/726
[ Info: 64_207: layer 2/2, base field no. 1/7, 230/726
[ Info: 64_207: layer 2/2, base field no. 1/7, 231/726
[ Info: 64_207: layer 2/2, base field no. 1/7, 232/726
[ Info: 64_207: layer 2/2, base field no. 1/7, 233/726
[ Info: 64_207: layer 2/2, base field no. 1/7, 234/726
[ Info: 64_207: layer 2/2, base field no. 1/7, 235/726
[ Info: 64_207: layer 2/2, base field no. 1/7, 236/726
[ Info: 64_207: layer 2/2, base field no. 1/7, 237/726
[ Info: 64_207: layer 2/2, base field no. 1/7, 238/726
[ Info: 64_207: layer 2/2, base field no. 1/7, 239/726
[ Info: 64_207: layer 2/2, base field no. 1/7, 240/726
[ Info: 64_207: layer 2/2, base field no. 1/7, 241/726
[ Info: 64_207: layer 2/2, base field no. 1/7, 242/726
[ Info: 64_207: layer 2/2, base field no. 1/7, 243/726
[ Info: 64_207: layer 2/2, base field no. 1/7, 244/726
[ Info: 64_207: layer 2/2, base field no. 1/7, 245/726
[ Info: 64_207: layer 2/2, base field no. 1/7, 246/726
[ Info: 64_207: layer 2/2, base field no. 1/7, 247/726
[ Info: 64_207: layer 2/2, base field no. 1/7, 248/726
[ Info: 64_207: layer 2/2, base field no. 1/7, 249/726
[ Info: 64_207: layer 2/2, base field no. 1/7, 250/726
[ Info: 64_207: layer 2/2, base field no. 1/7, 251/726
[ Info: 64_207: layer 2/2, base field no. 1/7, 252/726
[ Info: 64_207: layer 2/2, base field no. 1/7, 253/726
[ Info: 64_207: layer 2/2, base field no. 1/7, 254/726
[ Info: 64_207: layer 2/2, base field no. 1/7, 255/726
[ Info: 64_207: layer 2/2, base field no. 1/7, 256/726
[ Info: 64_207: layer 2/2, base field no. 1/7, 257/726
[ Info: 64_207: layer 2/2, base field no. 1/7, 258/726
[ Info: 64_207: layer 2/2, base field no. 1/7, 259/726
[ Info: 64_207: layer 2/2, base field no. 1/7, 260/726
[ Info: 64_207: layer 2/2, base field no. 1/7, 261/726
[ Info: 64_207: layer 2/2, base field no. 1/7, 262/726
[ Info: 64_207: layer 2/2, base field no. 1/7, 263/726
[ Info: 64_207: layer 2/2, base field no. 1/7, 264/726
[ Info: 64_207: layer 2/2, base field no. 1/7, 265/726
[ Info: 64_207: layer 2/2, base field no. 1/7, 266/726
[ Info: 64_207: layer 2/2, base field no. 1/7, 267/726
[ Info: 64_207: layer 2/2, base field no. 1/7, 268/726
[ Info: 64_207: layer 2/2, base field no. 1/7, 269/726
[ Info: 64_207: layer 2/2, base field no. 1/7, 270/726
[ Info: 64_207: layer 2/2, base field no. 1/7, 271/726
[ Info: 64_207: layer 2/2, base field no. 1/7, 272/726
[ Info: 64_207: layer 2/2, base field no. 1/7, 273/726
[ Info: 64_207: layer 2/2, base field no. 1/7, 274/726
[ Info: 64_207: layer 2/2, base field no. 1/7, 275/726
[ Info: 64_207: layer 2/2, base field no. 1/7, 276/726
[ Info: 64_207: layer 2/2, base field no. 1/7, 277/726
[ Info: 64_207: layer 2/2, base field no. 1/7, 278/726
[ Info: 64_207: layer 2/2, base field no. 1/7, 279/726
[ Info: 64_207: layer 2/2, base field no. 1/7, 280/726
[ Info: 64_207: layer 2/2, base field no. 1/7, 281/726
[ Info: 64_207: layer 2/2, base field no. 1/7, 282/726
[ Info: 64_207: layer 2/2, base field no. 1/7, 283/726
[ Info: 64_207: layer 2/2, base field no. 1/7, 284/726
[ Info: 64_207: layer 2/2, base field no. 1/7, 285/726
[ Info: 64_207: layer 2/2, base field no. 1/7, 286/726
[ Info: 64_207: layer 2/2, base field no. 1/7, 287/726
[ Info: 64_207: layer 2/2, base field no. 1/7, 288/726
[ Info: 64_207: layer 2/2, base field no. 1/7, 289/726
[ Info: 64_207: layer 2/2, base field no. 1/7, 290/726
[ Info: 64_207: layer 2/2, base field no. 1/7, 291/726
[ Info: 64_207: layer 2/2, base field no. 1/7, 292/726
[ Info: 64_207: layer 2/2, base field no. 1/7, 293/726
[ Info: 64_207: layer 2/2, base field no. 1/7, 294/726
[ Info: 64_207: layer 2/2, base field no. 1/7, 295/726
[ Info: 64_207: layer 2/2, base field no. 1/7, 296/726
[ Info: 64_207: layer 2/2, base field no. 1/7, 297/726
[ Info: 64_207: layer 2/2, base field no. 1/7, 298/726
[ Info: 64_207: layer 2/2, base field no. 1/7, 299/726
[ Info: 64_207: layer 2/2, base field no. 1/7, 300/726
[ Info: 64_207: layer 2/2, base field no. 1/7, 301/726
[ Info: 64_207: layer 2/2, base field no. 1/7, 302/726
[ Info: 64_207: layer 2/2, base field no. 1/7, 303/726
[ Info: 64_207: layer 2/2, base field no. 1/7, 304/726
[ Info: 64_207: layer 2/2, base field no. 1/7, 305/726
[ Info: 64_207: layer 2/2, base field no. 1/7, 306/726
[ Info: 64_207: layer 2/2, base field no. 1/7, 307/726
[ Info: 64_207: layer 2/2, base field no. 1/7, 308/726
[ Info: 64_207: layer 2/2, base field no. 1/7, 309/726
[ Info: 64_207: layer 2/2, base field no. 1/7, 310/726
[ Info: 64_207: layer 2/2, base field no. 1/7, 311/726
[ Info: 64_207: layer 2/2, base field no. 1/7, 312/726
[ Info: 64_207: layer 2/2, base field no. 1/7, 313/726
[ Info: 64_207: layer 2/2, base field no. 1/7, 314/726
[ Info: 64_207: layer 2/2, base field no. 1/7, 315/726
[ Info: 64_207: layer 2/2, base field no. 1/7, 316/726
[ Info: 64_207: layer 2/2, base field no. 1/7, 317/726
[ Info: 64_207: layer 2/2, base field no. 1/7, 318/726
[ Info: 64_207: layer 2/2, base field no. 1/7, 319/726
[ Info: 64_207: layer 2/2, base field no. 1/7, 320/726
[ Info: 64_207: layer 2/2, base field no. 1/7, 321/726
[ Info: 64_207: layer 2/2, base field no. 1/7, 322/726
[ Info: 64_207: layer 2/2, base field no. 1/7, 323/726
[ Info: 64_207: layer 2/2, base field no. 1/7, 324/726
[ Info: 64_207: layer 2/2, base field no. 1/7, 325/726
[ Info: 64_207: layer 2/2, base field no. 1/7, 326/726
[ Info: 64_207: layer 2/2, base field no. 1/7, 327/726
[ Info: 64_207: layer 2/2, base field no. 1/7, 328/726
[ Info: 64_207: layer 2/2, base field no. 1/7, 329/726
[ Info: 64_207: layer 2/2, base field no. 1/7, 330/726
[ Info: 64_207: layer 2/2, base field no. 1/7, 331/726
[ Info: 64_207: layer 2/2, base field no. 1/7, 332/726
[ Info: 64_207: layer 2/2, base field no. 1/7, 333/726
[ Info: 64_207: layer 2/2, base field no. 1/7, 334/726
[ Info: 64_207: layer 2/2, base field no. 1/7, 335/726
[ Info: 64_207: layer 2/2, base field no. 1/7, 336/726
[ Info: 64_207: layer 2/2, base field no. 1/7, 337/726
[ Info: 64_207: layer 2/2, base field no. 1/7, 338/726
[ Info: 64_207: layer 2/2, base field no. 1/7, 339/726
[ Info: 64_207: layer 2/2, base field no. 1/7, 340/726
[ Info: 64_207: layer 2/2, base field no. 1/7, 341/726
[ Info: 64_207: layer 2/2, base field no. 1/7, 342/726
[ Info: 64_207: layer 2/2, base field no. 1/7, 343/726
[ Info: 64_207: layer 2/2, base field no. 1/7, 344/726
[ Info: 64_207: layer 2/2, base field no. 1/7, 345/726
[ Info: 64_207: layer 2/2, base field no. 1/7, 346/726
[ Info: 64_207: layer 2/2, base field no. 1/7, 347/726
[ Info: 64_207: layer 2/2, base field no. 1/7, 348/726
[ Info: 64_207: layer 2/2, base field no. 1/7, 349/726
[ Info: 64_207: layer 2/2, base field no. 1/7, 350/726
[ Info: 64_207: layer 2/2, base field no. 1/7, 351/726
[ Info: 64_207: layer 2/2, base field no. 1/7, 352/726
[ Info: 64_207: layer 2/2, base field no. 1/7, 353/726
[ Info: 64_207: layer 2/2, base field no. 1/7, 354/726
[ Info: 64_207: layer 2/2, base field no. 1/7, 355/726
[ Info: 64_207: layer 2/2, base field no. 1/7, 356/726
[ Info: 64_207: layer 2/2, base field no. 1/7, 357/726
[ Info: 64_207: layer 2/2, base field no. 1/7, 358/726
[ Info: 64_207: layer 2/2, base field no. 1/7, 359/726
[ Info: 64_207: layer 2/2, base field no. 1/7, 360/726
[ Info: 64_207: layer 2/2, base field no. 1/7, 361/726
[ Info: 64_207: layer 2/2, base field no. 1/7, 362/726
[ Info: 64_207: layer 2/2, base field no. 1/7, 363/726
[ Info: 64_207: layer 2/2, base field no. 1/7, 364/726
[ Info: 64_207: layer 2/2, base field no. 1/7, 365/726
[ Info: 64_207: layer 2/2, base field no. 1/7, 366/726
[ Info: 64_207: layer 2/2, base field no. 1/7, 367/726
[ Info: 64_207: layer 2/2, base field no. 1/7, 368/726
[ Info: 64_207: layer 2/2, base field no. 1/7, 369/726
[ Info: 64_207: layer 2/2, base field no. 1/7, 370/726
[ Info: 64_207: layer 2/2, base field no. 1/7, 371/726
[ Info: 64_207: layer 2/2, base field no. 1/7, 372/726
[ Info: 64_207: layer 2/2, base field no. 1/7, 373/726
[ Info: 64_207: layer 2/2, base field no. 1/7, 374/726
[ Info: 64_207: layer 2/2, base field no. 1/7, 375/726
[ Info: 64_207: layer 2/2, base field no. 1/7, 376/726
[ Info: 64_207: layer 2/2, base field no. 1/7, 377/726
[ Info: 64_207: layer 2/2, base field no. 1/7, 378/726
[ Info: 64_207: layer 2/2, base field no. 1/7, 379/726
[ Info: 64_207: layer 2/2, base field no. 1/7, 380/726
[ Info: 64_207: layer 2/2, base field no. 1/7, 381/726
[ Info: 64_207: layer 2/2, base field no. 1/7, 382/726
[ Info: 64_207: layer 2/2, base field no. 1/7, 383/726
[ Info: 64_207: layer 2/2, base field no. 1/7, 384/726
[ Info: 64_207: layer 2/2, base field no. 1/7, 385/726
[ Info: 64_207: layer 2/2, base field no. 1/7, 386/726
[ Info: 64_207: layer 2/2, base field no. 1/7, 387/726
[ Info: 64_207: layer 2/2, base field no. 1/7, 388/726
[ Info: 64_207: layer 2/2, base field no. 1/7, 389/726
[ Info: 64_207: layer 2/2, base field no. 1/7, 390/726
[ Info: 64_207: layer 2/2, base field no. 1/7, 391/726
[ Info: 64_207: layer 2/2, base field no. 1/7, 392/726
[ Info: 64_207: layer 2/2, base field no. 1/7, 393/726
[ Info: 64_207: layer 2/2, base field no. 1/7, 394/726
[ Info: 64_207: layer 2/2, base field no. 1/7, 395/726
[ Info: 64_207: layer 2/2, base field no. 1/7, 396/726
[ Info: 64_207: layer 2/2, base field no. 1/7, 397/726
[ Info: 64_207: layer 2/2, base field no. 1/7, 398/726
[ Info: 64_207: layer 2/2, base field no. 1/7, 399/726
[ Info: 64_207: layer 2/2, base field no. 1/7, 400/726
[ Info: 64_207: layer 2/2, base field no. 1/7, 401/726
[ Info: 64_207: layer 2/2, base field no. 1/7, 402/726
[ Info: 64_207: layer 2/2, base field no. 1/7, 403/726
[ Info: 64_207: layer 2/2, base field no. 1/7, 404/726
[ Info: 64_207: layer 2/2, base field no. 1/7, 405/726
[ Info: 64_207: layer 2/2, base field no. 1/7, 406/726
[ Info: 64_207: layer 2/2, base field no. 1/7, 407/726
[ Info: 64_207: layer 2/2, base field no. 1/7, 408/726
[ Info: 64_207: layer 2/2, base field no. 1/7, 409/726
[ Info: 64_207: layer 2/2, base field no. 1/7, 410/726
[ Info: 64_207: layer 2/2, base field no. 1/7, 411/726
[ Info: 64_207: layer 2/2, base field no. 1/7, 412/726
[ Info: 64_207: layer 2/2, base field no. 1/7, 413/726
[ Info: 64_207: layer 2/2, base field no. 1/7, 414/726
[ Info: 64_207: layer 2/2, base field no. 1/7, 415/726
[ Info: 64_207: layer 2/2, base field no. 1/7, 416/726
[ Info: 64_207: layer 2/2, base field no. 1/7, 417/726
[ Info: 64_207: layer 2/2, base field no. 1/7, 418/726
[ Info: 64_207: layer 2/2, base field no. 1/7, 419/726
[ Info: 64_207: layer 2/2, base field no. 1/7, 420/726
[ Info: 64_207: layer 2/2, base field no. 1/7, 421/726
[ Info: 64_207: layer 2/2, base field no. 1/7, 422/726
[ Info: 64_207: layer 2/2, base field no. 1/7, 423/726
[ Info: 64_207: layer 2/2, base field no. 1/7, 424/726
[ Info: 64_207: layer 2/2, base field no. 1/7, 425/726
[ Info: 64_207: layer 2/2, base field no. 1/7, 426/726
[ Info: 64_207: layer 2/2, base field no. 1/7, 427/726
[ Info: 64_207: layer 2/2, base field no. 1/7, 428/726
[ Info: 64_207: layer 2/2, base field no. 1/7, 429/726
[ Info: 64_207: layer 2/2, base field no. 1/7, 430/726
[ Info: 64_207: layer 2/2, base field no. 1/7, 431/726
[ Info: 64_207: layer 2/2, base field no. 1/7, 432/726
[ Info: 64_207: layer 2/2, base field no. 1/7, 433/726
[ Info: 64_207: layer 2/2, base field no. 1/7, 434/726
[ Info: 64_207: layer 2/2, base field no. 1/7, 435/726
[ Info: 64_207: layer 2/2, base field no. 1/7, 436/726
[ Info: 64_207: layer 2/2, base field no. 1/7, 437/726
[ Info: 64_207: layer 2/2, base field no. 1/7, 438/726
[ Info: 64_207: layer 2/2, base field no. 1/7, 439/726
[ Info: 64_207: layer 2/2, base field no. 1/7, 440/726
[ Info: 64_207: layer 2/2, base field no. 1/7, 441/726
[ Info: 64_207: layer 2/2, base field no. 1/7, 442/726
[ Info: 64_207: layer 2/2, base field no. 1/7, 443/726
[ Info: 64_207: layer 2/2, base field no. 1/7, 444/726
[ Info: 64_207: layer 2/2, base field no. 1/7, 445/726
[ Info: 64_207: layer 2/2, base field no. 1/7, 446/726
[ Info: 64_207: layer 2/2, base field no. 1/7, 447/726
[ Info: 64_207: layer 2/2, base field no. 1/7, 448/726
[ Info: 64_207: layer 2/2, base field no. 1/7, 449/726
[ Info: 64_207: layer 2/2, base field no. 1/7, 450/726
[ Info: 64_207: layer 2/2, base field no. 1/7, 451/726
[ Info: 64_207: layer 2/2, base field no. 1/7, 452/726
[ Info: 64_207: layer 2/2, base field no. 1/7, 453/726
[ Info: 64_207: layer 2/2, base field no. 1/7, 454/726
[ Info: 64_207: layer 2/2, base field no. 1/7, 455/726
[ Info: 64_207: layer 2/2, base field no. 1/7, 456/726
[ Info: 64_207: layer 2/2, base field no. 1/7, 457/726
[ Info: 64_207: layer 2/2, base field no. 1/7, 458/726
[ Info: 64_207: layer 2/2, base field no. 1/7, 459/726
[ Info: 64_207: layer 2/2, base field no. 1/7, 460/726
[ Info: 64_207: layer 2/2, base field no. 1/7, 461/726
[ Info: 64_207: layer 2/2, base field no. 1/7, 462/726
[ Info: 64_207: layer 2/2, base field no. 1/7, 463/726
[ Info: 64_207: layer 2/2, base field no. 1/7, 464/726
[ Info: 64_207: layer 2/2, base field no. 1/7, 465/726
[ Info: 64_207: layer 2/2, base field no. 1/7, 466/726
[ Info: 64_207: layer 2/2, base field no. 1/7, 467/726
[ Info: 64_207: layer 2/2, base field no. 1/7, 468/726
[ Info: 64_207: layer 2/2, base field no. 1/7, 469/726
[ Info: 64_207: layer 2/2, base field no. 1/7, 470/726
[ Info: 64_207: layer 2/2, base field no. 1/7, 471/726
[ Info: 64_207: layer 2/2, base field no. 1/7, 472/726
[ Info: 64_207: layer 2/2, base field no. 1/7, 473/726
[ Info: 64_207: layer 2/2, base field no. 1/7, 474/726
[ Info: 64_207: layer 2/2, base field no. 1/7, 475/726
[ Info: 64_207: layer 2/2, base field no. 1/7, 476/726
[ Info: 64_207: layer 2/2, base field no. 1/7, 477/726
[ Info: 64_207: layer 2/2, base field no. 1/7, 478/726
[ Info: 64_207: layer 2/2, base field no. 1/7, 479/726
[ Info: 64_207: layer 2/2, base field no. 1/7, 480/726
[ Info: 64_207: layer 2/2, base field no. 1/7, 481/726
[ Info: 64_207: layer 2/2, base field no. 1/7, 482/726
[ Info: 64_207: layer 2/2, base field no. 1/7, 483/726
[ Info: 64_207: layer 2/2, base field no. 1/7, 484/726
[ Info: 64_207: layer 2/2, base field no. 1/7, 485/726
[ Info: 64_207: layer 2/2, base field no. 1/7, 486/726
[ Info: 64_207: layer 2/2, base field no. 1/7, 487/726
[ Info: 64_207: layer 2/2, base field no. 1/7, 488/726
[ Info: 64_207: layer 2/2, base field no. 1/7, 489/726
[ Info: 64_207: layer 2/2, base field no. 1/7, 490/726
[ Info: 64_207: layer 2/2, base field no. 1/7, 491/726
[ Info: 64_207: layer 2/2, base field no. 1/7, 492/726
[ Info: 64_207: layer 2/2, base field no. 1/7, 493/726
[ Info: 64_207: layer 2/2, base field no. 1/7, 494/726
[ Info: 64_207: layer 2/2, base field no. 1/7, 495/726
[ Info: 64_207: layer 2/2, base field no. 1/7, 496/726
[ Info: 64_207: layer 2/2, base field no. 1/7, 497/726
[ Info: 64_207: layer 2/2, base field no. 1/7, 498/726
[ Info: 64_207: layer 2/2, base field no. 1/7, 499/726
[ Info: 64_207: layer 2/2, base field no. 1/7, 500/726
[ Info: 64_207: layer 2/2, base field no. 1/7, 501/726
[ Info: 64_207: layer 2/2, base field no. 1/7, 502/726
[ Info: 64_207: layer 2/2, base field no. 1/7, 503/726
[ Info: 64_207: layer 2/2, base field no. 1/7, 504/726
[ Info: 64_207: layer 2/2, base field no. 1/7, 505/726
[ Info: 64_207: layer 2/2, base field no. 1/7, 506/726
[ Info: 64_207: layer 2/2, base field no. 1/7, 507/726
[ Info: 64_207: layer 2/2, base field no. 1/7, 508/726
[ Info: 64_207: layer 2/2, base field no. 1/7, 509/726
[ Info: 64_207: layer 2/2, base field no. 1/7, 510/726
[ Info: 64_207: layer 2/2, base field no. 1/7, 511/726
[ Info: 64_207: layer 2/2, base field no. 1/7, 512/726
[ Info: 64_207: layer 2/2, base field no. 1/7, 513/726
[ Info: 64_207: layer 2/2, base field no. 1/7, 514/726
[ Info: 64_207: layer 2/2, base field no. 1/7, 515/726
[ Info: 64_207: layer 2/2, base field no. 1/7, 516/726
[ Info: 64_207: layer 2/2, base field no. 1/7, 517/726
[ Info: 64_207: layer 2/2, base field no. 1/7, 518/726
[ Info: 64_207: layer 2/2, base field no. 1/7, 519/726
[ Info: 64_207: layer 2/2, base field no. 1/7, 520/726
[ Info: 64_207: layer 2/2, base field no. 1/7, 521/726
[ Info: 64_207: layer 2/2, base field no. 1/7, 522/726
[ Info: 64_207: layer 2/2, base field no. 1/7, 523/726
[ Info: 64_207: layer 2/2, base field no. 1/7, 524/726
[ Info: 64_207: layer 2/2, base field no. 1/7, 525/726
[ Info: 64_207: layer 2/2, base field no. 1/7, 526/726
[ Info: 64_207: layer 2/2, base field no. 1/7, 527/726
[ Info: 64_207: layer 2/2, base field no. 1/7, 528/726
[ Info: 64_207: layer 2/2, base field no. 1/7, 529/726
[ Info: 64_207: layer 2/2, base field no. 1/7, 530/726
[ Info: 64_207: layer 2/2, base field no. 1/7, 531/726
[ Info: 64_207: layer 2/2, base field no. 1/7, 532/726
[ Info: 64_207: layer 2/2, base field no. 1/7, 533/726
[ Info: 64_207: layer 2/2, base field no. 1/7, 534/726
[ Info: 64_207: layer 2/2, base field no. 1/7, 535/726
[ Info: 64_207: layer 2/2, base field no. 1/7, 536/726
[ Info: 64_207: layer 2/2, base field no. 1/7, 537/726
[ Info: 64_207: layer 2/2, base field no. 1/7, 538/726
[ Info: 64_207: layer 2/2, base field no. 1/7, 539/726
[ Info: 64_207: layer 2/2, base field no. 1/7, 540/726
[ Info: 64_207: layer 2/2, base field no. 1/7, 541/726
[ Info: 64_207: layer 2/2, base field no. 1/7, 542/726
[ Info: 64_207: layer 2/2, base field no. 1/7, 543/726
[ Info: 64_207: layer 2/2, base field no. 1/7, 544/726
[ Info: 64_207: layer 2/2, base field no. 1/7, 545/726
[ Info: 64_207: layer 2/2, base field no. 1/7, 546/726
[ Info: 64_207: layer 2/2, base field no. 1/7, 547/726
[ Info: 64_207: layer 2/2, base field no. 1/7, 548/726
[ Info: 64_207: layer 2/2, base field no. 1/7, 549/726
[ Info: 64_207: layer 2/2, base field no. 1/7, 550/726
[ Info: 64_207: layer 2/2, base field no. 1/7, 551/726
[ Info: 64_207: layer 2/2, base field no. 1/7, 552/726
[ Info: 64_207: layer 2/2, base field no. 1/7, 553/726
[ Info: 64_207: layer 2/2, base field no. 1/7, 554/726
[ Info: 64_207: layer 2/2, base field no. 1/7, 555/726
[ Info: 64_207: layer 2/2, base field no. 1/7, 556/726
[ Info: 64_207: layer 2/2, base field no. 1/7, 557/726
[ Info: 64_207: layer 2/2, base field no. 1/7, 558/726
[ Info: 64_207: layer 2/2, base field no. 1/7, 559/726
[ Info: 64_207: layer 2/2, base field no. 1/7, 560/726
[ Info: 64_207: layer 2/2, base field no. 1/7, 561/726
[ Info: 64_207: layer 2/2, base field no. 1/7, 562/726
[ Info: 64_207: layer 2/2, base field no. 1/7, 563/726
[ Info: 64_207: layer 2/2, base field no. 1/7, 564/726
[ Info: 64_207: layer 2/2, base field no. 1/7, 565/726
[ Info: 64_207: layer 2/2, base field no. 1/7, 566/726
[ Info: 64_207: layer 2/2, base field no. 1/7, 567/726
[ Info: 64_207: layer 2/2, base field no. 1/7, 568/726
[ Info: 64_207: layer 2/2, base field no. 1/7, 569/726
[ Info: 64_207: layer 2/2, base field no. 1/7, 570/726
[ Info: 64_207: layer 2/2, base field no. 1/7, 571/726
[ Info: 64_207: layer 2/2, base field no. 1/7, 572/726
[ Info: 64_207: layer 2/2, base field no. 1/7, 573/726
[ Info: 64_207: layer 2/2, base field no. 1/7, 574/726
[ Info: 64_207: layer 2/2, base field no. 1/7, 575/726
[ Info: 64_207: layer 2/2, base field no. 1/7, 576/726
[ Info: 64_207: layer 2/2, base field no. 1/7, 577/726
[ Info: 64_207: layer 2/2, base field no. 1/7, 578/726
[ Info: 64_207: layer 2/2, base field no. 1/7, 579/726
[ Info: 64_207: layer 2/2, base field no. 1/7, 580/726
[ Info: 64_207: layer 2/2, base field no. 1/7, 581/726
[ Info: 64_207: layer 2/2, base field no. 1/7, 582/726
[ Info: 64_207: layer 2/2, base field no. 1/7, 583/726
[ Info: 64_207: layer 2/2, base field no. 1/7, 584/726
[ Info: 64_207: layer 2/2, base field no. 1/7, 585/726
[ Info: 64_207: layer 2/2, base field no. 1/7, 586/726
[ Info: 64_207: layer 2/2, base field no. 1/7, 587/726
[ Info: 64_207: layer 2/2, base field no. 1/7, 588/726
[ Info: 64_207: layer 2/2, base field no. 1/7, 589/726
[ Info: 64_207: layer 2/2, base field no. 1/7, 590/726
[ Info: 64_207: layer 2/2, base field no. 1/7, 591/726
[ Info: 64_207: layer 2/2, base field no. 1/7, 592/726
[ Info: 64_207: layer 2/2, base field no. 1/7, 593/726
[ Info: 64_207: layer 2/2, base field no. 1/7, 594/726
[ Info: 64_207: layer 2/2, base field no. 1/7, 595/726
[ Info: 64_207: layer 2/2, base field no. 1/7, 596/726
[ Info: 64_207: layer 2/2, base field no. 1/7, 597/726
[ Info: 64_207: layer 2/2, base field no. 1/7, 598/726
[ Info: 64_207: layer 2/2, base field no. 1/7, 599/726
[ Info: 64_207: layer 2/2, base field no. 1/7, 600/726
[ Info: 64_207: layer 2/2, base field no. 1/7, 601/726
[ Info: 64_207: layer 2/2, base field no. 1/7, 602/726
[ Info: 64_207: layer 2/2, base field no. 1/7, 603/726
[ Info: 64_207: layer 2/2, base field no. 1/7, 604/726
[ Info: 64_207: layer 2/2, base field no. 1/7, 605/726
[ Info: 64_207: layer 2/2, base field no. 1/7, 606/726
[ Info: 64_207: layer 2/2, base field no. 1/7, 607/726
[ Info: 64_207: layer 2/2, base field no. 1/7, 608/726
[ Info: 64_207: layer 2/2, base field no. 1/7, 609/726
[ Info: 64_207: layer 2/2, base field no. 1/7, 610/726
[ Info: 64_207: layer 2/2, base field no. 1/7, 611/726
[ Info: 64_207: layer 2/2, base field no. 1/7, 612/726
[ Info: 64_207: layer 2/2, base field no. 1/7, 613/726
[ Info: 64_207: layer 2/2, base field no. 1/7, 614/726
[ Info: 64_207: layer 2/2, base field no. 1/7, 615/726
[ Info: 64_207: layer 2/2, base field no. 1/7, 616/726
[ Info: 64_207: layer 2/2, base field no. 1/7, 617/726
[ Info: 64_207: layer 2/2, base field no. 1/7, 618/726
[ Info: 64_207: layer 2/2, base field no. 1/7, 619/726
[ Info: 64_207: layer 2/2, base field no. 1/7, 620/726
[ Info: 64_207: layer 2/2, base field no. 1/7, 621/726
[ Info: 64_207: layer 2/2, base field no. 1/7, 622/726
[ Info: 64_207: layer 2/2, base field no. 1/7, 623/726
[ Info: 64_207: layer 2/2, base field no. 1/7, 624/726
[ Info: 64_207: layer 2/2, base field no. 1/7, 625/726
[ Info: 64_207: layer 2/2, base field no. 1/7, 626/726
[ Info: 64_207: layer 2/2, base field no. 1/7, 627/726
[ Info: 64_207: layer 2/2, base field no. 1/7, 628/726
[ Info: 64_207: layer 2/2, base field no. 1/7, 629/726
[ Info: 64_207: layer 2/2, base field no. 1/7, 630/726
[ Info: 64_207: layer 2/2, base field no. 1/7, 631/726
[ Info: 64_207: layer 2/2, base field no. 1/7, 632/726
[ Info: 64_207: layer 2/2, base field no. 1/7, 633/726
[ Info: 64_207: layer 2/2, base field no. 1/7, 634/726
[ Info: 64_207: layer 2/2, base field no. 1/7, 635/726
[ Info: 64_207: layer 2/2, base field no. 1/7, 636/726
[ Info: 64_207: layer 2/2, base field no. 1/7, 637/726
[ Info: 64_207: layer 2/2, base field no. 1/7, 638/726
[ Info: 64_207: layer 2/2, base field no. 1/7, 639/726
[ Info: 64_207: layer 2/2, base field no. 1/7, 640/726
[ Info: 64_207: layer 2/2, base field no. 1/7, 641/726
[ Info: 64_207: layer 2/2, base field no. 1/7, 642/726
[ Info: 64_207: layer 2/2, base field no. 1/7, 643/726
[ Info: 64_207: layer 2/2, base field no. 1/7, 644/726
[ Info: 64_207: layer 2/2, base field no. 1/7, 645/726
[ Info: 64_207: layer 2/2, base field no. 1/7, 646/726
[ Info: 64_207: layer 2/2, base field no. 1/7, 647/726
[ Info: 64_207: layer 2/2, base field no. 1/7, 648/726
[ Info: 64_207: layer 2/2, base field no. 1/7, 649/726
[ Info: 64_207: layer 2/2, base field no. 1/7, 650/726
[ Info: 64_207: layer 2/2, base field no. 1/7, 651/726
[ Info: 64_207: layer 2/2, base field no. 1/7, 652/726
[ Info: 64_207: layer 2/2, base field no. 1/7, 653/726
[ Info: 64_207: layer 2/2, base field no. 1/7, 654/726
[ Info: 64_207: layer 2/2, base field no. 1/7, 655/726
[ Info: 64_207: layer 2/2, base field no. 1/7, 656/726
[ Info: 64_207: layer 2/2, base field no. 1/7, 657/726
[ Info: 64_207: layer 2/2, base field no. 1/7, 658/726
[ Info: 64_207: layer 2/2, base field no. 1/7, 659/726
[ Info: 64_207: layer 2/2, base field no. 1/7, 660/726
[ Info: 64_207: layer 2/2, base field no. 1/7, 661/726
[ Info: 64_207: layer 2/2, base field no. 1/7, 662/726
[ Info: 64_207: layer 2/2, base field no. 1/7, 663/726
[ Info: 64_207: layer 2/2, base field no. 1/7, 664/726
[ Info: 64_207: layer 2/2, base field no. 1/7, 665/726
[ Info: 64_207: layer 2/2, base field no. 1/7, 666/726
[ Info: 64_207: layer 2/2, base field no. 1/7, 667/726
[ Info: 64_207: layer 2/2, base field no. 1/7, 668/726
[ Info: 64_207: layer 2/2, base field no. 1/7, 669/726
[ Info: 64_207: layer 2/2, base field no. 1/7, 670/726
[ Info: 64_207: layer 2/2, base field no. 1/7, 671/726
[ Info: 64_207: layer 2/2, base field no. 1/7, 672/726
[ Info: 64_207: layer 2/2, base field no. 1/7, 673/726
[ Info: 64_207: layer 2/2, base field no. 1/7, 674/726
[ Info: 64_207: layer 2/2, base field no. 1/7, 675/726
[ Info: 64_207: layer 2/2, base field no. 1/7, 676/726
[ Info: 64_207: layer 2/2, base field no. 1/7, 677/726
[ Info: 64_207: layer 2/2, base field no. 1/7, 678/726
[ Info: 64_207: layer 2/2, base field no. 1/7, 679/726
[ Info: 64_207: layer 2/2, base field no. 1/7, 680/726
[ Info: 64_207: layer 2/2, base field no. 1/7, 681/726
[ Info: 64_207: layer 2/2, base field no. 1/7, 682/726
[ Info: 64_207: layer 2/2, base field no. 1/7, 683/726
[ Info: 64_207: layer 2/2, base field no. 1/7, 684/726
[ Info: 64_207: layer 2/2, base field no. 1/7, 685/726
[ Info: 64_207: layer 2/2, base field no. 1/7, 686/726
[ Info: 64_207: layer 2/2, base field no. 1/7, 687/726
[ Info: 64_207: layer 2/2, base field no. 1/7, 688/726
[ Info: 64_207: layer 2/2, base field no. 1/7, 689/726
[ Info: 64_207: layer 2/2, base field no. 1/7, 690/726
[ Info: 64_207: layer 2/2, base field no. 1/7, 691/726
[ Info: 64_207: layer 2/2, base field no. 1/7, 692/726
[ Info: 64_207: layer 2/2, base field no. 1/7, 693/726
[ Info: 64_207: layer 2/2, base field no. 1/7, 694/726
[ Info: 64_207: layer 2/2, base field no. 1/7, 695/726
[ Info: 64_207: layer 2/2, base field no. 1/7, 696/726
[ Info: 64_207: layer 2/2, base field no. 1/7, 697/726
[ Info: 64_207: layer 2/2, base field no. 1/7, 698/726
[ Info: 64_207: layer 2/2, base field no. 1/7, 699/726
[ Info: 64_207: layer 2/2, base field no. 1/7, 700/726
[ Info: 64_207: layer 2/2, base field no. 1/7, 701/726
[ Info: 64_207: layer 2/2, base field no. 1/7, 702/726
[ Info: 64_207: layer 2/2, base field no. 1/7, 703/726
[ Info: 64_207: layer 2/2, base field no. 1/7, 704/726
[ Info: 64_207: layer 2/2, base field no. 1/7, 705/726
[ Info: 64_207: layer 2/2, base field no. 1/7, 706/726
[ Info: 64_207: layer 2/2, base field no. 1/7, 707/726
[ Info: 64_207: layer 2/2, base field no. 1/7, 708/726
[ Info: 64_207: layer 2/2, base field no. 1/7, 709/726
[ Info: 64_207: layer 2/2, base field no. 1/7, 710/726
[ Info: 64_207: layer 2/2, base field no. 1/7, 711/726
[ Info: 64_207: layer 2/2, base field no. 1/7, 712/726
[ Info: 64_207: layer 2/2, base field no. 1/7, 713/726
[ Info: 64_207: layer 2/2, base field no. 1/7, 714/726
[ Info: 64_207: layer 2/2, base field no. 1/7, 715/726
[ Info: 64_207: layer 2/2, base field no. 1/7, 716/726
[ Info: 64_207: layer 2/2, base field no. 1/7, 717/726
[ Info: 64_207: layer 2/2, base field no. 1/7, 718/726
[ Info: 64_207: layer 2/2, base field no. 1/7, 719/726
[ Info: 64_207: layer 2/2, base field no. 1/7, 720/726
[ Info: 64_207: layer 2/2, base field no. 1/7, 721/726
[ Info: 64_207: layer 2/2, base field no. 1/7, 722/726
[ Info: 64_207: layer 2/2, base field no. 1/7, 723/726
[ Info: 64_207: layer 2/2, base field no. 1/7, 724/726
[ Info: 64_207: layer 2/2, base field no. 1/7, 725/726
[ Info: 64_207: layer 2/2, base field no. 1/7, 726/726
[ Info: 64_207: layer 2/2, base field no. 2/7, constructing abelian extensions
[ Info: 64_207: layer 2/2, base field no. 2/7, checking fields: 380
[ Info: 64_207: layer 2/2, base field no. 2/7, 1/380
[ Info: 64_207: layer 2/2, base field no. 2/7, 2/380
[ Info: 64_207: layer 2/2, base field no. 2/7, 3/380
[ Info: 64_207: layer 2/2, base field no. 2/7, 4/380
[ Info: 64_207: layer 2/2, base field no. 2/7, 5/380
[ Info: 64_207: layer 2/2, base field no. 2/7, 6/380
[ Info: 64_207: layer 2/2, base field no. 2/7, 7/380
[ Info: 64_207: layer 2/2, base field no. 2/7, 8/380
[ Info: 64_207: layer 2/2, base field no. 2/7, 9/380
[ Info: 64_207: layer 2/2, base field no. 2/7, 10/380
[ Info: 64_207: layer 2/2, base field no. 2/7, 11/380
[ Info: 64_207: layer 2/2, base field no. 2/7, 12/380
[ Info: 64_207: layer 2/2, base field no. 2/7, 13/380
[ Info: 64_207: layer 2/2, base field no. 2/7, 14/380
[ Info: 64_207: layer 2/2, base field no. 2/7, 15/380
[ Info: 64_207: layer 2/2, base field no. 2/7, 16/380
[ Info: 64_207: layer 2/2, base field no. 2/7, 17/380
[ Info: 64_207: layer 2/2, base field no. 2/7, 18/380
[ Info: 64_207: layer 2/2, base field no. 2/7, 19/380
[ Info: 64_207: layer 2/2, base field no. 2/7, 20/380
[ Info: 64_207: layer 2/2, base field no. 2/7, 21/380
[ Info: 64_207: layer 2/2, base field no. 2/7, 22/380
[ Info: 64_207: layer 2/2, base field no. 2/7, 23/380
[ Info: 64_207: layer 2/2, base field no. 2/7, 24/380
[ Info: 64_207: layer 2/2, base field no. 2/7, 25/380
[ Info: 64_207: layer 2/2, base field no. 2/7, 26/380
[ Info: 64_207: layer 2/2, base field no. 2/7, 27/380
[ Info: 64_207: layer 2/2, base field no. 2/7, 28/380
[ Info: 64_207: layer 2/2, base field no. 2/7, 29/380
[ Info: 64_207: layer 2/2, base field no. 2/7, 30/380
[ Info: 64_207: layer 2/2, base field no. 2/7, 31/380
[ Info: 64_207: layer 2/2, base field no. 2/7, 32/380
[ Info: 64_207: layer 2/2, base field no. 2/7, 33/380
[ Info: 64_207: layer 2/2, base field no. 2/7, 34/380
[ Info: 64_207: layer 2/2, base field no. 2/7, 35/380
[ Info: 64_207: layer 2/2, base field no. 2/7, 36/380
[ Info: 64_207: layer 2/2, base field no. 2/7, 37/380
[ Info: 64_207: layer 2/2, base field no. 2/7, 38/380
[ Info: 64_207: layer 2/2, base field no. 2/7, 39/380
[ Info: 64_207: layer 2/2, base field no. 2/7, 40/380
[ Info: 64_207: layer 2/2, base field no. 2/7, 41/380
[ Info: 64_207: layer 2/2, base field no. 2/7, 42/380
[ Info: 64_207: layer 2/2, base field no. 2/7, 43/380
[ Info: 64_207: layer 2/2, base field no. 2/7, 44/380
[ Info: 64_207: layer 2/2, base field no. 2/7, 45/380
[ Info: 64_207: layer 2/2, base field no. 2/7, 46/380
[ Info: 64_207: layer 2/2, base field no. 2/7, 47/380
[ Info: 64_207: layer 2/2, base field no. 2/7, 48/380
[ Info: 64_207: layer 2/2, base field no. 2/7, 49/380
[ Info: 64_207: layer 2/2, base field no. 2/7, 50/380
[ Info: 64_207: layer 2/2, base field no. 2/7, 51/380
[ Info: 64_207: layer 2/2, base field no. 2/7, 52/380
[ Info: 64_207: layer 2/2, base field no. 2/7, 53/380
[ Info: 64_207: layer 2/2, base field no. 2/7, 54/380
[ Info: 64_207: layer 2/2, base field no. 2/7, 55/380
[ Info: 64_207: layer 2/2, base field no. 2/7, 56/380
[ Info: 64_207: layer 2/2, base field no. 2/7, 57/380
[ Info: 64_207: layer 2/2, base field no. 2/7, 58/380
[ Info: 64_207: layer 2/2, base field no. 2/7, 59/380
[ Info: 64_207: layer 2/2, base field no. 2/7, 60/380
[ Info: 64_207: layer 2/2, base field no. 2/7, 61/380
[ Info: 64_207: layer 2/2, base field no. 2/7, 62/380
[ Info: 64_207: layer 2/2, base field no. 2/7, 63/380
[ Info: 64_207: layer 2/2, base field no. 2/7, 64/380
[ Info: 64_207: layer 2/2, base field no. 2/7, 65/380
[ Info: 64_207: layer 2/2, base field no. 2/7, 66/380
[ Info: 64_207: layer 2/2, base field no. 2/7, 67/380
[ Info: 64_207: layer 2/2, base field no. 2/7, 68/380
[ Info: 64_207: layer 2/2, base field no. 2/7, 69/380
[ Info: 64_207: layer 2/2, base field no. 2/7, 70/380
[ Info: 64_207: layer 2/2, base field no. 2/7, 71/380
[ Info: 64_207: layer 2/2, base field no. 2/7, 72/380
[ Info: 64_207: layer 2/2, base field no. 2/7, 73/380
[ Info: 64_207: layer 2/2, base field no. 2/7, 74/380
[ Info: 64_207: layer 2/2, base field no. 2/7, 75/380
[ Info: 64_207: layer 2/2, base field no. 2/7, 76/380
[ Info: 64_207: layer 2/2, base field no. 2/7, 77/380
[ Info: 64_207: layer 2/2, base field no. 2/7, 78/380
[ Info: 64_207: layer 2/2, base field no. 2/7, 79/380
[ Info: 64_207: layer 2/2, base field no. 2/7, 80/380
[ Info: 64_207: layer 2/2, base field no. 2/7, 81/380
[ Info: 64_207: layer 2/2, base field no. 2/7, 82/380
[ Info: 64_207: layer 2/2, base field no. 2/7, 83/380
[ Info: 64_207: layer 2/2, base field no. 2/7, 84/380
[ Info: 64_207: layer 2/2, base field no. 2/7, 85/380
[ Info: 64_207: layer 2/2, base field no. 2/7, 86/380
[ Info: 64_207: layer 2/2, base field no. 2/7, 87/380
[ Info: 64_207: layer 2/2, base field no. 2/7, 88/380
[ Info: 64_207: layer 2/2, base field no. 2/7, 89/380
[ Info: 64_207: layer 2/2, base field no. 2/7, 90/380
[ Info: 64_207: layer 2/2, base field no. 2/7, 91/380
[ Info: 64_207: layer 2/2, base field no. 2/7, 92/380
[ Info: 64_207: layer 2/2, base field no. 2/7, 93/380
[ Info: 64_207: layer 2/2, base field no. 2/7, 94/380
[ Info: 64_207: layer 2/2, base field no. 2/7, 95/380
[ Info: 64_207: layer 2/2, base field no. 2/7, 96/380
[ Info: 64_207: layer 2/2, base field no. 2/7, 97/380
[ Info: 64_207: layer 2/2, base field no. 2/7, 98/380
[ Info: 64_207: layer 2/2, base field no. 2/7, 99/380
[ Info: 64_207: layer 2/2, base field no. 2/7, 100/380
[ Info: 64_207: layer 2/2, base field no. 2/7, 101/380
[ Info: 64_207: layer 2/2, base field no. 2/7, 102/380
[ Info: 64_207: layer 2/2, base field no. 2/7, 103/380
[ Info: 64_207: layer 2/2, base field no. 2/7, 104/380
[ Info: 64_207: layer 2/2, base field no. 2/7, 105/380
[ Info: 64_207: layer 2/2, base field no. 2/7, 106/380
[ Info: 64_207: layer 2/2, base field no. 2/7, 107/380
[ Info: 64_207: layer 2/2, base field no. 2/7, 108/380
[ Info: 64_207: layer 2/2, base field no. 2/7, 109/380
[ Info: 64_207: layer 2/2, base field no. 2/7, 110/380
[ Info: 64_207: layer 2/2, base field no. 2/7, 111/380
[ Info: 64_207: layer 2/2, base field no. 2/7, 112/380
[ Info: 64_207: layer 2/2, base field no. 2/7, 113/380
[ Info: 64_207: layer 2/2, base field no. 2/7, 114/380
[ Info: 64_207: layer 2/2, base field no. 2/7, 115/380
[ Info: 64_207: layer 2/2, base field no. 2/7, 116/380
[ Info: 64_207: layer 2/2, base field no. 2/7, 117/380
[ Info: 64_207: layer 2/2, base field no. 2/7, 118/380
[ Info: 64_207: layer 2/2, base field no. 2/7, 119/380
[ Info: 64_207: layer 2/2, base field no. 2/7, 120/380
[ Info: 64_207: layer 2/2, base field no. 2/7, 121/380
[ Info: 64_207: layer 2/2, base field no. 2/7, 122/380
[ Info: 64_207: layer 2/2, base field no. 2/7, 123/380
[ Info: 64_207: layer 2/2, base field no. 2/7, 124/380
[ Info: 64_207: layer 2/2, base field no. 2/7, 125/380
[ Info: 64_207: layer 2/2, base field no. 2/7, 126/380
[ Info: 64_207: layer 2/2, base field no. 2/7, 127/380
[ Info: 64_207: layer 2/2, base field no. 2/7, 128/380
[ Info: 64_207: layer 2/2, base field no. 2/7, 129/380
[ Info: 64_207: layer 2/2, base field no. 2/7, 130/380
[ Info: 64_207: layer 2/2, base field no. 2/7, 131/380
[ Info: 64_207: layer 2/2, base field no. 2/7, 132/380
[ Info: 64_207: layer 2/2, base field no. 2/7, 133/380
[ Info: 64_207: layer 2/2, base field no. 2/7, 134/380
[ Info: 64_207: layer 2/2, base field no. 2/7, 135/380
[ Info: 64_207: layer 2/2, base field no. 2/7, 136/380
[ Info: 64_207: layer 2/2, base field no. 2/7, 137/380
[ Info: 64_207: layer 2/2, base field no. 2/7, 138/380
[ Info: 64_207: layer 2/2, base field no. 2/7, 139/380
[ Info: 64_207: layer 2/2, base field no. 2/7, 140/380
[ Info: 64_207: layer 2/2, base field no. 2/7, 141/380
[ Info: 64_207: layer 2/2, base field no. 2/7, 142/380
[ Info: 64_207: layer 2/2, base field no. 2/7, 143/380
[ Info: 64_207: layer 2/2, base field no. 2/7, 144/380
[ Info: 64_207: layer 2/2, base field no. 2/7, 145/380
[ Info: 64_207: layer 2/2, base field no. 2/7, 146/380
[ Info: 64_207: layer 2/2, base field no. 2/7, 147/380
[ Info: 64_207: layer 2/2, base field no. 2/7, 148/380
[ Info: 64_207: layer 2/2, base field no. 2/7, 149/380
[ Info: 64_207: layer 2/2, base field no. 2/7, 150/380
[ Info: 64_207: layer 2/2, base field no. 2/7, 151/380
[ Info: 64_207: layer 2/2, base field no. 2/7, 152/380
[ Info: 64_207: layer 2/2, base field no. 2/7, 153/380
[ Info: 64_207: layer 2/2, base field no. 2/7, 154/380
[ Info: 64_207: layer 2/2, base field no. 2/7, 155/380
[ Info: 64_207: layer 2/2, base field no. 2/7, 156/380
[ Info: 64_207: layer 2/2, base field no. 2/7, 157/380
[ Info: 64_207: layer 2/2, base field no. 2/7, 158/380
[ Info: 64_207: layer 2/2, base field no. 2/7, 159/380
[ Info: 64_207: layer 2/2, base field no. 2/7, 160/380
[ Info: 64_207: layer 2/2, base field no. 2/7, 161/380
[ Info: 64_207: layer 2/2, base field no. 2/7, 162/380
[ Info: 64_207: layer 2/2, base field no. 2/7, 163/380
[ Info: 64_207: layer 2/2, base field no. 2/7, 164/380
[ Info: 64_207: layer 2/2, base field no. 2/7, 165/380
[ Info: 64_207: layer 2/2, base field no. 2/7, 166/380
[ Info: 64_207: layer 2/2, base field no. 2/7, 167/380
[ Info: 64_207: layer 2/2, base field no. 2/7, 168/380
[ Info: 64_207: layer 2/2, base field no. 2/7, 169/380
[ Info: 64_207: layer 2/2, base field no. 2/7, 170/380
[ Info: 64_207: layer 2/2, base field no. 2/7, 171/380
[ Info: 64_207: layer 2/2, base field no. 2/7, 172/380
[ Info: 64_207: layer 2/2, base field no. 2/7, 173/380
[ Info: 64_207: layer 2/2, base field no. 2/7, 174/380
[ Info: 64_207: layer 2/2, base field no. 2/7, 175/380
[ Info: 64_207: layer 2/2, base field no. 2/7, 176/380
[ Info: 64_207: layer 2/2, base field no. 2/7, 177/380
[ Info: 64_207: layer 2/2, base field no. 2/7, 178/380
[ Info: 64_207: layer 2/2, base field no. 2/7, 179/380
[ Info: 64_207: layer 2/2, base field no. 2/7, 180/380
[ Info: 64_207: layer 2/2, base field no. 2/7, 181/380
[ Info: 64_207: layer 2/2, base field no. 2/7, 182/380
[ Info: 64_207: layer 2/2, base field no. 2/7, 183/380
[ Info: 64_207: layer 2/2, base field no. 2/7, 184/380
[ Info: 64_207: layer 2/2, base field no. 2/7, 185/380
[ Info: 64_207: layer 2/2, base field no. 2/7, 186/380
[ Info: 64_207: layer 2/2, base field no. 2/7, 187/380
[ Info: 64_207: layer 2/2, base field no. 2/7, 188/380
[ Info: 64_207: layer 2/2, base field no. 2/7, 189/380
[ Info: 64_207: layer 2/2, base field no. 2/7, 190/380
[ Info: 64_207: layer 2/2, base field no. 2/7, 191/380
[ Info: 64_207: layer 2/2, base field no. 2/7, 192/380
[ Info: 64_207: layer 2/2, base field no. 2/7, 193/380
[ Info: 64_207: layer 2/2, base field no. 2/7, 194/380
[ Info: 64_207: layer 2/2, base field no. 2/7, 195/380
[ Info: 64_207: layer 2/2, base field no. 2/7, 196/380
[ Info: 64_207: layer 2/2, base field no. 2/7, 197/380
[ Info: 64_207: layer 2/2, base field no. 2/7, 198/380
[ Info: 64_207: layer 2/2, base field no. 2/7, 199/380
[ Info: 64_207: layer 2/2, base field no. 2/7, 200/380
[ Info: 64_207: layer 2/2, base field no. 2/7, 201/380
[ Info: 64_207: layer 2/2, base field no. 2/7, 202/380
[ Info: 64_207: layer 2/2, base field no. 2/7, 203/380
[ Info: 64_207: layer 2/2, base field no. 2/7, 204/380
[ Info: 64_207: layer 2/2, base field no. 2/7, 205/380
[ Info: 64_207: layer 2/2, base field no. 2/7, 206/380
[ Info: 64_207: layer 2/2, base field no. 2/7, 207/380
[ Info: 64_207: layer 2/2, base field no. 2/7, 208/380
[ Info: 64_207: layer 2/2, base field no. 2/7, 209/380
[ Info: 64_207: layer 2/2, base field no. 2/7, 210/380
[ Info: 64_207: layer 2/2, base field no. 2/7, 211/380
[ Info: 64_207: layer 2/2, base field no. 2/7, 212/380
[ Info: 64_207: layer 2/2, base field no. 2/7, 213/380
[ Info: 64_207: layer 2/2, base field no. 2/7, 214/380
[ Info: 64_207: layer 2/2, base field no. 2/7, 215/380
[ Info: 64_207: layer 2/2, base field no. 2/7, 216/380
[ Info: 64_207: layer 2/2, base field no. 2/7, 217/380
[ Info: 64_207: layer 2/2, base field no. 2/7, 218/380
[ Info: 64_207: layer 2/2, base field no. 2/7, 219/380
[ Info: 64_207: layer 2/2, base field no. 2/7, 220/380
[ Info: 64_207: layer 2/2, base field no. 2/7, 221/380
[ Info: 64_207: layer 2/2, base field no. 2/7, 222/380
[ Info: 64_207: layer 2/2, base field no. 2/7, 223/380
[ Info: 64_207: layer 2/2, base field no. 2/7, 224/380
[ Info: 64_207: layer 2/2, base field no. 2/7, 225/380
[ Info: 64_207: layer 2/2, base field no. 2/7, 226/380
[ Info: 64_207: layer 2/2, base field no. 2/7, 227/380
[ Info: 64_207: layer 2/2, base field no. 2/7, 228/380
[ Info: 64_207: layer 2/2, base field no. 2/7, 229/380
[ Info: 64_207: layer 2/2, base field no. 2/7, 230/380
[ Info: 64_207: layer 2/2, base field no. 2/7, 231/380
[ Info: 64_207: layer 2/2, base field no. 2/7, 232/380
[ Info: 64_207: layer 2/2, base field no. 2/7, 233/380
[ Info: 64_207: layer 2/2, base field no. 2/7, 234/380
[ Info: 64_207: layer 2/2, base field no. 2/7, 235/380
[ Info: 64_207: layer 2/2, base field no. 2/7, 236/380
[ Info: 64_207: layer 2/2, base field no. 2/7, 237/380
[ Info: 64_207: layer 2/2, base field no. 2/7, 238/380
[ Info: 64_207: layer 2/2, base field no. 2/7, 239/380
[ Info: 64_207: layer 2/2, base field no. 2/7, 240/380
[ Info: 64_207: layer 2/2, base field no. 2/7, 241/380
[ Info: 64_207: layer 2/2, base field no. 2/7, 242/380
[ Info: 64_207: layer 2/2, base field no. 2/7, 243/380
[ Info: 64_207: layer 2/2, base field no. 2/7, 244/380
[ Info: 64_207: layer 2/2, base field no. 2/7, 245/380
[ Info: 64_207: layer 2/2, base field no. 2/7, 246/380
[ Info: 64_207: layer 2/2, base field no. 2/7, 247/380
[ Info: 64_207: layer 2/2, base field no. 2/7, 248/380
[ Info: 64_207: layer 2/2, base field no. 2/7, 249/380
[ Info: 64_207: layer 2/2, base field no. 2/7, 250/380
[ Info: 64_207: layer 2/2, base field no. 2/7, 251/380
[ Info: 64_207: layer 2/2, base field no. 2/7, 252/380
[ Info: 64_207: layer 2/2, base field no. 2/7, 253/380
[ Info: 64_207: layer 2/2, base field no. 2/7, 254/380
[ Info: 64_207: layer 2/2, base field no. 2/7, 255/380
[ Info: 64_207: layer 2/2, base field no. 2/7, 256/380
[ Info: 64_207: layer 2/2, base field no. 2/7, 257/380
[ Info: 64_207: layer 2/2, base field no. 2/7, 258/380
[ Info: 64_207: layer 2/2, base field no. 2/7, 259/380
[ Info: 64_207: layer 2/2, base field no. 2/7, 260/380
[ Info: 64_207: layer 2/2, base field no. 2/7, 261/380
[ Info: 64_207: layer 2/2, base field no. 2/7, 262/380
[ Info: 64_207: layer 2/2, base field no. 2/7, 263/380
[ Info: 64_207: layer 2/2, base field no. 2/7, 264/380
[ Info: 64_207: layer 2/2, base field no. 2/7, 265/380
[ Info: 64_207: layer 2/2, base field no. 2/7, 266/380
[ Info: 64_207: layer 2/2, base field no. 2/7, 267/380
[ Info: 64_207: layer 2/2, base field no. 2/7, 268/380
[ Info: 64_207: layer 2/2, base field no. 2/7, 269/380
[ Info: 64_207: layer 2/2, base field no. 2/7, 270/380
[ Info: 64_207: layer 2/2, base field no. 2/7, 271/380
[ Info: 64_207: layer 2/2, base field no. 2/7, 272/380
[ Info: 64_207: layer 2/2, base field no. 2/7, 273/380
[ Info: 64_207: layer 2/2, base field no. 2/7, 274/380
[ Info: 64_207: layer 2/2, base field no. 2/7, 275/380
[ Info: 64_207: layer 2/2, base field no. 2/7, 276/380
[ Info: 64_207: layer 2/2, base field no. 2/7, 277/380
[ Info: 64_207: layer 2/2, base field no. 2/7, 278/380
[ Info: 64_207: layer 2/2, base field no. 2/7, 279/380
[ Info: 64_207: layer 2/2, base field no. 2/7, 280/380
[ Info: 64_207: layer 2/2, base field no. 2/7, 281/380
[ Info: 64_207: layer 2/2, base field no. 2/7, 282/380
[ Info: 64_207: layer 2/2, base field no. 2/7, 283/380
[ Info: 64_207: layer 2/2, base field no. 2/7, 284/380
[ Info: 64_207: layer 2/2, base field no. 2/7, 285/380
[ Info: 64_207: layer 2/2, base field no. 2/7, 286/380
[ Info: 64_207: layer 2/2, base field no. 2/7, 287/380
[ Info: 64_207: layer 2/2, base field no. 2/7, 288/380
[ Info: 64_207: layer 2/2, base field no. 2/7, 289/380
[ Info: 64_207: layer 2/2, base field no. 2/7, 290/380
[ Info: 64_207: layer 2/2, base field no. 2/7, 291/380
[ Info: 64_207: layer 2/2, base field no. 2/7, 292/380
[ Info: 64_207: layer 2/2, base field no. 2/7, 293/380
[ Info: 64_207: layer 2/2, base field no. 2/7, 294/380
[ Info: 64_207: layer 2/2, base field no. 2/7, 295/380
[ Info: 64_207: layer 2/2, base field no. 2/7, 296/380
[ Info: 64_207: layer 2/2, base field no. 2/7, 297/380
[ Info: 64_207: layer 2/2, base field no. 2/7, 298/380
[ Info: 64_207: layer 2/2, base field no. 2/7, 299/380
[ Info: 64_207: layer 2/2, base field no. 2/7, 300/380
[ Info: 64_207: layer 2/2, base field no. 2/7, 301/380
[ Info: 64_207: layer 2/2, base field no. 2/7, 302/380
[ Info: 64_207: layer 2/2, base field no. 2/7, 303/380
[ Info: 64_207: layer 2/2, base field no. 2/7, 304/380
[ Info: 64_207: layer 2/2, base field no. 2/7, 305/380
[ Info: 64_207: layer 2/2, base field no. 2/7, 306/380
[ Info: 64_207: layer 2/2, base field no. 2/7, 307/380
[ Info: 64_207: layer 2/2, base field no. 2/7, 308/380
[ Info: 64_207: layer 2/2, base field no. 2/7, 309/380
[ Info: 64_207: layer 2/2, base field no. 2/7, 310/380
[ Info: 64_207: layer 2/2, base field no. 2/7, 311/380
[ Info: 64_207: layer 2/2, base field no. 2/7, 312/380
[ Info: 64_207: layer 2/2, base field no. 2/7, 313/380
[ Info: 64_207: layer 2/2, base field no. 2/7, 314/380
[ Info: 64_207: layer 2/2, base field no. 2/7, 315/380
[ Info: 64_207: layer 2/2, base field no. 2/7, 316/380
[ Info: 64_207: layer 2/2, base field no. 2/7, 317/380
[ Info: 64_207: layer 2/2, base field no. 2/7, 318/380
[ Info: 64_207: layer 2/2, base field no. 2/7, 319/380
[ Info: 64_207: layer 2/2, base field no. 2/7, 320/380
[ Info: 64_207: layer 2/2, base field no. 2/7, 321/380
[ Info: 64_207: layer 2/2, base field no. 2/7, 322/380
[ Info: 64_207: layer 2/2, base field no. 2/7, 323/380
[ Info: 64_207: layer 2/2, base field no. 2/7, 324/380
[ Info: 64_207: layer 2/2, base field no. 2/7, 325/380
[ Info: 64_207: layer 2/2, base field no. 2/7, 326/380
[ Info: 64_207: layer 2/2, base field no. 2/7, 327/380
[ Info: 64_207: layer 2/2, base field no. 2/7, 328/380
[ Info: 64_207: layer 2/2, base field no. 2/7, 329/380
[ Info: 64_207: layer 2/2, base field no. 2/7, 330/380
[ Info: 64_207: layer 2/2, base field no. 2/7, 331/380
[ Info: 64_207: layer 2/2, base field no. 2/7, 332/380
[ Info: 64_207: layer 2/2, base field no. 2/7, 333/380
[ Info: 64_207: layer 2/2, base field no. 2/7, 334/380
[ Info: 64_207: layer 2/2, base field no. 2/7, 335/380
[ Info: 64_207: layer 2/2, base field no. 2/7, 336/380
[ Info: 64_207: layer 2/2, base field no. 2/7, 337/380
[ Info: 64_207: layer 2/2, base field no. 2/7, 338/380
[ Info: 64_207: layer 2/2, base field no. 2/7, 339/380
[ Info: 64_207: layer 2/2, base field no. 2/7, 340/380
[ Info: 64_207: layer 2/2, base field no. 2/7, 341/380
[ Info: 64_207: layer 2/2, base field no. 2/7, 342/380
[ Info: 64_207: layer 2/2, base field no. 2/7, 343/380
[ Info: 64_207: layer 2/2, base field no. 2/7, 344/380
[ Info: 64_207: layer 2/2, base field no. 2/7, 345/380
[ Info: 64_207: layer 2/2, base field no. 2/7, 346/380
[ Info: 64_207: layer 2/2, base field no. 2/7, 347/380
[ Info: 64_207: layer 2/2, base field no. 2/7, 348/380
[ Info: 64_207: layer 2/2, base field no. 2/7, 349/380
[ Info: 64_207: layer 2/2, base field no. 2/7, 350/380
[ Info: 64_207: layer 2/2, base field no. 2/7, 351/380
[ Info: 64_207: layer 2/2, base field no. 2/7, 352/380
[ Info: 64_207: layer 2/2, base field no. 2/7, 353/380
[ Info: 64_207: layer 2/2, base field no. 2/7, 354/380
[ Info: 64_207: layer 2/2, base field no. 2/7, 355/380
[ Info: 64_207: layer 2/2, base field no. 2/7, 356/380
[ Info: 64_207: layer 2/2, base field no. 2/7, 357/380
[ Info: 64_207: layer 2/2, base field no. 2/7, 358/380
[ Info: 64_207: layer 2/2, base field no. 2/7, 359/380
[ Info: 64_207: layer 2/2, base field no. 2/7, 360/380
[ Info: 64_207: layer 2/2, base field no. 2/7, 361/380
[ Info: 64_207: layer 2/2, base field no. 2/7, 362/380
[ Info: 64_207: layer 2/2, base field no. 2/7, 363/380
[ Info: 64_207: layer 2/2, base field no. 2/7, 364/380
[ Info: 64_207: layer 2/2, base field no. 2/7, 365/380
[ Info: 64_207: layer 2/2, base field no. 2/7, 366/380
[ Info: 64_207: layer 2/2, base field no. 2/7, 367/380
[ Info: 64_207: layer 2/2, base field no. 2/7, 368/380
[ Info: 64_207: layer 2/2, base field no. 2/7, 369/380
[ Info: 64_207: layer 2/2, base field no. 2/7, 370/380
[ Info: 64_207: layer 2/2, base field no. 2/7, 371/380
[ Info: 64_207: layer 2/2, base field no. 2/7, 372/380
[ Info: 64_207: layer 2/2, base field no. 2/7, 373/380
[ Info: 64_207: layer 2/2, base field no. 2/7, 374/380
[ Info: 64_207: layer 2/2, base field no. 2/7, 375/380
[ Info: 64_207: layer 2/2, base field no. 2/7, 376/380
[ Info: 64_207: layer 2/2, base field no. 2/7, 377/380
[ Info: 64_207: layer 2/2, base field no. 2/7, 378/380
[ Info: 64_207: layer 2/2, base field no. 2/7, 379/380
[ Info: 64_207: layer 2/2, base field no. 2/7, 380/380
[ Info: 64_207: layer 2/2, base field no. 3/7, constructing abelian extensions
[ Info: 64_207: layer 2/2, base field no. 3/7, checking fields: 72
[ Info: 64_207: layer 2/2, base field no. 3/7, 1/72
[ Info: 64_207: layer 2/2, base field no. 3/7, 2/72
[ Info: 64_207: layer 2/2, base field no. 3/7, 3/72
[ Info: 64_207: layer 2/2, base field no. 3/7, 4/72
[ Info: 64_207: layer 2/2, base field no. 3/7, 5/72
[ Info: 64_207: layer 2/2, base field no. 3/7, 6/72
[ Info: 64_207: layer 2/2, base field no. 3/7, 7/72
[ Info: 64_207: layer 2/2, base field no. 3/7, 8/72
[ Info: 64_207: layer 2/2, base field no. 3/7, 9/72
[ Info: 64_207: layer 2/2, base field no. 3/7, 10/72
[ Info: 64_207: layer 2/2, base field no. 3/7, 11/72
[ Info: 64_207: layer 2/2, base field no. 3/7, 12/72
[ Info: 64_207: layer 2/2, base field no. 3/7, 13/72
[ Info: 64_207: layer 2/2, base field no. 3/7, 14/72
[ Info: 64_207: layer 2/2, base field no. 3/7, 15/72
[ Info: 64_207: layer 2/2, base field no. 3/7, 16/72
[ Info: 64_207: layer 2/2, base field no. 3/7, 17/72
[ Info: 64_207: layer 2/2, base field no. 3/7, 18/72
[ Info: 64_207: layer 2/2, base field no. 3/7, 19/72
[ Info: 64_207: layer 2/2, base field no. 3/7, 20/72
[ Info: 64_207: layer 2/2, base field no. 3/7, 21/72
[ Info: 64_207: layer 2/2, base field no. 3/7, 22/72
[ Info: 64_207: layer 2/2, base field no. 3/7, 23/72
[ Info: 64_207: layer 2/2, base field no. 3/7, 24/72
[ Info: 64_207: layer 2/2, base field no. 3/7, 25/72
[ Info: 64_207: layer 2/2, base field no. 3/7, 26/72
[ Info: 64_207: layer 2/2, base field no. 3/7, 27/72
[ Info: 64_207: layer 2/2, base field no. 3/7, 28/72
[ Info: 64_207: layer 2/2, base field no. 3/7, 29/72
[ Info: 64_207: layer 2/2, base field no. 3/7, 30/72
[ Info: 64_207: layer 2/2, base field no. 3/7, 31/72
[ Info: 64_207: layer 2/2, base field no. 3/7, 32/72
[ Info: 64_207: layer 2/2, base field no. 3/7, 33/72
[ Info: 64_207: layer 2/2, base field no. 3/7, 34/72
[ Info: 64_207: layer 2/2, base field no. 3/7, 35/72
[ Info: 64_207: layer 2/2, base field no. 3/7, 36/72
[ Info: 64_207: layer 2/2, base field no. 3/7, 37/72
[ Info: 64_207: layer 2/2, base field no. 3/7, 38/72
[ Info: 64_207: layer 2/2, base field no. 3/7, 39/72
[ Info: 64_207: layer 2/2, base field no. 3/7, 40/72
[ Info: 64_207: layer 2/2, base field no. 3/7, 41/72
[ Info: 64_207: layer 2/2, base field no. 3/7, 42/72
[ Info: 64_207: layer 2/2, base field no. 3/7, 43/72
[ Info: 64_207: layer 2/2, base field no. 3/7, 44/72
[ Info: 64_207: layer 2/2, base field no. 3/7, 45/72
[ Info: 64_207: layer 2/2, base field no. 3/7, 46/72
[ Info: 64_207: layer 2/2, base field no. 3/7, 47/72
[ Info: 64_207: layer 2/2, base field no. 3/7, 48/72
[ Info: 64_207: layer 2/2, base field no. 3/7, 49/72
[ Info: 64_207: layer 2/2, base field no. 3/7, 50/72
[ Info: 64_207: layer 2/2, base field no. 3/7, 51/72
[ Info: 64_207: layer 2/2, base field no. 3/7, 52/72
[ Info: 64_207: layer 2/2, base field no. 3/7, 53/72
[ Info: 64_207: layer 2/2, base field no. 3/7, 54/72
[ Info: 64_207: layer 2/2, base field no. 3/7, 55/72
[ Info: 64_207: layer 2/2, base field no. 3/7, 56/72
[ Info: 64_207: layer 2/2, base field no. 3/7, 57/72
[ Info: 64_207: layer 2/2, base field no. 3/7, 58/72
[ Info: 64_207: layer 2/2, base field no. 3/7, 59/72
[ Info: 64_207: layer 2/2, base field no. 3/7, 60/72
[ Info: 64_207: layer 2/2, base field no. 3/7, 61/72
[ Info: 64_207: layer 2/2, base field no. 3/7, 62/72
[ Info: 64_207: layer 2/2, base field no. 3/7, 63/72
[ Info: 64_207: layer 2/2, base field no. 3/7, 64/72
[ Info: 64_207: layer 2/2, base field no. 3/7, 65/72
[ Info: 64_207: layer 2/2, base field no. 3/7, 66/72
[ Info: 64_207: layer 2/2, base field no. 3/7, 67/72
[ Info: 64_207: layer 2/2, base field no. 3/7, 68/72
[ Info: 64_207: layer 2/2, base field no. 3/7, 69/72
[ Info: 64_207: layer 2/2, base field no. 3/7, 70/72
[ Info: 64_207: layer 2/2, base field no. 3/7, 71/72
[ Info: 64_207: layer 2/2, base field no. 3/7, 72/72
[ Info: 64_207: layer 2/2, base field no. 4/7, constructing abelian extensions
[ Info: 64_207: layer 2/2, base field no. 4/7, checking fields: 70
[ Info: 64_207: layer 2/2, base field no. 4/7, 1/70
[ Info: 64_207: layer 2/2, base field no. 4/7, 2/70
[ Info: 64_207: layer 2/2, base field no. 4/7, 3/70
[ Info: 64_207: layer 2/2, base field no. 4/7, 4/70
[ Info: 64_207: layer 2/2, base field no. 4/7, 5/70
[ Info: 64_207: layer 2/2, base field no. 4/7, 6/70
[ Info: 64_207: layer 2/2, base field no. 4/7, 7/70
[ Info: 64_207: layer 2/2, base field no. 4/7, 8/70
[ Info: 64_207: layer 2/2, base field no. 4/7, 9/70
[ Info: 64_207: layer 2/2, base field no. 4/7, 10/70
[ Info: 64_207: layer 2/2, base field no. 4/7, 11/70
[ Info: 64_207: layer 2/2, base field no. 4/7, 12/70
[ Info: 64_207: layer 2/2, base field no. 4/7, 13/70
[ Info: 64_207: layer 2/2, base field no. 4/7, 14/70
[ Info: 64_207: layer 2/2, base field no. 4/7, 15/70
[ Info: 64_207: layer 2/2, base field no. 4/7, 16/70
[ Info: 64_207: layer 2/2, base field no. 4/7, 17/70
[ Info: 64_207: layer 2/2, base field no. 4/7, 18/70
[ Info: 64_207: layer 2/2, base field no. 4/7, 19/70
[ Info: 64_207: layer 2/2, base field no. 4/7, 20/70
[ Info: 64_207: layer 2/2, base field no. 4/7, 21/70
[ Info: 64_207: layer 2/2, base field no. 4/7, 22/70
[ Info: 64_207: layer 2/2, base field no. 4/7, 23/70
[ Info: 64_207: layer 2/2, base field no. 4/7, 24/70
[ Info: 64_207: layer 2/2, base field no. 4/7, 25/70
[ Info: 64_207: layer 2/2, base field no. 4/7, 26/70
[ Info: 64_207: layer 2/2, base field no. 4/7, 27/70
[ Info: 64_207: layer 2/2, base field no. 4/7, 28/70
[ Info: 64_207: layer 2/2, base field no. 4/7, 29/70
[ Info: 64_207: layer 2/2, base field no. 4/7, 30/70
[ Info: 64_207: layer 2/2, base field no. 4/7, 31/70
[ Info: 64_207: layer 2/2, base field no. 4/7, 32/70
[ Info: 64_207: layer 2/2, base field no. 4/7, 33/70
[ Info: 64_207: layer 2/2, base field no. 4/7, 34/70
[ Info: 64_207: layer 2/2, base field no. 4/7, 35/70
[ Info: 64_207: layer 2/2, base field no. 4/7, 36/70
[ Info: 64_207: layer 2/2, base field no. 4/7, 37/70
[ Info: 64_207: layer 2/2, base field no. 4/7, 38/70
[ Info: 64_207: layer 2/2, base field no. 4/7, 39/70
[ Info: 64_207: layer 2/2, base field no. 4/7, 40/70
[ Info: 64_207: layer 2/2, base field no. 4/7, 41/70
[ Info: 64_207: layer 2/2, base field no. 4/7, 42/70
[ Info: 64_207: layer 2/2, base field no. 4/7, 43/70
[ Info: 64_207: layer 2/2, base field no. 4/7, 44/70
[ Info: 64_207: layer 2/2, base field no. 4/7, 45/70
[ Info: 64_207: layer 2/2, base field no. 4/7, 46/70
[ Info: 64_207: layer 2/2, base field no. 4/7, 47/70
[ Info: 64_207: layer 2/2, base field no. 4/7, 48/70
[ Info: 64_207: layer 2/2, base field no. 4/7, 49/70
[ Info: 64_207: layer 2/2, base field no. 4/7, 50/70
[ Info: 64_207: layer 2/2, base field no. 4/7, 51/70
[ Info: 64_207: layer 2/2, base field no. 4/7, 52/70
[ Info: 64_207: layer 2/2, base field no. 4/7, 53/70
[ Info: 64_207: layer 2/2, base field no. 4/7, 54/70
[ Info: 64_207: layer 2/2, base field no. 4/7, 55/70
[ Info: 64_207: layer 2/2, base field no. 4/7, 56/70
[ Info: 64_207: layer 2/2, base field no. 4/7, 57/70
[ Info: 64_207: layer 2/2, base field no. 4/7, 58/70
[ Info: 64_207: layer 2/2, base field no. 4/7, 59/70
[ Info: 64_207: layer 2/2, base field no. 4/7, 60/70
[ Info: 64_207: layer 2/2, base field no. 4/7, 61/70
[ Info: 64_207: layer 2/2, base field no. 4/7, 62/70
[ Info: 64_207: layer 2/2, base field no. 4/7, 63/70
[ Info: 64_207: layer 2/2, base field no. 4/7, 64/70
[ Info: 64_207: layer 2/2, base field no. 4/7, 65/70
[ Info: 64_207: layer 2/2, base field no. 4/7, 66/70
[ Info: 64_207: layer 2/2, base field no. 4/7, 67/70
[ Info: 64_207: layer 2/2, base field no. 4/7, 68/70
[ Info: 64_207: layer 2/2, base field no. 4/7, 69/70
[ Info: 64_207: layer 2/2, base field no. 4/7, 70/70
[ Info: 64_207: layer 2/2, base field no. 5/7, constructing abelian extensions
[ Info: 64_207: layer 2/2, base field no. 5/7, checking fields: 159
[ Info: 64_207: layer 2/2, base field no. 5/7, 1/159
error in running finalizer: MethodError(f=Nemo._nf_elem_clear_fn, args=(Hecke.ZZRingElem_Array_Mod.ZZRingElem_Array(ar=Array{Int64, 1}(dims=(1,), mem=Memory{Int64}(8, 0x7fe72fd4da60)[1, 45, 140628223754352, 49, 140628223754352, 3, 140628223754352, 7]), l=1),), world=0x00000000000096c0)
jl_method_error_bare at /cache/build/builder-demeter6-6/julialang/julia-release-1-dot-12/src/gf.c:3035
jl_method_error at /cache/build/builder-demeter6-6/julialang/julia-release-1-dot-12/src/gf.c:3053
jl_lookup_generic_ at /cache/build/builder-demeter6-6/julialang/julia-release-1-dot-12/src/gf.c:4175 [inlined]
ijl_apply_generic at /cache/build/builder-demeter6-6/julialang/julia-release-1-dot-12/src/gf.c:4201
run_finalizer at /cache/build/builder-demeter6-6/julialang/julia-release-1-dot-12/src/gc-common.c:180
jl_gc_run_finalizers_in_list at /cache/build/builder-demeter6-6/julialang/julia-release-1-dot-12/src/gc-common.c:272
run_finalizers at /cache/build/builder-demeter6-6/julialang/julia-release-1-dot-12/src/gc-common.c:316
ijl_gc_collect at /cache/build/builder-demeter6-6/julialang/julia-release-1-dot-12/src/gc-stock.c:3483
maybe_collect at /cache/build/builder-demeter6-6/julialang/julia-release-1-dot-12/src/gc-stock.c:349 [inlined]
jl_gc_small_alloc_inner at /cache/build/builder-demeter6-6/julialang/julia-release-1-dot-12/src/gc-stock.c:725 [inlined]
ijl_gc_small_alloc at /cache/build/builder-demeter6-6/julialang/julia-release-1-dot-12/src/gc-stock.c:774
QQMatrix at /home/links/th703/.julia/packages/Nemo/IYwMw/src/flint/FlintTypes.jl:3782 [inlined]
QQMatrix at /home/links/th703/.julia/packages/Nemo/IYwMw/src/flint/FlintTypes.jl:3774 [inlined]
similar at /home/links/th703/.julia/packages/AbstractAlgebra/T6WZD/src/Matrix.jl:386 [inlined]
similar at /home/links/th703/.julia/packages/AbstractAlgebra/T6WZD/src/Matrix.jl:390 [inlined]
similar at /home/links/th703/.julia/packages/AbstractAlgebra/T6WZD/src/Matrix.jl:392 [inlined]
* at /home/links/th703/.julia/packages/Nemo/IYwMw/src/flint/fmpq_mat.jl:251
QQMatrix at /home/links/th703/.julia/dev/Hecke/src/LinearAlgebra/FakeFmpqMat.jl:216
#basis_matrix#1610 at /home/links/th703/.julia/dev/Hecke/src/NumFieldOrd/NfOrd/NfOrd.jl:160 [inlined]
basis_matrix at /home/links/th703/.julia/dev/Hecke/src/NumFieldOrd/NfOrd/NfOrd.jl:159 [inlined]
_assure_weakly_normal_presentation at /home/links/th703/.julia/dev/Hecke/src/NumFieldOrd/NfOrd/Ideal/TwoElement.jl:203
AbsOrdQuoMap at /home/links/th703/.julia/dev/Hecke/src/Map/NfOrd.jl:203
annihilator at /home/links/th703/.julia/dev/Hecke/src/NumFieldOrd/NfOrd/ResidueRing.jl:656
strong_echelon_form_naive! at /home/links/th703/.julia/packages/AbstractAlgebra/T6WZD/src/MatrixNormalForms.jl:248
_strong_echelon_form_nonsplit at /home/links/th703/.julia/dev/Hecke/src/NumFieldOrd/NfOrd/StrongEchelonForm.jl:449
_strong_echelon_form at /home/links/th703/.julia/dev/Hecke/src/NumFieldOrd/NfOrd/StrongEchelonForm.jl:24
strong_echelon_form at /home/links/th703/.julia/dev/Hecke/src/NumFieldOrd/NfOrd/StrongEchelonForm.jl:33
macro expansion at ./timing.jl:461 [inlined]
pseudo_hnf_mod at /home/links/th703/.julia/dev/Hecke/src/NumFieldOrd/NfOrd/LinearAlgebra.jl:683
pseudo_hnf_mod at /home/links/th703/.julia/dev/Hecke/src/NumFieldOrd/NfOrd/LinearAlgebra.jl:672 [inlined]
pseudo_hnf_full_rank_with_modulus! at /home/links/th703/.julia/dev/Hecke/src/NumFieldOrd/NfOrd/LinearAlgebra.jl:554
pseudo_hnf_full_rank_with_modulus at /home/links/th703/.julia/dev/Hecke/src/NumFieldOrd/NfOrd/LinearAlgebra.jl:564 [inlined]
sum_as_OK_modules at /home/links/th703/.julia/dev/Hecke/src/NumFieldOrd/NfRelOrd/NfRelOrd.jl:939
macro expansion at /home/links/th703/.julia/packages/AbstractAlgebra/T6WZD/src/Assertions.jl:270 [inlined]
_maximal_order_rel_nice at /home/links/th703/.julia/dev/Hecke/src/NumFieldOrd/NfRelOrd/NfRelOrd.jl:1320
maximal_order at /home/links/th703/.julia/dev/Hecke/src/NumFieldOrd/NfRelOrd/NfRelOrd.jl:1295
#maximal_order##0 at /home/links/th703/.julia/dev/Hecke/src/NumFieldOrd/NfRelOrd/NfRelOrd.jl:564 [inlined]
get! at ./dict.jl:458
unknown function (ip: 0x7fe87a27583d) at (unknown file)
get_attribute! at /home/links/th703/.julia/packages/AbstractAlgebra/T6WZD/src/Attributes.jl:222
maximal_order at /home/links/th703/.julia/dev/Hecke/src/NumFieldOrd/NfRelOrd/NfRelOrd.jl:563 [inlined]
maximal_order at /home/links/th703/.julia/dev/Hecke/src/NumFieldOrd/NfRelOrd/NfRelOrd.jl:842
#maximal_order##0 at /home/links/th703/.julia/dev/Hecke/src/NumFieldOrd/NfRelOrd/NfRelOrd.jl:564 [inlined]
get! at ./dict.jl:458
get_attribute! at /home/links/th703/.julia/packages/AbstractAlgebra/T6WZD/src/Attributes.jl:222 [inlined]
maximal_order at /home/links/th703/.julia/dev/Hecke/src/NumFieldOrd/NfRelOrd/NfRelOrd.jl:563 [inlined]
_find_short_primitive_element at /home/links/th703/.julia/dev/Hecke/src/NumField/NfRel/Simplify.jl:373
#simplified_absolute_field#1513 at /home/links/th703/.julia/dev/Hecke/src/NumField/NfRel/Simplify.jl:393
simplified_absolute_field at /home/links/th703/.julia/dev/Hecke/src/NumField/NfRel/Simplify.jl:392 [inlined]
#absolute_simple_field#1517 at /home/links/th703/.julia/dev/Hecke/src/NumField/NfRel/absolute_field.jl:137
absolute_simple_field at /home/links/th703/.julia/dev/Hecke/src/NumField/NfRel/absolute_field.jl:122 [inlined]
main at /home/links/th703/repositories/ClassNumberOne/nonabelian/64_207/64_207.jl:105
macro expansion at ./timing.jl:645 [inlined]
top-level scope at /home/links/th703/repositories/ClassNumberOne/nonabelian/64_207/64_207.jl:353
jl_toplevel_eval_flex at /cache/build/builder-demeter6-6/julialang/julia-release-1-dot-12/src/toplevel.c:1024
jl_toplevel_eval_flex at /cache/build/builder-demeter6-6/julialang/julia-release-1-dot-12/src/toplevel.c:975
ijl_toplevel_eval at /cache/build/builder-demeter6-6/julialang/julia-release-1-dot-12/src/toplevel.c:1047
ijl_toplevel_eval_in at /cache/build/builder-demeter6-6/julialang/julia-release-1-dot-12/src/toplevel.c:1092
eval at ./boot.jl:489
include_string at ./loading.jl:2843
_include at ./loading.jl:2903
include at ./Base.jl:305
exec_options at ./client.jl:321
_start at ./client.jl:554
jfptr__start_90592.1 at /home/links/th703/.julia/juliaup/julia-1.12.0-rc2+0.x64.linux.gnu/lib/julia/sys.so (unknown line)
jl_apply at /cache/build/builder-demeter6-6/julialang/julia-release-1-dot-12/src/julia.h:2381 [inlined]
true_main at /cache/build/builder-demeter6-6/julialang/julia-release-1-dot-12/src/jlapi.c:971
jl_repl_entrypoint at /cache/build/builder-demeter6-6/julialang/julia-release-1-dot-12/src/jlapi.c:1139
main at /cache/build/builder-demeter6-6/julialang/julia-release-1-dot-12/cli/loader_exe.c:58
__libc_start_call_main at /lib64/libc.so.6 (unknown line)
__libc_start_main at /lib64/libc.so.6 (unknown line)
unknown function (ip: 0x4010b8) at /workspace/srcdir/glibc-2.17/csu/../sysdeps/x86_64/start.S
[ Info: 64_207: layer 2/2, base field no. 5/7, 2/159
[ Info: 64_207: layer 2/2, base field no. 5/7, 3/159

[1177784] signal 11 (1): Segmentation fault
in expression starting at /home/links/th703/repositories/ClassNumberOne/nonabelian/64_207/64_207.jl:150
__gmpn_sub_n_x86_64 at /home/links/th703/.julia/juliaup/julia-1.12.0-rc2+0.x64.linux.gnu/bin/../lib/julia/libgmp.so.10 (unknown line)
fmpz_submul at /home/links/th703/.julia/artifacts/953e853635c2e3ec3a7208ba2931717022f0051c/lib/libflint.so (unknown line)
_fmpz_vec_scalar_submul_fmpz at /home/links/th703/.julia/artifacts/953e853635c2e3ec3a7208ba2931717022f0051c/lib/libflint.so (unknown line)
_fmpz_mod_poly_divrem_basecase at /home/links/th703/.julia/artifacts/953e853635c2e3ec3a7208ba2931717022f0051c/lib/libflint.so (unknown line)
_fmpz_mod_poly_divrem at /home/links/th703/.julia/artifacts/953e853635c2e3ec3a7208ba2931717022f0051c/lib/libflint.so (unknown line)
fmpz_mod_poly_divrem_f at /home/links/th703/.julia/artifacts/953e853635c2e3ec3a7208ba2931717022f0051c/lib/libflint.so (unknown line)
terminate called after throwing an instance of 'std::bad_alloc'
  what():  std::bad_alloc

[1177784] signal 6 (-6): Aborted
in expression starting at /home/links/th703/repositories/ClassNumberOne/nonabelian/64_207/64_207.jl:150
__pthread_kill_implementation at /lib64/libc.so.6 (unknown line)
raise at /lib64/libc.so.6 (unknown line)
abort at /lib64/libc.so.6 (unknown line)
unknown function (ip: 0x7fe9415e6a3c) at /home/links/th703/.julia/juliaup/julia-1.12.0-rc2+0.x64.linux.gnu/bin/../lib/julia/libstdc++.so.6
unknown function (ip: 0x7fe9415f8449) at /home/links/th703/.julia/juliaup/julia-1.12.0-rc2+0.x64.linux.gnu/bin/../lib/julia/libstdc++.so.6
_ZSt9terminatev at /home/links/th703/.julia/juliaup/julia-1.12.0-rc2+0.x64.linux.gnu/bin/../lib/julia/libstdc++.so.6 (unknown line)
__cxa_throw at /home/links/th703/.julia/juliaup/julia-1.12.0-rc2+0.x64.linux.gnu/bin/../lib/julia/libstdc++.so.6 (unknown line)
unknown function (ip: 0x7fe9415e6658) at /home/links/th703/.julia/juliaup/julia-1.12.0-rc2+0.x64.linux.gnu/bin/../lib/julia/libstdc++.so.6
_ZNSt6vectorIN4llvm14DWARFDebugLine3RowESaIS2_EE17_M_realloc_insertIJRKS2_EEEvN9__gnu_cxx17__normal_iteratorIPS2_S4_EEDpOT_ at /home/links/th703/.julia/juliaup/julia-1.12.0-rc2+0.x64.linux.gnu/bin/../lib/julia/libLLVM.so.18.1jl (unknown line)
_ZN4llvm14DWARFDebugLine9LineTable5parseERNS_18DWARFDataExtractorEPmRKNS_12DWARFContextEPKNS_9DWARFUnitENS_12function_refIFvNS_5ErrorEEEEPNS_11raw_ostreamEb at /home/links/th703/.julia/juliaup/julia-1.12.0-rc2+0.x64.linux.gnu/bin/../lib/julia/libLLVM.so.18.1jl (unknown line)
_ZN4llvm14DWARFDebugLine19getOrParseLineTableERNS_18DWARFDataExtractorEmRKNS_12DWARFContextEPKNS_9DWARFUnitENS_12function_refIFvNS_5ErrorEEEE at /home/links/th703/.julia/juliaup/julia-1.12.0-rc2+0.x64.linux.gnu/bin/../lib/julia/libLLVM.so.18.1jl (unknown line)
unknown function (ip: 0x7fe93d73a0d8) at /home/links/th703/.julia/juliaup/julia-1.12.0-rc2+0.x64.linux.gnu/bin/../lib/julia/libLLVM.so.18.1jl
_ZN4llvm12DWARFContext19getLineTableForUnitEPNS_9DWARFUnitE at /home/links/th703/.julia/juliaup/julia-1.12.0-rc2+0.x64.linux.gnu/bin/../lib/julia/libLLVM.so.18.1jl (unknown line)
_ZNK4llvm14DWARFFormValue9getAsFileB5cxx11ENS_19DILineInfoSpecifier16FileLineInfoKindE at /home/links/th703/.julia/juliaup/julia-1.12.0-rc2+0.x64.linux.gnu/bin/../lib/julia/libLLVM.so.18.1jl (unknown line)
_ZNK4llvm8DWARFDie11getDeclFileB5cxx11ENS_19DILineInfoSpecifier16FileLineInfoKindE at /home/links/th703/.julia/juliaup/julia-1.12.0-rc2+0.x64.linux.gnu/bin/../lib/julia/libLLVM.so.18.1jl (unknown line)
_ZN4llvm12DWARFContext25getInliningInfoForAddressENS_6object16SectionedAddressENS_19DILineInfoSpecifierE at /home/links/th703/.julia/juliaup/julia-1.12.0-rc2+0.x64.linux.gnu/bin/../lib/julia/libLLVM.so.18.1jl (unknown line)
unknown function (ip: 0x7fe9409d39c4) at /home/links/th703/.julia/juliaup/julia-1.12.0-rc2+0.x64.linux.gnu/bin/../lib/julia/libjulia-codegen.so.1.12
jl_getFunctionInfo_impl at /home/links/th703/.julia/juliaup/julia-1.12.0-rc2+0.x64.linux.gnu/bin/../lib/julia/libjulia-codegen.so.1.12 (unknown line)
jl_print_native_codeloc at /home/links/th703/.julia/juliaup/julia-1.12.0-rc2+0.x64.linux.gnu/bin/../lib/julia/libjulia-internal.so.1.12 (unknown line)
jl_critical_error at /home/links/th703/.julia/juliaup/julia-1.12.0-rc2+0.x64.linux.gnu/bin/../lib/julia/libjulia-internal.so.1.12 (unknown line)
sigdie_handler at /home/links/th703/.julia/juliaup/julia-1.12.0-rc2+0.x64.linux.gnu/bin/../lib/julia/libjulia-internal.so.1.12 (unknown line)
__GI___sigaction at /lib64/libc.so.6 (unknown line)
__gmpn_sub_n_x86_64 at /home/links/th703/.julia/juliaup/julia-1.12.0-rc2+0.x64.linux.gnu/bin/../lib/julia/libgmp.so.10 (unknown line)
fmpz_submul at /home/links/th703/.julia/artifacts/953e853635c2e3ec3a7208ba2931717022f0051c/lib/libflint.so (unknown line)
_fmpz_vec_scalar_submul_fmpz at /home/links/th703/.julia/artifacts/953e853635c2e3ec3a7208ba2931717022f0051c/lib/libflint.so (unknown line)
_fmpz_mod_poly_divrem_basecase at /home/links/th703/.julia/artifacts/953e853635c2e3ec3a7208ba2931717022f0051c/lib/libflint.so (unknown line)
_fmpz_mod_poly_divrem at /home/links/th703/.julia/artifacts/953e853635c2e3ec3a7208ba2931717022f0051c/lib/libflint.so (unknown line)
fmpz_mod_poly_divrem_f at /home/links/th703/.julia/artifacts/953e853635c2e3ec3a7208ba2931717022f0051c/lib/libflint.so (unknown line)
divrem at /home/links/th703/.julia/compiled/v1.12/Hecke/lhBAK_1MIX2.so (unknown line)
YY._henselYY.1989 at /home/links/th703/.julia/compiled/v1.12/Hecke/lhBAK_1MIX2.so (unknown line)
YY._roots_henselYY.1982 at /home/links/th703/.julia/compiled/v1.12/Hecke/lhBAK_1MIX2.so (unknown line)
YY.rootsYY.1277 at /home/links/th703/.julia/compiled/v1.12/Hecke/lhBAK_1MIX2.so (unknown line)
YY._automorphismsYY.350 at /home/links/th703/.julia/compiled/v1.12/Hecke/lhBAK_1MIX2.so (unknown line)
YY.automorphism_listYY.351 at /home/links/th703/.julia/compiled/v1.12/Hecke/lhBAK_1MIX2.so (unknown line)
unknown function (ip: 0x7fe882e45cc9) at (unknown file)
unknown function (ip: 0x7fe882bd3bee) at (unknown file)
unknown function (ip: 0x7fe882bd8715) at (unknown file)
jl_toplevel_eval_flex at /home/links/th703/.julia/juliaup/julia-1.12.0-rc2+0.x64.linux.gnu/bin/../lib/julia/libjulia-internal.so.1.12 (unknown line)
jl_toplevel_eval_flex at /home/links/th703/.julia/juliaup/julia-1.12.0-rc2+0.x64.linux.gnu/bin/../lib/julia/libjulia-internal.so.1.12 (unknown line)
ijl_toplevel_eval at /home/links/th703/.julia/juliaup/julia-1.12.0-rc2+0.x64.linux.gnu/bin/../lib/julia/libjulia-internal.so.1.12 (unknown line)
ijl_toplevel_eval_in at /home/links/th703/.julia/juliaup/julia-1.12.0-rc2+0.x64.linux.gnu/bin/../lib/julia/libjulia-internal.so.1.12 (unknown line)
julia_eval_54020.1 at /home/links/th703/.julia/juliaup/julia-1.12.0-rc2+0.x64.linux.gnu/lib/julia/sys.so (unknown line)
japi1_include_string_85695.2 at /home/links/th703/.julia/juliaup/julia-1.12.0-rc2+0.x64.linux.gnu/lib/julia/sys.so (unknown line)
japi1__include_48830.2 at /home/links/th703/.julia/juliaup/julia-1.12.0-rc2+0.x64.linux.gnu/lib/julia/sys.so (unknown line)
julia_include_48826.1 at /home/links/th703/.julia/juliaup/julia-1.12.0-rc2+0.x64.linux.gnu/lib/julia/sys.so (unknown line)
julia_exec_options_85627.2 at /home/links/th703/.julia/juliaup/julia-1.12.0-rc2+0.x64.linux.gnu/lib/julia/sys.so (unknown line)
julia__start_90591.2 at /home/links/th703/.julia/juliaup/julia-1.12.0-rc2+0.x64.linux.gnu/lib/julia/sys.so (unknown line)
jfptr__start_90592.1 at /home/links/th703/.julia/juliaup/julia-1.12.0-rc2+0.x64.linux.gnu/lib/julia/sys.so (unknown line)
true_main at /home/links/th703/.julia/juliaup/julia-1.12.0-rc2+0.x64.linux.gnu/bin/../lib/julia/libjulia-internal.so.1.12 (unknown line)
jl_repl_entrypoint at /home/links/th703/.julia/juliaup/julia-1.12.0-rc2+0.x64.linux.gnu/bin/../lib/julia/libjulia-internal.so.1.12 (unknown line)
main at /home/links/th703/.julia/juliaup/julia-1.12.0-rc2+0.x64.linux.gnu/bin/julia (unknown line)
__libc_start_call_main at /lib64/libc.so.6 (unknown line)
__libc_start_main at /lib64/libc.so.6 (unknown line)
_start at /home/links/th703/.julia/juliaup/julia-1.12.0-rc2+0.x64.linux.gnu/bin/julia (unknown line)
Allocations: 852371046907 (Pool: 852371045958; Big: 949); GC: 30225
