[ Info: 48_35: File for first layer does not exist; computing [2, 2, 4]...
[ Info: 48_35: Discriminant bound: 2154434690031883721786785792
[ Info: 48_35: Computing simplified defining polynomials for fields and sieving bad CM-fields
[ Info: 48_35: 1/19
[ Info: 48_35: 2/19
[ Info: 48_35: 3/19
[ Info: 48_35: 4/19
[ Info: 48_35: 5/19
[ Info: 48_35: 6/19
[ Info: 48_35: 7/19
[ Info: 48_35: 8/19
[ Info: 48_35: 9/19
[ Info: 48_35: 10/19
[ Info: 48_35: 11/19
[ Info: 48_35: 12/19
[ Info: 48_35: 13/19
[ Info: 48_35: 14/19
[ Info: 48_35: 15/19
[ Info: 48_35: 16/19
[ Info: 48_35: 17/19
[ Info: 48_35: 18/19
[ Info: 48_35: 19/19
[ Info: 48_35: layer 2/2, base field no. 1/19, constructing abelian extensions
[ Info: 48_35: layer 2/2, base field no. 1/19, checking fields: 0
[ Info: 48_35: layer 2/2, base field no. 2/19, constructing abelian extensions
[ Info: 48_35: layer 2/2, base field no. 2/19, checking fields: 0
[ Info: 48_35: layer 2/2, base field no. 3/19, constructing abelian extensions
[ Info: 48_35: layer 2/2, base field no. 3/19, checking fields: 0
[ Info: 48_35: layer 2/2, base field no. 4/19, constructing abelian extensions
[ Info: 48_35: layer 2/2, base field no. 4/19, checking fields: 0
[ Info: 48_35: layer 2/2, base field no. 5/19, constructing abelian extensions
[ Info: 48_35: layer 2/2, base field no. 5/19, checking fields: 0
[ Info: 48_35: layer 2/2, base field no. 6/19, constructing abelian extensions
[ Info: 48_35: layer 2/2, base field no. 6/19, checking fields: 0
[ Info: 48_35: layer 2/2, base field no. 7/19, constructing abelian extensions
[ Info: 48_35: layer 2/2, base field no. 7/19, checking fields: 0
[ Info: 48_35: layer 2/2, base field no. 8/19, constructing abelian extensions
[ Info: 48_35: layer 2/2, base field no. 8/19, checking fields: 0
[ Info: 48_35: layer 2/2, base field no. 9/19, constructing abelian extensions
[ Info: 48_35: layer 2/2, base field no. 9/19, checking fields: 0
[ Info: 48_35: layer 2/2, base field no. 10/19, constructing abelian extensions
[ Info: 48_35: layer 2/2, base field no. 10/19, checking fields: 0
[ Info: 48_35: layer 2/2, base field no. 11/19, constructing abelian extensions
[ Info: 48_35: layer 2/2, base field no. 11/19, checking fields: 0
[ Info: 48_35: layer 2/2, base field no. 12/19, constructing abelian extensions
[ Info: 48_35: layer 2/2, base field no. 12/19, checking fields: 0
[ Info: 48_35: layer 2/2, base field no. 13/19, constructing abelian extensions
[ Info: 48_35: layer 2/2, base field no. 13/19, checking fields: 0
[ Info: 48_35: layer 2/2, base field no. 14/19, constructing abelian extensions
[ Info: 48_35: layer 2/2, base field no. 14/19, checking fields: 0
[ Info: 48_35: layer 2/2, base field no. 15/19, constructing abelian extensions
[ Info: 48_35: layer 2/2, base field no. 15/19, checking fields: 0
[ Info: 48_35: layer 2/2, base field no. 16/19, constructing abelian extensions
[ Info: 48_35: layer 2/2, base field no. 16/19, checking fields: 0
[ Info: 48_35: layer 2/2, base field no. 17/19, constructing abelian extensions
[ Info: 48_35: layer 2/2, base field no. 17/19, checking fields: 0
[ Info: 48_35: layer 2/2, base field no. 18/19, constructing abelian extensions
[ Info: 48_35: layer 2/2, base field no. 18/19, checking fields: 0
[ Info: 48_35: layer 2/2, base field no. 19/19, constructing abelian extensions
[ Info: 48_35: layer 2/2, base field no. 19/19, checking fields: 0
 45.830695 seconds (243.37 M allocations: 11.544 GiB, 16.29% gc time, 36.46% compilation time: 1% of which was recompilation)
