[ Info: 60_3: File for first layer exists [4], 6309574; loading ...
[ Info: 60_3: layer 2/2, base field no. 1/172, constructing abelian extensions
[ Info: 60_3: layer 2/2, base field no. 1/172, checking fields: 0
[ Info: 60_3: layer 2/2, base field no. 2/172, constructing abelian extensions
[ Info: 60_3: layer 2/2, base field no. 2/172, checking fields: 0
[ Info: 60_3: layer 2/2, base field no. 3/172, constructing abelian extensions
[ Info: 60_3: layer 2/2, base field no. 3/172, checking fields: 7
[ Info: 60_3: layer 2/2, base field no. 3/172, 1/7
[ Info: 60_3: layer 2/2, base field no. 3/172, 2/7
[ Info: 60_3: layer 2/2, base field no. 3/172, 3/7
[ Info: 60_3: layer 2/2, base field no. 3/172, 4/7
[ Info: 60_3: layer 2/2, base field no. 3/172, 5/7
[ Info: 60_3: layer 2/2, base field no. 3/172, 6/7
[ Info: 60_3: layer 2/2, base field no. 3/172, 7/7
[ Info: 60_3: layer 2/2, base field no. 4/172, constructing abelian extensions
[ Info: 60_3: layer 2/2, base field no. 4/172, checking fields: 0
[ Info: 60_3: layer 2/2, base field no. 5/172, constructing abelian extensions
[ Info: 60_3: layer 2/2, base field no. 5/172, checking fields: 0
[ Info: 60_3: layer 2/2, base field no. 6/172, constructing abelian extensions
[ Info: 60_3: layer 2/2, base field no. 6/172, checking fields: 0
[ Info: 60_3: layer 2/2, base field no. 7/172, constructing abelian extensions
[ Info: 60_3: layer 2/2, base field no. 7/172, checking fields: 0
[ Info: 60_3: layer 2/2, base field no. 8/172, constructing abelian extensions
[ Info: 60_3: layer 2/2, base field no. 8/172, checking fields: 0
[ Info: 60_3: layer 2/2, base field no. 9/172, constructing abelian extensions
[ Info: 60_3: layer 2/2, base field no. 9/172, checking fields: 0
[ Info: 60_3: layer 2/2, base field no. 10/172, constructing abelian extensions
[ Info: 60_3: layer 2/2, base field no. 10/172, checking fields: 0
[ Info: 60_3: layer 2/2, base field no. 11/172, constructing abelian extensions
[ Info: 60_3: layer 2/2, base field no. 11/172, checking fields: 0
[ Info: 60_3: layer 2/2, base field no. 12/172, constructing abelian extensions
[ Info: 60_3: layer 2/2, base field no. 12/172, checking fields: 0
[ Info: 60_3: layer 2/2, base field no. 13/172, constructing abelian extensions
[ Info: 60_3: layer 2/2, base field no. 13/172, checking fields: 0
[ Info: 60_3: layer 2/2, base field no. 14/172, constructing abelian extensions
[ Info: 60_3: layer 2/2, base field no. 14/172, checking fields: 0
[ Info: 60_3: layer 2/2, base field no. 15/172, constructing abelian extensions
[ Info: 60_3: layer 2/2, base field no. 15/172, checking fields: 5
[ Info: 60_3: layer 2/2, base field no. 15/172, 1/5
[ Info: 60_3: layer 2/2, base field no. 15/172, 2/5
[ Info: 60_3: layer 2/2, base field no. 15/172, 3/5
[ Info: 60_3: layer 2/2, base field no. 15/172, 4/5
[ Info: 60_3: layer 2/2, base field no. 15/172, 5/5
[ Info: 60_3: layer 2/2, base field no. 16/172, constructing abelian extensions
[ Info: 60_3: layer 2/2, base field no. 16/172, checking fields: 0
[ Info: 60_3: layer 2/2, base field no. 17/172, constructing abelian extensions
[ Info: 60_3: layer 2/2, base field no. 17/172, checking fields: 0
[ Info: 60_3: layer 2/2, base field no. 18/172, constructing abelian extensions
[ Info: 60_3: layer 2/2, base field no. 18/172, checking fields: 0
[ Info: 60_3: layer 2/2, base field no. 19/172, constructing abelian extensions
[ Info: 60_3: layer 2/2, base field no. 19/172, checking fields: 0
[ Info: 60_3: layer 2/2, base field no. 20/172, constructing abelian extensions
[ Info: 60_3: layer 2/2, base field no. 20/172, checking fields: 0
[ Info: 60_3: layer 2/2, base field no. 21/172, constructing abelian extensions
[ Info: 60_3: layer 2/2, base field no. 21/172, checking fields: 0
[ Info: 60_3: layer 2/2, base field no. 22/172, constructing abelian extensions
[ Info: 60_3: layer 2/2, base field no. 22/172, checking fields: 0
[ Info: 60_3: layer 2/2, base field no. 23/172, constructing abelian extensions
[ Info: 60_3: layer 2/2, base field no. 23/172, checking fields: 0
[ Info: 60_3: layer 2/2, base field no. 24/172, constructing abelian extensions
[ Info: 60_3: layer 2/2, base field no. 24/172, checking fields: 0
[ Info: 60_3: layer 2/2, base field no. 25/172, constructing abelian extensions
[ Info: 60_3: layer 2/2, base field no. 25/172, checking fields: 0
[ Info: 60_3: layer 2/2, base field no. 26/172, constructing abelian extensions
[ Info: 60_3: layer 2/2, base field no. 26/172, checking fields: 0
[ Info: 60_3: layer 2/2, base field no. 27/172, constructing abelian extensions
[ Info: 60_3: layer 2/2, base field no. 27/172, checking fields: 0
[ Info: 60_3: layer 2/2, base field no. 28/172, constructing abelian extensions
[ Info: 60_3: layer 2/2, base field no. 28/172, checking fields: 0
[ Info: 60_3: layer 2/2, base field no. 29/172, constructing abelian extensions
[ Info: 60_3: layer 2/2, base field no. 29/172, checking fields: 0
[ Info: 60_3: layer 2/2, base field no. 30/172, constructing abelian extensions
[ Info: 60_3: layer 2/2, base field no. 30/172, checking fields: 0
[ Info: 60_3: layer 2/2, base field no. 31/172, constructing abelian extensions
[ Info: 60_3: layer 2/2, base field no. 31/172, checking fields: 0
[ Info: 60_3: layer 2/2, base field no. 32/172, constructing abelian extensions
[ Info: 60_3: layer 2/2, base field no. 32/172, checking fields: 0
[ Info: 60_3: layer 2/2, base field no. 33/172, constructing abelian extensions
[ Info: 60_3: layer 2/2, base field no. 33/172, checking fields: 0
[ Info: 60_3: layer 2/2, base field no. 34/172, constructing abelian extensions
[ Info: 60_3: layer 2/2, base field no. 34/172, checking fields: 0
[ Info: 60_3: layer 2/2, base field no. 35/172, constructing abelian extensions
[ Info: 60_3: layer 2/2, base field no. 35/172, checking fields: 0
[ Info: 60_3: layer 2/2, base field no. 36/172, constructing abelian extensions
[ Info: 60_3: layer 2/2, base field no. 36/172, checking fields: 0
[ Info: 60_3: layer 2/2, base field no. 37/172, constructing abelian extensions
[ Info: 60_3: layer 2/2, base field no. 37/172, checking fields: 0
[ Info: 60_3: layer 2/2, base field no. 38/172, constructing abelian extensions
[ Info: 60_3: layer 2/2, base field no. 38/172, checking fields: 0
[ Info: 60_3: layer 2/2, base field no. 39/172, constructing abelian extensions
[ Info: 60_3: layer 2/2, base field no. 39/172, checking fields: 0
[ Info: 60_3: layer 2/2, base field no. 40/172, constructing abelian extensions
[ Info: 60_3: layer 2/2, base field no. 40/172, checking fields: 0
[ Info: 60_3: layer 2/2, base field no. 41/172, constructing abelian extensions
[ Info: 60_3: layer 2/2, base field no. 41/172, checking fields: 0
[ Info: 60_3: layer 2/2, base field no. 42/172, constructing abelian extensions
[ Info: 60_3: layer 2/2, base field no. 42/172, checking fields: 0
[ Info: 60_3: layer 2/2, base field no. 43/172, constructing abelian extensions
[ Info: 60_3: layer 2/2, base field no. 43/172, checking fields: 0
[ Info: 60_3: layer 2/2, base field no. 44/172, constructing abelian extensions
[ Info: 60_3: layer 2/2, base field no. 44/172, checking fields: 0
[ Info: 60_3: layer 2/2, base field no. 45/172, constructing abelian extensions
[ Info: 60_3: layer 2/2, base field no. 45/172, checking fields: 0
[ Info: 60_3: layer 2/2, base field no. 46/172, constructing abelian extensions
[ Info: 60_3: layer 2/2, base field no. 46/172, checking fields: 0
[ Info: 60_3: layer 2/2, base field no. 47/172, constructing abelian extensions
[ Info: 60_3: layer 2/2, base field no. 47/172, checking fields: 2
[ Info: 60_3: layer 2/2, base field no. 47/172, 1/2
[ Info: 60_3: layer 2/2, base field no. 47/172, 2/2
[ Info: 60_3: layer 2/2, base field no. 48/172, constructing abelian extensions
[ Info: 60_3: layer 2/2, base field no. 48/172, checking fields: 0
[ Info: 60_3: layer 2/2, base field no. 49/172, constructing abelian extensions
[ Info: 60_3: layer 2/2, base field no. 49/172, checking fields: 0
[ Info: 60_3: layer 2/2, base field no. 50/172, constructing abelian extensions
[ Info: 60_3: layer 2/2, base field no. 50/172, checking fields: 0
[ Info: 60_3: layer 2/2, base field no. 51/172, constructing abelian extensions
[ Info: 60_3: layer 2/2, base field no. 51/172, checking fields: 0
[ Info: 60_3: layer 2/2, base field no. 52/172, constructing abelian extensions
[ Info: 60_3: layer 2/2, base field no. 52/172, checking fields: 0
[ Info: 60_3: layer 2/2, base field no. 53/172, constructing abelian extensions
[ Info: 60_3: layer 2/2, base field no. 53/172, checking fields: 0
[ Info: 60_3: layer 2/2, base field no. 54/172, constructing abelian extensions
[ Info: 60_3: layer 2/2, base field no. 54/172, checking fields: 0
[ Info: 60_3: layer 2/2, base field no. 55/172, constructing abelian extensions
[ Info: 60_3: layer 2/2, base field no. 55/172, checking fields: 0
[ Info: 60_3: layer 2/2, base field no. 56/172, constructing abelian extensions
[ Info: 60_3: layer 2/2, base field no. 56/172, checking fields: 0
[ Info: 60_3: layer 2/2, base field no. 57/172, constructing abelian extensions
[ Info: 60_3: layer 2/2, base field no. 57/172, checking fields: 0
[ Info: 60_3: layer 2/2, base field no. 58/172, constructing abelian extensions
[ Info: 60_3: layer 2/2, base field no. 58/172, checking fields: 0
[ Info: 60_3: layer 2/2, base field no. 59/172, constructing abelian extensions
[ Info: 60_3: layer 2/2, base field no. 59/172, checking fields: 0
[ Info: 60_3: layer 2/2, base field no. 60/172, constructing abelian extensions
[ Info: 60_3: layer 2/2, base field no. 60/172, checking fields: 0
[ Info: 60_3: layer 2/2, base field no. 61/172, constructing abelian extensions
[ Info: 60_3: layer 2/2, base field no. 61/172, checking fields: 0
[ Info: 60_3: layer 2/2, base field no. 62/172, constructing abelian extensions
[ Info: 60_3: layer 2/2, base field no. 62/172, checking fields: 0
[ Info: 60_3: layer 2/2, base field no. 63/172, constructing abelian extensions
[ Info: 60_3: layer 2/2, base field no. 63/172, checking fields: 0
[ Info: 60_3: layer 2/2, base field no. 64/172, constructing abelian extensions
[ Info: 60_3: layer 2/2, base field no. 64/172, checking fields: 0
[ Info: 60_3: layer 2/2, base field no. 65/172, constructing abelian extensions
[ Info: 60_3: layer 2/2, base field no. 65/172, checking fields: 0
[ Info: 60_3: layer 2/2, base field no. 66/172, constructing abelian extensions
[ Info: 60_3: layer 2/2, base field no. 66/172, checking fields: 0
[ Info: 60_3: layer 2/2, base field no. 67/172, constructing abelian extensions
[ Info: 60_3: layer 2/2, base field no. 67/172, checking fields: 0
[ Info: 60_3: layer 2/2, base field no. 68/172, constructing abelian extensions
[ Info: 60_3: layer 2/2, base field no. 68/172, checking fields: 0
[ Info: 60_3: layer 2/2, base field no. 69/172, constructing abelian extensions
[ Info: 60_3: layer 2/2, base field no. 69/172, checking fields: 0
[ Info: 60_3: layer 2/2, base field no. 70/172, constructing abelian extensions
[ Info: 60_3: layer 2/2, base field no. 70/172, checking fields: 0
[ Info: 60_3: layer 2/2, base field no. 71/172, constructing abelian extensions
[ Info: 60_3: layer 2/2, base field no. 71/172, checking fields: 1
[ Info: 60_3: layer 2/2, base field no. 71/172, 1/1
[ Info: 60_3: layer 2/2, base field no. 72/172, constructing abelian extensions
[ Info: 60_3: layer 2/2, base field no. 72/172, checking fields: 0
[ Info: 60_3: layer 2/2, base field no. 73/172, constructing abelian extensions
[ Info: 60_3: layer 2/2, base field no. 73/172, checking fields: 2
[ Info: 60_3: layer 2/2, base field no. 73/172, 1/2
[ Info: 60_3: layer 2/2, base field no. 73/172, 2/2
[ Info: 60_3: layer 2/2, base field no. 74/172, constructing abelian extensions
[ Info: 60_3: layer 2/2, base field no. 74/172, checking fields: 0
[ Info: 60_3: layer 2/2, base field no. 75/172, constructing abelian extensions
[ Info: 60_3: layer 2/2, base field no. 75/172, checking fields: 0
[ Info: 60_3: layer 2/2, base field no. 76/172, constructing abelian extensions
[ Info: 60_3: layer 2/2, base field no. 76/172, checking fields: 0
[ Info: 60_3: layer 2/2, base field no. 77/172, constructing abelian extensions
[ Info: 60_3: layer 2/2, base field no. 77/172, checking fields: 0
[ Info: 60_3: layer 2/2, base field no. 78/172, constructing abelian extensions
[ Info: 60_3: layer 2/2, base field no. 78/172, checking fields: 0
[ Info: 60_3: layer 2/2, base field no. 79/172, constructing abelian extensions
[ Info: 60_3: layer 2/2, base field no. 79/172, checking fields: 0
[ Info: 60_3: layer 2/2, base field no. 80/172, constructing abelian extensions
[ Info: 60_3: layer 2/2, base field no. 80/172, checking fields: 0
[ Info: 60_3: layer 2/2, base field no. 81/172, constructing abelian extensions
[ Info: 60_3: layer 2/2, base field no. 81/172, checking fields: 0
[ Info: 60_3: layer 2/2, base field no. 82/172, constructing abelian extensions
[ Info: 60_3: layer 2/2, base field no. 82/172, checking fields: 0
[ Info: 60_3: layer 2/2, base field no. 83/172, constructing abelian extensions
[ Info: 60_3: layer 2/2, base field no. 83/172, checking fields: 0
[ Info: 60_3: layer 2/2, base field no. 84/172, constructing abelian extensions
[ Info: 60_3: layer 2/2, base field no. 84/172, checking fields: 0
[ Info: 60_3: layer 2/2, base field no. 85/172, constructing abelian extensions
[ Info: 60_3: layer 2/2, base field no. 85/172, checking fields: 0
[ Info: 60_3: layer 2/2, base field no. 86/172, constructing abelian extensions
[ Info: 60_3: layer 2/2, base field no. 86/172, checking fields: 0
[ Info: 60_3: layer 2/2, base field no. 87/172, constructing abelian extensions
[ Info: 60_3: layer 2/2, base field no. 87/172, checking fields: 0
[ Info: 60_3: layer 2/2, base field no. 88/172, constructing abelian extensions
[ Info: 60_3: layer 2/2, base field no. 88/172, checking fields: 0
[ Info: 60_3: layer 2/2, base field no. 89/172, constructing abelian extensions
[ Info: 60_3: layer 2/2, base field no. 89/172, checking fields: 0
[ Info: 60_3: layer 2/2, base field no. 90/172, constructing abelian extensions
[ Info: 60_3: layer 2/2, base field no. 90/172, checking fields: 0
[ Info: 60_3: layer 2/2, base field no. 91/172, constructing abelian extensions
[ Info: 60_3: layer 2/2, base field no. 91/172, checking fields: 0
[ Info: 60_3: layer 2/2, base field no. 92/172, constructing abelian extensions
[ Info: 60_3: layer 2/2, base field no. 92/172, checking fields: 0
[ Info: 60_3: layer 2/2, base field no. 93/172, constructing abelian extensions
[ Info: 60_3: layer 2/2, base field no. 93/172, checking fields: 0
[ Info: 60_3: layer 2/2, base field no. 94/172, constructing abelian extensions
[ Info: 60_3: layer 2/2, base field no. 94/172, checking fields: 0
[ Info: 60_3: layer 2/2, base field no. 95/172, constructing abelian extensions
[ Info: 60_3: layer 2/2, base field no. 95/172, checking fields: 0
[ Info: 60_3: layer 2/2, base field no. 96/172, constructing abelian extensions
[ Info: 60_3: layer 2/2, base field no. 96/172, checking fields: 0
[ Info: 60_3: layer 2/2, base field no. 97/172, constructing abelian extensions
[ Info: 60_3: layer 2/2, base field no. 97/172, checking fields: 0
[ Info: 60_3: layer 2/2, base field no. 98/172, constructing abelian extensions
[ Info: 60_3: layer 2/2, base field no. 98/172, checking fields: 0
[ Info: 60_3: layer 2/2, base field no. 99/172, constructing abelian extensions
[ Info: 60_3: layer 2/2, base field no. 99/172, checking fields: 0
[ Info: 60_3: layer 2/2, base field no. 100/172, constructing abelian extensions
[ Info: 60_3: layer 2/2, base field no. 100/172, checking fields: 0
[ Info: 60_3: layer 2/2, base field no. 101/172, constructing abelian extensions
[ Info: 60_3: layer 2/2, base field no. 101/172, checking fields: 0
[ Info: 60_3: layer 2/2, base field no. 102/172, constructing abelian extensions
[ Info: 60_3: layer 2/2, base field no. 102/172, checking fields: 0
[ Info: 60_3: layer 2/2, base field no. 103/172, constructing abelian extensions
[ Info: 60_3: layer 2/2, base field no. 103/172, checking fields: 0
[ Info: 60_3: layer 2/2, base field no. 104/172, constructing abelian extensions
[ Info: 60_3: layer 2/2, base field no. 104/172, checking fields: 0
[ Info: 60_3: layer 2/2, base field no. 105/172, constructing abelian extensions
[ Info: 60_3: layer 2/2, base field no. 105/172, checking fields: 0
[ Info: 60_3: layer 2/2, base field no. 106/172, constructing abelian extensions
[ Info: 60_3: layer 2/2, base field no. 106/172, checking fields: 0
[ Info: 60_3: layer 2/2, base field no. 107/172, constructing abelian extensions
[ Info: 60_3: layer 2/2, base field no. 107/172, checking fields: 0
[ Info: 60_3: layer 2/2, base field no. 108/172, constructing abelian extensions
[ Info: 60_3: layer 2/2, base field no. 108/172, checking fields: 0
[ Info: 60_3: layer 2/2, base field no. 109/172, constructing abelian extensions
[ Info: 60_3: layer 2/2, base field no. 109/172, checking fields: 0
[ Info: 60_3: layer 2/2, base field no. 110/172, constructing abelian extensions
[ Info: 60_3: layer 2/2, base field no. 110/172, checking fields: 0
[ Info: 60_3: layer 2/2, base field no. 111/172, constructing abelian extensions
[ Info: 60_3: layer 2/2, base field no. 111/172, checking fields: 0
[ Info: 60_3: layer 2/2, base field no. 112/172, constructing abelian extensions
[ Info: 60_3: layer 2/2, base field no. 112/172, checking fields: 0
[ Info: 60_3: layer 2/2, base field no. 113/172, constructing abelian extensions
[ Info: 60_3: layer 2/2, base field no. 113/172, checking fields: 0
[ Info: 60_3: layer 2/2, base field no. 114/172, constructing abelian extensions
[ Info: 60_3: layer 2/2, base field no. 114/172, checking fields: 0
[ Info: 60_3: layer 2/2, base field no. 115/172, constructing abelian extensions
[ Info: 60_3: layer 2/2, base field no. 115/172, checking fields: 0
[ Info: 60_3: layer 2/2, base field no. 116/172, constructing abelian extensions
[ Info: 60_3: layer 2/2, base field no. 116/172, checking fields: 0
[ Info: 60_3: layer 2/2, base field no. 117/172, constructing abelian extensions
[ Info: 60_3: layer 2/2, base field no. 117/172, checking fields: 0
[ Info: 60_3: layer 2/2, base field no. 118/172, constructing abelian extensions
[ Info: 60_3: layer 2/2, base field no. 118/172, checking fields: 0
[ Info: 60_3: layer 2/2, base field no. 119/172, constructing abelian extensions
[ Info: 60_3: layer 2/2, base field no. 119/172, checking fields: 0
[ Info: 60_3: layer 2/2, base field no. 120/172, constructing abelian extensions
[ Info: 60_3: layer 2/2, base field no. 120/172, checking fields: 0
[ Info: 60_3: layer 2/2, base field no. 121/172, constructing abelian extensions
[ Info: 60_3: layer 2/2, base field no. 121/172, checking fields: 0
[ Info: 60_3: layer 2/2, base field no. 122/172, constructing abelian extensions
[ Info: 60_3: layer 2/2, base field no. 122/172, checking fields: 0
[ Info: 60_3: layer 2/2, base field no. 123/172, constructing abelian extensions
[ Info: 60_3: layer 2/2, base field no. 123/172, checking fields: 0
[ Info: 60_3: layer 2/2, base field no. 124/172, constructing abelian extensions
[ Info: 60_3: layer 2/2, base field no. 124/172, checking fields: 0
[ Info: 60_3: layer 2/2, base field no. 125/172, constructing abelian extensions
[ Info: 60_3: layer 2/2, base field no. 125/172, checking fields: 0
[ Info: 60_3: layer 2/2, base field no. 126/172, constructing abelian extensions
[ Info: 60_3: layer 2/2, base field no. 126/172, checking fields: 0
[ Info: 60_3: layer 2/2, base field no. 127/172, constructing abelian extensions
[ Info: 60_3: layer 2/2, base field no. 127/172, checking fields: 0
[ Info: 60_3: layer 2/2, base field no. 128/172, constructing abelian extensions
[ Info: 60_3: layer 2/2, base field no. 128/172, checking fields: 0
[ Info: 60_3: layer 2/2, base field no. 129/172, constructing abelian extensions
[ Info: 60_3: layer 2/2, base field no. 129/172, checking fields: 0
[ Info: 60_3: layer 2/2, base field no. 130/172, constructing abelian extensions
[ Info: 60_3: layer 2/2, base field no. 130/172, checking fields: 0
[ Info: 60_3: layer 2/2, base field no. 131/172, constructing abelian extensions
[ Info: 60_3: layer 2/2, base field no. 131/172, checking fields: 0
[ Info: 60_3: layer 2/2, base field no. 132/172, constructing abelian extensions
[ Info: 60_3: layer 2/2, base field no. 132/172, checking fields: 0
[ Info: 60_3: layer 2/2, base field no. 133/172, constructing abelian extensions
[ Info: 60_3: layer 2/2, base field no. 133/172, checking fields: 0
[ Info: 60_3: layer 2/2, base field no. 134/172, constructing abelian extensions
[ Info: 60_3: layer 2/2, base field no. 134/172, checking fields: 0
[ Info: 60_3: layer 2/2, base field no. 135/172, constructing abelian extensions
[ Info: 60_3: layer 2/2, base field no. 135/172, checking fields: 0
[ Info: 60_3: layer 2/2, base field no. 136/172, constructing abelian extensions
[ Info: 60_3: layer 2/2, base field no. 136/172, checking fields: 0
[ Info: 60_3: layer 2/2, base field no. 137/172, constructing abelian extensions
[ Info: 60_3: layer 2/2, base field no. 137/172, checking fields: 0
[ Info: 60_3: layer 2/2, base field no. 138/172, constructing abelian extensions
[ Info: 60_3: layer 2/2, base field no. 138/172, checking fields: 0
[ Info: 60_3: layer 2/2, base field no. 139/172, constructing abelian extensions
[ Info: 60_3: layer 2/2, base field no. 139/172, checking fields: 0
[ Info: 60_3: layer 2/2, base field no. 140/172, constructing abelian extensions
[ Info: 60_3: layer 2/2, base field no. 140/172, checking fields: 0
[ Info: 60_3: layer 2/2, base field no. 141/172, constructing abelian extensions
[ Info: 60_3: layer 2/2, base field no. 141/172, checking fields: 0
[ Info: 60_3: layer 2/2, base field no. 142/172, constructing abelian extensions
[ Info: 60_3: layer 2/2, base field no. 142/172, checking fields: 0
[ Info: 60_3: layer 2/2, base field no. 143/172, constructing abelian extensions
[ Info: 60_3: layer 2/2, base field no. 143/172, checking fields: 0
[ Info: 60_3: layer 2/2, base field no. 144/172, constructing abelian extensions
[ Info: 60_3: layer 2/2, base field no. 144/172, checking fields: 0
[ Info: 60_3: layer 2/2, base field no. 145/172, constructing abelian extensions
[ Info: 60_3: layer 2/2, base field no. 145/172, checking fields: 0
[ Info: 60_3: layer 2/2, base field no. 146/172, constructing abelian extensions
[ Info: 60_3: layer 2/2, base field no. 146/172, checking fields: 0
[ Info: 60_3: layer 2/2, base field no. 147/172, constructing abelian extensions
[ Info: 60_3: layer 2/2, base field no. 147/172, checking fields: 0
[ Info: 60_3: layer 2/2, base field no. 148/172, constructing abelian extensions
[ Info: 60_3: layer 2/2, base field no. 148/172, checking fields: 0
[ Info: 60_3: layer 2/2, base field no. 149/172, constructing abelian extensions
[ Info: 60_3: layer 2/2, base field no. 149/172, checking fields: 0
[ Info: 60_3: layer 2/2, base field no. 150/172, constructing abelian extensions
[ Info: 60_3: layer 2/2, base field no. 150/172, checking fields: 0
[ Info: 60_3: layer 2/2, base field no. 151/172, constructing abelian extensions
[ Info: 60_3: layer 2/2, base field no. 151/172, checking fields: 0
[ Info: 60_3: layer 2/2, base field no. 152/172, constructing abelian extensions
[ Info: 60_3: layer 2/2, base field no. 152/172, checking fields: 0
[ Info: 60_3: layer 2/2, base field no. 153/172, constructing abelian extensions
[ Info: 60_3: layer 2/2, base field no. 153/172, checking fields: 0
[ Info: 60_3: layer 2/2, base field no. 154/172, constructing abelian extensions
[ Info: 60_3: layer 2/2, base field no. 154/172, checking fields: 0
[ Info: 60_3: layer 2/2, base field no. 155/172, constructing abelian extensions
[ Info: 60_3: layer 2/2, base field no. 155/172, checking fields: 0
[ Info: 60_3: layer 2/2, base field no. 156/172, constructing abelian extensions
[ Info: 60_3: layer 2/2, base field no. 156/172, checking fields: 0
[ Info: 60_3: layer 2/2, base field no. 157/172, constructing abelian extensions
[ Info: 60_3: layer 2/2, base field no. 157/172, checking fields: 0
[ Info: 60_3: layer 2/2, base field no. 158/172, constructing abelian extensions
[ Info: 60_3: layer 2/2, base field no. 158/172, checking fields: 0
[ Info: 60_3: layer 2/2, base field no. 159/172, constructing abelian extensions
[ Info: 60_3: layer 2/2, base field no. 159/172, checking fields: 0
[ Info: 60_3: layer 2/2, base field no. 160/172, constructing abelian extensions
[ Info: 60_3: layer 2/2, base field no. 160/172, checking fields: 0
[ Info: 60_3: layer 2/2, base field no. 161/172, constructing abelian extensions
[ Info: 60_3: layer 2/2, base field no. 161/172, checking fields: 0
[ Info: 60_3: layer 2/2, base field no. 162/172, constructing abelian extensions
[ Info: 60_3: layer 2/2, base field no. 162/172, checking fields: 0
[ Info: 60_3: layer 2/2, base field no. 163/172, constructing abelian extensions
[ Info: 60_3: layer 2/2, base field no. 163/172, checking fields: 0
[ Info: 60_3: layer 2/2, base field no. 164/172, constructing abelian extensions
[ Info: 60_3: layer 2/2, base field no. 164/172, checking fields: 0
[ Info: 60_3: layer 2/2, base field no. 165/172, constructing abelian extensions
[ Info: 60_3: layer 2/2, base field no. 165/172, checking fields: 0
[ Info: 60_3: layer 2/2, base field no. 166/172, constructing abelian extensions
[ Info: 60_3: layer 2/2, base field no. 166/172, checking fields: 0
[ Info: 60_3: layer 2/2, base field no. 167/172, constructing abelian extensions
[ Info: 60_3: layer 2/2, base field no. 167/172, checking fields: 0
[ Info: 60_3: layer 2/2, base field no. 168/172, constructing abelian extensions
[ Info: 60_3: layer 2/2, base field no. 168/172, checking fields: 0
[ Info: 60_3: layer 2/2, base field no. 169/172, constructing abelian extensions
[ Info: 60_3: layer 2/2, base field no. 169/172, checking fields: 0
[ Info: 60_3: layer 2/2, base field no. 170/172, constructing abelian extensions
[ Info: 60_3: layer 2/2, base field no. 170/172, checking fields: 0
[ Info: 60_3: layer 2/2, base field no. 171/172, constructing abelian extensions
[ Info: 60_3: layer 2/2, base field no. 171/172, checking fields: 1
[ Info: 60_3: layer 2/2, base field no. 171/172, 1/1
[ Info: 60_3: layer 2/2, base field no. 172/172, constructing abelian extensions
[ Info: 60_3: layer 2/2, base field no. 172/172, checking fields: 0
529.386171 seconds (1.35 G allocations: 171.300 GiB, 5.95% gc time, 2.59% compilation time: 2% of which was recompilation)
