Precompiling packages...
   1046.8 ms  ✓ Preferences
   1259.4 ms  ✓ JLLWrappers
   2734.4 ms  ✓ RandomExtensions
   2878.9 ms  ✓ MacroTools
   1164.1 ms  ✓ OpenBLAS32_jll
   1114.5 ms  ✓ FLINT_jll
  10603.0 ms  ✓ AbstractAlgebra
  14840.8 ms  ✓ Nemo
  74228.0 ms  ✓ Hecke
  9 dependencies successfully precompiled in 104 seconds. 32 already precompiled.
Precompiling packages...
   2204.8 ms  ✓ ProgressMeter
  1 dependency successfully precompiled in 2 seconds. 4 already precompiled.
ERROR: LoadError: BoundsError: attempt to access 0-element Vector{Any} at index [0]
Stacktrace:
 [1] throw_boundserror(A::Vector{Any}, I::Tuple{Int64})
   @ Base ./essentials.jl:15
 [2] getindex
   @ ./essentials.jl:919 [inlined]
 [3] main()
   @ Main ~/repositories/ClassNumberOne/nonabelian/60_5/60_5.jl:24
 [4] macro expansion
   @ ./timing.jl:689 [inlined]
 [5] top-level scope
   @ ~/repositories/ClassNumberOne/nonabelian/60_5/60_5.jl:353
 [6] include(mod::Module, _path::String)
   @ Base ./Base.jl:306
 [7] exec_options(opts::Base.JLOptions)
   @ Base ./client.jl:317
 [8] _start()
   @ Base ./client.jl:550
in expression starting at /home/links/th703/repositories/ClassNumberOne/nonabelian/60_5/60_5.jl:150
