[ Info: 64_101: File for first layer exists [2, 2, 4], 1000000000000000000000000000; loading ...
[ Info: 64_101: layer 2/2, base field no. 1/53, constructing abelian extensions
[ Info: 64_101: layer 2/2, base field no. 1/53, checking fields: 60
[ Info: 64_101: layer 2/2, base field no. 1/53, 1/60
[ Info: 64_101: layer 2/2, base field no. 1/53, 2/60
[ Info: 64_101: layer 2/2, base field no. 1/53, 3/60
[ Info: 64_101: layer 2/2, base field no. 1/53, 4/60
[ Info: 64_101: layer 2/2, base field no. 1/53, 5/60
[ Info: 64_101: layer 2/2, base field no. 1/53, 6/60
[ Info: 64_101: layer 2/2, base field no. 1/53, 7/60
[ Info: 64_101: layer 2/2, base field no. 1/53, 8/60
[ Info: 64_101: layer 2/2, base field no. 1/53, 9/60
[ Info: 64_101: layer 2/2, base field no. 1/53, 10/60
[ Info: 64_101: layer 2/2, base field no. 1/53, 11/60
[ Info: 64_101: layer 2/2, base field no. 1/53, 12/60
[ Info: 64_101: layer 2/2, base field no. 1/53, 13/60
[ Info: 64_101: layer 2/2, base field no. 1/53, 14/60
[ Info: 64_101: layer 2/2, base field no. 1/53, 15/60
[ Info: 64_101: layer 2/2, base field no. 1/53, 16/60
[ Info: 64_101: layer 2/2, base field no. 1/53, 17/60
[ Info: 64_101: layer 2/2, base field no. 1/53, 18/60
[ Info: 64_101: layer 2/2, base field no. 1/53, 19/60
[ Info: 64_101: layer 2/2, base field no. 1/53, 20/60
[ Info: 64_101: layer 2/2, base field no. 1/53, 21/60
[ Info: 64_101: layer 2/2, base field no. 1/53, 22/60
[ Info: 64_101: layer 2/2, base field no. 1/53, 23/60
[ Info: 64_101: layer 2/2, base field no. 1/53, 24/60
[ Info: 64_101: layer 2/2, base field no. 1/53, 25/60
[ Info: 64_101: layer 2/2, base field no. 1/53, 26/60
[ Info: 64_101: layer 2/2, base field no. 1/53, 27/60
[ Info: 64_101: layer 2/2, base field no. 1/53, 28/60
[ Info: 64_101: layer 2/2, base field no. 1/53, 29/60
[ Info: 64_101: layer 2/2, base field no. 1/53, 30/60
[ Info: 64_101: layer 2/2, base field no. 1/53, 31/60
[ Info: 64_101: layer 2/2, base field no. 1/53, 32/60
[ Info: 64_101: layer 2/2, base field no. 1/53, 33/60
[ Info: 64_101: layer 2/2, base field no. 1/53, 34/60
[ Info: 64_101: layer 2/2, base field no. 1/53, 35/60
[ Info: 64_101: layer 2/2, base field no. 1/53, 36/60
[ Info: 64_101: layer 2/2, base field no. 1/53, 37/60
[ Info: 64_101: layer 2/2, base field no. 1/53, 38/60
[ Info: 64_101: layer 2/2, base field no. 1/53, 39/60
[ Info: 64_101: layer 2/2, base field no. 1/53, 40/60
[ Info: 64_101: layer 2/2, base field no. 1/53, 41/60
[ Info: 64_101: layer 2/2, base field no. 1/53, 42/60
[ Info: 64_101: layer 2/2, base field no. 1/53, 43/60
[ Info: 64_101: layer 2/2, base field no. 1/53, 44/60
[ Info: 64_101: layer 2/2, base field no. 1/53, 45/60
[ Info: 64_101: layer 2/2, base field no. 1/53, 46/60
[ Info: 64_101: layer 2/2, base field no. 1/53, 47/60
[ Info: 64_101: layer 2/2, base field no. 1/53, 48/60
[ Info: 64_101: layer 2/2, base field no. 1/53, 49/60
[ Info: 64_101: layer 2/2, base field no. 1/53, 50/60
[ Info: 64_101: layer 2/2, base field no. 1/53, 51/60
[ Info: 64_101: layer 2/2, base field no. 1/53, 52/60
[ Info: 64_101: layer 2/2, base field no. 1/53, 53/60
[ Info: 64_101: layer 2/2, base field no. 1/53, 54/60
[ Info: 64_101: layer 2/2, base field no. 1/53, 55/60
[ Info: 64_101: layer 2/2, base field no. 1/53, 56/60
[ Info: 64_101: layer 2/2, base field no. 1/53, 57/60
[ Info: 64_101: layer 2/2, base field no. 1/53, 58/60
[ Info: 64_101: layer 2/2, base field no. 1/53, 59/60
[ Info: 64_101: layer 2/2, base field no. 1/53, 60/60
[ Info: 64_101: layer 2/2, base field no. 2/53, constructing abelian extensions
[ Info: 64_101: layer 2/2, base field no. 2/53, checking fields: 44
[ Info: 64_101: layer 2/2, base field no. 2/53, 1/44
[ Info: 64_101: layer 2/2, base field no. 2/53, 2/44
[ Info: 64_101: layer 2/2, base field no. 2/53, 3/44
[ Info: 64_101: layer 2/2, base field no. 2/53, 4/44
[ Info: 64_101: layer 2/2, base field no. 2/53, 5/44
[ Info: 64_101: layer 2/2, base field no. 2/53, 6/44
[ Info: 64_101: layer 2/2, base field no. 2/53, 7/44
[ Info: 64_101: layer 2/2, base field no. 2/53, 8/44
[ Info: 64_101: layer 2/2, base field no. 2/53, 9/44
[ Info: 64_101: layer 2/2, base field no. 2/53, 10/44
[ Info: 64_101: layer 2/2, base field no. 2/53, 11/44
[ Info: 64_101: layer 2/2, base field no. 2/53, 12/44
[ Info: 64_101: layer 2/2, base field no. 2/53, 13/44
[ Info: 64_101: layer 2/2, base field no. 2/53, 14/44
[ Info: 64_101: layer 2/2, base field no. 2/53, 15/44
[ Info: 64_101: layer 2/2, base field no. 2/53, 16/44
[ Info: 64_101: layer 2/2, base field no. 2/53, 17/44
[ Info: 64_101: layer 2/2, base field no. 2/53, 18/44
[ Info: 64_101: layer 2/2, base field no. 2/53, 19/44
[ Info: 64_101: layer 2/2, base field no. 2/53, 20/44
[ Info: 64_101: layer 2/2, base field no. 2/53, 21/44
[ Info: 64_101: layer 2/2, base field no. 2/53, 22/44
[ Info: 64_101: layer 2/2, base field no. 2/53, 23/44
[ Info: 64_101: layer 2/2, base field no. 2/53, 24/44
[ Info: 64_101: layer 2/2, base field no. 2/53, 25/44
[ Info: 64_101: layer 2/2, base field no. 2/53, 26/44
[ Info: 64_101: layer 2/2, base field no. 2/53, 27/44
[ Info: 64_101: layer 2/2, base field no. 2/53, 28/44
[ Info: 64_101: layer 2/2, base field no. 2/53, 29/44
[ Info: 64_101: layer 2/2, base field no. 2/53, 30/44
[ Info: 64_101: layer 2/2, base field no. 2/53, 31/44
[ Info: 64_101: layer 2/2, base field no. 2/53, 32/44
[ Info: 64_101: layer 2/2, base field no. 2/53, 33/44
[ Info: 64_101: layer 2/2, base field no. 2/53, 34/44
[ Info: 64_101: layer 2/2, base field no. 2/53, 35/44
[ Info: 64_101: layer 2/2, base field no. 2/53, 36/44
[ Info: 64_101: layer 2/2, base field no. 2/53, 37/44
[ Info: 64_101: layer 2/2, base field no. 2/53, 38/44
[ Info: 64_101: layer 2/2, base field no. 2/53, 39/44
[ Info: 64_101: layer 2/2, base field no. 2/53, 40/44
[ Info: 64_101: layer 2/2, base field no. 2/53, 41/44
[ Info: 64_101: layer 2/2, base field no. 2/53, 42/44
[ Info: 64_101: layer 2/2, base field no. 2/53, 43/44
[ Info: 64_101: layer 2/2, base field no. 2/53, 44/44
[ Info: 64_101: layer 2/2, base field no. 3/53, constructing abelian extensions
[ Info: 64_101: layer 2/2, base field no. 3/53, checking fields: 36
[ Info: 64_101: layer 2/2, base field no. 3/53, 1/36
[ Info: 64_101: layer 2/2, base field no. 3/53, 2/36
[ Info: 64_101: layer 2/2, base field no. 3/53, 3/36
[ Info: 64_101: layer 2/2, base field no. 3/53, 4/36
[ Info: 64_101: layer 2/2, base field no. 3/53, 5/36
[ Info: 64_101: layer 2/2, base field no. 3/53, 6/36
[ Info: 64_101: layer 2/2, base field no. 3/53, 7/36
[ Info: 64_101: layer 2/2, base field no. 3/53, 8/36
[ Info: 64_101: layer 2/2, base field no. 3/53, 9/36
[ Info: 64_101: layer 2/2, base field no. 3/53, 10/36
[ Info: 64_101: layer 2/2, base field no. 3/53, 11/36
[ Info: 64_101: layer 2/2, base field no. 3/53, 12/36
[ Info: 64_101: layer 2/2, base field no. 3/53, 13/36
[ Info: 64_101: layer 2/2, base field no. 3/53, 14/36
[ Info: 64_101: layer 2/2, base field no. 3/53, 15/36
[ Info: 64_101: layer 2/2, base field no. 3/53, 16/36
[ Info: 64_101: layer 2/2, base field no. 3/53, 17/36
[ Info: 64_101: layer 2/2, base field no. 3/53, 18/36
[ Info: 64_101: layer 2/2, base field no. 3/53, 19/36
[ Info: 64_101: layer 2/2, base field no. 3/53, 20/36
[ Info: 64_101: layer 2/2, base field no. 3/53, 21/36
[ Info: 64_101: layer 2/2, base field no. 3/53, 22/36
[ Info: 64_101: layer 2/2, base field no. 3/53, 23/36
[ Info: 64_101: layer 2/2, base field no. 3/53, 24/36
[ Info: 64_101: layer 2/2, base field no. 3/53, 25/36
[ Info: 64_101: layer 2/2, base field no. 3/53, 26/36
[ Info: 64_101: layer 2/2, base field no. 3/53, 27/36
[ Info: 64_101: layer 2/2, base field no. 3/53, 28/36
[ Info: 64_101: layer 2/2, base field no. 3/53, 29/36
[ Info: 64_101: layer 2/2, base field no. 3/53, 30/36
[ Info: 64_101: layer 2/2, base field no. 3/53, 31/36
[ Info: 64_101: layer 2/2, base field no. 3/53, 32/36
[ Info: 64_101: layer 2/2, base field no. 3/53, 33/36
[ Info: 64_101: layer 2/2, base field no. 3/53, 34/36
[ Info: 64_101: layer 2/2, base field no. 3/53, 35/36
[ Info: 64_101: layer 2/2, base field no. 3/53, 36/36
[ Info: 64_101: layer 2/2, base field no. 4/53, constructing abelian extensions
[ Info: 64_101: layer 2/2, base field no. 4/53, checking fields: 41
[ Info: 64_101: layer 2/2, base field no. 4/53, 1/41
[ Info: 64_101: layer 2/2, base field no. 4/53, 2/41
[ Info: 64_101: layer 2/2, base field no. 4/53, 3/41
[ Info: 64_101: layer 2/2, base field no. 4/53, 4/41
[ Info: 64_101: layer 2/2, base field no. 4/53, 5/41
[ Info: 64_101: layer 2/2, base field no. 4/53, 6/41
[ Info: 64_101: layer 2/2, base field no. 4/53, 7/41
[ Info: 64_101: layer 2/2, base field no. 4/53, 8/41
[ Info: 64_101: layer 2/2, base field no. 4/53, 9/41
[ Info: 64_101: layer 2/2, base field no. 4/53, 10/41
[ Info: 64_101: layer 2/2, base field no. 4/53, 11/41
[ Info: 64_101: layer 2/2, base field no. 4/53, 12/41
[ Info: 64_101: layer 2/2, base field no. 4/53, 13/41
[ Info: 64_101: layer 2/2, base field no. 4/53, 14/41
[ Info: 64_101: layer 2/2, base field no. 4/53, 15/41
[ Info: 64_101: layer 2/2, base field no. 4/53, 16/41
[ Info: 64_101: layer 2/2, base field no. 4/53, 17/41
[ Info: 64_101: layer 2/2, base field no. 4/53, 18/41
[ Info: 64_101: layer 2/2, base field no. 4/53, 19/41
[ Info: 64_101: layer 2/2, base field no. 4/53, 20/41
[ Info: 64_101: layer 2/2, base field no. 4/53, 21/41
[ Info: 64_101: layer 2/2, base field no. 4/53, 22/41
[ Info: 64_101: layer 2/2, base field no. 4/53, 23/41
[ Info: 64_101: layer 2/2, base field no. 4/53, 24/41
[ Info: 64_101: layer 2/2, base field no. 4/53, 25/41
[ Info: 64_101: layer 2/2, base field no. 4/53, 26/41
[ Info: 64_101: layer 2/2, base field no. 4/53, 27/41
[ Info: 64_101: layer 2/2, base field no. 4/53, 28/41
[ Info: 64_101: layer 2/2, base field no. 4/53, 29/41
[ Info: 64_101: layer 2/2, base field no. 4/53, 30/41
[ Info: 64_101: layer 2/2, base field no. 4/53, 31/41
[ Info: 64_101: layer 2/2, base field no. 4/53, 32/41
[ Info: 64_101: layer 2/2, base field no. 4/53, 33/41
[ Info: 64_101: layer 2/2, base field no. 4/53, 34/41
[ Info: 64_101: layer 2/2, base field no. 4/53, 35/41
[ Info: 64_101: layer 2/2, base field no. 4/53, 36/41
[ Info: 64_101: layer 2/2, base field no. 4/53, 37/41
[ Info: 64_101: layer 2/2, base field no. 4/53, 38/41
[ Info: 64_101: layer 2/2, base field no. 4/53, 39/41
[ Info: 64_101: layer 2/2, base field no. 4/53, 40/41
[ Info: 64_101: layer 2/2, base field no. 4/53, 41/41
[ Info: 64_101: layer 2/2, base field no. 5/53, constructing abelian extensions
[ Info: 64_101: layer 2/2, base field no. 5/53, checking fields: 51
[ Info: 64_101: layer 2/2, base field no. 5/53, 1/51
[ Info: 64_101: layer 2/2, base field no. 5/53, 2/51
[ Info: 64_101: layer 2/2, base field no. 5/53, 3/51
[ Info: 64_101: layer 2/2, base field no. 5/53, 4/51
[ Info: 64_101: layer 2/2, base field no. 5/53, 5/51
[ Info: 64_101: layer 2/2, base field no. 5/53, 6/51
[ Info: 64_101: layer 2/2, base field no. 5/53, 7/51
[ Info: 64_101: layer 2/2, base field no. 5/53, 8/51
[ Info: 64_101: layer 2/2, base field no. 5/53, 9/51
[ Info: 64_101: layer 2/2, base field no. 5/53, 10/51
[ Info: 64_101: layer 2/2, base field no. 5/53, 11/51
[ Info: 64_101: layer 2/2, base field no. 5/53, 12/51
[ Info: 64_101: layer 2/2, base field no. 5/53, 13/51
[ Info: 64_101: layer 2/2, base field no. 5/53, 14/51
[ Info: 64_101: layer 2/2, base field no. 5/53, 15/51
[ Info: 64_101: layer 2/2, base field no. 5/53, 16/51
[ Info: 64_101: layer 2/2, base field no. 5/53, 17/51
[ Info: 64_101: layer 2/2, base field no. 5/53, 18/51
[ Info: 64_101: layer 2/2, base field no. 5/53, 19/51
[ Info: 64_101: layer 2/2, base field no. 5/53, 20/51
[ Info: 64_101: layer 2/2, base field no. 5/53, 21/51
[ Info: 64_101: layer 2/2, base field no. 5/53, 22/51
[ Info: 64_101: layer 2/2, base field no. 5/53, 23/51
[ Info: 64_101: layer 2/2, base field no. 5/53, 24/51
[ Info: 64_101: layer 2/2, base field no. 5/53, 25/51
[ Info: 64_101: layer 2/2, base field no. 5/53, 26/51
[ Info: 64_101: layer 2/2, base field no. 5/53, 27/51
[ Info: 64_101: layer 2/2, base field no. 5/53, 28/51
[ Info: 64_101: layer 2/2, base field no. 5/53, 29/51
[ Info: 64_101: layer 2/2, base field no. 5/53, 30/51
[ Info: 64_101: layer 2/2, base field no. 5/53, 31/51
[ Info: 64_101: layer 2/2, base field no. 5/53, 32/51
[ Info: 64_101: layer 2/2, base field no. 5/53, 33/51
[ Info: 64_101: layer 2/2, base field no. 5/53, 34/51
[ Info: 64_101: layer 2/2, base field no. 5/53, 35/51
[ Info: 64_101: layer 2/2, base field no. 5/53, 36/51
[ Info: 64_101: layer 2/2, base field no. 5/53, 37/51
[ Info: 64_101: layer 2/2, base field no. 5/53, 38/51
[ Info: 64_101: layer 2/2, base field no. 5/53, 39/51
[ Info: 64_101: layer 2/2, base field no. 5/53, 40/51
[ Info: 64_101: layer 2/2, base field no. 5/53, 41/51
[ Info: 64_101: layer 2/2, base field no. 5/53, 42/51
[ Info: 64_101: layer 2/2, base field no. 5/53, 43/51
[ Info: 64_101: layer 2/2, base field no. 5/53, 44/51
[ Info: 64_101: layer 2/2, base field no. 5/53, 45/51
[ Info: 64_101: layer 2/2, base field no. 5/53, 46/51
[ Info: 64_101: layer 2/2, base field no. 5/53, 47/51
[ Info: 64_101: layer 2/2, base field no. 5/53, 48/51
[ Info: 64_101: layer 2/2, base field no. 5/53, 49/51
[ Info: 64_101: layer 2/2, base field no. 5/53, 50/51
[ Info: 64_101: layer 2/2, base field no. 5/53, 51/51
[ Info: 64_101: layer 2/2, base field no. 6/53, constructing abelian extensions
[ Info: 64_101: layer 2/2, base field no. 6/53, checking fields: 30
[ Info: 64_101: layer 2/2, base field no. 6/53, 1/30
[ Info: 64_101: layer 2/2, base field no. 6/53, 2/30
[ Info: 64_101: layer 2/2, base field no. 6/53, 3/30
[ Info: 64_101: layer 2/2, base field no. 6/53, 4/30
[ Info: 64_101: layer 2/2, base field no. 6/53, 5/30
[ Info: 64_101: layer 2/2, base field no. 6/53, 6/30
[ Info: 64_101: layer 2/2, base field no. 6/53, 7/30
[ Info: 64_101: layer 2/2, base field no. 6/53, 8/30
[ Info: 64_101: layer 2/2, base field no. 6/53, 9/30
[ Info: 64_101: layer 2/2, base field no. 6/53, 10/30
[ Info: 64_101: layer 2/2, base field no. 6/53, 11/30
[ Info: 64_101: layer 2/2, base field no. 6/53, 12/30
[ Info: 64_101: layer 2/2, base field no. 6/53, 13/30
[ Info: 64_101: layer 2/2, base field no. 6/53, 14/30
[ Info: 64_101: layer 2/2, base field no. 6/53, 15/30
[ Info: 64_101: layer 2/2, base field no. 6/53, 16/30
[ Info: 64_101: layer 2/2, base field no. 6/53, 17/30
[ Info: 64_101: layer 2/2, base field no. 6/53, 18/30
[ Info: 64_101: layer 2/2, base field no. 6/53, 19/30
[ Info: 64_101: layer 2/2, base field no. 6/53, 20/30
[ Info: 64_101: layer 2/2, base field no. 6/53, 21/30
[ Info: 64_101: layer 2/2, base field no. 6/53, 22/30
[ Info: 64_101: layer 2/2, base field no. 6/53, 23/30
[ Info: 64_101: layer 2/2, base field no. 6/53, 24/30
[ Info: 64_101: layer 2/2, base field no. 6/53, 25/30
[ Info: 64_101: layer 2/2, base field no. 6/53, 26/30
[ Info: 64_101: layer 2/2, base field no. 6/53, 27/30
[ Info: 64_101: layer 2/2, base field no. 6/53, 28/30
[ Info: 64_101: layer 2/2, base field no. 6/53, 29/30
[ Info: 64_101: layer 2/2, base field no. 6/53, 30/30
[ Info: 64_101: layer 2/2, base field no. 7/53, constructing abelian extensions
[ Info: 64_101: layer 2/2, base field no. 7/53, checking fields: 34
[ Info: 64_101: layer 2/2, base field no. 7/53, 1/34
[ Info: 64_101: layer 2/2, base field no. 7/53, 2/34
[ Info: 64_101: layer 2/2, base field no. 7/53, 3/34
[ Info: 64_101: layer 2/2, base field no. 7/53, 4/34
[ Info: 64_101: layer 2/2, base field no. 7/53, 5/34
[ Info: 64_101: layer 2/2, base field no. 7/53, 6/34
[ Info: 64_101: layer 2/2, base field no. 7/53, 7/34
[ Info: 64_101: layer 2/2, base field no. 7/53, 8/34
[ Info: 64_101: layer 2/2, base field no. 7/53, 9/34
[ Info: 64_101: layer 2/2, base field no. 7/53, 10/34
[ Info: 64_101: layer 2/2, base field no. 7/53, 11/34
[ Info: 64_101: layer 2/2, base field no. 7/53, 12/34
[ Info: 64_101: layer 2/2, base field no. 7/53, 13/34
[ Info: 64_101: layer 2/2, base field no. 7/53, 14/34
[ Info: 64_101: layer 2/2, base field no. 7/53, 15/34
[ Info: 64_101: layer 2/2, base field no. 7/53, 16/34
[ Info: 64_101: layer 2/2, base field no. 7/53, 17/34
[ Info: 64_101: layer 2/2, base field no. 7/53, 18/34
[ Info: 64_101: layer 2/2, base field no. 7/53, 19/34
[ Info: 64_101: layer 2/2, base field no. 7/53, 20/34
[ Info: 64_101: layer 2/2, base field no. 7/53, 21/34
[ Info: 64_101: layer 2/2, base field no. 7/53, 22/34
[ Info: 64_101: layer 2/2, base field no. 7/53, 23/34
[ Info: 64_101: layer 2/2, base field no. 7/53, 24/34
[ Info: 64_101: layer 2/2, base field no. 7/53, 25/34
[ Info: 64_101: layer 2/2, base field no. 7/53, 26/34
[ Info: 64_101: layer 2/2, base field no. 7/53, 27/34
[ Info: 64_101: layer 2/2, base field no. 7/53, 28/34
[ Info: 64_101: layer 2/2, base field no. 7/53, 29/34
[ Info: 64_101: layer 2/2, base field no. 7/53, 30/34
[ Info: 64_101: layer 2/2, base field no. 7/53, 31/34
[ Info: 64_101: layer 2/2, base field no. 7/53, 32/34
[ Info: 64_101: layer 2/2, base field no. 7/53, 33/34
[ Info: 64_101: layer 2/2, base field no. 7/53, 34/34
[ Info: 64_101: layer 2/2, base field no. 8/53, constructing abelian extensions
[ Info: 64_101: layer 2/2, base field no. 8/53, checking fields: 32
[ Info: 64_101: layer 2/2, base field no. 8/53, 1/32
[ Info: 64_101: layer 2/2, base field no. 8/53, 2/32
[ Info: 64_101: layer 2/2, base field no. 8/53, 3/32
[ Info: 64_101: layer 2/2, base field no. 8/53, 4/32
[ Info: 64_101: layer 2/2, base field no. 8/53, 5/32
[ Info: 64_101: layer 2/2, base field no. 8/53, 6/32
[ Info: 64_101: layer 2/2, base field no. 8/53, 7/32
[ Info: 64_101: layer 2/2, base field no. 8/53, 8/32
[ Info: 64_101: layer 2/2, base field no. 8/53, 9/32
[ Info: 64_101: layer 2/2, base field no. 8/53, 10/32
[ Info: 64_101: layer 2/2, base field no. 8/53, 11/32
[ Info: 64_101: layer 2/2, base field no. 8/53, 12/32
[ Info: 64_101: layer 2/2, base field no. 8/53, 13/32
[ Info: 64_101: layer 2/2, base field no. 8/53, 14/32
[ Info: 64_101: layer 2/2, base field no. 8/53, 15/32
[ Info: 64_101: layer 2/2, base field no. 8/53, 16/32
[ Info: 64_101: layer 2/2, base field no. 8/53, 17/32
[ Info: 64_101: layer 2/2, base field no. 8/53, 18/32
[ Info: 64_101: layer 2/2, base field no. 8/53, 19/32
[ Info: 64_101: layer 2/2, base field no. 8/53, 20/32
[ Info: 64_101: layer 2/2, base field no. 8/53, 21/32
[ Info: 64_101: layer 2/2, base field no. 8/53, 22/32
[ Info: 64_101: layer 2/2, base field no. 8/53, 23/32
[ Info: 64_101: layer 2/2, base field no. 8/53, 24/32
[ Info: 64_101: layer 2/2, base field no. 8/53, 25/32
[ Info: 64_101: layer 2/2, base field no. 8/53, 26/32
[ Info: 64_101: layer 2/2, base field no. 8/53, 27/32
[ Info: 64_101: layer 2/2, base field no. 8/53, 28/32
[ Info: 64_101: layer 2/2, base field no. 8/53, 29/32
[ Info: 64_101: layer 2/2, base field no. 8/53, 30/32
[ Info: 64_101: layer 2/2, base field no. 8/53, 31/32
[ Info: 64_101: layer 2/2, base field no. 8/53, 32/32
[ Info: 64_101: layer 2/2, base field no. 9/53, constructing abelian extensions
[ Info: 64_101: layer 2/2, base field no. 9/53, checking fields: 0
[ Info: 64_101: layer 2/2, base field no. 10/53, constructing abelian extensions
[ Info: 64_101: layer 2/2, base field no. 10/53, checking fields: 20
[ Info: 64_101: layer 2/2, base field no. 10/53, 1/20
[ Info: 64_101: layer 2/2, base field no. 10/53, 2/20
[ Info: 64_101: layer 2/2, base field no. 10/53, 3/20
[ Info: 64_101: layer 2/2, base field no. 10/53, 4/20
[ Info: 64_101: layer 2/2, base field no. 10/53, 5/20
[ Info: 64_101: layer 2/2, base field no. 10/53, 6/20
[ Info: 64_101: layer 2/2, base field no. 10/53, 7/20
[ Info: 64_101: layer 2/2, base field no. 10/53, 8/20
[ Info: 64_101: layer 2/2, base field no. 10/53, 9/20
[ Info: 64_101: layer 2/2, base field no. 10/53, 10/20
[ Info: 64_101: layer 2/2, base field no. 10/53, 11/20
[ Info: 64_101: layer 2/2, base field no. 10/53, 12/20
[ Info: 64_101: layer 2/2, base field no. 10/53, 13/20
[ Info: 64_101: layer 2/2, base field no. 10/53, 14/20
[ Info: 64_101: layer 2/2, base field no. 10/53, 15/20
[ Info: 64_101: layer 2/2, base field no. 10/53, 16/20
[ Info: 64_101: layer 2/2, base field no. 10/53, 17/20
[ Info: 64_101: layer 2/2, base field no. 10/53, 18/20
[ Info: 64_101: layer 2/2, base field no. 10/53, 19/20
[ Info: 64_101: layer 2/2, base field no. 10/53, 20/20
[ Info: 64_101: layer 2/2, base field no. 11/53, constructing abelian extensions
[ Info: 64_101: layer 2/2, base field no. 11/53, checking fields: 36
[ Info: 64_101: layer 2/2, base field no. 11/53, 1/36
[ Info: 64_101: layer 2/2, base field no. 11/53, 2/36
[ Info: 64_101: layer 2/2, base field no. 11/53, 3/36
[ Info: 64_101: layer 2/2, base field no. 11/53, 4/36
[ Info: 64_101: layer 2/2, base field no. 11/53, 5/36
[ Info: 64_101: layer 2/2, base field no. 11/53, 6/36
[ Info: 64_101: layer 2/2, base field no. 11/53, 7/36
[ Info: 64_101: layer 2/2, base field no. 11/53, 8/36
[ Info: 64_101: layer 2/2, base field no. 11/53, 9/36
[ Info: 64_101: layer 2/2, base field no. 11/53, 10/36
[ Info: 64_101: layer 2/2, base field no. 11/53, 11/36
[ Info: 64_101: layer 2/2, base field no. 11/53, 12/36
[ Info: 64_101: layer 2/2, base field no. 11/53, 13/36
[ Info: 64_101: layer 2/2, base field no. 11/53, 14/36
[ Info: 64_101: layer 2/2, base field no. 11/53, 15/36
[ Info: 64_101: layer 2/2, base field no. 11/53, 16/36
[ Info: 64_101: layer 2/2, base field no. 11/53, 17/36
[ Info: 64_101: layer 2/2, base field no. 11/53, 18/36
[ Info: 64_101: layer 2/2, base field no. 11/53, 19/36
[ Info: 64_101: layer 2/2, base field no. 11/53, 20/36
[ Info: 64_101: layer 2/2, base field no. 11/53, 21/36
[ Info: 64_101: layer 2/2, base field no. 11/53, 22/36
[ Info: 64_101: layer 2/2, base field no. 11/53, 23/36
[ Info: 64_101: layer 2/2, base field no. 11/53, 24/36
[ Info: 64_101: layer 2/2, base field no. 11/53, 25/36
[ Info: 64_101: layer 2/2, base field no. 11/53, 26/36
[ Info: 64_101: layer 2/2, base field no. 11/53, 27/36
[ Info: 64_101: layer 2/2, base field no. 11/53, 28/36
[ Info: 64_101: layer 2/2, base field no. 11/53, 29/36
[ Info: 64_101: layer 2/2, base field no. 11/53, 30/36
[ Info: 64_101: layer 2/2, base field no. 11/53, 31/36
[ Info: 64_101: layer 2/2, base field no. 11/53, 32/36
[ Info: 64_101: layer 2/2, base field no. 11/53, 33/36
[ Info: 64_101: layer 2/2, base field no. 11/53, 34/36
[ Info: 64_101: layer 2/2, base field no. 11/53, 35/36
[ Info: 64_101: layer 2/2, base field no. 11/53, 36/36
[ Info: 64_101: layer 2/2, base field no. 12/53, constructing abelian extensions
[ Info: 64_101: layer 2/2, base field no. 12/53, checking fields: 40
[ Info: 64_101: layer 2/2, base field no. 12/53, 1/40
[ Info: 64_101: layer 2/2, base field no. 12/53, 2/40
[ Info: 64_101: layer 2/2, base field no. 12/53, 3/40
[ Info: 64_101: layer 2/2, base field no. 12/53, 4/40
[ Info: 64_101: layer 2/2, base field no. 12/53, 5/40
[ Info: 64_101: layer 2/2, base field no. 12/53, 6/40
[ Info: 64_101: layer 2/2, base field no. 12/53, 7/40
[ Info: 64_101: layer 2/2, base field no. 12/53, 8/40
[ Info: 64_101: layer 2/2, base field no. 12/53, 9/40
[ Info: 64_101: layer 2/2, base field no. 12/53, 10/40
[ Info: 64_101: layer 2/2, base field no. 12/53, 11/40
[ Info: 64_101: layer 2/2, base field no. 12/53, 12/40
[ Info: 64_101: layer 2/2, base field no. 12/53, 13/40
[ Info: 64_101: layer 2/2, base field no. 12/53, 14/40
[ Info: 64_101: layer 2/2, base field no. 12/53, 15/40
[ Info: 64_101: layer 2/2, base field no. 12/53, 16/40
[ Info: 64_101: layer 2/2, base field no. 12/53, 17/40
[ Info: 64_101: layer 2/2, base field no. 12/53, 18/40
[ Info: 64_101: layer 2/2, base field no. 12/53, 19/40
[ Info: 64_101: layer 2/2, base field no. 12/53, 20/40
[ Info: 64_101: layer 2/2, base field no. 12/53, 21/40
[ Info: 64_101: layer 2/2, base field no. 12/53, 22/40
[ Info: 64_101: layer 2/2, base field no. 12/53, 23/40
[ Info: 64_101: layer 2/2, base field no. 12/53, 24/40
[ Info: 64_101: layer 2/2, base field no. 12/53, 25/40
[ Info: 64_101: layer 2/2, base field no. 12/53, 26/40
[ Info: 64_101: layer 2/2, base field no. 12/53, 27/40
[ Info: 64_101: layer 2/2, base field no. 12/53, 28/40
[ Info: 64_101: layer 2/2, base field no. 12/53, 29/40
[ Info: 64_101: layer 2/2, base field no. 12/53, 30/40
[ Info: 64_101: layer 2/2, base field no. 12/53, 31/40
[ Info: 64_101: layer 2/2, base field no. 12/53, 32/40
[ Info: 64_101: layer 2/2, base field no. 12/53, 33/40
[ Info: 64_101: layer 2/2, base field no. 12/53, 34/40
[ Info: 64_101: layer 2/2, base field no. 12/53, 35/40
[ Info: 64_101: layer 2/2, base field no. 12/53, 36/40
[ Info: 64_101: layer 2/2, base field no. 12/53, 37/40
[ Info: 64_101: layer 2/2, base field no. 12/53, 38/40
[ Info: 64_101: layer 2/2, base field no. 12/53, 39/40
[ Info: 64_101: layer 2/2, base field no. 12/53, 40/40
[ Info: 64_101: layer 2/2, base field no. 13/53, constructing abelian extensions
[ Info: 64_101: layer 2/2, base field no. 13/53, checking fields: 46
[ Info: 64_101: layer 2/2, base field no. 13/53, 1/46
[ Info: 64_101: layer 2/2, base field no. 13/53, 2/46
[ Info: 64_101: layer 2/2, base field no. 13/53, 3/46
[ Info: 64_101: layer 2/2, base field no. 13/53, 4/46
[ Info: 64_101: layer 2/2, base field no. 13/53, 5/46
[ Info: 64_101: layer 2/2, base field no. 13/53, 6/46
[ Info: 64_101: layer 2/2, base field no. 13/53, 7/46
[ Info: 64_101: layer 2/2, base field no. 13/53, 8/46
[ Info: 64_101: layer 2/2, base field no. 13/53, 9/46
[ Info: 64_101: layer 2/2, base field no. 13/53, 10/46
[ Info: 64_101: layer 2/2, base field no. 13/53, 11/46
[ Info: 64_101: layer 2/2, base field no. 13/53, 12/46
[ Info: 64_101: layer 2/2, base field no. 13/53, 13/46
[ Info: 64_101: layer 2/2, base field no. 13/53, 14/46
[ Info: 64_101: layer 2/2, base field no. 13/53, 15/46
[ Info: 64_101: layer 2/2, base field no. 13/53, 16/46
[ Info: 64_101: layer 2/2, base field no. 13/53, 17/46
[ Info: 64_101: layer 2/2, base field no. 13/53, 18/46
[ Info: 64_101: layer 2/2, base field no. 13/53, 19/46
[ Info: 64_101: layer 2/2, base field no. 13/53, 20/46
[ Info: 64_101: layer 2/2, base field no. 13/53, 21/46
[ Info: 64_101: layer 2/2, base field no. 13/53, 22/46
[ Info: 64_101: layer 2/2, base field no. 13/53, 23/46
[ Info: 64_101: layer 2/2, base field no. 13/53, 24/46
[ Info: 64_101: layer 2/2, base field no. 13/53, 25/46
[ Info: 64_101: layer 2/2, base field no. 13/53, 26/46
[ Info: 64_101: layer 2/2, base field no. 13/53, 27/46
[ Info: 64_101: layer 2/2, base field no. 13/53, 28/46
[ Info: 64_101: layer 2/2, base field no. 13/53, 29/46
[ Info: 64_101: layer 2/2, base field no. 13/53, 30/46
[ Info: 64_101: layer 2/2, base field no. 13/53, 31/46
[ Info: 64_101: layer 2/2, base field no. 13/53, 32/46
[ Info: 64_101: layer 2/2, base field no. 13/53, 33/46
[ Info: 64_101: layer 2/2, base field no. 13/53, 34/46
[ Info: 64_101: layer 2/2, base field no. 13/53, 35/46
[ Info: 64_101: layer 2/2, base field no. 13/53, 36/46
[ Info: 64_101: layer 2/2, base field no. 13/53, 37/46
[ Info: 64_101: layer 2/2, base field no. 13/53, 38/46
[ Info: 64_101: layer 2/2, base field no. 13/53, 39/46
[ Info: 64_101: layer 2/2, base field no. 13/53, 40/46
[ Info: 64_101: layer 2/2, base field no. 13/53, 41/46
[ Info: 64_101: layer 2/2, base field no. 13/53, 42/46
[ Info: 64_101: layer 2/2, base field no. 13/53, 43/46
[ Info: 64_101: layer 2/2, base field no. 13/53, 44/46
[ Info: 64_101: layer 2/2, base field no. 13/53, 45/46
[ Info: 64_101: layer 2/2, base field no. 13/53, 46/46
[ Info: 64_101: layer 2/2, base field no. 14/53, constructing abelian extensions
[ Info: 64_101: layer 2/2, base field no. 14/53, checking fields: 32
[ Info: 64_101: layer 2/2, base field no. 14/53, 1/32
[ Info: 64_101: layer 2/2, base field no. 14/53, 2/32
[ Info: 64_101: layer 2/2, base field no. 14/53, 3/32
[ Info: 64_101: layer 2/2, base field no. 14/53, 4/32
[ Info: 64_101: layer 2/2, base field no. 14/53, 5/32
[ Info: 64_101: layer 2/2, base field no. 14/53, 6/32
[ Info: 64_101: layer 2/2, base field no. 14/53, 7/32
[ Info: 64_101: layer 2/2, base field no. 14/53, 8/32
[ Info: 64_101: layer 2/2, base field no. 14/53, 9/32
[ Info: 64_101: layer 2/2, base field no. 14/53, 10/32
[ Info: 64_101: layer 2/2, base field no. 14/53, 11/32
[ Info: 64_101: layer 2/2, base field no. 14/53, 12/32
[ Info: 64_101: layer 2/2, base field no. 14/53, 13/32
[ Info: 64_101: layer 2/2, base field no. 14/53, 14/32
[ Info: 64_101: layer 2/2, base field no. 14/53, 15/32
[ Info: 64_101: layer 2/2, base field no. 14/53, 16/32
[ Info: 64_101: layer 2/2, base field no. 14/53, 17/32
[ Info: 64_101: layer 2/2, base field no. 14/53, 18/32
[ Info: 64_101: layer 2/2, base field no. 14/53, 19/32
[ Info: 64_101: layer 2/2, base field no. 14/53, 20/32
[ Info: 64_101: layer 2/2, base field no. 14/53, 21/32
[ Info: 64_101: layer 2/2, base field no. 14/53, 22/32
[ Info: 64_101: layer 2/2, base field no. 14/53, 23/32
[ Info: 64_101: layer 2/2, base field no. 14/53, 24/32
[ Info: 64_101: layer 2/2, base field no. 14/53, 25/32
[ Info: 64_101: layer 2/2, base field no. 14/53, 26/32
[ Info: 64_101: layer 2/2, base field no. 14/53, 27/32
[ Info: 64_101: layer 2/2, base field no. 14/53, 28/32
[ Info: 64_101: layer 2/2, base field no. 14/53, 29/32
[ Info: 64_101: layer 2/2, base field no. 14/53, 30/32
[ Info: 64_101: layer 2/2, base field no. 14/53, 31/32
[ Info: 64_101: layer 2/2, base field no. 14/53, 32/32
[ Info: 64_101: layer 2/2, base field no. 15/53, constructing abelian extensions
[ Info: 64_101: layer 2/2, base field no. 15/53, checking fields: 15
[ Info: 64_101: layer 2/2, base field no. 15/53, 1/15
[ Info: 64_101: layer 2/2, base field no. 15/53, 2/15
[ Info: 64_101: layer 2/2, base field no. 15/53, 3/15
[ Info: 64_101: layer 2/2, base field no. 15/53, 4/15
[ Info: 64_101: layer 2/2, base field no. 15/53, 5/15
[ Info: 64_101: layer 2/2, base field no. 15/53, 6/15
[ Info: 64_101: layer 2/2, base field no. 15/53, 7/15
[ Info: 64_101: layer 2/2, base field no. 15/53, 8/15
[ Info: 64_101: layer 2/2, base field no. 15/53, 9/15
[ Info: 64_101: layer 2/2, base field no. 15/53, 10/15
[ Info: 64_101: layer 2/2, base field no. 15/53, 11/15
[ Info: 64_101: layer 2/2, base field no. 15/53, 12/15
[ Info: 64_101: layer 2/2, base field no. 15/53, 13/15
[ Info: 64_101: layer 2/2, base field no. 15/53, 14/15
[ Info: 64_101: layer 2/2, base field no. 15/53, 15/15
[ Info: 64_101: layer 2/2, base field no. 16/53, constructing abelian extensions
[ Info: 64_101: layer 2/2, base field no. 16/53, checking fields: 14
[ Info: 64_101: layer 2/2, base field no. 16/53, 1/14
[ Info: 64_101: layer 2/2, base field no. 16/53, 2/14
[ Info: 64_101: layer 2/2, base field no. 16/53, 3/14
[ Info: 64_101: layer 2/2, base field no. 16/53, 4/14
[ Info: 64_101: layer 2/2, base field no. 16/53, 5/14
[ Info: 64_101: layer 2/2, base field no. 16/53, 6/14
[ Info: 64_101: layer 2/2, base field no. 16/53, 7/14
[ Info: 64_101: layer 2/2, base field no. 16/53, 8/14
[ Info: 64_101: layer 2/2, base field no. 16/53, 9/14
[ Info: 64_101: layer 2/2, base field no. 16/53, 10/14
[ Info: 64_101: layer 2/2, base field no. 16/53, 11/14
[ Info: 64_101: layer 2/2, base field no. 16/53, 12/14
[ Info: 64_101: layer 2/2, base field no. 16/53, 13/14
[ Info: 64_101: layer 2/2, base field no. 16/53, 14/14
[ Info: 64_101: layer 2/2, base field no. 17/53, constructing abelian extensions
[ Info: 64_101: layer 2/2, base field no. 17/53, checking fields: 13
[ Info: 64_101: layer 2/2, base field no. 17/53, 1/13
[ Info: 64_101: layer 2/2, base field no. 17/53, 2/13
[ Info: 64_101: layer 2/2, base field no. 17/53, 3/13
[ Info: 64_101: layer 2/2, base field no. 17/53, 4/13
[ Info: 64_101: layer 2/2, base field no. 17/53, 5/13
[ Info: 64_101: layer 2/2, base field no. 17/53, 6/13
[ Info: 64_101: layer 2/2, base field no. 17/53, 7/13
[ Info: 64_101: layer 2/2, base field no. 17/53, 8/13
[ Info: 64_101: layer 2/2, base field no. 17/53, 9/13
[ Info: 64_101: layer 2/2, base field no. 17/53, 10/13
[ Info: 64_101: layer 2/2, base field no. 17/53, 11/13
[ Info: 64_101: layer 2/2, base field no. 17/53, 12/13
[ Info: 64_101: layer 2/2, base field no. 17/53, 13/13
[ Info: 64_101: layer 2/2, base field no. 18/53, constructing abelian extensions
[ Info: 64_101: layer 2/2, base field no. 18/53, checking fields: 0
[ Info: 64_101: layer 2/2, base field no. 19/53, constructing abelian extensions
[ Info: 64_101: layer 2/2, base field no. 19/53, checking fields: 18
[ Info: 64_101: layer 2/2, base field no. 19/53, 1/18
[ Info: 64_101: layer 2/2, base field no. 19/53, 2/18
[ Info: 64_101: layer 2/2, base field no. 19/53, 3/18
[ Info: 64_101: layer 2/2, base field no. 19/53, 4/18
[ Info: 64_101: layer 2/2, base field no. 19/53, 5/18
[ Info: 64_101: layer 2/2, base field no. 19/53, 6/18
[ Info: 64_101: layer 2/2, base field no. 19/53, 7/18
[ Info: 64_101: layer 2/2, base field no. 19/53, 8/18
[ Info: 64_101: layer 2/2, base field no. 19/53, 9/18
[ Info: 64_101: layer 2/2, base field no. 19/53, 10/18
[ Info: 64_101: layer 2/2, base field no. 19/53, 11/18
[ Info: 64_101: layer 2/2, base field no. 19/53, 12/18
[ Info: 64_101: layer 2/2, base field no. 19/53, 13/18
[ Info: 64_101: layer 2/2, base field no. 19/53, 14/18
[ Info: 64_101: layer 2/2, base field no. 19/53, 15/18
[ Info: 64_101: layer 2/2, base field no. 19/53, 16/18
[ Info: 64_101: layer 2/2, base field no. 19/53, 17/18
[ Info: 64_101: layer 2/2, base field no. 19/53, 18/18
[ Info: 64_101: layer 2/2, base field no. 20/53, constructing abelian extensions
[ Info: 64_101: layer 2/2, base field no. 20/53, checking fields: 0
[ Info: 64_101: layer 2/2, base field no. 21/53, constructing abelian extensions
[ Info: 64_101: layer 2/2, base field no. 21/53, checking fields: 0
[ Info: 64_101: layer 2/2, base field no. 22/53, constructing abelian extensions
[ Info: 64_101: layer 2/2, base field no. 22/53, checking fields: 14
[ Info: 64_101: layer 2/2, base field no. 22/53, 1/14
[ Info: 64_101: layer 2/2, base field no. 22/53, 2/14
[ Info: 64_101: layer 2/2, base field no. 22/53, 3/14
[ Info: 64_101: layer 2/2, base field no. 22/53, 4/14
[ Info: 64_101: layer 2/2, base field no. 22/53, 5/14
[ Info: 64_101: layer 2/2, base field no. 22/53, 6/14
[ Info: 64_101: layer 2/2, base field no. 22/53, 7/14
[ Info: 64_101: layer 2/2, base field no. 22/53, 8/14
[ Info: 64_101: layer 2/2, base field no. 22/53, 9/14
[ Info: 64_101: layer 2/2, base field no. 22/53, 10/14
[ Info: 64_101: layer 2/2, base field no. 22/53, 11/14
[ Info: 64_101: layer 2/2, base field no. 22/53, 12/14
[ Info: 64_101: layer 2/2, base field no. 22/53, 13/14
[ Info: 64_101: layer 2/2, base field no. 22/53, 14/14
[ Info: 64_101: layer 2/2, base field no. 23/53, constructing abelian extensions
[ Info: 64_101: layer 2/2, base field no. 23/53, checking fields: 0
[ Info: 64_101: layer 2/2, base field no. 24/53, constructing abelian extensions
[ Info: 64_101: layer 2/2, base field no. 24/53, checking fields: 12
[ Info: 64_101: layer 2/2, base field no. 24/53, 1/12
[ Info: 64_101: layer 2/2, base field no. 24/53, 2/12
[ Info: 64_101: layer 2/2, base field no. 24/53, 3/12
[ Info: 64_101: layer 2/2, base field no. 24/53, 4/12
[ Info: 64_101: layer 2/2, base field no. 24/53, 5/12
[ Info: 64_101: layer 2/2, base field no. 24/53, 6/12
[ Info: 64_101: layer 2/2, base field no. 24/53, 7/12
[ Info: 64_101: layer 2/2, base field no. 24/53, 8/12
[ Info: 64_101: layer 2/2, base field no. 24/53, 9/12
[ Info: 64_101: layer 2/2, base field no. 24/53, 10/12
[ Info: 64_101: layer 2/2, base field no. 24/53, 11/12
[ Info: 64_101: layer 2/2, base field no. 24/53, 12/12
[ Info: 64_101: layer 2/2, base field no. 25/53, constructing abelian extensions
[ Info: 64_101: layer 2/2, base field no. 25/53, checking fields: 2
[ Info: 64_101: layer 2/2, base field no. 25/53, 1/2
[ Info: 64_101: layer 2/2, base field no. 25/53, 2/2
[ Info: 64_101: layer 2/2, base field no. 26/53, constructing abelian extensions
[ Info: 64_101: layer 2/2, base field no. 26/53, checking fields: 0
[ Info: 64_101: layer 2/2, base field no. 27/53, constructing abelian extensions
[ Info: 64_101: layer 2/2, base field no. 27/53, checking fields: 3
[ Info: 64_101: layer 2/2, base field no. 27/53, 1/3
[ Info: 64_101: layer 2/2, base field no. 27/53, 2/3
[ Info: 64_101: layer 2/2, base field no. 27/53, 3/3
[ Info: 64_101: layer 2/2, base field no. 28/53, constructing abelian extensions
[ Info: 64_101: layer 2/2, base field no. 28/53, checking fields: 0
[ Info: 64_101: layer 2/2, base field no. 29/53, constructing abelian extensions
[ Info: 64_101: layer 2/2, base field no. 29/53, checking fields: 2
[ Info: 64_101: layer 2/2, base field no. 29/53, 1/2
[ Info: 64_101: layer 2/2, base field no. 29/53, 2/2
[ Info: 64_101: layer 2/2, base field no. 30/53, constructing abelian extensions
[ Info: 64_101: layer 2/2, base field no. 30/53, checking fields: 17
[ Info: 64_101: layer 2/2, base field no. 30/53, 1/17
[ Info: 64_101: layer 2/2, base field no. 30/53, 2/17
[ Info: 64_101: layer 2/2, base field no. 30/53, 3/17
[ Info: 64_101: layer 2/2, base field no. 30/53, 4/17
[ Info: 64_101: layer 2/2, base field no. 30/53, 5/17
[ Info: 64_101: layer 2/2, base field no. 30/53, 6/17
[ Info: 64_101: layer 2/2, base field no. 30/53, 7/17
[ Info: 64_101: layer 2/2, base field no. 30/53, 8/17
[ Info: 64_101: layer 2/2, base field no. 30/53, 9/17
[ Info: 64_101: layer 2/2, base field no. 30/53, 10/17
[ Info: 64_101: layer 2/2, base field no. 30/53, 11/17
[ Info: 64_101: layer 2/2, base field no. 30/53, 12/17
[ Info: 64_101: layer 2/2, base field no. 30/53, 13/17
[ Info: 64_101: layer 2/2, base field no. 30/53, 14/17
[ Info: 64_101: layer 2/2, base field no. 30/53, 15/17
[ Info: 64_101: layer 2/2, base field no. 30/53, 16/17
[ Info: 64_101: layer 2/2, base field no. 30/53, 17/17
[ Info: 64_101: layer 2/2, base field no. 31/53, constructing abelian extensions
[ Info: 64_101: layer 2/2, base field no. 31/53, checking fields: 0
[ Info: 64_101: layer 2/2, base field no. 32/53, constructing abelian extensions
[ Info: 64_101: layer 2/2, base field no. 32/53, checking fields: 4
[ Info: 64_101: layer 2/2, base field no. 32/53, 1/4
[ Info: 64_101: layer 2/2, base field no. 32/53, 2/4
[ Info: 64_101: layer 2/2, base field no. 32/53, 3/4
[ Info: 64_101: layer 2/2, base field no. 32/53, 4/4
[ Info: 64_101: layer 2/2, base field no. 33/53, constructing abelian extensions
[ Info: 64_101: layer 2/2, base field no. 33/53, checking fields: 15
[ Info: 64_101: layer 2/2, base field no. 33/53, 1/15
[ Info: 64_101: layer 2/2, base field no. 33/53, 2/15
[ Info: 64_101: layer 2/2, base field no. 33/53, 3/15
[ Info: 64_101: layer 2/2, base field no. 33/53, 4/15
[ Info: 64_101: layer 2/2, base field no. 33/53, 5/15
[ Info: 64_101: layer 2/2, base field no. 33/53, 6/15
[ Info: 64_101: layer 2/2, base field no. 33/53, 7/15
[ Info: 64_101: layer 2/2, base field no. 33/53, 8/15
[ Info: 64_101: layer 2/2, base field no. 33/53, 9/15
[ Info: 64_101: layer 2/2, base field no. 33/53, 10/15
[ Info: 64_101: layer 2/2, base field no. 33/53, 11/15
[ Info: 64_101: layer 2/2, base field no. 33/53, 12/15
[ Info: 64_101: layer 2/2, base field no. 33/53, 13/15
[ Info: 64_101: layer 2/2, base field no. 33/53, 14/15
[ Info: 64_101: layer 2/2, base field no. 33/53, 15/15
[ Info: 64_101: layer 2/2, base field no. 34/53, constructing abelian extensions
[ Info: 64_101: layer 2/2, base field no. 34/53, checking fields: 0
[ Info: 64_101: layer 2/2, base field no. 35/53, constructing abelian extensions
[ Info: 64_101: layer 2/2, base field no. 35/53, checking fields: 8
[ Info: 64_101: layer 2/2, base field no. 35/53, 1/8
[ Info: 64_101: layer 2/2, base field no. 35/53, 2/8
[ Info: 64_101: layer 2/2, base field no. 35/53, 3/8
[ Info: 64_101: layer 2/2, base field no. 35/53, 4/8
[ Info: 64_101: layer 2/2, base field no. 35/53, 5/8
[ Info: 64_101: layer 2/2, base field no. 35/53, 6/8
[ Info: 64_101: layer 2/2, base field no. 35/53, 7/8
[ Info: 64_101: layer 2/2, base field no. 35/53, 8/8
[ Info: 64_101: layer 2/2, base field no. 36/53, constructing abelian extensions
[ Info: 64_101: layer 2/2, base field no. 36/53, checking fields: 3
[ Info: 64_101: layer 2/2, base field no. 36/53, 1/3
[ Info: 64_101: layer 2/2, base field no. 36/53, 2/3
[ Info: 64_101: layer 2/2, base field no. 36/53, 3/3
[ Info: 64_101: layer 2/2, base field no. 37/53, constructing abelian extensions
[ Info: 64_101: layer 2/2, base field no. 37/53, checking fields: 0
[ Info: 64_101: layer 2/2, base field no. 38/53, constructing abelian extensions
[ Info: 64_101: layer 2/2, base field no. 38/53, checking fields: 3
[ Info: 64_101: layer 2/2, base field no. 38/53, 1/3
[ Info: 64_101: layer 2/2, base field no. 38/53, 2/3
[ Info: 64_101: layer 2/2, base field no. 38/53, 3/3
[ Info: 64_101: layer 2/2, base field no. 39/53, constructing abelian extensions
[ Info: 64_101: layer 2/2, base field no. 39/53, checking fields: 10
[ Info: 64_101: layer 2/2, base field no. 39/53, 1/10
[ Info: 64_101: layer 2/2, base field no. 39/53, 2/10
[ Info: 64_101: layer 2/2, base field no. 39/53, 3/10
[ Info: 64_101: layer 2/2, base field no. 39/53, 4/10
[ Info: 64_101: layer 2/2, base field no. 39/53, 5/10
[ Info: 64_101: layer 2/2, base field no. 39/53, 6/10
[ Info: 64_101: layer 2/2, base field no. 39/53, 7/10
[ Info: 64_101: layer 2/2, base field no. 39/53, 8/10
[ Info: 64_101: layer 2/2, base field no. 39/53, 9/10
[ Info: 64_101: layer 2/2, base field no. 39/53, 10/10
[ Info: 64_101: layer 2/2, base field no. 40/53, constructing abelian extensions
[ Info: 64_101: layer 2/2, base field no. 40/53, checking fields: 0
[ Info: 64_101: layer 2/2, base field no. 41/53, constructing abelian extensions
[ Info: 64_101: layer 2/2, base field no. 41/53, checking fields: 6
[ Info: 64_101: layer 2/2, base field no. 41/53, 1/6
[ Info: 64_101: layer 2/2, base field no. 41/53, 2/6
[ Info: 64_101: layer 2/2, base field no. 41/53, 3/6
[ Info: 64_101: layer 2/2, base field no. 41/53, 4/6
[ Info: 64_101: layer 2/2, base field no. 41/53, 5/6
[ Info: 64_101: layer 2/2, base field no. 41/53, 6/6
[ Info: 64_101: layer 2/2, base field no. 42/53, constructing abelian extensions
[ Info: 64_101: layer 2/2, base field no. 42/53, checking fields: 8
[ Info: 64_101: layer 2/2, base field no. 42/53, 1/8
[ Info: 64_101: layer 2/2, base field no. 42/53, 2/8
[ Info: 64_101: layer 2/2, base field no. 42/53, 3/8
[ Info: 64_101: layer 2/2, base field no. 42/53, 4/8
[ Info: 64_101: layer 2/2, base field no. 42/53, 5/8
[ Info: 64_101: layer 2/2, base field no. 42/53, 6/8
[ Info: 64_101: layer 2/2, base field no. 42/53, 7/8
[ Info: 64_101: layer 2/2, base field no. 42/53, 8/8
[ Info: 64_101: layer 2/2, base field no. 43/53, constructing abelian extensions
[ Info: 64_101: layer 2/2, base field no. 43/53, checking fields: 4
[ Info: 64_101: layer 2/2, base field no. 43/53, 1/4
[ Info: 64_101: layer 2/2, base field no. 43/53, 2/4
[ Info: 64_101: layer 2/2, base field no. 43/53, 3/4
[ Info: 64_101: layer 2/2, base field no. 43/53, 4/4
[ Info: 64_101: layer 2/2, base field no. 44/53, constructing abelian extensions
[ Info: 64_101: layer 2/2, base field no. 44/53, checking fields: 0
[ Info: 64_101: layer 2/2, base field no. 45/53, constructing abelian extensions
[ Info: 64_101: layer 2/2, base field no. 45/53, checking fields: 0
[ Info: 64_101: layer 2/2, base field no. 46/53, constructing abelian extensions
[ Info: 64_101: layer 2/2, base field no. 46/53, checking fields: 0
[ Info: 64_101: layer 2/2, base field no. 47/53, constructing abelian extensions
[ Info: 64_101: layer 2/2, base field no. 47/53, checking fields: 9
[ Info: 64_101: layer 2/2, base field no. 47/53, 1/9
[ Info: 64_101: layer 2/2, base field no. 47/53, 2/9
[ Info: 64_101: layer 2/2, base field no. 47/53, 3/9
[ Info: 64_101: layer 2/2, base field no. 47/53, 4/9
[ Info: 64_101: layer 2/2, base field no. 47/53, 5/9
[ Info: 64_101: layer 2/2, base field no. 47/53, 6/9
[ Info: 64_101: layer 2/2, base field no. 47/53, 7/9
[ Info: 64_101: layer 2/2, base field no. 47/53, 8/9
[ Info: 64_101: layer 2/2, base field no. 47/53, 9/9
[ Info: 64_101: layer 2/2, base field no. 48/53, constructing abelian extensions
[ Info: 64_101: layer 2/2, base field no. 48/53, checking fields: 0
[ Info: 64_101: layer 2/2, base field no. 49/53, constructing abelian extensions
[ Info: 64_101: layer 2/2, base field no. 49/53, checking fields: 4
[ Info: 64_101: layer 2/2, base field no. 49/53, 1/4
[ Info: 64_101: layer 2/2, base field no. 49/53, 2/4
[ Info: 64_101: layer 2/2, base field no. 49/53, 3/4
[ Info: 64_101: layer 2/2, base field no. 49/53, 4/4
[ Info: 64_101: layer 2/2, base field no. 50/53, constructing abelian extensions
[ Info: 64_101: layer 2/2, base field no. 50/53, checking fields: 5
[ Info: 64_101: layer 2/2, base field no. 50/53, 1/5
[ Info: 64_101: layer 2/2, base field no. 50/53, 2/5
[ Info: 64_101: layer 2/2, base field no. 50/53, 3/5
[ Info: 64_101: layer 2/2, base field no. 50/53, 4/5
[ Info: 64_101: layer 2/2, base field no. 50/53, 5/5
[ Info: 64_101: layer 2/2, base field no. 51/53, constructing abelian extensions
[ Info: 64_101: layer 2/2, base field no. 51/53, checking fields: 0
[ Info: 64_101: layer 2/2, base field no. 52/53, constructing abelian extensions
[ Info: 64_101: layer 2/2, base field no. 52/53, checking fields: 0
[ Info: 64_101: layer 2/2, base field no. 53/53, constructing abelian extensions
[ Info: 64_101: layer 2/2, base field no. 53/53, checking fields: 3
[ Info: 64_101: layer 2/2, base field no. 53/53, 1/3
[ Info: 64_101: layer 2/2, base field no. 53/53, 2/3
[ Info: 64_101: layer 2/2, base field no. 53/53, 3/3
28355.353689 seconds (155.63 G allocations: 10.686 TiB, 9.47% gc time, 0.06% compilation time: 1% of which was recompilation)
