[ Info: 80_34: File for first layer does not exist; computing [2, 4]...
[ Info: 80_34: Discriminant bound: 19952623149689
[ Info: 80_34: Computing simplified defining polynomials for fields and sieving bad CM-fields
[ Info: 80_34: 1/625
[ Info: 80_34: 2/625
[ Info: 80_34: 3/625
[ Info: 80_34: 4/625
[ Info: 80_34: 5/625
[ Info: 80_34: 6/625
[ Info: 80_34: 7/625
[ Info: 80_34: 8/625
[ Info: 80_34: 9/625
[ Info: 80_34: 10/625
[ Info: 80_34: 11/625
[ Info: 80_34: 12/625
[ Info: 80_34: 13/625
[ Info: 80_34: 14/625
[ Info: 80_34: 15/625
[ Info: 80_34: 16/625
[ Info: 80_34: 17/625
[ Info: 80_34: 18/625
[ Info: 80_34: 19/625
[ Info: 80_34: 20/625
[ Info: 80_34: 21/625
[ Info: 80_34: 22/625
[ Info: 80_34: 23/625
[ Info: 80_34: 24/625
[ Info: 80_34: 25/625
[ Info: 80_34: 26/625
[ Info: 80_34: 27/625
[ Info: 80_34: 28/625
[ Info: 80_34: 29/625
[ Info: 80_34: 30/625
[ Info: 80_34: 31/625
[ Info: 80_34: 32/625
[ Info: 80_34: 33/625
[ Info: 80_34: 34/625
[ Info: 80_34: 35/625
[ Info: 80_34: 36/625
[ Info: 80_34: 37/625
[ Info: 80_34: 38/625
[ Info: 80_34: 39/625
[ Info: 80_34: 40/625
[ Info: 80_34: 41/625
[ Info: 80_34: 42/625
[ Info: 80_34: 43/625
[ Info: 80_34: 44/625
[ Info: 80_34: 45/625
[ Info: 80_34: 46/625
[ Info: 80_34: 47/625
[ Info: 80_34: 48/625
[ Info: 80_34: 49/625
[ Info: 80_34: 50/625
[ Info: 80_34: 51/625
[ Info: 80_34: 52/625
[ Info: 80_34: 53/625
[ Info: 80_34: 54/625
[ Info: 80_34: 55/625
[ Info: 80_34: 56/625
[ Info: 80_34: 57/625
[ Info: 80_34: 58/625
[ Info: 80_34: 59/625
[ Info: 80_34: 60/625
[ Info: 80_34: 61/625
[ Info: 80_34: 62/625
[ Info: 80_34: 63/625
[ Info: 80_34: 64/625
[ Info: 80_34: 65/625
[ Info: 80_34: 66/625
[ Info: 80_34: 67/625
[ Info: 80_34: 68/625
[ Info: 80_34: 69/625
[ Info: 80_34: 70/625
[ Info: 80_34: 71/625
[ Info: 80_34: 72/625
[ Info: 80_34: 73/625
[ Info: 80_34: 74/625
[ Info: 80_34: 75/625
[ Info: 80_34: 76/625
[ Info: 80_34: 77/625
[ Info: 80_34: 78/625
[ Info: 80_34: 79/625
[ Info: 80_34: 80/625
[ Info: 80_34: 81/625
[ Info: 80_34: 82/625
[ Info: 80_34: 83/625
[ Info: 80_34: 84/625
[ Info: 80_34: 85/625
[ Info: 80_34: 86/625
[ Info: 80_34: 87/625
[ Info: 80_34: 88/625
[ Info: 80_34: 89/625
[ Info: 80_34: 90/625
[ Info: 80_34: 91/625
[ Info: 80_34: 92/625
[ Info: 80_34: 93/625
[ Info: 80_34: 94/625
[ Info: 80_34: 95/625
[ Info: 80_34: 96/625
[ Info: 80_34: 97/625
[ Info: 80_34: 98/625
[ Info: 80_34: 99/625
[ Info: 80_34: 100/625
[ Info: 80_34: 101/625
[ Info: 80_34: 102/625
[ Info: 80_34: 103/625
[ Info: 80_34: 104/625
[ Info: 80_34: 105/625
[ Info: 80_34: 106/625
[ Info: 80_34: 107/625
[ Info: 80_34: 108/625
[ Info: 80_34: 109/625
[ Info: 80_34: 110/625
[ Info: 80_34: 111/625
[ Info: 80_34: 112/625
[ Info: 80_34: 113/625
[ Info: 80_34: 114/625
[ Info: 80_34: 115/625
[ Info: 80_34: 116/625
[ Info: 80_34: 117/625
[ Info: 80_34: 118/625
[ Info: 80_34: 119/625
[ Info: 80_34: 120/625
[ Info: 80_34: 121/625
[ Info: 80_34: 122/625
[ Info: 80_34: 123/625
[ Info: 80_34: 124/625
[ Info: 80_34: 125/625
[ Info: 80_34: 126/625
[ Info: 80_34: 127/625
[ Info: 80_34: 128/625
[ Info: 80_34: 129/625
[ Info: 80_34: 130/625
[ Info: 80_34: 131/625
[ Info: 80_34: 132/625
[ Info: 80_34: 133/625
[ Info: 80_34: 134/625
[ Info: 80_34: 135/625
[ Info: 80_34: 136/625
[ Info: 80_34: 137/625
[ Info: 80_34: 138/625
[ Info: 80_34: 139/625
[ Info: 80_34: 140/625
[ Info: 80_34: 141/625
[ Info: 80_34: 142/625
[ Info: 80_34: 143/625
[ Info: 80_34: 144/625
[ Info: 80_34: 145/625
[ Info: 80_34: 146/625
[ Info: 80_34: 147/625
[ Info: 80_34: 148/625
[ Info: 80_34: 149/625
[ Info: 80_34: 150/625
[ Info: 80_34: 151/625
[ Info: 80_34: 152/625
[ Info: 80_34: 153/625
[ Info: 80_34: 154/625
[ Info: 80_34: 155/625
[ Info: 80_34: 156/625
[ Info: 80_34: 157/625
[ Info: 80_34: 158/625
[ Info: 80_34: 159/625
[ Info: 80_34: 160/625
[ Info: 80_34: 161/625
[ Info: 80_34: 162/625
[ Info: 80_34: 163/625
[ Info: 80_34: 164/625
[ Info: 80_34: 165/625
[ Info: 80_34: 166/625
[ Info: 80_34: 167/625
[ Info: 80_34: 168/625
[ Info: 80_34: 169/625
[ Info: 80_34: 170/625
[ Info: 80_34: 171/625
[ Info: 80_34: 172/625
[ Info: 80_34: 173/625
[ Info: 80_34: 174/625
[ Info: 80_34: 175/625
[ Info: 80_34: 176/625
[ Info: 80_34: 177/625
[ Info: 80_34: 178/625
[ Info: 80_34: 179/625
[ Info: 80_34: 180/625
[ Info: 80_34: 181/625
[ Info: 80_34: 182/625
[ Info: 80_34: 183/625
[ Info: 80_34: 184/625
[ Info: 80_34: 185/625
[ Info: 80_34: 186/625
[ Info: 80_34: 187/625
[ Info: 80_34: 188/625
[ Info: 80_34: 189/625
[ Info: 80_34: 190/625
[ Info: 80_34: 191/625
[ Info: 80_34: 192/625
[ Info: 80_34: 193/625
[ Info: 80_34: 194/625
[ Info: 80_34: 195/625
[ Info: 80_34: 196/625
[ Info: 80_34: 197/625
[ Info: 80_34: 198/625
[ Info: 80_34: 199/625
[ Info: 80_34: 200/625
[ Info: 80_34: 201/625
[ Info: 80_34: 202/625
[ Info: 80_34: 203/625
[ Info: 80_34: 204/625
[ Info: 80_34: 205/625
[ Info: 80_34: 206/625
[ Info: 80_34: 207/625
[ Info: 80_34: 208/625
[ Info: 80_34: 209/625
[ Info: 80_34: 210/625
[ Info: 80_34: 211/625
[ Info: 80_34: 212/625
[ Info: 80_34: 213/625
[ Info: 80_34: 214/625
[ Info: 80_34: 215/625
[ Info: 80_34: 216/625
[ Info: 80_34: 217/625
[ Info: 80_34: 218/625
[ Info: 80_34: 219/625
[ Info: 80_34: 220/625
[ Info: 80_34: 221/625
[ Info: 80_34: 222/625
[ Info: 80_34: 223/625
[ Info: 80_34: 224/625
[ Info: 80_34: 225/625
[ Info: 80_34: 226/625
[ Info: 80_34: 227/625
[ Info: 80_34: 228/625
[ Info: 80_34: 229/625
[ Info: 80_34: 230/625
[ Info: 80_34: 231/625
[ Info: 80_34: 232/625
[ Info: 80_34: 233/625
[ Info: 80_34: 234/625
[ Info: 80_34: 235/625
[ Info: 80_34: 236/625
[ Info: 80_34: 237/625
[ Info: 80_34: 238/625
[ Info: 80_34: 239/625
[ Info: 80_34: 240/625
[ Info: 80_34: 241/625
[ Info: 80_34: 242/625
[ Info: 80_34: 243/625
[ Info: 80_34: 244/625
[ Info: 80_34: 245/625
[ Info: 80_34: 246/625
[ Info: 80_34: 247/625
[ Info: 80_34: 248/625
[ Info: 80_34: 249/625
[ Info: 80_34: 250/625
[ Info: 80_34: 251/625
[ Info: 80_34: 252/625
[ Info: 80_34: 253/625
[ Info: 80_34: 254/625
[ Info: 80_34: 255/625
[ Info: 80_34: 256/625
[ Info: 80_34: 257/625
[ Info: 80_34: 258/625
[ Info: 80_34: 259/625
[ Info: 80_34: 260/625
[ Info: 80_34: 261/625
[ Info: 80_34: 262/625
[ Info: 80_34: 263/625
[ Info: 80_34: 264/625
[ Info: 80_34: 265/625
[ Info: 80_34: 266/625
[ Info: 80_34: 267/625
[ Info: 80_34: 268/625
[ Info: 80_34: 269/625
[ Info: 80_34: 270/625
[ Info: 80_34: 271/625
[ Info: 80_34: 272/625
[ Info: 80_34: 273/625
[ Info: 80_34: 274/625
[ Info: 80_34: 275/625
[ Info: 80_34: 276/625
[ Info: 80_34: 277/625
[ Info: 80_34: 278/625
[ Info: 80_34: 279/625
[ Info: 80_34: 280/625
[ Info: 80_34: 281/625
[ Info: 80_34: 282/625
[ Info: 80_34: 283/625
[ Info: 80_34: 284/625
[ Info: 80_34: 285/625
[ Info: 80_34: 286/625
[ Info: 80_34: 287/625
[ Info: 80_34: 288/625
[ Info: 80_34: 289/625
[ Info: 80_34: 290/625
[ Info: 80_34: 291/625
[ Info: 80_34: 292/625
[ Info: 80_34: 293/625
[ Info: 80_34: 294/625
[ Info: 80_34: 295/625
[ Info: 80_34: 296/625
[ Info: 80_34: 297/625
[ Info: 80_34: 298/625
[ Info: 80_34: 299/625
[ Info: 80_34: 300/625
[ Info: 80_34: 301/625
[ Info: 80_34: 302/625
[ Info: 80_34: 303/625
[ Info: 80_34: 304/625
[ Info: 80_34: 305/625
[ Info: 80_34: 306/625
[ Info: 80_34: 307/625
[ Info: 80_34: 308/625
[ Info: 80_34: 309/625
[ Info: 80_34: 310/625
[ Info: 80_34: 311/625
[ Info: 80_34: 312/625
[ Info: 80_34: 313/625
[ Info: 80_34: 314/625
[ Info: 80_34: 315/625
[ Info: 80_34: 316/625
[ Info: 80_34: 317/625
[ Info: 80_34: 318/625
[ Info: 80_34: 319/625
[ Info: 80_34: 320/625
[ Info: 80_34: 321/625
[ Info: 80_34: 322/625
[ Info: 80_34: 323/625
[ Info: 80_34: 324/625
[ Info: 80_34: 325/625
[ Info: 80_34: 326/625
[ Info: 80_34: 327/625
[ Info: 80_34: 328/625
[ Info: 80_34: 329/625
[ Info: 80_34: 330/625
[ Info: 80_34: 331/625
[ Info: 80_34: 332/625
[ Info: 80_34: 333/625
[ Info: 80_34: 334/625
[ Info: 80_34: 335/625
[ Info: 80_34: 336/625
[ Info: 80_34: 337/625
[ Info: 80_34: 338/625
[ Info: 80_34: 339/625
[ Info: 80_34: 340/625
[ Info: 80_34: 341/625
[ Info: 80_34: 342/625
[ Info: 80_34: 343/625
[ Info: 80_34: 344/625
[ Info: 80_34: 345/625
[ Info: 80_34: 346/625
[ Info: 80_34: 347/625
[ Info: 80_34: 348/625
[ Info: 80_34: 349/625
[ Info: 80_34: 350/625
[ Info: 80_34: 351/625
[ Info: 80_34: 352/625
[ Info: 80_34: 353/625
[ Info: 80_34: 354/625
[ Info: 80_34: 355/625
[ Info: 80_34: 356/625
[ Info: 80_34: 357/625
[ Info: 80_34: 358/625
[ Info: 80_34: 359/625
[ Info: 80_34: 360/625
[ Info: 80_34: 361/625
[ Info: 80_34: 362/625
[ Info: 80_34: 363/625
[ Info: 80_34: 364/625
[ Info: 80_34: 365/625
[ Info: 80_34: 366/625
[ Info: 80_34: 367/625
[ Info: 80_34: 368/625
[ Info: 80_34: 369/625
[ Info: 80_34: 370/625
[ Info: 80_34: 371/625
[ Info: 80_34: 372/625
[ Info: 80_34: 373/625
[ Info: 80_34: 374/625
[ Info: 80_34: 375/625
[ Info: 80_34: 376/625
[ Info: 80_34: 377/625
[ Info: 80_34: 378/625
[ Info: 80_34: 379/625
[ Info: 80_34: 380/625
[ Info: 80_34: 381/625
[ Info: 80_34: 382/625
[ Info: 80_34: 383/625
[ Info: 80_34: 384/625
[ Info: 80_34: 385/625
[ Info: 80_34: 386/625
[ Info: 80_34: 387/625
[ Info: 80_34: 388/625
[ Info: 80_34: 389/625
[ Info: 80_34: 390/625
[ Info: 80_34: 391/625
[ Info: 80_34: 392/625
[ Info: 80_34: 393/625
[ Info: 80_34: 394/625
[ Info: 80_34: 395/625
[ Info: 80_34: 396/625
[ Info: 80_34: 397/625
[ Info: 80_34: 398/625
[ Info: 80_34: 399/625
[ Info: 80_34: 400/625
[ Info: 80_34: 401/625
[ Info: 80_34: 402/625
[ Info: 80_34: 403/625
[ Info: 80_34: 404/625
[ Info: 80_34: 405/625
[ Info: 80_34: 406/625
[ Info: 80_34: 407/625
[ Info: 80_34: 408/625
[ Info: 80_34: 409/625
[ Info: 80_34: 410/625
[ Info: 80_34: 411/625
[ Info: 80_34: 412/625
[ Info: 80_34: 413/625
[ Info: 80_34: 414/625
[ Info: 80_34: 415/625
[ Info: 80_34: 416/625
[ Info: 80_34: 417/625
[ Info: 80_34: 418/625
[ Info: 80_34: 419/625
[ Info: 80_34: 420/625
[ Info: 80_34: 421/625
[ Info: 80_34: 422/625
[ Info: 80_34: 423/625
[ Info: 80_34: 424/625
[ Info: 80_34: 425/625
[ Info: 80_34: 426/625
[ Info: 80_34: 427/625
[ Info: 80_34: 428/625
[ Info: 80_34: 429/625
[ Info: 80_34: 430/625
[ Info: 80_34: 431/625
[ Info: 80_34: 432/625
[ Info: 80_34: 433/625
[ Info: 80_34: 434/625
[ Info: 80_34: 435/625
[ Info: 80_34: 436/625
[ Info: 80_34: 437/625
[ Info: 80_34: 438/625
[ Info: 80_34: 439/625
[ Info: 80_34: 440/625
[ Info: 80_34: 441/625
[ Info: 80_34: 442/625
[ Info: 80_34: 443/625
[ Info: 80_34: 444/625
[ Info: 80_34: 445/625
[ Info: 80_34: 446/625
[ Info: 80_34: 447/625
[ Info: 80_34: 448/625
[ Info: 80_34: 449/625
[ Info: 80_34: 450/625
[ Info: 80_34: 451/625
[ Info: 80_34: 452/625
[ Info: 80_34: 453/625
[ Info: 80_34: 454/625
[ Info: 80_34: 455/625
[ Info: 80_34: 456/625
[ Info: 80_34: 457/625
[ Info: 80_34: 458/625
[ Info: 80_34: 459/625
[ Info: 80_34: 460/625
[ Info: 80_34: 461/625
[ Info: 80_34: 462/625
[ Info: 80_34: 463/625
[ Info: 80_34: 464/625
[ Info: 80_34: 465/625
[ Info: 80_34: 466/625
[ Info: 80_34: 467/625
[ Info: 80_34: 468/625
[ Info: 80_34: 469/625
[ Info: 80_34: 470/625
[ Info: 80_34: 471/625
[ Info: 80_34: 472/625
[ Info: 80_34: 473/625
[ Info: 80_34: 474/625
[ Info: 80_34: 475/625
[ Info: 80_34: 476/625
[ Info: 80_34: 477/625
[ Info: 80_34: 478/625
[ Info: 80_34: 479/625
[ Info: 80_34: 480/625
[ Info: 80_34: 481/625
[ Info: 80_34: 482/625
[ Info: 80_34: 483/625
[ Info: 80_34: 484/625
[ Info: 80_34: 485/625
[ Info: 80_34: 486/625
[ Info: 80_34: 487/625
[ Info: 80_34: 488/625
[ Info: 80_34: 489/625
[ Info: 80_34: 490/625
[ Info: 80_34: 491/625
[ Info: 80_34: 492/625
[ Info: 80_34: 493/625
[ Info: 80_34: 494/625
[ Info: 80_34: 495/625
[ Info: 80_34: 496/625
[ Info: 80_34: 497/625
[ Info: 80_34: 498/625
[ Info: 80_34: 499/625
[ Info: 80_34: 500/625
[ Info: 80_34: 501/625
[ Info: 80_34: 502/625
[ Info: 80_34: 503/625
[ Info: 80_34: 504/625
[ Info: 80_34: 505/625
[ Info: 80_34: 506/625
[ Info: 80_34: 507/625
[ Info: 80_34: 508/625
[ Info: 80_34: 509/625
[ Info: 80_34: 510/625
[ Info: 80_34: 511/625
[ Info: 80_34: 512/625
[ Info: 80_34: 513/625
[ Info: 80_34: 514/625
[ Info: 80_34: 515/625
[ Info: 80_34: 516/625
[ Info: 80_34: 517/625
[ Info: 80_34: 518/625
[ Info: 80_34: 519/625
[ Info: 80_34: 520/625
[ Info: 80_34: 521/625
[ Info: 80_34: 522/625
[ Info: 80_34: 523/625
[ Info: 80_34: 524/625
[ Info: 80_34: 525/625
[ Info: 80_34: 526/625
[ Info: 80_34: 527/625
[ Info: 80_34: 528/625
[ Info: 80_34: 529/625
[ Info: 80_34: 530/625
[ Info: 80_34: 531/625
[ Info: 80_34: 532/625
[ Info: 80_34: 533/625
[ Info: 80_34: 534/625
[ Info: 80_34: 535/625
[ Info: 80_34: 536/625
[ Info: 80_34: 537/625
[ Info: 80_34: 538/625
[ Info: 80_34: 539/625
[ Info: 80_34: 540/625
[ Info: 80_34: 541/625
[ Info: 80_34: 542/625
[ Info: 80_34: 543/625
[ Info: 80_34: 544/625
[ Info: 80_34: 545/625
[ Info: 80_34: 546/625
[ Info: 80_34: 547/625
[ Info: 80_34: 548/625
[ Info: 80_34: 549/625
[ Info: 80_34: 550/625
[ Info: 80_34: 551/625
[ Info: 80_34: 552/625
[ Info: 80_34: 553/625
[ Info: 80_34: 554/625
[ Info: 80_34: 555/625
[ Info: 80_34: 556/625
[ Info: 80_34: 557/625
[ Info: 80_34: 558/625
[ Info: 80_34: 559/625
[ Info: 80_34: 560/625
[ Info: 80_34: 561/625
[ Info: 80_34: 562/625
[ Info: 80_34: 563/625
[ Info: 80_34: 564/625
[ Info: 80_34: 565/625
[ Info: 80_34: 566/625
[ Info: 80_34: 567/625
[ Info: 80_34: 568/625
[ Info: 80_34: 569/625
[ Info: 80_34: 570/625
[ Info: 80_34: 571/625
[ Info: 80_34: 572/625
[ Info: 80_34: 573/625
[ Info: 80_34: 574/625
[ Info: 80_34: 575/625
[ Info: 80_34: 576/625
[ Info: 80_34: 577/625
[ Info: 80_34: 578/625
[ Info: 80_34: 579/625
[ Info: 80_34: 580/625
[ Info: 80_34: 581/625
[ Info: 80_34: 582/625
[ Info: 80_34: 583/625
[ Info: 80_34: 584/625
[ Info: 80_34: 585/625
[ Info: 80_34: 586/625
[ Info: 80_34: 587/625
[ Info: 80_34: 588/625
[ Info: 80_34: 589/625
[ Info: 80_34: 590/625
[ Info: 80_34: 591/625
[ Info: 80_34: 592/625
[ Info: 80_34: 593/625
[ Info: 80_34: 594/625
[ Info: 80_34: 595/625
[ Info: 80_34: 596/625
[ Info: 80_34: 597/625
[ Info: 80_34: 598/625
[ Info: 80_34: 599/625
[ Info: 80_34: 600/625
[ Info: 80_34: 601/625
[ Info: 80_34: 602/625
[ Info: 80_34: 603/625
[ Info: 80_34: 604/625
[ Info: 80_34: 605/625
[ Info: 80_34: 606/625
[ Info: 80_34: 607/625
[ Info: 80_34: 608/625
[ Info: 80_34: 609/625
[ Info: 80_34: 610/625
[ Info: 80_34: 611/625
[ Info: 80_34: 612/625
[ Info: 80_34: 613/625
[ Info: 80_34: 614/625
[ Info: 80_34: 615/625
[ Info: 80_34: 616/625
[ Info: 80_34: 617/625
[ Info: 80_34: 618/625
[ Info: 80_34: 619/625
[ Info: 80_34: 620/625
[ Info: 80_34: 621/625
[ Info: 80_34: 622/625
[ Info: 80_34: 623/625
[ Info: 80_34: 624/625
[ Info: 80_34: 625/625
[ Info: 80_34: layer 2/2, base field no. 1/270, constructing abelian extensions
[ Info: 80_34: layer 2/2, base field no. 1/270, checking fields: 0
[ Info: 80_34: layer 2/2, base field no. 2/270, constructing abelian extensions
[ Info: 80_34: layer 2/2, base field no. 2/270, checking fields: 0
[ Info: 80_34: layer 2/2, base field no. 3/270, constructing abelian extensions
[ Info: 80_34: layer 2/2, base field no. 3/270, checking fields: 3
[ Info: 80_34: layer 2/2, base field no. 3/270, 1/3
[ Info: 80_34: layer 2/2, base field no. 3/270, 2/3
[ Info: 80_34: layer 2/2, base field no. 3/270, 3/3
[ Info: 80_34: layer 2/2, base field no. 4/270, constructing abelian extensions
[ Info: 80_34: layer 2/2, base field no. 4/270, checking fields: 4
[ Info: 80_34: layer 2/2, base field no. 4/270, 1/4
[ Info: 80_34: layer 2/2, base field no. 4/270, 2/4
[ Info: 80_34: layer 2/2, base field no. 4/270, 3/4
[ Info: 80_34: layer 2/2, base field no. 4/270, 4/4
[ Info: 80_34: layer 2/2, base field no. 5/270, constructing abelian extensions
[ Info: 80_34: layer 2/2, base field no. 5/270, checking fields: 0
[ Info: 80_34: layer 2/2, base field no. 6/270, constructing abelian extensions
[ Info: 80_34: layer 2/2, base field no. 6/270, checking fields: 27
[ Info: 80_34: layer 2/2, base field no. 6/270, 1/27
[ Info: 80_34: layer 2/2, base field no. 6/270, 2/27
[ Info: 80_34: layer 2/2, base field no. 6/270, 3/27
[ Info: 80_34: layer 2/2, base field no. 6/270, 4/27
[ Info: 80_34: layer 2/2, base field no. 6/270, 5/27
[ Info: 80_34: layer 2/2, base field no. 6/270, 6/27
[ Info: 80_34: layer 2/2, base field no. 6/270, 7/27
[ Info: 80_34: layer 2/2, base field no. 6/270, 8/27
[ Info: 80_34: layer 2/2, base field no. 6/270, 9/27
[ Info: 80_34: layer 2/2, base field no. 6/270, 10/27
[ Info: 80_34: layer 2/2, base field no. 6/270, 11/27
[ Info: 80_34: layer 2/2, base field no. 6/270, 12/27
[ Info: 80_34: layer 2/2, base field no. 6/270, 13/27
[ Info: 80_34: layer 2/2, base field no. 6/270, 14/27
[ Info: 80_34: layer 2/2, base field no. 6/270, 15/27
[ Info: 80_34: layer 2/2, base field no. 6/270, 16/27
[ Info: 80_34: layer 2/2, base field no. 6/270, 17/27
[ Info: 80_34: layer 2/2, base field no. 6/270, 18/27
[ Info: 80_34: layer 2/2, base field no. 6/270, 19/27
[ Info: 80_34: layer 2/2, base field no. 6/270, 20/27
[ Info: 80_34: layer 2/2, base field no. 6/270, 21/27
[ Info: 80_34: layer 2/2, base field no. 6/270, 22/27
[ Info: 80_34: layer 2/2, base field no. 6/270, 23/27
[ Info: 80_34: layer 2/2, base field no. 6/270, 24/27
[ Info: 80_34: layer 2/2, base field no. 6/270, 25/27
[ Info: 80_34: layer 2/2, base field no. 6/270, 26/27
[ Info: 80_34: layer 2/2, base field no. 6/270, 27/27
[ Info: 80_34: layer 2/2, base field no. 7/270, constructing abelian extensions
[ Info: 80_34: layer 2/2, base field no. 7/270, checking fields: 15
[ Info: 80_34: layer 2/2, base field no. 7/270, 1/15
[ Info: 80_34: layer 2/2, base field no. 7/270, 2/15
[ Info: 80_34: layer 2/2, base field no. 7/270, 3/15
[ Info: 80_34: layer 2/2, base field no. 7/270, 4/15
[ Info: 80_34: layer 2/2, base field no. 7/270, 5/15
[ Info: 80_34: layer 2/2, base field no. 7/270, 6/15
[ Info: 80_34: layer 2/2, base field no. 7/270, 7/15
[ Info: 80_34: layer 2/2, base field no. 7/270, 8/15
[ Info: 80_34: layer 2/2, base field no. 7/270, 9/15
[ Info: 80_34: layer 2/2, base field no. 7/270, 10/15
[ Info: 80_34: layer 2/2, base field no. 7/270, 11/15
[ Info: 80_34: layer 2/2, base field no. 7/270, 12/15
[ Info: 80_34: layer 2/2, base field no. 7/270, 13/15
[ Info: 80_34: layer 2/2, base field no. 7/270, 14/15
[ Info: 80_34: layer 2/2, base field no. 7/270, 15/15
[ Info: 80_34: layer 2/2, base field no. 8/270, constructing abelian extensions
[ Info: 80_34: layer 2/2, base field no. 8/270, checking fields: 9
[ Info: 80_34: layer 2/2, base field no. 8/270, 1/9
[ Info: 80_34: layer 2/2, base field no. 8/270, 2/9
[ Info: 80_34: layer 2/2, base field no. 8/270, 3/9
[ Info: 80_34: layer 2/2, base field no. 8/270, 4/9
[ Info: 80_34: layer 2/2, base field no. 8/270, 5/9
[ Info: 80_34: layer 2/2, base field no. 8/270, 6/9
[ Info: 80_34: layer 2/2, base field no. 8/270, 7/9
[ Info: 80_34: layer 2/2, base field no. 8/270, 8/9
[ Info: 80_34: layer 2/2, base field no. 8/270, 9/9
[ Info: 80_34: layer 2/2, base field no. 9/270, constructing abelian extensions
[ Info: 80_34: layer 2/2, base field no. 9/270, checking fields: 7
[ Info: 80_34: layer 2/2, base field no. 9/270, 1/7
[ Info: 80_34: layer 2/2, base field no. 9/270, 2/7
[ Info: 80_34: layer 2/2, base field no. 9/270, 3/7
[ Info: 80_34: layer 2/2, base field no. 9/270, 4/7
[ Info: 80_34: layer 2/2, base field no. 9/270, 5/7
[ Info: 80_34: layer 2/2, base field no. 9/270, 6/7
[ Info: 80_34: layer 2/2, base field no. 9/270, 7/7
[ Info: 80_34: layer 2/2, base field no. 10/270, constructing abelian extensions
[ Info: 80_34: layer 2/2, base field no. 10/270, checking fields: 0
[ Info: 80_34: layer 2/2, base field no. 11/270, constructing abelian extensions
[ Info: 80_34: layer 2/2, base field no. 11/270, checking fields: 13
[ Info: 80_34: layer 2/2, base field no. 11/270, 1/13
[ Info: 80_34: layer 2/2, base field no. 11/270, 2/13
[ Info: 80_34: layer 2/2, base field no. 11/270, 3/13
[ Info: 80_34: layer 2/2, base field no. 11/270, 4/13
[ Info: 80_34: layer 2/2, base field no. 11/270, 5/13
[ Info: 80_34: layer 2/2, base field no. 11/270, 6/13
[ Info: 80_34: layer 2/2, base field no. 11/270, 7/13
[ Info: 80_34: layer 2/2, base field no. 11/270, 8/13
[ Info: 80_34: layer 2/2, base field no. 11/270, 9/13
[ Info: 80_34: layer 2/2, base field no. 11/270, 10/13
[ Info: 80_34: layer 2/2, base field no. 11/270, 11/13
[ Info: 80_34: layer 2/2, base field no. 11/270, 12/13
[ Info: 80_34: layer 2/2, base field no. 11/270, 13/13
[ Info: 80_34: layer 2/2, base field no. 12/270, constructing abelian extensions
[ Info: 80_34: layer 2/2, base field no. 12/270, checking fields: 1
[ Info: 80_34: layer 2/2, base field no. 12/270, 1/1
[ Info: 80_34: layer 2/2, base field no. 13/270, constructing abelian extensions
[ Info: 80_34: layer 2/2, base field no. 13/270, checking fields: 1
[ Info: 80_34: layer 2/2, base field no. 13/270, 1/1
[ Info: 80_34: layer 2/2, base field no. 14/270, constructing abelian extensions
[ Info: 80_34: layer 2/2, base field no. 14/270, checking fields: 1
[ Info: 80_34: layer 2/2, base field no. 14/270, 1/1
[ Info: 80_34: layer 2/2, base field no. 15/270, constructing abelian extensions
[ Info: 80_34: layer 2/2, base field no. 15/270, checking fields: 0
[ Info: 80_34: layer 2/2, base field no. 16/270, constructing abelian extensions
[ Info: 80_34: layer 2/2, base field no. 16/270, checking fields: 0
[ Info: 80_34: layer 2/2, base field no. 17/270, constructing abelian extensions
[ Info: 80_34: layer 2/2, base field no. 17/270, checking fields: 4
[ Info: 80_34: layer 2/2, base field no. 17/270, 1/4
[ Info: 80_34: layer 2/2, base field no. 17/270, 2/4
[ Info: 80_34: layer 2/2, base field no. 17/270, 3/4
[ Info: 80_34: layer 2/2, base field no. 17/270, 4/4
[ Info: 80_34: layer 2/2, base field no. 18/270, constructing abelian extensions
[ Info: 80_34: layer 2/2, base field no. 18/270, checking fields: 0
[ Info: 80_34: layer 2/2, base field no. 19/270, constructing abelian extensions
[ Info: 80_34: layer 2/2, base field no. 19/270, checking fields: 0
[ Info: 80_34: layer 2/2, base field no. 20/270, constructing abelian extensions
[ Info: 80_34: layer 2/2, base field no. 20/270, checking fields: 0
[ Info: 80_34: layer 2/2, base field no. 21/270, constructing abelian extensions
[ Info: 80_34: layer 2/2, base field no. 21/270, checking fields: 0
[ Info: 80_34: layer 2/2, base field no. 22/270, constructing abelian extensions
[ Info: 80_34: layer 2/2, base field no. 22/270, checking fields: 0
[ Info: 80_34: layer 2/2, base field no. 23/270, constructing abelian extensions
[ Info: 80_34: layer 2/2, base field no. 23/270, checking fields: 1
[ Info: 80_34: layer 2/2, base field no. 23/270, 1/1
[ Info: 80_34: layer 2/2, base field no. 24/270, constructing abelian extensions
[ Info: 80_34: layer 2/2, base field no. 24/270, checking fields: 1
[ Info: 80_34: layer 2/2, base field no. 24/270, 1/1
[ Info: 80_34: layer 2/2, base field no. 25/270, constructing abelian extensions
[ Info: 80_34: layer 2/2, base field no. 25/270, checking fields: 0
[ Info: 80_34: layer 2/2, base field no. 26/270, constructing abelian extensions
[ Info: 80_34: layer 2/2, base field no. 26/270, checking fields: 0
[ Info: 80_34: layer 2/2, base field no. 27/270, constructing abelian extensions
[ Info: 80_34: layer 2/2, base field no. 27/270, checking fields: 6
[ Info: 80_34: layer 2/2, base field no. 27/270, 1/6
[ Info: 80_34: layer 2/2, base field no. 27/270, 2/6
[ Info: 80_34: layer 2/2, base field no. 27/270, 3/6
[ Info: 80_34: layer 2/2, base field no. 27/270, 4/6
[ Info: 80_34: layer 2/2, base field no. 27/270, 5/6
[ Info: 80_34: layer 2/2, base field no. 27/270, 6/6
[ Info: 80_34: layer 2/2, base field no. 28/270, constructing abelian extensions
[ Info: 80_34: layer 2/2, base field no. 28/270, checking fields: 0
[ Info: 80_34: layer 2/2, base field no. 29/270, constructing abelian extensions
[ Info: 80_34: layer 2/2, base field no. 29/270, checking fields: 0
[ Info: 80_34: layer 2/2, base field no. 30/270, constructing abelian extensions
[ Info: 80_34: layer 2/2, base field no. 30/270, checking fields: 2
[ Info: 80_34: layer 2/2, base field no. 30/270, 1/2
[ Info: 80_34: layer 2/2, base field no. 30/270, 2/2
[ Info: 80_34: layer 2/2, base field no. 31/270, constructing abelian extensions
[ Info: 80_34: layer 2/2, base field no. 31/270, checking fields: 0
[ Info: 80_34: layer 2/2, base field no. 32/270, constructing abelian extensions
[ Info: 80_34: layer 2/2, base field no. 32/270, checking fields: 35
[ Info: 80_34: layer 2/2, base field no. 32/270, 1/35
[ Info: 80_34: layer 2/2, base field no. 32/270, 2/35
[ Info: 80_34: layer 2/2, base field no. 32/270, 3/35
[ Info: 80_34: layer 2/2, base field no. 32/270, 4/35
[ Info: 80_34: layer 2/2, base field no. 32/270, 5/35
[ Info: 80_34: layer 2/2, base field no. 32/270, 6/35
[ Info: 80_34: layer 2/2, base field no. 32/270, 7/35
[ Info: 80_34: layer 2/2, base field no. 32/270, 8/35
[ Info: 80_34: layer 2/2, base field no. 32/270, 9/35
[ Info: 80_34: layer 2/2, base field no. 32/270, 10/35
[ Info: 80_34: layer 2/2, base field no. 32/270, 11/35
[ Info: 80_34: layer 2/2, base field no. 32/270, 12/35
[ Info: 80_34: layer 2/2, base field no. 32/270, 13/35
[ Info: 80_34: layer 2/2, base field no. 32/270, 14/35
[ Info: 80_34: layer 2/2, base field no. 32/270, 15/35
[ Info: 80_34: layer 2/2, base field no. 32/270, 16/35
[ Info: 80_34: layer 2/2, base field no. 32/270, 17/35
[ Info: 80_34: layer 2/2, base field no. 32/270, 18/35
[ Info: 80_34: layer 2/2, base field no. 32/270, 19/35
[ Info: 80_34: layer 2/2, base field no. 32/270, 20/35
[ Info: 80_34: layer 2/2, base field no. 32/270, 21/35
[ Info: 80_34: layer 2/2, base field no. 32/270, 22/35
[ Info: 80_34: layer 2/2, base field no. 32/270, 23/35
[ Info: 80_34: layer 2/2, base field no. 32/270, 24/35
[ Info: 80_34: layer 2/2, base field no. 32/270, 25/35
[ Info: 80_34: layer 2/2, base field no. 32/270, 26/35
[ Info: 80_34: layer 2/2, base field no. 32/270, 27/35
[ Info: 80_34: layer 2/2, base field no. 32/270, 28/35
[ Info: 80_34: layer 2/2, base field no. 32/270, 29/35
[ Info: 80_34: layer 2/2, base field no. 32/270, 30/35
[ Info: 80_34: layer 2/2, base field no. 32/270, 31/35
[ Info: 80_34: layer 2/2, base field no. 32/270, 32/35
[ Info: 80_34: layer 2/2, base field no. 32/270, 33/35
[ Info: 80_34: layer 2/2, base field no. 32/270, 34/35
[ Info: 80_34: layer 2/2, base field no. 32/270, 35/35
[ Info: 80_34: layer 2/2, base field no. 33/270, constructing abelian extensions
[ Info: 80_34: layer 2/2, base field no. 33/270, checking fields: 11
[ Info: 80_34: layer 2/2, base field no. 33/270, 1/11
[ Info: 80_34: layer 2/2, base field no. 33/270, 2/11
[ Info: 80_34: layer 2/2, base field no. 33/270, 3/11
[ Info: 80_34: layer 2/2, base field no. 33/270, 4/11
[ Info: 80_34: layer 2/2, base field no. 33/270, 5/11
[ Info: 80_34: layer 2/2, base field no. 33/270, 6/11
[ Info: 80_34: layer 2/2, base field no. 33/270, 7/11
[ Info: 80_34: layer 2/2, base field no. 33/270, 8/11
[ Info: 80_34: layer 2/2, base field no. 33/270, 9/11
[ Info: 80_34: layer 2/2, base field no. 33/270, 10/11
[ Info: 80_34: layer 2/2, base field no. 33/270, 11/11
[ Info: 80_34: layer 2/2, base field no. 34/270, constructing abelian extensions
[ Info: 80_34: layer 2/2, base field no. 34/270, checking fields: 0
[ Info: 80_34: layer 2/2, base field no. 35/270, constructing abelian extensions
[ Info: 80_34: layer 2/2, base field no. 35/270, checking fields: 13
[ Info: 80_34: layer 2/2, base field no. 35/270, 1/13
[ Info: 80_34: layer 2/2, base field no. 35/270, 2/13
[ Info: 80_34: layer 2/2, base field no. 35/270, 3/13
[ Info: 80_34: layer 2/2, base field no. 35/270, 4/13
[ Info: 80_34: layer 2/2, base field no. 35/270, 5/13
[ Info: 80_34: layer 2/2, base field no. 35/270, 6/13
[ Info: 80_34: layer 2/2, base field no. 35/270, 7/13
[ Info: 80_34: layer 2/2, base field no. 35/270, 8/13
[ Info: 80_34: layer 2/2, base field no. 35/270, 9/13
[ Info: 80_34: layer 2/2, base field no. 35/270, 10/13
[ Info: 80_34: layer 2/2, base field no. 35/270, 11/13
[ Info: 80_34: layer 2/2, base field no. 35/270, 12/13
[ Info: 80_34: layer 2/2, base field no. 35/270, 13/13
[ Info: 80_34: layer 2/2, base field no. 36/270, constructing abelian extensions
[ Info: 80_34: layer 2/2, base field no. 36/270, checking fields: 5
[ Info: 80_34: layer 2/2, base field no. 36/270, 1/5
[ Info: 80_34: layer 2/2, base field no. 36/270, 2/5
[ Info: 80_34: layer 2/2, base field no. 36/270, 3/5
[ Info: 80_34: layer 2/2, base field no. 36/270, 4/5
[ Info: 80_34: layer 2/2, base field no. 36/270, 5/5
[ Info: 80_34: layer 2/2, base field no. 37/270, constructing abelian extensions
[ Info: 80_34: layer 2/2, base field no. 37/270, checking fields: 7
[ Info: 80_34: layer 2/2, base field no. 37/270, 1/7
[ Info: 80_34: layer 2/2, base field no. 37/270, 2/7
[ Info: 80_34: layer 2/2, base field no. 37/270, 3/7
[ Info: 80_34: layer 2/2, base field no. 37/270, 4/7
[ Info: 80_34: layer 2/2, base field no. 37/270, 5/7
[ Info: 80_34: layer 2/2, base field no. 37/270, 6/7
[ Info: 80_34: layer 2/2, base field no. 37/270, 7/7
[ Info: 80_34: layer 2/2, base field no. 38/270, constructing abelian extensions
[ Info: 80_34: layer 2/2, base field no. 38/270, checking fields: 9
[ Info: 80_34: layer 2/2, base field no. 38/270, 1/9
[ Info: 80_34: layer 2/2, base field no. 38/270, 2/9
[ Info: 80_34: layer 2/2, base field no. 38/270, 3/9
[ Info: 80_34: layer 2/2, base field no. 38/270, 4/9
[ Info: 80_34: layer 2/2, base field no. 38/270, 5/9
[ Info: 80_34: layer 2/2, base field no. 38/270, 6/9
[ Info: 80_34: layer 2/2, base field no. 38/270, 7/9
[ Info: 80_34: layer 2/2, base field no. 38/270, 8/9
[ Info: 80_34: layer 2/2, base field no. 38/270, 9/9
[ Info: 80_34: layer 2/2, base field no. 39/270, constructing abelian extensions
[ Info: 80_34: layer 2/2, base field no. 39/270, checking fields: 0
[ Info: 80_34: layer 2/2, base field no. 40/270, constructing abelian extensions
[ Info: 80_34: layer 2/2, base field no. 40/270, checking fields: 5
[ Info: 80_34: layer 2/2, base field no. 40/270, 1/5
[ Info: 80_34: layer 2/2, base field no. 40/270, 2/5
[ Info: 80_34: layer 2/2, base field no. 40/270, 3/5
[ Info: 80_34: layer 2/2, base field no. 40/270, 4/5
[ Info: 80_34: layer 2/2, base field no. 40/270, 5/5
[ Info: 80_34: layer 2/2, base field no. 41/270, constructing abelian extensions
[ Info: 80_34: layer 2/2, base field no. 41/270, checking fields: 0
[ Info: 80_34: layer 2/2, base field no. 42/270, constructing abelian extensions
[ Info: 80_34: layer 2/2, base field no. 42/270, checking fields: 7
[ Info: 80_34: layer 2/2, base field no. 42/270, 1/7
[ Info: 80_34: layer 2/2, base field no. 42/270, 2/7
[ Info: 80_34: layer 2/2, base field no. 42/270, 3/7
[ Info: 80_34: layer 2/2, base field no. 42/270, 4/7
[ Info: 80_34: layer 2/2, base field no. 42/270, 5/7
[ Info: 80_34: layer 2/2, base field no. 42/270, 6/7
[ Info: 80_34: layer 2/2, base field no. 42/270, 7/7
[ Info: 80_34: layer 2/2, base field no. 43/270, constructing abelian extensions
[ Info: 80_34: layer 2/2, base field no. 43/270, checking fields: 9
[ Info: 80_34: layer 2/2, base field no. 43/270, 1/9
[ Info: 80_34: layer 2/2, base field no. 43/270, 2/9
[ Info: 80_34: layer 2/2, base field no. 43/270, 3/9
[ Info: 80_34: layer 2/2, base field no. 43/270, 4/9
[ Info: 80_34: layer 2/2, base field no. 43/270, 5/9
[ Info: 80_34: layer 2/2, base field no. 43/270, 6/9
[ Info: 80_34: layer 2/2, base field no. 43/270, 7/9
[ Info: 80_34: layer 2/2, base field no. 43/270, 8/9
[ Info: 80_34: layer 2/2, base field no. 43/270, 9/9
[ Info: 80_34: layer 2/2, base field no. 44/270, constructing abelian extensions
[ Info: 80_34: layer 2/2, base field no. 44/270, checking fields: 0
[ Info: 80_34: layer 2/2, base field no. 45/270, constructing abelian extensions
[ Info: 80_34: layer 2/2, base field no. 45/270, checking fields: 7
[ Info: 80_34: layer 2/2, base field no. 45/270, 1/7
[ Info: 80_34: layer 2/2, base field no. 45/270, 2/7
[ Info: 80_34: layer 2/2, base field no. 45/270, 3/7
[ Info: 80_34: layer 2/2, base field no. 45/270, 4/7
[ Info: 80_34: layer 2/2, base field no. 45/270, 5/7
[ Info: 80_34: layer 2/2, base field no. 45/270, 6/7
[ Info: 80_34: layer 2/2, base field no. 45/270, 7/7
[ Info: 80_34: layer 2/2, base field no. 46/270, constructing abelian extensions
[ Info: 80_34: layer 2/2, base field no. 46/270, checking fields: 4
[ Info: 80_34: layer 2/2, base field no. 46/270, 1/4
[ Info: 80_34: layer 2/2, base field no. 46/270, 2/4
[ Info: 80_34: layer 2/2, base field no. 46/270, 3/4
[ Info: 80_34: layer 2/2, base field no. 46/270, 4/4
[ Info: 80_34: layer 2/2, base field no. 47/270, constructing abelian extensions
[ Info: 80_34: layer 2/2, base field no. 47/270, checking fields: 4
[ Info: 80_34: layer 2/2, base field no. 47/270, 1/4
[ Info: 80_34: layer 2/2, base field no. 47/270, 2/4
[ Info: 80_34: layer 2/2, base field no. 47/270, 3/4
[ Info: 80_34: layer 2/2, base field no. 47/270, 4/4
[ Info: 80_34: layer 2/2, base field no. 48/270, constructing abelian extensions
[ Info: 80_34: layer 2/2, base field no. 48/270, checking fields: 3
[ Info: 80_34: layer 2/2, base field no. 48/270, 1/3
[ Info: 80_34: layer 2/2, base field no. 48/270, 2/3
[ Info: 80_34: layer 2/2, base field no. 48/270, 3/3
[ Info: 80_34: layer 2/2, base field no. 49/270, constructing abelian extensions
[ Info: 80_34: layer 2/2, base field no. 49/270, checking fields: 0
[ Info: 80_34: layer 2/2, base field no. 50/270, constructing abelian extensions
[ Info: 80_34: layer 2/2, base field no. 50/270, checking fields: 3
[ Info: 80_34: layer 2/2, base field no. 50/270, 1/3
[ Info: 80_34: layer 2/2, base field no. 50/270, 2/3
[ Info: 80_34: layer 2/2, base field no. 50/270, 3/3
[ Info: 80_34: layer 2/2, base field no. 51/270, constructing abelian extensions
[ Info: 80_34: layer 2/2, base field no. 51/270, checking fields: 0
[ Info: 80_34: layer 2/2, base field no. 52/270, constructing abelian extensions
[ Info: 80_34: layer 2/2, base field no. 52/270, checking fields: 0
[ Info: 80_34: layer 2/2, base field no. 53/270, constructing abelian extensions
[ Info: 80_34: layer 2/2, base field no. 53/270, checking fields: 0
[ Info: 80_34: layer 2/2, base field no. 54/270, constructing abelian extensions
[ Info: 80_34: layer 2/2, base field no. 54/270, checking fields: 0
[ Info: 80_34: layer 2/2, base field no. 55/270, constructing abelian extensions
[ Info: 80_34: layer 2/2, base field no. 55/270, checking fields: 0
[ Info: 80_34: layer 2/2, base field no. 56/270, constructing abelian extensions
[ Info: 80_34: layer 2/2, base field no. 56/270, checking fields: 1
[ Info: 80_34: layer 2/2, base field no. 56/270, 1/1
[ Info: 80_34: layer 2/2, base field no. 57/270, constructing abelian extensions
[ Info: 80_34: layer 2/2, base field no. 57/270, checking fields: 1
[ Info: 80_34: layer 2/2, base field no. 57/270, 1/1
[ Info: 80_34: layer 2/2, base field no. 58/270, constructing abelian extensions
[ Info: 80_34: layer 2/2, base field no. 58/270, checking fields: 1
[ Info: 80_34: layer 2/2, base field no. 58/270, 1/1
[ Info: 80_34: layer 2/2, base field no. 59/270, constructing abelian extensions
[ Info: 80_34: layer 2/2, base field no. 59/270, checking fields: 0
[ Info: 80_34: layer 2/2, base field no. 60/270, constructing abelian extensions
[ Info: 80_34: layer 2/2, base field no. 60/270, checking fields: 0
[ Info: 80_34: layer 2/2, base field no. 61/270, constructing abelian extensions
[ Info: 80_34: layer 2/2, base field no. 61/270, checking fields: 0
[ Info: 80_34: layer 2/2, base field no. 62/270, constructing abelian extensions
[ Info: 80_34: layer 2/2, base field no. 62/270, checking fields: 0
[ Info: 80_34: layer 2/2, base field no. 63/270, constructing abelian extensions
[ Info: 80_34: layer 2/2, base field no. 63/270, checking fields: 0
[ Info: 80_34: layer 2/2, base field no. 64/270, constructing abelian extensions
[ Info: 80_34: layer 2/2, base field no. 64/270, checking fields: 3
[ Info: 80_34: layer 2/2, base field no. 64/270, 1/3
[ Info: 80_34: layer 2/2, base field no. 64/270, 2/3
[ Info: 80_34: layer 2/2, base field no. 64/270, 3/3
[ Info: 80_34: layer 2/2, base field no. 65/270, constructing abelian extensions
[ Info: 80_34: layer 2/2, base field no. 65/270, checking fields: 0
[ Info: 80_34: layer 2/2, base field no. 66/270, constructing abelian extensions
[ Info: 80_34: layer 2/2, base field no. 66/270, checking fields: 0
[ Info: 80_34: layer 2/2, base field no. 67/270, constructing abelian extensions
[ Info: 80_34: layer 2/2, base field no. 67/270, checking fields: 0
[ Info: 80_34: layer 2/2, base field no. 68/270, constructing abelian extensions
[ Info: 80_34: layer 2/2, base field no. 68/270, checking fields: 0
[ Info: 80_34: layer 2/2, base field no. 69/270, constructing abelian extensions
[ Info: 80_34: layer 2/2, base field no. 69/270, checking fields: 0
[ Info: 80_34: layer 2/2, base field no. 70/270, constructing abelian extensions
[ Info: 80_34: layer 2/2, base field no. 70/270, checking fields: 0
[ Info: 80_34: layer 2/2, base field no. 71/270, constructing abelian extensions
[ Info: 80_34: layer 2/2, base field no. 71/270, checking fields: 0
[ Info: 80_34: layer 2/2, base field no. 72/270, constructing abelian extensions
[ Info: 80_34: layer 2/2, base field no. 72/270, checking fields: 0
[ Info: 80_34: layer 2/2, base field no. 73/270, constructing abelian extensions
[ Info: 80_34: layer 2/2, base field no. 73/270, checking fields: 0
[ Info: 80_34: layer 2/2, base field no. 74/270, constructing abelian extensions
[ Info: 80_34: layer 2/2, base field no. 74/270, checking fields: 0
[ Info: 80_34: layer 2/2, base field no. 75/270, constructing abelian extensions
[ Info: 80_34: layer 2/2, base field no. 75/270, checking fields: 0
[ Info: 80_34: layer 2/2, base field no. 76/270, constructing abelian extensions
[ Info: 80_34: layer 2/2, base field no. 76/270, checking fields: 0
[ Info: 80_34: layer 2/2, base field no. 77/270, constructing abelian extensions
[ Info: 80_34: layer 2/2, base field no. 77/270, checking fields: 0
[ Info: 80_34: layer 2/2, base field no. 78/270, constructing abelian extensions
[ Info: 80_34: layer 2/2, base field no. 78/270, checking fields: 0
[ Info: 80_34: layer 2/2, base field no. 79/270, constructing abelian extensions
[ Info: 80_34: layer 2/2, base field no. 79/270, checking fields: 0
[ Info: 80_34: layer 2/2, base field no. 80/270, constructing abelian extensions
[ Info: 80_34: layer 2/2, base field no. 80/270, checking fields: 0
[ Info: 80_34: layer 2/2, base field no. 81/270, constructing abelian extensions
[ Info: 80_34: layer 2/2, base field no. 81/270, checking fields: 0
[ Info: 80_34: layer 2/2, base field no. 82/270, constructing abelian extensions
[ Info: 80_34: layer 2/2, base field no. 82/270, checking fields: 0
[ Info: 80_34: layer 2/2, base field no. 83/270, constructing abelian extensions
[ Info: 80_34: layer 2/2, base field no. 83/270, checking fields: 0
[ Info: 80_34: layer 2/2, base field no. 84/270, constructing abelian extensions
[ Info: 80_34: layer 2/2, base field no. 84/270, checking fields: 0
[ Info: 80_34: layer 2/2, base field no. 85/270, constructing abelian extensions
[ Info: 80_34: layer 2/2, base field no. 85/270, checking fields: 0
[ Info: 80_34: layer 2/2, base field no. 86/270, constructing abelian extensions
[ Info: 80_34: layer 2/2, base field no. 86/270, checking fields: 0
[ Info: 80_34: layer 2/2, base field no. 87/270, constructing abelian extensions
[ Info: 80_34: layer 2/2, base field no. 87/270, checking fields: 10
[ Info: 80_34: layer 2/2, base field no. 87/270, 1/10
[ Info: 80_34: layer 2/2, base field no. 87/270, 2/10
[ Info: 80_34: layer 2/2, base field no. 87/270, 3/10
[ Info: 80_34: layer 2/2, base field no. 87/270, 4/10
[ Info: 80_34: layer 2/2, base field no. 87/270, 5/10
[ Info: 80_34: layer 2/2, base field no. 87/270, 6/10
[ Info: 80_34: layer 2/2, base field no. 87/270, 7/10
[ Info: 80_34: layer 2/2, base field no. 87/270, 8/10
[ Info: 80_34: layer 2/2, base field no. 87/270, 9/10
[ Info: 80_34: layer 2/2, base field no. 87/270, 10/10
[ Info: 80_34: layer 2/2, base field no. 88/270, constructing abelian extensions
[ Info: 80_34: layer 2/2, base field no. 88/270, checking fields: 3
[ Info: 80_34: layer 2/2, base field no. 88/270, 1/3
[ Info: 80_34: layer 2/2, base field no. 88/270, 2/3
[ Info: 80_34: layer 2/2, base field no. 88/270, 3/3
[ Info: 80_34: layer 2/2, base field no. 89/270, constructing abelian extensions
[ Info: 80_34: layer 2/2, base field no. 89/270, checking fields: 4
[ Info: 80_34: layer 2/2, base field no. 89/270, 1/4
[ Info: 80_34: layer 2/2, base field no. 89/270, 2/4
[ Info: 80_34: layer 2/2, base field no. 89/270, 3/4
[ Info: 80_34: layer 2/2, base field no. 89/270, 4/4
[ Info: 80_34: layer 2/2, base field no. 90/270, constructing abelian extensions
[ Info: 80_34: layer 2/2, base field no. 90/270, checking fields: 1
[ Info: 80_34: layer 2/2, base field no. 90/270, 1/1
[ Info: 80_34: layer 2/2, base field no. 91/270, constructing abelian extensions
[ Info: 80_34: layer 2/2, base field no. 91/270, checking fields: 2
[ Info: 80_34: layer 2/2, base field no. 91/270, 1/2
[ Info: 80_34: layer 2/2, base field no. 91/270, 2/2
[ Info: 80_34: layer 2/2, base field no. 92/270, constructing abelian extensions
[ Info: 80_34: layer 2/2, base field no. 92/270, checking fields: 0
[ Info: 80_34: layer 2/2, base field no. 93/270, constructing abelian extensions
[ Info: 80_34: layer 2/2, base field no. 93/270, checking fields: 0
[ Info: 80_34: layer 2/2, base field no. 94/270, constructing abelian extensions
[ Info: 80_34: layer 2/2, base field no. 94/270, checking fields: 0
[ Info: 80_34: layer 2/2, base field no. 95/270, constructing abelian extensions
[ Info: 80_34: layer 2/2, base field no. 95/270, checking fields: 0
[ Info: 80_34: layer 2/2, base field no. 96/270, constructing abelian extensions
[ Info: 80_34: layer 2/2, base field no. 96/270, checking fields: 0
[ Info: 80_34: layer 2/2, base field no. 97/270, constructing abelian extensions
[ Info: 80_34: layer 2/2, base field no. 97/270, checking fields: 0
[ Info: 80_34: layer 2/2, base field no. 98/270, constructing abelian extensions
[ Info: 80_34: layer 2/2, base field no. 98/270, checking fields: 0
[ Info: 80_34: layer 2/2, base field no. 99/270, constructing abelian extensions
[ Info: 80_34: layer 2/2, base field no. 99/270, checking fields: 0
[ Info: 80_34: layer 2/2, base field no. 100/270, constructing abelian extensions
[ Info: 80_34: layer 2/2, base field no. 100/270, checking fields: 0
[ Info: 80_34: layer 2/2, base field no. 101/270, constructing abelian extensions
[ Info: 80_34: layer 2/2, base field no. 101/270, checking fields: 0
[ Info: 80_34: layer 2/2, base field no. 102/270, constructing abelian extensions
[ Info: 80_34: layer 2/2, base field no. 102/270, checking fields: 0
[ Info: 80_34: layer 2/2, base field no. 103/270, constructing abelian extensions
[ Info: 80_34: layer 2/2, base field no. 103/270, checking fields: 0
[ Info: 80_34: layer 2/2, base field no. 104/270, constructing abelian extensions
[ Info: 80_34: layer 2/2, base field no. 104/270, checking fields: 0
[ Info: 80_34: layer 2/2, base field no. 105/270, constructing abelian extensions
[ Info: 80_34: layer 2/2, base field no. 105/270, checking fields: 0
[ Info: 80_34: layer 2/2, base field no. 106/270, constructing abelian extensions
[ Info: 80_34: layer 2/2, base field no. 106/270, checking fields: 7
[ Info: 80_34: layer 2/2, base field no. 106/270, 1/7
[ Info: 80_34: layer 2/2, base field no. 106/270, 2/7
[ Info: 80_34: layer 2/2, base field no. 106/270, 3/7
[ Info: 80_34: layer 2/2, base field no. 106/270, 4/7
[ Info: 80_34: layer 2/2, base field no. 106/270, 5/7
[ Info: 80_34: layer 2/2, base field no. 106/270, 6/7
[ Info: 80_34: layer 2/2, base field no. 106/270, 7/7
[ Info: 80_34: layer 2/2, base field no. 107/270, constructing abelian extensions
[ Info: 80_34: layer 2/2, base field no. 107/270, checking fields: 0
[ Info: 80_34: layer 2/2, base field no. 108/270, constructing abelian extensions
[ Info: 80_34: layer 2/2, base field no. 108/270, checking fields: 0
[ Info: 80_34: layer 2/2, base field no. 109/270, constructing abelian extensions
[ Info: 80_34: layer 2/2, base field no. 109/270, checking fields: 3
[ Info: 80_34: layer 2/2, base field no. 109/270, 1/3
[ Info: 80_34: layer 2/2, base field no. 109/270, 2/3
[ Info: 80_34: layer 2/2, base field no. 109/270, 3/3
[ Info: 80_34: layer 2/2, base field no. 110/270, constructing abelian extensions
[ Info: 80_34: layer 2/2, base field no. 110/270, checking fields: 0
[ Info: 80_34: layer 2/2, base field no. 111/270, constructing abelian extensions
[ Info: 80_34: layer 2/2, base field no. 111/270, checking fields: 0
[ Info: 80_34: layer 2/2, base field no. 112/270, constructing abelian extensions
[ Info: 80_34: layer 2/2, base field no. 112/270, checking fields: 1
[ Info: 80_34: layer 2/2, base field no. 112/270, 1/1
[ Info: 80_34: layer 2/2, base field no. 113/270, constructing abelian extensions
[ Info: 80_34: layer 2/2, base field no. 113/270, checking fields: 0
[ Info: 80_34: layer 2/2, base field no. 114/270, constructing abelian extensions
[ Info: 80_34: layer 2/2, base field no. 114/270, checking fields: 0
[ Info: 80_34: layer 2/2, base field no. 115/270, constructing abelian extensions
[ Info: 80_34: layer 2/2, base field no. 115/270, checking fields: 0
[ Info: 80_34: layer 2/2, base field no. 116/270, constructing abelian extensions
[ Info: 80_34: layer 2/2, base field no. 116/270, checking fields: 0
[ Info: 80_34: layer 2/2, base field no. 117/270, constructing abelian extensions
[ Info: 80_34: layer 2/2, base field no. 117/270, checking fields: 0
[ Info: 80_34: layer 2/2, base field no. 118/270, constructing abelian extensions
[ Info: 80_34: layer 2/2, base field no. 118/270, checking fields: 0
[ Info: 80_34: layer 2/2, base field no. 119/270, constructing abelian extensions
[ Info: 80_34: layer 2/2, base field no. 119/270, checking fields: 0
[ Info: 80_34: layer 2/2, base field no. 120/270, constructing abelian extensions
[ Info: 80_34: layer 2/2, base field no. 120/270, checking fields: 1
[ Info: 80_34: layer 2/2, base field no. 120/270, 1/1
[ Info: 80_34: layer 2/2, base field no. 121/270, constructing abelian extensions
[ Info: 80_34: layer 2/2, base field no. 121/270, checking fields: 0
[ Info: 80_34: layer 2/2, base field no. 122/270, constructing abelian extensions
[ Info: 80_34: layer 2/2, base field no. 122/270, checking fields: 0
[ Info: 80_34: layer 2/2, base field no. 123/270, constructing abelian extensions
[ Info: 80_34: layer 2/2, base field no. 123/270, checking fields: 5
[ Info: 80_34: layer 2/2, base field no. 123/270, 1/5
[ Info: 80_34: layer 2/2, base field no. 123/270, 2/5
[ Info: 80_34: layer 2/2, base field no. 123/270, 3/5
[ Info: 80_34: layer 2/2, base field no. 123/270, 4/5
[ Info: 80_34: layer 2/2, base field no. 123/270, 5/5
[ Info: 80_34: layer 2/2, base field no. 124/270, constructing abelian extensions
[ Info: 80_34: layer 2/2, base field no. 124/270, checking fields: 1
[ Info: 80_34: layer 2/2, base field no. 124/270, 1/1
[ Info: 80_34: layer 2/2, base field no. 125/270, constructing abelian extensions
[ Info: 80_34: layer 2/2, base field no. 125/270, checking fields: 1
[ Info: 80_34: layer 2/2, base field no. 125/270, 1/1
[ Info: 80_34: layer 2/2, base field no. 126/270, constructing abelian extensions
[ Info: 80_34: layer 2/2, base field no. 126/270, checking fields: 0
[ Info: 80_34: layer 2/2, base field no. 127/270, constructing abelian extensions
[ Info: 80_34: layer 2/2, base field no. 127/270, checking fields: 0
[ Info: 80_34: layer 2/2, base field no. 128/270, constructing abelian extensions
[ Info: 80_34: layer 2/2, base field no. 128/270, checking fields: 0
[ Info: 80_34: layer 2/2, base field no. 129/270, constructing abelian extensions
[ Info: 80_34: layer 2/2, base field no. 129/270, checking fields: 0
[ Info: 80_34: layer 2/2, base field no. 130/270, constructing abelian extensions
[ Info: 80_34: layer 2/2, base field no. 130/270, checking fields: 0
[ Info: 80_34: layer 2/2, base field no. 131/270, constructing abelian extensions
[ Info: 80_34: layer 2/2, base field no. 131/270, checking fields: 0
[ Info: 80_34: layer 2/2, base field no. 132/270, constructing abelian extensions
[ Info: 80_34: layer 2/2, base field no. 132/270, checking fields: 0
[ Info: 80_34: layer 2/2, base field no. 133/270, constructing abelian extensions
[ Info: 80_34: layer 2/2, base field no. 133/270, checking fields: 9
[ Info: 80_34: layer 2/2, base field no. 133/270, 1/9
[ Info: 80_34: layer 2/2, base field no. 133/270, 2/9
[ Info: 80_34: layer 2/2, base field no. 133/270, 3/9
[ Info: 80_34: layer 2/2, base field no. 133/270, 4/9
[ Info: 80_34: layer 2/2, base field no. 133/270, 5/9
[ Info: 80_34: layer 2/2, base field no. 133/270, 6/9
[ Info: 80_34: layer 2/2, base field no. 133/270, 7/9
[ Info: 80_34: layer 2/2, base field no. 133/270, 8/9
[ Info: 80_34: layer 2/2, base field no. 133/270, 9/9
[ Info: 80_34: layer 2/2, base field no. 134/270, constructing abelian extensions
[ Info: 80_34: layer 2/2, base field no. 134/270, checking fields: 0
[ Info: 80_34: layer 2/2, base field no. 135/270, constructing abelian extensions
[ Info: 80_34: layer 2/2, base field no. 135/270, checking fields: 4
[ Info: 80_34: layer 2/2, base field no. 135/270, 1/4
[ Info: 80_34: layer 2/2, base field no. 135/270, 2/4
[ Info: 80_34: layer 2/2, base field no. 135/270, 3/4
[ Info: 80_34: layer 2/2, base field no. 135/270, 4/4
[ Info: 80_34: layer 2/2, base field no. 136/270, constructing abelian extensions
[ Info: 80_34: layer 2/2, base field no. 136/270, checking fields: 0
[ Info: 80_34: layer 2/2, base field no. 137/270, constructing abelian extensions
[ Info: 80_34: layer 2/2, base field no. 137/270, checking fields: 4
[ Info: 80_34: layer 2/2, base field no. 137/270, 1/4
[ Info: 80_34: layer 2/2, base field no. 137/270, 2/4
[ Info: 80_34: layer 2/2, base field no. 137/270, 3/4
[ Info: 80_34: layer 2/2, base field no. 137/270, 4/4
[ Info: 80_34: layer 2/2, base field no. 138/270, constructing abelian extensions
[ Info: 80_34: layer 2/2, base field no. 138/270, checking fields: 1
[ Info: 80_34: layer 2/2, base field no. 138/270, 1/1
[ Info: 80_34: layer 2/2, base field no. 139/270, constructing abelian extensions
[ Info: 80_34: layer 2/2, base field no. 139/270, checking fields: 1
[ Info: 80_34: layer 2/2, base field no. 139/270, 1/1
[ Info: 80_34: layer 2/2, base field no. 140/270, constructing abelian extensions
[ Info: 80_34: layer 2/2, base field no. 140/270, checking fields: 0
[ Info: 80_34: layer 2/2, base field no. 141/270, constructing abelian extensions
[ Info: 80_34: layer 2/2, base field no. 141/270, checking fields: 0
[ Info: 80_34: layer 2/2, base field no. 142/270, constructing abelian extensions
[ Info: 80_34: layer 2/2, base field no. 142/270, checking fields: 1
[ Info: 80_34: layer 2/2, base field no. 142/270, 1/1
[ Info: 80_34: layer 2/2, base field no. 143/270, constructing abelian extensions
[ Info: 80_34: layer 2/2, base field no. 143/270, checking fields: 1
[ Info: 80_34: layer 2/2, base field no. 143/270, 1/1
[ Info: 80_34: layer 2/2, base field no. 144/270, constructing abelian extensions
[ Info: 80_34: layer 2/2, base field no. 144/270, checking fields: 0
[ Info: 80_34: layer 2/2, base field no. 145/270, constructing abelian extensions
[ Info: 80_34: layer 2/2, base field no. 145/270, checking fields: 0
[ Info: 80_34: layer 2/2, base field no. 146/270, constructing abelian extensions
[ Info: 80_34: layer 2/2, base field no. 146/270, checking fields: 0
[ Info: 80_34: layer 2/2, base field no. 147/270, constructing abelian extensions
[ Info: 80_34: layer 2/2, base field no. 147/270, checking fields: 0
[ Info: 80_34: layer 2/2, base field no. 148/270, constructing abelian extensions
[ Info: 80_34: layer 2/2, base field no. 148/270, checking fields: 0
[ Info: 80_34: layer 2/2, base field no. 149/270, constructing abelian extensions
[ Info: 80_34: layer 2/2, base field no. 149/270, checking fields: 4
[ Info: 80_34: layer 2/2, base field no. 149/270, 1/4
[ Info: 80_34: layer 2/2, base field no. 149/270, 2/4
[ Info: 80_34: layer 2/2, base field no. 149/270, 3/4
[ Info: 80_34: layer 2/2, base field no. 149/270, 4/4
[ Info: 80_34: layer 2/2, base field no. 150/270, constructing abelian extensions
[ Info: 80_34: layer 2/2, base field no. 150/270, checking fields: 0
[ Info: 80_34: layer 2/2, base field no. 151/270, constructing abelian extensions
[ Info: 80_34: layer 2/2, base field no. 151/270, checking fields: 0
[ Info: 80_34: layer 2/2, base field no. 152/270, constructing abelian extensions
[ Info: 80_34: layer 2/2, base field no. 152/270, checking fields: 3
[ Info: 80_34: layer 2/2, base field no. 152/270, 1/3
[ Info: 80_34: layer 2/2, base field no. 152/270, 2/3
[ Info: 80_34: layer 2/2, base field no. 152/270, 3/3
[ Info: 80_34: layer 2/2, base field no. 153/270, constructing abelian extensions
[ Info: 80_34: layer 2/2, base field no. 153/270, checking fields: 0
[ Info: 80_34: layer 2/2, base field no. 154/270, constructing abelian extensions
[ Info: 80_34: layer 2/2, base field no. 154/270, checking fields: 0
[ Info: 80_34: layer 2/2, base field no. 155/270, constructing abelian extensions
[ Info: 80_34: layer 2/2, base field no. 155/270, checking fields: 0
[ Info: 80_34: layer 2/2, base field no. 156/270, constructing abelian extensions
[ Info: 80_34: layer 2/2, base field no. 156/270, checking fields: 0
[ Info: 80_34: layer 2/2, base field no. 157/270, constructing abelian extensions
[ Info: 80_34: layer 2/2, base field no. 157/270, checking fields: 0
[ Info: 80_34: layer 2/2, base field no. 158/270, constructing abelian extensions
[ Info: 80_34: layer 2/2, base field no. 158/270, checking fields: 0
[ Info: 80_34: layer 2/2, base field no. 159/270, constructing abelian extensions
[ Info: 80_34: layer 2/2, base field no. 159/270, checking fields: 0
[ Info: 80_34: layer 2/2, base field no. 160/270, constructing abelian extensions
[ Info: 80_34: layer 2/2, base field no. 160/270, checking fields: 1
[ Info: 80_34: layer 2/2, base field no. 160/270, 1/1
[ Info: 80_34: layer 2/2, base field no. 161/270, constructing abelian extensions
[ Info: 80_34: layer 2/2, base field no. 161/270, checking fields: 0
[ Info: 80_34: layer 2/2, base field no. 162/270, constructing abelian extensions
[ Info: 80_34: layer 2/2, base field no. 162/270, checking fields: 0
[ Info: 80_34: layer 2/2, base field no. 163/270, constructing abelian extensions
[ Info: 80_34: layer 2/2, base field no. 163/270, checking fields: 0
[ Info: 80_34: layer 2/2, base field no. 164/270, constructing abelian extensions
[ Info: 80_34: layer 2/2, base field no. 164/270, checking fields: 5
[ Info: 80_34: layer 2/2, base field no. 164/270, 1/5
[ Info: 80_34: layer 2/2, base field no. 164/270, 2/5
[ Info: 80_34: layer 2/2, base field no. 164/270, 3/5
[ Info: 80_34: layer 2/2, base field no. 164/270, 4/5
[ Info: 80_34: layer 2/2, base field no. 164/270, 5/5
[ Info: 80_34: layer 2/2, base field no. 165/270, constructing abelian extensions
[ Info: 80_34: layer 2/2, base field no. 165/270, checking fields: 7
[ Info: 80_34: layer 2/2, base field no. 165/270, 1/7
[ Info: 80_34: layer 2/2, base field no. 165/270, 2/7
[ Info: 80_34: layer 2/2, base field no. 165/270, 3/7
[ Info: 80_34: layer 2/2, base field no. 165/270, 4/7
[ Info: 80_34: layer 2/2, base field no. 165/270, 5/7
[ Info: 80_34: layer 2/2, base field no. 165/270, 6/7
[ Info: 80_34: layer 2/2, base field no. 165/270, 7/7
[ Info: 80_34: layer 2/2, base field no. 166/270, constructing abelian extensions
[ Info: 80_34: layer 2/2, base field no. 166/270, checking fields: 0
[ Info: 80_34: layer 2/2, base field no. 167/270, constructing abelian extensions
[ Info: 80_34: layer 2/2, base field no. 167/270, checking fields: 5
[ Info: 80_34: layer 2/2, base field no. 167/270, 1/5
[ Info: 80_34: layer 2/2, base field no. 167/270, 2/5
[ Info: 80_34: layer 2/2, base field no. 167/270, 3/5
[ Info: 80_34: layer 2/2, base field no. 167/270, 4/5
[ Info: 80_34: layer 2/2, base field no. 167/270, 5/5
[ Info: 80_34: layer 2/2, base field no. 168/270, constructing abelian extensions
[ Info: 80_34: layer 2/2, base field no. 168/270, checking fields: 0
[ Info: 80_34: layer 2/2, base field no. 169/270, constructing abelian extensions
[ Info: 80_34: layer 2/2, base field no. 169/270, checking fields: 0
[ Info: 80_34: layer 2/2, base field no. 170/270, constructing abelian extensions
[ Info: 80_34: layer 2/2, base field no. 170/270, checking fields: 0
[ Info: 80_34: layer 2/2, base field no. 171/270, constructing abelian extensions
[ Info: 80_34: layer 2/2, base field no. 171/270, checking fields: 0
[ Info: 80_34: layer 2/2, base field no. 172/270, constructing abelian extensions
[ Info: 80_34: layer 2/2, base field no. 172/270, checking fields: 0
[ Info: 80_34: layer 2/2, base field no. 173/270, constructing abelian extensions
[ Info: 80_34: layer 2/2, base field no. 173/270, checking fields: 3
[ Info: 80_34: layer 2/2, base field no. 173/270, 1/3
[ Info: 80_34: layer 2/2, base field no. 173/270, 2/3
[ Info: 80_34: layer 2/2, base field no. 173/270, 3/3
[ Info: 80_34: layer 2/2, base field no. 174/270, constructing abelian extensions
[ Info: 80_34: layer 2/2, base field no. 174/270, checking fields: 0
[ Info: 80_34: layer 2/2, base field no. 175/270, constructing abelian extensions
[ Info: 80_34: layer 2/2, base field no. 175/270, checking fields: 0
[ Info: 80_34: layer 2/2, base field no. 176/270, constructing abelian extensions
[ Info: 80_34: layer 2/2, base field no. 176/270, checking fields: 0
[ Info: 80_34: layer 2/2, base field no. 177/270, constructing abelian extensions
[ Info: 80_34: layer 2/2, base field no. 177/270, checking fields: 0
[ Info: 80_34: layer 2/2, base field no. 178/270, constructing abelian extensions
[ Info: 80_34: layer 2/2, base field no. 178/270, checking fields: 0
[ Info: 80_34: layer 2/2, base field no. 179/270, constructing abelian extensions
[ Info: 80_34: layer 2/2, base field no. 179/270, checking fields: 0
[ Info: 80_34: layer 2/2, base field no. 180/270, constructing abelian extensions
[ Info: 80_34: layer 2/2, base field no. 180/270, checking fields: 0
[ Info: 80_34: layer 2/2, base field no. 181/270, constructing abelian extensions
[ Info: 80_34: layer 2/2, base field no. 181/270, checking fields: 0
[ Info: 80_34: layer 2/2, base field no. 182/270, constructing abelian extensions
[ Info: 80_34: layer 2/2, base field no. 182/270, checking fields: 0
[ Info: 80_34: layer 2/2, base field no. 183/270, constructing abelian extensions
[ Info: 80_34: layer 2/2, base field no. 183/270, checking fields: 1
[ Info: 80_34: layer 2/2, base field no. 183/270, 1/1
[ Info: 80_34: layer 2/2, base field no. 184/270, constructing abelian extensions
[ Info: 80_34: layer 2/2, base field no. 184/270, checking fields: 0
[ Info: 80_34: layer 2/2, base field no. 185/270, constructing abelian extensions
[ Info: 80_34: layer 2/2, base field no. 185/270, checking fields: 0
[ Info: 80_34: layer 2/2, base field no. 186/270, constructing abelian extensions
[ Info: 80_34: layer 2/2, base field no. 186/270, checking fields: 0
[ Info: 80_34: layer 2/2, base field no. 187/270, constructing abelian extensions
[ Info: 80_34: layer 2/2, base field no. 187/270, checking fields: 0
[ Info: 80_34: layer 2/2, base field no. 188/270, constructing abelian extensions
[ Info: 80_34: layer 2/2, base field no. 188/270, checking fields: 0
[ Info: 80_34: layer 2/2, base field no. 189/270, constructing abelian extensions
[ Info: 80_34: layer 2/2, base field no. 189/270, checking fields: 0
[ Info: 80_34: layer 2/2, base field no. 190/270, constructing abelian extensions
[ Info: 80_34: layer 2/2, base field no. 190/270, checking fields: 0
[ Info: 80_34: layer 2/2, base field no. 191/270, constructing abelian extensions
[ Info: 80_34: layer 2/2, base field no. 191/270, checking fields: 3
[ Info: 80_34: layer 2/2, base field no. 191/270, 1/3
[ Info: 80_34: layer 2/2, base field no. 191/270, 2/3
[ Info: 80_34: layer 2/2, base field no. 191/270, 3/3
[ Info: 80_34: layer 2/2, base field no. 192/270, constructing abelian extensions
[ Info: 80_34: layer 2/2, base field no. 192/270, checking fields: 0
[ Info: 80_34: layer 2/2, base field no. 193/270, constructing abelian extensions
[ Info: 80_34: layer 2/2, base field no. 193/270, checking fields: 0
[ Info: 80_34: layer 2/2, base field no. 194/270, constructing abelian extensions
[ Info: 80_34: layer 2/2, base field no. 194/270, checking fields: 0
[ Info: 80_34: layer 2/2, base field no. 195/270, constructing abelian extensions
[ Info: 80_34: layer 2/2, base field no. 195/270, checking fields: 0
[ Info: 80_34: layer 2/2, base field no. 196/270, constructing abelian extensions
[ Info: 80_34: layer 2/2, base field no. 196/270, checking fields: 0
[ Info: 80_34: layer 2/2, base field no. 197/270, constructing abelian extensions
[ Info: 80_34: layer 2/2, base field no. 197/270, checking fields: 2
[ Info: 80_34: layer 2/2, base field no. 197/270, 1/2
[ Info: 80_34: layer 2/2, base field no. 197/270, 2/2
[ Info: 80_34: layer 2/2, base field no. 198/270, constructing abelian extensions
[ Info: 80_34: layer 2/2, base field no. 198/270, checking fields: 2
[ Info: 80_34: layer 2/2, base field no. 198/270, 1/2
[ Info: 80_34: layer 2/2, base field no. 198/270, 2/2
[ Info: 80_34: layer 2/2, base field no. 199/270, constructing abelian extensions
[ Info: 80_34: layer 2/2, base field no. 199/270, checking fields: 0
[ Info: 80_34: layer 2/2, base field no. 200/270, constructing abelian extensions
[ Info: 80_34: layer 2/2, base field no. 200/270, checking fields: 0
[ Info: 80_34: layer 2/2, base field no. 201/270, constructing abelian extensions
[ Info: 80_34: layer 2/2, base field no. 201/270, checking fields: 0
[ Info: 80_34: layer 2/2, base field no. 202/270, constructing abelian extensions
[ Info: 80_34: layer 2/2, base field no. 202/270, checking fields: 0
[ Info: 80_34: layer 2/2, base field no. 203/270, constructing abelian extensions
[ Info: 80_34: layer 2/2, base field no. 203/270, checking fields: 0
[ Info: 80_34: layer 2/2, base field no. 204/270, constructing abelian extensions
[ Info: 80_34: layer 2/2, base field no. 204/270, checking fields: 0
[ Info: 80_34: layer 2/2, base field no. 205/270, constructing abelian extensions
[ Info: 80_34: layer 2/2, base field no. 205/270, checking fields: 0
[ Info: 80_34: layer 2/2, base field no. 206/270, constructing abelian extensions
[ Info: 80_34: layer 2/2, base field no. 206/270, checking fields: 0
[ Info: 80_34: layer 2/2, base field no. 207/270, constructing abelian extensions
[ Info: 80_34: layer 2/2, base field no. 207/270, checking fields: 0
[ Info: 80_34: layer 2/2, base field no. 208/270, constructing abelian extensions
[ Info: 80_34: layer 2/2, base field no. 208/270, checking fields: 3
[ Info: 80_34: layer 2/2, base field no. 208/270, 1/3
[ Info: 80_34: layer 2/2, base field no. 208/270, 2/3
[ Info: 80_34: layer 2/2, base field no. 208/270, 3/3
[ Info: 80_34: layer 2/2, base field no. 209/270, constructing abelian extensions
[ Info: 80_34: layer 2/2, base field no. 209/270, checking fields: 0
[ Info: 80_34: layer 2/2, base field no. 210/270, constructing abelian extensions
[ Info: 80_34: layer 2/2, base field no. 210/270, checking fields: 0
[ Info: 80_34: layer 2/2, base field no. 211/270, constructing abelian extensions
[ Info: 80_34: layer 2/2, base field no. 211/270, checking fields: 0
[ Info: 80_34: layer 2/2, base field no. 212/270, constructing abelian extensions
[ Info: 80_34: layer 2/2, base field no. 212/270, checking fields: 0
[ Info: 80_34: layer 2/2, base field no. 213/270, constructing abelian extensions
[ Info: 80_34: layer 2/2, base field no. 213/270, checking fields: 0
[ Info: 80_34: layer 2/2, base field no. 214/270, constructing abelian extensions
[ Info: 80_34: layer 2/2, base field no. 214/270, checking fields: 0
[ Info: 80_34: layer 2/2, base field no. 215/270, constructing abelian extensions
[ Info: 80_34: layer 2/2, base field no. 215/270, checking fields: 0
[ Info: 80_34: layer 2/2, base field no. 216/270, constructing abelian extensions
[ Info: 80_34: layer 2/2, base field no. 216/270, checking fields: 0
[ Info: 80_34: layer 2/2, base field no. 217/270, constructing abelian extensions
[ Info: 80_34: layer 2/2, base field no. 217/270, checking fields: 0
[ Info: 80_34: layer 2/2, base field no. 218/270, constructing abelian extensions
[ Info: 80_34: layer 2/2, base field no. 218/270, checking fields: 0
[ Info: 80_34: layer 2/2, base field no. 219/270, constructing abelian extensions
[ Info: 80_34: layer 2/2, base field no. 219/270, checking fields: 0
[ Info: 80_34: layer 2/2, base field no. 220/270, constructing abelian extensions
[ Info: 80_34: layer 2/2, base field no. 220/270, checking fields: 2
[ Info: 80_34: layer 2/2, base field no. 220/270, 1/2
[ Info: 80_34: layer 2/2, base field no. 220/270, 2/2
[ Info: 80_34: layer 2/2, base field no. 221/270, constructing abelian extensions
[ Info: 80_34: layer 2/2, base field no. 221/270, checking fields: 0
[ Info: 80_34: layer 2/2, base field no. 222/270, constructing abelian extensions
[ Info: 80_34: layer 2/2, base field no. 222/270, checking fields: 0
[ Info: 80_34: layer 2/2, base field no. 223/270, constructing abelian extensions
[ Info: 80_34: layer 2/2, base field no. 223/270, checking fields: 0
[ Info: 80_34: layer 2/2, base field no. 224/270, constructing abelian extensions
[ Info: 80_34: layer 2/2, base field no. 224/270, checking fields: 0
[ Info: 80_34: layer 2/2, base field no. 225/270, constructing abelian extensions
[ Info: 80_34: layer 2/2, base field no. 225/270, checking fields: 0
[ Info: 80_34: layer 2/2, base field no. 226/270, constructing abelian extensions
[ Info: 80_34: layer 2/2, base field no. 226/270, checking fields: 0
[ Info: 80_34: layer 2/2, base field no. 227/270, constructing abelian extensions
[ Info: 80_34: layer 2/2, base field no. 227/270, checking fields: 0
[ Info: 80_34: layer 2/2, base field no. 228/270, constructing abelian extensions
[ Info: 80_34: layer 2/2, base field no. 228/270, checking fields: 0
[ Info: 80_34: layer 2/2, base field no. 229/270, constructing abelian extensions
[ Info: 80_34: layer 2/2, base field no. 229/270, checking fields: 3
[ Info: 80_34: layer 2/2, base field no. 229/270, 1/3
[ Info: 80_34: layer 2/2, base field no. 229/270, 2/3
[ Info: 80_34: layer 2/2, base field no. 229/270, 3/3
[ Info: 80_34: layer 2/2, base field no. 230/270, constructing abelian extensions
[ Info: 80_34: layer 2/2, base field no. 230/270, checking fields: 0
[ Info: 80_34: layer 2/2, base field no. 231/270, constructing abelian extensions
[ Info: 80_34: layer 2/2, base field no. 231/270, checking fields: 0
[ Info: 80_34: layer 2/2, base field no. 232/270, constructing abelian extensions
[ Info: 80_34: layer 2/2, base field no. 232/270, checking fields: 0
[ Info: 80_34: layer 2/2, base field no. 233/270, constructing abelian extensions
[ Info: 80_34: layer 2/2, base field no. 233/270, checking fields: 0
[ Info: 80_34: layer 2/2, base field no. 234/270, constructing abelian extensions
[ Info: 80_34: layer 2/2, base field no. 234/270, checking fields: 0
[ Info: 80_34: layer 2/2, base field no. 235/270, constructing abelian extensions
[ Info: 80_34: layer 2/2, base field no. 235/270, checking fields: 0
[ Info: 80_34: layer 2/2, base field no. 236/270, constructing abelian extensions
[ Info: 80_34: layer 2/2, base field no. 236/270, checking fields: 1
[ Info: 80_34: layer 2/2, base field no. 236/270, 1/1
[ Info: 80_34: layer 2/2, base field no. 237/270, constructing abelian extensions
[ Info: 80_34: layer 2/2, base field no. 237/270, checking fields: 1
[ Info: 80_34: layer 2/2, base field no. 237/270, 1/1
[ Info: 80_34: layer 2/2, base field no. 238/270, constructing abelian extensions
[ Info: 80_34: layer 2/2, base field no. 238/270, checking fields: 0
[ Info: 80_34: layer 2/2, base field no. 239/270, constructing abelian extensions
[ Info: 80_34: layer 2/2, base field no. 239/270, checking fields: 1
[ Info: 80_34: layer 2/2, base field no. 239/270, 1/1
[ Info: 80_34: layer 2/2, base field no. 240/270, constructing abelian extensions
[ Info: 80_34: layer 2/2, base field no. 240/270, checking fields: 0
[ Info: 80_34: layer 2/2, base field no. 241/270, constructing abelian extensions
[ Info: 80_34: layer 2/2, base field no. 241/270, checking fields: 0
[ Info: 80_34: layer 2/2, base field no. 242/270, constructing abelian extensions
[ Info: 80_34: layer 2/2, base field no. 242/270, checking fields: 0
[ Info: 80_34: layer 2/2, base field no. 243/270, constructing abelian extensions
[ Info: 80_34: layer 2/2, base field no. 243/270, checking fields: 0
[ Info: 80_34: layer 2/2, base field no. 244/270, constructing abelian extensions
[ Info: 80_34: layer 2/2, base field no. 244/270, checking fields: 0
[ Info: 80_34: layer 2/2, base field no. 245/270, constructing abelian extensions
[ Info: 80_34: layer 2/2, base field no. 245/270, checking fields: 0
[ Info: 80_34: layer 2/2, base field no. 246/270, constructing abelian extensions
[ Info: 80_34: layer 2/2, base field no. 246/270, checking fields: 0
[ Info: 80_34: layer 2/2, base field no. 247/270, constructing abelian extensions
[ Info: 80_34: layer 2/2, base field no. 247/270, checking fields: 0
[ Info: 80_34: layer 2/2, base field no. 248/270, constructing abelian extensions
[ Info: 80_34: layer 2/2, base field no. 248/270, checking fields: 0
[ Info: 80_34: layer 2/2, base field no. 249/270, constructing abelian extensions
[ Info: 80_34: layer 2/2, base field no. 249/270, checking fields: 0
[ Info: 80_34: layer 2/2, base field no. 250/270, constructing abelian extensions
[ Info: 80_34: layer 2/2, base field no. 250/270, checking fields: 0
[ Info: 80_34: layer 2/2, base field no. 251/270, constructing abelian extensions
[ Info: 80_34: layer 2/2, base field no. 251/270, checking fields: 0
[ Info: 80_34: layer 2/2, base field no. 252/270, constructing abelian extensions
[ Info: 80_34: layer 2/2, base field no. 252/270, checking fields: 0
[ Info: 80_34: layer 2/2, base field no. 253/270, constructing abelian extensions
[ Info: 80_34: layer 2/2, base field no. 253/270, checking fields: 0
[ Info: 80_34: layer 2/2, base field no. 254/270, constructing abelian extensions
[ Info: 80_34: layer 2/2, base field no. 254/270, checking fields: 0
[ Info: 80_34: layer 2/2, base field no. 255/270, constructing abelian extensions
[ Info: 80_34: layer 2/2, base field no. 255/270, checking fields: 0
[ Info: 80_34: layer 2/2, base field no. 256/270, constructing abelian extensions
[ Info: 80_34: layer 2/2, base field no. 256/270, checking fields: 0
[ Info: 80_34: layer 2/2, base field no. 257/270, constructing abelian extensions
[ Info: 80_34: layer 2/2, base field no. 257/270, checking fields: 0
[ Info: 80_34: layer 2/2, base field no. 258/270, constructing abelian extensions
[ Info: 80_34: layer 2/2, base field no. 258/270, checking fields: 0
[ Info: 80_34: layer 2/2, base field no. 259/270, constructing abelian extensions
[ Info: 80_34: layer 2/2, base field no. 259/270, checking fields: 0
[ Info: 80_34: layer 2/2, base field no. 260/270, constructing abelian extensions
[ Info: 80_34: layer 2/2, base field no. 260/270, checking fields: 0
[ Info: 80_34: layer 2/2, base field no. 261/270, constructing abelian extensions
[ Info: 80_34: layer 2/2, base field no. 261/270, checking fields: 0
[ Info: 80_34: layer 2/2, base field no. 262/270, constructing abelian extensions
[ Info: 80_34: layer 2/2, base field no. 262/270, checking fields: 0
[ Info: 80_34: layer 2/2, base field no. 263/270, constructing abelian extensions
[ Info: 80_34: layer 2/2, base field no. 263/270, checking fields: 0
[ Info: 80_34: layer 2/2, base field no. 264/270, constructing abelian extensions
[ Info: 80_34: layer 2/2, base field no. 264/270, checking fields: 0
[ Info: 80_34: layer 2/2, base field no. 265/270, constructing abelian extensions
[ Info: 80_34: layer 2/2, base field no. 265/270, checking fields: 0
[ Info: 80_34: layer 2/2, base field no. 266/270, constructing abelian extensions
[ Info: 80_34: layer 2/2, base field no. 266/270, checking fields: 0
[ Info: 80_34: layer 2/2, base field no. 267/270, constructing abelian extensions
[ Info: 80_34: layer 2/2, base field no. 267/270, checking fields: 0
[ Info: 80_34: layer 2/2, base field no. 268/270, constructing abelian extensions
[ Info: 80_34: layer 2/2, base field no. 268/270, checking fields: 0
[ Info: 80_34: layer 2/2, base field no. 269/270, constructing abelian extensions
[ Info: 80_34: layer 2/2, base field no. 269/270, checking fields: 0
[ Info: 80_34: layer 2/2, base field no. 270/270, constructing abelian extensions
[ Info: 80_34: layer 2/2, base field no. 270/270, checking fields: 8
[ Info: 80_34: layer 2/2, base field no. 270/270, 1/8
[ Info: 80_34: layer 2/2, base field no. 270/270, 2/8
[ Info: 80_34: layer 2/2, base field no. 270/270, 3/8
[ Info: 80_34: layer 2/2, base field no. 270/270, 4/8
[ Info: 80_34: layer 2/2, base field no. 270/270, 5/8
[ Info: 80_34: layer 2/2, base field no. 270/270, 6/8
[ Info: 80_34: layer 2/2, base field no. 270/270, 7/8
[ Info: 80_34: layer 2/2, base field no. 270/270, 8/8
32182.654212 seconds (44.94 G allocations: 12.090 TiB, 3.14% gc time, 0.08% compilation time: <1% of which was recompilation)
