[ Info: 48_25: File for first layer does not exist; computing [2, 6]...
[ Info: 48_25: Discriminant bound: 316227766016837933216
[ Info: 48_25: Computing simplified defining polynomials for fields and sieving bad CM-fields
[ Info: 48_25: 1/92
[ Info: 48_25: 2/92
[ Info: 48_25: 3/92
[ Info: 48_25: 4/92
[ Info: 48_25: 5/92
[ Info: 48_25: 6/92
[ Info: 48_25: 7/92
[ Info: 48_25: 8/92
[ Info: 48_25: 9/92
[ Info: 48_25: 10/92
[ Info: 48_25: 11/92
[ Info: 48_25: 12/92
[ Info: 48_25: 13/92
[ Info: 48_25: 14/92
[ Info: 48_25: 15/92
[ Info: 48_25: 16/92
[ Info: 48_25: 17/92
[ Info: 48_25: 18/92
[ Info: 48_25: 19/92
[ Info: 48_25: 20/92
[ Info: 48_25: 21/92
[ Info: 48_25: 22/92
[ Info: 48_25: 23/92
[ Info: 48_25: 24/92
[ Info: 48_25: 25/92
[ Info: 48_25: 26/92
[ Info: 48_25: 27/92
[ Info: 48_25: 28/92
[ Info: 48_25: 29/92
[ Info: 48_25: 30/92
[ Info: 48_25: 31/92
[ Info: 48_25: 32/92
[ Info: 48_25: 33/92
[ Info: 48_25: 34/92
[ Info: 48_25: 35/92
[ Info: 48_25: 36/92
[ Info: 48_25: 37/92
[ Info: 48_25: 38/92
[ Info: 48_25: 39/92
[ Info: 48_25: 40/92
[ Info: 48_25: 41/92
[ Info: 48_25: 42/92
[ Info: 48_25: 43/92
[ Info: 48_25: 44/92
[ Info: 48_25: 45/92
[ Info: 48_25: 46/92
[ Info: 48_25: 47/92
[ Info: 48_25: 48/92
[ Info: 48_25: 49/92
[ Info: 48_25: 50/92
[ Info: 48_25: 51/92
[ Info: 48_25: 52/92
[ Info: 48_25: 53/92
[ Info: 48_25: 54/92
[ Info: 48_25: 55/92
[ Info: 48_25: 56/92
[ Info: 48_25: 57/92
[ Info: 48_25: 58/92
[ Info: 48_25: 59/92
[ Info: 48_25: 60/92
[ Info: 48_25: 61/92
[ Info: 48_25: 62/92
[ Info: 48_25: 63/92
[ Info: 48_25: 64/92
[ Info: 48_25: 65/92
[ Info: 48_25: 66/92
[ Info: 48_25: 67/92
[ Info: 48_25: 68/92
[ Info: 48_25: 69/92
[ Info: 48_25: 70/92
[ Info: 48_25: 71/92
[ Info: 48_25: 72/92
[ Info: 48_25: 73/92
[ Info: 48_25: 74/92
[ Info: 48_25: 75/92
[ Info: 48_25: 76/92
[ Info: 48_25: 77/92
[ Info: 48_25: 78/92
[ Info: 48_25: 79/92
[ Info: 48_25: 80/92
[ Info: 48_25: 81/92
[ Info: 48_25: 82/92
[ Info: 48_25: 83/92
[ Info: 48_25: 84/92
[ Info: 48_25: 85/92
[ Info: 48_25: 86/92
[ Info: 48_25: 87/92
[ Info: 48_25: 88/92
[ Info: 48_25: 89/92
[ Info: 48_25: 90/92
[ Info: 48_25: 91/92
[ Info: 48_25: 92/92
[ Info: 48_25: layer 2/2, base field no. 1/92, constructing abelian extensions
[ Info: 48_25: layer 2/2, base field no. 1/92, checking fields: 0
[ Info: 48_25: layer 2/2, base field no. 2/92, constructing abelian extensions
[ Info: 48_25: layer 2/2, base field no. 2/92, checking fields: 0
[ Info: 48_25: layer 2/2, base field no. 3/92, constructing abelian extensions
[ Info: 48_25: layer 2/2, base field no. 3/92, checking fields: 0
[ Info: 48_25: layer 2/2, base field no. 4/92, constructing abelian extensions
[ Info: 48_25: layer 2/2, base field no. 4/92, checking fields: 0
[ Info: 48_25: layer 2/2, base field no. 5/92, constructing abelian extensions
[ Info: 48_25: layer 2/2, base field no. 5/92, checking fields: 0
[ Info: 48_25: layer 2/2, base field no. 6/92, constructing abelian extensions
[ Info: 48_25: layer 2/2, base field no. 6/92, checking fields: 0
[ Info: 48_25: layer 2/2, base field no. 7/92, constructing abelian extensions
[ Info: 48_25: layer 2/2, base field no. 7/92, checking fields: 0
[ Info: 48_25: layer 2/2, base field no. 8/92, constructing abelian extensions
[ Info: 48_25: layer 2/2, base field no. 8/92, checking fields: 0
[ Info: 48_25: layer 2/2, base field no. 9/92, constructing abelian extensions
[ Info: 48_25: layer 2/2, base field no. 9/92, checking fields: 0
[ Info: 48_25: layer 2/2, base field no. 10/92, constructing abelian extensions
[ Info: 48_25: layer 2/2, base field no. 10/92, checking fields: 1
[ Info: 48_25: layer 2/2, base field no. 10/92, 1/1
[ Info: 48_25: layer 2/2, base field no. 11/92, constructing abelian extensions
[ Info: 48_25: layer 2/2, base field no. 11/92, checking fields: 0
[ Info: 48_25: layer 2/2, base field no. 12/92, constructing abelian extensions
[ Info: 48_25: layer 2/2, base field no. 12/92, checking fields: 1
[ Info: 48_25: layer 2/2, base field no. 12/92, 1/1
[ Info: 48_25: layer 2/2, base field no. 13/92, constructing abelian extensions
[ Info: 48_25: layer 2/2, base field no. 13/92, checking fields: 0
[ Info: 48_25: layer 2/2, base field no. 14/92, constructing abelian extensions
[ Info: 48_25: layer 2/2, base field no. 14/92, checking fields: 0
[ Info: 48_25: layer 2/2, base field no. 15/92, constructing abelian extensions
[ Info: 48_25: layer 2/2, base field no. 15/92, checking fields: 0
[ Info: 48_25: layer 2/2, base field no. 16/92, constructing abelian extensions
[ Info: 48_25: layer 2/2, base field no. 16/92, checking fields: 0
[ Info: 48_25: layer 2/2, base field no. 17/92, constructing abelian extensions
[ Info: 48_25: layer 2/2, base field no. 17/92, checking fields: 0
[ Info: 48_25: layer 2/2, base field no. 18/92, constructing abelian extensions
[ Info: 48_25: layer 2/2, base field no. 18/92, checking fields: 0
[ Info: 48_25: layer 2/2, base field no. 19/92, constructing abelian extensions
[ Info: 48_25: layer 2/2, base field no. 19/92, checking fields: 0
[ Info: 48_25: layer 2/2, base field no. 20/92, constructing abelian extensions
[ Info: 48_25: layer 2/2, base field no. 20/92, checking fields: 0
[ Info: 48_25: layer 2/2, base field no. 21/92, constructing abelian extensions
[ Info: 48_25: layer 2/2, base field no. 21/92, checking fields: 0
[ Info: 48_25: layer 2/2, base field no. 22/92, constructing abelian extensions
[ Info: 48_25: layer 2/2, base field no. 22/92, checking fields: 0
[ Info: 48_25: layer 2/2, base field no. 23/92, constructing abelian extensions
[ Info: 48_25: layer 2/2, base field no. 23/92, checking fields: 0
[ Info: 48_25: layer 2/2, base field no. 24/92, constructing abelian extensions
[ Info: 48_25: layer 2/2, base field no. 24/92, checking fields: 0
[ Info: 48_25: layer 2/2, base field no. 25/92, constructing abelian extensions
[ Info: 48_25: layer 2/2, base field no. 25/92, checking fields: 0
[ Info: 48_25: layer 2/2, base field no. 26/92, constructing abelian extensions
[ Info: 48_25: layer 2/2, base field no. 26/92, checking fields: 0
[ Info: 48_25: layer 2/2, base field no. 27/92, constructing abelian extensions
[ Info: 48_25: layer 2/2, base field no. 27/92, checking fields: 0
[ Info: 48_25: layer 2/2, base field no. 28/92, constructing abelian extensions
[ Info: 48_25: layer 2/2, base field no. 28/92, checking fields: 0
[ Info: 48_25: layer 2/2, base field no. 29/92, constructing abelian extensions
[ Info: 48_25: layer 2/2, base field no. 29/92, checking fields: 0
[ Info: 48_25: layer 2/2, base field no. 30/92, constructing abelian extensions
[ Info: 48_25: layer 2/2, base field no. 30/92, checking fields: 0
[ Info: 48_25: layer 2/2, base field no. 31/92, constructing abelian extensions
[ Info: 48_25: layer 2/2, base field no. 31/92, checking fields: 0
[ Info: 48_25: layer 2/2, base field no. 32/92, constructing abelian extensions
[ Info: 48_25: layer 2/2, base field no. 32/92, checking fields: 0
[ Info: 48_25: layer 2/2, base field no. 33/92, constructing abelian extensions
[ Info: 48_25: layer 2/2, base field no. 33/92, checking fields: 0
[ Info: 48_25: layer 2/2, base field no. 34/92, constructing abelian extensions
[ Info: 48_25: layer 2/2, base field no. 34/92, checking fields: 0
[ Info: 48_25: layer 2/2, base field no. 35/92, constructing abelian extensions
[ Info: 48_25: layer 2/2, base field no. 35/92, checking fields: 0
[ Info: 48_25: layer 2/2, base field no. 36/92, constructing abelian extensions
[ Info: 48_25: layer 2/2, base field no. 36/92, checking fields: 0
[ Info: 48_25: layer 2/2, base field no. 37/92, constructing abelian extensions
[ Info: 48_25: layer 2/2, base field no. 37/92, checking fields: 0
[ Info: 48_25: layer 2/2, base field no. 38/92, constructing abelian extensions
[ Info: 48_25: layer 2/2, base field no. 38/92, checking fields: 0
[ Info: 48_25: layer 2/2, base field no. 39/92, constructing abelian extensions
[ Info: 48_25: layer 2/2, base field no. 39/92, checking fields: 0
[ Info: 48_25: layer 2/2, base field no. 40/92, constructing abelian extensions
[ Info: 48_25: layer 2/2, base field no. 40/92, checking fields: 0
[ Info: 48_25: layer 2/2, base field no. 41/92, constructing abelian extensions
[ Info: 48_25: layer 2/2, base field no. 41/92, checking fields: 0
[ Info: 48_25: layer 2/2, base field no. 42/92, constructing abelian extensions
[ Info: 48_25: layer 2/2, base field no. 42/92, checking fields: 0
[ Info: 48_25: layer 2/2, base field no. 43/92, constructing abelian extensions
[ Info: 48_25: layer 2/2, base field no. 43/92, checking fields: 0
[ Info: 48_25: layer 2/2, base field no. 44/92, constructing abelian extensions
[ Info: 48_25: layer 2/2, base field no. 44/92, checking fields: 0
[ Info: 48_25: layer 2/2, base field no. 45/92, constructing abelian extensions
[ Info: 48_25: layer 2/2, base field no. 45/92, checking fields: 0
[ Info: 48_25: layer 2/2, base field no. 46/92, constructing abelian extensions
[ Info: 48_25: layer 2/2, base field no. 46/92, checking fields: 0
[ Info: 48_25: layer 2/2, base field no. 47/92, constructing abelian extensions
[ Info: 48_25: layer 2/2, base field no. 47/92, checking fields: 0
[ Info: 48_25: layer 2/2, base field no. 48/92, constructing abelian extensions
[ Info: 48_25: layer 2/2, base field no. 48/92, checking fields: 1
[ Info: 48_25: layer 2/2, base field no. 48/92, 1/1
[ Info: 48_25: layer 2/2, base field no. 49/92, constructing abelian extensions
[ Info: 48_25: layer 2/2, base field no. 49/92, checking fields: 0
[ Info: 48_25: layer 2/2, base field no. 50/92, constructing abelian extensions
[ Info: 48_25: layer 2/2, base field no. 50/92, checking fields: 0
[ Info: 48_25: layer 2/2, base field no. 51/92, constructing abelian extensions
[ Info: 48_25: layer 2/2, base field no. 51/92, checking fields: 0
[ Info: 48_25: layer 2/2, base field no. 52/92, constructing abelian extensions
[ Info: 48_25: layer 2/2, base field no. 52/92, checking fields: 0
[ Info: 48_25: layer 2/2, base field no. 53/92, constructing abelian extensions
[ Info: 48_25: layer 2/2, base field no. 53/92, checking fields: 0
[ Info: 48_25: layer 2/2, base field no. 54/92, constructing abelian extensions
[ Info: 48_25: layer 2/2, base field no. 54/92, checking fields: 0
[ Info: 48_25: layer 2/2, base field no. 55/92, constructing abelian extensions
[ Info: 48_25: layer 2/2, base field no. 55/92, checking fields: 0
[ Info: 48_25: layer 2/2, base field no. 56/92, constructing abelian extensions
[ Info: 48_25: layer 2/2, base field no. 56/92, checking fields: 0
[ Info: 48_25: layer 2/2, base field no. 57/92, constructing abelian extensions
[ Info: 48_25: layer 2/2, base field no. 57/92, checking fields: 0
[ Info: 48_25: layer 2/2, base field no. 58/92, constructing abelian extensions
[ Info: 48_25: layer 2/2, base field no. 58/92, checking fields: 0
[ Info: 48_25: layer 2/2, base field no. 59/92, constructing abelian extensions
[ Info: 48_25: layer 2/2, base field no. 59/92, checking fields: 0
[ Info: 48_25: layer 2/2, base field no. 60/92, constructing abelian extensions
[ Info: 48_25: layer 2/2, base field no. 60/92, checking fields: 0
[ Info: 48_25: layer 2/2, base field no. 61/92, constructing abelian extensions
[ Info: 48_25: layer 2/2, base field no. 61/92, checking fields: 0
[ Info: 48_25: layer 2/2, base field no. 62/92, constructing abelian extensions
[ Info: 48_25: layer 2/2, base field no. 62/92, checking fields: 0
[ Info: 48_25: layer 2/2, base field no. 63/92, constructing abelian extensions
[ Info: 48_25: layer 2/2, base field no. 63/92, checking fields: 0
[ Info: 48_25: layer 2/2, base field no. 64/92, constructing abelian extensions
[ Info: 48_25: layer 2/2, base field no. 64/92, checking fields: 0
[ Info: 48_25: layer 2/2, base field no. 65/92, constructing abelian extensions
[ Info: 48_25: layer 2/2, base field no. 65/92, checking fields: 0
[ Info: 48_25: layer 2/2, base field no. 66/92, constructing abelian extensions
[ Info: 48_25: layer 2/2, base field no. 66/92, checking fields: 0
[ Info: 48_25: layer 2/2, base field no. 67/92, constructing abelian extensions
[ Info: 48_25: layer 2/2, base field no. 67/92, checking fields: 0
[ Info: 48_25: layer 2/2, base field no. 68/92, constructing abelian extensions
[ Info: 48_25: layer 2/2, base field no. 68/92, checking fields: 0
[ Info: 48_25: layer 2/2, base field no. 69/92, constructing abelian extensions
[ Info: 48_25: layer 2/2, base field no. 69/92, checking fields: 0
[ Info: 48_25: layer 2/2, base field no. 70/92, constructing abelian extensions
[ Info: 48_25: layer 2/2, base field no. 70/92, checking fields: 0
[ Info: 48_25: layer 2/2, base field no. 71/92, constructing abelian extensions
[ Info: 48_25: layer 2/2, base field no. 71/92, checking fields: 0
[ Info: 48_25: layer 2/2, base field no. 72/92, constructing abelian extensions
[ Info: 48_25: layer 2/2, base field no. 72/92, checking fields: 0
[ Info: 48_25: layer 2/2, base field no. 73/92, constructing abelian extensions
[ Info: 48_25: layer 2/2, base field no. 73/92, checking fields: 0
[ Info: 48_25: layer 2/2, base field no. 74/92, constructing abelian extensions
[ Info: 48_25: layer 2/2, base field no. 74/92, checking fields: 0
[ Info: 48_25: layer 2/2, base field no. 75/92, constructing abelian extensions
[ Info: 48_25: layer 2/2, base field no. 75/92, checking fields: 0
[ Info: 48_25: layer 2/2, base field no. 76/92, constructing abelian extensions
[ Info: 48_25: layer 2/2, base field no. 76/92, checking fields: 0
[ Info: 48_25: layer 2/2, base field no. 77/92, constructing abelian extensions
[ Info: 48_25: layer 2/2, base field no. 77/92, checking fields: 0
[ Info: 48_25: layer 2/2, base field no. 78/92, constructing abelian extensions
[ Info: 48_25: layer 2/2, base field no. 78/92, checking fields: 0
[ Info: 48_25: layer 2/2, base field no. 79/92, constructing abelian extensions
[ Info: 48_25: layer 2/2, base field no. 79/92, checking fields: 0
[ Info: 48_25: layer 2/2, base field no. 80/92, constructing abelian extensions
[ Info: 48_25: layer 2/2, base field no. 80/92, checking fields: 0
[ Info: 48_25: layer 2/2, base field no. 81/92, constructing abelian extensions
[ Info: 48_25: layer 2/2, base field no. 81/92, checking fields: 0
[ Info: 48_25: layer 2/2, base field no. 82/92, constructing abelian extensions
[ Info: 48_25: layer 2/2, base field no. 82/92, checking fields: 0
[ Info: 48_25: layer 2/2, base field no. 83/92, constructing abelian extensions
[ Info: 48_25: layer 2/2, base field no. 83/92, checking fields: 0
[ Info: 48_25: layer 2/2, base field no. 84/92, constructing abelian extensions
[ Info: 48_25: layer 2/2, base field no. 84/92, checking fields: 0
[ Info: 48_25: layer 2/2, base field no. 85/92, constructing abelian extensions
[ Info: 48_25: layer 2/2, base field no. 85/92, checking fields: 0
[ Info: 48_25: layer 2/2, base field no. 86/92, constructing abelian extensions
[ Info: 48_25: layer 2/2, base field no. 86/92, checking fields: 0
[ Info: 48_25: layer 2/2, base field no. 87/92, constructing abelian extensions
[ Info: 48_25: layer 2/2, base field no. 87/92, checking fields: 0
[ Info: 48_25: layer 2/2, base field no. 88/92, constructing abelian extensions
[ Info: 48_25: layer 2/2, base field no. 88/92, checking fields: 0
[ Info: 48_25: layer 2/2, base field no. 89/92, constructing abelian extensions
[ Info: 48_25: layer 2/2, base field no. 89/92, checking fields: 0
[ Info: 48_25: layer 2/2, base field no. 90/92, constructing abelian extensions
[ Info: 48_25: layer 2/2, base field no. 90/92, checking fields: 0
[ Info: 48_25: layer 2/2, base field no. 91/92, constructing abelian extensions
[ Info: 48_25: layer 2/2, base field no. 91/92, checking fields: 0
[ Info: 48_25: layer 2/2, base field no. 92/92, constructing abelian extensions
[ Info: 48_25: layer 2/2, base field no. 92/92, checking fields: 0
149.347514 seconds (628.50 M allocations: 35.933 GiB, 16.35% gc time, 14.23% compilation time: 1% of which was recompilation)
