[ Info: 80_43: File for first layer exists [2, 2, 4], 398107170553497250777006080; loading ...
[ Info: 80_43: layer 2/2, base field no. 1/48, constructing abelian extensions
[ Info: 80_43: layer 2/2, base field no. 1/48, checking fields: 1
[ Info: 80_43: layer 2/2, base field no. 1/48, 1/1
[ Info: 80_43: layer 2/2, base field no. 2/48, constructing abelian extensions
[ Info: 80_43: layer 2/2, base field no. 2/48, checking fields: 6
[ Info: 80_43: layer 2/2, base field no. 2/48, 1/6
[ Info: 80_43: layer 2/2, base field no. 2/48, 2/6
[ Info: 80_43: layer 2/2, base field no. 2/48, 3/6
[ Info: 80_43: layer 2/2, base field no. 2/48, 4/6
[ Info: 80_43: layer 2/2, base field no. 2/48, 5/6
[ Info: 80_43: layer 2/2, base field no. 2/48, 6/6
[ Info: 80_43: layer 2/2, base field no. 3/48, constructing abelian extensions
[ Info: 80_43: layer 2/2, base field no. 3/48, checking fields: 2
[ Info: 80_43: layer 2/2, base field no. 3/48, 1/2
[ Info: 80_43: layer 2/2, base field no. 3/48, 2/2
[ Info: 80_43: layer 2/2, base field no. 4/48, constructing abelian extensions
[ Info: 80_43: layer 2/2, base field no. 4/48, checking fields: 0
[ Info: 80_43: layer 2/2, base field no. 5/48, constructing abelian extensions
[ Info: 80_43: layer 2/2, base field no. 5/48, checking fields: 11
[ Info: 80_43: layer 2/2, base field no. 5/48, 1/11
[ Info: 80_43: layer 2/2, base field no. 5/48, 2/11
[ Info: 80_43: layer 2/2, base field no. 5/48, 3/11
[ Info: 80_43: layer 2/2, base field no. 5/48, 4/11
[ Info: 80_43: layer 2/2, base field no. 5/48, 5/11
[ Info: 80_43: layer 2/2, base field no. 5/48, 6/11
[ Info: 80_43: layer 2/2, base field no. 5/48, 7/11
[ Info: 80_43: layer 2/2, base field no. 5/48, 8/11
[ Info: 80_43: layer 2/2, base field no. 5/48, 9/11
[ Info: 80_43: layer 2/2, base field no. 5/48, 10/11
[ Info: 80_43: layer 2/2, base field no. 5/48, 11/11
[ Info: 80_43: layer 2/2, base field no. 6/48, constructing abelian extensions
[ Info: 80_43: layer 2/2, base field no. 6/48, checking fields: 2
[ Info: 80_43: layer 2/2, base field no. 6/48, 1/2
[ Info: 80_43: layer 2/2, base field no. 6/48, 2/2
[ Info: 80_43: layer 2/2, base field no. 7/48, constructing abelian extensions
[ Info: 80_43: layer 2/2, base field no. 7/48, checking fields: 3
[ Info: 80_43: layer 2/2, base field no. 7/48, 1/3
[ Info: 80_43: layer 2/2, base field no. 7/48, 2/3
[ Info: 80_43: layer 2/2, base field no. 7/48, 3/3
[ Info: 80_43: layer 2/2, base field no. 8/48, constructing abelian extensions
[ Info: 80_43: layer 2/2, base field no. 8/48, checking fields: 5
[ Info: 80_43: layer 2/2, base field no. 8/48, 1/5
[ Info: 80_43: layer 2/2, base field no. 8/48, 2/5
[ Info: 80_43: layer 2/2, base field no. 8/48, 3/5
[ Info: 80_43: layer 2/2, base field no. 8/48, 4/5
[ Info: 80_43: layer 2/2, base field no. 8/48, 5/5
[ Info: 80_43: layer 2/2, base field no. 9/48, constructing abelian extensions
[ Info: 80_43: layer 2/2, base field no. 9/48, checking fields: 0
[ Info: 80_43: layer 2/2, base field no. 10/48, constructing abelian extensions
[ Info: 80_43: layer 2/2, base field no. 10/48, checking fields: 5
[ Info: 80_43: layer 2/2, base field no. 10/48, 1/5
[ Info: 80_43: layer 2/2, base field no. 10/48, 2/5
[ Info: 80_43: layer 2/2, base field no. 10/48, 3/5
[ Info: 80_43: layer 2/2, base field no. 10/48, 4/5
[ Info: 80_43: layer 2/2, base field no. 10/48, 5/5
[ Info: 80_43: layer 2/2, base field no. 11/48, constructing abelian extensions
[ Info: 80_43: layer 2/2, base field no. 11/48, checking fields: 6
[ Info: 80_43: layer 2/2, base field no. 11/48, 1/6
[ Info: 80_43: layer 2/2, base field no. 11/48, 2/6
[ Info: 80_43: layer 2/2, base field no. 11/48, 3/6
[ Info: 80_43: layer 2/2, base field no. 11/48, 4/6
[ Info: 80_43: layer 2/2, base field no. 11/48, 5/6
[ Info: 80_43: layer 2/2, base field no. 11/48, 6/6
[ Info: 80_43: layer 2/2, base field no. 12/48, constructing abelian extensions
[ Info: 80_43: layer 2/2, base field no. 12/48, checking fields: 2
[ Info: 80_43: layer 2/2, base field no. 12/48, 1/2
[ Info: 80_43: layer 2/2, base field no. 12/48, 2/2
[ Info: 80_43: layer 2/2, base field no. 13/48, constructing abelian extensions
[ Info: 80_43: layer 2/2, base field no. 13/48, checking fields: 3
[ Info: 80_43: layer 2/2, base field no. 13/48, 1/3
[ Info: 80_43: layer 2/2, base field no. 13/48, 2/3
[ Info: 80_43: layer 2/2, base field no. 13/48, 3/3
[ Info: 80_43: layer 2/2, base field no. 14/48, constructing abelian extensions
[ Info: 80_43: layer 2/2, base field no. 14/48, checking fields: 2
[ Info: 80_43: layer 2/2, base field no. 14/48, 1/2
[ Info: 80_43: layer 2/2, base field no. 14/48, 2/2
[ Info: 80_43: layer 2/2, base field no. 15/48, constructing abelian extensions
[ Info: 80_43: layer 2/2, base field no. 15/48, checking fields: 0
[ Info: 80_43: layer 2/2, base field no. 16/48, constructing abelian extensions
[ Info: 80_43: layer 2/2, base field no. 16/48, checking fields: 0
[ Info: 80_43: layer 2/2, base field no. 17/48, constructing abelian extensions
[ Info: 80_43: layer 2/2, base field no. 17/48, checking fields: 0
[ Info: 80_43: layer 2/2, base field no. 18/48, constructing abelian extensions
[ Info: 80_43: layer 2/2, base field no. 18/48, checking fields: 0
[ Info: 80_43: layer 2/2, base field no. 19/48, constructing abelian extensions
[ Info: 80_43: layer 2/2, base field no. 19/48, checking fields: 2
[ Info: 80_43: layer 2/2, base field no. 19/48, 1/2
[ Info: 80_43: layer 2/2, base field no. 19/48, 2/2
[ Info: 80_43: layer 2/2, base field no. 20/48, constructing abelian extensions
[ Info: 80_43: layer 2/2, base field no. 20/48, checking fields: 0
[ Info: 80_43: layer 2/2, base field no. 21/48, constructing abelian extensions
[ Info: 80_43: layer 2/2, base field no. 21/48, checking fields: 0
[ Info: 80_43: layer 2/2, base field no. 22/48, constructing abelian extensions
[ Info: 80_43: layer 2/2, base field no. 22/48, checking fields: 0
[ Info: 80_43: layer 2/2, base field no. 23/48, constructing abelian extensions
[ Info: 80_43: layer 2/2, base field no. 23/48, checking fields: 5
[ Info: 80_43: layer 2/2, base field no. 23/48, 1/5
[ Info: 80_43: layer 2/2, base field no. 23/48, 2/5
[ Info: 80_43: layer 2/2, base field no. 23/48, 3/5
[ Info: 80_43: layer 2/2, base field no. 23/48, 4/5
[ Info: 80_43: layer 2/2, base field no. 23/48, 5/5
[ Info: 80_43: layer 2/2, base field no. 24/48, constructing abelian extensions
[ Info: 80_43: layer 2/2, base field no. 24/48, checking fields: 0
[ Info: 80_43: layer 2/2, base field no. 25/48, constructing abelian extensions
[ Info: 80_43: layer 2/2, base field no. 25/48, checking fields: 0
[ Info: 80_43: layer 2/2, base field no. 26/48, constructing abelian extensions
[ Info: 80_43: layer 2/2, base field no. 26/48, checking fields: 0
[ Info: 80_43: layer 2/2, base field no. 27/48, constructing abelian extensions
[ Info: 80_43: layer 2/2, base field no. 27/48, checking fields: 0
[ Info: 80_43: layer 2/2, base field no. 28/48, constructing abelian extensions
[ Info: 80_43: layer 2/2, base field no. 28/48, checking fields: 1
[ Info: 80_43: layer 2/2, base field no. 28/48, 1/1
[ Info: 80_43: layer 2/2, base field no. 29/48, constructing abelian extensions
[ Info: 80_43: layer 2/2, base field no. 29/48, checking fields: 1
[ Info: 80_43: layer 2/2, base field no. 29/48, 1/1
[ Info: 80_43: layer 2/2, base field no. 30/48, constructing abelian extensions
[ Info: 80_43: layer 2/2, base field no. 30/48, checking fields: 1
[ Info: 80_43: layer 2/2, base field no. 30/48, 1/1
[ Info: 80_43: layer 2/2, base field no. 31/48, constructing abelian extensions
[ Info: 80_43: layer 2/2, base field no. 31/48, checking fields: 0
[ Info: 80_43: layer 2/2, base field no. 32/48, constructing abelian extensions
[ Info: 80_43: layer 2/2, base field no. 32/48, checking fields: 2
[ Info: 80_43: layer 2/2, base field no. 32/48, 1/2
[ Info: 80_43: layer 2/2, base field no. 32/48, 2/2
[ Info: 80_43: layer 2/2, base field no. 33/48, constructing abelian extensions
[ Info: 80_43: layer 2/2, base field no. 33/48, checking fields: 2
[ Info: 80_43: layer 2/2, base field no. 33/48, 1/2
[ Info: 80_43: layer 2/2, base field no. 33/48, 2/2
[ Info: 80_43: layer 2/2, base field no. 34/48, constructing abelian extensions
[ Info: 80_43: layer 2/2, base field no. 34/48, checking fields: 1
[ Info: 80_43: layer 2/2, base field no. 34/48, 1/1
[ Info: 80_43: layer 2/2, base field no. 35/48, constructing abelian extensions
[ Info: 80_43: layer 2/2, base field no. 35/48, checking fields: 7
[ Info: 80_43: layer 2/2, base field no. 35/48, 1/7
[ Info: 80_43: layer 2/2, base field no. 35/48, 2/7
[ Info: 80_43: layer 2/2, base field no. 35/48, 3/7
[ Info: 80_43: layer 2/2, base field no. 35/48, 4/7
[ Info: 80_43: layer 2/2, base field no. 35/48, 5/7
[ Info: 80_43: layer 2/2, base field no. 35/48, 6/7
[ Info: 80_43: layer 2/2, base field no. 35/48, 7/7
[ Info: 80_43: layer 2/2, base field no. 36/48, constructing abelian extensions
[ Info: 80_43: layer 2/2, base field no. 36/48, checking fields: 0
[ Info: 80_43: layer 2/2, base field no. 37/48, constructing abelian extensions
[ Info: 80_43: layer 2/2, base field no. 37/48, checking fields: 0
[ Info: 80_43: layer 2/2, base field no. 38/48, constructing abelian extensions
[ Info: 80_43: layer 2/2, base field no. 38/48, checking fields: 1
[ Info: 80_43: layer 2/2, base field no. 38/48, 1/1
[ Info: 80_43: layer 2/2, base field no. 39/48, constructing abelian extensions
[ Info: 80_43: layer 2/2, base field no. 39/48, checking fields: 1
[ Info: 80_43: layer 2/2, base field no. 39/48, 1/1
[ Info: 80_43: layer 2/2, base field no. 40/48, constructing abelian extensions
[ Info: 80_43: layer 2/2, base field no. 40/48, checking fields: 0
[ Info: 80_43: layer 2/2, base field no. 41/48, constructing abelian extensions
[ Info: 80_43: layer 2/2, base field no. 41/48, checking fields: 0
[ Info: 80_43: layer 2/2, base field no. 42/48, constructing abelian extensions
[ Info: 80_43: layer 2/2, base field no. 42/48, checking fields: 0
[ Info: 80_43: layer 2/2, base field no. 43/48, constructing abelian extensions
[ Info: 80_43: layer 2/2, base field no. 43/48, checking fields: 2
[ Info: 80_43: layer 2/2, base field no. 43/48, 1/2
[ Info: 80_43: layer 2/2, base field no. 43/48, 2/2
[ Info: 80_43: layer 2/2, base field no. 44/48, constructing abelian extensions
[ Info: 80_43: layer 2/2, base field no. 44/48, checking fields: 0
[ Info: 80_43: layer 2/2, base field no. 45/48, constructing abelian extensions
[ Info: 80_43: layer 2/2, base field no. 45/48, checking fields: 3
[ Info: 80_43: layer 2/2, base field no. 45/48, 1/3
[ Info: 80_43: layer 2/2, base field no. 45/48, 2/3
[ Info: 80_43: layer 2/2, base field no. 45/48, 3/3
[ Info: 80_43: layer 2/2, base field no. 46/48, constructing abelian extensions
[ Info: 80_43: layer 2/2, base field no. 46/48, checking fields: 0
[ Info: 80_43: layer 2/2, base field no. 47/48, constructing abelian extensions
[ Info: 80_43: layer 2/2, base field no. 47/48, checking fields: 0
[ Info: 80_43: layer 2/2, base field no. 48/48, constructing abelian extensions
[ Info: 80_43: layer 2/2, base field no. 48/48, checking fields: 0
9641.087560 seconds (12.33 G allocations: 3.484 TiB, 3.13% gc time, 0.15% compilation time: 2% of which was recompilation)
