[ Info: 40_13: File for first layer exists [2, 2, 2], 100000000000000; loading ...
[ Info: 40_13: layer 2/2, base field no. 1/336, constructing abelian extensions
[ Info: 40_13: layer 2/2, base field no. 1/336, checking fields: 3
[ Info: 40_13: layer 2/2, base field no. 1/336, 1/3
[ Info: 40_13: layer 2/2, base field no. 1/336, 2/3
[ Info: 40_13: layer 2/2, base field no. 1/336, 3/3
[ Info: 40_13: layer 2/2, base field no. 2/336, constructing abelian extensions
[ Info: 40_13: layer 2/2, base field no. 2/336, checking fields: 2
[ Info: 40_13: layer 2/2, base field no. 2/336, 1/2
[ Info: 40_13: layer 2/2, base field no. 2/336, 2/2
[ Info: 40_13: layer 2/2, base field no. 3/336, constructing abelian extensions
[ Info: 40_13: layer 2/2, base field no. 3/336, checking fields: 0
[ Info: 40_13: layer 2/2, base field no. 4/336, constructing abelian extensions
[ Info: 40_13: layer 2/2, base field no. 4/336, checking fields: 2
[ Info: 40_13: layer 2/2, base field no. 4/336, 1/2
[ Info: 40_13: layer 2/2, base field no. 4/336, 2/2
[ Info: 40_13: layer 2/2, base field no. 5/336, constructing abelian extensions
[ Info: 40_13: layer 2/2, base field no. 5/336, checking fields: 6
[ Info: 40_13: layer 2/2, base field no. 5/336, 1/6
[ Info: 40_13: layer 2/2, base field no. 5/336, 2/6
[ Info: 40_13: layer 2/2, base field no. 5/336, 3/6
[ Info: 40_13: layer 2/2, base field no. 5/336, 4/6
[ Info: 40_13: layer 2/2, base field no. 5/336, 5/6
[ Info: 40_13: layer 2/2, base field no. 5/336, 6/6
[ Info: 40_13: layer 2/2, base field no. 6/336, constructing abelian extensions
[ Info: 40_13: layer 2/2, base field no. 6/336, checking fields: 2
[ Info: 40_13: layer 2/2, base field no. 6/336, 1/2
[ Info: 40_13: layer 2/2, base field no. 6/336, 2/2
[ Info: 40_13: layer 2/2, base field no. 7/336, constructing abelian extensions
[ Info: 40_13: layer 2/2, base field no. 7/336, checking fields: 2
[ Info: 40_13: layer 2/2, base field no. 7/336, 1/2
[ Info: 40_13: layer 2/2, base field no. 7/336, 2/2
[ Info: 40_13: layer 2/2, base field no. 8/336, constructing abelian extensions
[ Info: 40_13: layer 2/2, base field no. 8/336, checking fields: 4
[ Info: 40_13: layer 2/2, base field no. 8/336, 1/4
[ Info: 40_13: layer 2/2, base field no. 8/336, 2/4
[ Info: 40_13: layer 2/2, base field no. 8/336, 3/4
[ Info: 40_13: layer 2/2, base field no. 8/336, 4/4
[ Info: 40_13: layer 2/2, base field no. 9/336, constructing abelian extensions
[ Info: 40_13: layer 2/2, base field no. 9/336, checking fields: 2
[ Info: 40_13: layer 2/2, base field no. 9/336, 1/2
[ Info: 40_13: layer 2/2, base field no. 9/336, 2/2
[ Info: 40_13: layer 2/2, base field no. 10/336, constructing abelian extensions
[ Info: 40_13: layer 2/2, base field no. 10/336, checking fields: 2
[ Info: 40_13: layer 2/2, base field no. 10/336, 1/2
[ Info: 40_13: layer 2/2, base field no. 10/336, 2/2
[ Info: 40_13: layer 2/2, base field no. 11/336, constructing abelian extensions
[ Info: 40_13: layer 2/2, base field no. 11/336, checking fields: 2
[ Info: 40_13: layer 2/2, base field no. 11/336, 1/2
[ Info: 40_13: layer 2/2, base field no. 11/336, 2/2
[ Info: 40_13: layer 2/2, base field no. 12/336, constructing abelian extensions
[ Info: 40_13: layer 2/2, base field no. 12/336, checking fields: 2
[ Info: 40_13: layer 2/2, base field no. 12/336, 1/2
[ Info: 40_13: layer 2/2, base field no. 12/336, 2/2
[ Info: 40_13: layer 2/2, base field no. 13/336, constructing abelian extensions
[ Info: 40_13: layer 2/2, base field no. 13/336, checking fields: 2
[ Info: 40_13: layer 2/2, base field no. 13/336, 1/2
[ Info: 40_13: layer 2/2, base field no. 13/336, 2/2
[ Info: 40_13: layer 2/2, base field no. 14/336, constructing abelian extensions
[ Info: 40_13: layer 2/2, base field no. 14/336, checking fields: 2
[ Info: 40_13: layer 2/2, base field no. 14/336, 1/2
[ Info: 40_13: layer 2/2, base field no. 14/336, 2/2
[ Info: 40_13: layer 2/2, base field no. 15/336, constructing abelian extensions
[ Info: 40_13: layer 2/2, base field no. 15/336, checking fields: 0
[ Info: 40_13: layer 2/2, base field no. 16/336, constructing abelian extensions
[ Info: 40_13: layer 2/2, base field no. 16/336, checking fields: 2
[ Info: 40_13: layer 2/2, base field no. 16/336, 1/2
[ Info: 40_13: layer 2/2, base field no. 16/336, 2/2
[ Info: 40_13: layer 2/2, base field no. 17/336, constructing abelian extensions
[ Info: 40_13: layer 2/2, base field no. 17/336, checking fields: 2
[ Info: 40_13: layer 2/2, base field no. 17/336, 1/2
[ Info: 40_13: layer 2/2, base field no. 17/336, 2/2
[ Info: 40_13: layer 2/2, base field no. 18/336, constructing abelian extensions
[ Info: 40_13: layer 2/2, base field no. 18/336, checking fields: 0
[ Info: 40_13: layer 2/2, base field no. 19/336, constructing abelian extensions
[ Info: 40_13: layer 2/2, base field no. 19/336, checking fields: 0
[ Info: 40_13: layer 2/2, base field no. 20/336, constructing abelian extensions
[ Info: 40_13: layer 2/2, base field no. 20/336, checking fields: 0
[ Info: 40_13: layer 2/2, base field no. 21/336, constructing abelian extensions
[ Info: 40_13: layer 2/2, base field no. 21/336, checking fields: 0
[ Info: 40_13: layer 2/2, base field no. 22/336, constructing abelian extensions
[ Info: 40_13: layer 2/2, base field no. 22/336, checking fields: 0
[ Info: 40_13: layer 2/2, base field no. 23/336, constructing abelian extensions
[ Info: 40_13: layer 2/2, base field no. 23/336, checking fields: 0
[ Info: 40_13: layer 2/2, base field no. 24/336, constructing abelian extensions
[ Info: 40_13: layer 2/2, base field no. 24/336, checking fields: 0
[ Info: 40_13: layer 2/2, base field no. 25/336, constructing abelian extensions
[ Info: 40_13: layer 2/2, base field no. 25/336, checking fields: 0
[ Info: 40_13: layer 2/2, base field no. 26/336, constructing abelian extensions
[ Info: 40_13: layer 2/2, base field no. 26/336, checking fields: 0
[ Info: 40_13: layer 2/2, base field no. 27/336, constructing abelian extensions
[ Info: 40_13: layer 2/2, base field no. 27/336, checking fields: 0
[ Info: 40_13: layer 2/2, base field no. 28/336, constructing abelian extensions
[ Info: 40_13: layer 2/2, base field no. 28/336, checking fields: 0
[ Info: 40_13: layer 2/2, base field no. 29/336, constructing abelian extensions
[ Info: 40_13: layer 2/2, base field no. 29/336, checking fields: 1
[ Info: 40_13: layer 2/2, base field no. 29/336, 1/1
[ Info: 40_13: layer 2/2, base field no. 30/336, constructing abelian extensions
[ Info: 40_13: layer 2/2, base field no. 30/336, checking fields: 0
[ Info: 40_13: layer 2/2, base field no. 31/336, constructing abelian extensions
[ Info: 40_13: layer 2/2, base field no. 31/336, checking fields: 0
[ Info: 40_13: layer 2/2, base field no. 32/336, constructing abelian extensions
[ Info: 40_13: layer 2/2, base field no. 32/336, checking fields: 2
[ Info: 40_13: layer 2/2, base field no. 32/336, 1/2
[ Info: 40_13: layer 2/2, base field no. 32/336, 2/2
[ Info: 40_13: layer 2/2, base field no. 33/336, constructing abelian extensions
[ Info: 40_13: layer 2/2, base field no. 33/336, checking fields: 0
[ Info: 40_13: layer 2/2, base field no. 34/336, constructing abelian extensions
[ Info: 40_13: layer 2/2, base field no. 34/336, checking fields: 2
[ Info: 40_13: layer 2/2, base field no. 34/336, 1/2
[ Info: 40_13: layer 2/2, base field no. 34/336, 2/2
[ Info: 40_13: layer 2/2, base field no. 35/336, constructing abelian extensions
[ Info: 40_13: layer 2/2, base field no. 35/336, checking fields: 0
[ Info: 40_13: layer 2/2, base field no. 36/336, constructing abelian extensions
[ Info: 40_13: layer 2/2, base field no. 36/336, checking fields: 0
[ Info: 40_13: layer 2/2, base field no. 37/336, constructing abelian extensions
[ Info: 40_13: layer 2/2, base field no. 37/336, checking fields: 0
[ Info: 40_13: layer 2/2, base field no. 38/336, constructing abelian extensions
[ Info: 40_13: layer 2/2, base field no. 38/336, checking fields: 2
[ Info: 40_13: layer 2/2, base field no. 38/336, 1/2
[ Info: 40_13: layer 2/2, base field no. 38/336, 2/2
[ Info: 40_13: layer 2/2, base field no. 39/336, constructing abelian extensions
[ Info: 40_13: layer 2/2, base field no. 39/336, checking fields: 0
[ Info: 40_13: layer 2/2, base field no. 40/336, constructing abelian extensions
[ Info: 40_13: layer 2/2, base field no. 40/336, checking fields: 0
[ Info: 40_13: layer 2/2, base field no. 41/336, constructing abelian extensions
[ Info: 40_13: layer 2/2, base field no. 41/336, checking fields: 0
[ Info: 40_13: layer 2/2, base field no. 42/336, constructing abelian extensions
[ Info: 40_13: layer 2/2, base field no. 42/336, checking fields: 0
[ Info: 40_13: layer 2/2, base field no. 43/336, constructing abelian extensions
[ Info: 40_13: layer 2/2, base field no. 43/336, checking fields: 0
[ Info: 40_13: layer 2/2, base field no. 44/336, constructing abelian extensions
[ Info: 40_13: layer 2/2, base field no. 44/336, checking fields: 0
[ Info: 40_13: layer 2/2, base field no. 45/336, constructing abelian extensions
[ Info: 40_13: layer 2/2, base field no. 45/336, checking fields: 0
[ Info: 40_13: layer 2/2, base field no. 46/336, constructing abelian extensions
[ Info: 40_13: layer 2/2, base field no. 46/336, checking fields: 0
[ Info: 40_13: layer 2/2, base field no. 47/336, constructing abelian extensions
[ Info: 40_13: layer 2/2, base field no. 47/336, checking fields: 0
[ Info: 40_13: layer 2/2, base field no. 48/336, constructing abelian extensions
[ Info: 40_13: layer 2/2, base field no. 48/336, checking fields: 0
[ Info: 40_13: layer 2/2, base field no. 49/336, constructing abelian extensions
[ Info: 40_13: layer 2/2, base field no. 49/336, checking fields: 0
[ Info: 40_13: layer 2/2, base field no. 50/336, constructing abelian extensions
[ Info: 40_13: layer 2/2, base field no. 50/336, checking fields: 0
[ Info: 40_13: layer 2/2, base field no. 51/336, constructing abelian extensions
[ Info: 40_13: layer 2/2, base field no. 51/336, checking fields: 0
[ Info: 40_13: layer 2/2, base field no. 52/336, constructing abelian extensions
[ Info: 40_13: layer 2/2, base field no. 52/336, checking fields: 0
[ Info: 40_13: layer 2/2, base field no. 53/336, constructing abelian extensions
[ Info: 40_13: layer 2/2, base field no. 53/336, checking fields: 0
[ Info: 40_13: layer 2/2, base field no. 54/336, constructing abelian extensions
[ Info: 40_13: layer 2/2, base field no. 54/336, checking fields: 0
[ Info: 40_13: layer 2/2, base field no. 55/336, constructing abelian extensions
[ Info: 40_13: layer 2/2, base field no. 55/336, checking fields: 0
[ Info: 40_13: layer 2/2, base field no. 56/336, constructing abelian extensions
[ Info: 40_13: layer 2/2, base field no. 56/336, checking fields: 0
[ Info: 40_13: layer 2/2, base field no. 57/336, constructing abelian extensions
[ Info: 40_13: layer 2/2, base field no. 57/336, checking fields: 0
[ Info: 40_13: layer 2/2, base field no. 58/336, constructing abelian extensions
[ Info: 40_13: layer 2/2, base field no. 58/336, checking fields: 0
[ Info: 40_13: layer 2/2, base field no. 59/336, constructing abelian extensions
[ Info: 40_13: layer 2/2, base field no. 59/336, checking fields: 0
[ Info: 40_13: layer 2/2, base field no. 60/336, constructing abelian extensions
[ Info: 40_13: layer 2/2, base field no. 60/336, checking fields: 0
[ Info: 40_13: layer 2/2, base field no. 61/336, constructing abelian extensions
[ Info: 40_13: layer 2/2, base field no. 61/336, checking fields: 0
[ Info: 40_13: layer 2/2, base field no. 62/336, constructing abelian extensions
[ Info: 40_13: layer 2/2, base field no. 62/336, checking fields: 0
[ Info: 40_13: layer 2/2, base field no. 63/336, constructing abelian extensions
[ Info: 40_13: layer 2/2, base field no. 63/336, checking fields: 0
[ Info: 40_13: layer 2/2, base field no. 64/336, constructing abelian extensions
[ Info: 40_13: layer 2/2, base field no. 64/336, checking fields: 0
[ Info: 40_13: layer 2/2, base field no. 65/336, constructing abelian extensions
[ Info: 40_13: layer 2/2, base field no. 65/336, checking fields: 0
[ Info: 40_13: layer 2/2, base field no. 66/336, constructing abelian extensions
[ Info: 40_13: layer 2/2, base field no. 66/336, checking fields: 3
[ Info: 40_13: layer 2/2, base field no. 66/336, 1/3
[ Info: 40_13: layer 2/2, base field no. 66/336, 2/3
[ Info: 40_13: layer 2/2, base field no. 66/336, 3/3
[ Info: 40_13: layer 2/2, base field no. 67/336, constructing abelian extensions
[ Info: 40_13: layer 2/2, base field no. 67/336, checking fields: 0
[ Info: 40_13: layer 2/2, base field no. 68/336, constructing abelian extensions
[ Info: 40_13: layer 2/2, base field no. 68/336, checking fields: 0
[ Info: 40_13: layer 2/2, base field no. 69/336, constructing abelian extensions
[ Info: 40_13: layer 2/2, base field no. 69/336, checking fields: 0
[ Info: 40_13: layer 2/2, base field no. 70/336, constructing abelian extensions
[ Info: 40_13: layer 2/2, base field no. 70/336, checking fields: 3
[ Info: 40_13: layer 2/2, base field no. 70/336, 1/3
[ Info: 40_13: layer 2/2, base field no. 70/336, 2/3
[ Info: 40_13: layer 2/2, base field no. 70/336, 3/3
[ Info: 40_13: layer 2/2, base field no. 71/336, constructing abelian extensions
[ Info: 40_13: layer 2/2, base field no. 71/336, checking fields: 0
[ Info: 40_13: layer 2/2, base field no. 72/336, constructing abelian extensions
[ Info: 40_13: layer 2/2, base field no. 72/336, checking fields: 1
[ Info: 40_13: layer 2/2, base field no. 72/336, 1/1
[ Info: 40_13: layer 2/2, base field no. 73/336, constructing abelian extensions
[ Info: 40_13: layer 2/2, base field no. 73/336, checking fields: 0
[ Info: 40_13: layer 2/2, base field no. 74/336, constructing abelian extensions
[ Info: 40_13: layer 2/2, base field no. 74/336, checking fields: 0
[ Info: 40_13: layer 2/2, base field no. 75/336, constructing abelian extensions
[ Info: 40_13: layer 2/2, base field no. 75/336, checking fields: 0
[ Info: 40_13: layer 2/2, base field no. 76/336, constructing abelian extensions
[ Info: 40_13: layer 2/2, base field no. 76/336, checking fields: 0
[ Info: 40_13: layer 2/2, base field no. 77/336, constructing abelian extensions
[ Info: 40_13: layer 2/2, base field no. 77/336, checking fields: 0
[ Info: 40_13: layer 2/2, base field no. 78/336, constructing abelian extensions
[ Info: 40_13: layer 2/2, base field no. 78/336, checking fields: 0
[ Info: 40_13: layer 2/2, base field no. 79/336, constructing abelian extensions
[ Info: 40_13: layer 2/2, base field no. 79/336, checking fields: 0
[ Info: 40_13: layer 2/2, base field no. 80/336, constructing abelian extensions
[ Info: 40_13: layer 2/2, base field no. 80/336, checking fields: 0
[ Info: 40_13: layer 2/2, base field no. 81/336, constructing abelian extensions
[ Info: 40_13: layer 2/2, base field no. 81/336, checking fields: 0
[ Info: 40_13: layer 2/2, base field no. 82/336, constructing abelian extensions
[ Info: 40_13: layer 2/2, base field no. 82/336, checking fields: 0
[ Info: 40_13: layer 2/2, base field no. 83/336, constructing abelian extensions
[ Info: 40_13: layer 2/2, base field no. 83/336, checking fields: 2
[ Info: 40_13: layer 2/2, base field no. 83/336, 1/2
[ Info: 40_13: layer 2/2, base field no. 83/336, 2/2
[ Info: 40_13: layer 2/2, base field no. 84/336, constructing abelian extensions
[ Info: 40_13: layer 2/2, base field no. 84/336, checking fields: 0
[ Info: 40_13: layer 2/2, base field no. 85/336, constructing abelian extensions
[ Info: 40_13: layer 2/2, base field no. 85/336, checking fields: 0
[ Info: 40_13: layer 2/2, base field no. 86/336, constructing abelian extensions
[ Info: 40_13: layer 2/2, base field no. 86/336, checking fields: 0
[ Info: 40_13: layer 2/2, base field no. 87/336, constructing abelian extensions
[ Info: 40_13: layer 2/2, base field no. 87/336, checking fields: 0
[ Info: 40_13: layer 2/2, base field no. 88/336, constructing abelian extensions
[ Info: 40_13: layer 2/2, base field no. 88/336, checking fields: 0
[ Info: 40_13: layer 2/2, base field no. 89/336, constructing abelian extensions
[ Info: 40_13: layer 2/2, base field no. 89/336, checking fields: 0
[ Info: 40_13: layer 2/2, base field no. 90/336, constructing abelian extensions
[ Info: 40_13: layer 2/2, base field no. 90/336, checking fields: 0
[ Info: 40_13: layer 2/2, base field no. 91/336, constructing abelian extensions
[ Info: 40_13: layer 2/2, base field no. 91/336, checking fields: 0
[ Info: 40_13: layer 2/2, base field no. 92/336, constructing abelian extensions
[ Info: 40_13: layer 2/2, base field no. 92/336, checking fields: 0
[ Info: 40_13: layer 2/2, base field no. 93/336, constructing abelian extensions
[ Info: 40_13: layer 2/2, base field no. 93/336, checking fields: 0
[ Info: 40_13: layer 2/2, base field no. 94/336, constructing abelian extensions
[ Info: 40_13: layer 2/2, base field no. 94/336, checking fields: 0
[ Info: 40_13: layer 2/2, base field no. 95/336, constructing abelian extensions
[ Info: 40_13: layer 2/2, base field no. 95/336, checking fields: 0
[ Info: 40_13: layer 2/2, base field no. 96/336, constructing abelian extensions
[ Info: 40_13: layer 2/2, base field no. 96/336, checking fields: 0
[ Info: 40_13: layer 2/2, base field no. 97/336, constructing abelian extensions
[ Info: 40_13: layer 2/2, base field no. 97/336, checking fields: 0
[ Info: 40_13: layer 2/2, base field no. 98/336, constructing abelian extensions
[ Info: 40_13: layer 2/2, base field no. 98/336, checking fields: 0
[ Info: 40_13: layer 2/2, base field no. 99/336, constructing abelian extensions
[ Info: 40_13: layer 2/2, base field no. 99/336, checking fields: 0
[ Info: 40_13: layer 2/2, base field no. 100/336, constructing abelian extensions
[ Info: 40_13: layer 2/2, base field no. 100/336, checking fields: 0
[ Info: 40_13: layer 2/2, base field no. 101/336, constructing abelian extensions
[ Info: 40_13: layer 2/2, base field no. 101/336, checking fields: 2
[ Info: 40_13: layer 2/2, base field no. 101/336, 1/2
[ Info: 40_13: layer 2/2, base field no. 101/336, 2/2
[ Info: 40_13: layer 2/2, base field no. 102/336, constructing abelian extensions
[ Info: 40_13: layer 2/2, base field no. 102/336, checking fields: 0
[ Info: 40_13: layer 2/2, base field no. 103/336, constructing abelian extensions
[ Info: 40_13: layer 2/2, base field no. 103/336, checking fields: 0
[ Info: 40_13: layer 2/2, base field no. 104/336, constructing abelian extensions
[ Info: 40_13: layer 2/2, base field no. 104/336, checking fields: 0
[ Info: 40_13: layer 2/2, base field no. 105/336, constructing abelian extensions
[ Info: 40_13: layer 2/2, base field no. 105/336, checking fields: 0
[ Info: 40_13: layer 2/2, base field no. 106/336, constructing abelian extensions
[ Info: 40_13: layer 2/2, base field no. 106/336, checking fields: 0
[ Info: 40_13: layer 2/2, base field no. 107/336, constructing abelian extensions
[ Info: 40_13: layer 2/2, base field no. 107/336, checking fields: 0
[ Info: 40_13: layer 2/2, base field no. 108/336, constructing abelian extensions
[ Info: 40_13: layer 2/2, base field no. 108/336, checking fields: 0
[ Info: 40_13: layer 2/2, base field no. 109/336, constructing abelian extensions
[ Info: 40_13: layer 2/2, base field no. 109/336, checking fields: 0
[ Info: 40_13: layer 2/2, base field no. 110/336, constructing abelian extensions
[ Info: 40_13: layer 2/2, base field no. 110/336, checking fields: 0
[ Info: 40_13: layer 2/2, base field no. 111/336, constructing abelian extensions
[ Info: 40_13: layer 2/2, base field no. 111/336, checking fields: 0
[ Info: 40_13: layer 2/2, base field no. 112/336, constructing abelian extensions
[ Info: 40_13: layer 2/2, base field no. 112/336, checking fields: 0
[ Info: 40_13: layer 2/2, base field no. 113/336, constructing abelian extensions
[ Info: 40_13: layer 2/2, base field no. 113/336, checking fields: 0
[ Info: 40_13: layer 2/2, base field no. 114/336, constructing abelian extensions
[ Info: 40_13: layer 2/2, base field no. 114/336, checking fields: 0
[ Info: 40_13: layer 2/2, base field no. 115/336, constructing abelian extensions
[ Info: 40_13: layer 2/2, base field no. 115/336, checking fields: 0
[ Info: 40_13: layer 2/2, base field no. 116/336, constructing abelian extensions
[ Info: 40_13: layer 2/2, base field no. 116/336, checking fields: 0
[ Info: 40_13: layer 2/2, base field no. 117/336, constructing abelian extensions
[ Info: 40_13: layer 2/2, base field no. 117/336, checking fields: 0
[ Info: 40_13: layer 2/2, base field no. 118/336, constructing abelian extensions
[ Info: 40_13: layer 2/2, base field no. 118/336, checking fields: 0
[ Info: 40_13: layer 2/2, base field no. 119/336, constructing abelian extensions
[ Info: 40_13: layer 2/2, base field no. 119/336, checking fields: 0
[ Info: 40_13: layer 2/2, base field no. 120/336, constructing abelian extensions
[ Info: 40_13: layer 2/2, base field no. 120/336, checking fields: 0
[ Info: 40_13: layer 2/2, base field no. 121/336, constructing abelian extensions
[ Info: 40_13: layer 2/2, base field no. 121/336, checking fields: 0
[ Info: 40_13: layer 2/2, base field no. 122/336, constructing abelian extensions
[ Info: 40_13: layer 2/2, base field no. 122/336, checking fields: 0
[ Info: 40_13: layer 2/2, base field no. 123/336, constructing abelian extensions
[ Info: 40_13: layer 2/2, base field no. 123/336, checking fields: 0
[ Info: 40_13: layer 2/2, base field no. 124/336, constructing abelian extensions
[ Info: 40_13: layer 2/2, base field no. 124/336, checking fields: 0
[ Info: 40_13: layer 2/2, base field no. 125/336, constructing abelian extensions
[ Info: 40_13: layer 2/2, base field no. 125/336, checking fields: 0
[ Info: 40_13: layer 2/2, base field no. 126/336, constructing abelian extensions
[ Info: 40_13: layer 2/2, base field no. 126/336, checking fields: 0
[ Info: 40_13: layer 2/2, base field no. 127/336, constructing abelian extensions
[ Info: 40_13: layer 2/2, base field no. 127/336, checking fields: 0
[ Info: 40_13: layer 2/2, base field no. 128/336, constructing abelian extensions
[ Info: 40_13: layer 2/2, base field no. 128/336, checking fields: 0
[ Info: 40_13: layer 2/2, base field no. 129/336, constructing abelian extensions
[ Info: 40_13: layer 2/2, base field no. 129/336, checking fields: 0
[ Info: 40_13: layer 2/2, base field no. 130/336, constructing abelian extensions
[ Info: 40_13: layer 2/2, base field no. 130/336, checking fields: 0
[ Info: 40_13: layer 2/2, base field no. 131/336, constructing abelian extensions
[ Info: 40_13: layer 2/2, base field no. 131/336, checking fields: 0
[ Info: 40_13: layer 2/2, base field no. 132/336, constructing abelian extensions
[ Info: 40_13: layer 2/2, base field no. 132/336, checking fields: 0
[ Info: 40_13: layer 2/2, base field no. 133/336, constructing abelian extensions
[ Info: 40_13: layer 2/2, base field no. 133/336, checking fields: 0
[ Info: 40_13: layer 2/2, base field no. 134/336, constructing abelian extensions
[ Info: 40_13: layer 2/2, base field no. 134/336, checking fields: 0
[ Info: 40_13: layer 2/2, base field no. 135/336, constructing abelian extensions
[ Info: 40_13: layer 2/2, base field no. 135/336, checking fields: 0
[ Info: 40_13: layer 2/2, base field no. 136/336, constructing abelian extensions
[ Info: 40_13: layer 2/2, base field no. 136/336, checking fields: 0
[ Info: 40_13: layer 2/2, base field no. 137/336, constructing abelian extensions
[ Info: 40_13: layer 2/2, base field no. 137/336, checking fields: 0
[ Info: 40_13: layer 2/2, base field no. 138/336, constructing abelian extensions
[ Info: 40_13: layer 2/2, base field no. 138/336, checking fields: 0
[ Info: 40_13: layer 2/2, base field no. 139/336, constructing abelian extensions
[ Info: 40_13: layer 2/2, base field no. 139/336, checking fields: 0
[ Info: 40_13: layer 2/2, base field no. 140/336, constructing abelian extensions
[ Info: 40_13: layer 2/2, base field no. 140/336, checking fields: 0
[ Info: 40_13: layer 2/2, base field no. 141/336, constructing abelian extensions
[ Info: 40_13: layer 2/2, base field no. 141/336, checking fields: 0
[ Info: 40_13: layer 2/2, base field no. 142/336, constructing abelian extensions
[ Info: 40_13: layer 2/2, base field no. 142/336, checking fields: 0
[ Info: 40_13: layer 2/2, base field no. 143/336, constructing abelian extensions
[ Info: 40_13: layer 2/2, base field no. 143/336, checking fields: 0
[ Info: 40_13: layer 2/2, base field no. 144/336, constructing abelian extensions
[ Info: 40_13: layer 2/2, base field no. 144/336, checking fields: 0
[ Info: 40_13: layer 2/2, base field no. 145/336, constructing abelian extensions
[ Info: 40_13: layer 2/2, base field no. 145/336, checking fields: 0
[ Info: 40_13: layer 2/2, base field no. 146/336, constructing abelian extensions
[ Info: 40_13: layer 2/2, base field no. 146/336, checking fields: 0
[ Info: 40_13: layer 2/2, base field no. 147/336, constructing abelian extensions
[ Info: 40_13: layer 2/2, base field no. 147/336, checking fields: 0
[ Info: 40_13: layer 2/2, base field no. 148/336, constructing abelian extensions
[ Info: 40_13: layer 2/2, base field no. 148/336, checking fields: 0
[ Info: 40_13: layer 2/2, base field no. 149/336, constructing abelian extensions
[ Info: 40_13: layer 2/2, base field no. 149/336, checking fields: 0
[ Info: 40_13: layer 2/2, base field no. 150/336, constructing abelian extensions
[ Info: 40_13: layer 2/2, base field no. 150/336, checking fields: 0
[ Info: 40_13: layer 2/2, base field no. 151/336, constructing abelian extensions
[ Info: 40_13: layer 2/2, base field no. 151/336, checking fields: 0
[ Info: 40_13: layer 2/2, base field no. 152/336, constructing abelian extensions
[ Info: 40_13: layer 2/2, base field no. 152/336, checking fields: 0
[ Info: 40_13: layer 2/2, base field no. 153/336, constructing abelian extensions
[ Info: 40_13: layer 2/2, base field no. 153/336, checking fields: 3
[ Info: 40_13: layer 2/2, base field no. 153/336, 1/3
[ Info: 40_13: layer 2/2, base field no. 153/336, 2/3
[ Info: 40_13: layer 2/2, base field no. 153/336, 3/3
[ Info: 40_13: layer 2/2, base field no. 154/336, constructing abelian extensions
[ Info: 40_13: layer 2/2, base field no. 154/336, checking fields: 0
[ Info: 40_13: layer 2/2, base field no. 155/336, constructing abelian extensions
[ Info: 40_13: layer 2/2, base field no. 155/336, checking fields: 0
[ Info: 40_13: layer 2/2, base field no. 156/336, constructing abelian extensions
[ Info: 40_13: layer 2/2, base field no. 156/336, checking fields: 0
[ Info: 40_13: layer 2/2, base field no. 157/336, constructing abelian extensions
[ Info: 40_13: layer 2/2, base field no. 157/336, checking fields: 0
[ Info: 40_13: layer 2/2, base field no. 158/336, constructing abelian extensions
[ Info: 40_13: layer 2/2, base field no. 158/336, checking fields: 0
[ Info: 40_13: layer 2/2, base field no. 159/336, constructing abelian extensions
[ Info: 40_13: layer 2/2, base field no. 159/336, checking fields: 0
[ Info: 40_13: layer 2/2, base field no. 160/336, constructing abelian extensions
[ Info: 40_13: layer 2/2, base field no. 160/336, checking fields: 0
[ Info: 40_13: layer 2/2, base field no. 161/336, constructing abelian extensions
[ Info: 40_13: layer 2/2, base field no. 161/336, checking fields: 0
[ Info: 40_13: layer 2/2, base field no. 162/336, constructing abelian extensions
[ Info: 40_13: layer 2/2, base field no. 162/336, checking fields: 0
[ Info: 40_13: layer 2/2, base field no. 163/336, constructing abelian extensions
[ Info: 40_13: layer 2/2, base field no. 163/336, checking fields: 0
[ Info: 40_13: layer 2/2, base field no. 164/336, constructing abelian extensions
[ Info: 40_13: layer 2/2, base field no. 164/336, checking fields: 0
[ Info: 40_13: layer 2/2, base field no. 165/336, constructing abelian extensions
[ Info: 40_13: layer 2/2, base field no. 165/336, checking fields: 0
[ Info: 40_13: layer 2/2, base field no. 166/336, constructing abelian extensions
[ Info: 40_13: layer 2/2, base field no. 166/336, checking fields: 0
[ Info: 40_13: layer 2/2, base field no. 167/336, constructing abelian extensions
[ Info: 40_13: layer 2/2, base field no. 167/336, checking fields: 0
[ Info: 40_13: layer 2/2, base field no. 168/336, constructing abelian extensions
[ Info: 40_13: layer 2/2, base field no. 168/336, checking fields: 0
[ Info: 40_13: layer 2/2, base field no. 169/336, constructing abelian extensions
[ Info: 40_13: layer 2/2, base field no. 169/336, checking fields: 0
[ Info: 40_13: layer 2/2, base field no. 170/336, constructing abelian extensions
[ Info: 40_13: layer 2/2, base field no. 170/336, checking fields: 0
[ Info: 40_13: layer 2/2, base field no. 171/336, constructing abelian extensions
[ Info: 40_13: layer 2/2, base field no. 171/336, checking fields: 0
[ Info: 40_13: layer 2/2, base field no. 172/336, constructing abelian extensions
[ Info: 40_13: layer 2/2, base field no. 172/336, checking fields: 0
[ Info: 40_13: layer 2/2, base field no. 173/336, constructing abelian extensions
[ Info: 40_13: layer 2/2, base field no. 173/336, checking fields: 0
[ Info: 40_13: layer 2/2, base field no. 174/336, constructing abelian extensions
[ Info: 40_13: layer 2/2, base field no. 174/336, checking fields: 0
[ Info: 40_13: layer 2/2, base field no. 175/336, constructing abelian extensions
[ Info: 40_13: layer 2/2, base field no. 175/336, checking fields: 0
[ Info: 40_13: layer 2/2, base field no. 176/336, constructing abelian extensions
[ Info: 40_13: layer 2/2, base field no. 176/336, checking fields: 0
[ Info: 40_13: layer 2/2, base field no. 177/336, constructing abelian extensions
[ Info: 40_13: layer 2/2, base field no. 177/336, checking fields: 0
[ Info: 40_13: layer 2/2, base field no. 178/336, constructing abelian extensions
[ Info: 40_13: layer 2/2, base field no. 178/336, checking fields: 0
[ Info: 40_13: layer 2/2, base field no. 179/336, constructing abelian extensions
[ Info: 40_13: layer 2/2, base field no. 179/336, checking fields: 0
[ Info: 40_13: layer 2/2, base field no. 180/336, constructing abelian extensions
[ Info: 40_13: layer 2/2, base field no. 180/336, checking fields: 0
[ Info: 40_13: layer 2/2, base field no. 181/336, constructing abelian extensions
[ Info: 40_13: layer 2/2, base field no. 181/336, checking fields: 2
[ Info: 40_13: layer 2/2, base field no. 181/336, 1/2
[ Info: 40_13: layer 2/2, base field no. 181/336, 2/2
[ Info: 40_13: layer 2/2, base field no. 182/336, constructing abelian extensions
[ Info: 40_13: layer 2/2, base field no. 182/336, checking fields: 0
[ Info: 40_13: layer 2/2, base field no. 183/336, constructing abelian extensions
[ Info: 40_13: layer 2/2, base field no. 183/336, checking fields: 0
[ Info: 40_13: layer 2/2, base field no. 184/336, constructing abelian extensions
[ Info: 40_13: layer 2/2, base field no. 184/336, checking fields: 0
[ Info: 40_13: layer 2/2, base field no. 185/336, constructing abelian extensions
[ Info: 40_13: layer 2/2, base field no. 185/336, checking fields: 0
[ Info: 40_13: layer 2/2, base field no. 186/336, constructing abelian extensions
[ Info: 40_13: layer 2/2, base field no. 186/336, checking fields: 0
[ Info: 40_13: layer 2/2, base field no. 187/336, constructing abelian extensions
[ Info: 40_13: layer 2/2, base field no. 187/336, checking fields: 0
[ Info: 40_13: layer 2/2, base field no. 188/336, constructing abelian extensions
[ Info: 40_13: layer 2/2, base field no. 188/336, checking fields: 0
[ Info: 40_13: layer 2/2, base field no. 189/336, constructing abelian extensions
[ Info: 40_13: layer 2/2, base field no. 189/336, checking fields: 0
[ Info: 40_13: layer 2/2, base field no. 190/336, constructing abelian extensions
[ Info: 40_13: layer 2/2, base field no. 190/336, checking fields: 0
[ Info: 40_13: layer 2/2, base field no. 191/336, constructing abelian extensions
[ Info: 40_13: layer 2/2, base field no. 191/336, checking fields: 0
[ Info: 40_13: layer 2/2, base field no. 192/336, constructing abelian extensions
[ Info: 40_13: layer 2/2, base field no. 192/336, checking fields: 0
[ Info: 40_13: layer 2/2, base field no. 193/336, constructing abelian extensions
[ Info: 40_13: layer 2/2, base field no. 193/336, checking fields: 0
[ Info: 40_13: layer 2/2, base field no. 194/336, constructing abelian extensions
[ Info: 40_13: layer 2/2, base field no. 194/336, checking fields: 0
[ Info: 40_13: layer 2/2, base field no. 195/336, constructing abelian extensions
[ Info: 40_13: layer 2/2, base field no. 195/336, checking fields: 0
[ Info: 40_13: layer 2/2, base field no. 196/336, constructing abelian extensions
[ Info: 40_13: layer 2/2, base field no. 196/336, checking fields: 0
[ Info: 40_13: layer 2/2, base field no. 197/336, constructing abelian extensions
[ Info: 40_13: layer 2/2, base field no. 197/336, checking fields: 0
[ Info: 40_13: layer 2/2, base field no. 198/336, constructing abelian extensions
[ Info: 40_13: layer 2/2, base field no. 198/336, checking fields: 0
[ Info: 40_13: layer 2/2, base field no. 199/336, constructing abelian extensions
[ Info: 40_13: layer 2/2, base field no. 199/336, checking fields: 0
[ Info: 40_13: layer 2/2, base field no. 200/336, constructing abelian extensions
[ Info: 40_13: layer 2/2, base field no. 200/336, checking fields: 0
[ Info: 40_13: layer 2/2, base field no. 201/336, constructing abelian extensions
[ Info: 40_13: layer 2/2, base field no. 201/336, checking fields: 0
[ Info: 40_13: layer 2/2, base field no. 202/336, constructing abelian extensions
[ Info: 40_13: layer 2/2, base field no. 202/336, checking fields: 0
[ Info: 40_13: layer 2/2, base field no. 203/336, constructing abelian extensions
[ Info: 40_13: layer 2/2, base field no. 203/336, checking fields: 0
[ Info: 40_13: layer 2/2, base field no. 204/336, constructing abelian extensions
[ Info: 40_13: layer 2/2, base field no. 204/336, checking fields: 0
[ Info: 40_13: layer 2/2, base field no. 205/336, constructing abelian extensions
[ Info: 40_13: layer 2/2, base field no. 205/336, checking fields: 0
[ Info: 40_13: layer 2/2, base field no. 206/336, constructing abelian extensions
[ Info: 40_13: layer 2/2, base field no. 206/336, checking fields: 0
[ Info: 40_13: layer 2/2, base field no. 207/336, constructing abelian extensions
[ Info: 40_13: layer 2/2, base field no. 207/336, checking fields: 0
[ Info: 40_13: layer 2/2, base field no. 208/336, constructing abelian extensions
[ Info: 40_13: layer 2/2, base field no. 208/336, checking fields: 0
[ Info: 40_13: layer 2/2, base field no. 209/336, constructing abelian extensions
[ Info: 40_13: layer 2/2, base field no. 209/336, checking fields: 0
[ Info: 40_13: layer 2/2, base field no. 210/336, constructing abelian extensions
[ Info: 40_13: layer 2/2, base field no. 210/336, checking fields: 0
[ Info: 40_13: layer 2/2, base field no. 211/336, constructing abelian extensions
[ Info: 40_13: layer 2/2, base field no. 211/336, checking fields: 0
[ Info: 40_13: layer 2/2, base field no. 212/336, constructing abelian extensions
[ Info: 40_13: layer 2/2, base field no. 212/336, checking fields: 0
[ Info: 40_13: layer 2/2, base field no. 213/336, constructing abelian extensions
[ Info: 40_13: layer 2/2, base field no. 213/336, checking fields: 0
[ Info: 40_13: layer 2/2, base field no. 214/336, constructing abelian extensions
[ Info: 40_13: layer 2/2, base field no. 214/336, checking fields: 0
[ Info: 40_13: layer 2/2, base field no. 215/336, constructing abelian extensions
[ Info: 40_13: layer 2/2, base field no. 215/336, checking fields: 0
[ Info: 40_13: layer 2/2, base field no. 216/336, constructing abelian extensions
[ Info: 40_13: layer 2/2, base field no. 216/336, checking fields: 0
[ Info: 40_13: layer 2/2, base field no. 217/336, constructing abelian extensions
[ Info: 40_13: layer 2/2, base field no. 217/336, checking fields: 0
[ Info: 40_13: layer 2/2, base field no. 218/336, constructing abelian extensions
[ Info: 40_13: layer 2/2, base field no. 218/336, checking fields: 0
[ Info: 40_13: layer 2/2, base field no. 219/336, constructing abelian extensions
[ Info: 40_13: layer 2/2, base field no. 219/336, checking fields: 0
[ Info: 40_13: layer 2/2, base field no. 220/336, constructing abelian extensions
[ Info: 40_13: layer 2/2, base field no. 220/336, checking fields: 0
[ Info: 40_13: layer 2/2, base field no. 221/336, constructing abelian extensions
[ Info: 40_13: layer 2/2, base field no. 221/336, checking fields: 0
[ Info: 40_13: layer 2/2, base field no. 222/336, constructing abelian extensions
[ Info: 40_13: layer 2/2, base field no. 222/336, checking fields: 0
[ Info: 40_13: layer 2/2, base field no. 223/336, constructing abelian extensions
[ Info: 40_13: layer 2/2, base field no. 223/336, checking fields: 0
[ Info: 40_13: layer 2/2, base field no. 224/336, constructing abelian extensions
[ Info: 40_13: layer 2/2, base field no. 224/336, checking fields: 0
[ Info: 40_13: layer 2/2, base field no. 225/336, constructing abelian extensions
[ Info: 40_13: layer 2/2, base field no. 225/336, checking fields: 0
[ Info: 40_13: layer 2/2, base field no. 226/336, constructing abelian extensions
[ Info: 40_13: layer 2/2, base field no. 226/336, checking fields: 0
[ Info: 40_13: layer 2/2, base field no. 227/336, constructing abelian extensions
[ Info: 40_13: layer 2/2, base field no. 227/336, checking fields: 0
[ Info: 40_13: layer 2/2, base field no. 228/336, constructing abelian extensions
[ Info: 40_13: layer 2/2, base field no. 228/336, checking fields: 0
[ Info: 40_13: layer 2/2, base field no. 229/336, constructing abelian extensions
[ Info: 40_13: layer 2/2, base field no. 229/336, checking fields: 0
[ Info: 40_13: layer 2/2, base field no. 230/336, constructing abelian extensions
[ Info: 40_13: layer 2/2, base field no. 230/336, checking fields: 0
[ Info: 40_13: layer 2/2, base field no. 231/336, constructing abelian extensions
[ Info: 40_13: layer 2/2, base field no. 231/336, checking fields: 0
[ Info: 40_13: layer 2/2, base field no. 232/336, constructing abelian extensions
[ Info: 40_13: layer 2/2, base field no. 232/336, checking fields: 0
[ Info: 40_13: layer 2/2, base field no. 233/336, constructing abelian extensions
[ Info: 40_13: layer 2/2, base field no. 233/336, checking fields: 0
[ Info: 40_13: layer 2/2, base field no. 234/336, constructing abelian extensions
[ Info: 40_13: layer 2/2, base field no. 234/336, checking fields: 0
[ Info: 40_13: layer 2/2, base field no. 235/336, constructing abelian extensions
[ Info: 40_13: layer 2/2, base field no. 235/336, checking fields: 0
[ Info: 40_13: layer 2/2, base field no. 236/336, constructing abelian extensions
[ Info: 40_13: layer 2/2, base field no. 236/336, checking fields: 0
[ Info: 40_13: layer 2/2, base field no. 237/336, constructing abelian extensions
[ Info: 40_13: layer 2/2, base field no. 237/336, checking fields: 0
[ Info: 40_13: layer 2/2, base field no. 238/336, constructing abelian extensions
[ Info: 40_13: layer 2/2, base field no. 238/336, checking fields: 0
[ Info: 40_13: layer 2/2, base field no. 239/336, constructing abelian extensions
[ Info: 40_13: layer 2/2, base field no. 239/336, checking fields: 0
[ Info: 40_13: layer 2/2, base field no. 240/336, constructing abelian extensions
[ Info: 40_13: layer 2/2, base field no. 240/336, checking fields: 0
[ Info: 40_13: layer 2/2, base field no. 241/336, constructing abelian extensions
[ Info: 40_13: layer 2/2, base field no. 241/336, checking fields: 0
[ Info: 40_13: layer 2/2, base field no. 242/336, constructing abelian extensions
[ Info: 40_13: layer 2/2, base field no. 242/336, checking fields: 0
[ Info: 40_13: layer 2/2, base field no. 243/336, constructing abelian extensions
[ Info: 40_13: layer 2/2, base field no. 243/336, checking fields: 0
[ Info: 40_13: layer 2/2, base field no. 244/336, constructing abelian extensions
[ Info: 40_13: layer 2/2, base field no. 244/336, checking fields: 0
[ Info: 40_13: layer 2/2, base field no. 245/336, constructing abelian extensions
[ Info: 40_13: layer 2/2, base field no. 245/336, checking fields: 0
[ Info: 40_13: layer 2/2, base field no. 246/336, constructing abelian extensions
[ Info: 40_13: layer 2/2, base field no. 246/336, checking fields: 0
[ Info: 40_13: layer 2/2, base field no. 247/336, constructing abelian extensions
[ Info: 40_13: layer 2/2, base field no. 247/336, checking fields: 0
[ Info: 40_13: layer 2/2, base field no. 248/336, constructing abelian extensions
[ Info: 40_13: layer 2/2, base field no. 248/336, checking fields: 0
[ Info: 40_13: layer 2/2, base field no. 249/336, constructing abelian extensions
[ Info: 40_13: layer 2/2, base field no. 249/336, checking fields: 0
[ Info: 40_13: layer 2/2, base field no. 250/336, constructing abelian extensions
[ Info: 40_13: layer 2/2, base field no. 250/336, checking fields: 0
[ Info: 40_13: layer 2/2, base field no. 251/336, constructing abelian extensions
[ Info: 40_13: layer 2/2, base field no. 251/336, checking fields: 0
[ Info: 40_13: layer 2/2, base field no. 252/336, constructing abelian extensions
[ Info: 40_13: layer 2/2, base field no. 252/336, checking fields: 3
[ Info: 40_13: layer 2/2, base field no. 252/336, 1/3
[ Info: 40_13: layer 2/2, base field no. 252/336, 2/3
[ Info: 40_13: layer 2/2, base field no. 252/336, 3/3
[ Info: 40_13: layer 2/2, base field no. 253/336, constructing abelian extensions
[ Info: 40_13: layer 2/2, base field no. 253/336, checking fields: 0
[ Info: 40_13: layer 2/2, base field no. 254/336, constructing abelian extensions
[ Info: 40_13: layer 2/2, base field no. 254/336, checking fields: 0
[ Info: 40_13: layer 2/2, base field no. 255/336, constructing abelian extensions
[ Info: 40_13: layer 2/2, base field no. 255/336, checking fields: 0
[ Info: 40_13: layer 2/2, base field no. 256/336, constructing abelian extensions
[ Info: 40_13: layer 2/2, base field no. 256/336, checking fields: 0
[ Info: 40_13: layer 2/2, base field no. 257/336, constructing abelian extensions
[ Info: 40_13: layer 2/2, base field no. 257/336, checking fields: 0
[ Info: 40_13: layer 2/2, base field no. 258/336, constructing abelian extensions
[ Info: 40_13: layer 2/2, base field no. 258/336, checking fields: 0
[ Info: 40_13: layer 2/2, base field no. 259/336, constructing abelian extensions
[ Info: 40_13: layer 2/2, base field no. 259/336, checking fields: 0
[ Info: 40_13: layer 2/2, base field no. 260/336, constructing abelian extensions
[ Info: 40_13: layer 2/2, base field no. 260/336, checking fields: 0
[ Info: 40_13: layer 2/2, base field no. 261/336, constructing abelian extensions
[ Info: 40_13: layer 2/2, base field no. 261/336, checking fields: 0
[ Info: 40_13: layer 2/2, base field no. 262/336, constructing abelian extensions
[ Info: 40_13: layer 2/2, base field no. 262/336, checking fields: 0
[ Info: 40_13: layer 2/2, base field no. 263/336, constructing abelian extensions
[ Info: 40_13: layer 2/2, base field no. 263/336, checking fields: 0
[ Info: 40_13: layer 2/2, base field no. 264/336, constructing abelian extensions
[ Info: 40_13: layer 2/2, base field no. 264/336, checking fields: 0
[ Info: 40_13: layer 2/2, base field no. 265/336, constructing abelian extensions
[ Info: 40_13: layer 2/2, base field no. 265/336, checking fields: 0
[ Info: 40_13: layer 2/2, base field no. 266/336, constructing abelian extensions
[ Info: 40_13: layer 2/2, base field no. 266/336, checking fields: 0
[ Info: 40_13: layer 2/2, base field no. 267/336, constructing abelian extensions
[ Info: 40_13: layer 2/2, base field no. 267/336, checking fields: 0
[ Info: 40_13: layer 2/2, base field no. 268/336, constructing abelian extensions
[ Info: 40_13: layer 2/2, base field no. 268/336, checking fields: 0
[ Info: 40_13: layer 2/2, base field no. 269/336, constructing abelian extensions
[ Info: 40_13: layer 2/2, base field no. 269/336, checking fields: 0
[ Info: 40_13: layer 2/2, base field no. 270/336, constructing abelian extensions
[ Info: 40_13: layer 2/2, base field no. 270/336, checking fields: 0
[ Info: 40_13: layer 2/2, base field no. 271/336, constructing abelian extensions
[ Info: 40_13: layer 2/2, base field no. 271/336, checking fields: 0
[ Info: 40_13: layer 2/2, base field no. 272/336, constructing abelian extensions
[ Info: 40_13: layer 2/2, base field no. 272/336, checking fields: 0
[ Info: 40_13: layer 2/2, base field no. 273/336, constructing abelian extensions
[ Info: 40_13: layer 2/2, base field no. 273/336, checking fields: 0
[ Info: 40_13: layer 2/2, base field no. 274/336, constructing abelian extensions
[ Info: 40_13: layer 2/2, base field no. 274/336, checking fields: 0
[ Info: 40_13: layer 2/2, base field no. 275/336, constructing abelian extensions
[ Info: 40_13: layer 2/2, base field no. 275/336, checking fields: 0
[ Info: 40_13: layer 2/2, base field no. 276/336, constructing abelian extensions
[ Info: 40_13: layer 2/2, base field no. 276/336, checking fields: 0
[ Info: 40_13: layer 2/2, base field no. 277/336, constructing abelian extensions
[ Info: 40_13: layer 2/2, base field no. 277/336, checking fields: 0
[ Info: 40_13: layer 2/2, base field no. 278/336, constructing abelian extensions
[ Info: 40_13: layer 2/2, base field no. 278/336, checking fields: 0
[ Info: 40_13: layer 2/2, base field no. 279/336, constructing abelian extensions
[ Info: 40_13: layer 2/2, base field no. 279/336, checking fields: 0
[ Info: 40_13: layer 2/2, base field no. 280/336, constructing abelian extensions
[ Info: 40_13: layer 2/2, base field no. 280/336, checking fields: 0
[ Info: 40_13: layer 2/2, base field no. 281/336, constructing abelian extensions
[ Info: 40_13: layer 2/2, base field no. 281/336, checking fields: 0
[ Info: 40_13: layer 2/2, base field no. 282/336, constructing abelian extensions
[ Info: 40_13: layer 2/2, base field no. 282/336, checking fields: 0
[ Info: 40_13: layer 2/2, base field no. 283/336, constructing abelian extensions
[ Info: 40_13: layer 2/2, base field no. 283/336, checking fields: 0
[ Info: 40_13: layer 2/2, base field no. 284/336, constructing abelian extensions
[ Info: 40_13: layer 2/2, base field no. 284/336, checking fields: 0
[ Info: 40_13: layer 2/2, base field no. 285/336, constructing abelian extensions
[ Info: 40_13: layer 2/2, base field no. 285/336, checking fields: 0
[ Info: 40_13: layer 2/2, base field no. 286/336, constructing abelian extensions
[ Info: 40_13: layer 2/2, base field no. 286/336, checking fields: 0
[ Info: 40_13: layer 2/2, base field no. 287/336, constructing abelian extensions
[ Info: 40_13: layer 2/2, base field no. 287/336, checking fields: 0
[ Info: 40_13: layer 2/2, base field no. 288/336, constructing abelian extensions
[ Info: 40_13: layer 2/2, base field no. 288/336, checking fields: 0
[ Info: 40_13: layer 2/2, base field no. 289/336, constructing abelian extensions
[ Info: 40_13: layer 2/2, base field no. 289/336, checking fields: 0
[ Info: 40_13: layer 2/2, base field no. 290/336, constructing abelian extensions
[ Info: 40_13: layer 2/2, base field no. 290/336, checking fields: 0
[ Info: 40_13: layer 2/2, base field no. 291/336, constructing abelian extensions
[ Info: 40_13: layer 2/2, base field no. 291/336, checking fields: 0
[ Info: 40_13: layer 2/2, base field no. 292/336, constructing abelian extensions
[ Info: 40_13: layer 2/2, base field no. 292/336, checking fields: 0
[ Info: 40_13: layer 2/2, base field no. 293/336, constructing abelian extensions
[ Info: 40_13: layer 2/2, base field no. 293/336, checking fields: 0
[ Info: 40_13: layer 2/2, base field no. 294/336, constructing abelian extensions
[ Info: 40_13: layer 2/2, base field no. 294/336, checking fields: 0
[ Info: 40_13: layer 2/2, base field no. 295/336, constructing abelian extensions
[ Info: 40_13: layer 2/2, base field no. 295/336, checking fields: 0
[ Info: 40_13: layer 2/2, base field no. 296/336, constructing abelian extensions
[ Info: 40_13: layer 2/2, base field no. 296/336, checking fields: 0
[ Info: 40_13: layer 2/2, base field no. 297/336, constructing abelian extensions
[ Info: 40_13: layer 2/2, base field no. 297/336, checking fields: 0
[ Info: 40_13: layer 2/2, base field no. 298/336, constructing abelian extensions
[ Info: 40_13: layer 2/2, base field no. 298/336, checking fields: 0
[ Info: 40_13: layer 2/2, base field no. 299/336, constructing abelian extensions
[ Info: 40_13: layer 2/2, base field no. 299/336, checking fields: 0
[ Info: 40_13: layer 2/2, base field no. 300/336, constructing abelian extensions
[ Info: 40_13: layer 2/2, base field no. 300/336, checking fields: 0
[ Info: 40_13: layer 2/2, base field no. 301/336, constructing abelian extensions
[ Info: 40_13: layer 2/2, base field no. 301/336, checking fields: 0
[ Info: 40_13: layer 2/2, base field no. 302/336, constructing abelian extensions
[ Info: 40_13: layer 2/2, base field no. 302/336, checking fields: 0
[ Info: 40_13: layer 2/2, base field no. 303/336, constructing abelian extensions
[ Info: 40_13: layer 2/2, base field no. 303/336, checking fields: 0
[ Info: 40_13: layer 2/2, base field no. 304/336, constructing abelian extensions
[ Info: 40_13: layer 2/2, base field no. 304/336, checking fields: 0
[ Info: 40_13: layer 2/2, base field no. 305/336, constructing abelian extensions
[ Info: 40_13: layer 2/2, base field no. 305/336, checking fields: 0
[ Info: 40_13: layer 2/2, base field no. 306/336, constructing abelian extensions
[ Info: 40_13: layer 2/2, base field no. 306/336, checking fields: 0
[ Info: 40_13: layer 2/2, base field no. 307/336, constructing abelian extensions
[ Info: 40_13: layer 2/2, base field no. 307/336, checking fields: 0
[ Info: 40_13: layer 2/2, base field no. 308/336, constructing abelian extensions
[ Info: 40_13: layer 2/2, base field no. 308/336, checking fields: 0
[ Info: 40_13: layer 2/2, base field no. 309/336, constructing abelian extensions
[ Info: 40_13: layer 2/2, base field no. 309/336, checking fields: 0
[ Info: 40_13: layer 2/2, base field no. 310/336, constructing abelian extensions
[ Info: 40_13: layer 2/2, base field no. 310/336, checking fields: 0
[ Info: 40_13: layer 2/2, base field no. 311/336, constructing abelian extensions
[ Info: 40_13: layer 2/2, base field no. 311/336, checking fields: 0
[ Info: 40_13: layer 2/2, base field no. 312/336, constructing abelian extensions
[ Info: 40_13: layer 2/2, base field no. 312/336, checking fields: 0
[ Info: 40_13: layer 2/2, base field no. 313/336, constructing abelian extensions
[ Info: 40_13: layer 2/2, base field no. 313/336, checking fields: 0
[ Info: 40_13: layer 2/2, base field no. 314/336, constructing abelian extensions
[ Info: 40_13: layer 2/2, base field no. 314/336, checking fields: 0
[ Info: 40_13: layer 2/2, base field no. 315/336, constructing abelian extensions
[ Info: 40_13: layer 2/2, base field no. 315/336, checking fields: 0
[ Info: 40_13: layer 2/2, base field no. 316/336, constructing abelian extensions
[ Info: 40_13: layer 2/2, base field no. 316/336, checking fields: 0
[ Info: 40_13: layer 2/2, base field no. 317/336, constructing abelian extensions
[ Info: 40_13: layer 2/2, base field no. 317/336, checking fields: 0
[ Info: 40_13: layer 2/2, base field no. 318/336, constructing abelian extensions
[ Info: 40_13: layer 2/2, base field no. 318/336, checking fields: 0
[ Info: 40_13: layer 2/2, base field no. 319/336, constructing abelian extensions
[ Info: 40_13: layer 2/2, base field no. 319/336, checking fields: 0
[ Info: 40_13: layer 2/2, base field no. 320/336, constructing abelian extensions
[ Info: 40_13: layer 2/2, base field no. 320/336, checking fields: 0
[ Info: 40_13: layer 2/2, base field no. 321/336, constructing abelian extensions
[ Info: 40_13: layer 2/2, base field no. 321/336, checking fields: 0
[ Info: 40_13: layer 2/2, base field no. 322/336, constructing abelian extensions
[ Info: 40_13: layer 2/2, base field no. 322/336, checking fields: 0
[ Info: 40_13: layer 2/2, base field no. 323/336, constructing abelian extensions
[ Info: 40_13: layer 2/2, base field no. 323/336, checking fields: 0
[ Info: 40_13: layer 2/2, base field no. 324/336, constructing abelian extensions
[ Info: 40_13: layer 2/2, base field no. 324/336, checking fields: 0
[ Info: 40_13: layer 2/2, base field no. 325/336, constructing abelian extensions
[ Info: 40_13: layer 2/2, base field no. 325/336, checking fields: 0
[ Info: 40_13: layer 2/2, base field no. 326/336, constructing abelian extensions
[ Info: 40_13: layer 2/2, base field no. 326/336, checking fields: 1
[ Info: 40_13: layer 2/2, base field no. 326/336, 1/1
[ Info: 40_13: layer 2/2, base field no. 327/336, constructing abelian extensions
[ Info: 40_13: layer 2/2, base field no. 327/336, checking fields: 0
[ Info: 40_13: layer 2/2, base field no. 328/336, constructing abelian extensions
[ Info: 40_13: layer 2/2, base field no. 328/336, checking fields: 0
[ Info: 40_13: layer 2/2, base field no. 329/336, constructing abelian extensions
[ Info: 40_13: layer 2/2, base field no. 329/336, checking fields: 0
[ Info: 40_13: layer 2/2, base field no. 330/336, constructing abelian extensions
[ Info: 40_13: layer 2/2, base field no. 330/336, checking fields: 0
[ Info: 40_13: layer 2/2, base field no. 331/336, constructing abelian extensions
[ Info: 40_13: layer 2/2, base field no. 331/336, checking fields: 0
[ Info: 40_13: layer 2/2, base field no. 332/336, constructing abelian extensions
[ Info: 40_13: layer 2/2, base field no. 332/336, checking fields: 0
[ Info: 40_13: layer 2/2, base field no. 333/336, constructing abelian extensions
[ Info: 40_13: layer 2/2, base field no. 333/336, checking fields: 0
[ Info: 40_13: layer 2/2, base field no. 334/336, constructing abelian extensions
[ Info: 40_13: layer 2/2, base field no. 334/336, checking fields: 0
[ Info: 40_13: layer 2/2, base field no. 335/336, constructing abelian extensions
[ Info: 40_13: layer 2/2, base field no. 335/336, checking fields: 0
[ Info: 40_13: layer 2/2, base field no. 336/336, constructing abelian extensions
[ Info: 40_13: layer 2/2, base field no. 336/336, checking fields: 0
830.622658 seconds (2.31 G allocations: 221.894 GiB, 7.04% gc time, 1.58% compilation time: 2% of which was recompilation)
