[ Info: 72_39: File for first layer does not exist; computing [8]...
[ Info: 72_39: Discriminant bound: 27825594022072
[ Info: 72_39: Computing simplified defining polynomials for fields and sieving bad CM-fields
[ Info: 72_39: 1/24
[ Info: 72_39: 2/24
[ Info: 72_39: 3/24
[ Info: 72_39: 4/24
[ Info: 72_39: 5/24
[ Info: 72_39: 6/24
[ Info: 72_39: 7/24
[ Info: 72_39: 8/24
[ Info: 72_39: 9/24
[ Info: 72_39: 10/24
[ Info: 72_39: 11/24
[ Info: 72_39: 12/24
[ Info: 72_39: 13/24
[ Info: 72_39: 14/24
[ Info: 72_39: 15/24
[ Info: 72_39: 16/24
[ Info: 72_39: 17/24
[ Info: 72_39: 18/24
[ Info: 72_39: 19/24
[ Info: 72_39: 20/24
[ Info: 72_39: 21/24
[ Info: 72_39: 22/24
[ Info: 72_39: 23/24
[ Info: 72_39: 24/24
[ Info: 72_39: layer 2/2, base field no. 1/15, constructing abelian extensions
[ Info: 72_39: layer 2/2, base field no. 1/15, checking fields: 0
[ Info: 72_39: layer 2/2, base field no. 2/15, constructing abelian extensions
[ Info: 72_39: layer 2/2, base field no. 2/15, checking fields: 0
[ Info: 72_39: layer 2/2, base field no. 3/15, constructing abelian extensions
[ Info: 72_39: layer 2/2, base field no. 3/15, checking fields: 0
[ Info: 72_39: layer 2/2, base field no. 4/15, constructing abelian extensions
[ Info: 72_39: layer 2/2, base field no. 4/15, checking fields: 0
[ Info: 72_39: layer 2/2, base field no. 5/15, constructing abelian extensions
[ Info: 72_39: layer 2/2, base field no. 5/15, checking fields: 0
[ Info: 72_39: layer 2/2, base field no. 6/15, constructing abelian extensions
[ Info: 72_39: layer 2/2, base field no. 6/15, checking fields: 0
[ Info: 72_39: layer 2/2, base field no. 7/15, constructing abelian extensions
[ Info: 72_39: layer 2/2, base field no. 7/15, checking fields: 0
[ Info: 72_39: layer 2/2, base field no. 8/15, constructing abelian extensions
[ Info: 72_39: layer 2/2, base field no. 8/15, checking fields: 0
[ Info: 72_39: layer 2/2, base field no. 9/15, constructing abelian extensions
[ Info: 72_39: layer 2/2, base field no. 9/15, checking fields: 0
[ Info: 72_39: layer 2/2, base field no. 10/15, constructing abelian extensions
[ Info: 72_39: layer 2/2, base field no. 10/15, checking fields: 0
[ Info: 72_39: layer 2/2, base field no. 11/15, constructing abelian extensions
[ Info: 72_39: layer 2/2, base field no. 11/15, checking fields: 0
[ Info: 72_39: layer 2/2, base field no. 12/15, constructing abelian extensions
[ Info: 72_39: layer 2/2, base field no. 12/15, checking fields: 0
[ Info: 72_39: layer 2/2, base field no. 13/15, constructing abelian extensions
[ Info: 72_39: layer 2/2, base field no. 13/15, checking fields: 0
[ Info: 72_39: layer 2/2, base field no. 14/15, constructing abelian extensions
[ Info: 72_39: layer 2/2, base field no. 14/15, checking fields: 0
[ Info: 72_39: layer 2/2, base field no. 15/15, constructing abelian extensions
[ Info: 72_39: layer 2/2, base field no. 15/15, checking fields: 0
 22.867943 seconds (64.74 M allocations: 3.111 GiB, 6.30% gc time, 77.57% compilation time: 1% of which was recompilation)
