[ Info: 48_26: File for first layer exists [2, 6], 562341325190349080416; loading ...
[ Info: 48_26: layer 2/2, base field no. 1/188, constructing abelian extensions
[ Info: 48_26: layer 2/2, base field no. 1/188, checking fields: 3
[ Info: 48_26: layer 2/2, base field no. 1/188, 1/3
[ Info: 48_26: layer 2/2, base field no. 1/188, 2/3
[ Info: 48_26: layer 2/2, base field no. 1/188, 3/3
[ Info: 48_26: layer 2/2, base field no. 2/188, constructing abelian extensions
[ Info: 48_26: layer 2/2, base field no. 2/188, checking fields: 6
[ Info: 48_26: layer 2/2, base field no. 2/188, 1/6
[ Info: 48_26: layer 2/2, base field no. 2/188, 2/6
[ Info: 48_26: layer 2/2, base field no. 2/188, 3/6
[ Info: 48_26: layer 2/2, base field no. 2/188, 4/6
[ Info: 48_26: layer 2/2, base field no. 2/188, 5/6
[ Info: 48_26: layer 2/2, base field no. 2/188, 6/6
[ Info: 48_26: layer 2/2, base field no. 3/188, constructing abelian extensions
[ Info: 48_26: layer 2/2, base field no. 3/188, checking fields: 0
[ Info: 48_26: layer 2/2, base field no. 4/188, constructing abelian extensions
[ Info: 48_26: layer 2/2, base field no. 4/188, checking fields: 3
[ Info: 48_26: layer 2/2, base field no. 4/188, 1/3
[ Info: 48_26: layer 2/2, base field no. 4/188, 2/3
[ Info: 48_26: layer 2/2, base field no. 4/188, 3/3
[ Info: 48_26: layer 2/2, base field no. 5/188, constructing abelian extensions
[ Info: 48_26: layer 2/2, base field no. 5/188, checking fields: 0
[ Info: 48_26: layer 2/2, base field no. 6/188, constructing abelian extensions
[ Info: 48_26: layer 2/2, base field no. 6/188, checking fields: 0
[ Info: 48_26: layer 2/2, base field no. 7/188, constructing abelian extensions
[ Info: 48_26: layer 2/2, base field no. 7/188, checking fields: 0
[ Info: 48_26: layer 2/2, base field no. 8/188, constructing abelian extensions
[ Info: 48_26: layer 2/2, base field no. 8/188, checking fields: 0
[ Info: 48_26: layer 2/2, base field no. 9/188, constructing abelian extensions
[ Info: 48_26: layer 2/2, base field no. 9/188, checking fields: 0
[ Info: 48_26: layer 2/2, base field no. 10/188, constructing abelian extensions
[ Info: 48_26: layer 2/2, base field no. 10/188, checking fields: 29
[ Info: 48_26: layer 2/2, base field no. 10/188, 1/29
[ Info: 48_26: layer 2/2, base field no. 10/188, 2/29
[ Info: 48_26: layer 2/2, base field no. 10/188, 3/29
[ Info: 48_26: layer 2/2, base field no. 10/188, 4/29
[ Info: 48_26: layer 2/2, base field no. 10/188, 5/29
[ Info: 48_26: layer 2/2, base field no. 10/188, 6/29
[ Info: 48_26: layer 2/2, base field no. 10/188, 7/29
[ Info: 48_26: layer 2/2, base field no. 10/188, 8/29
[ Info: 48_26: layer 2/2, base field no. 10/188, 9/29
[ Info: 48_26: layer 2/2, base field no. 10/188, 10/29
[ Info: 48_26: layer 2/2, base field no. 10/188, 11/29
[ Info: 48_26: layer 2/2, base field no. 10/188, 12/29
[ Info: 48_26: layer 2/2, base field no. 10/188, 13/29
[ Info: 48_26: layer 2/2, base field no. 10/188, 14/29
[ Info: 48_26: layer 2/2, base field no. 10/188, 15/29
[ Info: 48_26: layer 2/2, base field no. 10/188, 16/29
[ Info: 48_26: layer 2/2, base field no. 10/188, 17/29
[ Info: 48_26: layer 2/2, base field no. 10/188, 18/29
[ Info: 48_26: layer 2/2, base field no. 10/188, 19/29
[ Info: 48_26: layer 2/2, base field no. 10/188, 20/29
[ Info: 48_26: layer 2/2, base field no. 10/188, 21/29
[ Info: 48_26: layer 2/2, base field no. 10/188, 22/29
[ Info: 48_26: layer 2/2, base field no. 10/188, 23/29
[ Info: 48_26: layer 2/2, base field no. 10/188, 24/29
[ Info: 48_26: layer 2/2, base field no. 10/188, 25/29
[ Info: 48_26: layer 2/2, base field no. 10/188, 26/29
[ Info: 48_26: layer 2/2, base field no. 10/188, 27/29
[ Info: 48_26: layer 2/2, base field no. 10/188, 28/29
[ Info: 48_26: layer 2/2, base field no. 10/188, 29/29
[ Info: 48_26: layer 2/2, base field no. 11/188, constructing abelian extensions
[ Info: 48_26: layer 2/2, base field no. 11/188, checking fields: 17
[ Info: 48_26: layer 2/2, base field no. 11/188, 1/17
[ Info: 48_26: layer 2/2, base field no. 11/188, 2/17
[ Info: 48_26: layer 2/2, base field no. 11/188, 3/17
[ Info: 48_26: layer 2/2, base field no. 11/188, 4/17
[ Info: 48_26: layer 2/2, base field no. 11/188, 5/17
[ Info: 48_26: layer 2/2, base field no. 11/188, 6/17
[ Info: 48_26: layer 2/2, base field no. 11/188, 7/17
[ Info: 48_26: layer 2/2, base field no. 11/188, 8/17
[ Info: 48_26: layer 2/2, base field no. 11/188, 9/17
[ Info: 48_26: layer 2/2, base field no. 11/188, 10/17
[ Info: 48_26: layer 2/2, base field no. 11/188, 11/17
[ Info: 48_26: layer 2/2, base field no. 11/188, 12/17
[ Info: 48_26: layer 2/2, base field no. 11/188, 13/17
[ Info: 48_26: layer 2/2, base field no. 11/188, 14/17
[ Info: 48_26: layer 2/2, base field no. 11/188, 15/17
[ Info: 48_26: layer 2/2, base field no. 11/188, 16/17
[ Info: 48_26: layer 2/2, base field no. 11/188, 17/17
[ Info: 48_26: layer 2/2, base field no. 12/188, constructing abelian extensions
[ Info: 48_26: layer 2/2, base field no. 12/188, checking fields: 12
[ Info: 48_26: layer 2/2, base field no. 12/188, 1/12
[ Info: 48_26: layer 2/2, base field no. 12/188, 2/12
[ Info: 48_26: layer 2/2, base field no. 12/188, 3/12
[ Info: 48_26: layer 2/2, base field no. 12/188, 4/12
[ Info: 48_26: layer 2/2, base field no. 12/188, 5/12
[ Info: 48_26: layer 2/2, base field no. 12/188, 6/12
[ Info: 48_26: layer 2/2, base field no. 12/188, 7/12
[ Info: 48_26: layer 2/2, base field no. 12/188, 8/12
[ Info: 48_26: layer 2/2, base field no. 12/188, 9/12
[ Info: 48_26: layer 2/2, base field no. 12/188, 10/12
[ Info: 48_26: layer 2/2, base field no. 12/188, 11/12
[ Info: 48_26: layer 2/2, base field no. 12/188, 12/12
[ Info: 48_26: layer 2/2, base field no. 13/188, constructing abelian extensions
[ Info: 48_26: layer 2/2, base field no. 13/188, checking fields: 12
[ Info: 48_26: layer 2/2, base field no. 13/188, 1/12
[ Info: 48_26: layer 2/2, base field no. 13/188, 2/12
[ Info: 48_26: layer 2/2, base field no. 13/188, 3/12
[ Info: 48_26: layer 2/2, base field no. 13/188, 4/12
[ Info: 48_26: layer 2/2, base field no. 13/188, 5/12
[ Info: 48_26: layer 2/2, base field no. 13/188, 6/12
[ Info: 48_26: layer 2/2, base field no. 13/188, 7/12
[ Info: 48_26: layer 2/2, base field no. 13/188, 8/12
[ Info: 48_26: layer 2/2, base field no. 13/188, 9/12
[ Info: 48_26: layer 2/2, base field no. 13/188, 10/12
[ Info: 48_26: layer 2/2, base field no. 13/188, 11/12
[ Info: 48_26: layer 2/2, base field no. 13/188, 12/12
[ Info: 48_26: layer 2/2, base field no. 14/188, constructing abelian extensions
[ Info: 48_26: layer 2/2, base field no. 14/188, checking fields: 19
[ Info: 48_26: layer 2/2, base field no. 14/188, 1/19
[ Info: 48_26: layer 2/2, base field no. 14/188, 2/19
[ Info: 48_26: layer 2/2, base field no. 14/188, 3/19
[ Info: 48_26: layer 2/2, base field no. 14/188, 4/19
[ Info: 48_26: layer 2/2, base field no. 14/188, 5/19
[ Info: 48_26: layer 2/2, base field no. 14/188, 6/19
[ Info: 48_26: layer 2/2, base field no. 14/188, 7/19
[ Info: 48_26: layer 2/2, base field no. 14/188, 8/19
[ Info: 48_26: layer 2/2, base field no. 14/188, 9/19
[ Info: 48_26: layer 2/2, base field no. 14/188, 10/19
[ Info: 48_26: layer 2/2, base field no. 14/188, 11/19
[ Info: 48_26: layer 2/2, base field no. 14/188, 12/19
[ Info: 48_26: layer 2/2, base field no. 14/188, 13/19
[ Info: 48_26: layer 2/2, base field no. 14/188, 14/19
[ Info: 48_26: layer 2/2, base field no. 14/188, 15/19
[ Info: 48_26: layer 2/2, base field no. 14/188, 16/19
[ Info: 48_26: layer 2/2, base field no. 14/188, 17/19
[ Info: 48_26: layer 2/2, base field no. 14/188, 18/19
[ Info: 48_26: layer 2/2, base field no. 14/188, 19/19
[ Info: 48_26: layer 2/2, base field no. 15/188, constructing abelian extensions
[ Info: 48_26: layer 2/2, base field no. 15/188, checking fields: 12
[ Info: 48_26: layer 2/2, base field no. 15/188, 1/12
[ Info: 48_26: layer 2/2, base field no. 15/188, 2/12
[ Info: 48_26: layer 2/2, base field no. 15/188, 3/12
[ Info: 48_26: layer 2/2, base field no. 15/188, 4/12
[ Info: 48_26: layer 2/2, base field no. 15/188, 5/12
[ Info: 48_26: layer 2/2, base field no. 15/188, 6/12
[ Info: 48_26: layer 2/2, base field no. 15/188, 7/12
[ Info: 48_26: layer 2/2, base field no. 15/188, 8/12
[ Info: 48_26: layer 2/2, base field no. 15/188, 9/12
[ Info: 48_26: layer 2/2, base field no. 15/188, 10/12
[ Info: 48_26: layer 2/2, base field no. 15/188, 11/12
[ Info: 48_26: layer 2/2, base field no. 15/188, 12/12
[ Info: 48_26: layer 2/2, base field no. 16/188, constructing abelian extensions
[ Info: 48_26: layer 2/2, base field no. 16/188, checking fields: 0
[ Info: 48_26: layer 2/2, base field no. 17/188, constructing abelian extensions
[ Info: 48_26: layer 2/2, base field no. 17/188, checking fields: 11
[ Info: 48_26: layer 2/2, base field no. 17/188, 1/11
[ Info: 48_26: layer 2/2, base field no. 17/188, 2/11
[ Info: 48_26: layer 2/2, base field no. 17/188, 3/11
[ Info: 48_26: layer 2/2, base field no. 17/188, 4/11
[ Info: 48_26: layer 2/2, base field no. 17/188, 5/11
[ Info: 48_26: layer 2/2, base field no. 17/188, 6/11
[ Info: 48_26: layer 2/2, base field no. 17/188, 7/11
[ Info: 48_26: layer 2/2, base field no. 17/188, 8/11
[ Info: 48_26: layer 2/2, base field no. 17/188, 9/11
[ Info: 48_26: layer 2/2, base field no. 17/188, 10/11
[ Info: 48_26: layer 2/2, base field no. 17/188, 11/11
[ Info: 48_26: layer 2/2, base field no. 18/188, constructing abelian extensions
[ Info: 48_26: layer 2/2, base field no. 18/188, checking fields: 15
[ Info: 48_26: layer 2/2, base field no. 18/188, 1/15
[ Info: 48_26: layer 2/2, base field no. 18/188, 2/15
[ Info: 48_26: layer 2/2, base field no. 18/188, 3/15
[ Info: 48_26: layer 2/2, base field no. 18/188, 4/15
[ Info: 48_26: layer 2/2, base field no. 18/188, 5/15
[ Info: 48_26: layer 2/2, base field no. 18/188, 6/15
[ Info: 48_26: layer 2/2, base field no. 18/188, 7/15
[ Info: 48_26: layer 2/2, base field no. 18/188, 8/15
[ Info: 48_26: layer 2/2, base field no. 18/188, 9/15
[ Info: 48_26: layer 2/2, base field no. 18/188, 10/15
[ Info: 48_26: layer 2/2, base field no. 18/188, 11/15
[ Info: 48_26: layer 2/2, base field no. 18/188, 12/15
[ Info: 48_26: layer 2/2, base field no. 18/188, 13/15
[ Info: 48_26: layer 2/2, base field no. 18/188, 14/15
[ Info: 48_26: layer 2/2, base field no. 18/188, 15/15
[ Info: 48_26: layer 2/2, base field no. 19/188, constructing abelian extensions
[ Info: 48_26: layer 2/2, base field no. 19/188, checking fields: 8
[ Info: 48_26: layer 2/2, base field no. 19/188, 1/8
[ Info: 48_26: layer 2/2, base field no. 19/188, 2/8
[ Info: 48_26: layer 2/2, base field no. 19/188, 3/8
[ Info: 48_26: layer 2/2, base field no. 19/188, 4/8
[ Info: 48_26: layer 2/2, base field no. 19/188, 5/8
[ Info: 48_26: layer 2/2, base field no. 19/188, 6/8
[ Info: 48_26: layer 2/2, base field no. 19/188, 7/8
[ Info: 48_26: layer 2/2, base field no. 19/188, 8/8
[ Info: 48_26: layer 2/2, base field no. 20/188, constructing abelian extensions
[ Info: 48_26: layer 2/2, base field no. 20/188, checking fields: 0
[ Info: 48_26: layer 2/2, base field no. 21/188, constructing abelian extensions
[ Info: 48_26: layer 2/2, base field no. 21/188, checking fields: 8
[ Info: 48_26: layer 2/2, base field no. 21/188, 1/8
[ Info: 48_26: layer 2/2, base field no. 21/188, 2/8
[ Info: 48_26: layer 2/2, base field no. 21/188, 3/8
[ Info: 48_26: layer 2/2, base field no. 21/188, 4/8
[ Info: 48_26: layer 2/2, base field no. 21/188, 5/8
[ Info: 48_26: layer 2/2, base field no. 21/188, 6/8
[ Info: 48_26: layer 2/2, base field no. 21/188, 7/8
[ Info: 48_26: layer 2/2, base field no. 21/188, 8/8
[ Info: 48_26: layer 2/2, base field no. 22/188, constructing abelian extensions
[ Info: 48_26: layer 2/2, base field no. 22/188, checking fields: 4
[ Info: 48_26: layer 2/2, base field no. 22/188, 1/4
[ Info: 48_26: layer 2/2, base field no. 22/188, 2/4
[ Info: 48_26: layer 2/2, base field no. 22/188, 3/4
[ Info: 48_26: layer 2/2, base field no. 22/188, 4/4
[ Info: 48_26: layer 2/2, base field no. 23/188, constructing abelian extensions
[ Info: 48_26: layer 2/2, base field no. 23/188, checking fields: 9
[ Info: 48_26: layer 2/2, base field no. 23/188, 1/9
[ Info: 48_26: layer 2/2, base field no. 23/188, 2/9
[ Info: 48_26: layer 2/2, base field no. 23/188, 3/9
[ Info: 48_26: layer 2/2, base field no. 23/188, 4/9
[ Info: 48_26: layer 2/2, base field no. 23/188, 5/9
[ Info: 48_26: layer 2/2, base field no. 23/188, 6/9
[ Info: 48_26: layer 2/2, base field no. 23/188, 7/9
[ Info: 48_26: layer 2/2, base field no. 23/188, 8/9
[ Info: 48_26: layer 2/2, base field no. 23/188, 9/9
[ Info: 48_26: layer 2/2, base field no. 24/188, constructing abelian extensions
[ Info: 48_26: layer 2/2, base field no. 24/188, checking fields: 1
[ Info: 48_26: layer 2/2, base field no. 24/188, 1/1
[ Info: 48_26: layer 2/2, base field no. 25/188, constructing abelian extensions
[ Info: 48_26: layer 2/2, base field no. 25/188, checking fields: 0
[ Info: 48_26: layer 2/2, base field no. 26/188, constructing abelian extensions
[ Info: 48_26: layer 2/2, base field no. 26/188, checking fields: 0
[ Info: 48_26: layer 2/2, base field no. 27/188, constructing abelian extensions
[ Info: 48_26: layer 2/2, base field no. 27/188, checking fields: 1
[ Info: 48_26: layer 2/2, base field no. 27/188, 1/1
[ Info: 48_26: layer 2/2, base field no. 28/188, constructing abelian extensions
[ Info: 48_26: layer 2/2, base field no. 28/188, checking fields: 6
[ Info: 48_26: layer 2/2, base field no. 28/188, 1/6
[ Info: 48_26: layer 2/2, base field no. 28/188, 2/6
[ Info: 48_26: layer 2/2, base field no. 28/188, 3/6
[ Info: 48_26: layer 2/2, base field no. 28/188, 4/6
[ Info: 48_26: layer 2/2, base field no. 28/188, 5/6
[ Info: 48_26: layer 2/2, base field no. 28/188, 6/6
[ Info: 48_26: layer 2/2, base field no. 29/188, constructing abelian extensions
[ Info: 48_26: layer 2/2, base field no. 29/188, checking fields: 4
[ Info: 48_26: layer 2/2, base field no. 29/188, 1/4
[ Info: 48_26: layer 2/2, base field no. 29/188, 2/4
[ Info: 48_26: layer 2/2, base field no. 29/188, 3/4
[ Info: 48_26: layer 2/2, base field no. 29/188, 4/4
[ Info: 48_26: layer 2/2, base field no. 30/188, constructing abelian extensions
[ Info: 48_26: layer 2/2, base field no. 30/188, checking fields: 0
[ Info: 48_26: layer 2/2, base field no. 31/188, constructing abelian extensions
[ Info: 48_26: layer 2/2, base field no. 31/188, checking fields: 1
[ Info: 48_26: layer 2/2, base field no. 31/188, 1/1
[ Info: 48_26: layer 2/2, base field no. 32/188, constructing abelian extensions
[ Info: 48_26: layer 2/2, base field no. 32/188, checking fields: 4
[ Info: 48_26: layer 2/2, base field no. 32/188, 1/4
[ Info: 48_26: layer 2/2, base field no. 32/188, 2/4
[ Info: 48_26: layer 2/2, base field no. 32/188, 3/4
[ Info: 48_26: layer 2/2, base field no. 32/188, 4/4
[ Info: 48_26: layer 2/2, base field no. 33/188, constructing abelian extensions
[ Info: 48_26: layer 2/2, base field no. 33/188, checking fields: 0
[ Info: 48_26: layer 2/2, base field no. 34/188, constructing abelian extensions
[ Info: 48_26: layer 2/2, base field no. 34/188, checking fields: 0
[ Info: 48_26: layer 2/2, base field no. 35/188, constructing abelian extensions
[ Info: 48_26: layer 2/2, base field no. 35/188, checking fields: 0
[ Info: 48_26: layer 2/2, base field no. 36/188, constructing abelian extensions
[ Info: 48_26: layer 2/2, base field no. 36/188, checking fields: 0
[ Info: 48_26: layer 2/2, base field no. 37/188, constructing abelian extensions
[ Info: 48_26: layer 2/2, base field no. 37/188, checking fields: 3
[ Info: 48_26: layer 2/2, base field no. 37/188, 1/3
[ Info: 48_26: layer 2/2, base field no. 37/188, 2/3
[ Info: 48_26: layer 2/2, base field no. 37/188, 3/3
[ Info: 48_26: layer 2/2, base field no. 38/188, constructing abelian extensions
[ Info: 48_26: layer 2/2, base field no. 38/188, checking fields: 0
[ Info: 48_26: layer 2/2, base field no. 39/188, constructing abelian extensions
[ Info: 48_26: layer 2/2, base field no. 39/188, checking fields: 0
[ Info: 48_26: layer 2/2, base field no. 40/188, constructing abelian extensions
[ Info: 48_26: layer 2/2, base field no. 40/188, checking fields: 2
[ Info: 48_26: layer 2/2, base field no. 40/188, 1/2
[ Info: 48_26: layer 2/2, base field no. 40/188, 2/2
[ Info: 48_26: layer 2/2, base field no. 41/188, constructing abelian extensions
[ Info: 48_26: layer 2/2, base field no. 41/188, checking fields: 0
[ Info: 48_26: layer 2/2, base field no. 42/188, constructing abelian extensions
[ Info: 48_26: layer 2/2, base field no. 42/188, checking fields: 0
[ Info: 48_26: layer 2/2, base field no. 43/188, constructing abelian extensions
[ Info: 48_26: layer 2/2, base field no. 43/188, checking fields: 0
[ Info: 48_26: layer 2/2, base field no. 44/188, constructing abelian extensions
[ Info: 48_26: layer 2/2, base field no. 44/188, checking fields: 0
[ Info: 48_26: layer 2/2, base field no. 45/188, constructing abelian extensions
[ Info: 48_26: layer 2/2, base field no. 45/188, checking fields: 2
[ Info: 48_26: layer 2/2, base field no. 45/188, 1/2
[ Info: 48_26: layer 2/2, base field no. 45/188, 2/2
[ Info: 48_26: layer 2/2, base field no. 46/188, constructing abelian extensions
[ Info: 48_26: layer 2/2, base field no. 46/188, checking fields: 0
[ Info: 48_26: layer 2/2, base field no. 47/188, constructing abelian extensions
[ Info: 48_26: layer 2/2, base field no. 47/188, checking fields: 4
[ Info: 48_26: layer 2/2, base field no. 47/188, 1/4
[ Info: 48_26: layer 2/2, base field no. 47/188, 2/4
[ Info: 48_26: layer 2/2, base field no. 47/188, 3/4
[ Info: 48_26: layer 2/2, base field no. 47/188, 4/4
[ Info: 48_26: layer 2/2, base field no. 48/188, constructing abelian extensions
[ Info: 48_26: layer 2/2, base field no. 48/188, checking fields: 6
[ Info: 48_26: layer 2/2, base field no. 48/188, 1/6
[ Info: 48_26: layer 2/2, base field no. 48/188, 2/6
[ Info: 48_26: layer 2/2, base field no. 48/188, 3/6
[ Info: 48_26: layer 2/2, base field no. 48/188, 4/6
[ Info: 48_26: layer 2/2, base field no. 48/188, 5/6
[ Info: 48_26: layer 2/2, base field no. 48/188, 6/6
[ Info: 48_26: layer 2/2, base field no. 49/188, constructing abelian extensions
[ Info: 48_26: layer 2/2, base field no. 49/188, checking fields: 0
[ Info: 48_26: layer 2/2, base field no. 50/188, constructing abelian extensions
[ Info: 48_26: layer 2/2, base field no. 50/188, checking fields: 6
[ Info: 48_26: layer 2/2, base field no. 50/188, 1/6
[ Info: 48_26: layer 2/2, base field no. 50/188, 2/6
[ Info: 48_26: layer 2/2, base field no. 50/188, 3/6
[ Info: 48_26: layer 2/2, base field no. 50/188, 4/6
[ Info: 48_26: layer 2/2, base field no. 50/188, 5/6
[ Info: 48_26: layer 2/2, base field no. 50/188, 6/6
[ Info: 48_26: layer 2/2, base field no. 51/188, constructing abelian extensions
[ Info: 48_26: layer 2/2, base field no. 51/188, checking fields: 2
[ Info: 48_26: layer 2/2, base field no. 51/188, 1/2
[ Info: 48_26: layer 2/2, base field no. 51/188, 2/2
[ Info: 48_26: layer 2/2, base field no. 52/188, constructing abelian extensions
[ Info: 48_26: layer 2/2, base field no. 52/188, checking fields: 0
[ Info: 48_26: layer 2/2, base field no. 53/188, constructing abelian extensions
[ Info: 48_26: layer 2/2, base field no. 53/188, checking fields: 0
[ Info: 48_26: layer 2/2, base field no. 54/188, constructing abelian extensions
[ Info: 48_26: layer 2/2, base field no. 54/188, checking fields: 2
[ Info: 48_26: layer 2/2, base field no. 54/188, 1/2
[ Info: 48_26: layer 2/2, base field no. 54/188, 2/2
[ Info: 48_26: layer 2/2, base field no. 55/188, constructing abelian extensions
[ Info: 48_26: layer 2/2, base field no. 55/188, checking fields: 0
[ Info: 48_26: layer 2/2, base field no. 56/188, constructing abelian extensions
[ Info: 48_26: layer 2/2, base field no. 56/188, checking fields: 0
[ Info: 48_26: layer 2/2, base field no. 57/188, constructing abelian extensions
[ Info: 48_26: layer 2/2, base field no. 57/188, checking fields: 3
[ Info: 48_26: layer 2/2, base field no. 57/188, 1/3
[ Info: 48_26: layer 2/2, base field no. 57/188, 2/3
[ Info: 48_26: layer 2/2, base field no. 57/188, 3/3
[ Info: 48_26: layer 2/2, base field no. 58/188, constructing abelian extensions
[ Info: 48_26: layer 2/2, base field no. 58/188, checking fields: 0
[ Info: 48_26: layer 2/2, base field no. 59/188, constructing abelian extensions
[ Info: 48_26: layer 2/2, base field no. 59/188, checking fields: 1
[ Info: 48_26: layer 2/2, base field no. 59/188, 1/1
[ Info: 48_26: layer 2/2, base field no. 60/188, constructing abelian extensions
[ Info: 48_26: layer 2/2, base field no. 60/188, checking fields: 0
[ Info: 48_26: layer 2/2, base field no. 61/188, constructing abelian extensions
[ Info: 48_26: layer 2/2, base field no. 61/188, checking fields: 0
[ Info: 48_26: layer 2/2, base field no. 62/188, constructing abelian extensions
[ Info: 48_26: layer 2/2, base field no. 62/188, checking fields: 0
[ Info: 48_26: layer 2/2, base field no. 63/188, constructing abelian extensions
[ Info: 48_26: layer 2/2, base field no. 63/188, checking fields: 0
[ Info: 48_26: layer 2/2, base field no. 64/188, constructing abelian extensions
[ Info: 48_26: layer 2/2, base field no. 64/188, checking fields: 1
[ Info: 48_26: layer 2/2, base field no. 64/188, 1/1
[ Info: 48_26: layer 2/2, base field no. 65/188, constructing abelian extensions
[ Info: 48_26: layer 2/2, base field no. 65/188, checking fields: 0
[ Info: 48_26: layer 2/2, base field no. 66/188, constructing abelian extensions
[ Info: 48_26: layer 2/2, base field no. 66/188, checking fields: 0
[ Info: 48_26: layer 2/2, base field no. 67/188, constructing abelian extensions
[ Info: 48_26: layer 2/2, base field no. 67/188, checking fields: 0
[ Info: 48_26: layer 2/2, base field no. 68/188, constructing abelian extensions
[ Info: 48_26: layer 2/2, base field no. 68/188, checking fields: 0
[ Info: 48_26: layer 2/2, base field no. 69/188, constructing abelian extensions
[ Info: 48_26: layer 2/2, base field no. 69/188, checking fields: 0
[ Info: 48_26: layer 2/2, base field no. 70/188, constructing abelian extensions
[ Info: 48_26: layer 2/2, base field no. 70/188, checking fields: 1
[ Info: 48_26: layer 2/2, base field no. 70/188, 1/1
[ Info: 48_26: layer 2/2, base field no. 71/188, constructing abelian extensions
[ Info: 48_26: layer 2/2, base field no. 71/188, checking fields: 0
[ Info: 48_26: layer 2/2, base field no. 72/188, constructing abelian extensions
[ Info: 48_26: layer 2/2, base field no. 72/188, checking fields: 0
[ Info: 48_26: layer 2/2, base field no. 73/188, constructing abelian extensions
[ Info: 48_26: layer 2/2, base field no. 73/188, checking fields: 0
[ Info: 48_26: layer 2/2, base field no. 74/188, constructing abelian extensions
[ Info: 48_26: layer 2/2, base field no. 74/188, checking fields: 8
[ Info: 48_26: layer 2/2, base field no. 74/188, 1/8
[ Info: 48_26: layer 2/2, base field no. 74/188, 2/8
[ Info: 48_26: layer 2/2, base field no. 74/188, 3/8
[ Info: 48_26: layer 2/2, base field no. 74/188, 4/8
[ Info: 48_26: layer 2/2, base field no. 74/188, 5/8
[ Info: 48_26: layer 2/2, base field no. 74/188, 6/8
[ Info: 48_26: layer 2/2, base field no. 74/188, 7/8
[ Info: 48_26: layer 2/2, base field no. 74/188, 8/8
[ Info: 48_26: layer 2/2, base field no. 75/188, constructing abelian extensions
[ Info: 48_26: layer 2/2, base field no. 75/188, checking fields: 0
[ Info: 48_26: layer 2/2, base field no. 76/188, constructing abelian extensions
[ Info: 48_26: layer 2/2, base field no. 76/188, checking fields: 7
[ Info: 48_26: layer 2/2, base field no. 76/188, 1/7
[ Info: 48_26: layer 2/2, base field no. 76/188, 2/7
[ Info: 48_26: layer 2/2, base field no. 76/188, 3/7
[ Info: 48_26: layer 2/2, base field no. 76/188, 4/7
[ Info: 48_26: layer 2/2, base field no. 76/188, 5/7
[ Info: 48_26: layer 2/2, base field no. 76/188, 6/7
[ Info: 48_26: layer 2/2, base field no. 76/188, 7/7
[ Info: 48_26: layer 2/2, base field no. 77/188, constructing abelian extensions
[ Info: 48_26: layer 2/2, base field no. 77/188, checking fields: 0
[ Info: 48_26: layer 2/2, base field no. 78/188, constructing abelian extensions
[ Info: 48_26: layer 2/2, base field no. 78/188, checking fields: 3
[ Info: 48_26: layer 2/2, base field no. 78/188, 1/3
[ Info: 48_26: layer 2/2, base field no. 78/188, 2/3
[ Info: 48_26: layer 2/2, base field no. 78/188, 3/3
[ Info: 48_26: layer 2/2, base field no. 79/188, constructing abelian extensions
[ Info: 48_26: layer 2/2, base field no. 79/188, checking fields: 3
[ Info: 48_26: layer 2/2, base field no. 79/188, 1/3
[ Info: 48_26: layer 2/2, base field no. 79/188, 2/3
[ Info: 48_26: layer 2/2, base field no. 79/188, 3/3
[ Info: 48_26: layer 2/2, base field no. 80/188, constructing abelian extensions
[ Info: 48_26: layer 2/2, base field no. 80/188, checking fields: 0
[ Info: 48_26: layer 2/2, base field no. 81/188, constructing abelian extensions
[ Info: 48_26: layer 2/2, base field no. 81/188, checking fields: 0
[ Info: 48_26: layer 2/2, base field no. 82/188, constructing abelian extensions
[ Info: 48_26: layer 2/2, base field no. 82/188, checking fields: 0
[ Info: 48_26: layer 2/2, base field no. 83/188, constructing abelian extensions
[ Info: 48_26: layer 2/2, base field no. 83/188, checking fields: 0
[ Info: 48_26: layer 2/2, base field no. 84/188, constructing abelian extensions
[ Info: 48_26: layer 2/2, base field no. 84/188, checking fields: 7
[ Info: 48_26: layer 2/2, base field no. 84/188, 1/7
[ Info: 48_26: layer 2/2, base field no. 84/188, 2/7
[ Info: 48_26: layer 2/2, base field no. 84/188, 3/7
[ Info: 48_26: layer 2/2, base field no. 84/188, 4/7
[ Info: 48_26: layer 2/2, base field no. 84/188, 5/7
[ Info: 48_26: layer 2/2, base field no. 84/188, 6/7
[ Info: 48_26: layer 2/2, base field no. 84/188, 7/7
[ Info: 48_26: layer 2/2, base field no. 85/188, constructing abelian extensions
[ Info: 48_26: layer 2/2, base field no. 85/188, checking fields: 0
[ Info: 48_26: layer 2/2, base field no. 86/188, constructing abelian extensions
[ Info: 48_26: layer 2/2, base field no. 86/188, checking fields: 6
[ Info: 48_26: layer 2/2, base field no. 86/188, 1/6
[ Info: 48_26: layer 2/2, base field no. 86/188, 2/6
[ Info: 48_26: layer 2/2, base field no. 86/188, 3/6
[ Info: 48_26: layer 2/2, base field no. 86/188, 4/6
[ Info: 48_26: layer 2/2, base field no. 86/188, 5/6
[ Info: 48_26: layer 2/2, base field no. 86/188, 6/6
[ Info: 48_26: layer 2/2, base field no. 87/188, constructing abelian extensions
[ Info: 48_26: layer 2/2, base field no. 87/188, checking fields: 8
[ Info: 48_26: layer 2/2, base field no. 87/188, 1/8
[ Info: 48_26: layer 2/2, base field no. 87/188, 2/8
[ Info: 48_26: layer 2/2, base field no. 87/188, 3/8
[ Info: 48_26: layer 2/2, base field no. 87/188, 4/8
[ Info: 48_26: layer 2/2, base field no. 87/188, 5/8
[ Info: 48_26: layer 2/2, base field no. 87/188, 6/8
[ Info: 48_26: layer 2/2, base field no. 87/188, 7/8
[ Info: 48_26: layer 2/2, base field no. 87/188, 8/8
[ Info: 48_26: layer 2/2, base field no. 88/188, constructing abelian extensions
[ Info: 48_26: layer 2/2, base field no. 88/188, checking fields: 4
[ Info: 48_26: layer 2/2, base field no. 88/188, 1/4
[ Info: 48_26: layer 2/2, base field no. 88/188, 2/4
[ Info: 48_26: layer 2/2, base field no. 88/188, 3/4
[ Info: 48_26: layer 2/2, base field no. 88/188, 4/4
[ Info: 48_26: layer 2/2, base field no. 89/188, constructing abelian extensions
[ Info: 48_26: layer 2/2, base field no. 89/188, checking fields: 0
[ Info: 48_26: layer 2/2, base field no. 90/188, constructing abelian extensions
[ Info: 48_26: layer 2/2, base field no. 90/188, checking fields: 8
[ Info: 48_26: layer 2/2, base field no. 90/188, 1/8
[ Info: 48_26: layer 2/2, base field no. 90/188, 2/8
[ Info: 48_26: layer 2/2, base field no. 90/188, 3/8
[ Info: 48_26: layer 2/2, base field no. 90/188, 4/8
[ Info: 48_26: layer 2/2, base field no. 90/188, 5/8
[ Info: 48_26: layer 2/2, base field no. 90/188, 6/8
[ Info: 48_26: layer 2/2, base field no. 90/188, 7/8
[ Info: 48_26: layer 2/2, base field no. 90/188, 8/8
[ Info: 48_26: layer 2/2, base field no. 91/188, constructing abelian extensions
[ Info: 48_26: layer 2/2, base field no. 91/188, checking fields: 0
[ Info: 48_26: layer 2/2, base field no. 92/188, constructing abelian extensions
[ Info: 48_26: layer 2/2, base field no. 92/188, checking fields: 0
[ Info: 48_26: layer 2/2, base field no. 93/188, constructing abelian extensions
[ Info: 48_26: layer 2/2, base field no. 93/188, checking fields: 0
[ Info: 48_26: layer 2/2, base field no. 94/188, constructing abelian extensions
[ Info: 48_26: layer 2/2, base field no. 94/188, checking fields: 0
[ Info: 48_26: layer 2/2, base field no. 95/188, constructing abelian extensions
[ Info: 48_26: layer 2/2, base field no. 95/188, checking fields: 2
[ Info: 48_26: layer 2/2, base field no. 95/188, 1/2
[ Info: 48_26: layer 2/2, base field no. 95/188, 2/2
[ Info: 48_26: layer 2/2, base field no. 96/188, constructing abelian extensions
[ Info: 48_26: layer 2/2, base field no. 96/188, checking fields: 0
[ Info: 48_26: layer 2/2, base field no. 97/188, constructing abelian extensions
[ Info: 48_26: layer 2/2, base field no. 97/188, checking fields: 0
[ Info: 48_26: layer 2/2, base field no. 98/188, constructing abelian extensions
[ Info: 48_26: layer 2/2, base field no. 98/188, checking fields: 0
[ Info: 48_26: layer 2/2, base field no. 99/188, constructing abelian extensions
[ Info: 48_26: layer 2/2, base field no. 99/188, checking fields: 3
[ Info: 48_26: layer 2/2, base field no. 99/188, 1/3
[ Info: 48_26: layer 2/2, base field no. 99/188, 2/3
[ Info: 48_26: layer 2/2, base field no. 99/188, 3/3
[ Info: 48_26: layer 2/2, base field no. 100/188, constructing abelian extensions
[ Info: 48_26: layer 2/2, base field no. 100/188, checking fields: 0
[ Info: 48_26: layer 2/2, base field no. 101/188, constructing abelian extensions
[ Info: 48_26: layer 2/2, base field no. 101/188, checking fields: 0
[ Info: 48_26: layer 2/2, base field no. 102/188, constructing abelian extensions
[ Info: 48_26: layer 2/2, base field no. 102/188, checking fields: 0
[ Info: 48_26: layer 2/2, base field no. 103/188, constructing abelian extensions
[ Info: 48_26: layer 2/2, base field no. 103/188, checking fields: 0
[ Info: 48_26: layer 2/2, base field no. 104/188, constructing abelian extensions
[ Info: 48_26: layer 2/2, base field no. 104/188, checking fields: 0
[ Info: 48_26: layer 2/2, base field no. 105/188, constructing abelian extensions
[ Info: 48_26: layer 2/2, base field no. 105/188, checking fields: 0
[ Info: 48_26: layer 2/2, base field no. 106/188, constructing abelian extensions
[ Info: 48_26: layer 2/2, base field no. 106/188, checking fields: 1
[ Info: 48_26: layer 2/2, base field no. 106/188, 1/1
[ Info: 48_26: layer 2/2, base field no. 107/188, constructing abelian extensions
[ Info: 48_26: layer 2/2, base field no. 107/188, checking fields: 0
[ Info: 48_26: layer 2/2, base field no. 108/188, constructing abelian extensions
[ Info: 48_26: layer 2/2, base field no. 108/188, checking fields: 0
[ Info: 48_26: layer 2/2, base field no. 109/188, constructing abelian extensions
[ Info: 48_26: layer 2/2, base field no. 109/188, checking fields: 3
[ Info: 48_26: layer 2/2, base field no. 109/188, 1/3
[ Info: 48_26: layer 2/2, base field no. 109/188, 2/3
[ Info: 48_26: layer 2/2, base field no. 109/188, 3/3
[ Info: 48_26: layer 2/2, base field no. 110/188, constructing abelian extensions
[ Info: 48_26: layer 2/2, base field no. 110/188, checking fields: 0
[ Info: 48_26: layer 2/2, base field no. 111/188, constructing abelian extensions
[ Info: 48_26: layer 2/2, base field no. 111/188, checking fields: 0
[ Info: 48_26: layer 2/2, base field no. 112/188, constructing abelian extensions
[ Info: 48_26: layer 2/2, base field no. 112/188, checking fields: 0
[ Info: 48_26: layer 2/2, base field no. 113/188, constructing abelian extensions
[ Info: 48_26: layer 2/2, base field no. 113/188, checking fields: 1
[ Info: 48_26: layer 2/2, base field no. 113/188, 1/1
[ Info: 48_26: layer 2/2, base field no. 114/188, constructing abelian extensions
[ Info: 48_26: layer 2/2, base field no. 114/188, checking fields: 6
[ Info: 48_26: layer 2/2, base field no. 114/188, 1/6
[ Info: 48_26: layer 2/2, base field no. 114/188, 2/6
[ Info: 48_26: layer 2/2, base field no. 114/188, 3/6
[ Info: 48_26: layer 2/2, base field no. 114/188, 4/6
[ Info: 48_26: layer 2/2, base field no. 114/188, 5/6
[ Info: 48_26: layer 2/2, base field no. 114/188, 6/6
[ Info: 48_26: layer 2/2, base field no. 115/188, constructing abelian extensions
[ Info: 48_26: layer 2/2, base field no. 115/188, checking fields: 2
[ Info: 48_26: layer 2/2, base field no. 115/188, 1/2
[ Info: 48_26: layer 2/2, base field no. 115/188, 2/2
[ Info: 48_26: layer 2/2, base field no. 116/188, constructing abelian extensions
[ Info: 48_26: layer 2/2, base field no. 116/188, checking fields: 0
[ Info: 48_26: layer 2/2, base field no. 117/188, constructing abelian extensions
[ Info: 48_26: layer 2/2, base field no. 117/188, checking fields: 0
[ Info: 48_26: layer 2/2, base field no. 118/188, constructing abelian extensions
[ Info: 48_26: layer 2/2, base field no. 118/188, checking fields: 0
[ Info: 48_26: layer 2/2, base field no. 119/188, constructing abelian extensions
[ Info: 48_26: layer 2/2, base field no. 119/188, checking fields: 0
[ Info: 48_26: layer 2/2, base field no. 120/188, constructing abelian extensions
[ Info: 48_26: layer 2/2, base field no. 120/188, checking fields: 1
[ Info: 48_26: layer 2/2, base field no. 120/188, 1/1
[ Info: 48_26: layer 2/2, base field no. 121/188, constructing abelian extensions
[ Info: 48_26: layer 2/2, base field no. 121/188, checking fields: 0
[ Info: 48_26: layer 2/2, base field no. 122/188, constructing abelian extensions
[ Info: 48_26: layer 2/2, base field no. 122/188, checking fields: 2
[ Info: 48_26: layer 2/2, base field no. 122/188, 1/2
[ Info: 48_26: layer 2/2, base field no. 122/188, 2/2
[ Info: 48_26: layer 2/2, base field no. 123/188, constructing abelian extensions
[ Info: 48_26: layer 2/2, base field no. 123/188, checking fields: 0
[ Info: 48_26: layer 2/2, base field no. 124/188, constructing abelian extensions
[ Info: 48_26: layer 2/2, base field no. 124/188, checking fields: 0
[ Info: 48_26: layer 2/2, base field no. 125/188, constructing abelian extensions
[ Info: 48_26: layer 2/2, base field no. 125/188, checking fields: 0
[ Info: 48_26: layer 2/2, base field no. 126/188, constructing abelian extensions
[ Info: 48_26: layer 2/2, base field no. 126/188, checking fields: 0
[ Info: 48_26: layer 2/2, base field no. 127/188, constructing abelian extensions
[ Info: 48_26: layer 2/2, base field no. 127/188, checking fields: 0
[ Info: 48_26: layer 2/2, base field no. 128/188, constructing abelian extensions
[ Info: 48_26: layer 2/2, base field no. 128/188, checking fields: 2
[ Info: 48_26: layer 2/2, base field no. 128/188, 1/2
[ Info: 48_26: layer 2/2, base field no. 128/188, 2/2
[ Info: 48_26: layer 2/2, base field no. 129/188, constructing abelian extensions
[ Info: 48_26: layer 2/2, base field no. 129/188, checking fields: 1
[ Info: 48_26: layer 2/2, base field no. 129/188, 1/1
[ Info: 48_26: layer 2/2, base field no. 130/188, constructing abelian extensions
[ Info: 48_26: layer 2/2, base field no. 130/188, checking fields: 0
[ Info: 48_26: layer 2/2, base field no. 131/188, constructing abelian extensions
[ Info: 48_26: layer 2/2, base field no. 131/188, checking fields: 0
[ Info: 48_26: layer 2/2, base field no. 132/188, constructing abelian extensions
[ Info: 48_26: layer 2/2, base field no. 132/188, checking fields: 0
[ Info: 48_26: layer 2/2, base field no. 133/188, constructing abelian extensions
[ Info: 48_26: layer 2/2, base field no. 133/188, checking fields: 0
[ Info: 48_26: layer 2/2, base field no. 134/188, constructing abelian extensions
[ Info: 48_26: layer 2/2, base field no. 134/188, checking fields: 0
[ Info: 48_26: layer 2/2, base field no. 135/188, constructing abelian extensions
[ Info: 48_26: layer 2/2, base field no. 135/188, checking fields: 0
[ Info: 48_26: layer 2/2, base field no. 136/188, constructing abelian extensions
[ Info: 48_26: layer 2/2, base field no. 136/188, checking fields: 0
[ Info: 48_26: layer 2/2, base field no. 137/188, constructing abelian extensions
[ Info: 48_26: layer 2/2, base field no. 137/188, checking fields: 0
[ Info: 48_26: layer 2/2, base field no. 138/188, constructing abelian extensions
[ Info: 48_26: layer 2/2, base field no. 138/188, checking fields: 2
[ Info: 48_26: layer 2/2, base field no. 138/188, 1/2
[ Info: 48_26: layer 2/2, base field no. 138/188, 2/2
[ Info: 48_26: layer 2/2, base field no. 139/188, constructing abelian extensions
[ Info: 48_26: layer 2/2, base field no. 139/188, checking fields: 0
[ Info: 48_26: layer 2/2, base field no. 140/188, constructing abelian extensions
[ Info: 48_26: layer 2/2, base field no. 140/188, checking fields: 3
[ Info: 48_26: layer 2/2, base field no. 140/188, 1/3
[ Info: 48_26: layer 2/2, base field no. 140/188, 2/3
[ Info: 48_26: layer 2/2, base field no. 140/188, 3/3
[ Info: 48_26: layer 2/2, base field no. 141/188, constructing abelian extensions
[ Info: 48_26: layer 2/2, base field no. 141/188, checking fields: 0
[ Info: 48_26: layer 2/2, base field no. 142/188, constructing abelian extensions
[ Info: 48_26: layer 2/2, base field no. 142/188, checking fields: 0
[ Info: 48_26: layer 2/2, base field no. 143/188, constructing abelian extensions
[ Info: 48_26: layer 2/2, base field no. 143/188, checking fields: 1
[ Info: 48_26: layer 2/2, base field no. 143/188, 1/1
[ Info: 48_26: layer 2/2, base field no. 144/188, constructing abelian extensions
[ Info: 48_26: layer 2/2, base field no. 144/188, checking fields: 0
[ Info: 48_26: layer 2/2, base field no. 145/188, constructing abelian extensions
[ Info: 48_26: layer 2/2, base field no. 145/188, checking fields: 4
[ Info: 48_26: layer 2/2, base field no. 145/188, 1/4
[ Info: 48_26: layer 2/2, base field no. 145/188, 2/4
[ Info: 48_26: layer 2/2, base field no. 145/188, 3/4
[ Info: 48_26: layer 2/2, base field no. 145/188, 4/4
[ Info: 48_26: layer 2/2, base field no. 146/188, constructing abelian extensions
[ Info: 48_26: layer 2/2, base field no. 146/188, checking fields: 0
[ Info: 48_26: layer 2/2, base field no. 147/188, constructing abelian extensions
[ Info: 48_26: layer 2/2, base field no. 147/188, checking fields: 1
[ Info: 48_26: layer 2/2, base field no. 147/188, 1/1
[ Info: 48_26: layer 2/2, base field no. 148/188, constructing abelian extensions
[ Info: 48_26: layer 2/2, base field no. 148/188, checking fields: 0
[ Info: 48_26: layer 2/2, base field no. 149/188, constructing abelian extensions
[ Info: 48_26: layer 2/2, base field no. 149/188, checking fields: 0
[ Info: 48_26: layer 2/2, base field no. 150/188, constructing abelian extensions
[ Info: 48_26: layer 2/2, base field no. 150/188, checking fields: 0
[ Info: 48_26: layer 2/2, base field no. 151/188, constructing abelian extensions
[ Info: 48_26: layer 2/2, base field no. 151/188, checking fields: 0
[ Info: 48_26: layer 2/2, base field no. 152/188, constructing abelian extensions
[ Info: 48_26: layer 2/2, base field no. 152/188, checking fields: 0
[ Info: 48_26: layer 2/2, base field no. 153/188, constructing abelian extensions
[ Info: 48_26: layer 2/2, base field no. 153/188, checking fields: 0
[ Info: 48_26: layer 2/2, base field no. 154/188, constructing abelian extensions
[ Info: 48_26: layer 2/2, base field no. 154/188, checking fields: 0
[ Info: 48_26: layer 2/2, base field no. 155/188, constructing abelian extensions
[ Info: 48_26: layer 2/2, base field no. 155/188, checking fields: 0
[ Info: 48_26: layer 2/2, base field no. 156/188, constructing abelian extensions
[ Info: 48_26: layer 2/2, base field no. 156/188, checking fields: 0
[ Info: 48_26: layer 2/2, base field no. 157/188, constructing abelian extensions
[ Info: 48_26: layer 2/2, base field no. 157/188, checking fields: 0
[ Info: 48_26: layer 2/2, base field no. 158/188, constructing abelian extensions
[ Info: 48_26: layer 2/2, base field no. 158/188, checking fields: 0
[ Info: 48_26: layer 2/2, base field no. 159/188, constructing abelian extensions
[ Info: 48_26: layer 2/2, base field no. 159/188, checking fields: 0
[ Info: 48_26: layer 2/2, base field no. 160/188, constructing abelian extensions
[ Info: 48_26: layer 2/2, base field no. 160/188, checking fields: 0
[ Info: 48_26: layer 2/2, base field no. 161/188, constructing abelian extensions
[ Info: 48_26: layer 2/2, base field no. 161/188, checking fields: 0
[ Info: 48_26: layer 2/2, base field no. 162/188, constructing abelian extensions
[ Info: 48_26: layer 2/2, base field no. 162/188, checking fields: 0
[ Info: 48_26: layer 2/2, base field no. 163/188, constructing abelian extensions
[ Info: 48_26: layer 2/2, base field no. 163/188, checking fields: 0
[ Info: 48_26: layer 2/2, base field no. 164/188, constructing abelian extensions
[ Info: 48_26: layer 2/2, base field no. 164/188, checking fields: 0
[ Info: 48_26: layer 2/2, base field no. 165/188, constructing abelian extensions
[ Info: 48_26: layer 2/2, base field no. 165/188, checking fields: 0
[ Info: 48_26: layer 2/2, base field no. 166/188, constructing abelian extensions
[ Info: 48_26: layer 2/2, base field no. 166/188, checking fields: 0
[ Info: 48_26: layer 2/2, base field no. 167/188, constructing abelian extensions
[ Info: 48_26: layer 2/2, base field no. 167/188, checking fields: 0
[ Info: 48_26: layer 2/2, base field no. 168/188, constructing abelian extensions
[ Info: 48_26: layer 2/2, base field no. 168/188, checking fields: 0
[ Info: 48_26: layer 2/2, base field no. 169/188, constructing abelian extensions
[ Info: 48_26: layer 2/2, base field no. 169/188, checking fields: 0
[ Info: 48_26: layer 2/2, base field no. 170/188, constructing abelian extensions
[ Info: 48_26: layer 2/2, base field no. 170/188, checking fields: 0
[ Info: 48_26: layer 2/2, base field no. 171/188, constructing abelian extensions
[ Info: 48_26: layer 2/2, base field no. 171/188, checking fields: 0
[ Info: 48_26: layer 2/2, base field no. 172/188, constructing abelian extensions
[ Info: 48_26: layer 2/2, base field no. 172/188, checking fields: 0
[ Info: 48_26: layer 2/2, base field no. 173/188, constructing abelian extensions
[ Info: 48_26: layer 2/2, base field no. 173/188, checking fields: 0
[ Info: 48_26: layer 2/2, base field no. 174/188, constructing abelian extensions
[ Info: 48_26: layer 2/2, base field no. 174/188, checking fields: 2
[ Info: 48_26: layer 2/2, base field no. 174/188, 1/2
[ Info: 48_26: layer 2/2, base field no. 174/188, 2/2
[ Info: 48_26: layer 2/2, base field no. 175/188, constructing abelian extensions
[ Info: 48_26: layer 2/2, base field no. 175/188, checking fields: 0
[ Info: 48_26: layer 2/2, base field no. 176/188, constructing abelian extensions
[ Info: 48_26: layer 2/2, base field no. 176/188, checking fields: 0
[ Info: 48_26: layer 2/2, base field no. 177/188, constructing abelian extensions
[ Info: 48_26: layer 2/2, base field no. 177/188, checking fields: 0
[ Info: 48_26: layer 2/2, base field no. 178/188, constructing abelian extensions
[ Info: 48_26: layer 2/2, base field no. 178/188, checking fields: 0
[ Info: 48_26: layer 2/2, base field no. 179/188, constructing abelian extensions
[ Info: 48_26: layer 2/2, base field no. 179/188, checking fields: 0
[ Info: 48_26: layer 2/2, base field no. 180/188, constructing abelian extensions
[ Info: 48_26: layer 2/2, base field no. 180/188, checking fields: 0
[ Info: 48_26: layer 2/2, base field no. 181/188, constructing abelian extensions
[ Info: 48_26: layer 2/2, base field no. 181/188, checking fields: 0
[ Info: 48_26: layer 2/2, base field no. 182/188, constructing abelian extensions
[ Info: 48_26: layer 2/2, base field no. 182/188, checking fields: 0
[ Info: 48_26: layer 2/2, base field no. 183/188, constructing abelian extensions
[ Info: 48_26: layer 2/2, base field no. 183/188, checking fields: 0
[ Info: 48_26: layer 2/2, base field no. 184/188, constructing abelian extensions
[ Info: 48_26: layer 2/2, base field no. 184/188, checking fields: 0
[ Info: 48_26: layer 2/2, base field no. 185/188, constructing abelian extensions
[ Info: 48_26: layer 2/2, base field no. 185/188, checking fields: 18
[ Info: 48_26: layer 2/2, base field no. 185/188, 1/18
[ Info: 48_26: layer 2/2, base field no. 185/188, 2/18
[ Info: 48_26: layer 2/2, base field no. 185/188, 3/18
[ Info: 48_26: layer 2/2, base field no. 185/188, 4/18
[ Info: 48_26: layer 2/2, base field no. 185/188, 5/18
[ Info: 48_26: layer 2/2, base field no. 185/188, 6/18
[ Info: 48_26: layer 2/2, base field no. 185/188, 7/18
[ Info: 48_26: layer 2/2, base field no. 185/188, 8/18
[ Info: 48_26: layer 2/2, base field no. 185/188, 9/18
[ Info: 48_26: layer 2/2, base field no. 185/188, 10/18
[ Info: 48_26: layer 2/2, base field no. 185/188, 11/18
[ Info: 48_26: layer 2/2, base field no. 185/188, 12/18
[ Info: 48_26: layer 2/2, base field no. 185/188, 13/18
[ Info: 48_26: layer 2/2, base field no. 185/188, 14/18
[ Info: 48_26: layer 2/2, base field no. 185/188, 15/18
[ Info: 48_26: layer 2/2, base field no. 185/188, 16/18
[ Info: 48_26: layer 2/2, base field no. 185/188, 17/18
[ Info: 48_26: layer 2/2, base field no. 185/188, 18/18
[ Info: 48_26: layer 2/2, base field no. 186/188, constructing abelian extensions
[ Info: 48_26: layer 2/2, base field no. 186/188, checking fields: 10
[ Info: 48_26: layer 2/2, base field no. 186/188, 1/10
[ Info: 48_26: layer 2/2, base field no. 186/188, 2/10
[ Info: 48_26: layer 2/2, base field no. 186/188, 3/10
[ Info: 48_26: layer 2/2, base field no. 186/188, 4/10
[ Info: 48_26: layer 2/2, base field no. 186/188, 5/10
[ Info: 48_26: layer 2/2, base field no. 186/188, 6/10
[ Info: 48_26: layer 2/2, base field no. 186/188, 7/10
[ Info: 48_26: layer 2/2, base field no. 186/188, 8/10
[ Info: 48_26: layer 2/2, base field no. 186/188, 9/10
[ Info: 48_26: layer 2/2, base field no. 186/188, 10/10
[ Info: 48_26: layer 2/2, base field no. 187/188, constructing abelian extensions
[ Info: 48_26: layer 2/2, base field no. 187/188, checking fields: 0
[ Info: 48_26: layer 2/2, base field no. 188/188, constructing abelian extensions
[ Info: 48_26: layer 2/2, base field no. 188/188, checking fields: 8
[ Info: 48_26: layer 2/2, base field no. 188/188, 1/8
[ Info: 48_26: layer 2/2, base field no. 188/188, 2/8
[ Info: 48_26: layer 2/2, base field no. 188/188, 3/8
[ Info: 48_26: layer 2/2, base field no. 188/188, 4/8
[ Info: 48_26: layer 2/2, base field no. 188/188, 5/8
[ Info: 48_26: layer 2/2, base field no. 188/188, 6/8
[ Info: 48_26: layer 2/2, base field no. 188/188, 7/8
[ Info: 48_26: layer 2/2, base field no. 188/188, 8/8
3983.117319 seconds (12.36 G allocations: 1016.819 GiB, 7.95% gc time, 0.38% compilation time: 1% of which was recompilation)
