[ Info: 64_32: File for first layer exists [2, 4], 31622776601684; loading ...
[ Info: 64_32: layer 2/2, base field no. 1/304, constructing abelian extensions
[ Info: 64_32: layer 2/2, base field no. 1/304, checking fields: 45
[ Info: 64_32: layer 2/2, base field no. 1/304, 1/45
[ Info: 64_32: layer 2/2, base field no. 1/304, 2/45
[ Info: 64_32: layer 2/2, base field no. 1/304, 3/45
[ Info: 64_32: layer 2/2, base field no. 1/304, 4/45
[ Info: 64_32: layer 2/2, base field no. 1/304, 5/45
[ Info: 64_32: layer 2/2, base field no. 1/304, 6/45
[ Info: 64_32: layer 2/2, base field no. 1/304, 7/45
[ Info: 64_32: layer 2/2, base field no. 1/304, 8/45
[ Info: 64_32: layer 2/2, base field no. 1/304, 9/45
[ Info: 64_32: layer 2/2, base field no. 1/304, 10/45
[ Info: 64_32: layer 2/2, base field no. 1/304, 11/45
[ Info: 64_32: layer 2/2, base field no. 1/304, 12/45
[ Info: 64_32: layer 2/2, base field no. 1/304, 13/45
[ Info: 64_32: layer 2/2, base field no. 1/304, 14/45
[ Info: 64_32: layer 2/2, base field no. 1/304, 15/45
[ Info: 64_32: layer 2/2, base field no. 1/304, 16/45
[ Info: 64_32: layer 2/2, base field no. 1/304, 17/45
[ Info: 64_32: layer 2/2, base field no. 1/304, 18/45
[ Info: 64_32: layer 2/2, base field no. 1/304, 19/45
[ Info: 64_32: layer 2/2, base field no. 1/304, 20/45
[ Info: 64_32: layer 2/2, base field no. 1/304, 21/45
[ Info: 64_32: layer 2/2, base field no. 1/304, 22/45
[ Info: 64_32: layer 2/2, base field no. 1/304, 23/45
[ Info: 64_32: layer 2/2, base field no. 1/304, 24/45
[ Info: 64_32: layer 2/2, base field no. 1/304, 25/45
[ Info: 64_32: layer 2/2, base field no. 1/304, 26/45
[ Info: 64_32: layer 2/2, base field no. 1/304, 27/45
[ Info: 64_32: layer 2/2, base field no. 1/304, 28/45
[ Info: 64_32: layer 2/2, base field no. 1/304, 29/45
[ Info: 64_32: layer 2/2, base field no. 1/304, 30/45
[ Info: 64_32: layer 2/2, base field no. 1/304, 31/45
[ Info: 64_32: layer 2/2, base field no. 1/304, 32/45
[ Info: 64_32: layer 2/2, base field no. 1/304, 33/45
[ Info: 64_32: layer 2/2, base field no. 1/304, 34/45
[ Info: 64_32: layer 2/2, base field no. 1/304, 35/45
[ Info: 64_32: layer 2/2, base field no. 1/304, 36/45
[ Info: 64_32: layer 2/2, base field no. 1/304, 37/45
[ Info: 64_32: layer 2/2, base field no. 1/304, 38/45
[ Info: 64_32: layer 2/2, base field no. 1/304, 39/45
[ Info: 64_32: layer 2/2, base field no. 1/304, 40/45
[ Info: 64_32: layer 2/2, base field no. 1/304, 41/45
[ Info: 64_32: layer 2/2, base field no. 1/304, 42/45
[ Info: 64_32: layer 2/2, base field no. 1/304, 43/45
[ Info: 64_32: layer 2/2, base field no. 1/304, 44/45
[ Info: 64_32: layer 2/2, base field no. 1/304, 45/45
[ Info: 64_32: layer 2/2, base field no. 2/304, constructing abelian extensions
[ Info: 64_32: layer 2/2, base field no. 2/304, checking fields: 68
[ Info: 64_32: layer 2/2, base field no. 2/304, 1/68
[ Info: 64_32: layer 2/2, base field no. 2/304, 2/68
[ Info: 64_32: layer 2/2, base field no. 2/304, 3/68
[ Info: 64_32: layer 2/2, base field no. 2/304, 4/68
[ Info: 64_32: layer 2/2, base field no. 2/304, 5/68
[ Info: 64_32: layer 2/2, base field no. 2/304, 6/68
[ Info: 64_32: layer 2/2, base field no. 2/304, 7/68
[ Info: 64_32: layer 2/2, base field no. 2/304, 8/68
[ Info: 64_32: layer 2/2, base field no. 2/304, 9/68
[ Info: 64_32: layer 2/2, base field no. 2/304, 10/68
[ Info: 64_32: layer 2/2, base field no. 2/304, 11/68
[ Info: 64_32: layer 2/2, base field no. 2/304, 12/68
[ Info: 64_32: layer 2/2, base field no. 2/304, 13/68
[ Info: 64_32: layer 2/2, base field no. 2/304, 14/68
[ Info: 64_32: layer 2/2, base field no. 2/304, 15/68
[ Info: 64_32: layer 2/2, base field no. 2/304, 16/68
[ Info: 64_32: layer 2/2, base field no. 2/304, 17/68
[ Info: 64_32: layer 2/2, base field no. 2/304, 18/68
[ Info: 64_32: layer 2/2, base field no. 2/304, 19/68
[ Info: 64_32: layer 2/2, base field no. 2/304, 20/68
[ Info: 64_32: layer 2/2, base field no. 2/304, 21/68
[ Info: 64_32: layer 2/2, base field no. 2/304, 22/68
[ Info: 64_32: layer 2/2, base field no. 2/304, 23/68
[ Info: 64_32: layer 2/2, base field no. 2/304, 24/68
[ Info: 64_32: layer 2/2, base field no. 2/304, 25/68
[ Info: 64_32: layer 2/2, base field no. 2/304, 26/68
[ Info: 64_32: layer 2/2, base field no. 2/304, 27/68
[ Info: 64_32: layer 2/2, base field no. 2/304, 28/68
[ Info: 64_32: layer 2/2, base field no. 2/304, 29/68
[ Info: 64_32: layer 2/2, base field no. 2/304, 30/68
[ Info: 64_32: layer 2/2, base field no. 2/304, 31/68
[ Info: 64_32: layer 2/2, base field no. 2/304, 32/68
[ Info: 64_32: layer 2/2, base field no. 2/304, 33/68
[ Info: 64_32: layer 2/2, base field no. 2/304, 34/68
[ Info: 64_32: layer 2/2, base field no. 2/304, 35/68
[ Info: 64_32: layer 2/2, base field no. 2/304, 36/68
[ Info: 64_32: layer 2/2, base field no. 2/304, 37/68
[ Info: 64_32: layer 2/2, base field no. 2/304, 38/68
[ Info: 64_32: layer 2/2, base field no. 2/304, 39/68
[ Info: 64_32: layer 2/2, base field no. 2/304, 40/68
[ Info: 64_32: layer 2/2, base field no. 2/304, 41/68
[ Info: 64_32: layer 2/2, base field no. 2/304, 42/68
[ Info: 64_32: layer 2/2, base field no. 2/304, 43/68
[ Info: 64_32: layer 2/2, base field no. 2/304, 44/68
[ Info: 64_32: layer 2/2, base field no. 2/304, 45/68
[ Info: 64_32: layer 2/2, base field no. 2/304, 46/68
[ Info: 64_32: layer 2/2, base field no. 2/304, 47/68
[ Info: 64_32: layer 2/2, base field no. 2/304, 48/68
[ Info: 64_32: layer 2/2, base field no. 2/304, 49/68
[ Info: 64_32: layer 2/2, base field no. 2/304, 50/68
[ Info: 64_32: layer 2/2, base field no. 2/304, 51/68
[ Info: 64_32: layer 2/2, base field no. 2/304, 52/68
[ Info: 64_32: layer 2/2, base field no. 2/304, 53/68
[ Info: 64_32: layer 2/2, base field no. 2/304, 54/68
[ Info: 64_32: layer 2/2, base field no. 2/304, 55/68
[ Info: 64_32: layer 2/2, base field no. 2/304, 56/68
[ Info: 64_32: layer 2/2, base field no. 2/304, 57/68
[ Info: 64_32: layer 2/2, base field no. 2/304, 58/68
[ Info: 64_32: layer 2/2, base field no. 2/304, 59/68
[ Info: 64_32: layer 2/2, base field no. 2/304, 60/68
[ Info: 64_32: layer 2/2, base field no. 2/304, 61/68
[ Info: 64_32: layer 2/2, base field no. 2/304, 62/68
[ Info: 64_32: layer 2/2, base field no. 2/304, 63/68
[ Info: 64_32: layer 2/2, base field no. 2/304, 64/68
[ Info: 64_32: layer 2/2, base field no. 2/304, 65/68
[ Info: 64_32: layer 2/2, base field no. 2/304, 66/68
[ Info: 64_32: layer 2/2, base field no. 2/304, 67/68
[ Info: 64_32: layer 2/2, base field no. 2/304, 68/68
[ Info: 64_32: layer 2/2, base field no. 3/304, constructing abelian extensions
[ Info: 64_32: layer 2/2, base field no. 3/304, checking fields: 32
[ Info: 64_32: layer 2/2, base field no. 3/304, 1/32
[ Info: 64_32: layer 2/2, base field no. 3/304, 2/32
[ Info: 64_32: layer 2/2, base field no. 3/304, 3/32
[ Info: 64_32: layer 2/2, base field no. 3/304, 4/32
[ Info: 64_32: layer 2/2, base field no. 3/304, 5/32
[ Info: 64_32: layer 2/2, base field no. 3/304, 6/32
[ Info: 64_32: layer 2/2, base field no. 3/304, 7/32
[ Info: 64_32: layer 2/2, base field no. 3/304, 8/32
[ Info: 64_32: layer 2/2, base field no. 3/304, 9/32
[ Info: 64_32: layer 2/2, base field no. 3/304, 10/32
[ Info: 64_32: layer 2/2, base field no. 3/304, 11/32
[ Info: 64_32: layer 2/2, base field no. 3/304, 12/32
[ Info: 64_32: layer 2/2, base field no. 3/304, 13/32
[ Info: 64_32: layer 2/2, base field no. 3/304, 14/32
[ Info: 64_32: layer 2/2, base field no. 3/304, 15/32
[ Info: 64_32: layer 2/2, base field no. 3/304, 16/32
[ Info: 64_32: layer 2/2, base field no. 3/304, 17/32
[ Info: 64_32: layer 2/2, base field no. 3/304, 18/32
[ Info: 64_32: layer 2/2, base field no. 3/304, 19/32
[ Info: 64_32: layer 2/2, base field no. 3/304, 20/32
[ Info: 64_32: layer 2/2, base field no. 3/304, 21/32
[ Info: 64_32: layer 2/2, base field no. 3/304, 22/32
[ Info: 64_32: layer 2/2, base field no. 3/304, 23/32
[ Info: 64_32: layer 2/2, base field no. 3/304, 24/32
[ Info: 64_32: layer 2/2, base field no. 3/304, 25/32
[ Info: 64_32: layer 2/2, base field no. 3/304, 26/32
[ Info: 64_32: layer 2/2, base field no. 3/304, 27/32
[ Info: 64_32: layer 2/2, base field no. 3/304, 28/32
[ Info: 64_32: layer 2/2, base field no. 3/304, 29/32
[ Info: 64_32: layer 2/2, base field no. 3/304, 30/32
[ Info: 64_32: layer 2/2, base field no. 3/304, 31/32
[ Info: 64_32: layer 2/2, base field no. 3/304, 32/32
[ Info: 64_32: layer 2/2, base field no. 4/304, constructing abelian extensions
[ Info: 64_32: layer 2/2, base field no. 4/304, checking fields: 36
[ Info: 64_32: layer 2/2, base field no. 4/304, 1/36
[ Info: 64_32: layer 2/2, base field no. 4/304, 2/36
[ Info: 64_32: layer 2/2, base field no. 4/304, 3/36
[ Info: 64_32: layer 2/2, base field no. 4/304, 4/36
[ Info: 64_32: layer 2/2, base field no. 4/304, 5/36
[ Info: 64_32: layer 2/2, base field no. 4/304, 6/36
[ Info: 64_32: layer 2/2, base field no. 4/304, 7/36
[ Info: 64_32: layer 2/2, base field no. 4/304, 8/36
[ Info: 64_32: layer 2/2, base field no. 4/304, 9/36
[ Info: 64_32: layer 2/2, base field no. 4/304, 10/36
[ Info: 64_32: layer 2/2, base field no. 4/304, 11/36
[ Info: 64_32: layer 2/2, base field no. 4/304, 12/36
[ Info: 64_32: layer 2/2, base field no. 4/304, 13/36
[ Info: 64_32: layer 2/2, base field no. 4/304, 14/36
[ Info: 64_32: layer 2/2, base field no. 4/304, 15/36
[ Info: 64_32: layer 2/2, base field no. 4/304, 16/36
[ Info: 64_32: layer 2/2, base field no. 4/304, 17/36
[ Info: 64_32: layer 2/2, base field no. 4/304, 18/36
[ Info: 64_32: layer 2/2, base field no. 4/304, 19/36
[ Info: 64_32: layer 2/2, base field no. 4/304, 20/36
[ Info: 64_32: layer 2/2, base field no. 4/304, 21/36
[ Info: 64_32: layer 2/2, base field no. 4/304, 22/36
[ Info: 64_32: layer 2/2, base field no. 4/304, 23/36
[ Info: 64_32: layer 2/2, base field no. 4/304, 24/36
[ Info: 64_32: layer 2/2, base field no. 4/304, 25/36
[ Info: 64_32: layer 2/2, base field no. 4/304, 26/36
[ Info: 64_32: layer 2/2, base field no. 4/304, 27/36
[ Info: 64_32: layer 2/2, base field no. 4/304, 28/36
[ Info: 64_32: layer 2/2, base field no. 4/304, 29/36
[ Info: 64_32: layer 2/2, base field no. 4/304, 30/36
[ Info: 64_32: layer 2/2, base field no. 4/304, 31/36
[ Info: 64_32: layer 2/2, base field no. 4/304, 32/36
[ Info: 64_32: layer 2/2, base field no. 4/304, 33/36
[ Info: 64_32: layer 2/2, base field no. 4/304, 34/36
[ Info: 64_32: layer 2/2, base field no. 4/304, 35/36
[ Info: 64_32: layer 2/2, base field no. 4/304, 36/36
[ Info: 64_32: layer 2/2, base field no. 5/304, constructing abelian extensions
[ Info: 64_32: layer 2/2, base field no. 5/304, checking fields: 30
[ Info: 64_32: layer 2/2, base field no. 5/304, 1/30
[ Info: 64_32: layer 2/2, base field no. 5/304, 2/30
[ Info: 64_32: layer 2/2, base field no. 5/304, 3/30
[ Info: 64_32: layer 2/2, base field no. 5/304, 4/30
[ Info: 64_32: layer 2/2, base field no. 5/304, 5/30
[ Info: 64_32: layer 2/2, base field no. 5/304, 6/30
[ Info: 64_32: layer 2/2, base field no. 5/304, 7/30
[ Info: 64_32: layer 2/2, base field no. 5/304, 8/30
[ Info: 64_32: layer 2/2, base field no. 5/304, 9/30
[ Info: 64_32: layer 2/2, base field no. 5/304, 10/30
[ Info: 64_32: layer 2/2, base field no. 5/304, 11/30
[ Info: 64_32: layer 2/2, base field no. 5/304, 12/30
[ Info: 64_32: layer 2/2, base field no. 5/304, 13/30
[ Info: 64_32: layer 2/2, base field no. 5/304, 14/30
[ Info: 64_32: layer 2/2, base field no. 5/304, 15/30
[ Info: 64_32: layer 2/2, base field no. 5/304, 16/30
[ Info: 64_32: layer 2/2, base field no. 5/304, 17/30
[ Info: 64_32: layer 2/2, base field no. 5/304, 18/30
[ Info: 64_32: layer 2/2, base field no. 5/304, 19/30
[ Info: 64_32: layer 2/2, base field no. 5/304, 20/30
[ Info: 64_32: layer 2/2, base field no. 5/304, 21/30
[ Info: 64_32: layer 2/2, base field no. 5/304, 22/30
[ Info: 64_32: layer 2/2, base field no. 5/304, 23/30
[ Info: 64_32: layer 2/2, base field no. 5/304, 24/30
[ Info: 64_32: layer 2/2, base field no. 5/304, 25/30
[ Info: 64_32: layer 2/2, base field no. 5/304, 26/30
[ Info: 64_32: layer 2/2, base field no. 5/304, 27/30
[ Info: 64_32: layer 2/2, base field no. 5/304, 28/30
[ Info: 64_32: layer 2/2, base field no. 5/304, 29/30
[ Info: 64_32: layer 2/2, base field no. 5/304, 30/30
[ Info: 64_32: layer 2/2, base field no. 6/304, constructing abelian extensions
[ Info: 64_32: layer 2/2, base field no. 6/304, checking fields: 106
[ Info: 64_32: layer 2/2, base field no. 6/304, 1/106
[ Info: 64_32: layer 2/2, base field no. 6/304, 2/106
[ Info: 64_32: layer 2/2, base field no. 6/304, 3/106
[ Info: 64_32: layer 2/2, base field no. 6/304, 4/106
[ Info: 64_32: layer 2/2, base field no. 6/304, 5/106
[ Info: 64_32: layer 2/2, base field no. 6/304, 6/106
[ Info: 64_32: layer 2/2, base field no. 6/304, 7/106
[ Info: 64_32: layer 2/2, base field no. 6/304, 8/106
[ Info: 64_32: layer 2/2, base field no. 6/304, 9/106
[ Info: 64_32: layer 2/2, base field no. 6/304, 10/106
[ Info: 64_32: layer 2/2, base field no. 6/304, 11/106
[ Info: 64_32: layer 2/2, base field no. 6/304, 12/106
[ Info: 64_32: layer 2/2, base field no. 6/304, 13/106
[ Info: 64_32: layer 2/2, base field no. 6/304, 14/106
[ Info: 64_32: layer 2/2, base field no. 6/304, 15/106
[ Info: 64_32: layer 2/2, base field no. 6/304, 16/106
[ Info: 64_32: layer 2/2, base field no. 6/304, 17/106
[ Info: 64_32: layer 2/2, base field no. 6/304, 18/106
[ Info: 64_32: layer 2/2, base field no. 6/304, 19/106
[ Info: 64_32: layer 2/2, base field no. 6/304, 20/106
[ Info: 64_32: layer 2/2, base field no. 6/304, 21/106
[ Info: 64_32: layer 2/2, base field no. 6/304, 22/106
[ Info: 64_32: layer 2/2, base field no. 6/304, 23/106
[ Info: 64_32: layer 2/2, base field no. 6/304, 24/106
[ Info: 64_32: layer 2/2, base field no. 6/304, 25/106
[ Info: 64_32: layer 2/2, base field no. 6/304, 26/106
[ Info: 64_32: layer 2/2, base field no. 6/304, 27/106
[ Info: 64_32: layer 2/2, base field no. 6/304, 28/106
[ Info: 64_32: layer 2/2, base field no. 6/304, 29/106
[ Info: 64_32: layer 2/2, base field no. 6/304, 30/106
[ Info: 64_32: layer 2/2, base field no. 6/304, 31/106
[ Info: 64_32: layer 2/2, base field no. 6/304, 32/106
[ Info: 64_32: layer 2/2, base field no. 6/304, 33/106
[ Info: 64_32: layer 2/2, base field no. 6/304, 34/106
[ Info: 64_32: layer 2/2, base field no. 6/304, 35/106
[ Info: 64_32: layer 2/2, base field no. 6/304, 36/106
[ Info: 64_32: layer 2/2, base field no. 6/304, 37/106
[ Info: 64_32: layer 2/2, base field no. 6/304, 38/106
[ Info: 64_32: layer 2/2, base field no. 6/304, 39/106
[ Info: 64_32: layer 2/2, base field no. 6/304, 40/106
[ Info: 64_32: layer 2/2, base field no. 6/304, 41/106
[ Info: 64_32: layer 2/2, base field no. 6/304, 42/106
[ Info: 64_32: layer 2/2, base field no. 6/304, 43/106
[ Info: 64_32: layer 2/2, base field no. 6/304, 44/106
[ Info: 64_32: layer 2/2, base field no. 6/304, 45/106
[ Info: 64_32: layer 2/2, base field no. 6/304, 46/106
[ Info: 64_32: layer 2/2, base field no. 6/304, 47/106
[ Info: 64_32: layer 2/2, base field no. 6/304, 48/106
[ Info: 64_32: layer 2/2, base field no. 6/304, 49/106
[ Info: 64_32: layer 2/2, base field no. 6/304, 50/106
[ Info: 64_32: layer 2/2, base field no. 6/304, 51/106
[ Info: 64_32: layer 2/2, base field no. 6/304, 52/106
[ Info: 64_32: layer 2/2, base field no. 6/304, 53/106
[ Info: 64_32: layer 2/2, base field no. 6/304, 54/106
[ Info: 64_32: layer 2/2, base field no. 6/304, 55/106
[ Info: 64_32: layer 2/2, base field no. 6/304, 56/106
[ Info: 64_32: layer 2/2, base field no. 6/304, 57/106
[ Info: 64_32: layer 2/2, base field no. 6/304, 58/106
[ Info: 64_32: layer 2/2, base field no. 6/304, 59/106
[ Info: 64_32: layer 2/2, base field no. 6/304, 60/106
[ Info: 64_32: layer 2/2, base field no. 6/304, 61/106
[ Info: 64_32: layer 2/2, base field no. 6/304, 62/106
[ Info: 64_32: layer 2/2, base field no. 6/304, 63/106
[ Info: 64_32: layer 2/2, base field no. 6/304, 64/106
[ Info: 64_32: layer 2/2, base field no. 6/304, 65/106
[ Info: 64_32: layer 2/2, base field no. 6/304, 66/106
[ Info: 64_32: layer 2/2, base field no. 6/304, 67/106
[ Info: 64_32: layer 2/2, base field no. 6/304, 68/106
[ Info: 64_32: layer 2/2, base field no. 6/304, 69/106
[ Info: 64_32: layer 2/2, base field no. 6/304, 70/106
[ Info: 64_32: layer 2/2, base field no. 6/304, 71/106
[ Info: 64_32: layer 2/2, base field no. 6/304, 72/106
[ Info: 64_32: layer 2/2, base field no. 6/304, 73/106
[ Info: 64_32: layer 2/2, base field no. 6/304, 74/106
[ Info: 64_32: layer 2/2, base field no. 6/304, 75/106
[ Info: 64_32: layer 2/2, base field no. 6/304, 76/106
[ Info: 64_32: layer 2/2, base field no. 6/304, 77/106
[ Info: 64_32: layer 2/2, base field no. 6/304, 78/106
[ Info: 64_32: layer 2/2, base field no. 6/304, 79/106
[ Info: 64_32: layer 2/2, base field no. 6/304, 80/106
[ Info: 64_32: layer 2/2, base field no. 6/304, 81/106
[ Info: 64_32: layer 2/2, base field no. 6/304, 82/106
[ Info: 64_32: layer 2/2, base field no. 6/304, 83/106
[ Info: 64_32: layer 2/2, base field no. 6/304, 84/106
[ Info: 64_32: layer 2/2, base field no. 6/304, 85/106
[ Info: 64_32: layer 2/2, base field no. 6/304, 86/106
[ Info: 64_32: layer 2/2, base field no. 6/304, 87/106
[ Info: 64_32: layer 2/2, base field no. 6/304, 88/106
[ Info: 64_32: layer 2/2, base field no. 6/304, 89/106
[ Info: 64_32: layer 2/2, base field no. 6/304, 90/106
[ Info: 64_32: layer 2/2, base field no. 6/304, 91/106
[ Info: 64_32: layer 2/2, base field no. 6/304, 92/106
[ Info: 64_32: layer 2/2, base field no. 6/304, 93/106
[ Info: 64_32: layer 2/2, base field no. 6/304, 94/106
[ Info: 64_32: layer 2/2, base field no. 6/304, 95/106
[ Info: 64_32: layer 2/2, base field no. 6/304, 96/106
[ Info: 64_32: layer 2/2, base field no. 6/304, 97/106
[ Info: 64_32: layer 2/2, base field no. 6/304, 98/106
[ Info: 64_32: layer 2/2, base field no. 6/304, 99/106
[ Info: 64_32: layer 2/2, base field no. 6/304, 100/106
[ Info: 64_32: layer 2/2, base field no. 6/304, 101/106
[ Info: 64_32: layer 2/2, base field no. 6/304, 102/106
[ Info: 64_32: layer 2/2, base field no. 6/304, 103/106
[ Info: 64_32: layer 2/2, base field no. 6/304, 104/106
[ Info: 64_32: layer 2/2, base field no. 6/304, 105/106
[ Info: 64_32: layer 2/2, base field no. 6/304, 106/106
[ Info: 64_32: layer 2/2, base field no. 7/304, constructing abelian extensions
[ Info: 64_32: layer 2/2, base field no. 7/304, checking fields: 46
[ Info: 64_32: layer 2/2, base field no. 7/304, 1/46
[ Info: 64_32: layer 2/2, base field no. 7/304, 2/46
[ Info: 64_32: layer 2/2, base field no. 7/304, 3/46
[ Info: 64_32: layer 2/2, base field no. 7/304, 4/46
[ Info: 64_32: layer 2/2, base field no. 7/304, 5/46
[ Info: 64_32: layer 2/2, base field no. 7/304, 6/46
[ Info: 64_32: layer 2/2, base field no. 7/304, 7/46
[ Info: 64_32: layer 2/2, base field no. 7/304, 8/46
[ Info: 64_32: layer 2/2, base field no. 7/304, 9/46
[ Info: 64_32: layer 2/2, base field no. 7/304, 10/46
[ Info: 64_32: layer 2/2, base field no. 7/304, 11/46
[ Info: 64_32: layer 2/2, base field no. 7/304, 12/46
[ Info: 64_32: layer 2/2, base field no. 7/304, 13/46
[ Info: 64_32: layer 2/2, base field no. 7/304, 14/46
[ Info: 64_32: layer 2/2, base field no. 7/304, 15/46
[ Info: 64_32: layer 2/2, base field no. 7/304, 16/46
[ Info: 64_32: layer 2/2, base field no. 7/304, 17/46
[ Info: 64_32: layer 2/2, base field no. 7/304, 18/46
[ Info: 64_32: layer 2/2, base field no. 7/304, 19/46
[ Info: 64_32: layer 2/2, base field no. 7/304, 20/46
[ Info: 64_32: layer 2/2, base field no. 7/304, 21/46
[ Info: 64_32: layer 2/2, base field no. 7/304, 22/46
[ Info: 64_32: layer 2/2, base field no. 7/304, 23/46
[ Info: 64_32: layer 2/2, base field no. 7/304, 24/46
[ Info: 64_32: layer 2/2, base field no. 7/304, 25/46
[ Info: 64_32: layer 2/2, base field no. 7/304, 26/46
[ Info: 64_32: layer 2/2, base field no. 7/304, 27/46
[ Info: 64_32: layer 2/2, base field no. 7/304, 28/46
[ Info: 64_32: layer 2/2, base field no. 7/304, 29/46
[ Info: 64_32: layer 2/2, base field no. 7/304, 30/46
[ Info: 64_32: layer 2/2, base field no. 7/304, 31/46
[ Info: 64_32: layer 2/2, base field no. 7/304, 32/46
[ Info: 64_32: layer 2/2, base field no. 7/304, 33/46
[ Info: 64_32: layer 2/2, base field no. 7/304, 34/46
[ Info: 64_32: layer 2/2, base field no. 7/304, 35/46
[ Info: 64_32: layer 2/2, base field no. 7/304, 36/46
[ Info: 64_32: layer 2/2, base field no. 7/304, 37/46
[ Info: 64_32: layer 2/2, base field no. 7/304, 38/46
[ Info: 64_32: layer 2/2, base field no. 7/304, 39/46
[ Info: 64_32: layer 2/2, base field no. 7/304, 40/46
[ Info: 64_32: layer 2/2, base field no. 7/304, 41/46
[ Info: 64_32: layer 2/2, base field no. 7/304, 42/46
[ Info: 64_32: layer 2/2, base field no. 7/304, 43/46
[ Info: 64_32: layer 2/2, base field no. 7/304, 44/46
[ Info: 64_32: layer 2/2, base field no. 7/304, 45/46
[ Info: 64_32: layer 2/2, base field no. 7/304, 46/46
[ Info: 64_32: layer 2/2, base field no. 8/304, constructing abelian extensions
[ Info: 64_32: layer 2/2, base field no. 8/304, checking fields: 30
[ Info: 64_32: layer 2/2, base field no. 8/304, 1/30
[ Info: 64_32: layer 2/2, base field no. 8/304, 2/30
[ Info: 64_32: layer 2/2, base field no. 8/304, 3/30
[ Info: 64_32: layer 2/2, base field no. 8/304, 4/30
[ Info: 64_32: layer 2/2, base field no. 8/304, 5/30
[ Info: 64_32: layer 2/2, base field no. 8/304, 6/30
[ Info: 64_32: layer 2/2, base field no. 8/304, 7/30
[ Info: 64_32: layer 2/2, base field no. 8/304, 8/30
[ Info: 64_32: layer 2/2, base field no. 8/304, 9/30
[ Info: 64_32: layer 2/2, base field no. 8/304, 10/30
[ Info: 64_32: layer 2/2, base field no. 8/304, 11/30
[ Info: 64_32: layer 2/2, base field no. 8/304, 12/30
[ Info: 64_32: layer 2/2, base field no. 8/304, 13/30
[ Info: 64_32: layer 2/2, base field no. 8/304, 14/30
[ Info: 64_32: layer 2/2, base field no. 8/304, 15/30
[ Info: 64_32: layer 2/2, base field no. 8/304, 16/30
[ Info: 64_32: layer 2/2, base field no. 8/304, 17/30
[ Info: 64_32: layer 2/2, base field no. 8/304, 18/30
[ Info: 64_32: layer 2/2, base field no. 8/304, 19/30
[ Info: 64_32: layer 2/2, base field no. 8/304, 20/30
[ Info: 64_32: layer 2/2, base field no. 8/304, 21/30
[ Info: 64_32: layer 2/2, base field no. 8/304, 22/30
[ Info: 64_32: layer 2/2, base field no. 8/304, 23/30
[ Info: 64_32: layer 2/2, base field no. 8/304, 24/30
[ Info: 64_32: layer 2/2, base field no. 8/304, 25/30
[ Info: 64_32: layer 2/2, base field no. 8/304, 26/30
[ Info: 64_32: layer 2/2, base field no. 8/304, 27/30
[ Info: 64_32: layer 2/2, base field no. 8/304, 28/30
[ Info: 64_32: layer 2/2, base field no. 8/304, 29/30
[ Info: 64_32: layer 2/2, base field no. 8/304, 30/30
[ Info: 64_32: layer 2/2, base field no. 9/304, constructing abelian extensions
[ Info: 64_32: layer 2/2, base field no. 9/304, checking fields: 35
[ Info: 64_32: layer 2/2, base field no. 9/304, 1/35
[ Info: 64_32: layer 2/2, base field no. 9/304, 2/35
[ Info: 64_32: layer 2/2, base field no. 9/304, 3/35
[ Info: 64_32: layer 2/2, base field no. 9/304, 4/35
[ Info: 64_32: layer 2/2, base field no. 9/304, 5/35
[ Info: 64_32: layer 2/2, base field no. 9/304, 6/35
[ Info: 64_32: layer 2/2, base field no. 9/304, 7/35
[ Info: 64_32: layer 2/2, base field no. 9/304, 8/35
[ Info: 64_32: layer 2/2, base field no. 9/304, 9/35
[ Info: 64_32: layer 2/2, base field no. 9/304, 10/35
[ Info: 64_32: layer 2/2, base field no. 9/304, 11/35
[ Info: 64_32: layer 2/2, base field no. 9/304, 12/35
[ Info: 64_32: layer 2/2, base field no. 9/304, 13/35
[ Info: 64_32: layer 2/2, base field no. 9/304, 14/35
[ Info: 64_32: layer 2/2, base field no. 9/304, 15/35
[ Info: 64_32: layer 2/2, base field no. 9/304, 16/35
[ Info: 64_32: layer 2/2, base field no. 9/304, 17/35
[ Info: 64_32: layer 2/2, base field no. 9/304, 18/35
[ Info: 64_32: layer 2/2, base field no. 9/304, 19/35
[ Info: 64_32: layer 2/2, base field no. 9/304, 20/35
[ Info: 64_32: layer 2/2, base field no. 9/304, 21/35
[ Info: 64_32: layer 2/2, base field no. 9/304, 22/35
[ Info: 64_32: layer 2/2, base field no. 9/304, 23/35
[ Info: 64_32: layer 2/2, base field no. 9/304, 24/35
[ Info: 64_32: layer 2/2, base field no. 9/304, 25/35
[ Info: 64_32: layer 2/2, base field no. 9/304, 26/35
[ Info: 64_32: layer 2/2, base field no. 9/304, 27/35
[ Info: 64_32: layer 2/2, base field no. 9/304, 28/35
[ Info: 64_32: layer 2/2, base field no. 9/304, 29/35
[ Info: 64_32: layer 2/2, base field no. 9/304, 30/35
[ Info: 64_32: layer 2/2, base field no. 9/304, 31/35
[ Info: 64_32: layer 2/2, base field no. 9/304, 32/35
[ Info: 64_32: layer 2/2, base field no. 9/304, 33/35
[ Info: 64_32: layer 2/2, base field no. 9/304, 34/35
[ Info: 64_32: layer 2/2, base field no. 9/304, 35/35
[ Info: 64_32: layer 2/2, base field no. 10/304, constructing abelian extensions
[ Info: 64_32: layer 2/2, base field no. 10/304, checking fields: 43
[ Info: 64_32: layer 2/2, base field no. 10/304, 1/43
[ Info: 64_32: layer 2/2, base field no. 10/304, 2/43
[ Info: 64_32: layer 2/2, base field no. 10/304, 3/43
[ Info: 64_32: layer 2/2, base field no. 10/304, 4/43
[ Info: 64_32: layer 2/2, base field no. 10/304, 5/43
[ Info: 64_32: layer 2/2, base field no. 10/304, 6/43
[ Info: 64_32: layer 2/2, base field no. 10/304, 7/43
[ Info: 64_32: layer 2/2, base field no. 10/304, 8/43
[ Info: 64_32: layer 2/2, base field no. 10/304, 9/43
[ Info: 64_32: layer 2/2, base field no. 10/304, 10/43
[ Info: 64_32: layer 2/2, base field no. 10/304, 11/43
[ Info: 64_32: layer 2/2, base field no. 10/304, 12/43
[ Info: 64_32: layer 2/2, base field no. 10/304, 13/43
[ Info: 64_32: layer 2/2, base field no. 10/304, 14/43
[ Info: 64_32: layer 2/2, base field no. 10/304, 15/43
[ Info: 64_32: layer 2/2, base field no. 10/304, 16/43
[ Info: 64_32: layer 2/2, base field no. 10/304, 17/43
[ Info: 64_32: layer 2/2, base field no. 10/304, 18/43
[ Info: 64_32: layer 2/2, base field no. 10/304, 19/43
[ Info: 64_32: layer 2/2, base field no. 10/304, 20/43
[ Info: 64_32: layer 2/2, base field no. 10/304, 21/43
[ Info: 64_32: layer 2/2, base field no. 10/304, 22/43
[ Info: 64_32: layer 2/2, base field no. 10/304, 23/43
[ Info: 64_32: layer 2/2, base field no. 10/304, 24/43
[ Info: 64_32: layer 2/2, base field no. 10/304, 25/43
[ Info: 64_32: layer 2/2, base field no. 10/304, 26/43
[ Info: 64_32: layer 2/2, base field no. 10/304, 27/43
[ Info: 64_32: layer 2/2, base field no. 10/304, 28/43
[ Info: 64_32: layer 2/2, base field no. 10/304, 29/43
[ Info: 64_32: layer 2/2, base field no. 10/304, 30/43
[ Info: 64_32: layer 2/2, base field no. 10/304, 31/43
[ Info: 64_32: layer 2/2, base field no. 10/304, 32/43
[ Info: 64_32: layer 2/2, base field no. 10/304, 33/43
[ Info: 64_32: layer 2/2, base field no. 10/304, 34/43
[ Info: 64_32: layer 2/2, base field no. 10/304, 35/43
[ Info: 64_32: layer 2/2, base field no. 10/304, 36/43
[ Info: 64_32: layer 2/2, base field no. 10/304, 37/43
[ Info: 64_32: layer 2/2, base field no. 10/304, 38/43
[ Info: 64_32: layer 2/2, base field no. 10/304, 39/43
[ Info: 64_32: layer 2/2, base field no. 10/304, 40/43
[ Info: 64_32: layer 2/2, base field no. 10/304, 41/43
[ Info: 64_32: layer 2/2, base field no. 10/304, 42/43
[ Info: 64_32: layer 2/2, base field no. 10/304, 43/43
[ Info: 64_32: layer 2/2, base field no. 11/304, constructing abelian extensions
[ Info: 64_32: layer 2/2, base field no. 11/304, checking fields: 90
[ Info: 64_32: layer 2/2, base field no. 11/304, 1/90
[ Info: 64_32: layer 2/2, base field no. 11/304, 2/90
[ Info: 64_32: layer 2/2, base field no. 11/304, 3/90
[ Info: 64_32: layer 2/2, base field no. 11/304, 4/90
[ Info: 64_32: layer 2/2, base field no. 11/304, 5/90
[ Info: 64_32: layer 2/2, base field no. 11/304, 6/90
[ Info: 64_32: layer 2/2, base field no. 11/304, 7/90
[ Info: 64_32: layer 2/2, base field no. 11/304, 8/90
[ Info: 64_32: layer 2/2, base field no. 11/304, 9/90
[ Info: 64_32: layer 2/2, base field no. 11/304, 10/90
[ Info: 64_32: layer 2/2, base field no. 11/304, 11/90
[ Info: 64_32: layer 2/2, base field no. 11/304, 12/90
[ Info: 64_32: layer 2/2, base field no. 11/304, 13/90
[ Info: 64_32: layer 2/2, base field no. 11/304, 14/90
[ Info: 64_32: layer 2/2, base field no. 11/304, 15/90
[ Info: 64_32: layer 2/2, base field no. 11/304, 16/90
[ Info: 64_32: layer 2/2, base field no. 11/304, 17/90
[ Info: 64_32: layer 2/2, base field no. 11/304, 18/90
[ Info: 64_32: layer 2/2, base field no. 11/304, 19/90
[ Info: 64_32: layer 2/2, base field no. 11/304, 20/90
[ Info: 64_32: layer 2/2, base field no. 11/304, 21/90
[ Info: 64_32: layer 2/2, base field no. 11/304, 22/90
[ Info: 64_32: layer 2/2, base field no. 11/304, 23/90
[ Info: 64_32: layer 2/2, base field no. 11/304, 24/90
[ Info: 64_32: layer 2/2, base field no. 11/304, 25/90
[ Info: 64_32: layer 2/2, base field no. 11/304, 26/90
[ Info: 64_32: layer 2/2, base field no. 11/304, 27/90
[ Info: 64_32: layer 2/2, base field no. 11/304, 28/90
[ Info: 64_32: layer 2/2, base field no. 11/304, 29/90
[ Info: 64_32: layer 2/2, base field no. 11/304, 30/90
[ Info: 64_32: layer 2/2, base field no. 11/304, 31/90
[ Info: 64_32: layer 2/2, base field no. 11/304, 32/90
[ Info: 64_32: layer 2/2, base field no. 11/304, 33/90
[ Info: 64_32: layer 2/2, base field no. 11/304, 34/90
[ Info: 64_32: layer 2/2, base field no. 11/304, 35/90
[ Info: 64_32: layer 2/2, base field no. 11/304, 36/90
[ Info: 64_32: layer 2/2, base field no. 11/304, 37/90
[ Info: 64_32: layer 2/2, base field no. 11/304, 38/90
[ Info: 64_32: layer 2/2, base field no. 11/304, 39/90
[ Info: 64_32: layer 2/2, base field no. 11/304, 40/90
[ Info: 64_32: layer 2/2, base field no. 11/304, 41/90
[ Info: 64_32: layer 2/2, base field no. 11/304, 42/90
[ Info: 64_32: layer 2/2, base field no. 11/304, 43/90
[ Info: 64_32: layer 2/2, base field no. 11/304, 44/90
[ Info: 64_32: layer 2/2, base field no. 11/304, 45/90
[ Info: 64_32: layer 2/2, base field no. 11/304, 46/90
[ Info: 64_32: layer 2/2, base field no. 11/304, 47/90
[ Info: 64_32: layer 2/2, base field no. 11/304, 48/90
[ Info: 64_32: layer 2/2, base field no. 11/304, 49/90
[ Info: 64_32: layer 2/2, base field no. 11/304, 50/90
[ Info: 64_32: layer 2/2, base field no. 11/304, 51/90
[ Info: 64_32: layer 2/2, base field no. 11/304, 52/90
[ Info: 64_32: layer 2/2, base field no. 11/304, 53/90
[ Info: 64_32: layer 2/2, base field no. 11/304, 54/90
[ Info: 64_32: layer 2/2, base field no. 11/304, 55/90
[ Info: 64_32: layer 2/2, base field no. 11/304, 56/90
[ Info: 64_32: layer 2/2, base field no. 11/304, 57/90
[ Info: 64_32: layer 2/2, base field no. 11/304, 58/90
[ Info: 64_32: layer 2/2, base field no. 11/304, 59/90
[ Info: 64_32: layer 2/2, base field no. 11/304, 60/90
[ Info: 64_32: layer 2/2, base field no. 11/304, 61/90
[ Info: 64_32: layer 2/2, base field no. 11/304, 62/90
[ Info: 64_32: layer 2/2, base field no. 11/304, 63/90
[ Info: 64_32: layer 2/2, base field no. 11/304, 64/90
[ Info: 64_32: layer 2/2, base field no. 11/304, 65/90
[ Info: 64_32: layer 2/2, base field no. 11/304, 66/90
[ Info: 64_32: layer 2/2, base field no. 11/304, 67/90
[ Info: 64_32: layer 2/2, base field no. 11/304, 68/90
[ Info: 64_32: layer 2/2, base field no. 11/304, 69/90
[ Info: 64_32: layer 2/2, base field no. 11/304, 70/90
[ Info: 64_32: layer 2/2, base field no. 11/304, 71/90
[ Info: 64_32: layer 2/2, base field no. 11/304, 72/90
[ Info: 64_32: layer 2/2, base field no. 11/304, 73/90
[ Info: 64_32: layer 2/2, base field no. 11/304, 74/90
[ Info: 64_32: layer 2/2, base field no. 11/304, 75/90
[ Info: 64_32: layer 2/2, base field no. 11/304, 76/90
[ Info: 64_32: layer 2/2, base field no. 11/304, 77/90
[ Info: 64_32: layer 2/2, base field no. 11/304, 78/90
[ Info: 64_32: layer 2/2, base field no. 11/304, 79/90
[ Info: 64_32: layer 2/2, base field no. 11/304, 80/90
[ Info: 64_32: layer 2/2, base field no. 11/304, 81/90
[ Info: 64_32: layer 2/2, base field no. 11/304, 82/90
[ Info: 64_32: layer 2/2, base field no. 11/304, 83/90
[ Info: 64_32: layer 2/2, base field no. 11/304, 84/90
[ Info: 64_32: layer 2/2, base field no. 11/304, 85/90
[ Info: 64_32: layer 2/2, base field no. 11/304, 86/90
[ Info: 64_32: layer 2/2, base field no. 11/304, 87/90
[ Info: 64_32: layer 2/2, base field no. 11/304, 88/90
[ Info: 64_32: layer 2/2, base field no. 11/304, 89/90
[ Info: 64_32: layer 2/2, base field no. 11/304, 90/90
[ Info: 64_32: layer 2/2, base field no. 12/304, constructing abelian extensions
[ Info: 64_32: layer 2/2, base field no. 12/304, checking fields: 11
[ Info: 64_32: layer 2/2, base field no. 12/304, 1/11
[ Info: 64_32: layer 2/2, base field no. 12/304, 2/11
[ Info: 64_32: layer 2/2, base field no. 12/304, 3/11
[ Info: 64_32: layer 2/2, base field no. 12/304, 4/11
[ Info: 64_32: layer 2/2, base field no. 12/304, 5/11
[ Info: 64_32: layer 2/2, base field no. 12/304, 6/11
[ Info: 64_32: layer 2/2, base field no. 12/304, 7/11
[ Info: 64_32: layer 2/2, base field no. 12/304, 8/11
[ Info: 64_32: layer 2/2, base field no. 12/304, 9/11
[ Info: 64_32: layer 2/2, base field no. 12/304, 10/11
[ Info: 64_32: layer 2/2, base field no. 12/304, 11/11
[ Info: 64_32: layer 2/2, base field no. 13/304, constructing abelian extensions
[ Info: 64_32: layer 2/2, base field no. 13/304, checking fields: 4
[ Info: 64_32: layer 2/2, base field no. 13/304, 1/4
[ Info: 64_32: layer 2/2, base field no. 13/304, 2/4
[ Info: 64_32: layer 2/2, base field no. 13/304, 3/4
[ Info: 64_32: layer 2/2, base field no. 13/304, 4/4
[ Info: 64_32: layer 2/2, base field no. 14/304, constructing abelian extensions
[ Info: 64_32: layer 2/2, base field no. 14/304, checking fields: 9
[ Info: 64_32: layer 2/2, base field no. 14/304, 1/9
[ Info: 64_32: layer 2/2, base field no. 14/304, 2/9
[ Info: 64_32: layer 2/2, base field no. 14/304, 3/9
[ Info: 64_32: layer 2/2, base field no. 14/304, 4/9
[ Info: 64_32: layer 2/2, base field no. 14/304, 5/9
[ Info: 64_32: layer 2/2, base field no. 14/304, 6/9
[ Info: 64_32: layer 2/2, base field no. 14/304, 7/9
[ Info: 64_32: layer 2/2, base field no. 14/304, 8/9
[ Info: 64_32: layer 2/2, base field no. 14/304, 9/9
[ Info: 64_32: layer 2/2, base field no. 15/304, constructing abelian extensions
[ Info: 64_32: layer 2/2, base field no. 15/304, checking fields: 6
[ Info: 64_32: layer 2/2, base field no. 15/304, 1/6
[ Info: 64_32: layer 2/2, base field no. 15/304, 2/6
[ Info: 64_32: layer 2/2, base field no. 15/304, 3/6
[ Info: 64_32: layer 2/2, base field no. 15/304, 4/6
[ Info: 64_32: layer 2/2, base field no. 15/304, 5/6
[ Info: 64_32: layer 2/2, base field no. 15/304, 6/6
[ Info: 64_32: layer 2/2, base field no. 16/304, constructing abelian extensions
[ Info: 64_32: layer 2/2, base field no. 16/304, checking fields: 22
[ Info: 64_32: layer 2/2, base field no. 16/304, 1/22
[ Info: 64_32: layer 2/2, base field no. 16/304, 2/22
[ Info: 64_32: layer 2/2, base field no. 16/304, 3/22
[ Info: 64_32: layer 2/2, base field no. 16/304, 4/22
[ Info: 64_32: layer 2/2, base field no. 16/304, 5/22
[ Info: 64_32: layer 2/2, base field no. 16/304, 6/22
[ Info: 64_32: layer 2/2, base field no. 16/304, 7/22
[ Info: 64_32: layer 2/2, base field no. 16/304, 8/22
[ Info: 64_32: layer 2/2, base field no. 16/304, 9/22
[ Info: 64_32: layer 2/2, base field no. 16/304, 10/22
[ Info: 64_32: layer 2/2, base field no. 16/304, 11/22
[ Info: 64_32: layer 2/2, base field no. 16/304, 12/22
[ Info: 64_32: layer 2/2, base field no. 16/304, 13/22
[ Info: 64_32: layer 2/2, base field no. 16/304, 14/22
[ Info: 64_32: layer 2/2, base field no. 16/304, 15/22
[ Info: 64_32: layer 2/2, base field no. 16/304, 16/22
[ Info: 64_32: layer 2/2, base field no. 16/304, 17/22
[ Info: 64_32: layer 2/2, base field no. 16/304, 18/22
[ Info: 64_32: layer 2/2, base field no. 16/304, 19/22
[ Info: 64_32: layer 2/2, base field no. 16/304, 20/22
[ Info: 64_32: layer 2/2, base field no. 16/304, 21/22
[ Info: 64_32: layer 2/2, base field no. 16/304, 22/22
[ Info: 64_32: layer 2/2, base field no. 17/304, constructing abelian extensions
[ Info: 64_32: layer 2/2, base field no. 17/304, checking fields: 22
[ Info: 64_32: layer 2/2, base field no. 17/304, 1/22
[ Info: 64_32: layer 2/2, base field no. 17/304, 2/22
[ Info: 64_32: layer 2/2, base field no. 17/304, 3/22
[ Info: 64_32: layer 2/2, base field no. 17/304, 4/22
[ Info: 64_32: layer 2/2, base field no. 17/304, 5/22
[ Info: 64_32: layer 2/2, base field no. 17/304, 6/22
[ Info: 64_32: layer 2/2, base field no. 17/304, 7/22
[ Info: 64_32: layer 2/2, base field no. 17/304, 8/22
[ Info: 64_32: layer 2/2, base field no. 17/304, 9/22
[ Info: 64_32: layer 2/2, base field no. 17/304, 10/22
[ Info: 64_32: layer 2/2, base field no. 17/304, 11/22
[ Info: 64_32: layer 2/2, base field no. 17/304, 12/22
[ Info: 64_32: layer 2/2, base field no. 17/304, 13/22
[ Info: 64_32: layer 2/2, base field no. 17/304, 14/22
[ Info: 64_32: layer 2/2, base field no. 17/304, 15/22
[ Info: 64_32: layer 2/2, base field no. 17/304, 16/22
[ Info: 64_32: layer 2/2, base field no. 17/304, 17/22
[ Info: 64_32: layer 2/2, base field no. 17/304, 18/22
[ Info: 64_32: layer 2/2, base field no. 17/304, 19/22
[ Info: 64_32: layer 2/2, base field no. 17/304, 20/22
[ Info: 64_32: layer 2/2, base field no. 17/304, 21/22
[ Info: 64_32: layer 2/2, base field no. 17/304, 22/22
[ Info: 64_32: layer 2/2, base field no. 18/304, constructing abelian extensions
[ Info: 64_32: layer 2/2, base field no. 18/304, checking fields: 26
[ Info: 64_32: layer 2/2, base field no. 18/304, 1/26
[ Info: 64_32: layer 2/2, base field no. 18/304, 2/26
[ Info: 64_32: layer 2/2, base field no. 18/304, 3/26
[ Info: 64_32: layer 2/2, base field no. 18/304, 4/26
[ Info: 64_32: layer 2/2, base field no. 18/304, 5/26
[ Info: 64_32: layer 2/2, base field no. 18/304, 6/26
[ Info: 64_32: layer 2/2, base field no. 18/304, 7/26
[ Info: 64_32: layer 2/2, base field no. 18/304, 8/26
[ Info: 64_32: layer 2/2, base field no. 18/304, 9/26
[ Info: 64_32: layer 2/2, base field no. 18/304, 10/26
[ Info: 64_32: layer 2/2, base field no. 18/304, 11/26
[ Info: 64_32: layer 2/2, base field no. 18/304, 12/26
[ Info: 64_32: layer 2/2, base field no. 18/304, 13/26
[ Info: 64_32: layer 2/2, base field no. 18/304, 14/26
[ Info: 64_32: layer 2/2, base field no. 18/304, 15/26
[ Info: 64_32: layer 2/2, base field no. 18/304, 16/26
[ Info: 64_32: layer 2/2, base field no. 18/304, 17/26
[ Info: 64_32: layer 2/2, base field no. 18/304, 18/26
[ Info: 64_32: layer 2/2, base field no. 18/304, 19/26
[ Info: 64_32: layer 2/2, base field no. 18/304, 20/26
[ Info: 64_32: layer 2/2, base field no. 18/304, 21/26
[ Info: 64_32: layer 2/2, base field no. 18/304, 22/26
[ Info: 64_32: layer 2/2, base field no. 18/304, 23/26
[ Info: 64_32: layer 2/2, base field no. 18/304, 24/26
[ Info: 64_32: layer 2/2, base field no. 18/304, 25/26
[ Info: 64_32: layer 2/2, base field no. 18/304, 26/26
[ Info: 64_32: layer 2/2, base field no. 19/304, constructing abelian extensions
[ Info: 64_32: layer 2/2, base field no. 19/304, checking fields: 38
[ Info: 64_32: layer 2/2, base field no. 19/304, 1/38
[ Info: 64_32: layer 2/2, base field no. 19/304, 2/38
[ Info: 64_32: layer 2/2, base field no. 19/304, 3/38
[ Info: 64_32: layer 2/2, base field no. 19/304, 4/38
[ Info: 64_32: layer 2/2, base field no. 19/304, 5/38
[ Info: 64_32: layer 2/2, base field no. 19/304, 6/38
[ Info: 64_32: layer 2/2, base field no. 19/304, 7/38
[ Info: 64_32: layer 2/2, base field no. 19/304, 8/38
[ Info: 64_32: layer 2/2, base field no. 19/304, 9/38
[ Info: 64_32: layer 2/2, base field no. 19/304, 10/38
[ Info: 64_32: layer 2/2, base field no. 19/304, 11/38
[ Info: 64_32: layer 2/2, base field no. 19/304, 12/38
[ Info: 64_32: layer 2/2, base field no. 19/304, 13/38
[ Info: 64_32: layer 2/2, base field no. 19/304, 14/38
[ Info: 64_32: layer 2/2, base field no. 19/304, 15/38
[ Info: 64_32: layer 2/2, base field no. 19/304, 16/38
[ Info: 64_32: layer 2/2, base field no. 19/304, 17/38
[ Info: 64_32: layer 2/2, base field no. 19/304, 18/38
[ Info: 64_32: layer 2/2, base field no. 19/304, 19/38
[ Info: 64_32: layer 2/2, base field no. 19/304, 20/38
[ Info: 64_32: layer 2/2, base field no. 19/304, 21/38
[ Info: 64_32: layer 2/2, base field no. 19/304, 22/38
[ Info: 64_32: layer 2/2, base field no. 19/304, 23/38
[ Info: 64_32: layer 2/2, base field no. 19/304, 24/38
[ Info: 64_32: layer 2/2, base field no. 19/304, 25/38
[ Info: 64_32: layer 2/2, base field no. 19/304, 26/38
[ Info: 64_32: layer 2/2, base field no. 19/304, 27/38
[ Info: 64_32: layer 2/2, base field no. 19/304, 28/38
[ Info: 64_32: layer 2/2, base field no. 19/304, 29/38
[ Info: 64_32: layer 2/2, base field no. 19/304, 30/38
[ Info: 64_32: layer 2/2, base field no. 19/304, 31/38
[ Info: 64_32: layer 2/2, base field no. 19/304, 32/38
[ Info: 64_32: layer 2/2, base field no. 19/304, 33/38
[ Info: 64_32: layer 2/2, base field no. 19/304, 34/38
[ Info: 64_32: layer 2/2, base field no. 19/304, 35/38
[ Info: 64_32: layer 2/2, base field no. 19/304, 36/38
[ Info: 64_32: layer 2/2, base field no. 19/304, 37/38
[ Info: 64_32: layer 2/2, base field no. 19/304, 38/38
[ Info: 64_32: layer 2/2, base field no. 20/304, constructing abelian extensions
[ Info: 64_32: layer 2/2, base field no. 20/304, checking fields: 26
[ Info: 64_32: layer 2/2, base field no. 20/304, 1/26
[ Info: 64_32: layer 2/2, base field no. 20/304, 2/26
[ Info: 64_32: layer 2/2, base field no. 20/304, 3/26
[ Info: 64_32: layer 2/2, base field no. 20/304, 4/26
[ Info: 64_32: layer 2/2, base field no. 20/304, 5/26
[ Info: 64_32: layer 2/2, base field no. 20/304, 6/26
[ Info: 64_32: layer 2/2, base field no. 20/304, 7/26
[ Info: 64_32: layer 2/2, base field no. 20/304, 8/26
[ Info: 64_32: layer 2/2, base field no. 20/304, 9/26
[ Info: 64_32: layer 2/2, base field no. 20/304, 10/26
[ Info: 64_32: layer 2/2, base field no. 20/304, 11/26
[ Info: 64_32: layer 2/2, base field no. 20/304, 12/26
[ Info: 64_32: layer 2/2, base field no. 20/304, 13/26
[ Info: 64_32: layer 2/2, base field no. 20/304, 14/26
[ Info: 64_32: layer 2/2, base field no. 20/304, 15/26
[ Info: 64_32: layer 2/2, base field no. 20/304, 16/26
[ Info: 64_32: layer 2/2, base field no. 20/304, 17/26
[ Info: 64_32: layer 2/2, base field no. 20/304, 18/26
[ Info: 64_32: layer 2/2, base field no. 20/304, 19/26
[ Info: 64_32: layer 2/2, base field no. 20/304, 20/26
[ Info: 64_32: layer 2/2, base field no. 20/304, 21/26
[ Info: 64_32: layer 2/2, base field no. 20/304, 22/26
[ Info: 64_32: layer 2/2, base field no. 20/304, 23/26
[ Info: 64_32: layer 2/2, base field no. 20/304, 24/26
[ Info: 64_32: layer 2/2, base field no. 20/304, 25/26
[ Info: 64_32: layer 2/2, base field no. 20/304, 26/26
[ Info: 64_32: layer 2/2, base field no. 21/304, constructing abelian extensions
[ Info: 64_32: layer 2/2, base field no. 21/304, checking fields: 30
[ Info: 64_32: layer 2/2, base field no. 21/304, 1/30
[ Info: 64_32: layer 2/2, base field no. 21/304, 2/30
[ Info: 64_32: layer 2/2, base field no. 21/304, 3/30
[ Info: 64_32: layer 2/2, base field no. 21/304, 4/30
[ Info: 64_32: layer 2/2, base field no. 21/304, 5/30
[ Info: 64_32: layer 2/2, base field no. 21/304, 6/30
[ Info: 64_32: layer 2/2, base field no. 21/304, 7/30
[ Info: 64_32: layer 2/2, base field no. 21/304, 8/30
[ Info: 64_32: layer 2/2, base field no. 21/304, 9/30
[ Info: 64_32: layer 2/2, base field no. 21/304, 10/30
[ Info: 64_32: layer 2/2, base field no. 21/304, 11/30
[ Info: 64_32: layer 2/2, base field no. 21/304, 12/30
[ Info: 64_32: layer 2/2, base field no. 21/304, 13/30
[ Info: 64_32: layer 2/2, base field no. 21/304, 14/30
[ Info: 64_32: layer 2/2, base field no. 21/304, 15/30
[ Info: 64_32: layer 2/2, base field no. 21/304, 16/30
[ Info: 64_32: layer 2/2, base field no. 21/304, 17/30
[ Info: 64_32: layer 2/2, base field no. 21/304, 18/30
[ Info: 64_32: layer 2/2, base field no. 21/304, 19/30
[ Info: 64_32: layer 2/2, base field no. 21/304, 20/30
[ Info: 64_32: layer 2/2, base field no. 21/304, 21/30
[ Info: 64_32: layer 2/2, base field no. 21/304, 22/30
[ Info: 64_32: layer 2/2, base field no. 21/304, 23/30
[ Info: 64_32: layer 2/2, base field no. 21/304, 24/30
[ Info: 64_32: layer 2/2, base field no. 21/304, 25/30
[ Info: 64_32: layer 2/2, base field no. 21/304, 26/30
[ Info: 64_32: layer 2/2, base field no. 21/304, 27/30
[ Info: 64_32: layer 2/2, base field no. 21/304, 28/30
[ Info: 64_32: layer 2/2, base field no. 21/304, 29/30
[ Info: 64_32: layer 2/2, base field no. 21/304, 30/30
[ Info: 64_32: layer 2/2, base field no. 22/304, constructing abelian extensions
[ Info: 64_32: layer 2/2, base field no. 22/304, checking fields: 24
[ Info: 64_32: layer 2/2, base field no. 22/304, 1/24
[ Info: 64_32: layer 2/2, base field no. 22/304, 2/24
[ Info: 64_32: layer 2/2, base field no. 22/304, 3/24
[ Info: 64_32: layer 2/2, base field no. 22/304, 4/24
[ Info: 64_32: layer 2/2, base field no. 22/304, 5/24
[ Info: 64_32: layer 2/2, base field no. 22/304, 6/24
[ Info: 64_32: layer 2/2, base field no. 22/304, 7/24
[ Info: 64_32: layer 2/2, base field no. 22/304, 8/24
[ Info: 64_32: layer 2/2, base field no. 22/304, 9/24
[ Info: 64_32: layer 2/2, base field no. 22/304, 10/24
[ Info: 64_32: layer 2/2, base field no. 22/304, 11/24
[ Info: 64_32: layer 2/2, base field no. 22/304, 12/24
[ Info: 64_32: layer 2/2, base field no. 22/304, 13/24
[ Info: 64_32: layer 2/2, base field no. 22/304, 14/24
[ Info: 64_32: layer 2/2, base field no. 22/304, 15/24
[ Info: 64_32: layer 2/2, base field no. 22/304, 16/24
[ Info: 64_32: layer 2/2, base field no. 22/304, 17/24
[ Info: 64_32: layer 2/2, base field no. 22/304, 18/24
[ Info: 64_32: layer 2/2, base field no. 22/304, 19/24
[ Info: 64_32: layer 2/2, base field no. 22/304, 20/24
[ Info: 64_32: layer 2/2, base field no. 22/304, 21/24
[ Info: 64_32: layer 2/2, base field no. 22/304, 22/24
[ Info: 64_32: layer 2/2, base field no. 22/304, 23/24
[ Info: 64_32: layer 2/2, base field no. 22/304, 24/24
[ Info: 64_32: layer 2/2, base field no. 23/304, constructing abelian extensions
[ Info: 64_32: layer 2/2, base field no. 23/304, checking fields: 40
[ Info: 64_32: layer 2/2, base field no. 23/304, 1/40
[ Info: 64_32: layer 2/2, base field no. 23/304, 2/40
[ Info: 64_32: layer 2/2, base field no. 23/304, 3/40
[ Info: 64_32: layer 2/2, base field no. 23/304, 4/40
[ Info: 64_32: layer 2/2, base field no. 23/304, 5/40
[ Info: 64_32: layer 2/2, base field no. 23/304, 6/40
[ Info: 64_32: layer 2/2, base field no. 23/304, 7/40
[ Info: 64_32: layer 2/2, base field no. 23/304, 8/40
[ Info: 64_32: layer 2/2, base field no. 23/304, 9/40
[ Info: 64_32: layer 2/2, base field no. 23/304, 10/40
[ Info: 64_32: layer 2/2, base field no. 23/304, 11/40
[ Info: 64_32: layer 2/2, base field no. 23/304, 12/40
[ Info: 64_32: layer 2/2, base field no. 23/304, 13/40
[ Info: 64_32: layer 2/2, base field no. 23/304, 14/40
[ Info: 64_32: layer 2/2, base field no. 23/304, 15/40
[ Info: 64_32: layer 2/2, base field no. 23/304, 16/40
[ Info: 64_32: layer 2/2, base field no. 23/304, 17/40
[ Info: 64_32: layer 2/2, base field no. 23/304, 18/40
[ Info: 64_32: layer 2/2, base field no. 23/304, 19/40
[ Info: 64_32: layer 2/2, base field no. 23/304, 20/40
[ Info: 64_32: layer 2/2, base field no. 23/304, 21/40
[ Info: 64_32: layer 2/2, base field no. 23/304, 22/40
[ Info: 64_32: layer 2/2, base field no. 23/304, 23/40
[ Info: 64_32: layer 2/2, base field no. 23/304, 24/40
[ Info: 64_32: layer 2/2, base field no. 23/304, 25/40
[ Info: 64_32: layer 2/2, base field no. 23/304, 26/40
[ Info: 64_32: layer 2/2, base field no. 23/304, 27/40
[ Info: 64_32: layer 2/2, base field no. 23/304, 28/40
[ Info: 64_32: layer 2/2, base field no. 23/304, 29/40
[ Info: 64_32: layer 2/2, base field no. 23/304, 30/40
[ Info: 64_32: layer 2/2, base field no. 23/304, 31/40
[ Info: 64_32: layer 2/2, base field no. 23/304, 32/40
[ Info: 64_32: layer 2/2, base field no. 23/304, 33/40
[ Info: 64_32: layer 2/2, base field no. 23/304, 34/40
[ Info: 64_32: layer 2/2, base field no. 23/304, 35/40
[ Info: 64_32: layer 2/2, base field no. 23/304, 36/40
[ Info: 64_32: layer 2/2, base field no. 23/304, 37/40
[ Info: 64_32: layer 2/2, base field no. 23/304, 38/40
[ Info: 64_32: layer 2/2, base field no. 23/304, 39/40
[ Info: 64_32: layer 2/2, base field no. 23/304, 40/40
[ Info: 64_32: layer 2/2, base field no. 24/304, constructing abelian extensions
[ Info: 64_32: layer 2/2, base field no. 24/304, checking fields: 20
[ Info: 64_32: layer 2/2, base field no. 24/304, 1/20
[ Info: 64_32: layer 2/2, base field no. 24/304, 2/20
[ Info: 64_32: layer 2/2, base field no. 24/304, 3/20
[ Info: 64_32: layer 2/2, base field no. 24/304, 4/20
[ Info: 64_32: layer 2/2, base field no. 24/304, 5/20
[ Info: 64_32: layer 2/2, base field no. 24/304, 6/20
[ Info: 64_32: layer 2/2, base field no. 24/304, 7/20
[ Info: 64_32: layer 2/2, base field no. 24/304, 8/20
[ Info: 64_32: layer 2/2, base field no. 24/304, 9/20
[ Info: 64_32: layer 2/2, base field no. 24/304, 10/20
[ Info: 64_32: layer 2/2, base field no. 24/304, 11/20
[ Info: 64_32: layer 2/2, base field no. 24/304, 12/20
[ Info: 64_32: layer 2/2, base field no. 24/304, 13/20
[ Info: 64_32: layer 2/2, base field no. 24/304, 14/20
[ Info: 64_32: layer 2/2, base field no. 24/304, 15/20
[ Info: 64_32: layer 2/2, base field no. 24/304, 16/20
[ Info: 64_32: layer 2/2, base field no. 24/304, 17/20
[ Info: 64_32: layer 2/2, base field no. 24/304, 18/20
[ Info: 64_32: layer 2/2, base field no. 24/304, 19/20
[ Info: 64_32: layer 2/2, base field no. 24/304, 20/20
[ Info: 64_32: layer 2/2, base field no. 25/304, constructing abelian extensions
[ Info: 64_32: layer 2/2, base field no. 25/304, checking fields: 3
[ Info: 64_32: layer 2/2, base field no. 25/304, 1/3
[ Info: 64_32: layer 2/2, base field no. 25/304, 2/3
[ Info: 64_32: layer 2/2, base field no. 25/304, 3/3
[ Info: 64_32: layer 2/2, base field no. 26/304, constructing abelian extensions
[ Info: 64_32: layer 2/2, base field no. 26/304, checking fields: 1
[ Info: 64_32: layer 2/2, base field no. 26/304, 1/1
[ Info: 64_32: layer 2/2, base field no. 27/304, constructing abelian extensions
[ Info: 64_32: layer 2/2, base field no. 27/304, checking fields: 9
[ Info: 64_32: layer 2/2, base field no. 27/304, 1/9
[ Info: 64_32: layer 2/2, base field no. 27/304, 2/9
[ Info: 64_32: layer 2/2, base field no. 27/304, 3/9
[ Info: 64_32: layer 2/2, base field no. 27/304, 4/9
[ Info: 64_32: layer 2/2, base field no. 27/304, 5/9
[ Info: 64_32: layer 2/2, base field no. 27/304, 6/9
[ Info: 64_32: layer 2/2, base field no. 27/304, 7/9
[ Info: 64_32: layer 2/2, base field no. 27/304, 8/9
[ Info: 64_32: layer 2/2, base field no. 27/304, 9/9
[ Info: 64_32: layer 2/2, base field no. 28/304, constructing abelian extensions
[ Info: 64_32: layer 2/2, base field no. 28/304, checking fields: 4
[ Info: 64_32: layer 2/2, base field no. 28/304, 1/4
[ Info: 64_32: layer 2/2, base field no. 28/304, 2/4
[ Info: 64_32: layer 2/2, base field no. 28/304, 3/4
[ Info: 64_32: layer 2/2, base field no. 28/304, 4/4
[ Info: 64_32: layer 2/2, base field no. 29/304, constructing abelian extensions
[ Info: 64_32: layer 2/2, base field no. 29/304, checking fields: 2
[ Info: 64_32: layer 2/2, base field no. 29/304, 1/2
[ Info: 64_32: layer 2/2, base field no. 29/304, 2/2
[ Info: 64_32: layer 2/2, base field no. 30/304, constructing abelian extensions
[ Info: 64_32: layer 2/2, base field no. 30/304, checking fields: 4
[ Info: 64_32: layer 2/2, base field no. 30/304, 1/4
[ Info: 64_32: layer 2/2, base field no. 30/304, 2/4
[ Info: 64_32: layer 2/2, base field no. 30/304, 3/4
[ Info: 64_32: layer 2/2, base field no. 30/304, 4/4
[ Info: 64_32: layer 2/2, base field no. 31/304, constructing abelian extensions
[ Info: 64_32: layer 2/2, base field no. 31/304, checking fields: 0
[ Info: 64_32: layer 2/2, base field no. 32/304, constructing abelian extensions
[ Info: 64_32: layer 2/2, base field no. 32/304, checking fields: 1
[ Info: 64_32: layer 2/2, base field no. 32/304, 1/1
[ Info: 64_32: layer 2/2, base field no. 33/304, constructing abelian extensions
[ Info: 64_32: layer 2/2, base field no. 33/304, checking fields: 99
[ Info: 64_32: layer 2/2, base field no. 33/304, 1/99
[ Info: 64_32: layer 2/2, base field no. 33/304, 2/99
[ Info: 64_32: layer 2/2, base field no. 33/304, 3/99
[ Info: 64_32: layer 2/2, base field no. 33/304, 4/99
[ Info: 64_32: layer 2/2, base field no. 33/304, 5/99
[ Info: 64_32: layer 2/2, base field no. 33/304, 6/99
[ Info: 64_32: layer 2/2, base field no. 33/304, 7/99
[ Info: 64_32: layer 2/2, base field no. 33/304, 8/99
[ Info: 64_32: layer 2/2, base field no. 33/304, 9/99
[ Info: 64_32: layer 2/2, base field no. 33/304, 10/99
[ Info: 64_32: layer 2/2, base field no. 33/304, 11/99
[ Info: 64_32: layer 2/2, base field no. 33/304, 12/99
[ Info: 64_32: layer 2/2, base field no. 33/304, 13/99
[ Info: 64_32: layer 2/2, base field no. 33/304, 14/99
[ Info: 64_32: layer 2/2, base field no. 33/304, 15/99
[ Info: 64_32: layer 2/2, base field no. 33/304, 16/99
[ Info: 64_32: layer 2/2, base field no. 33/304, 17/99
[ Info: 64_32: layer 2/2, base field no. 33/304, 18/99
[ Info: 64_32: layer 2/2, base field no. 33/304, 19/99
[ Info: 64_32: layer 2/2, base field no. 33/304, 20/99
[ Info: 64_32: layer 2/2, base field no. 33/304, 21/99
[ Info: 64_32: layer 2/2, base field no. 33/304, 22/99
[ Info: 64_32: layer 2/2, base field no. 33/304, 23/99
[ Info: 64_32: layer 2/2, base field no. 33/304, 24/99
[ Info: 64_32: layer 2/2, base field no. 33/304, 25/99
[ Info: 64_32: layer 2/2, base field no. 33/304, 26/99
[ Info: 64_32: layer 2/2, base field no. 33/304, 27/99
[ Info: 64_32: layer 2/2, base field no. 33/304, 28/99
[ Info: 64_32: layer 2/2, base field no. 33/304, 29/99
[ Info: 64_32: layer 2/2, base field no. 33/304, 30/99
[ Info: 64_32: layer 2/2, base field no. 33/304, 31/99
[ Info: 64_32: layer 2/2, base field no. 33/304, 32/99
[ Info: 64_32: layer 2/2, base field no. 33/304, 33/99
[ Info: 64_32: layer 2/2, base field no. 33/304, 34/99
[ Info: 64_32: layer 2/2, base field no. 33/304, 35/99
[ Info: 64_32: layer 2/2, base field no. 33/304, 36/99
[ Info: 64_32: layer 2/2, base field no. 33/304, 37/99
[ Info: 64_32: layer 2/2, base field no. 33/304, 38/99
[ Info: 64_32: layer 2/2, base field no. 33/304, 39/99
[ Info: 64_32: layer 2/2, base field no. 33/304, 40/99
[ Info: 64_32: layer 2/2, base field no. 33/304, 41/99
[ Info: 64_32: layer 2/2, base field no. 33/304, 42/99
[ Info: 64_32: layer 2/2, base field no. 33/304, 43/99
[ Info: 64_32: layer 2/2, base field no. 33/304, 44/99
[ Info: 64_32: layer 2/2, base field no. 33/304, 45/99
[ Info: 64_32: layer 2/2, base field no. 33/304, 46/99
[ Info: 64_32: layer 2/2, base field no. 33/304, 47/99
[ Info: 64_32: layer 2/2, base field no. 33/304, 48/99
[ Info: 64_32: layer 2/2, base field no. 33/304, 49/99
[ Info: 64_32: layer 2/2, base field no. 33/304, 50/99
[ Info: 64_32: layer 2/2, base field no. 33/304, 51/99
[ Info: 64_32: layer 2/2, base field no. 33/304, 52/99
[ Info: 64_32: layer 2/2, base field no. 33/304, 53/99
[ Info: 64_32: layer 2/2, base field no. 33/304, 54/99
[ Info: 64_32: layer 2/2, base field no. 33/304, 55/99
[ Info: 64_32: layer 2/2, base field no. 33/304, 56/99
[ Info: 64_32: layer 2/2, base field no. 33/304, 57/99
[ Info: 64_32: layer 2/2, base field no. 33/304, 58/99
[ Info: 64_32: layer 2/2, base field no. 33/304, 59/99
[ Info: 64_32: layer 2/2, base field no. 33/304, 60/99
[ Info: 64_32: layer 2/2, base field no. 33/304, 61/99
[ Info: 64_32: layer 2/2, base field no. 33/304, 62/99
[ Info: 64_32: layer 2/2, base field no. 33/304, 63/99
[ Info: 64_32: layer 2/2, base field no. 33/304, 64/99
[ Info: 64_32: layer 2/2, base field no. 33/304, 65/99
[ Info: 64_32: layer 2/2, base field no. 33/304, 66/99
[ Info: 64_32: layer 2/2, base field no. 33/304, 67/99
[ Info: 64_32: layer 2/2, base field no. 33/304, 68/99
[ Info: 64_32: layer 2/2, base field no. 33/304, 69/99
[ Info: 64_32: layer 2/2, base field no. 33/304, 70/99
[ Info: 64_32: layer 2/2, base field no. 33/304, 71/99
[ Info: 64_32: layer 2/2, base field no. 33/304, 72/99
[ Info: 64_32: layer 2/2, base field no. 33/304, 73/99
[ Info: 64_32: layer 2/2, base field no. 33/304, 74/99
[ Info: 64_32: layer 2/2, base field no. 33/304, 75/99
[ Info: 64_32: layer 2/2, base field no. 33/304, 76/99
[ Info: 64_32: layer 2/2, base field no. 33/304, 77/99
[ Info: 64_32: layer 2/2, base field no. 33/304, 78/99
[ Info: 64_32: layer 2/2, base field no. 33/304, 79/99
[ Info: 64_32: layer 2/2, base field no. 33/304, 80/99
[ Info: 64_32: layer 2/2, base field no. 33/304, 81/99
[ Info: 64_32: layer 2/2, base field no. 33/304, 82/99
[ Info: 64_32: layer 2/2, base field no. 33/304, 83/99
[ Info: 64_32: layer 2/2, base field no. 33/304, 84/99
[ Info: 64_32: layer 2/2, base field no. 33/304, 85/99
[ Info: 64_32: layer 2/2, base field no. 33/304, 86/99
[ Info: 64_32: layer 2/2, base field no. 33/304, 87/99
[ Info: 64_32: layer 2/2, base field no. 33/304, 88/99
[ Info: 64_32: layer 2/2, base field no. 33/304, 89/99
[ Info: 64_32: layer 2/2, base field no. 33/304, 90/99
[ Info: 64_32: layer 2/2, base field no. 33/304, 91/99
[ Info: 64_32: layer 2/2, base field no. 33/304, 92/99
[ Info: 64_32: layer 2/2, base field no. 33/304, 93/99
[ Info: 64_32: layer 2/2, base field no. 33/304, 94/99
[ Info: 64_32: layer 2/2, base field no. 33/304, 95/99
[ Info: 64_32: layer 2/2, base field no. 33/304, 96/99
[ Info: 64_32: layer 2/2, base field no. 33/304, 97/99
[ Info: 64_32: layer 2/2, base field no. 33/304, 98/99
[ Info: 64_32: layer 2/2, base field no. 33/304, 99/99
[ Info: 64_32: layer 2/2, base field no. 34/304, constructing abelian extensions
[ Info: 64_32: layer 2/2, base field no. 34/304, checking fields: 57
[ Info: 64_32: layer 2/2, base field no. 34/304, 1/57
[ Info: 64_32: layer 2/2, base field no. 34/304, 2/57
[ Info: 64_32: layer 2/2, base field no. 34/304, 3/57
[ Info: 64_32: layer 2/2, base field no. 34/304, 4/57
[ Info: 64_32: layer 2/2, base field no. 34/304, 5/57
[ Info: 64_32: layer 2/2, base field no. 34/304, 6/57
[ Info: 64_32: layer 2/2, base field no. 34/304, 7/57
[ Info: 64_32: layer 2/2, base field no. 34/304, 8/57
[ Info: 64_32: layer 2/2, base field no. 34/304, 9/57
[ Info: 64_32: layer 2/2, base field no. 34/304, 10/57
[ Info: 64_32: layer 2/2, base field no. 34/304, 11/57
[ Info: 64_32: layer 2/2, base field no. 34/304, 12/57
[ Info: 64_32: layer 2/2, base field no. 34/304, 13/57
[ Info: 64_32: layer 2/2, base field no. 34/304, 14/57
[ Info: 64_32: layer 2/2, base field no. 34/304, 15/57
[ Info: 64_32: layer 2/2, base field no. 34/304, 16/57
[ Info: 64_32: layer 2/2, base field no. 34/304, 17/57
[ Info: 64_32: layer 2/2, base field no. 34/304, 18/57
[ Info: 64_32: layer 2/2, base field no. 34/304, 19/57
[ Info: 64_32: layer 2/2, base field no. 34/304, 20/57
[ Info: 64_32: layer 2/2, base field no. 34/304, 21/57
[ Info: 64_32: layer 2/2, base field no. 34/304, 22/57
[ Info: 64_32: layer 2/2, base field no. 34/304, 23/57
[ Info: 64_32: layer 2/2, base field no. 34/304, 24/57
[ Info: 64_32: layer 2/2, base field no. 34/304, 25/57
[ Info: 64_32: layer 2/2, base field no. 34/304, 26/57
[ Info: 64_32: layer 2/2, base field no. 34/304, 27/57
[ Info: 64_32: layer 2/2, base field no. 34/304, 28/57
[ Info: 64_32: layer 2/2, base field no. 34/304, 29/57
[ Info: 64_32: layer 2/2, base field no. 34/304, 30/57
[ Info: 64_32: layer 2/2, base field no. 34/304, 31/57
[ Info: 64_32: layer 2/2, base field no. 34/304, 32/57
[ Info: 64_32: layer 2/2, base field no. 34/304, 33/57
[ Info: 64_32: layer 2/2, base field no. 34/304, 34/57
[ Info: 64_32: layer 2/2, base field no. 34/304, 35/57
[ Info: 64_32: layer 2/2, base field no. 34/304, 36/57
[ Info: 64_32: layer 2/2, base field no. 34/304, 37/57
[ Info: 64_32: layer 2/2, base field no. 34/304, 38/57
[ Info: 64_32: layer 2/2, base field no. 34/304, 39/57
[ Info: 64_32: layer 2/2, base field no. 34/304, 40/57
[ Info: 64_32: layer 2/2, base field no. 34/304, 41/57
[ Info: 64_32: layer 2/2, base field no. 34/304, 42/57
[ Info: 64_32: layer 2/2, base field no. 34/304, 43/57
[ Info: 64_32: layer 2/2, base field no. 34/304, 44/57
[ Info: 64_32: layer 2/2, base field no. 34/304, 45/57
[ Info: 64_32: layer 2/2, base field no. 34/304, 46/57
[ Info: 64_32: layer 2/2, base field no. 34/304, 47/57
[ Info: 64_32: layer 2/2, base field no. 34/304, 48/57
[ Info: 64_32: layer 2/2, base field no. 34/304, 49/57
[ Info: 64_32: layer 2/2, base field no. 34/304, 50/57
[ Info: 64_32: layer 2/2, base field no. 34/304, 51/57
[ Info: 64_32: layer 2/2, base field no. 34/304, 52/57
[ Info: 64_32: layer 2/2, base field no. 34/304, 53/57
[ Info: 64_32: layer 2/2, base field no. 34/304, 54/57
[ Info: 64_32: layer 2/2, base field no. 34/304, 55/57
[ Info: 64_32: layer 2/2, base field no. 34/304, 56/57
[ Info: 64_32: layer 2/2, base field no. 34/304, 57/57
[ Info: 64_32: layer 2/2, base field no. 35/304, constructing abelian extensions
[ Info: 64_32: layer 2/2, base field no. 35/304, checking fields: 79
[ Info: 64_32: layer 2/2, base field no. 35/304, 1/79
[ Info: 64_32: layer 2/2, base field no. 35/304, 2/79
[ Info: 64_32: layer 2/2, base field no. 35/304, 3/79
[ Info: 64_32: layer 2/2, base field no. 35/304, 4/79
[ Info: 64_32: layer 2/2, base field no. 35/304, 5/79
[ Info: 64_32: layer 2/2, base field no. 35/304, 6/79
[ Info: 64_32: layer 2/2, base field no. 35/304, 7/79
[ Info: 64_32: layer 2/2, base field no. 35/304, 8/79
[ Info: 64_32: layer 2/2, base field no. 35/304, 9/79
[ Info: 64_32: layer 2/2, base field no. 35/304, 10/79
[ Info: 64_32: layer 2/2, base field no. 35/304, 11/79
[ Info: 64_32: layer 2/2, base field no. 35/304, 12/79
[ Info: 64_32: layer 2/2, base field no. 35/304, 13/79
[ Info: 64_32: layer 2/2, base field no. 35/304, 14/79
[ Info: 64_32: layer 2/2, base field no. 35/304, 15/79
[ Info: 64_32: layer 2/2, base field no. 35/304, 16/79
[ Info: 64_32: layer 2/2, base field no. 35/304, 17/79
[ Info: 64_32: layer 2/2, base field no. 35/304, 18/79
[ Info: 64_32: layer 2/2, base field no. 35/304, 19/79
[ Info: 64_32: layer 2/2, base field no. 35/304, 20/79
[ Info: 64_32: layer 2/2, base field no. 35/304, 21/79
[ Info: 64_32: layer 2/2, base field no. 35/304, 22/79
[ Info: 64_32: layer 2/2, base field no. 35/304, 23/79
[ Info: 64_32: layer 2/2, base field no. 35/304, 24/79
[ Info: 64_32: layer 2/2, base field no. 35/304, 25/79
[ Info: 64_32: layer 2/2, base field no. 35/304, 26/79
[ Info: 64_32: layer 2/2, base field no. 35/304, 27/79
[ Info: 64_32: layer 2/2, base field no. 35/304, 28/79
[ Info: 64_32: layer 2/2, base field no. 35/304, 29/79
[ Info: 64_32: layer 2/2, base field no. 35/304, 30/79
[ Info: 64_32: layer 2/2, base field no. 35/304, 31/79
[ Info: 64_32: layer 2/2, base field no. 35/304, 32/79
[ Info: 64_32: layer 2/2, base field no. 35/304, 33/79
[ Info: 64_32: layer 2/2, base field no. 35/304, 34/79
[ Info: 64_32: layer 2/2, base field no. 35/304, 35/79
[ Info: 64_32: layer 2/2, base field no. 35/304, 36/79
[ Info: 64_32: layer 2/2, base field no. 35/304, 37/79
[ Info: 64_32: layer 2/2, base field no. 35/304, 38/79
[ Info: 64_32: layer 2/2, base field no. 35/304, 39/79
[ Info: 64_32: layer 2/2, base field no. 35/304, 40/79
[ Info: 64_32: layer 2/2, base field no. 35/304, 41/79
[ Info: 64_32: layer 2/2, base field no. 35/304, 42/79
[ Info: 64_32: layer 2/2, base field no. 35/304, 43/79
[ Info: 64_32: layer 2/2, base field no. 35/304, 44/79
[ Info: 64_32: layer 2/2, base field no. 35/304, 45/79
[ Info: 64_32: layer 2/2, base field no. 35/304, 46/79
[ Info: 64_32: layer 2/2, base field no. 35/304, 47/79
[ Info: 64_32: layer 2/2, base field no. 35/304, 48/79
[ Info: 64_32: layer 2/2, base field no. 35/304, 49/79
[ Info: 64_32: layer 2/2, base field no. 35/304, 50/79
[ Info: 64_32: layer 2/2, base field no. 35/304, 51/79
[ Info: 64_32: layer 2/2, base field no. 35/304, 52/79
[ Info: 64_32: layer 2/2, base field no. 35/304, 53/79
[ Info: 64_32: layer 2/2, base field no. 35/304, 54/79
[ Info: 64_32: layer 2/2, base field no. 35/304, 55/79
[ Info: 64_32: layer 2/2, base field no. 35/304, 56/79
[ Info: 64_32: layer 2/2, base field no. 35/304, 57/79
[ Info: 64_32: layer 2/2, base field no. 35/304, 58/79
[ Info: 64_32: layer 2/2, base field no. 35/304, 59/79
[ Info: 64_32: layer 2/2, base field no. 35/304, 60/79
[ Info: 64_32: layer 2/2, base field no. 35/304, 61/79
[ Info: 64_32: layer 2/2, base field no. 35/304, 62/79
[ Info: 64_32: layer 2/2, base field no. 35/304, 63/79
[ Info: 64_32: layer 2/2, base field no. 35/304, 64/79
[ Info: 64_32: layer 2/2, base field no. 35/304, 65/79
[ Info: 64_32: layer 2/2, base field no. 35/304, 66/79
[ Info: 64_32: layer 2/2, base field no. 35/304, 67/79
[ Info: 64_32: layer 2/2, base field no. 35/304, 68/79
[ Info: 64_32: layer 2/2, base field no. 35/304, 69/79
[ Info: 64_32: layer 2/2, base field no. 35/304, 70/79
[ Info: 64_32: layer 2/2, base field no. 35/304, 71/79
[ Info: 64_32: layer 2/2, base field no. 35/304, 72/79
[ Info: 64_32: layer 2/2, base field no. 35/304, 73/79
[ Info: 64_32: layer 2/2, base field no. 35/304, 74/79
[ Info: 64_32: layer 2/2, base field no. 35/304, 75/79
[ Info: 64_32: layer 2/2, base field no. 35/304, 76/79
[ Info: 64_32: layer 2/2, base field no. 35/304, 77/79
[ Info: 64_32: layer 2/2, base field no. 35/304, 78/79
[ Info: 64_32: layer 2/2, base field no. 35/304, 79/79
[ Info: 64_32: layer 2/2, base field no. 36/304, constructing abelian extensions
[ Info: 64_32: layer 2/2, base field no. 36/304, checking fields: 35
[ Info: 64_32: layer 2/2, base field no. 36/304, 1/35
[ Info: 64_32: layer 2/2, base field no. 36/304, 2/35
[ Info: 64_32: layer 2/2, base field no. 36/304, 3/35
[ Info: 64_32: layer 2/2, base field no. 36/304, 4/35
[ Info: 64_32: layer 2/2, base field no. 36/304, 5/35
[ Info: 64_32: layer 2/2, base field no. 36/304, 6/35
[ Info: 64_32: layer 2/2, base field no. 36/304, 7/35
[ Info: 64_32: layer 2/2, base field no. 36/304, 8/35
[ Info: 64_32: layer 2/2, base field no. 36/304, 9/35
[ Info: 64_32: layer 2/2, base field no. 36/304, 10/35
[ Info: 64_32: layer 2/2, base field no. 36/304, 11/35
[ Info: 64_32: layer 2/2, base field no. 36/304, 12/35
[ Info: 64_32: layer 2/2, base field no. 36/304, 13/35
[ Info: 64_32: layer 2/2, base field no. 36/304, 14/35
[ Info: 64_32: layer 2/2, base field no. 36/304, 15/35
[ Info: 64_32: layer 2/2, base field no. 36/304, 16/35
[ Info: 64_32: layer 2/2, base field no. 36/304, 17/35
[ Info: 64_32: layer 2/2, base field no. 36/304, 18/35
[ Info: 64_32: layer 2/2, base field no. 36/304, 19/35
[ Info: 64_32: layer 2/2, base field no. 36/304, 20/35
[ Info: 64_32: layer 2/2, base field no. 36/304, 21/35
[ Info: 64_32: layer 2/2, base field no. 36/304, 22/35
[ Info: 64_32: layer 2/2, base field no. 36/304, 23/35
[ Info: 64_32: layer 2/2, base field no. 36/304, 24/35
[ Info: 64_32: layer 2/2, base field no. 36/304, 25/35
[ Info: 64_32: layer 2/2, base field no. 36/304, 26/35
[ Info: 64_32: layer 2/2, base field no. 36/304, 27/35
[ Info: 64_32: layer 2/2, base field no. 36/304, 28/35
[ Info: 64_32: layer 2/2, base field no. 36/304, 29/35
[ Info: 64_32: layer 2/2, base field no. 36/304, 30/35
[ Info: 64_32: layer 2/2, base field no. 36/304, 31/35
[ Info: 64_32: layer 2/2, base field no. 36/304, 32/35
[ Info: 64_32: layer 2/2, base field no. 36/304, 33/35
[ Info: 64_32: layer 2/2, base field no. 36/304, 34/35
[ Info: 64_32: layer 2/2, base field no. 36/304, 35/35
[ Info: 64_32: layer 2/2, base field no. 37/304, constructing abelian extensions
[ Info: 64_32: layer 2/2, base field no. 37/304, checking fields: 35
[ Info: 64_32: layer 2/2, base field no. 37/304, 1/35
[ Info: 64_32: layer 2/2, base field no. 37/304, 2/35
[ Info: 64_32: layer 2/2, base field no. 37/304, 3/35
[ Info: 64_32: layer 2/2, base field no. 37/304, 4/35
[ Info: 64_32: layer 2/2, base field no. 37/304, 5/35
[ Info: 64_32: layer 2/2, base field no. 37/304, 6/35
[ Info: 64_32: layer 2/2, base field no. 37/304, 7/35
[ Info: 64_32: layer 2/2, base field no. 37/304, 8/35
[ Info: 64_32: layer 2/2, base field no. 37/304, 9/35
[ Info: 64_32: layer 2/2, base field no. 37/304, 10/35
[ Info: 64_32: layer 2/2, base field no. 37/304, 11/35
[ Info: 64_32: layer 2/2, base field no. 37/304, 12/35
[ Info: 64_32: layer 2/2, base field no. 37/304, 13/35
[ Info: 64_32: layer 2/2, base field no. 37/304, 14/35
[ Info: 64_32: layer 2/2, base field no. 37/304, 15/35
[ Info: 64_32: layer 2/2, base field no. 37/304, 16/35
[ Info: 64_32: layer 2/2, base field no. 37/304, 17/35
[ Info: 64_32: layer 2/2, base field no. 37/304, 18/35
[ Info: 64_32: layer 2/2, base field no. 37/304, 19/35
[ Info: 64_32: layer 2/2, base field no. 37/304, 20/35
[ Info: 64_32: layer 2/2, base field no. 37/304, 21/35
[ Info: 64_32: layer 2/2, base field no. 37/304, 22/35
[ Info: 64_32: layer 2/2, base field no. 37/304, 23/35
[ Info: 64_32: layer 2/2, base field no. 37/304, 24/35
[ Info: 64_32: layer 2/2, base field no. 37/304, 25/35
[ Info: 64_32: layer 2/2, base field no. 37/304, 26/35
[ Info: 64_32: layer 2/2, base field no. 37/304, 27/35
[ Info: 64_32: layer 2/2, base field no. 37/304, 28/35
[ Info: 64_32: layer 2/2, base field no. 37/304, 29/35
[ Info: 64_32: layer 2/2, base field no. 37/304, 30/35
[ Info: 64_32: layer 2/2, base field no. 37/304, 31/35
[ Info: 64_32: layer 2/2, base field no. 37/304, 32/35
[ Info: 64_32: layer 2/2, base field no. 37/304, 33/35
[ Info: 64_32: layer 2/2, base field no. 37/304, 34/35
[ Info: 64_32: layer 2/2, base field no. 37/304, 35/35
[ Info: 64_32: layer 2/2, base field no. 38/304, constructing abelian extensions
[ Info: 64_32: layer 2/2, base field no. 38/304, checking fields: 11
[ Info: 64_32: layer 2/2, base field no. 38/304, 1/11
[ Info: 64_32: layer 2/2, base field no. 38/304, 2/11
[ Info: 64_32: layer 2/2, base field no. 38/304, 3/11
[ Info: 64_32: layer 2/2, base field no. 38/304, 4/11
[ Info: 64_32: layer 2/2, base field no. 38/304, 5/11
[ Info: 64_32: layer 2/2, base field no. 38/304, 6/11
[ Info: 64_32: layer 2/2, base field no. 38/304, 7/11
[ Info: 64_32: layer 2/2, base field no. 38/304, 8/11
[ Info: 64_32: layer 2/2, base field no. 38/304, 9/11
[ Info: 64_32: layer 2/2, base field no. 38/304, 10/11
[ Info: 64_32: layer 2/2, base field no. 38/304, 11/11
[ Info: 64_32: layer 2/2, base field no. 39/304, constructing abelian extensions
[ Info: 64_32: layer 2/2, base field no. 39/304, checking fields: 15
[ Info: 64_32: layer 2/2, base field no. 39/304, 1/15
[ Info: 64_32: layer 2/2, base field no. 39/304, 2/15
[ Info: 64_32: layer 2/2, base field no. 39/304, 3/15
[ Info: 64_32: layer 2/2, base field no. 39/304, 4/15
[ Info: 64_32: layer 2/2, base field no. 39/304, 5/15
[ Info: 64_32: layer 2/2, base field no. 39/304, 6/15
[ Info: 64_32: layer 2/2, base field no. 39/304, 7/15
[ Info: 64_32: layer 2/2, base field no. 39/304, 8/15
[ Info: 64_32: layer 2/2, base field no. 39/304, 9/15
[ Info: 64_32: layer 2/2, base field no. 39/304, 10/15
[ Info: 64_32: layer 2/2, base field no. 39/304, 11/15
[ Info: 64_32: layer 2/2, base field no. 39/304, 12/15
[ Info: 64_32: layer 2/2, base field no. 39/304, 13/15
[ Info: 64_32: layer 2/2, base field no. 39/304, 14/15
[ Info: 64_32: layer 2/2, base field no. 39/304, 15/15
[ Info: 64_32: layer 2/2, base field no. 40/304, constructing abelian extensions
[ Info: 64_32: layer 2/2, base field no. 40/304, checking fields: 32
[ Info: 64_32: layer 2/2, base field no. 40/304, 1/32
[ Info: 64_32: layer 2/2, base field no. 40/304, 2/32
[ Info: 64_32: layer 2/2, base field no. 40/304, 3/32
[ Info: 64_32: layer 2/2, base field no. 40/304, 4/32
[ Info: 64_32: layer 2/2, base field no. 40/304, 5/32
[ Info: 64_32: layer 2/2, base field no. 40/304, 6/32
[ Info: 64_32: layer 2/2, base field no. 40/304, 7/32
[ Info: 64_32: layer 2/2, base field no. 40/304, 8/32
[ Info: 64_32: layer 2/2, base field no. 40/304, 9/32
[ Info: 64_32: layer 2/2, base field no. 40/304, 10/32
[ Info: 64_32: layer 2/2, base field no. 40/304, 11/32
[ Info: 64_32: layer 2/2, base field no. 40/304, 12/32
[ Info: 64_32: layer 2/2, base field no. 40/304, 13/32
[ Info: 64_32: layer 2/2, base field no. 40/304, 14/32
[ Info: 64_32: layer 2/2, base field no. 40/304, 15/32
[ Info: 64_32: layer 2/2, base field no. 40/304, 16/32
[ Info: 64_32: layer 2/2, base field no. 40/304, 17/32
[ Info: 64_32: layer 2/2, base field no. 40/304, 18/32
[ Info: 64_32: layer 2/2, base field no. 40/304, 19/32
[ Info: 64_32: layer 2/2, base field no. 40/304, 20/32
[ Info: 64_32: layer 2/2, base field no. 40/304, 21/32
[ Info: 64_32: layer 2/2, base field no. 40/304, 22/32
[ Info: 64_32: layer 2/2, base field no. 40/304, 23/32
[ Info: 64_32: layer 2/2, base field no. 40/304, 24/32
[ Info: 64_32: layer 2/2, base field no. 40/304, 25/32
[ Info: 64_32: layer 2/2, base field no. 40/304, 26/32
[ Info: 64_32: layer 2/2, base field no. 40/304, 27/32
[ Info: 64_32: layer 2/2, base field no. 40/304, 28/32
[ Info: 64_32: layer 2/2, base field no. 40/304, 29/32
[ Info: 64_32: layer 2/2, base field no. 40/304, 30/32
[ Info: 64_32: layer 2/2, base field no. 40/304, 31/32
[ Info: 64_32: layer 2/2, base field no. 40/304, 32/32
[ Info: 64_32: layer 2/2, base field no. 41/304, constructing abelian extensions
[ Info: 64_32: layer 2/2, base field no. 41/304, checking fields: 11
[ Info: 64_32: layer 2/2, base field no. 41/304, 1/11
[ Info: 64_32: layer 2/2, base field no. 41/304, 2/11
[ Info: 64_32: layer 2/2, base field no. 41/304, 3/11
[ Info: 64_32: layer 2/2, base field no. 41/304, 4/11
[ Info: 64_32: layer 2/2, base field no. 41/304, 5/11
[ Info: 64_32: layer 2/2, base field no. 41/304, 6/11
[ Info: 64_32: layer 2/2, base field no. 41/304, 7/11
[ Info: 64_32: layer 2/2, base field no. 41/304, 8/11
[ Info: 64_32: layer 2/2, base field no. 41/304, 9/11
[ Info: 64_32: layer 2/2, base field no. 41/304, 10/11
[ Info: 64_32: layer 2/2, base field no. 41/304, 11/11
[ Info: 64_32: layer 2/2, base field no. 42/304, constructing abelian extensions
[ Info: 64_32: layer 2/2, base field no. 42/304, checking fields: 23
[ Info: 64_32: layer 2/2, base field no. 42/304, 1/23
[ Info: 64_32: layer 2/2, base field no. 42/304, 2/23
[ Info: 64_32: layer 2/2, base field no. 42/304, 3/23
[ Info: 64_32: layer 2/2, base field no. 42/304, 4/23
[ Info: 64_32: layer 2/2, base field no. 42/304, 5/23
[ Info: 64_32: layer 2/2, base field no. 42/304, 6/23
[ Info: 64_32: layer 2/2, base field no. 42/304, 7/23
[ Info: 64_32: layer 2/2, base field no. 42/304, 8/23
[ Info: 64_32: layer 2/2, base field no. 42/304, 9/23
[ Info: 64_32: layer 2/2, base field no. 42/304, 10/23
[ Info: 64_32: layer 2/2, base field no. 42/304, 11/23
[ Info: 64_32: layer 2/2, base field no. 42/304, 12/23
[ Info: 64_32: layer 2/2, base field no. 42/304, 13/23
[ Info: 64_32: layer 2/2, base field no. 42/304, 14/23
[ Info: 64_32: layer 2/2, base field no. 42/304, 15/23
[ Info: 64_32: layer 2/2, base field no. 42/304, 16/23
[ Info: 64_32: layer 2/2, base field no. 42/304, 17/23
[ Info: 64_32: layer 2/2, base field no. 42/304, 18/23
[ Info: 64_32: layer 2/2, base field no. 42/304, 19/23
[ Info: 64_32: layer 2/2, base field no. 42/304, 20/23
[ Info: 64_32: layer 2/2, base field no. 42/304, 21/23
[ Info: 64_32: layer 2/2, base field no. 42/304, 22/23
[ Info: 64_32: layer 2/2, base field no. 42/304, 23/23
[ Info: 64_32: layer 2/2, base field no. 43/304, constructing abelian extensions
[ Info: 64_32: layer 2/2, base field no. 43/304, checking fields: 16
[ Info: 64_32: layer 2/2, base field no. 43/304, 1/16
[ Info: 64_32: layer 2/2, base field no. 43/304, 2/16
[ Info: 64_32: layer 2/2, base field no. 43/304, 3/16
[ Info: 64_32: layer 2/2, base field no. 43/304, 4/16
[ Info: 64_32: layer 2/2, base field no. 43/304, 5/16
[ Info: 64_32: layer 2/2, base field no. 43/304, 6/16
[ Info: 64_32: layer 2/2, base field no. 43/304, 7/16
[ Info: 64_32: layer 2/2, base field no. 43/304, 8/16
[ Info: 64_32: layer 2/2, base field no. 43/304, 9/16
[ Info: 64_32: layer 2/2, base field no. 43/304, 10/16
[ Info: 64_32: layer 2/2, base field no. 43/304, 11/16
[ Info: 64_32: layer 2/2, base field no. 43/304, 12/16
[ Info: 64_32: layer 2/2, base field no. 43/304, 13/16
[ Info: 64_32: layer 2/2, base field no. 43/304, 14/16
[ Info: 64_32: layer 2/2, base field no. 43/304, 15/16
[ Info: 64_32: layer 2/2, base field no. 43/304, 16/16
[ Info: 64_32: layer 2/2, base field no. 44/304, constructing abelian extensions
[ Info: 64_32: layer 2/2, base field no. 44/304, checking fields: 19
[ Info: 64_32: layer 2/2, base field no. 44/304, 1/19
[ Info: 64_32: layer 2/2, base field no. 44/304, 2/19
[ Info: 64_32: layer 2/2, base field no. 44/304, 3/19
[ Info: 64_32: layer 2/2, base field no. 44/304, 4/19
[ Info: 64_32: layer 2/2, base field no. 44/304, 5/19
[ Info: 64_32: layer 2/2, base field no. 44/304, 6/19
[ Info: 64_32: layer 2/2, base field no. 44/304, 7/19
[ Info: 64_32: layer 2/2, base field no. 44/304, 8/19
[ Info: 64_32: layer 2/2, base field no. 44/304, 9/19
[ Info: 64_32: layer 2/2, base field no. 44/304, 10/19
[ Info: 64_32: layer 2/2, base field no. 44/304, 11/19
[ Info: 64_32: layer 2/2, base field no. 44/304, 12/19
[ Info: 64_32: layer 2/2, base field no. 44/304, 13/19
[ Info: 64_32: layer 2/2, base field no. 44/304, 14/19
[ Info: 64_32: layer 2/2, base field no. 44/304, 15/19
[ Info: 64_32: layer 2/2, base field no. 44/304, 16/19
[ Info: 64_32: layer 2/2, base field no. 44/304, 17/19
[ Info: 64_32: layer 2/2, base field no. 44/304, 18/19
[ Info: 64_32: layer 2/2, base field no. 44/304, 19/19
[ Info: 64_32: layer 2/2, base field no. 45/304, constructing abelian extensions
[ Info: 64_32: layer 2/2, base field no. 45/304, checking fields: 15
[ Info: 64_32: layer 2/2, base field no. 45/304, 1/15
[ Info: 64_32: layer 2/2, base field no. 45/304, 2/15
[ Info: 64_32: layer 2/2, base field no. 45/304, 3/15
[ Info: 64_32: layer 2/2, base field no. 45/304, 4/15
[ Info: 64_32: layer 2/2, base field no. 45/304, 5/15
[ Info: 64_32: layer 2/2, base field no. 45/304, 6/15
[ Info: 64_32: layer 2/2, base field no. 45/304, 7/15
[ Info: 64_32: layer 2/2, base field no. 45/304, 8/15
[ Info: 64_32: layer 2/2, base field no. 45/304, 9/15
[ Info: 64_32: layer 2/2, base field no. 45/304, 10/15
[ Info: 64_32: layer 2/2, base field no. 45/304, 11/15
[ Info: 64_32: layer 2/2, base field no. 45/304, 12/15
[ Info: 64_32: layer 2/2, base field no. 45/304, 13/15
[ Info: 64_32: layer 2/2, base field no. 45/304, 14/15
[ Info: 64_32: layer 2/2, base field no. 45/304, 15/15
[ Info: 64_32: layer 2/2, base field no. 46/304, constructing abelian extensions
[ Info: 64_32: layer 2/2, base field no. 46/304, checking fields: 14
[ Info: 64_32: layer 2/2, base field no. 46/304, 1/14
[ Info: 64_32: layer 2/2, base field no. 46/304, 2/14
[ Info: 64_32: layer 2/2, base field no. 46/304, 3/14
[ Info: 64_32: layer 2/2, base field no. 46/304, 4/14
[ Info: 64_32: layer 2/2, base field no. 46/304, 5/14
[ Info: 64_32: layer 2/2, base field no. 46/304, 6/14
[ Info: 64_32: layer 2/2, base field no. 46/304, 7/14
[ Info: 64_32: layer 2/2, base field no. 46/304, 8/14
[ Info: 64_32: layer 2/2, base field no. 46/304, 9/14
[ Info: 64_32: layer 2/2, base field no. 46/304, 10/14
[ Info: 64_32: layer 2/2, base field no. 46/304, 11/14
[ Info: 64_32: layer 2/2, base field no. 46/304, 12/14
[ Info: 64_32: layer 2/2, base field no. 46/304, 13/14
[ Info: 64_32: layer 2/2, base field no. 46/304, 14/14
[ Info: 64_32: layer 2/2, base field no. 47/304, constructing abelian extensions
[ Info: 64_32: layer 2/2, base field no. 47/304, checking fields: 14
[ Info: 64_32: layer 2/2, base field no. 47/304, 1/14
[ Info: 64_32: layer 2/2, base field no. 47/304, 2/14
[ Info: 64_32: layer 2/2, base field no. 47/304, 3/14
[ Info: 64_32: layer 2/2, base field no. 47/304, 4/14
[ Info: 64_32: layer 2/2, base field no. 47/304, 5/14
[ Info: 64_32: layer 2/2, base field no. 47/304, 6/14
[ Info: 64_32: layer 2/2, base field no. 47/304, 7/14
[ Info: 64_32: layer 2/2, base field no. 47/304, 8/14
[ Info: 64_32: layer 2/2, base field no. 47/304, 9/14
[ Info: 64_32: layer 2/2, base field no. 47/304, 10/14
[ Info: 64_32: layer 2/2, base field no. 47/304, 11/14
[ Info: 64_32: layer 2/2, base field no. 47/304, 12/14
[ Info: 64_32: layer 2/2, base field no. 47/304, 13/14
[ Info: 64_32: layer 2/2, base field no. 47/304, 14/14
[ Info: 64_32: layer 2/2, base field no. 48/304, constructing abelian extensions
[ Info: 64_32: layer 2/2, base field no. 48/304, checking fields: 11
[ Info: 64_32: layer 2/2, base field no. 48/304, 1/11
[ Info: 64_32: layer 2/2, base field no. 48/304, 2/11
[ Info: 64_32: layer 2/2, base field no. 48/304, 3/11
[ Info: 64_32: layer 2/2, base field no. 48/304, 4/11
[ Info: 64_32: layer 2/2, base field no. 48/304, 5/11
[ Info: 64_32: layer 2/2, base field no. 48/304, 6/11
[ Info: 64_32: layer 2/2, base field no. 48/304, 7/11
[ Info: 64_32: layer 2/2, base field no. 48/304, 8/11
[ Info: 64_32: layer 2/2, base field no. 48/304, 9/11
[ Info: 64_32: layer 2/2, base field no. 48/304, 10/11
[ Info: 64_32: layer 2/2, base field no. 48/304, 11/11
[ Info: 64_32: layer 2/2, base field no. 49/304, constructing abelian extensions
[ Info: 64_32: layer 2/2, base field no. 49/304, checking fields: 14
[ Info: 64_32: layer 2/2, base field no. 49/304, 1/14
[ Info: 64_32: layer 2/2, base field no. 49/304, 2/14
[ Info: 64_32: layer 2/2, base field no. 49/304, 3/14
[ Info: 64_32: layer 2/2, base field no. 49/304, 4/14
[ Info: 64_32: layer 2/2, base field no. 49/304, 5/14
[ Info: 64_32: layer 2/2, base field no. 49/304, 6/14
[ Info: 64_32: layer 2/2, base field no. 49/304, 7/14
[ Info: 64_32: layer 2/2, base field no. 49/304, 8/14
[ Info: 64_32: layer 2/2, base field no. 49/304, 9/14
[ Info: 64_32: layer 2/2, base field no. 49/304, 10/14
[ Info: 64_32: layer 2/2, base field no. 49/304, 11/14
[ Info: 64_32: layer 2/2, base field no. 49/304, 12/14
[ Info: 64_32: layer 2/2, base field no. 49/304, 13/14
[ Info: 64_32: layer 2/2, base field no. 49/304, 14/14
[ Info: 64_32: layer 2/2, base field no. 50/304, constructing abelian extensions
[ Info: 64_32: layer 2/2, base field no. 50/304, checking fields: 40
[ Info: 64_32: layer 2/2, base field no. 50/304, 1/40
[ Info: 64_32: layer 2/2, base field no. 50/304, 2/40
[ Info: 64_32: layer 2/2, base field no. 50/304, 3/40
[ Info: 64_32: layer 2/2, base field no. 50/304, 4/40
[ Info: 64_32: layer 2/2, base field no. 50/304, 5/40
[ Info: 64_32: layer 2/2, base field no. 50/304, 6/40
[ Info: 64_32: layer 2/2, base field no. 50/304, 7/40
[ Info: 64_32: layer 2/2, base field no. 50/304, 8/40
[ Info: 64_32: layer 2/2, base field no. 50/304, 9/40
[ Info: 64_32: layer 2/2, base field no. 50/304, 10/40
[ Info: 64_32: layer 2/2, base field no. 50/304, 11/40
[ Info: 64_32: layer 2/2, base field no. 50/304, 12/40
[ Info: 64_32: layer 2/2, base field no. 50/304, 13/40
[ Info: 64_32: layer 2/2, base field no. 50/304, 14/40
[ Info: 64_32: layer 2/2, base field no. 50/304, 15/40
[ Info: 64_32: layer 2/2, base field no. 50/304, 16/40
[ Info: 64_32: layer 2/2, base field no. 50/304, 17/40
[ Info: 64_32: layer 2/2, base field no. 50/304, 18/40
[ Info: 64_32: layer 2/2, base field no. 50/304, 19/40
[ Info: 64_32: layer 2/2, base field no. 50/304, 20/40
[ Info: 64_32: layer 2/2, base field no. 50/304, 21/40
[ Info: 64_32: layer 2/2, base field no. 50/304, 22/40
[ Info: 64_32: layer 2/2, base field no. 50/304, 23/40
[ Info: 64_32: layer 2/2, base field no. 50/304, 24/40
[ Info: 64_32: layer 2/2, base field no. 50/304, 25/40
[ Info: 64_32: layer 2/2, base field no. 50/304, 26/40
[ Info: 64_32: layer 2/2, base field no. 50/304, 27/40
[ Info: 64_32: layer 2/2, base field no. 50/304, 28/40
[ Info: 64_32: layer 2/2, base field no. 50/304, 29/40
[ Info: 64_32: layer 2/2, base field no. 50/304, 30/40
[ Info: 64_32: layer 2/2, base field no. 50/304, 31/40
[ Info: 64_32: layer 2/2, base field no. 50/304, 32/40
[ Info: 64_32: layer 2/2, base field no. 50/304, 33/40
[ Info: 64_32: layer 2/2, base field no. 50/304, 34/40
[ Info: 64_32: layer 2/2, base field no. 50/304, 35/40
[ Info: 64_32: layer 2/2, base field no. 50/304, 36/40
[ Info: 64_32: layer 2/2, base field no. 50/304, 37/40
[ Info: 64_32: layer 2/2, base field no. 50/304, 38/40
[ Info: 64_32: layer 2/2, base field no. 50/304, 39/40
[ Info: 64_32: layer 2/2, base field no. 50/304, 40/40
[ Info: 64_32: layer 2/2, base field no. 51/304, constructing abelian extensions
[ Info: 64_32: layer 2/2, base field no. 51/304, checking fields: 27
[ Info: 64_32: layer 2/2, base field no. 51/304, 1/27
[ Info: 64_32: layer 2/2, base field no. 51/304, 2/27
[ Info: 64_32: layer 2/2, base field no. 51/304, 3/27
[ Info: 64_32: layer 2/2, base field no. 51/304, 4/27
[ Info: 64_32: layer 2/2, base field no. 51/304, 5/27
[ Info: 64_32: layer 2/2, base field no. 51/304, 6/27
[ Info: 64_32: layer 2/2, base field no. 51/304, 7/27
[ Info: 64_32: layer 2/2, base field no. 51/304, 8/27
[ Info: 64_32: layer 2/2, base field no. 51/304, 9/27
[ Info: 64_32: layer 2/2, base field no. 51/304, 10/27
[ Info: 64_32: layer 2/2, base field no. 51/304, 11/27
[ Info: 64_32: layer 2/2, base field no. 51/304, 12/27
[ Info: 64_32: layer 2/2, base field no. 51/304, 13/27
[ Info: 64_32: layer 2/2, base field no. 51/304, 14/27
[ Info: 64_32: layer 2/2, base field no. 51/304, 15/27
[ Info: 64_32: layer 2/2, base field no. 51/304, 16/27
[ Info: 64_32: layer 2/2, base field no. 51/304, 17/27
[ Info: 64_32: layer 2/2, base field no. 51/304, 18/27
[ Info: 64_32: layer 2/2, base field no. 51/304, 19/27
[ Info: 64_32: layer 2/2, base field no. 51/304, 20/27
[ Info: 64_32: layer 2/2, base field no. 51/304, 21/27
[ Info: 64_32: layer 2/2, base field no. 51/304, 22/27
[ Info: 64_32: layer 2/2, base field no. 51/304, 23/27
[ Info: 64_32: layer 2/2, base field no. 51/304, 24/27
[ Info: 64_32: layer 2/2, base field no. 51/304, 25/27
[ Info: 64_32: layer 2/2, base field no. 51/304, 26/27
[ Info: 64_32: layer 2/2, base field no. 51/304, 27/27
[ Info: 64_32: layer 2/2, base field no. 52/304, constructing abelian extensions
[ Info: 64_32: layer 2/2, base field no. 52/304, checking fields: 3
[ Info: 64_32: layer 2/2, base field no. 52/304, 1/3
[ Info: 64_32: layer 2/2, base field no. 52/304, 2/3
[ Info: 64_32: layer 2/2, base field no. 52/304, 3/3
[ Info: 64_32: layer 2/2, base field no. 53/304, constructing abelian extensions
[ Info: 64_32: layer 2/2, base field no. 53/304, checking fields: 5
[ Info: 64_32: layer 2/2, base field no. 53/304, 1/5
[ Info: 64_32: layer 2/2, base field no. 53/304, 2/5
[ Info: 64_32: layer 2/2, base field no. 53/304, 3/5
[ Info: 64_32: layer 2/2, base field no. 53/304, 4/5
[ Info: 64_32: layer 2/2, base field no. 53/304, 5/5
[ Info: 64_32: layer 2/2, base field no. 54/304, constructing abelian extensions
[ Info: 64_32: layer 2/2, base field no. 54/304, checking fields: 15
[ Info: 64_32: layer 2/2, base field no. 54/304, 1/15
[ Info: 64_32: layer 2/2, base field no. 54/304, 2/15
[ Info: 64_32: layer 2/2, base field no. 54/304, 3/15
[ Info: 64_32: layer 2/2, base field no. 54/304, 4/15
[ Info: 64_32: layer 2/2, base field no. 54/304, 5/15
[ Info: 64_32: layer 2/2, base field no. 54/304, 6/15
[ Info: 64_32: layer 2/2, base field no. 54/304, 7/15
[ Info: 64_32: layer 2/2, base field no. 54/304, 8/15
[ Info: 64_32: layer 2/2, base field no. 54/304, 9/15
[ Info: 64_32: layer 2/2, base field no. 54/304, 10/15
[ Info: 64_32: layer 2/2, base field no. 54/304, 11/15
[ Info: 64_32: layer 2/2, base field no. 54/304, 12/15
[ Info: 64_32: layer 2/2, base field no. 54/304, 13/15
[ Info: 64_32: layer 2/2, base field no. 54/304, 14/15
[ Info: 64_32: layer 2/2, base field no. 54/304, 15/15
[ Info: 64_32: layer 2/2, base field no. 55/304, constructing abelian extensions
[ Info: 64_32: layer 2/2, base field no. 55/304, checking fields: 5
[ Info: 64_32: layer 2/2, base field no. 55/304, 1/5
[ Info: 64_32: layer 2/2, base field no. 55/304, 2/5
[ Info: 64_32: layer 2/2, base field no. 55/304, 3/5
[ Info: 64_32: layer 2/2, base field no. 55/304, 4/5
[ Info: 64_32: layer 2/2, base field no. 55/304, 5/5
[ Info: 64_32: layer 2/2, base field no. 56/304, constructing abelian extensions
[ Info: 64_32: layer 2/2, base field no. 56/304, checking fields: 5
[ Info: 64_32: layer 2/2, base field no. 56/304, 1/5
[ Info: 64_32: layer 2/2, base field no. 56/304, 2/5
[ Info: 64_32: layer 2/2, base field no. 56/304, 3/5
[ Info: 64_32: layer 2/2, base field no. 56/304, 4/5
[ Info: 64_32: layer 2/2, base field no. 56/304, 5/5
[ Info: 64_32: layer 2/2, base field no. 57/304, constructing abelian extensions
[ Info: 64_32: layer 2/2, base field no. 57/304, checking fields: 3
[ Info: 64_32: layer 2/2, base field no. 57/304, 1/3
[ Info: 64_32: layer 2/2, base field no. 57/304, 2/3
[ Info: 64_32: layer 2/2, base field no. 57/304, 3/3
[ Info: 64_32: layer 2/2, base field no. 58/304, constructing abelian extensions
[ Info: 64_32: layer 2/2, base field no. 58/304, checking fields: 3
[ Info: 64_32: layer 2/2, base field no. 58/304, 1/3
[ Info: 64_32: layer 2/2, base field no. 58/304, 2/3
[ Info: 64_32: layer 2/2, base field no. 58/304, 3/3
[ Info: 64_32: layer 2/2, base field no. 59/304, constructing abelian extensions
[ Info: 64_32: layer 2/2, base field no. 59/304, checking fields: 5
[ Info: 64_32: layer 2/2, base field no. 59/304, 1/5
[ Info: 64_32: layer 2/2, base field no. 59/304, 2/5
[ Info: 64_32: layer 2/2, base field no. 59/304, 3/5
[ Info: 64_32: layer 2/2, base field no. 59/304, 4/5
[ Info: 64_32: layer 2/2, base field no. 59/304, 5/5
[ Info: 64_32: layer 2/2, base field no. 60/304, constructing abelian extensions
[ Info: 64_32: layer 2/2, base field no. 60/304, checking fields: 3
[ Info: 64_32: layer 2/2, base field no. 60/304, 1/3
[ Info: 64_32: layer 2/2, base field no. 60/304, 2/3
[ Info: 64_32: layer 2/2, base field no. 60/304, 3/3
[ Info: 64_32: layer 2/2, base field no. 61/304, constructing abelian extensions
[ Info: 64_32: layer 2/2, base field no. 61/304, checking fields: 1
[ Info: 64_32: layer 2/2, base field no. 61/304, 1/1

[1252389] signal 11 (1): Segmentation fault
in expression starting at /home/links/th703/repositories/ClassNumberOne/nonabelian/64_32/64_32.jl:150
__gmpn_add_n_x86_64 at /home/links/th703/.julia/juliaup/julia-1.12.0-rc2+0.x64.linux.gnu/bin/../lib/julia/libgmp.so.10 (unknown line)
Allocations: 987430357350 (Pool: 987430356394; Big: 956); GC: 40790
