Precompiling packages...
   1497.2 ms  ✓ FLINT_jll
  13662.8 ms  ✓ AbstractAlgebra
  19036.1 ms  ✓ Nemo
  89350.0 ms  ✓ Hecke
  4 dependencies successfully precompiled in 127 seconds. 37 already precompiled.
Precompiling packages...
   2623.5 ms  ✓ ProgressMeter
  1 dependency successfully precompiled in 3 seconds. 4 already precompiled.
[ Info: 48_4: File for first layer does not exist; computing [2, 8]...
[ Info: 48_4: Discriminant bound: 2154434690031883721786785792
[ Info: 48_4: Computing simplified defining polynomials for fields and sieving bad CM-fields
[ Info: 48_4: 1/8
[ Info: 48_4: 2/8
[ Info: 48_4: 3/8
[ Info: 48_4: 4/8
[ Info: 48_4: 5/8
[ Info: 48_4: 6/8
[ Info: 48_4: 7/8
[ Info: 48_4: 8/8
[ Info: 48_4: layer 2/2, base field no. 1/8, constructing abelian extensions
[ Info: 48_4: layer 2/2, base field no. 1/8, checking fields: 0
[ Info: 48_4: layer 2/2, base field no. 2/8, constructing abelian extensions
[ Info: 48_4: layer 2/2, base field no. 2/8, checking fields: 0
[ Info: 48_4: layer 2/2, base field no. 3/8, constructing abelian extensions
[ Info: 48_4: layer 2/2, base field no. 3/8, checking fields: 0
[ Info: 48_4: layer 2/2, base field no. 4/8, constructing abelian extensions
[ Info: 48_4: layer 2/2, base field no. 4/8, checking fields: 0
[ Info: 48_4: layer 2/2, base field no. 5/8, constructing abelian extensions
[ Info: 48_4: layer 2/2, base field no. 5/8, checking fields: 0
[ Info: 48_4: layer 2/2, base field no. 6/8, constructing abelian extensions
[ Info: 48_4: layer 2/2, base field no. 6/8, checking fields: 0
[ Info: 48_4: layer 2/2, base field no. 7/8, constructing abelian extensions
[ Info: 48_4: layer 2/2, base field no. 7/8, checking fields: 0
[ Info: 48_4: layer 2/2, base field no. 8/8, constructing abelian extensions
[ Info: 48_4: layer 2/2, base field no. 8/8, checking fields: 0
 28.535050 seconds (75.46 M allocations: 3.795 GiB, 9.08% gc time, 66.56% compilation time: 1% of which was recompilation)
