[ Info: 64_181: File for first layer exists [2, 2, 2], 31622776601684; loading ...
[ Info: 64_181: layer 2/2, base field no. 1/256, constructing abelian extensions
[ Info: 64_181: layer 2/2, base field no. 1/256, checking fields: 701
[ Info: 64_181: layer 2/2, base field no. 1/256, 1/701
[ Info: 64_181: layer 2/2, base field no. 1/256, 2/701
[ Info: 64_181: layer 2/2, base field no. 1/256, 3/701
[ Info: 64_181: layer 2/2, base field no. 1/256, 4/701
[ Info: 64_181: layer 2/2, base field no. 1/256, 5/701
[ Info: 64_181: layer 2/2, base field no. 1/256, 6/701
[ Info: 64_181: layer 2/2, base field no. 1/256, 7/701
[ Info: 64_181: layer 2/2, base field no. 1/256, 8/701
[ Info: 64_181: layer 2/2, base field no. 1/256, 9/701
[ Info: 64_181: layer 2/2, base field no. 1/256, 10/701
[ Info: 64_181: layer 2/2, base field no. 1/256, 11/701
[ Info: 64_181: layer 2/2, base field no. 1/256, 12/701
[ Info: 64_181: layer 2/2, base field no. 1/256, 13/701
[ Info: 64_181: layer 2/2, base field no. 1/256, 14/701
[ Info: 64_181: layer 2/2, base field no. 1/256, 15/701
[ Info: 64_181: layer 2/2, base field no. 1/256, 16/701
[ Info: 64_181: layer 2/2, base field no. 1/256, 17/701
[ Info: 64_181: layer 2/2, base field no. 1/256, 18/701
[ Info: 64_181: layer 2/2, base field no. 1/256, 19/701
[ Info: 64_181: layer 2/2, base field no. 1/256, 20/701
[ Info: 64_181: layer 2/2, base field no. 1/256, 21/701
[ Info: 64_181: layer 2/2, base field no. 1/256, 22/701
[ Info: 64_181: layer 2/2, base field no. 1/256, 23/701
[ Info: 64_181: layer 2/2, base field no. 1/256, 24/701
[ Info: 64_181: layer 2/2, base field no. 1/256, 25/701
[ Info: 64_181: layer 2/2, base field no. 1/256, 26/701
[ Info: 64_181: layer 2/2, base field no. 1/256, 27/701
[ Info: 64_181: layer 2/2, base field no. 1/256, 28/701
[ Info: 64_181: layer 2/2, base field no. 1/256, 29/701
[ Info: 64_181: layer 2/2, base field no. 1/256, 30/701
[ Info: 64_181: layer 2/2, base field no. 1/256, 31/701
[ Info: 64_181: layer 2/2, base field no. 1/256, 32/701
[ Info: 64_181: layer 2/2, base field no. 1/256, 33/701
[ Info: 64_181: layer 2/2, base field no. 1/256, 34/701
[ Info: 64_181: layer 2/2, base field no. 1/256, 35/701
[ Info: 64_181: layer 2/2, base field no. 1/256, 36/701
[ Info: 64_181: layer 2/2, base field no. 1/256, 37/701
[ Info: 64_181: layer 2/2, base field no. 1/256, 38/701
[ Info: 64_181: layer 2/2, base field no. 1/256, 39/701
[ Info: 64_181: layer 2/2, base field no. 1/256, 40/701
[ Info: 64_181: layer 2/2, base field no. 1/256, 41/701
[ Info: 64_181: layer 2/2, base field no. 1/256, 42/701
[ Info: 64_181: layer 2/2, base field no. 1/256, 43/701
[ Info: 64_181: layer 2/2, base field no. 1/256, 44/701
[ Info: 64_181: layer 2/2, base field no. 1/256, 45/701
[ Info: 64_181: layer 2/2, base field no. 1/256, 46/701
[ Info: 64_181: layer 2/2, base field no. 1/256, 47/701
[ Info: 64_181: layer 2/2, base field no. 1/256, 48/701
[ Info: 64_181: layer 2/2, base field no. 1/256, 49/701
[ Info: 64_181: layer 2/2, base field no. 1/256, 50/701
[ Info: 64_181: layer 2/2, base field no. 1/256, 51/701
[ Info: 64_181: layer 2/2, base field no. 1/256, 52/701
[ Info: 64_181: layer 2/2, base field no. 1/256, 53/701
[ Info: 64_181: layer 2/2, base field no. 1/256, 54/701
[ Info: 64_181: layer 2/2, base field no. 1/256, 55/701
[ Info: 64_181: layer 2/2, base field no. 1/256, 56/701
[ Info: 64_181: layer 2/2, base field no. 1/256, 57/701
[ Info: 64_181: layer 2/2, base field no. 1/256, 58/701
[ Info: 64_181: layer 2/2, base field no. 1/256, 59/701
[ Info: 64_181: layer 2/2, base field no. 1/256, 60/701
[ Info: 64_181: layer 2/2, base field no. 1/256, 61/701
[ Info: 64_181: layer 2/2, base field no. 1/256, 62/701
[ Info: 64_181: layer 2/2, base field no. 1/256, 63/701
[ Info: 64_181: layer 2/2, base field no. 1/256, 64/701
[ Info: 64_181: layer 2/2, base field no. 1/256, 65/701
[ Info: 64_181: layer 2/2, base field no. 1/256, 66/701
[ Info: 64_181: layer 2/2, base field no. 1/256, 67/701
[ Info: 64_181: layer 2/2, base field no. 1/256, 68/701
[ Info: 64_181: layer 2/2, base field no. 1/256, 69/701
[ Info: 64_181: layer 2/2, base field no. 1/256, 70/701
[ Info: 64_181: layer 2/2, base field no. 1/256, 71/701
[ Info: 64_181: layer 2/2, base field no. 1/256, 72/701
[ Info: 64_181: layer 2/2, base field no. 1/256, 73/701
[ Info: 64_181: layer 2/2, base field no. 1/256, 74/701
[ Info: 64_181: layer 2/2, base field no. 1/256, 75/701
[ Info: 64_181: layer 2/2, base field no. 1/256, 76/701
[ Info: 64_181: layer 2/2, base field no. 1/256, 77/701
[ Info: 64_181: layer 2/2, base field no. 1/256, 78/701
[ Info: 64_181: layer 2/2, base field no. 1/256, 79/701
[ Info: 64_181: layer 2/2, base field no. 1/256, 80/701
[ Info: 64_181: layer 2/2, base field no. 1/256, 81/701
[ Info: 64_181: layer 2/2, base field no. 1/256, 82/701
[ Info: 64_181: layer 2/2, base field no. 1/256, 83/701
[ Info: 64_181: layer 2/2, base field no. 1/256, 84/701
[ Info: 64_181: layer 2/2, base field no. 1/256, 85/701
[ Info: 64_181: layer 2/2, base field no. 1/256, 86/701
[ Info: 64_181: layer 2/2, base field no. 1/256, 87/701
[ Info: 64_181: layer 2/2, base field no. 1/256, 88/701
[ Info: 64_181: layer 2/2, base field no. 1/256, 89/701
[ Info: 64_181: layer 2/2, base field no. 1/256, 90/701
[ Info: 64_181: layer 2/2, base field no. 1/256, 91/701
[ Info: 64_181: layer 2/2, base field no. 1/256, 92/701
[ Info: 64_181: layer 2/2, base field no. 1/256, 93/701
[ Info: 64_181: layer 2/2, base field no. 1/256, 94/701
[ Info: 64_181: layer 2/2, base field no. 1/256, 95/701
[ Info: 64_181: layer 2/2, base field no. 1/256, 96/701
[ Info: 64_181: layer 2/2, base field no. 1/256, 97/701
[ Info: 64_181: layer 2/2, base field no. 1/256, 98/701
[ Info: 64_181: layer 2/2, base field no. 1/256, 99/701
[ Info: 64_181: layer 2/2, base field no. 1/256, 100/701
[ Info: 64_181: layer 2/2, base field no. 1/256, 101/701
[ Info: 64_181: layer 2/2, base field no. 1/256, 102/701
[ Info: 64_181: layer 2/2, base field no. 1/256, 103/701
[ Info: 64_181: layer 2/2, base field no. 1/256, 104/701
[ Info: 64_181: layer 2/2, base field no. 1/256, 105/701
[ Info: 64_181: layer 2/2, base field no. 1/256, 106/701
[ Info: 64_181: layer 2/2, base field no. 1/256, 107/701
[ Info: 64_181: layer 2/2, base field no. 1/256, 108/701
[ Info: 64_181: layer 2/2, base field no. 1/256, 109/701
[ Info: 64_181: layer 2/2, base field no. 1/256, 110/701
[ Info: 64_181: layer 2/2, base field no. 1/256, 111/701
[ Info: 64_181: layer 2/2, base field no. 1/256, 112/701
[ Info: 64_181: layer 2/2, base field no. 1/256, 113/701
[ Info: 64_181: layer 2/2, base field no. 1/256, 114/701
[ Info: 64_181: layer 2/2, base field no. 1/256, 115/701
[ Info: 64_181: layer 2/2, base field no. 1/256, 116/701
[ Info: 64_181: layer 2/2, base field no. 1/256, 117/701
[ Info: 64_181: layer 2/2, base field no. 1/256, 118/701
[ Info: 64_181: layer 2/2, base field no. 1/256, 119/701
[ Info: 64_181: layer 2/2, base field no. 1/256, 120/701
[ Info: 64_181: layer 2/2, base field no. 1/256, 121/701
[ Info: 64_181: layer 2/2, base field no. 1/256, 122/701
[ Info: 64_181: layer 2/2, base field no. 1/256, 123/701
[ Info: 64_181: layer 2/2, base field no. 1/256, 124/701
[ Info: 64_181: layer 2/2, base field no. 1/256, 125/701
[ Info: 64_181: layer 2/2, base field no. 1/256, 126/701
[ Info: 64_181: layer 2/2, base field no. 1/256, 127/701
[ Info: 64_181: layer 2/2, base field no. 1/256, 128/701
[ Info: 64_181: layer 2/2, base field no. 1/256, 129/701
[ Info: 64_181: layer 2/2, base field no. 1/256, 130/701
[ Info: 64_181: layer 2/2, base field no. 1/256, 131/701
[ Info: 64_181: layer 2/2, base field no. 1/256, 132/701
[ Info: 64_181: layer 2/2, base field no. 1/256, 133/701
[ Info: 64_181: layer 2/2, base field no. 1/256, 134/701
[ Info: 64_181: layer 2/2, base field no. 1/256, 135/701
[ Info: 64_181: layer 2/2, base field no. 1/256, 136/701
[ Info: 64_181: layer 2/2, base field no. 1/256, 137/701
[ Info: 64_181: layer 2/2, base field no. 1/256, 138/701
[ Info: 64_181: layer 2/2, base field no. 1/256, 139/701
[ Info: 64_181: layer 2/2, base field no. 1/256, 140/701
[ Info: 64_181: layer 2/2, base field no. 1/256, 141/701
[ Info: 64_181: layer 2/2, base field no. 1/256, 142/701
[ Info: 64_181: layer 2/2, base field no. 1/256, 143/701
[ Info: 64_181: layer 2/2, base field no. 1/256, 144/701
[ Info: 64_181: layer 2/2, base field no. 1/256, 145/701
[ Info: 64_181: layer 2/2, base field no. 1/256, 146/701
[ Info: 64_181: layer 2/2, base field no. 1/256, 147/701
[ Info: 64_181: layer 2/2, base field no. 1/256, 148/701
[ Info: 64_181: layer 2/2, base field no. 1/256, 149/701
[ Info: 64_181: layer 2/2, base field no. 1/256, 150/701
[ Info: 64_181: layer 2/2, base field no. 1/256, 151/701
[ Info: 64_181: layer 2/2, base field no. 1/256, 152/701
[ Info: 64_181: layer 2/2, base field no. 1/256, 153/701
[ Info: 64_181: layer 2/2, base field no. 1/256, 154/701
[ Info: 64_181: layer 2/2, base field no. 1/256, 155/701
[ Info: 64_181: layer 2/2, base field no. 1/256, 156/701
[ Info: 64_181: layer 2/2, base field no. 1/256, 157/701
[ Info: 64_181: layer 2/2, base field no. 1/256, 158/701
[ Info: 64_181: layer 2/2, base field no. 1/256, 159/701
[ Info: 64_181: layer 2/2, base field no. 1/256, 160/701
[ Info: 64_181: layer 2/2, base field no. 1/256, 161/701
[ Info: 64_181: layer 2/2, base field no. 1/256, 162/701
[ Info: 64_181: layer 2/2, base field no. 1/256, 163/701
[ Info: 64_181: layer 2/2, base field no. 1/256, 164/701
[ Info: 64_181: layer 2/2, base field no. 1/256, 165/701
[ Info: 64_181: layer 2/2, base field no. 1/256, 166/701
[ Info: 64_181: layer 2/2, base field no. 1/256, 167/701
[ Info: 64_181: layer 2/2, base field no. 1/256, 168/701
[ Info: 64_181: layer 2/2, base field no. 1/256, 169/701
[ Info: 64_181: layer 2/2, base field no. 1/256, 170/701
[ Info: 64_181: layer 2/2, base field no. 1/256, 171/701
[ Info: 64_181: layer 2/2, base field no. 1/256, 172/701
[ Info: 64_181: layer 2/2, base field no. 1/256, 173/701
[ Info: 64_181: layer 2/2, base field no. 1/256, 174/701
[ Info: 64_181: layer 2/2, base field no. 1/256, 175/701
[ Info: 64_181: layer 2/2, base field no. 1/256, 176/701
[ Info: 64_181: layer 2/2, base field no. 1/256, 177/701
[ Info: 64_181: layer 2/2, base field no. 1/256, 178/701
[ Info: 64_181: layer 2/2, base field no. 1/256, 179/701
[ Info: 64_181: layer 2/2, base field no. 1/256, 180/701
[ Info: 64_181: layer 2/2, base field no. 1/256, 181/701
[ Info: 64_181: layer 2/2, base field no. 1/256, 182/701
[ Info: 64_181: layer 2/2, base field no. 1/256, 183/701
[ Info: 64_181: layer 2/2, base field no. 1/256, 184/701
[ Info: 64_181: layer 2/2, base field no. 1/256, 185/701
[ Info: 64_181: layer 2/2, base field no. 1/256, 186/701
[ Info: 64_181: layer 2/2, base field no. 1/256, 187/701
[ Info: 64_181: layer 2/2, base field no. 1/256, 188/701
[ Info: 64_181: layer 2/2, base field no. 1/256, 189/701
[ Info: 64_181: layer 2/2, base field no. 1/256, 190/701
[ Info: 64_181: layer 2/2, base field no. 1/256, 191/701
[ Info: 64_181: layer 2/2, base field no. 1/256, 192/701
[ Info: 64_181: layer 2/2, base field no. 1/256, 193/701
[ Info: 64_181: layer 2/2, base field no. 1/256, 194/701
[ Info: 64_181: layer 2/2, base field no. 1/256, 195/701
[ Info: 64_181: layer 2/2, base field no. 1/256, 196/701
[ Info: 64_181: layer 2/2, base field no. 1/256, 197/701
[ Info: 64_181: layer 2/2, base field no. 1/256, 198/701
[ Info: 64_181: layer 2/2, base field no. 1/256, 199/701
[ Info: 64_181: layer 2/2, base field no. 1/256, 200/701
[ Info: 64_181: layer 2/2, base field no. 1/256, 201/701
[ Info: 64_181: layer 2/2, base field no. 1/256, 202/701
[ Info: 64_181: layer 2/2, base field no. 1/256, 203/701
[ Info: 64_181: layer 2/2, base field no. 1/256, 204/701
[ Info: 64_181: layer 2/2, base field no. 1/256, 205/701
[ Info: 64_181: layer 2/2, base field no. 1/256, 206/701
[ Info: 64_181: layer 2/2, base field no. 1/256, 207/701
[ Info: 64_181: layer 2/2, base field no. 1/256, 208/701
[ Info: 64_181: layer 2/2, base field no. 1/256, 209/701
[ Info: 64_181: layer 2/2, base field no. 1/256, 210/701
[ Info: 64_181: layer 2/2, base field no. 1/256, 211/701
[ Info: 64_181: layer 2/2, base field no. 1/256, 212/701
[ Info: 64_181: layer 2/2, base field no. 1/256, 213/701
[ Info: 64_181: layer 2/2, base field no. 1/256, 214/701
[ Info: 64_181: layer 2/2, base field no. 1/256, 215/701
[ Info: 64_181: layer 2/2, base field no. 1/256, 216/701
[ Info: 64_181: layer 2/2, base field no. 1/256, 217/701
[ Info: 64_181: layer 2/2, base field no. 1/256, 218/701
[ Info: 64_181: layer 2/2, base field no. 1/256, 219/701
[ Info: 64_181: layer 2/2, base field no. 1/256, 220/701
[ Info: 64_181: layer 2/2, base field no. 1/256, 221/701
[ Info: 64_181: layer 2/2, base field no. 1/256, 222/701
[ Info: 64_181: layer 2/2, base field no. 1/256, 223/701
[ Info: 64_181: layer 2/2, base field no. 1/256, 224/701
[ Info: 64_181: layer 2/2, base field no. 1/256, 225/701
[ Info: 64_181: layer 2/2, base field no. 1/256, 226/701
[ Info: 64_181: layer 2/2, base field no. 1/256, 227/701
[ Info: 64_181: layer 2/2, base field no. 1/256, 228/701
[ Info: 64_181: layer 2/2, base field no. 1/256, 229/701
[ Info: 64_181: layer 2/2, base field no. 1/256, 230/701
[ Info: 64_181: layer 2/2, base field no. 1/256, 231/701
[ Info: 64_181: layer 2/2, base field no. 1/256, 232/701
[ Info: 64_181: layer 2/2, base field no. 1/256, 233/701
[ Info: 64_181: layer 2/2, base field no. 1/256, 234/701
[ Info: 64_181: layer 2/2, base field no. 1/256, 235/701
[ Info: 64_181: layer 2/2, base field no. 1/256, 236/701
[ Info: 64_181: layer 2/2, base field no. 1/256, 237/701
[ Info: 64_181: layer 2/2, base field no. 1/256, 238/701
[ Info: 64_181: layer 2/2, base field no. 1/256, 239/701
[ Info: 64_181: layer 2/2, base field no. 1/256, 240/701
[ Info: 64_181: layer 2/2, base field no. 1/256, 241/701
[ Info: 64_181: layer 2/2, base field no. 1/256, 242/701
[ Info: 64_181: layer 2/2, base field no. 1/256, 243/701
[ Info: 64_181: layer 2/2, base field no. 1/256, 244/701
[ Info: 64_181: layer 2/2, base field no. 1/256, 245/701
[ Info: 64_181: layer 2/2, base field no. 1/256, 246/701
[ Info: 64_181: layer 2/2, base field no. 1/256, 247/701
[ Info: 64_181: layer 2/2, base field no. 1/256, 248/701
[ Info: 64_181: layer 2/2, base field no. 1/256, 249/701
[ Info: 64_181: layer 2/2, base field no. 1/256, 250/701
[ Info: 64_181: layer 2/2, base field no. 1/256, 251/701
[ Info: 64_181: layer 2/2, base field no. 1/256, 252/701
[ Info: 64_181: layer 2/2, base field no. 1/256, 253/701
[ Info: 64_181: layer 2/2, base field no. 1/256, 254/701
[ Info: 64_181: layer 2/2, base field no. 1/256, 255/701
[ Info: 64_181: layer 2/2, base field no. 1/256, 256/701
[ Info: 64_181: layer 2/2, base field no. 1/256, 257/701
[ Info: 64_181: layer 2/2, base field no. 1/256, 258/701
[ Info: 64_181: layer 2/2, base field no. 1/256, 259/701
[ Info: 64_181: layer 2/2, base field no. 1/256, 260/701
[ Info: 64_181: layer 2/2, base field no. 1/256, 261/701
[ Info: 64_181: layer 2/2, base field no. 1/256, 262/701
[ Info: 64_181: layer 2/2, base field no. 1/256, 263/701
[ Info: 64_181: layer 2/2, base field no. 1/256, 264/701
[ Info: 64_181: layer 2/2, base field no. 1/256, 265/701
[ Info: 64_181: layer 2/2, base field no. 1/256, 266/701
[ Info: 64_181: layer 2/2, base field no. 1/256, 267/701
[ Info: 64_181: layer 2/2, base field no. 1/256, 268/701
[ Info: 64_181: layer 2/2, base field no. 1/256, 269/701
[ Info: 64_181: layer 2/2, base field no. 1/256, 270/701
[ Info: 64_181: layer 2/2, base field no. 1/256, 271/701
[ Info: 64_181: layer 2/2, base field no. 1/256, 272/701
[ Info: 64_181: layer 2/2, base field no. 1/256, 273/701
[ Info: 64_181: layer 2/2, base field no. 1/256, 274/701
[ Info: 64_181: layer 2/2, base field no. 1/256, 275/701
[ Info: 64_181: layer 2/2, base field no. 1/256, 276/701
[ Info: 64_181: layer 2/2, base field no. 1/256, 277/701
[ Info: 64_181: layer 2/2, base field no. 1/256, 278/701
[ Info: 64_181: layer 2/2, base field no. 1/256, 279/701
[ Info: 64_181: layer 2/2, base field no. 1/256, 280/701
[ Info: 64_181: layer 2/2, base field no. 1/256, 281/701
[ Info: 64_181: layer 2/2, base field no. 1/256, 282/701
[ Info: 64_181: layer 2/2, base field no. 1/256, 283/701
[ Info: 64_181: layer 2/2, base field no. 1/256, 284/701
[ Info: 64_181: layer 2/2, base field no. 1/256, 285/701
[ Info: 64_181: layer 2/2, base field no. 1/256, 286/701
[ Info: 64_181: layer 2/2, base field no. 1/256, 287/701
[ Info: 64_181: layer 2/2, base field no. 1/256, 288/701
[ Info: 64_181: layer 2/2, base field no. 1/256, 289/701
[ Info: 64_181: layer 2/2, base field no. 1/256, 290/701
[ Info: 64_181: layer 2/2, base field no. 1/256, 291/701
[ Info: 64_181: layer 2/2, base field no. 1/256, 292/701
[ Info: 64_181: layer 2/2, base field no. 1/256, 293/701
[ Info: 64_181: layer 2/2, base field no. 1/256, 294/701
[ Info: 64_181: layer 2/2, base field no. 1/256, 295/701
[ Info: 64_181: layer 2/2, base field no. 1/256, 296/701
[ Info: 64_181: layer 2/2, base field no. 1/256, 297/701
[ Info: 64_181: layer 2/2, base field no. 1/256, 298/701
[ Info: 64_181: layer 2/2, base field no. 1/256, 299/701
[ Info: 64_181: layer 2/2, base field no. 1/256, 300/701
[ Info: 64_181: layer 2/2, base field no. 1/256, 301/701
[ Info: 64_181: layer 2/2, base field no. 1/256, 302/701
[ Info: 64_181: layer 2/2, base field no. 1/256, 303/701
[ Info: 64_181: layer 2/2, base field no. 1/256, 304/701
[ Info: 64_181: layer 2/2, base field no. 1/256, 305/701
[ Info: 64_181: layer 2/2, base field no. 1/256, 306/701
[ Info: 64_181: layer 2/2, base field no. 1/256, 307/701
[ Info: 64_181: layer 2/2, base field no. 1/256, 308/701
[ Info: 64_181: layer 2/2, base field no. 1/256, 309/701
[ Info: 64_181: layer 2/2, base field no. 1/256, 310/701
[ Info: 64_181: layer 2/2, base field no. 1/256, 311/701
[ Info: 64_181: layer 2/2, base field no. 1/256, 312/701
[ Info: 64_181: layer 2/2, base field no. 1/256, 313/701
[ Info: 64_181: layer 2/2, base field no. 1/256, 314/701
[ Info: 64_181: layer 2/2, base field no. 1/256, 315/701
[ Info: 64_181: layer 2/2, base field no. 1/256, 316/701
[ Info: 64_181: layer 2/2, base field no. 1/256, 317/701
[ Info: 64_181: layer 2/2, base field no. 1/256, 318/701
[ Info: 64_181: layer 2/2, base field no. 1/256, 319/701
[ Info: 64_181: layer 2/2, base field no. 1/256, 320/701
[ Info: 64_181: layer 2/2, base field no. 1/256, 321/701
[ Info: 64_181: layer 2/2, base field no. 1/256, 322/701
[ Info: 64_181: layer 2/2, base field no. 1/256, 323/701
[ Info: 64_181: layer 2/2, base field no. 1/256, 324/701
[ Info: 64_181: layer 2/2, base field no. 1/256, 325/701
[ Info: 64_181: layer 2/2, base field no. 1/256, 326/701
[ Info: 64_181: layer 2/2, base field no. 1/256, 327/701
[ Info: 64_181: layer 2/2, base field no. 1/256, 328/701
[ Info: 64_181: layer 2/2, base field no. 1/256, 329/701
[ Info: 64_181: layer 2/2, base field no. 1/256, 330/701
[ Info: 64_181: layer 2/2, base field no. 1/256, 331/701
[ Info: 64_181: layer 2/2, base field no. 1/256, 332/701
[ Info: 64_181: layer 2/2, base field no. 1/256, 333/701
[ Info: 64_181: layer 2/2, base field no. 1/256, 334/701
[ Info: 64_181: layer 2/2, base field no. 1/256, 335/701
[ Info: 64_181: layer 2/2, base field no. 1/256, 336/701
[ Info: 64_181: layer 2/2, base field no. 1/256, 337/701
[ Info: 64_181: layer 2/2, base field no. 1/256, 338/701
[ Info: 64_181: layer 2/2, base field no. 1/256, 339/701
[ Info: 64_181: layer 2/2, base field no. 1/256, 340/701
[ Info: 64_181: layer 2/2, base field no. 1/256, 341/701
[ Info: 64_181: layer 2/2, base field no. 1/256, 342/701
[ Info: 64_181: layer 2/2, base field no. 1/256, 343/701
[ Info: 64_181: layer 2/2, base field no. 1/256, 344/701
[ Info: 64_181: layer 2/2, base field no. 1/256, 345/701
[ Info: 64_181: layer 2/2, base field no. 1/256, 346/701
[ Info: 64_181: layer 2/2, base field no. 1/256, 347/701
[ Info: 64_181: layer 2/2, base field no. 1/256, 348/701
[ Info: 64_181: layer 2/2, base field no. 1/256, 349/701
[ Info: 64_181: layer 2/2, base field no. 1/256, 350/701
[ Info: 64_181: layer 2/2, base field no. 1/256, 351/701
[ Info: 64_181: layer 2/2, base field no. 1/256, 352/701
[ Info: 64_181: layer 2/2, base field no. 1/256, 353/701
[ Info: 64_181: layer 2/2, base field no. 1/256, 354/701
[ Info: 64_181: layer 2/2, base field no. 1/256, 355/701
[ Info: 64_181: layer 2/2, base field no. 1/256, 356/701
[ Info: 64_181: layer 2/2, base field no. 1/256, 357/701
[ Info: 64_181: layer 2/2, base field no. 1/256, 358/701
[ Info: 64_181: layer 2/2, base field no. 1/256, 359/701
[ Info: 64_181: layer 2/2, base field no. 1/256, 360/701
[ Info: 64_181: layer 2/2, base field no. 1/256, 361/701
[ Info: 64_181: layer 2/2, base field no. 1/256, 362/701
[ Info: 64_181: layer 2/2, base field no. 1/256, 363/701
[ Info: 64_181: layer 2/2, base field no. 1/256, 364/701
[ Info: 64_181: layer 2/2, base field no. 1/256, 365/701
[ Info: 64_181: layer 2/2, base field no. 1/256, 366/701
[ Info: 64_181: layer 2/2, base field no. 1/256, 367/701
[ Info: 64_181: layer 2/2, base field no. 1/256, 368/701
[ Info: 64_181: layer 2/2, base field no. 1/256, 369/701
[ Info: 64_181: layer 2/2, base field no. 1/256, 370/701
[ Info: 64_181: layer 2/2, base field no. 1/256, 371/701
[ Info: 64_181: layer 2/2, base field no. 1/256, 372/701
[ Info: 64_181: layer 2/2, base field no. 1/256, 373/701
[ Info: 64_181: layer 2/2, base field no. 1/256, 374/701
[ Info: 64_181: layer 2/2, base field no. 1/256, 375/701
[ Info: 64_181: layer 2/2, base field no. 1/256, 376/701
[ Info: 64_181: layer 2/2, base field no. 1/256, 377/701
[ Info: 64_181: layer 2/2, base field no. 1/256, 378/701
[ Info: 64_181: layer 2/2, base field no. 1/256, 379/701
[ Info: 64_181: layer 2/2, base field no. 1/256, 380/701
[ Info: 64_181: layer 2/2, base field no. 1/256, 381/701
[ Info: 64_181: layer 2/2, base field no. 1/256, 382/701
[ Info: 64_181: layer 2/2, base field no. 1/256, 383/701
[ Info: 64_181: layer 2/2, base field no. 1/256, 384/701
[ Info: 64_181: layer 2/2, base field no. 1/256, 385/701
[ Info: 64_181: layer 2/2, base field no. 1/256, 386/701
[ Info: 64_181: layer 2/2, base field no. 1/256, 387/701
[ Info: 64_181: layer 2/2, base field no. 1/256, 388/701
[ Info: 64_181: layer 2/2, base field no. 1/256, 389/701
[ Info: 64_181: layer 2/2, base field no. 1/256, 390/701
[ Info: 64_181: layer 2/2, base field no. 1/256, 391/701
[ Info: 64_181: layer 2/2, base field no. 1/256, 392/701
[ Info: 64_181: layer 2/2, base field no. 1/256, 393/701
[ Info: 64_181: layer 2/2, base field no. 1/256, 394/701
[ Info: 64_181: layer 2/2, base field no. 1/256, 395/701
[ Info: 64_181: layer 2/2, base field no. 1/256, 396/701
[ Info: 64_181: layer 2/2, base field no. 1/256, 397/701
[ Info: 64_181: layer 2/2, base field no. 1/256, 398/701
[ Info: 64_181: layer 2/2, base field no. 1/256, 399/701
[ Info: 64_181: layer 2/2, base field no. 1/256, 400/701
[ Info: 64_181: layer 2/2, base field no. 1/256, 401/701
[ Info: 64_181: layer 2/2, base field no. 1/256, 402/701
[ Info: 64_181: layer 2/2, base field no. 1/256, 403/701
[ Info: 64_181: layer 2/2, base field no. 1/256, 404/701
[ Info: 64_181: layer 2/2, base field no. 1/256, 405/701
[ Info: 64_181: layer 2/2, base field no. 1/256, 406/701
[ Info: 64_181: layer 2/2, base field no. 1/256, 407/701
[ Info: 64_181: layer 2/2, base field no. 1/256, 408/701
[ Info: 64_181: layer 2/2, base field no. 1/256, 409/701
[ Info: 64_181: layer 2/2, base field no. 1/256, 410/701
[ Info: 64_181: layer 2/2, base field no. 1/256, 411/701
[ Info: 64_181: layer 2/2, base field no. 1/256, 412/701
[ Info: 64_181: layer 2/2, base field no. 1/256, 413/701
[ Info: 64_181: layer 2/2, base field no. 1/256, 414/701
[ Info: 64_181: layer 2/2, base field no. 1/256, 415/701
[ Info: 64_181: layer 2/2, base field no. 1/256, 416/701
[ Info: 64_181: layer 2/2, base field no. 1/256, 417/701
[ Info: 64_181: layer 2/2, base field no. 1/256, 418/701
[ Info: 64_181: layer 2/2, base field no. 1/256, 419/701
[ Info: 64_181: layer 2/2, base field no. 1/256, 420/701
[ Info: 64_181: layer 2/2, base field no. 1/256, 421/701
[ Info: 64_181: layer 2/2, base field no. 1/256, 422/701
[ Info: 64_181: layer 2/2, base field no. 1/256, 423/701
[ Info: 64_181: layer 2/2, base field no. 1/256, 424/701
[ Info: 64_181: layer 2/2, base field no. 1/256, 425/701
[ Info: 64_181: layer 2/2, base field no. 1/256, 426/701
[ Info: 64_181: layer 2/2, base field no. 1/256, 427/701
[ Info: 64_181: layer 2/2, base field no. 1/256, 428/701
[ Info: 64_181: layer 2/2, base field no. 1/256, 429/701
[ Info: 64_181: layer 2/2, base field no. 1/256, 430/701
[ Info: 64_181: layer 2/2, base field no. 1/256, 431/701
[ Info: 64_181: layer 2/2, base field no. 1/256, 432/701
[ Info: 64_181: layer 2/2, base field no. 1/256, 433/701
[ Info: 64_181: layer 2/2, base field no. 1/256, 434/701
[ Info: 64_181: layer 2/2, base field no. 1/256, 435/701
[ Info: 64_181: layer 2/2, base field no. 1/256, 436/701
[ Info: 64_181: layer 2/2, base field no. 1/256, 437/701
[ Info: 64_181: layer 2/2, base field no. 1/256, 438/701
[ Info: 64_181: layer 2/2, base field no. 1/256, 439/701
[ Info: 64_181: layer 2/2, base field no. 1/256, 440/701
[ Info: 64_181: layer 2/2, base field no. 1/256, 441/701
[ Info: 64_181: layer 2/2, base field no. 1/256, 442/701
[ Info: 64_181: layer 2/2, base field no. 1/256, 443/701
[ Info: 64_181: layer 2/2, base field no. 1/256, 444/701
[ Info: 64_181: layer 2/2, base field no. 1/256, 445/701
[ Info: 64_181: layer 2/2, base field no. 1/256, 446/701
[ Info: 64_181: layer 2/2, base field no. 1/256, 447/701
[ Info: 64_181: layer 2/2, base field no. 1/256, 448/701
[ Info: 64_181: layer 2/2, base field no. 1/256, 449/701
[ Info: 64_181: layer 2/2, base field no. 1/256, 450/701
[ Info: 64_181: layer 2/2, base field no. 1/256, 451/701
[ Info: 64_181: layer 2/2, base field no. 1/256, 452/701
[ Info: 64_181: layer 2/2, base field no. 1/256, 453/701
[ Info: 64_181: layer 2/2, base field no. 1/256, 454/701
[ Info: 64_181: layer 2/2, base field no. 1/256, 455/701
[ Info: 64_181: layer 2/2, base field no. 1/256, 456/701
[ Info: 64_181: layer 2/2, base field no. 1/256, 457/701
[ Info: 64_181: layer 2/2, base field no. 1/256, 458/701
[ Info: 64_181: layer 2/2, base field no. 1/256, 459/701
[ Info: 64_181: layer 2/2, base field no. 1/256, 460/701
[ Info: 64_181: layer 2/2, base field no. 1/256, 461/701
[ Info: 64_181: layer 2/2, base field no. 1/256, 462/701
[ Info: 64_181: layer 2/2, base field no. 1/256, 463/701
[ Info: 64_181: layer 2/2, base field no. 1/256, 464/701
[ Info: 64_181: layer 2/2, base field no. 1/256, 465/701
[ Info: 64_181: layer 2/2, base field no. 1/256, 466/701
[ Info: 64_181: layer 2/2, base field no. 1/256, 467/701
[ Info: 64_181: layer 2/2, base field no. 1/256, 468/701
[ Info: 64_181: layer 2/2, base field no. 1/256, 469/701
[ Info: 64_181: layer 2/2, base field no. 1/256, 470/701
[ Info: 64_181: layer 2/2, base field no. 1/256, 471/701
[ Info: 64_181: layer 2/2, base field no. 1/256, 472/701
[ Info: 64_181: layer 2/2, base field no. 1/256, 473/701
[ Info: 64_181: layer 2/2, base field no. 1/256, 474/701
[ Info: 64_181: layer 2/2, base field no. 1/256, 475/701
[ Info: 64_181: layer 2/2, base field no. 1/256, 476/701
[ Info: 64_181: layer 2/2, base field no. 1/256, 477/701
[ Info: 64_181: layer 2/2, base field no. 1/256, 478/701
[ Info: 64_181: layer 2/2, base field no. 1/256, 479/701
[ Info: 64_181: layer 2/2, base field no. 1/256, 480/701
[ Info: 64_181: layer 2/2, base field no. 1/256, 481/701
[ Info: 64_181: layer 2/2, base field no. 1/256, 482/701
[ Info: 64_181: layer 2/2, base field no. 1/256, 483/701
[ Info: 64_181: layer 2/2, base field no. 1/256, 484/701
[ Info: 64_181: layer 2/2, base field no. 1/256, 485/701
[ Info: 64_181: layer 2/2, base field no. 1/256, 486/701
[ Info: 64_181: layer 2/2, base field no. 1/256, 487/701
[ Info: 64_181: layer 2/2, base field no. 1/256, 488/701
[ Info: 64_181: layer 2/2, base field no. 1/256, 489/701
[ Info: 64_181: layer 2/2, base field no. 1/256, 490/701
[ Info: 64_181: layer 2/2, base field no. 1/256, 491/701
[ Info: 64_181: layer 2/2, base field no. 1/256, 492/701
[ Info: 64_181: layer 2/2, base field no. 1/256, 493/701
[ Info: 64_181: layer 2/2, base field no. 1/256, 494/701
[ Info: 64_181: layer 2/2, base field no. 1/256, 495/701
[ Info: 64_181: layer 2/2, base field no. 1/256, 496/701
[ Info: 64_181: layer 2/2, base field no. 1/256, 497/701
[ Info: 64_181: layer 2/2, base field no. 1/256, 498/701
[ Info: 64_181: layer 2/2, base field no. 1/256, 499/701
[ Info: 64_181: layer 2/2, base field no. 1/256, 500/701
[ Info: 64_181: layer 2/2, base field no. 1/256, 501/701
[ Info: 64_181: layer 2/2, base field no. 1/256, 502/701
[ Info: 64_181: layer 2/2, base field no. 1/256, 503/701
[ Info: 64_181: layer 2/2, base field no. 1/256, 504/701
[ Info: 64_181: layer 2/2, base field no. 1/256, 505/701
[ Info: 64_181: layer 2/2, base field no. 1/256, 506/701
[ Info: 64_181: layer 2/2, base field no. 1/256, 507/701
[ Info: 64_181: layer 2/2, base field no. 1/256, 508/701
[ Info: 64_181: layer 2/2, base field no. 1/256, 509/701
[ Info: 64_181: layer 2/2, base field no. 1/256, 510/701
[ Info: 64_181: layer 2/2, base field no. 1/256, 511/701
[ Info: 64_181: layer 2/2, base field no. 1/256, 512/701
[ Info: 64_181: layer 2/2, base field no. 1/256, 513/701
[ Info: 64_181: layer 2/2, base field no. 1/256, 514/701
[ Info: 64_181: layer 2/2, base field no. 1/256, 515/701
[ Info: 64_181: layer 2/2, base field no. 1/256, 516/701
[ Info: 64_181: layer 2/2, base field no. 1/256, 517/701
[ Info: 64_181: layer 2/2, base field no. 1/256, 518/701
[ Info: 64_181: layer 2/2, base field no. 1/256, 519/701
[ Info: 64_181: layer 2/2, base field no. 1/256, 520/701
[ Info: 64_181: layer 2/2, base field no. 1/256, 521/701
[ Info: 64_181: layer 2/2, base field no. 1/256, 522/701
[ Info: 64_181: layer 2/2, base field no. 1/256, 523/701
[ Info: 64_181: layer 2/2, base field no. 1/256, 524/701
[ Info: 64_181: layer 2/2, base field no. 1/256, 525/701
[ Info: 64_181: layer 2/2, base field no. 1/256, 526/701
[ Info: 64_181: layer 2/2, base field no. 1/256, 527/701
[ Info: 64_181: layer 2/2, base field no. 1/256, 528/701
[ Info: 64_181: layer 2/2, base field no. 1/256, 529/701
[ Info: 64_181: layer 2/2, base field no. 1/256, 530/701
[ Info: 64_181: layer 2/2, base field no. 1/256, 531/701
[ Info: 64_181: layer 2/2, base field no. 1/256, 532/701
[ Info: 64_181: layer 2/2, base field no. 1/256, 533/701
[ Info: 64_181: layer 2/2, base field no. 1/256, 534/701
[ Info: 64_181: layer 2/2, base field no. 1/256, 535/701
[ Info: 64_181: layer 2/2, base field no. 1/256, 536/701
[ Info: 64_181: layer 2/2, base field no. 1/256, 537/701
[ Info: 64_181: layer 2/2, base field no. 1/256, 538/701
[ Info: 64_181: layer 2/2, base field no. 1/256, 539/701
[ Info: 64_181: layer 2/2, base field no. 1/256, 540/701
[ Info: 64_181: layer 2/2, base field no. 1/256, 541/701
[ Info: 64_181: layer 2/2, base field no. 1/256, 542/701
[ Info: 64_181: layer 2/2, base field no. 1/256, 543/701
[ Info: 64_181: layer 2/2, base field no. 1/256, 544/701
[ Info: 64_181: layer 2/2, base field no. 1/256, 545/701
[ Info: 64_181: layer 2/2, base field no. 1/256, 546/701
[ Info: 64_181: layer 2/2, base field no. 1/256, 547/701
[ Info: 64_181: layer 2/2, base field no. 1/256, 548/701
[ Info: 64_181: layer 2/2, base field no. 1/256, 549/701
[ Info: 64_181: layer 2/2, base field no. 1/256, 550/701
[ Info: 64_181: layer 2/2, base field no. 1/256, 551/701
[ Info: 64_181: layer 2/2, base field no. 1/256, 552/701
[ Info: 64_181: layer 2/2, base field no. 1/256, 553/701
[ Info: 64_181: layer 2/2, base field no. 1/256, 554/701
[ Info: 64_181: layer 2/2, base field no. 1/256, 555/701
[ Info: 64_181: layer 2/2, base field no. 1/256, 556/701
[ Info: 64_181: layer 2/2, base field no. 1/256, 557/701
[ Info: 64_181: layer 2/2, base field no. 1/256, 558/701
[ Info: 64_181: layer 2/2, base field no. 1/256, 559/701
[ Info: 64_181: layer 2/2, base field no. 1/256, 560/701
[ Info: 64_181: layer 2/2, base field no. 1/256, 561/701
[ Info: 64_181: layer 2/2, base field no. 1/256, 562/701
[ Info: 64_181: layer 2/2, base field no. 1/256, 563/701
[ Info: 64_181: layer 2/2, base field no. 1/256, 564/701
[ Info: 64_181: layer 2/2, base field no. 1/256, 565/701
[ Info: 64_181: layer 2/2, base field no. 1/256, 566/701
[ Info: 64_181: layer 2/2, base field no. 1/256, 567/701
[ Info: 64_181: layer 2/2, base field no. 1/256, 568/701
[ Info: 64_181: layer 2/2, base field no. 1/256, 569/701
[ Info: 64_181: layer 2/2, base field no. 1/256, 570/701
[ Info: 64_181: layer 2/2, base field no. 1/256, 571/701
[ Info: 64_181: layer 2/2, base field no. 1/256, 572/701
[ Info: 64_181: layer 2/2, base field no. 1/256, 573/701
[ Info: 64_181: layer 2/2, base field no. 1/256, 574/701
[ Info: 64_181: layer 2/2, base field no. 1/256, 575/701
[ Info: 64_181: layer 2/2, base field no. 1/256, 576/701
[ Info: 64_181: layer 2/2, base field no. 1/256, 577/701
[ Info: 64_181: layer 2/2, base field no. 1/256, 578/701
[ Info: 64_181: layer 2/2, base field no. 1/256, 579/701
[ Info: 64_181: layer 2/2, base field no. 1/256, 580/701
[ Info: 64_181: layer 2/2, base field no. 1/256, 581/701
[ Info: 64_181: layer 2/2, base field no. 1/256, 582/701
[ Info: 64_181: layer 2/2, base field no. 1/256, 583/701
[ Info: 64_181: layer 2/2, base field no. 1/256, 584/701
[ Info: 64_181: layer 2/2, base field no. 1/256, 585/701
[ Info: 64_181: layer 2/2, base field no. 1/256, 586/701
[ Info: 64_181: layer 2/2, base field no. 1/256, 587/701
[ Info: 64_181: layer 2/2, base field no. 1/256, 588/701
[ Info: 64_181: layer 2/2, base field no. 1/256, 589/701
[ Info: 64_181: layer 2/2, base field no. 1/256, 590/701
[ Info: 64_181: layer 2/2, base field no. 1/256, 591/701
[ Info: 64_181: layer 2/2, base field no. 1/256, 592/701
[ Info: 64_181: layer 2/2, base field no. 1/256, 593/701
[ Info: 64_181: layer 2/2, base field no. 1/256, 594/701
[ Info: 64_181: layer 2/2, base field no. 1/256, 595/701
[ Info: 64_181: layer 2/2, base field no. 1/256, 596/701
[ Info: 64_181: layer 2/2, base field no. 1/256, 597/701
[ Info: 64_181: layer 2/2, base field no. 1/256, 598/701
[ Info: 64_181: layer 2/2, base field no. 1/256, 599/701
[ Info: 64_181: layer 2/2, base field no. 1/256, 600/701
[ Info: 64_181: layer 2/2, base field no. 1/256, 601/701
[ Info: 64_181: layer 2/2, base field no. 1/256, 602/701
[ Info: 64_181: layer 2/2, base field no. 1/256, 603/701
[ Info: 64_181: layer 2/2, base field no. 1/256, 604/701
[ Info: 64_181: layer 2/2, base field no. 1/256, 605/701
[ Info: 64_181: layer 2/2, base field no. 1/256, 606/701
[ Info: 64_181: layer 2/2, base field no. 1/256, 607/701
[ Info: 64_181: layer 2/2, base field no. 1/256, 608/701
[ Info: 64_181: layer 2/2, base field no. 1/256, 609/701
[ Info: 64_181: layer 2/2, base field no. 1/256, 610/701
[ Info: 64_181: layer 2/2, base field no. 1/256, 611/701
[ Info: 64_181: layer 2/2, base field no. 1/256, 612/701
[ Info: 64_181: layer 2/2, base field no. 1/256, 613/701
[ Info: 64_181: layer 2/2, base field no. 1/256, 614/701
[ Info: 64_181: layer 2/2, base field no. 1/256, 615/701
[ Info: 64_181: layer 2/2, base field no. 1/256, 616/701
[ Info: 64_181: layer 2/2, base field no. 1/256, 617/701
[ Info: 64_181: layer 2/2, base field no. 1/256, 618/701
[ Info: 64_181: layer 2/2, base field no. 1/256, 619/701
[ Info: 64_181: layer 2/2, base field no. 1/256, 620/701
[ Info: 64_181: layer 2/2, base field no. 1/256, 621/701
[ Info: 64_181: layer 2/2, base field no. 1/256, 622/701
[ Info: 64_181: layer 2/2, base field no. 1/256, 623/701
[ Info: 64_181: layer 2/2, base field no. 1/256, 624/701
[ Info: 64_181: layer 2/2, base field no. 1/256, 625/701
[ Info: 64_181: layer 2/2, base field no. 1/256, 626/701
[ Info: 64_181: layer 2/2, base field no. 1/256, 627/701
[ Info: 64_181: layer 2/2, base field no. 1/256, 628/701
[ Info: 64_181: layer 2/2, base field no. 1/256, 629/701
[ Info: 64_181: layer 2/2, base field no. 1/256, 630/701
[ Info: 64_181: layer 2/2, base field no. 1/256, 631/701
[ Info: 64_181: layer 2/2, base field no. 1/256, 632/701
[ Info: 64_181: layer 2/2, base field no. 1/256, 633/701
[ Info: 64_181: layer 2/2, base field no. 1/256, 634/701
[ Info: 64_181: layer 2/2, base field no. 1/256, 635/701
[ Info: 64_181: layer 2/2, base field no. 1/256, 636/701
[ Info: 64_181: layer 2/2, base field no. 1/256, 637/701
[ Info: 64_181: layer 2/2, base field no. 1/256, 638/701
[ Info: 64_181: layer 2/2, base field no. 1/256, 639/701
[ Info: 64_181: layer 2/2, base field no. 1/256, 640/701
[ Info: 64_181: layer 2/2, base field no. 1/256, 641/701
[ Info: 64_181: layer 2/2, base field no. 1/256, 642/701
[ Info: 64_181: layer 2/2, base field no. 1/256, 643/701
[ Info: 64_181: layer 2/2, base field no. 1/256, 644/701
[ Info: 64_181: layer 2/2, base field no. 1/256, 645/701
[ Info: 64_181: layer 2/2, base field no. 1/256, 646/701
[ Info: 64_181: layer 2/2, base field no. 1/256, 647/701
[ Info: 64_181: layer 2/2, base field no. 1/256, 648/701
[ Info: 64_181: layer 2/2, base field no. 1/256, 649/701
[ Info: 64_181: layer 2/2, base field no. 1/256, 650/701
[ Info: 64_181: layer 2/2, base field no. 1/256, 651/701
[ Info: 64_181: layer 2/2, base field no. 1/256, 652/701
[ Info: 64_181: layer 2/2, base field no. 1/256, 653/701
[ Info: 64_181: layer 2/2, base field no. 1/256, 654/701
[ Info: 64_181: layer 2/2, base field no. 1/256, 655/701
[ Info: 64_181: layer 2/2, base field no. 1/256, 656/701
[ Info: 64_181: layer 2/2, base field no. 1/256, 657/701
[ Info: 64_181: layer 2/2, base field no. 1/256, 658/701
[ Info: 64_181: layer 2/2, base field no. 1/256, 659/701
[ Info: 64_181: layer 2/2, base field no. 1/256, 660/701
[ Info: 64_181: layer 2/2, base field no. 1/256, 661/701
[ Info: 64_181: layer 2/2, base field no. 1/256, 662/701
[ Info: 64_181: layer 2/2, base field no. 1/256, 663/701
[ Info: 64_181: layer 2/2, base field no. 1/256, 664/701
[ Info: 64_181: layer 2/2, base field no. 1/256, 665/701
[ Info: 64_181: layer 2/2, base field no. 1/256, 666/701
[ Info: 64_181: layer 2/2, base field no. 1/256, 667/701
[ Info: 64_181: layer 2/2, base field no. 1/256, 668/701
[ Info: 64_181: layer 2/2, base field no. 1/256, 669/701
[ Info: 64_181: layer 2/2, base field no. 1/256, 670/701
[ Info: 64_181: layer 2/2, base field no. 1/256, 671/701
[ Info: 64_181: layer 2/2, base field no. 1/256, 672/701
[ Info: 64_181: layer 2/2, base field no. 1/256, 673/701
[ Info: 64_181: layer 2/2, base field no. 1/256, 674/701
[ Info: 64_181: layer 2/2, base field no. 1/256, 675/701
[ Info: 64_181: layer 2/2, base field no. 1/256, 676/701
[ Info: 64_181: layer 2/2, base field no. 1/256, 677/701
[ Info: 64_181: layer 2/2, base field no. 1/256, 678/701
[ Info: 64_181: layer 2/2, base field no. 1/256, 679/701
[ Info: 64_181: layer 2/2, base field no. 1/256, 680/701
[ Info: 64_181: layer 2/2, base field no. 1/256, 681/701
[ Info: 64_181: layer 2/2, base field no. 1/256, 682/701
[ Info: 64_181: layer 2/2, base field no. 1/256, 683/701
[ Info: 64_181: layer 2/2, base field no. 1/256, 684/701
[ Info: 64_181: layer 2/2, base field no. 1/256, 685/701
[ Info: 64_181: layer 2/2, base field no. 1/256, 686/701
[ Info: 64_181: layer 2/2, base field no. 1/256, 687/701
[ Info: 64_181: layer 2/2, base field no. 1/256, 688/701
[ Info: 64_181: layer 2/2, base field no. 1/256, 689/701
[ Info: 64_181: layer 2/2, base field no. 1/256, 690/701
[ Info: 64_181: layer 2/2, base field no. 1/256, 691/701
[ Info: 64_181: layer 2/2, base field no. 1/256, 692/701
[ Info: 64_181: layer 2/2, base field no. 1/256, 693/701
[ Info: 64_181: layer 2/2, base field no. 1/256, 694/701
[ Info: 64_181: layer 2/2, base field no. 1/256, 695/701
[ Info: 64_181: layer 2/2, base field no. 1/256, 696/701
[ Info: 64_181: layer 2/2, base field no. 1/256, 697/701
[ Info: 64_181: layer 2/2, base field no. 1/256, 698/701
[ Info: 64_181: layer 2/2, base field no. 1/256, 699/701
[ Info: 64_181: layer 2/2, base field no. 1/256, 700/701
[ Info: 64_181: layer 2/2, base field no. 1/256, 701/701
[ Info: 64_181: layer 2/2, base field no. 2/256, constructing abelian extensions
[ Info: 64_181: layer 2/2, base field no. 2/256, checking fields: 739
[ Info: 64_181: layer 2/2, base field no. 2/256, 1/739
[ Info: 64_181: layer 2/2, base field no. 2/256, 2/739
[ Info: 64_181: layer 2/2, base field no. 2/256, 3/739
[ Info: 64_181: layer 2/2, base field no. 2/256, 4/739
[ Info: 64_181: layer 2/2, base field no. 2/256, 5/739
[ Info: 64_181: layer 2/2, base field no. 2/256, 6/739
[ Info: 64_181: layer 2/2, base field no. 2/256, 7/739
[ Info: 64_181: layer 2/2, base field no. 2/256, 8/739
[ Info: 64_181: layer 2/2, base field no. 2/256, 9/739
[ Info: 64_181: layer 2/2, base field no. 2/256, 10/739
[ Info: 64_181: layer 2/2, base field no. 2/256, 11/739
[ Info: 64_181: layer 2/2, base field no. 2/256, 12/739
[ Info: 64_181: layer 2/2, base field no. 2/256, 13/739
[ Info: 64_181: layer 2/2, base field no. 2/256, 14/739
[ Info: 64_181: layer 2/2, base field no. 2/256, 15/739
[ Info: 64_181: layer 2/2, base field no. 2/256, 16/739
[ Info: 64_181: layer 2/2, base field no. 2/256, 17/739
[ Info: 64_181: layer 2/2, base field no. 2/256, 18/739
[ Info: 64_181: layer 2/2, base field no. 2/256, 19/739
[ Info: 64_181: layer 2/2, base field no. 2/256, 20/739
[ Info: 64_181: layer 2/2, base field no. 2/256, 21/739
[ Info: 64_181: layer 2/2, base field no. 2/256, 22/739
[ Info: 64_181: layer 2/2, base field no. 2/256, 23/739
[ Info: 64_181: layer 2/2, base field no. 2/256, 24/739
[ Info: 64_181: layer 2/2, base field no. 2/256, 25/739
[ Info: 64_181: layer 2/2, base field no. 2/256, 26/739
[ Info: 64_181: layer 2/2, base field no. 2/256, 27/739
[ Info: 64_181: layer 2/2, base field no. 2/256, 28/739
[ Info: 64_181: layer 2/2, base field no. 2/256, 29/739
[ Info: 64_181: layer 2/2, base field no. 2/256, 30/739
[ Info: 64_181: layer 2/2, base field no. 2/256, 31/739
[ Info: 64_181: layer 2/2, base field no. 2/256, 32/739
[ Info: 64_181: layer 2/2, base field no. 2/256, 33/739
[ Info: 64_181: layer 2/2, base field no. 2/256, 34/739
[ Info: 64_181: layer 2/2, base field no. 2/256, 35/739
[ Info: 64_181: layer 2/2, base field no. 2/256, 36/739
[ Info: 64_181: layer 2/2, base field no. 2/256, 37/739
[ Info: 64_181: layer 2/2, base field no. 2/256, 38/739
[ Info: 64_181: layer 2/2, base field no. 2/256, 39/739
[ Info: 64_181: layer 2/2, base field no. 2/256, 40/739
[ Info: 64_181: layer 2/2, base field no. 2/256, 41/739
[ Info: 64_181: layer 2/2, base field no. 2/256, 42/739
[ Info: 64_181: layer 2/2, base field no. 2/256, 43/739
[ Info: 64_181: layer 2/2, base field no. 2/256, 44/739
[ Info: 64_181: layer 2/2, base field no. 2/256, 45/739
[ Info: 64_181: layer 2/2, base field no. 2/256, 46/739
[ Info: 64_181: layer 2/2, base field no. 2/256, 47/739
[ Info: 64_181: layer 2/2, base field no. 2/256, 48/739
[ Info: 64_181: layer 2/2, base field no. 2/256, 49/739
[ Info: 64_181: layer 2/2, base field no. 2/256, 50/739
[ Info: 64_181: layer 2/2, base field no. 2/256, 51/739
[ Info: 64_181: layer 2/2, base field no. 2/256, 52/739
[ Info: 64_181: layer 2/2, base field no. 2/256, 53/739
[ Info: 64_181: layer 2/2, base field no. 2/256, 54/739
[ Info: 64_181: layer 2/2, base field no. 2/256, 55/739
[ Info: 64_181: layer 2/2, base field no. 2/256, 56/739
[ Info: 64_181: layer 2/2, base field no. 2/256, 57/739
[ Info: 64_181: layer 2/2, base field no. 2/256, 58/739
[ Info: 64_181: layer 2/2, base field no. 2/256, 59/739
[ Info: 64_181: layer 2/2, base field no. 2/256, 60/739
[ Info: 64_181: layer 2/2, base field no. 2/256, 61/739
[ Info: 64_181: layer 2/2, base field no. 2/256, 62/739
[ Info: 64_181: layer 2/2, base field no. 2/256, 63/739
[ Info: 64_181: layer 2/2, base field no. 2/256, 64/739
[ Info: 64_181: layer 2/2, base field no. 2/256, 65/739
[ Info: 64_181: layer 2/2, base field no. 2/256, 66/739
[ Info: 64_181: layer 2/2, base field no. 2/256, 67/739
[ Info: 64_181: layer 2/2, base field no. 2/256, 68/739
[ Info: 64_181: layer 2/2, base field no. 2/256, 69/739
[ Info: 64_181: layer 2/2, base field no. 2/256, 70/739
[ Info: 64_181: layer 2/2, base field no. 2/256, 71/739
[ Info: 64_181: layer 2/2, base field no. 2/256, 72/739
[ Info: 64_181: layer 2/2, base field no. 2/256, 73/739
[ Info: 64_181: layer 2/2, base field no. 2/256, 74/739
[ Info: 64_181: layer 2/2, base field no. 2/256, 75/739
[ Info: 64_181: layer 2/2, base field no. 2/256, 76/739
[ Info: 64_181: layer 2/2, base field no. 2/256, 77/739
[ Info: 64_181: layer 2/2, base field no. 2/256, 78/739
[ Info: 64_181: layer 2/2, base field no. 2/256, 79/739
[ Info: 64_181: layer 2/2, base field no. 2/256, 80/739
[ Info: 64_181: layer 2/2, base field no. 2/256, 81/739
[ Info: 64_181: layer 2/2, base field no. 2/256, 82/739
[ Info: 64_181: layer 2/2, base field no. 2/256, 83/739
[ Info: 64_181: layer 2/2, base field no. 2/256, 84/739
[ Info: 64_181: layer 2/2, base field no. 2/256, 85/739
[ Info: 64_181: layer 2/2, base field no. 2/256, 86/739
[ Info: 64_181: layer 2/2, base field no. 2/256, 87/739
[ Info: 64_181: layer 2/2, base field no. 2/256, 88/739
[ Info: 64_181: layer 2/2, base field no. 2/256, 89/739
[ Info: 64_181: layer 2/2, base field no. 2/256, 90/739
[ Info: 64_181: layer 2/2, base field no. 2/256, 91/739
[ Info: 64_181: layer 2/2, base field no. 2/256, 92/739
[ Info: 64_181: layer 2/2, base field no. 2/256, 93/739
[ Info: 64_181: layer 2/2, base field no. 2/256, 94/739
[ Info: 64_181: layer 2/2, base field no. 2/256, 95/739
[ Info: 64_181: layer 2/2, base field no. 2/256, 96/739
[ Info: 64_181: layer 2/2, base field no. 2/256, 97/739
[ Info: 64_181: layer 2/2, base field no. 2/256, 98/739
[ Info: 64_181: layer 2/2, base field no. 2/256, 99/739
[ Info: 64_181: layer 2/2, base field no. 2/256, 100/739
[ Info: 64_181: layer 2/2, base field no. 2/256, 101/739
[ Info: 64_181: layer 2/2, base field no. 2/256, 102/739
[ Info: 64_181: layer 2/2, base field no. 2/256, 103/739
[ Info: 64_181: layer 2/2, base field no. 2/256, 104/739
[ Info: 64_181: layer 2/2, base field no. 2/256, 105/739
[ Info: 64_181: layer 2/2, base field no. 2/256, 106/739
[ Info: 64_181: layer 2/2, base field no. 2/256, 107/739
[ Info: 64_181: layer 2/2, base field no. 2/256, 108/739
[ Info: 64_181: layer 2/2, base field no. 2/256, 109/739
[ Info: 64_181: layer 2/2, base field no. 2/256, 110/739
[ Info: 64_181: layer 2/2, base field no. 2/256, 111/739
[ Info: 64_181: layer 2/2, base field no. 2/256, 112/739
[ Info: 64_181: layer 2/2, base field no. 2/256, 113/739
[ Info: 64_181: layer 2/2, base field no. 2/256, 114/739
[ Info: 64_181: layer 2/2, base field no. 2/256, 115/739
[ Info: 64_181: layer 2/2, base field no. 2/256, 116/739
[ Info: 64_181: layer 2/2, base field no. 2/256, 117/739
[ Info: 64_181: layer 2/2, base field no. 2/256, 118/739
[ Info: 64_181: layer 2/2, base field no. 2/256, 119/739
[ Info: 64_181: layer 2/2, base field no. 2/256, 120/739
[ Info: 64_181: layer 2/2, base field no. 2/256, 121/739
[ Info: 64_181: layer 2/2, base field no. 2/256, 122/739
[ Info: 64_181: layer 2/2, base field no. 2/256, 123/739
[ Info: 64_181: layer 2/2, base field no. 2/256, 124/739
[ Info: 64_181: layer 2/2, base field no. 2/256, 125/739
[ Info: 64_181: layer 2/2, base field no. 2/256, 126/739
[ Info: 64_181: layer 2/2, base field no. 2/256, 127/739
[ Info: 64_181: layer 2/2, base field no. 2/256, 128/739
[ Info: 64_181: layer 2/2, base field no. 2/256, 129/739
[ Info: 64_181: layer 2/2, base field no. 2/256, 130/739
[ Info: 64_181: layer 2/2, base field no. 2/256, 131/739
[ Info: 64_181: layer 2/2, base field no. 2/256, 132/739
[ Info: 64_181: layer 2/2, base field no. 2/256, 133/739
[ Info: 64_181: layer 2/2, base field no. 2/256, 134/739
[ Info: 64_181: layer 2/2, base field no. 2/256, 135/739
[ Info: 64_181: layer 2/2, base field no. 2/256, 136/739
[ Info: 64_181: layer 2/2, base field no. 2/256, 137/739
[ Info: 64_181: layer 2/2, base field no. 2/256, 138/739
[ Info: 64_181: layer 2/2, base field no. 2/256, 139/739
[ Info: 64_181: layer 2/2, base field no. 2/256, 140/739
[ Info: 64_181: layer 2/2, base field no. 2/256, 141/739
[ Info: 64_181: layer 2/2, base field no. 2/256, 142/739
[ Info: 64_181: layer 2/2, base field no. 2/256, 143/739
[ Info: 64_181: layer 2/2, base field no. 2/256, 144/739
[ Info: 64_181: layer 2/2, base field no. 2/256, 145/739
[ Info: 64_181: layer 2/2, base field no. 2/256, 146/739
[ Info: 64_181: layer 2/2, base field no. 2/256, 147/739
[ Info: 64_181: layer 2/2, base field no. 2/256, 148/739
[ Info: 64_181: layer 2/2, base field no. 2/256, 149/739
[ Info: 64_181: layer 2/2, base field no. 2/256, 150/739
[ Info: 64_181: layer 2/2, base field no. 2/256, 151/739
[ Info: 64_181: layer 2/2, base field no. 2/256, 152/739
[ Info: 64_181: layer 2/2, base field no. 2/256, 153/739
[ Info: 64_181: layer 2/2, base field no. 2/256, 154/739
[ Info: 64_181: layer 2/2, base field no. 2/256, 155/739
[ Info: 64_181: layer 2/2, base field no. 2/256, 156/739
[ Info: 64_181: layer 2/2, base field no. 2/256, 157/739
[ Info: 64_181: layer 2/2, base field no. 2/256, 158/739
[ Info: 64_181: layer 2/2, base field no. 2/256, 159/739
[ Info: 64_181: layer 2/2, base field no. 2/256, 160/739
[ Info: 64_181: layer 2/2, base field no. 2/256, 161/739
[ Info: 64_181: layer 2/2, base field no. 2/256, 162/739
[ Info: 64_181: layer 2/2, base field no. 2/256, 163/739
[ Info: 64_181: layer 2/2, base field no. 2/256, 164/739
[ Info: 64_181: layer 2/2, base field no. 2/256, 165/739
[ Info: 64_181: layer 2/2, base field no. 2/256, 166/739
[ Info: 64_181: layer 2/2, base field no. 2/256, 167/739
[ Info: 64_181: layer 2/2, base field no. 2/256, 168/739
[ Info: 64_181: layer 2/2, base field no. 2/256, 169/739
[ Info: 64_181: layer 2/2, base field no. 2/256, 170/739
[ Info: 64_181: layer 2/2, base field no. 2/256, 171/739
[ Info: 64_181: layer 2/2, base field no. 2/256, 172/739
[ Info: 64_181: layer 2/2, base field no. 2/256, 173/739
[ Info: 64_181: layer 2/2, base field no. 2/256, 174/739
[ Info: 64_181: layer 2/2, base field no. 2/256, 175/739
[ Info: 64_181: layer 2/2, base field no. 2/256, 176/739
[ Info: 64_181: layer 2/2, base field no. 2/256, 177/739
[ Info: 64_181: layer 2/2, base field no. 2/256, 178/739
[ Info: 64_181: layer 2/2, base field no. 2/256, 179/739
[ Info: 64_181: layer 2/2, base field no. 2/256, 180/739
[ Info: 64_181: layer 2/2, base field no. 2/256, 181/739
[ Info: 64_181: layer 2/2, base field no. 2/256, 182/739
[ Info: 64_181: layer 2/2, base field no. 2/256, 183/739
[ Info: 64_181: layer 2/2, base field no. 2/256, 184/739
[ Info: 64_181: layer 2/2, base field no. 2/256, 185/739
[ Info: 64_181: layer 2/2, base field no. 2/256, 186/739
[ Info: 64_181: layer 2/2, base field no. 2/256, 187/739
[ Info: 64_181: layer 2/2, base field no. 2/256, 188/739
[ Info: 64_181: layer 2/2, base field no. 2/256, 189/739
[ Info: 64_181: layer 2/2, base field no. 2/256, 190/739
[ Info: 64_181: layer 2/2, base field no. 2/256, 191/739
[ Info: 64_181: layer 2/2, base field no. 2/256, 192/739
[ Info: 64_181: layer 2/2, base field no. 2/256, 193/739
[ Info: 64_181: layer 2/2, base field no. 2/256, 194/739
[ Info: 64_181: layer 2/2, base field no. 2/256, 195/739
[ Info: 64_181: layer 2/2, base field no. 2/256, 196/739
[ Info: 64_181: layer 2/2, base field no. 2/256, 197/739
[ Info: 64_181: layer 2/2, base field no. 2/256, 198/739
[ Info: 64_181: layer 2/2, base field no. 2/256, 199/739
[ Info: 64_181: layer 2/2, base field no. 2/256, 200/739
[ Info: 64_181: layer 2/2, base field no. 2/256, 201/739
[ Info: 64_181: layer 2/2, base field no. 2/256, 202/739
[ Info: 64_181: layer 2/2, base field no. 2/256, 203/739
[ Info: 64_181: layer 2/2, base field no. 2/256, 204/739
[ Info: 64_181: layer 2/2, base field no. 2/256, 205/739
[ Info: 64_181: layer 2/2, base field no. 2/256, 206/739
[ Info: 64_181: layer 2/2, base field no. 2/256, 207/739
[ Info: 64_181: layer 2/2, base field no. 2/256, 208/739
[ Info: 64_181: layer 2/2, base field no. 2/256, 209/739
[ Info: 64_181: layer 2/2, base field no. 2/256, 210/739
[ Info: 64_181: layer 2/2, base field no. 2/256, 211/739
[ Info: 64_181: layer 2/2, base field no. 2/256, 212/739
[ Info: 64_181: layer 2/2, base field no. 2/256, 213/739
[ Info: 64_181: layer 2/2, base field no. 2/256, 214/739
[ Info: 64_181: layer 2/2, base field no. 2/256, 215/739
[ Info: 64_181: layer 2/2, base field no. 2/256, 216/739
[ Info: 64_181: layer 2/2, base field no. 2/256, 217/739
[ Info: 64_181: layer 2/2, base field no. 2/256, 218/739
[ Info: 64_181: layer 2/2, base field no. 2/256, 219/739
[ Info: 64_181: layer 2/2, base field no. 2/256, 220/739
[ Info: 64_181: layer 2/2, base field no. 2/256, 221/739
[ Info: 64_181: layer 2/2, base field no. 2/256, 222/739
[ Info: 64_181: layer 2/2, base field no. 2/256, 223/739
[ Info: 64_181: layer 2/2, base field no. 2/256, 224/739
[ Info: 64_181: layer 2/2, base field no. 2/256, 225/739
[ Info: 64_181: layer 2/2, base field no. 2/256, 226/739
[ Info: 64_181: layer 2/2, base field no. 2/256, 227/739
[ Info: 64_181: layer 2/2, base field no. 2/256, 228/739
[ Info: 64_181: layer 2/2, base field no. 2/256, 229/739
[ Info: 64_181: layer 2/2, base field no. 2/256, 230/739
[ Info: 64_181: layer 2/2, base field no. 2/256, 231/739
[ Info: 64_181: layer 2/2, base field no. 2/256, 232/739
[ Info: 64_181: layer 2/2, base field no. 2/256, 233/739
[ Info: 64_181: layer 2/2, base field no. 2/256, 234/739
[ Info: 64_181: layer 2/2, base field no. 2/256, 235/739
[ Info: 64_181: layer 2/2, base field no. 2/256, 236/739
[ Info: 64_181: layer 2/2, base field no. 2/256, 237/739
[ Info: 64_181: layer 2/2, base field no. 2/256, 238/739
[ Info: 64_181: layer 2/2, base field no. 2/256, 239/739
[ Info: 64_181: layer 2/2, base field no. 2/256, 240/739
[ Info: 64_181: layer 2/2, base field no. 2/256, 241/739
[ Info: 64_181: layer 2/2, base field no. 2/256, 242/739
[ Info: 64_181: layer 2/2, base field no. 2/256, 243/739
[ Info: 64_181: layer 2/2, base field no. 2/256, 244/739
[ Info: 64_181: layer 2/2, base field no. 2/256, 245/739
[ Info: 64_181: layer 2/2, base field no. 2/256, 246/739
[ Info: 64_181: layer 2/2, base field no. 2/256, 247/739
[ Info: 64_181: layer 2/2, base field no. 2/256, 248/739
[ Info: 64_181: layer 2/2, base field no. 2/256, 249/739
[ Info: 64_181: layer 2/2, base field no. 2/256, 250/739
[ Info: 64_181: layer 2/2, base field no. 2/256, 251/739
[ Info: 64_181: layer 2/2, base field no. 2/256, 252/739
[ Info: 64_181: layer 2/2, base field no. 2/256, 253/739
[ Info: 64_181: layer 2/2, base field no. 2/256, 254/739
[ Info: 64_181: layer 2/2, base field no. 2/256, 255/739
[ Info: 64_181: layer 2/2, base field no. 2/256, 256/739
[ Info: 64_181: layer 2/2, base field no. 2/256, 257/739
[ Info: 64_181: layer 2/2, base field no. 2/256, 258/739
[ Info: 64_181: layer 2/2, base field no. 2/256, 259/739
[ Info: 64_181: layer 2/2, base field no. 2/256, 260/739
[ Info: 64_181: layer 2/2, base field no. 2/256, 261/739
[ Info: 64_181: layer 2/2, base field no. 2/256, 262/739
[ Info: 64_181: layer 2/2, base field no. 2/256, 263/739
[ Info: 64_181: layer 2/2, base field no. 2/256, 264/739
[ Info: 64_181: layer 2/2, base field no. 2/256, 265/739
[ Info: 64_181: layer 2/2, base field no. 2/256, 266/739
[ Info: 64_181: layer 2/2, base field no. 2/256, 267/739
[ Info: 64_181: layer 2/2, base field no. 2/256, 268/739
[ Info: 64_181: layer 2/2, base field no. 2/256, 269/739
[ Info: 64_181: layer 2/2, base field no. 2/256, 270/739
[ Info: 64_181: layer 2/2, base field no. 2/256, 271/739
[ Info: 64_181: layer 2/2, base field no. 2/256, 272/739
[ Info: 64_181: layer 2/2, base field no. 2/256, 273/739
[ Info: 64_181: layer 2/2, base field no. 2/256, 274/739
[ Info: 64_181: layer 2/2, base field no. 2/256, 275/739
[ Info: 64_181: layer 2/2, base field no. 2/256, 276/739
[ Info: 64_181: layer 2/2, base field no. 2/256, 277/739
[ Info: 64_181: layer 2/2, base field no. 2/256, 278/739
[ Info: 64_181: layer 2/2, base field no. 2/256, 279/739
[ Info: 64_181: layer 2/2, base field no. 2/256, 280/739
[ Info: 64_181: layer 2/2, base field no. 2/256, 281/739
[ Info: 64_181: layer 2/2, base field no. 2/256, 282/739
[ Info: 64_181: layer 2/2, base field no. 2/256, 283/739
[ Info: 64_181: layer 2/2, base field no. 2/256, 284/739
[ Info: 64_181: layer 2/2, base field no. 2/256, 285/739
[ Info: 64_181: layer 2/2, base field no. 2/256, 286/739
[ Info: 64_181: layer 2/2, base field no. 2/256, 287/739
[ Info: 64_181: layer 2/2, base field no. 2/256, 288/739
[ Info: 64_181: layer 2/2, base field no. 2/256, 289/739
[ Info: 64_181: layer 2/2, base field no. 2/256, 290/739
[ Info: 64_181: layer 2/2, base field no. 2/256, 291/739
[ Info: 64_181: layer 2/2, base field no. 2/256, 292/739
[ Info: 64_181: layer 2/2, base field no. 2/256, 293/739
[ Info: 64_181: layer 2/2, base field no. 2/256, 294/739
[ Info: 64_181: layer 2/2, base field no. 2/256, 295/739
[ Info: 64_181: layer 2/2, base field no. 2/256, 296/739
[ Info: 64_181: layer 2/2, base field no. 2/256, 297/739
[ Info: 64_181: layer 2/2, base field no. 2/256, 298/739
[ Info: 64_181: layer 2/2, base field no. 2/256, 299/739
[ Info: 64_181: layer 2/2, base field no. 2/256, 300/739
[ Info: 64_181: layer 2/2, base field no. 2/256, 301/739
[ Info: 64_181: layer 2/2, base field no. 2/256, 302/739
[ Info: 64_181: layer 2/2, base field no. 2/256, 303/739
[ Info: 64_181: layer 2/2, base field no. 2/256, 304/739
[ Info: 64_181: layer 2/2, base field no. 2/256, 305/739
[ Info: 64_181: layer 2/2, base field no. 2/256, 306/739
[ Info: 64_181: layer 2/2, base field no. 2/256, 307/739
[ Info: 64_181: layer 2/2, base field no. 2/256, 308/739
[ Info: 64_181: layer 2/2, base field no. 2/256, 309/739
[ Info: 64_181: layer 2/2, base field no. 2/256, 310/739
[ Info: 64_181: layer 2/2, base field no. 2/256, 311/739
[ Info: 64_181: layer 2/2, base field no. 2/256, 312/739
[ Info: 64_181: layer 2/2, base field no. 2/256, 313/739
[ Info: 64_181: layer 2/2, base field no. 2/256, 314/739
[ Info: 64_181: layer 2/2, base field no. 2/256, 315/739
[ Info: 64_181: layer 2/2, base field no. 2/256, 316/739
[ Info: 64_181: layer 2/2, base field no. 2/256, 317/739
[ Info: 64_181: layer 2/2, base field no. 2/256, 318/739
[ Info: 64_181: layer 2/2, base field no. 2/256, 319/739
[ Info: 64_181: layer 2/2, base field no. 2/256, 320/739
[ Info: 64_181: layer 2/2, base field no. 2/256, 321/739
[ Info: 64_181: layer 2/2, base field no. 2/256, 322/739
[ Info: 64_181: layer 2/2, base field no. 2/256, 323/739
[ Info: 64_181: layer 2/2, base field no. 2/256, 324/739
[ Info: 64_181: layer 2/2, base field no. 2/256, 325/739
[ Info: 64_181: layer 2/2, base field no. 2/256, 326/739
[ Info: 64_181: layer 2/2, base field no. 2/256, 327/739
[ Info: 64_181: layer 2/2, base field no. 2/256, 328/739
[ Info: 64_181: layer 2/2, base field no. 2/256, 329/739
[ Info: 64_181: layer 2/2, base field no. 2/256, 330/739
[ Info: 64_181: layer 2/2, base field no. 2/256, 331/739
[ Info: 64_181: layer 2/2, base field no. 2/256, 332/739
[ Info: 64_181: layer 2/2, base field no. 2/256, 333/739
[ Info: 64_181: layer 2/2, base field no. 2/256, 334/739
[ Info: 64_181: layer 2/2, base field no. 2/256, 335/739
[ Info: 64_181: layer 2/2, base field no. 2/256, 336/739
[ Info: 64_181: layer 2/2, base field no. 2/256, 337/739
[ Info: 64_181: layer 2/2, base field no. 2/256, 338/739
[ Info: 64_181: layer 2/2, base field no. 2/256, 339/739
[ Info: 64_181: layer 2/2, base field no. 2/256, 340/739
[ Info: 64_181: layer 2/2, base field no. 2/256, 341/739
[ Info: 64_181: layer 2/2, base field no. 2/256, 342/739
[ Info: 64_181: layer 2/2, base field no. 2/256, 343/739
[ Info: 64_181: layer 2/2, base field no. 2/256, 344/739
[ Info: 64_181: layer 2/2, base field no. 2/256, 345/739
[ Info: 64_181: layer 2/2, base field no. 2/256, 346/739
[ Info: 64_181: layer 2/2, base field no. 2/256, 347/739
[ Info: 64_181: layer 2/2, base field no. 2/256, 348/739
[ Info: 64_181: layer 2/2, base field no. 2/256, 349/739
[ Info: 64_181: layer 2/2, base field no. 2/256, 350/739
[ Info: 64_181: layer 2/2, base field no. 2/256, 351/739
[ Info: 64_181: layer 2/2, base field no. 2/256, 352/739
[ Info: 64_181: layer 2/2, base field no. 2/256, 353/739
[ Info: 64_181: layer 2/2, base field no. 2/256, 354/739
[ Info: 64_181: layer 2/2, base field no. 2/256, 355/739
[ Info: 64_181: layer 2/2, base field no. 2/256, 356/739
[ Info: 64_181: layer 2/2, base field no. 2/256, 357/739
[ Info: 64_181: layer 2/2, base field no. 2/256, 358/739
[ Info: 64_181: layer 2/2, base field no. 2/256, 359/739
[ Info: 64_181: layer 2/2, base field no. 2/256, 360/739
[ Info: 64_181: layer 2/2, base field no. 2/256, 361/739
[ Info: 64_181: layer 2/2, base field no. 2/256, 362/739
[ Info: 64_181: layer 2/2, base field no. 2/256, 363/739
[ Info: 64_181: layer 2/2, base field no. 2/256, 364/739
[ Info: 64_181: layer 2/2, base field no. 2/256, 365/739
[ Info: 64_181: layer 2/2, base field no. 2/256, 366/739
[ Info: 64_181: layer 2/2, base field no. 2/256, 367/739
[ Info: 64_181: layer 2/2, base field no. 2/256, 368/739
[ Info: 64_181: layer 2/2, base field no. 2/256, 369/739
[ Info: 64_181: layer 2/2, base field no. 2/256, 370/739
[ Info: 64_181: layer 2/2, base field no. 2/256, 371/739
[ Info: 64_181: layer 2/2, base field no. 2/256, 372/739
[ Info: 64_181: layer 2/2, base field no. 2/256, 373/739
[ Info: 64_181: layer 2/2, base field no. 2/256, 374/739
[ Info: 64_181: layer 2/2, base field no. 2/256, 375/739
[ Info: 64_181: layer 2/2, base field no. 2/256, 376/739
[ Info: 64_181: layer 2/2, base field no. 2/256, 377/739
[ Info: 64_181: layer 2/2, base field no. 2/256, 378/739
[ Info: 64_181: layer 2/2, base field no. 2/256, 379/739
[ Info: 64_181: layer 2/2, base field no. 2/256, 380/739
[ Info: 64_181: layer 2/2, base field no. 2/256, 381/739
[ Info: 64_181: layer 2/2, base field no. 2/256, 382/739
[ Info: 64_181: layer 2/2, base field no. 2/256, 383/739
[ Info: 64_181: layer 2/2, base field no. 2/256, 384/739
[ Info: 64_181: layer 2/2, base field no. 2/256, 385/739
[ Info: 64_181: layer 2/2, base field no. 2/256, 386/739
[ Info: 64_181: layer 2/2, base field no. 2/256, 387/739
[ Info: 64_181: layer 2/2, base field no. 2/256, 388/739
[ Info: 64_181: layer 2/2, base field no. 2/256, 389/739
[ Info: 64_181: layer 2/2, base field no. 2/256, 390/739
[ Info: 64_181: layer 2/2, base field no. 2/256, 391/739
[ Info: 64_181: layer 2/2, base field no. 2/256, 392/739
[ Info: 64_181: layer 2/2, base field no. 2/256, 393/739
[ Info: 64_181: layer 2/2, base field no. 2/256, 394/739
[ Info: 64_181: layer 2/2, base field no. 2/256, 395/739
[ Info: 64_181: layer 2/2, base field no. 2/256, 396/739
[ Info: 64_181: layer 2/2, base field no. 2/256, 397/739
[ Info: 64_181: layer 2/2, base field no. 2/256, 398/739
[ Info: 64_181: layer 2/2, base field no. 2/256, 399/739
[ Info: 64_181: layer 2/2, base field no. 2/256, 400/739
[ Info: 64_181: layer 2/2, base field no. 2/256, 401/739
[ Info: 64_181: layer 2/2, base field no. 2/256, 402/739
[ Info: 64_181: layer 2/2, base field no. 2/256, 403/739
[ Info: 64_181: layer 2/2, base field no. 2/256, 404/739
[ Info: 64_181: layer 2/2, base field no. 2/256, 405/739
[ Info: 64_181: layer 2/2, base field no. 2/256, 406/739
[ Info: 64_181: layer 2/2, base field no. 2/256, 407/739
[ Info: 64_181: layer 2/2, base field no. 2/256, 408/739
[ Info: 64_181: layer 2/2, base field no. 2/256, 409/739
[ Info: 64_181: layer 2/2, base field no. 2/256, 410/739
[ Info: 64_181: layer 2/2, base field no. 2/256, 411/739
[ Info: 64_181: layer 2/2, base field no. 2/256, 412/739
[ Info: 64_181: layer 2/2, base field no. 2/256, 413/739
[ Info: 64_181: layer 2/2, base field no. 2/256, 414/739
[ Info: 64_181: layer 2/2, base field no. 2/256, 415/739
[ Info: 64_181: layer 2/2, base field no. 2/256, 416/739
[ Info: 64_181: layer 2/2, base field no. 2/256, 417/739
[ Info: 64_181: layer 2/2, base field no. 2/256, 418/739
[ Info: 64_181: layer 2/2, base field no. 2/256, 419/739
[ Info: 64_181: layer 2/2, base field no. 2/256, 420/739
[ Info: 64_181: layer 2/2, base field no. 2/256, 421/739
[ Info: 64_181: layer 2/2, base field no. 2/256, 422/739
[ Info: 64_181: layer 2/2, base field no. 2/256, 423/739
[ Info: 64_181: layer 2/2, base field no. 2/256, 424/739
[ Info: 64_181: layer 2/2, base field no. 2/256, 425/739
[ Info: 64_181: layer 2/2, base field no. 2/256, 426/739
[ Info: 64_181: layer 2/2, base field no. 2/256, 427/739
[ Info: 64_181: layer 2/2, base field no. 2/256, 428/739
[ Info: 64_181: layer 2/2, base field no. 2/256, 429/739
[ Info: 64_181: layer 2/2, base field no. 2/256, 430/739
[ Info: 64_181: layer 2/2, base field no. 2/256, 431/739
[ Info: 64_181: layer 2/2, base field no. 2/256, 432/739
[ Info: 64_181: layer 2/2, base field no. 2/256, 433/739
[ Info: 64_181: layer 2/2, base field no. 2/256, 434/739
[ Info: 64_181: layer 2/2, base field no. 2/256, 435/739
[ Info: 64_181: layer 2/2, base field no. 2/256, 436/739
[ Info: 64_181: layer 2/2, base field no. 2/256, 437/739
[ Info: 64_181: layer 2/2, base field no. 2/256, 438/739
[ Info: 64_181: layer 2/2, base field no. 2/256, 439/739
[ Info: 64_181: layer 2/2, base field no. 2/256, 440/739
[ Info: 64_181: layer 2/2, base field no. 2/256, 441/739
[ Info: 64_181: layer 2/2, base field no. 2/256, 442/739
[ Info: 64_181: layer 2/2, base field no. 2/256, 443/739
[ Info: 64_181: layer 2/2, base field no. 2/256, 444/739
[ Info: 64_181: layer 2/2, base field no. 2/256, 445/739
[ Info: 64_181: layer 2/2, base field no. 2/256, 446/739
[ Info: 64_181: layer 2/2, base field no. 2/256, 447/739
[ Info: 64_181: layer 2/2, base field no. 2/256, 448/739
[ Info: 64_181: layer 2/2, base field no. 2/256, 449/739
[ Info: 64_181: layer 2/2, base field no. 2/256, 450/739
[ Info: 64_181: layer 2/2, base field no. 2/256, 451/739
[ Info: 64_181: layer 2/2, base field no. 2/256, 452/739
[ Info: 64_181: layer 2/2, base field no. 2/256, 453/739
[ Info: 64_181: layer 2/2, base field no. 2/256, 454/739
[ Info: 64_181: layer 2/2, base field no. 2/256, 455/739
[ Info: 64_181: layer 2/2, base field no. 2/256, 456/739
[ Info: 64_181: layer 2/2, base field no. 2/256, 457/739
[ Info: 64_181: layer 2/2, base field no. 2/256, 458/739
[ Info: 64_181: layer 2/2, base field no. 2/256, 459/739
[ Info: 64_181: layer 2/2, base field no. 2/256, 460/739
[ Info: 64_181: layer 2/2, base field no. 2/256, 461/739
[ Info: 64_181: layer 2/2, base field no. 2/256, 462/739
[ Info: 64_181: layer 2/2, base field no. 2/256, 463/739
[ Info: 64_181: layer 2/2, base field no. 2/256, 464/739
[ Info: 64_181: layer 2/2, base field no. 2/256, 465/739
[ Info: 64_181: layer 2/2, base field no. 2/256, 466/739
[ Info: 64_181: layer 2/2, base field no. 2/256, 467/739
[ Info: 64_181: layer 2/2, base field no. 2/256, 468/739
[ Info: 64_181: layer 2/2, base field no. 2/256, 469/739
[ Info: 64_181: layer 2/2, base field no. 2/256, 470/739
[ Info: 64_181: layer 2/2, base field no. 2/256, 471/739
[ Info: 64_181: layer 2/2, base field no. 2/256, 472/739
[ Info: 64_181: layer 2/2, base field no. 2/256, 473/739
[ Info: 64_181: layer 2/2, base field no. 2/256, 474/739
[ Info: 64_181: layer 2/2, base field no. 2/256, 475/739
[ Info: 64_181: layer 2/2, base field no. 2/256, 476/739
[ Info: 64_181: layer 2/2, base field no. 2/256, 477/739
[ Info: 64_181: layer 2/2, base field no. 2/256, 478/739
[ Info: 64_181: layer 2/2, base field no. 2/256, 479/739
[ Info: 64_181: layer 2/2, base field no. 2/256, 480/739
[ Info: 64_181: layer 2/2, base field no. 2/256, 481/739
[ Info: 64_181: layer 2/2, base field no. 2/256, 482/739
[ Info: 64_181: layer 2/2, base field no. 2/256, 483/739
[ Info: 64_181: layer 2/2, base field no. 2/256, 484/739
[ Info: 64_181: layer 2/2, base field no. 2/256, 485/739
[ Info: 64_181: layer 2/2, base field no. 2/256, 486/739
[ Info: 64_181: layer 2/2, base field no. 2/256, 487/739
[ Info: 64_181: layer 2/2, base field no. 2/256, 488/739
[ Info: 64_181: layer 2/2, base field no. 2/256, 489/739
[ Info: 64_181: layer 2/2, base field no. 2/256, 490/739
[ Info: 64_181: layer 2/2, base field no. 2/256, 491/739
[ Info: 64_181: layer 2/2, base field no. 2/256, 492/739
[ Info: 64_181: layer 2/2, base field no. 2/256, 493/739
[ Info: 64_181: layer 2/2, base field no. 2/256, 494/739
[ Info: 64_181: layer 2/2, base field no. 2/256, 495/739
[ Info: 64_181: layer 2/2, base field no. 2/256, 496/739
[ Info: 64_181: layer 2/2, base field no. 2/256, 497/739
[ Info: 64_181: layer 2/2, base field no. 2/256, 498/739
[ Info: 64_181: layer 2/2, base field no. 2/256, 499/739
[ Info: 64_181: layer 2/2, base field no. 2/256, 500/739
[ Info: 64_181: layer 2/2, base field no. 2/256, 501/739
[ Info: 64_181: layer 2/2, base field no. 2/256, 502/739
[ Info: 64_181: layer 2/2, base field no. 2/256, 503/739
[ Info: 64_181: layer 2/2, base field no. 2/256, 504/739
[ Info: 64_181: layer 2/2, base field no. 2/256, 505/739
[ Info: 64_181: layer 2/2, base field no. 2/256, 506/739
[ Info: 64_181: layer 2/2, base field no. 2/256, 507/739
[ Info: 64_181: layer 2/2, base field no. 2/256, 508/739
[ Info: 64_181: layer 2/2, base field no. 2/256, 509/739
[ Info: 64_181: layer 2/2, base field no. 2/256, 510/739
[ Info: 64_181: layer 2/2, base field no. 2/256, 511/739
[ Info: 64_181: layer 2/2, base field no. 2/256, 512/739
[ Info: 64_181: layer 2/2, base field no. 2/256, 513/739
[ Info: 64_181: layer 2/2, base field no. 2/256, 514/739
[ Info: 64_181: layer 2/2, base field no. 2/256, 515/739
[ Info: 64_181: layer 2/2, base field no. 2/256, 516/739
[ Info: 64_181: layer 2/2, base field no. 2/256, 517/739
[ Info: 64_181: layer 2/2, base field no. 2/256, 518/739
[ Info: 64_181: layer 2/2, base field no. 2/256, 519/739
[ Info: 64_181: layer 2/2, base field no. 2/256, 520/739
[ Info: 64_181: layer 2/2, base field no. 2/256, 521/739
[ Info: 64_181: layer 2/2, base field no. 2/256, 522/739
[ Info: 64_181: layer 2/2, base field no. 2/256, 523/739
[ Info: 64_181: layer 2/2, base field no. 2/256, 524/739
[ Info: 64_181: layer 2/2, base field no. 2/256, 525/739
[ Info: 64_181: layer 2/2, base field no. 2/256, 526/739
[ Info: 64_181: layer 2/2, base field no. 2/256, 527/739
[ Info: 64_181: layer 2/2, base field no. 2/256, 528/739
[ Info: 64_181: layer 2/2, base field no. 2/256, 529/739
[ Info: 64_181: layer 2/2, base field no. 2/256, 530/739
[ Info: 64_181: layer 2/2, base field no. 2/256, 531/739
[ Info: 64_181: layer 2/2, base field no. 2/256, 532/739
[ Info: 64_181: layer 2/2, base field no. 2/256, 533/739
[ Info: 64_181: layer 2/2, base field no. 2/256, 534/739
[ Info: 64_181: layer 2/2, base field no. 2/256, 535/739
[ Info: 64_181: layer 2/2, base field no. 2/256, 536/739
[ Info: 64_181: layer 2/2, base field no. 2/256, 537/739
[ Info: 64_181: layer 2/2, base field no. 2/256, 538/739
[ Info: 64_181: layer 2/2, base field no. 2/256, 539/739
[ Info: 64_181: layer 2/2, base field no. 2/256, 540/739
[ Info: 64_181: layer 2/2, base field no. 2/256, 541/739
[ Info: 64_181: layer 2/2, base field no. 2/256, 542/739
[ Info: 64_181: layer 2/2, base field no. 2/256, 543/739
[ Info: 64_181: layer 2/2, base field no. 2/256, 544/739
[ Info: 64_181: layer 2/2, base field no. 2/256, 545/739
[ Info: 64_181: layer 2/2, base field no. 2/256, 546/739
[ Info: 64_181: layer 2/2, base field no. 2/256, 547/739
[ Info: 64_181: layer 2/2, base field no. 2/256, 548/739
[ Info: 64_181: layer 2/2, base field no. 2/256, 549/739
[ Info: 64_181: layer 2/2, base field no. 2/256, 550/739
[ Info: 64_181: layer 2/2, base field no. 2/256, 551/739
[ Info: 64_181: layer 2/2, base field no. 2/256, 552/739
[ Info: 64_181: layer 2/2, base field no. 2/256, 553/739
[ Info: 64_181: layer 2/2, base field no. 2/256, 554/739
[ Info: 64_181: layer 2/2, base field no. 2/256, 555/739
[ Info: 64_181: layer 2/2, base field no. 2/256, 556/739
[ Info: 64_181: layer 2/2, base field no. 2/256, 557/739
[ Info: 64_181: layer 2/2, base field no. 2/256, 558/739
[ Info: 64_181: layer 2/2, base field no. 2/256, 559/739
[ Info: 64_181: layer 2/2, base field no. 2/256, 560/739
[ Info: 64_181: layer 2/2, base field no. 2/256, 561/739
[ Info: 64_181: layer 2/2, base field no. 2/256, 562/739
[ Info: 64_181: layer 2/2, base field no. 2/256, 563/739
[ Info: 64_181: layer 2/2, base field no. 2/256, 564/739
[ Info: 64_181: layer 2/2, base field no. 2/256, 565/739
[ Info: 64_181: layer 2/2, base field no. 2/256, 566/739
[ Info: 64_181: layer 2/2, base field no. 2/256, 567/739
[ Info: 64_181: layer 2/2, base field no. 2/256, 568/739
[ Info: 64_181: layer 2/2, base field no. 2/256, 569/739
[ Info: 64_181: layer 2/2, base field no. 2/256, 570/739
[ Info: 64_181: layer 2/2, base field no. 2/256, 571/739
[ Info: 64_181: layer 2/2, base field no. 2/256, 572/739
[ Info: 64_181: layer 2/2, base field no. 2/256, 573/739
[ Info: 64_181: layer 2/2, base field no. 2/256, 574/739
[ Info: 64_181: layer 2/2, base field no. 2/256, 575/739
[ Info: 64_181: layer 2/2, base field no. 2/256, 576/739
[ Info: 64_181: layer 2/2, base field no. 2/256, 577/739
[ Info: 64_181: layer 2/2, base field no. 2/256, 578/739
[ Info: 64_181: layer 2/2, base field no. 2/256, 579/739
[ Info: 64_181: layer 2/2, base field no. 2/256, 580/739
[ Info: 64_181: layer 2/2, base field no. 2/256, 581/739
[ Info: 64_181: layer 2/2, base field no. 2/256, 582/739
[ Info: 64_181: layer 2/2, base field no. 2/256, 583/739
[ Info: 64_181: layer 2/2, base field no. 2/256, 584/739
[ Info: 64_181: layer 2/2, base field no. 2/256, 585/739
[ Info: 64_181: layer 2/2, base field no. 2/256, 586/739
[ Info: 64_181: layer 2/2, base field no. 2/256, 587/739
[ Info: 64_181: layer 2/2, base field no. 2/256, 588/739
[ Info: 64_181: layer 2/2, base field no. 2/256, 589/739
[ Info: 64_181: layer 2/2, base field no. 2/256, 590/739
[ Info: 64_181: layer 2/2, base field no. 2/256, 591/739
[ Info: 64_181: layer 2/2, base field no. 2/256, 592/739
[ Info: 64_181: layer 2/2, base field no. 2/256, 593/739
[ Info: 64_181: layer 2/2, base field no. 2/256, 594/739
[ Info: 64_181: layer 2/2, base field no. 2/256, 595/739
[ Info: 64_181: layer 2/2, base field no. 2/256, 596/739
[ Info: 64_181: layer 2/2, base field no. 2/256, 597/739
[ Info: 64_181: layer 2/2, base field no. 2/256, 598/739
[ Info: 64_181: layer 2/2, base field no. 2/256, 599/739
[ Info: 64_181: layer 2/2, base field no. 2/256, 600/739
[ Info: 64_181: layer 2/2, base field no. 2/256, 601/739
[ Info: 64_181: layer 2/2, base field no. 2/256, 602/739
[ Info: 64_181: layer 2/2, base field no. 2/256, 603/739
[ Info: 64_181: layer 2/2, base field no. 2/256, 604/739
[ Info: 64_181: layer 2/2, base field no. 2/256, 605/739
[ Info: 64_181: layer 2/2, base field no. 2/256, 606/739
[ Info: 64_181: layer 2/2, base field no. 2/256, 607/739
[ Info: 64_181: layer 2/2, base field no. 2/256, 608/739
[ Info: 64_181: layer 2/2, base field no. 2/256, 609/739
[ Info: 64_181: layer 2/2, base field no. 2/256, 610/739
[ Info: 64_181: layer 2/2, base field no. 2/256, 611/739
[ Info: 64_181: layer 2/2, base field no. 2/256, 612/739
[ Info: 64_181: layer 2/2, base field no. 2/256, 613/739
[ Info: 64_181: layer 2/2, base field no. 2/256, 614/739
[ Info: 64_181: layer 2/2, base field no. 2/256, 615/739
[ Info: 64_181: layer 2/2, base field no. 2/256, 616/739
[ Info: 64_181: layer 2/2, base field no. 2/256, 617/739
[ Info: 64_181: layer 2/2, base field no. 2/256, 618/739
[ Info: 64_181: layer 2/2, base field no. 2/256, 619/739
[ Info: 64_181: layer 2/2, base field no. 2/256, 620/739
[ Info: 64_181: layer 2/2, base field no. 2/256, 621/739
[ Info: 64_181: layer 2/2, base field no. 2/256, 622/739
[ Info: 64_181: layer 2/2, base field no. 2/256, 623/739
[ Info: 64_181: layer 2/2, base field no. 2/256, 624/739
[ Info: 64_181: layer 2/2, base field no. 2/256, 625/739
[ Info: 64_181: layer 2/2, base field no. 2/256, 626/739
[ Info: 64_181: layer 2/2, base field no. 2/256, 627/739
[ Info: 64_181: layer 2/2, base field no. 2/256, 628/739
[ Info: 64_181: layer 2/2, base field no. 2/256, 629/739
[ Info: 64_181: layer 2/2, base field no. 2/256, 630/739
[ Info: 64_181: layer 2/2, base field no. 2/256, 631/739
[ Info: 64_181: layer 2/2, base field no. 2/256, 632/739
[ Info: 64_181: layer 2/2, base field no. 2/256, 633/739
[ Info: 64_181: layer 2/2, base field no. 2/256, 634/739
[ Info: 64_181: layer 2/2, base field no. 2/256, 635/739
[ Info: 64_181: layer 2/2, base field no. 2/256, 636/739
[ Info: 64_181: layer 2/2, base field no. 2/256, 637/739
[ Info: 64_181: layer 2/2, base field no. 2/256, 638/739
[ Info: 64_181: layer 2/2, base field no. 2/256, 639/739
[ Info: 64_181: layer 2/2, base field no. 2/256, 640/739
[ Info: 64_181: layer 2/2, base field no. 2/256, 641/739
[ Info: 64_181: layer 2/2, base field no. 2/256, 642/739
[ Info: 64_181: layer 2/2, base field no. 2/256, 643/739
[ Info: 64_181: layer 2/2, base field no. 2/256, 644/739
[ Info: 64_181: layer 2/2, base field no. 2/256, 645/739
[ Info: 64_181: layer 2/2, base field no. 2/256, 646/739
[ Info: 64_181: layer 2/2, base field no. 2/256, 647/739
[ Info: 64_181: layer 2/2, base field no. 2/256, 648/739
[ Info: 64_181: layer 2/2, base field no. 2/256, 649/739
[ Info: 64_181: layer 2/2, base field no. 2/256, 650/739
[ Info: 64_181: layer 2/2, base field no. 2/256, 651/739
[ Info: 64_181: layer 2/2, base field no. 2/256, 652/739
[ Info: 64_181: layer 2/2, base field no. 2/256, 653/739
[ Info: 64_181: layer 2/2, base field no. 2/256, 654/739
[ Info: 64_181: layer 2/2, base field no. 2/256, 655/739
[ Info: 64_181: layer 2/2, base field no. 2/256, 656/739
[ Info: 64_181: layer 2/2, base field no. 2/256, 657/739
[ Info: 64_181: layer 2/2, base field no. 2/256, 658/739
[ Info: 64_181: layer 2/2, base field no. 2/256, 659/739
[ Info: 64_181: layer 2/2, base field no. 2/256, 660/739
[ Info: 64_181: layer 2/2, base field no. 2/256, 661/739
[ Info: 64_181: layer 2/2, base field no. 2/256, 662/739
[ Info: 64_181: layer 2/2, base field no. 2/256, 663/739
[ Info: 64_181: layer 2/2, base field no. 2/256, 664/739
[ Info: 64_181: layer 2/2, base field no. 2/256, 665/739
[ Info: 64_181: layer 2/2, base field no. 2/256, 666/739
[ Info: 64_181: layer 2/2, base field no. 2/256, 667/739
[ Info: 64_181: layer 2/2, base field no. 2/256, 668/739
[ Info: 64_181: layer 2/2, base field no. 2/256, 669/739
[ Info: 64_181: layer 2/2, base field no. 2/256, 670/739
[ Info: 64_181: layer 2/2, base field no. 2/256, 671/739
[ Info: 64_181: layer 2/2, base field no. 2/256, 672/739
[ Info: 64_181: layer 2/2, base field no. 2/256, 673/739
[ Info: 64_181: layer 2/2, base field no. 2/256, 674/739
[ Info: 64_181: layer 2/2, base field no. 2/256, 675/739
[ Info: 64_181: layer 2/2, base field no. 2/256, 676/739
[ Info: 64_181: layer 2/2, base field no. 2/256, 677/739
[ Info: 64_181: layer 2/2, base field no. 2/256, 678/739
[ Info: 64_181: layer 2/2, base field no. 2/256, 679/739
[ Info: 64_181: layer 2/2, base field no. 2/256, 680/739
[ Info: 64_181: layer 2/2, base field no. 2/256, 681/739
[ Info: 64_181: layer 2/2, base field no. 2/256, 682/739
[ Info: 64_181: layer 2/2, base field no. 2/256, 683/739
[ Info: 64_181: layer 2/2, base field no. 2/256, 684/739
[ Info: 64_181: layer 2/2, base field no. 2/256, 685/739
[ Info: 64_181: layer 2/2, base field no. 2/256, 686/739
[ Info: 64_181: layer 2/2, base field no. 2/256, 687/739
[ Info: 64_181: layer 2/2, base field no. 2/256, 688/739
[ Info: 64_181: layer 2/2, base field no. 2/256, 689/739
[ Info: 64_181: layer 2/2, base field no. 2/256, 690/739
[ Info: 64_181: layer 2/2, base field no. 2/256, 691/739
[ Info: 64_181: layer 2/2, base field no. 2/256, 692/739
[ Info: 64_181: layer 2/2, base field no. 2/256, 693/739
[ Info: 64_181: layer 2/2, base field no. 2/256, 694/739
[ Info: 64_181: layer 2/2, base field no. 2/256, 695/739
[ Info: 64_181: layer 2/2, base field no. 2/256, 696/739
[ Info: 64_181: layer 2/2, base field no. 2/256, 697/739
[ Info: 64_181: layer 2/2, base field no. 2/256, 698/739
[ Info: 64_181: layer 2/2, base field no. 2/256, 699/739
[ Info: 64_181: layer 2/2, base field no. 2/256, 700/739
[ Info: 64_181: layer 2/2, base field no. 2/256, 701/739
[ Info: 64_181: layer 2/2, base field no. 2/256, 702/739
[ Info: 64_181: layer 2/2, base field no. 2/256, 703/739
[ Info: 64_181: layer 2/2, base field no. 2/256, 704/739
[ Info: 64_181: layer 2/2, base field no. 2/256, 705/739
[ Info: 64_181: layer 2/2, base field no. 2/256, 706/739
[ Info: 64_181: layer 2/2, base field no. 2/256, 707/739
[ Info: 64_181: layer 2/2, base field no. 2/256, 708/739
[ Info: 64_181: layer 2/2, base field no. 2/256, 709/739
[ Info: 64_181: layer 2/2, base field no. 2/256, 710/739
[ Info: 64_181: layer 2/2, base field no. 2/256, 711/739
[ Info: 64_181: layer 2/2, base field no. 2/256, 712/739
[ Info: 64_181: layer 2/2, base field no. 2/256, 713/739
[ Info: 64_181: layer 2/2, base field no. 2/256, 714/739
[ Info: 64_181: layer 2/2, base field no. 2/256, 715/739
[ Info: 64_181: layer 2/2, base field no. 2/256, 716/739
[ Info: 64_181: layer 2/2, base field no. 2/256, 717/739
[ Info: 64_181: layer 2/2, base field no. 2/256, 718/739
[ Info: 64_181: layer 2/2, base field no. 2/256, 719/739
[ Info: 64_181: layer 2/2, base field no. 2/256, 720/739
[ Info: 64_181: layer 2/2, base field no. 2/256, 721/739
[ Info: 64_181: layer 2/2, base field no. 2/256, 722/739
[ Info: 64_181: layer 2/2, base field no. 2/256, 723/739
[ Info: 64_181: layer 2/2, base field no. 2/256, 724/739
[ Info: 64_181: layer 2/2, base field no. 2/256, 725/739
[ Info: 64_181: layer 2/2, base field no. 2/256, 726/739
[ Info: 64_181: layer 2/2, base field no. 2/256, 727/739
[ Info: 64_181: layer 2/2, base field no. 2/256, 728/739
[ Info: 64_181: layer 2/2, base field no. 2/256, 729/739
[ Info: 64_181: layer 2/2, base field no. 2/256, 730/739
[ Info: 64_181: layer 2/2, base field no. 2/256, 731/739
[ Info: 64_181: layer 2/2, base field no. 2/256, 732/739
[ Info: 64_181: layer 2/2, base field no. 2/256, 733/739
[ Info: 64_181: layer 2/2, base field no. 2/256, 734/739
[ Info: 64_181: layer 2/2, base field no. 2/256, 735/739
[ Info: 64_181: layer 2/2, base field no. 2/256, 736/739
[ Info: 64_181: layer 2/2, base field no. 2/256, 737/739
[ Info: 64_181: layer 2/2, base field no. 2/256, 738/739
[ Info: 64_181: layer 2/2, base field no. 2/256, 739/739
[ Info: 64_181: layer 2/2, base field no. 3/256, constructing abelian extensions
[ Info: 64_181: layer 2/2, base field no. 3/256, checking fields: 469
[ Info: 64_181: layer 2/2, base field no. 3/256, 1/469
[ Info: 64_181: layer 2/2, base field no. 3/256, 2/469
[ Info: 64_181: layer 2/2, base field no. 3/256, 3/469
[ Info: 64_181: layer 2/2, base field no. 3/256, 4/469
[ Info: 64_181: layer 2/2, base field no. 3/256, 5/469
[ Info: 64_181: layer 2/2, base field no. 3/256, 6/469
[ Info: 64_181: layer 2/2, base field no. 3/256, 7/469
[ Info: 64_181: layer 2/2, base field no. 3/256, 8/469
[ Info: 64_181: layer 2/2, base field no. 3/256, 9/469
[ Info: 64_181: layer 2/2, base field no. 3/256, 10/469
[ Info: 64_181: layer 2/2, base field no. 3/256, 11/469
[ Info: 64_181: layer 2/2, base field no. 3/256, 12/469
[ Info: 64_181: layer 2/2, base field no. 3/256, 13/469
[ Info: 64_181: layer 2/2, base field no. 3/256, 14/469
[ Info: 64_181: layer 2/2, base field no. 3/256, 15/469
[ Info: 64_181: layer 2/2, base field no. 3/256, 16/469
[ Info: 64_181: layer 2/2, base field no. 3/256, 17/469
[ Info: 64_181: layer 2/2, base field no. 3/256, 18/469
[ Info: 64_181: layer 2/2, base field no. 3/256, 19/469
[ Info: 64_181: layer 2/2, base field no. 3/256, 20/469
[ Info: 64_181: layer 2/2, base field no. 3/256, 21/469
[ Info: 64_181: layer 2/2, base field no. 3/256, 22/469
[ Info: 64_181: layer 2/2, base field no. 3/256, 23/469
[ Info: 64_181: layer 2/2, base field no. 3/256, 24/469
[ Info: 64_181: layer 2/2, base field no. 3/256, 25/469
[ Info: 64_181: layer 2/2, base field no. 3/256, 26/469
[ Info: 64_181: layer 2/2, base field no. 3/256, 27/469
[ Info: 64_181: layer 2/2, base field no. 3/256, 28/469
[ Info: 64_181: layer 2/2, base field no. 3/256, 29/469
[ Info: 64_181: layer 2/2, base field no. 3/256, 30/469
[ Info: 64_181: layer 2/2, base field no. 3/256, 31/469
[ Info: 64_181: layer 2/2, base field no. 3/256, 32/469
[ Info: 64_181: layer 2/2, base field no. 3/256, 33/469
[ Info: 64_181: layer 2/2, base field no. 3/256, 34/469
[ Info: 64_181: layer 2/2, base field no. 3/256, 35/469
[ Info: 64_181: layer 2/2, base field no. 3/256, 36/469
[ Info: 64_181: layer 2/2, base field no. 3/256, 37/469
[ Info: 64_181: layer 2/2, base field no. 3/256, 38/469
[ Info: 64_181: layer 2/2, base field no. 3/256, 39/469
[ Info: 64_181: layer 2/2, base field no. 3/256, 40/469
[ Info: 64_181: layer 2/2, base field no. 3/256, 41/469
[ Info: 64_181: layer 2/2, base field no. 3/256, 42/469
[ Info: 64_181: layer 2/2, base field no. 3/256, 43/469
[ Info: 64_181: layer 2/2, base field no. 3/256, 44/469
[ Info: 64_181: layer 2/2, base field no. 3/256, 45/469
[ Info: 64_181: layer 2/2, base field no. 3/256, 46/469
[ Info: 64_181: layer 2/2, base field no. 3/256, 47/469
[ Info: 64_181: layer 2/2, base field no. 3/256, 48/469
[ Info: 64_181: layer 2/2, base field no. 3/256, 49/469
[ Info: 64_181: layer 2/2, base field no. 3/256, 50/469
[ Info: 64_181: layer 2/2, base field no. 3/256, 51/469
[ Info: 64_181: layer 2/2, base field no. 3/256, 52/469
[ Info: 64_181: layer 2/2, base field no. 3/256, 53/469
[ Info: 64_181: layer 2/2, base field no. 3/256, 54/469
[ Info: 64_181: layer 2/2, base field no. 3/256, 55/469
[ Info: 64_181: layer 2/2, base field no. 3/256, 56/469
[ Info: 64_181: layer 2/2, base field no. 3/256, 57/469
[ Info: 64_181: layer 2/2, base field no. 3/256, 58/469
[ Info: 64_181: layer 2/2, base field no. 3/256, 59/469
error in running finalizer: MethodError(f=Hecke.ZZRingElem_Array_Mod.empty!!, args=(Nemo.AcbFieldElem(real_mid_exp=-6, real_mid_size=0x0000000000000003, real_mid_d1=0xdfd087e4c0000000, real_mid_d2=0xdfd087e4c0000000, real_rad_exp=-36, real_rad_man=0x0000000029510e0e, imag_mid_exp=-11, imag_mid_size=0x0000000000000002, imag_mid_d1=0xe0799b0400000000, imag_mid_d2=0xe0799b0400000000, imag_rad_exp=-36, imag_rad_man=0x0000000024e15402, parent=Nemo.AcbField(prec=41, __attrs=#<null>)),), world=0x00000000000096c0)
jl_method_error_bare at /cache/build/builder-demeter6-6/julialang/julia-release-1-dot-12/src/gf.c:3035
jl_method_error at /cache/build/builder-demeter6-6/julialang/julia-release-1-dot-12/src/gf.c:3053
jl_f_throw_methoderror at /cache/build/builder-demeter6-6/julialang/julia-release-1-dot-12/src/builtins.c:608 [inlined]
jl_f_throw_methoderror at /cache/build/builder-demeter6-6/julialang/julia-release-1-dot-12/src/builtins.c:604
#2 at /home/links/th703/.julia/dev/Hecke/src/Sparse/ZZRow.jl:13
unknown function (ip: 0x7f5c7b184b32) at (unknown file)
run_finalizer at /cache/build/builder-demeter6-6/julialang/julia-release-1-dot-12/src/gc-common.c:180
jl_gc_run_finalizers_in_list at /cache/build/builder-demeter6-6/julialang/julia-release-1-dot-12/src/gc-common.c:272
run_finalizers at /cache/build/builder-demeter6-6/julialang/julia-release-1-dot-12/src/gc-common.c:316
ijl_gc_collect at /cache/build/builder-demeter6-6/julialang/julia-release-1-dot-12/src/gc-stock.c:3483
maybe_collect at /cache/build/builder-demeter6-6/julialang/julia-release-1-dot-12/src/gc-stock.c:349 [inlined]
jl_gc_small_alloc_inner at /cache/build/builder-demeter6-6/julialang/julia-release-1-dot-12/src/gc-stock.c:725 [inlined]
ijl_gc_small_alloc at /cache/build/builder-demeter6-6/julialang/julia-release-1-dot-12/src/gc-stock.c:774
Array at ./boot.jl:648 [inlined]
Array at ./boot.jl:660 [inlined]
similar at ./abstractarray.jl:867 [inlined]
similar at ./abstractarray.jl:866 [inlined]
_array_for at ./array.jl:670 [inlined]
collect at ./array.jl:795
main_variable_extract at /home/links/th703/.julia/packages/AbstractAlgebra/T6WZD/src/generic/MPoly.jl:3670
evaluate at /home/links/th703/.julia/packages/AbstractAlgebra/T6WZD/src/generic/MPoly.jl:3297
conjugates_arb at /home/links/th703/.julia/dev/Hecke/src/NumField/NonSimpleNumField/Conjugates.jl:63
_minkowski_map_and_apply at /home/links/th703/.julia/dev/Hecke/src/NumField/NfAbs/Conjugates.jl:366
_minkowski_map_and_apply at /home/links/th703/.julia/dev/Hecke/src/NumField/NfAbs/Conjugates.jl:364 [inlined]
t2 at /home/links/th703/.julia/dev/Hecke/src/NumField/NfAbs/Conjugates.jl:418 [inlined]
t2 at /home/links/th703/.julia/dev/Hecke/src/NumField/NfAbs/Conjugates.jl:413 [inlined]
_find_short_primitive_element at /home/links/th703/.julia/dev/Hecke/src/NumField/NfRel/Simplify.jl:383
#simplified_absolute_field#1513 at /home/links/th703/.julia/dev/Hecke/src/NumField/NfRel/Simplify.jl:393
simplified_absolute_field at /home/links/th703/.julia/dev/Hecke/src/NumField/NfRel/Simplify.jl:392 [inlined]
#absolute_simple_field#1517 at /home/links/th703/.julia/dev/Hecke/src/NumField/NfRel/absolute_field.jl:137
absolute_simple_field at /home/links/th703/.julia/dev/Hecke/src/NumField/NfRel/absolute_field.jl:122 [inlined]
main at /home/links/th703/repositories/ClassNumberOne/nonabelian/64_181/64_181.jl:105
macro expansion at ./timing.jl:645 [inlined]
top-level scope at /home/links/th703/repositories/ClassNumberOne/nonabelian/64_181/64_181.jl:353
jl_toplevel_eval_flex at /cache/build/builder-demeter6-6/julialang/julia-release-1-dot-12/src/toplevel.c:1024
jl_toplevel_eval_flex at /cache/build/builder-demeter6-6/julialang/julia-release-1-dot-12/src/toplevel.c:975
ijl_toplevel_eval at /cache/build/builder-demeter6-6/julialang/julia-release-1-dot-12/src/toplevel.c:1047
ijl_toplevel_eval_in at /cache/build/builder-demeter6-6/julialang/julia-release-1-dot-12/src/toplevel.c:1092
eval at ./boot.jl:489
include_string at ./loading.jl:2843
_include at ./loading.jl:2903
include at ./Base.jl:305
exec_options at ./client.jl:321
_start at ./client.jl:554
jfptr__start_90592.1 at /home/links/th703/.julia/juliaup/julia-1.12.0-rc2+0.x64.linux.gnu/lib/julia/sys.so (unknown line)
jl_apply at /cache/build/builder-demeter6-6/julialang/julia-release-1-dot-12/src/julia.h:2381 [inlined]
true_main at /cache/build/builder-demeter6-6/julialang/julia-release-1-dot-12/src/jlapi.c:971
jl_repl_entrypoint at /cache/build/builder-demeter6-6/julialang/julia-release-1-dot-12/src/jlapi.c:1139
main at /cache/build/builder-demeter6-6/julialang/julia-release-1-dot-12/cli/loader_exe.c:58
__libc_start_call_main at /lib64/libc.so.6 (unknown line)
__libc_start_main at /lib64/libc.so.6 (unknown line)
unknown function (ip: 0x4010b8) at /workspace/srcdir/glibc-2.17/csu/../sysdeps/x86_64/start.S
[ Info: 64_181: layer 2/2, base field no. 3/256, 60/469
error in running finalizer: MethodError(f=Nemo._fmpz_clear_fn, args=(Nemo.zzModPolyRingElem(coeffs=Ptr{Nothing}(0x00007f59e18dfbb0), alloc=3, length=3, mod_n=0x0000000000002000, mod_ninv=0xffffffffffffffff, mod_norm=0x0000000000000032, parent=Nemo.zzModPolyRing(base_ring=Nemo.zzModRing(n=0x0000000000002000, ninv=0xffffffffffffffff, __attrs=#<null>), S=:x, n=0x0000000000002000, __attrs=#<null>)),), world=0x00000000000096c0)
jl_method_error_bare at /cache/build/builder-demeter6-6/julialang/julia-release-1-dot-12/src/gf.c:3035
jl_method_error at /cache/build/builder-demeter6-6/julialang/julia-release-1-dot-12/src/gf.c:3053
jl_lookup_generic_ at /cache/build/builder-demeter6-6/julialang/julia-release-1-dot-12/src/gf.c:4175 [inlined]
ijl_apply_generic at /cache/build/builder-demeter6-6/julialang/julia-release-1-dot-12/src/gf.c:4201
run_finalizer at /cache/build/builder-demeter6-6/julialang/julia-release-1-dot-12/src/gc-common.c:180
jl_gc_run_finalizers_in_list at /cache/build/builder-demeter6-6/julialang/julia-release-1-dot-12/src/gc-common.c:272
run_finalizers at /cache/build/builder-demeter6-6/julialang/julia-release-1-dot-12/src/gc-common.c:316
ijl_gc_collect at /cache/build/builder-demeter6-6/julialang/julia-release-1-dot-12/src/gc-stock.c:3483
maybe_collect at /cache/build/builder-demeter6-6/julialang/julia-release-1-dot-12/src/gc-stock.c:349 [inlined]
jl_gc_small_alloc_inner at /cache/build/builder-demeter6-6/julialang/julia-release-1-dot-12/src/gc-stock.c:725 [inlined]
ijl_gc_small_alloc at /cache/build/builder-demeter6-6/julialang/julia-release-1-dot-12/src/gc-stock.c:774
ZZModPolyRingElem at /home/links/th703/.julia/packages/Nemo/IYwMw/src/flint/FlintTypes.jl:758 [inlined]
ZZModPolyRingElem at /home/links/th703/.julia/packages/Nemo/IYwMw/src/flint/FlintTypes.jl:766 [inlined]
ZZModPolyRing at /home/links/th703/.julia/packages/Nemo/IYwMw/src/flint/fmpz_mod_poly.jl:837 [inlined]
* at /home/links/th703/.julia/packages/Nemo/IYwMw/src/flint/fmpz_mod_poly.jl:137
#_hensel#1989 at /home/links/th703/.julia/dev/Hecke/src/NumFieldOrd/NfOrd/Hensel.jl:578
_hensel at /home/links/th703/.julia/dev/Hecke/src/NumFieldOrd/NfOrd/Hensel.jl:313 [inlined]
#_roots_hensel#1982 at /home/links/th703/.julia/dev/Hecke/src/NumFieldOrd/NfOrd/Hensel.jl:230
_roots_hensel at /home/links/th703/.julia/dev/Hecke/src/NumFieldOrd/NfOrd/Hensel.jl:57 [inlined]
#roots#1277 at /home/links/th703/.julia/dev/Hecke/src/NumField/NfAbs/Elem.jl:626
roots at /home/links/th703/.julia/dev/Hecke/src/NumField/NfAbs/Elem.jl:569 [inlined]
#_automorphisms#350 at /home/links/th703/.julia/dev/Hecke/src/Map/automorphisms.jl:53
_automorphisms at /home/links/th703/.julia/dev/Hecke/src/Map/automorphisms.jl:25 [inlined]
#automorphism_list#351 at /home/links/th703/.julia/dev/Hecke/src/Map/automorphisms.jl:138
automorphism_list at /home/links/th703/.julia/dev/Hecke/src/Map/automorphisms.jl:124 [inlined]
is_normal at /home/links/th703/.julia/dev/Hecke/src/Map/NumberField.jl:110
main at /home/links/th703/repositories/ClassNumberOne/nonabelian/64_181/64_181.jl:106
macro expansion at ./timing.jl:645 [inlined]
top-level scope at /home/links/th703/repositories/ClassNumberOne/nonabelian/64_181/64_181.jl:353
jl_toplevel_eval_flex at /cache/build/builder-demeter6-6/julialang/julia-release-1-dot-12/src/toplevel.c:1024
jl_toplevel_eval_flex at /cache/build/builder-demeter6-6/julialang/julia-release-1-dot-12/src/toplevel.c:975
ijl_toplevel_eval at /cache/build/builder-demeter6-6/julialang/julia-release-1-dot-12/src/toplevel.c:1047
ijl_toplevel_eval_in at /cache/build/builder-demeter6-6/julialang/julia-release-1-dot-12/src/toplevel.c:1092
eval at ./boot.jl:489
include_string at ./loading.jl:2843
_include at ./loading.jl:2903
include at ./Base.jl:305
exec_options at ./client.jl:321
_start at ./client.jl:554
jfptr__start_90592.1 at /home/links/th703/.julia/juliaup/julia-1.12.0-rc2+0.x64.linux.gnu/lib/julia/sys.so (unknown line)
jl_apply at /cache/build/builder-demeter6-6/julialang/julia-release-1-dot-12/src/julia.h:2381 [inlined]
true_main at /cache/build/builder-demeter6-6/julialang/julia-release-1-dot-12/src/jlapi.c:971
jl_repl_entrypoint at /cache/build/builder-demeter6-6/julialang/julia-release-1-dot-12/src/jlapi.c:1139
main at /cache/build/builder-demeter6-6/julialang/julia-release-1-dot-12/cli/loader_exe.c:58
__libc_start_call_main at /lib64/libc.so.6 (unknown line)
__libc_start_main at /lib64/libc.so.6 (unknown line)
unknown function (ip: 0x4010b8) at /workspace/srcdir/glibc-2.17/csu/../sysdeps/x86_64/start.S
[ Info: 64_181: layer 2/2, base field no. 3/256, 61/469
