[ Info: 84_4: File for first layer does not exist; computing [12]...
[ Info: 84_4: Discriminant bound: 100000000000000000000
[ Info: 84_4: Computing simplified defining polynomials for fields and sieving bad CM-fields
[ Info: 84_4: 1/72
[ Info: 84_4: 2/72
[ Info: 84_4: 3/72
[ Info: 84_4: 4/72
[ Info: 84_4: 5/72
[ Info: 84_4: 6/72
[ Info: 84_4: 7/72
[ Info: 84_4: 8/72
[ Info: 84_4: 9/72
[ Info: 84_4: 10/72
[ Info: 84_4: 11/72
[ Info: 84_4: 12/72
[ Info: 84_4: 13/72
[ Info: 84_4: 14/72
[ Info: 84_4: 15/72
[ Info: 84_4: 16/72
[ Info: 84_4: 17/72
[ Info: 84_4: 18/72
[ Info: 84_4: 19/72
[ Info: 84_4: 20/72
[ Info: 84_4: 21/72
[ Info: 84_4: 22/72
[ Info: 84_4: 23/72
[ Info: 84_4: 24/72
[ Info: 84_4: 25/72
[ Info: 84_4: 26/72
[ Info: 84_4: 27/72
[ Info: 84_4: 28/72
[ Info: 84_4: 29/72
[ Info: 84_4: 30/72
[ Info: 84_4: 31/72
[ Info: 84_4: 32/72
[ Info: 84_4: 33/72
[ Info: 84_4: 34/72
[ Info: 84_4: 35/72
[ Info: 84_4: 36/72
[ Info: 84_4: 37/72
[ Info: 84_4: 38/72
[ Info: 84_4: 39/72
[ Info: 84_4: 40/72
[ Info: 84_4: 41/72
[ Info: 84_4: 42/72
[ Info: 84_4: 43/72
[ Info: 84_4: 44/72
[ Info: 84_4: 45/72
[ Info: 84_4: 46/72
[ Info: 84_4: 47/72
[ Info: 84_4: 48/72
[ Info: 84_4: 49/72
[ Info: 84_4: 50/72
[ Info: 84_4: 51/72
[ Info: 84_4: 52/72
[ Info: 84_4: 53/72
[ Info: 84_4: 54/72
[ Info: 84_4: 55/72
[ Info: 84_4: 56/72
[ Info: 84_4: 57/72
[ Info: 84_4: 58/72
[ Info: 84_4: 59/72
[ Info: 84_4: 60/72
[ Info: 84_4: 61/72
[ Info: 84_4: 62/72
[ Info: 84_4: 63/72
[ Info: 84_4: 64/72
[ Info: 84_4: 65/72
[ Info: 84_4: 66/72
[ Info: 84_4: 67/72
[ Info: 84_4: 68/72
[ Info: 84_4: 69/72
[ Info: 84_4: 70/72
[ Info: 84_4: 71/72
[ Info: 84_4: 72/72
[ Info: 84_4: layer 2/2, base field no. 1/42, constructing abelian extensions
[ Info: 84_4: layer 2/2, base field no. 1/42, checking fields: 0
[ Info: 84_4: layer 2/2, base field no. 2/42, constructing abelian extensions
[ Info: 84_4: layer 2/2, base field no. 2/42, checking fields: 0
[ Info: 84_4: layer 2/2, base field no. 3/42, constructing abelian extensions
[ Info: 84_4: layer 2/2, base field no. 3/42, checking fields: 0
[ Info: 84_4: layer 2/2, base field no. 4/42, constructing abelian extensions
[ Info: 84_4: layer 2/2, base field no. 4/42, checking fields: 0
[ Info: 84_4: layer 2/2, base field no. 5/42, constructing abelian extensions
[ Info: 84_4: layer 2/2, base field no. 5/42, checking fields: 0
[ Info: 84_4: layer 2/2, base field no. 6/42, constructing abelian extensions
[ Info: 84_4: layer 2/2, base field no. 6/42, checking fields: 0
[ Info: 84_4: layer 2/2, base field no. 7/42, constructing abelian extensions
[ Info: 84_4: layer 2/2, base field no. 7/42, checking fields: 0
[ Info: 84_4: layer 2/2, base field no. 8/42, constructing abelian extensions
[ Info: 84_4: layer 2/2, base field no. 8/42, checking fields: 0
[ Info: 84_4: layer 2/2, base field no. 9/42, constructing abelian extensions
[ Info: 84_4: layer 2/2, base field no. 9/42, checking fields: 0
[ Info: 84_4: layer 2/2, base field no. 10/42, constructing abelian extensions
[ Info: 84_4: layer 2/2, base field no. 10/42, checking fields: 0
[ Info: 84_4: layer 2/2, base field no. 11/42, constructing abelian extensions
[ Info: 84_4: layer 2/2, base field no. 11/42, checking fields: 0
[ Info: 84_4: layer 2/2, base field no. 12/42, constructing abelian extensions
[ Info: 84_4: layer 2/2, base field no. 12/42, checking fields: 0
[ Info: 84_4: layer 2/2, base field no. 13/42, constructing abelian extensions
[ Info: 84_4: layer 2/2, base field no. 13/42, checking fields: 0
[ Info: 84_4: layer 2/2, base field no. 14/42, constructing abelian extensions
[ Info: 84_4: layer 2/2, base field no. 14/42, checking fields: 0
[ Info: 84_4: layer 2/2, base field no. 15/42, constructing abelian extensions
[ Info: 84_4: layer 2/2, base field no. 15/42, checking fields: 0
[ Info: 84_4: layer 2/2, base field no. 16/42, constructing abelian extensions
[ Info: 84_4: layer 2/2, base field no. 16/42, checking fields: 0
[ Info: 84_4: layer 2/2, base field no. 17/42, constructing abelian extensions
[ Info: 84_4: layer 2/2, base field no. 17/42, checking fields: 0
[ Info: 84_4: layer 2/2, base field no. 18/42, constructing abelian extensions
[ Info: 84_4: layer 2/2, base field no. 18/42, checking fields: 0
[ Info: 84_4: layer 2/2, base field no. 19/42, constructing abelian extensions
[ Info: 84_4: layer 2/2, base field no. 19/42, checking fields: 0
[ Info: 84_4: layer 2/2, base field no. 20/42, constructing abelian extensions
[ Info: 84_4: layer 2/2, base field no. 20/42, checking fields: 0
[ Info: 84_4: layer 2/2, base field no. 21/42, constructing abelian extensions
[ Info: 84_4: layer 2/2, base field no. 21/42, checking fields: 0
[ Info: 84_4: layer 2/2, base field no. 22/42, constructing abelian extensions
[ Info: 84_4: layer 2/2, base field no. 22/42, checking fields: 0
[ Info: 84_4: layer 2/2, base field no. 23/42, constructing abelian extensions
[ Info: 84_4: layer 2/2, base field no. 23/42, checking fields: 0
[ Info: 84_4: layer 2/2, base field no. 24/42, constructing abelian extensions
[ Info: 84_4: layer 2/2, base field no. 24/42, checking fields: 0
[ Info: 84_4: layer 2/2, base field no. 25/42, constructing abelian extensions
[ Info: 84_4: layer 2/2, base field no. 25/42, checking fields: 0
[ Info: 84_4: layer 2/2, base field no. 26/42, constructing abelian extensions
[ Info: 84_4: layer 2/2, base field no. 26/42, checking fields: 0
[ Info: 84_4: layer 2/2, base field no. 27/42, constructing abelian extensions
[ Info: 84_4: layer 2/2, base field no. 27/42, checking fields: 0
[ Info: 84_4: layer 2/2, base field no. 28/42, constructing abelian extensions
[ Info: 84_4: layer 2/2, base field no. 28/42, checking fields: 0
[ Info: 84_4: layer 2/2, base field no. 29/42, constructing abelian extensions
[ Info: 84_4: layer 2/2, base field no. 29/42, checking fields: 0
[ Info: 84_4: layer 2/2, base field no. 30/42, constructing abelian extensions
[ Info: 84_4: layer 2/2, base field no. 30/42, checking fields: 0
[ Info: 84_4: layer 2/2, base field no. 31/42, constructing abelian extensions
[ Info: 84_4: layer 2/2, base field no. 31/42, checking fields: 0
[ Info: 84_4: layer 2/2, base field no. 32/42, constructing abelian extensions
[ Info: 84_4: layer 2/2, base field no. 32/42, checking fields: 0
[ Info: 84_4: layer 2/2, base field no. 33/42, constructing abelian extensions
[ Info: 84_4: layer 2/2, base field no. 33/42, checking fields: 0
[ Info: 84_4: layer 2/2, base field no. 34/42, constructing abelian extensions
[ Info: 84_4: layer 2/2, base field no. 34/42, checking fields: 0
[ Info: 84_4: layer 2/2, base field no. 35/42, constructing abelian extensions
[ Info: 84_4: layer 2/2, base field no. 35/42, checking fields: 0
[ Info: 84_4: layer 2/2, base field no. 36/42, constructing abelian extensions
[ Info: 84_4: layer 2/2, base field no. 36/42, checking fields: 0
[ Info: 84_4: layer 2/2, base field no. 37/42, constructing abelian extensions
[ Info: 84_4: layer 2/2, base field no. 37/42, checking fields: 0
[ Info: 84_4: layer 2/2, base field no. 38/42, constructing abelian extensions
[ Info: 84_4: layer 2/2, base field no. 38/42, checking fields: 0
[ Info: 84_4: layer 2/2, base field no. 39/42, constructing abelian extensions
[ Info: 84_4: layer 2/2, base field no. 39/42, checking fields: 0
[ Info: 84_4: layer 2/2, base field no. 40/42, constructing abelian extensions
[ Info: 84_4: layer 2/2, base field no. 40/42, checking fields: 0
[ Info: 84_4: layer 2/2, base field no. 41/42, constructing abelian extensions
[ Info: 84_4: layer 2/2, base field no. 41/42, checking fields: 0
[ Info: 84_4: layer 2/2, base field no. 42/42, constructing abelian extensions
[ Info: 84_4: layer 2/2, base field no. 42/42, checking fields: 0
 59.038413 seconds (254.87 M allocations: 13.255 GiB, 12.94% gc time, 41.08% compilation time: 1% of which was recompilation)
