[ Info: 88_1: File for first layer does not exist; computing [8]...
[ Info: 88_1: Discriminant bound: 18738174228604
[ Info: 88_1: Computing simplified defining polynomials for fields and sieving bad CM-fields
[ Info: 88_1: 1/23
[ Info: 88_1: 2/23
[ Info: 88_1: 3/23
[ Info: 88_1: 4/23
[ Info: 88_1: 5/23
[ Info: 88_1: 6/23
[ Info: 88_1: 7/23
[ Info: 88_1: 8/23
[ Info: 88_1: 9/23
[ Info: 88_1: 10/23
[ Info: 88_1: 11/23
[ Info: 88_1: 12/23
[ Info: 88_1: 13/23
[ Info: 88_1: 14/23
[ Info: 88_1: 15/23
[ Info: 88_1: 16/23
[ Info: 88_1: 17/23
[ Info: 88_1: 18/23
[ Info: 88_1: 19/23
[ Info: 88_1: 20/23
[ Info: 88_1: 21/23
[ Info: 88_1: 22/23
[ Info: 88_1: 23/23
[ Info: 88_1: layer 2/2, base field no. 1/15, constructing abelian extensions
[ Info: 88_1: layer 2/2, base field no. 1/15, checking fields: 0
[ Info: 88_1: layer 2/2, base field no. 2/15, constructing abelian extensions
[ Info: 88_1: layer 2/2, base field no. 2/15, checking fields: 0
[ Info: 88_1: layer 2/2, base field no. 3/15, constructing abelian extensions
[ Info: 88_1: layer 2/2, base field no. 3/15, checking fields: 0
[ Info: 88_1: layer 2/2, base field no. 4/15, constructing abelian extensions
[ Info: 88_1: layer 2/2, base field no. 4/15, checking fields: 0
[ Info: 88_1: layer 2/2, base field no. 5/15, constructing abelian extensions
[ Info: 88_1: layer 2/2, base field no. 5/15, checking fields: 0
[ Info: 88_1: layer 2/2, base field no. 6/15, constructing abelian extensions
[ Info: 88_1: layer 2/2, base field no. 6/15, checking fields: 0
[ Info: 88_1: layer 2/2, base field no. 7/15, constructing abelian extensions
[ Info: 88_1: layer 2/2, base field no. 7/15, checking fields: 0
[ Info: 88_1: layer 2/2, base field no. 8/15, constructing abelian extensions
[ Info: 88_1: layer 2/2, base field no. 8/15, checking fields: 0
[ Info: 88_1: layer 2/2, base field no. 9/15, constructing abelian extensions
[ Info: 88_1: layer 2/2, base field no. 9/15, checking fields: 0
[ Info: 88_1: layer 2/2, base field no. 10/15, constructing abelian extensions
[ Info: 88_1: layer 2/2, base field no. 10/15, checking fields: 0
[ Info: 88_1: layer 2/2, base field no. 11/15, constructing abelian extensions
[ Info: 88_1: layer 2/2, base field no. 11/15, checking fields: 0
[ Info: 88_1: layer 2/2, base field no. 12/15, constructing abelian extensions
[ Info: 88_1: layer 2/2, base field no. 12/15, checking fields: 0
[ Info: 88_1: layer 2/2, base field no. 13/15, constructing abelian extensions
[ Info: 88_1: layer 2/2, base field no. 13/15, checking fields: 0
[ Info: 88_1: layer 2/2, base field no. 14/15, constructing abelian extensions
[ Info: 88_1: layer 2/2, base field no. 14/15, checking fields: 0
[ Info: 88_1: layer 2/2, base field no. 15/15, constructing abelian extensions
[ Info: 88_1: layer 2/2, base field no. 15/15, checking fields: 0
 27.375256 seconds (58.91 M allocations: 2.835 GiB, 6.02% gc time, 80.29% compilation time: 1% of which was recompilation)
