[ Info: 48_45: File for first layer exists [2, 2, 6], 316227766016837933203913450747481236176896; loading ...
[ Info: 48_45: layer 2/2, base field no. 1/9, constructing abelian extensions
[ Info: 48_45: layer 2/2, base field no. 1/9, checking fields: 1
[ Info: 48_45: layer 2/2, base field no. 1/9, 1/1
[ Info: 48_45: layer 2/2, base field no. 2/9, constructing abelian extensions
[ Info: 48_45: layer 2/2, base field no. 2/9, checking fields: 23
[ Info: 48_45: layer 2/2, base field no. 2/9, 1/23
[ Info: 48_45: layer 2/2, base field no. 2/9, 2/23
[ Info: 48_45: layer 2/2, base field no. 2/9, 3/23
[ Info: 48_45: layer 2/2, base field no. 2/9, 4/23
[ Info: 48_45: layer 2/2, base field no. 2/9, 5/23
[ Info: 48_45: layer 2/2, base field no. 2/9, 6/23
[ Info: 48_45: layer 2/2, base field no. 2/9, 7/23
[ Info: 48_45: layer 2/2, base field no. 2/9, 8/23
[ Info: 48_45: layer 2/2, base field no. 2/9, 9/23
[ Info: 48_45: layer 2/2, base field no. 2/9, 10/23
[ Info: 48_45: layer 2/2, base field no. 2/9, 11/23
[ Info: 48_45: layer 2/2, base field no. 2/9, 12/23
[ Info: 48_45: layer 2/2, base field no. 2/9, 13/23
[ Info: 48_45: layer 2/2, base field no. 2/9, 14/23
[ Info: 48_45: layer 2/2, base field no. 2/9, 15/23
[ Info: 48_45: layer 2/2, base field no. 2/9, 16/23
[ Info: 48_45: layer 2/2, base field no. 2/9, 17/23
[ Info: 48_45: layer 2/2, base field no. 2/9, 18/23
[ Info: 48_45: layer 2/2, base field no. 2/9, 19/23
[ Info: 48_45: layer 2/2, base field no. 2/9, 20/23
[ Info: 48_45: layer 2/2, base field no. 2/9, 21/23
[ Info: 48_45: layer 2/2, base field no. 2/9, 22/23
[ Info: 48_45: layer 2/2, base field no. 2/9, 23/23
[ Info: 48_45: layer 2/2, base field no. 3/9, constructing abelian extensions
[ Info: 48_45: layer 2/2, base field no. 3/9, checking fields: 16
[ Info: 48_45: layer 2/2, base field no. 3/9, 1/16
[ Info: 48_45: layer 2/2, base field no. 3/9, 2/16
[ Info: 48_45: layer 2/2, base field no. 3/9, 3/16
[ Info: 48_45: layer 2/2, base field no. 3/9, 4/16
[ Info: 48_45: layer 2/2, base field no. 3/9, 5/16
[ Info: 48_45: layer 2/2, base field no. 3/9, 6/16
[ Info: 48_45: layer 2/2, base field no. 3/9, 7/16
[ Info: 48_45: layer 2/2, base field no. 3/9, 8/16
[ Info: 48_45: layer 2/2, base field no. 3/9, 9/16
[ Info: 48_45: layer 2/2, base field no. 3/9, 10/16
[ Info: 48_45: layer 2/2, base field no. 3/9, 11/16
[ Info: 48_45: layer 2/2, base field no. 3/9, 12/16
[ Info: 48_45: layer 2/2, base field no. 3/9, 13/16
[ Info: 48_45: layer 2/2, base field no. 3/9, 14/16
[ Info: 48_45: layer 2/2, base field no. 3/9, 15/16
[ Info: 48_45: layer 2/2, base field no. 3/9, 16/16
[ Info: 48_45: layer 2/2, base field no. 4/9, constructing abelian extensions
[ Info: 48_45: layer 2/2, base field no. 4/9, checking fields: 3
[ Info: 48_45: layer 2/2, base field no. 4/9, 1/3
[ Info: 48_45: layer 2/2, base field no. 4/9, 2/3
[ Info: 48_45: layer 2/2, base field no. 4/9, 3/3
[ Info: 48_45: layer 2/2, base field no. 5/9, constructing abelian extensions
[ Info: 48_45: layer 2/2, base field no. 5/9, checking fields: 2
[ Info: 48_45: layer 2/2, base field no. 5/9, 1/2
[ Info: 48_45: layer 2/2, base field no. 5/9, 2/2
[ Info: 48_45: layer 2/2, base field no. 6/9, constructing abelian extensions
[ Info: 48_45: layer 2/2, base field no. 6/9, checking fields: 1
[ Info: 48_45: layer 2/2, base field no. 6/9, 1/1
[ Info: 48_45: layer 2/2, base field no. 7/9, constructing abelian extensions
[ Info: 48_45: layer 2/2, base field no. 7/9, checking fields: 10
[ Info: 48_45: layer 2/2, base field no. 7/9, 1/10
[ Info: 48_45: layer 2/2, base field no. 7/9, 2/10
[ Info: 48_45: layer 2/2, base field no. 7/9, 3/10
[ Info: 48_45: layer 2/2, base field no. 7/9, 4/10
[ Info: 48_45: layer 2/2, base field no. 7/9, 5/10
[ Info: 48_45: layer 2/2, base field no. 7/9, 6/10
[ Info: 48_45: layer 2/2, base field no. 7/9, 7/10
[ Info: 48_45: layer 2/2, base field no. 7/9, 8/10
[ Info: 48_45: layer 2/2, base field no. 7/9, 9/10
[ Info: 48_45: layer 2/2, base field no. 7/9, 10/10
[ Info: 48_45: layer 2/2, base field no. 8/9, constructing abelian extensions
[ Info: 48_45: layer 2/2, base field no. 8/9, checking fields: 1
[ Info: 48_45: layer 2/2, base field no. 8/9, 1/1
[ Info: 48_45: layer 2/2, base field no. 9/9, constructing abelian extensions
[ Info: 48_45: layer 2/2, base field no. 9/9, checking fields: 1
[ Info: 48_45: layer 2/2, base field no. 9/9, 1/1
610.537031 seconds (1.59 G allocations: 152.976 GiB, 8.01% gc time, 2.05% compilation time: 2% of which was recompilation)
