[ Info: 64_253: File for first layer exists [2, 2, 2, 2], 1000000000000000000000000000; loading ...
[ Info: 64_253: layer 2/2, base field no. 1/7, constructing abelian extensions
[ Info: 64_253: layer 2/2, base field no. 1/7, checking fields: 212
[ Info: 64_253: layer 2/2, base field no. 1/7, 1/212
[ Info: 64_253: layer 2/2, base field no. 1/7, 2/212
[ Info: 64_253: layer 2/2, base field no. 1/7, 3/212
[ Info: 64_253: layer 2/2, base field no. 1/7, 4/212
[ Info: 64_253: layer 2/2, base field no. 1/7, 5/212
[ Info: 64_253: layer 2/2, base field no. 1/7, 6/212
[ Info: 64_253: layer 2/2, base field no. 1/7, 7/212
[ Info: 64_253: layer 2/2, base field no. 1/7, 8/212
[ Info: 64_253: layer 2/2, base field no. 1/7, 9/212
[ Info: 64_253: layer 2/2, base field no. 1/7, 10/212
[ Info: 64_253: layer 2/2, base field no. 1/7, 11/212
[ Info: 64_253: layer 2/2, base field no. 1/7, 12/212
[ Info: 64_253: layer 2/2, base field no. 1/7, 13/212
[ Info: 64_253: layer 2/2, base field no. 1/7, 14/212
[ Info: 64_253: layer 2/2, base field no. 1/7, 15/212
[ Info: 64_253: layer 2/2, base field no. 1/7, 16/212
[ Info: 64_253: layer 2/2, base field no. 1/7, 17/212
[ Info: 64_253: layer 2/2, base field no. 1/7, 18/212
[ Info: 64_253: layer 2/2, base field no. 1/7, 19/212
[ Info: 64_253: layer 2/2, base field no. 1/7, 20/212
[ Info: 64_253: layer 2/2, base field no. 1/7, 21/212
[ Info: 64_253: layer 2/2, base field no. 1/7, 22/212
[ Info: 64_253: layer 2/2, base field no. 1/7, 23/212
[ Info: 64_253: layer 2/2, base field no. 1/7, 24/212
[ Info: 64_253: layer 2/2, base field no. 1/7, 25/212
[ Info: 64_253: layer 2/2, base field no. 1/7, 26/212
[ Info: 64_253: layer 2/2, base field no. 1/7, 27/212
[ Info: 64_253: layer 2/2, base field no. 1/7, 28/212
[ Info: 64_253: layer 2/2, base field no. 1/7, 29/212
[ Info: 64_253: layer 2/2, base field no. 1/7, 30/212
[ Info: 64_253: layer 2/2, base field no. 1/7, 31/212
[ Info: 64_253: layer 2/2, base field no. 1/7, 32/212
[ Info: 64_253: layer 2/2, base field no. 1/7, 33/212
[ Info: 64_253: layer 2/2, base field no. 1/7, 34/212
[ Info: 64_253: layer 2/2, base field no. 1/7, 35/212
[ Info: 64_253: layer 2/2, base field no. 1/7, 36/212
[ Info: 64_253: layer 2/2, base field no. 1/7, 37/212
[ Info: 64_253: layer 2/2, base field no. 1/7, 38/212
[ Info: 64_253: layer 2/2, base field no. 1/7, 39/212
[ Info: 64_253: layer 2/2, base field no. 1/7, 40/212
[ Info: 64_253: layer 2/2, base field no. 1/7, 41/212
[ Info: 64_253: layer 2/2, base field no. 1/7, 42/212
[ Info: 64_253: layer 2/2, base field no. 1/7, 43/212
[ Info: 64_253: layer 2/2, base field no. 1/7, 44/212
[ Info: 64_253: layer 2/2, base field no. 1/7, 45/212
[ Info: 64_253: layer 2/2, base field no. 1/7, 46/212
[ Info: 64_253: layer 2/2, base field no. 1/7, 47/212
[ Info: 64_253: layer 2/2, base field no. 1/7, 48/212
[ Info: 64_253: layer 2/2, base field no. 1/7, 49/212
[ Info: 64_253: layer 2/2, base field no. 1/7, 50/212
[ Info: 64_253: layer 2/2, base field no. 1/7, 51/212
[ Info: 64_253: layer 2/2, base field no. 1/7, 52/212
[ Info: 64_253: layer 2/2, base field no. 1/7, 53/212
[ Info: 64_253: layer 2/2, base field no. 1/7, 54/212
[ Info: 64_253: layer 2/2, base field no. 1/7, 55/212
[ Info: 64_253: layer 2/2, base field no. 1/7, 56/212
[ Info: 64_253: layer 2/2, base field no. 1/7, 57/212
[ Info: 64_253: layer 2/2, base field no. 1/7, 58/212
[ Info: 64_253: layer 2/2, base field no. 1/7, 59/212
[ Info: 64_253: layer 2/2, base field no. 1/7, 60/212
[ Info: 64_253: layer 2/2, base field no. 1/7, 61/212
[ Info: 64_253: layer 2/2, base field no. 1/7, 62/212
[ Info: 64_253: layer 2/2, base field no. 1/7, 63/212
[ Info: 64_253: layer 2/2, base field no. 1/7, 64/212
[ Info: 64_253: layer 2/2, base field no. 1/7, 65/212
[ Info: 64_253: layer 2/2, base field no. 1/7, 66/212
[ Info: 64_253: layer 2/2, base field no. 1/7, 67/212
[ Info: 64_253: layer 2/2, base field no. 1/7, 68/212
[ Info: 64_253: layer 2/2, base field no. 1/7, 69/212
[ Info: 64_253: layer 2/2, base field no. 1/7, 70/212
[ Info: 64_253: layer 2/2, base field no. 1/7, 71/212
[ Info: 64_253: layer 2/2, base field no. 1/7, 72/212
[ Info: 64_253: layer 2/2, base field no. 1/7, 73/212
[ Info: 64_253: layer 2/2, base field no. 1/7, 74/212
[ Info: 64_253: layer 2/2, base field no. 1/7, 75/212
[ Info: 64_253: layer 2/2, base field no. 1/7, 76/212
[ Info: 64_253: layer 2/2, base field no. 1/7, 77/212
[ Info: 64_253: layer 2/2, base field no. 1/7, 78/212
[ Info: 64_253: layer 2/2, base field no. 1/7, 79/212
[ Info: 64_253: layer 2/2, base field no. 1/7, 80/212
[ Info: 64_253: layer 2/2, base field no. 1/7, 81/212
[ Info: 64_253: layer 2/2, base field no. 1/7, 82/212
[ Info: 64_253: layer 2/2, base field no. 1/7, 83/212
[ Info: 64_253: layer 2/2, base field no. 1/7, 84/212
[ Info: 64_253: layer 2/2, base field no. 1/7, 85/212
[ Info: 64_253: layer 2/2, base field no. 1/7, 86/212
[ Info: 64_253: layer 2/2, base field no. 1/7, 87/212
[ Info: 64_253: layer 2/2, base field no. 1/7, 88/212
[ Info: 64_253: layer 2/2, base field no. 1/7, 89/212
[ Info: 64_253: layer 2/2, base field no. 1/7, 90/212
[ Info: 64_253: layer 2/2, base field no. 1/7, 91/212
[ Info: 64_253: layer 2/2, base field no. 1/7, 92/212
[ Info: 64_253: layer 2/2, base field no. 1/7, 93/212
[ Info: 64_253: layer 2/2, base field no. 1/7, 94/212
[ Info: 64_253: layer 2/2, base field no. 1/7, 95/212
[ Info: 64_253: layer 2/2, base field no. 1/7, 96/212
[ Info: 64_253: layer 2/2, base field no. 1/7, 97/212
[ Info: 64_253: layer 2/2, base field no. 1/7, 98/212
[ Info: 64_253: layer 2/2, base field no. 1/7, 99/212
[ Info: 64_253: layer 2/2, base field no. 1/7, 100/212
[ Info: 64_253: layer 2/2, base field no. 1/7, 101/212
[ Info: 64_253: layer 2/2, base field no. 1/7, 102/212
[ Info: 64_253: layer 2/2, base field no. 1/7, 103/212
[ Info: 64_253: layer 2/2, base field no. 1/7, 104/212
[ Info: 64_253: layer 2/2, base field no. 1/7, 105/212
[ Info: 64_253: layer 2/2, base field no. 1/7, 106/212
[ Info: 64_253: layer 2/2, base field no. 1/7, 107/212
[ Info: 64_253: layer 2/2, base field no. 1/7, 108/212
[ Info: 64_253: layer 2/2, base field no. 1/7, 109/212
[ Info: 64_253: layer 2/2, base field no. 1/7, 110/212
[ Info: 64_253: layer 2/2, base field no. 1/7, 111/212
[ Info: 64_253: layer 2/2, base field no. 1/7, 112/212
[ Info: 64_253: layer 2/2, base field no. 1/7, 113/212
[ Info: 64_253: layer 2/2, base field no. 1/7, 114/212
[ Info: 64_253: layer 2/2, base field no. 1/7, 115/212
[ Info: 64_253: layer 2/2, base field no. 1/7, 116/212
[ Info: 64_253: layer 2/2, base field no. 1/7, 117/212
[ Info: 64_253: layer 2/2, base field no. 1/7, 118/212
[ Info: 64_253: layer 2/2, base field no. 1/7, 119/212
[ Info: 64_253: layer 2/2, base field no. 1/7, 120/212
[ Info: 64_253: layer 2/2, base field no. 1/7, 121/212
[ Info: 64_253: layer 2/2, base field no. 1/7, 122/212
[ Info: 64_253: layer 2/2, base field no. 1/7, 123/212
[ Info: 64_253: layer 2/2, base field no. 1/7, 124/212
[ Info: 64_253: layer 2/2, base field no. 1/7, 125/212
[ Info: 64_253: layer 2/2, base field no. 1/7, 126/212
[ Info: 64_253: layer 2/2, base field no. 1/7, 127/212
[ Info: 64_253: layer 2/2, base field no. 1/7, 128/212
[ Info: 64_253: layer 2/2, base field no. 1/7, 129/212
[ Info: 64_253: layer 2/2, base field no. 1/7, 130/212
[ Info: 64_253: layer 2/2, base field no. 1/7, 131/212
[ Info: 64_253: layer 2/2, base field no. 1/7, 132/212
[ Info: 64_253: layer 2/2, base field no. 1/7, 133/212
[ Info: 64_253: layer 2/2, base field no. 1/7, 134/212
[ Info: 64_253: layer 2/2, base field no. 1/7, 135/212
[ Info: 64_253: layer 2/2, base field no. 1/7, 136/212
[ Info: 64_253: layer 2/2, base field no. 1/7, 137/212
[ Info: 64_253: layer 2/2, base field no. 1/7, 138/212
[ Info: 64_253: layer 2/2, base field no. 1/7, 139/212
[ Info: 64_253: layer 2/2, base field no. 1/7, 140/212
[ Info: 64_253: layer 2/2, base field no. 1/7, 141/212
[ Info: 64_253: layer 2/2, base field no. 1/7, 142/212
[ Info: 64_253: layer 2/2, base field no. 1/7, 143/212
[ Info: 64_253: layer 2/2, base field no. 1/7, 144/212
[ Info: 64_253: layer 2/2, base field no. 1/7, 145/212
[ Info: 64_253: layer 2/2, base field no. 1/7, 146/212
[ Info: 64_253: layer 2/2, base field no. 1/7, 147/212
[ Info: 64_253: layer 2/2, base field no. 1/7, 148/212
[ Info: 64_253: layer 2/2, base field no. 1/7, 149/212
[ Info: 64_253: layer 2/2, base field no. 1/7, 150/212
[ Info: 64_253: layer 2/2, base field no. 1/7, 151/212
[ Info: 64_253: layer 2/2, base field no. 1/7, 152/212
[ Info: 64_253: layer 2/2, base field no. 1/7, 153/212
[ Info: 64_253: layer 2/2, base field no. 1/7, 154/212
[ Info: 64_253: layer 2/2, base field no. 1/7, 155/212
[ Info: 64_253: layer 2/2, base field no. 1/7, 156/212
[ Info: 64_253: layer 2/2, base field no. 1/7, 157/212
[ Info: 64_253: layer 2/2, base field no. 1/7, 158/212
[ Info: 64_253: layer 2/2, base field no. 1/7, 159/212
[ Info: 64_253: layer 2/2, base field no. 1/7, 160/212
[ Info: 64_253: layer 2/2, base field no. 1/7, 161/212
[ Info: 64_253: layer 2/2, base field no. 1/7, 162/212
[ Info: 64_253: layer 2/2, base field no. 1/7, 163/212
[ Info: 64_253: layer 2/2, base field no. 1/7, 164/212
[ Info: 64_253: layer 2/2, base field no. 1/7, 165/212
[ Info: 64_253: layer 2/2, base field no. 1/7, 166/212
[ Info: 64_253: layer 2/2, base field no. 1/7, 167/212
[ Info: 64_253: layer 2/2, base field no. 1/7, 168/212
[ Info: 64_253: layer 2/2, base field no. 1/7, 169/212
[ Info: 64_253: layer 2/2, base field no. 1/7, 170/212
[ Info: 64_253: layer 2/2, base field no. 1/7, 171/212
[ Info: 64_253: layer 2/2, base field no. 1/7, 172/212
[ Info: 64_253: layer 2/2, base field no. 1/7, 173/212
[ Info: 64_253: layer 2/2, base field no. 1/7, 174/212
[ Info: 64_253: layer 2/2, base field no. 1/7, 175/212
[ Info: 64_253: layer 2/2, base field no. 1/7, 176/212
[ Info: 64_253: layer 2/2, base field no. 1/7, 177/212
[ Info: 64_253: layer 2/2, base field no. 1/7, 178/212
[ Info: 64_253: layer 2/2, base field no. 1/7, 179/212
[ Info: 64_253: layer 2/2, base field no. 1/7, 180/212
[ Info: 64_253: layer 2/2, base field no. 1/7, 181/212
[ Info: 64_253: layer 2/2, base field no. 1/7, 182/212
[ Info: 64_253: layer 2/2, base field no. 1/7, 183/212
[ Info: 64_253: layer 2/2, base field no. 1/7, 184/212
[ Info: 64_253: layer 2/2, base field no. 1/7, 185/212
[ Info: 64_253: layer 2/2, base field no. 1/7, 186/212
[ Info: 64_253: layer 2/2, base field no. 1/7, 187/212
[ Info: 64_253: layer 2/2, base field no. 1/7, 188/212
[ Info: 64_253: layer 2/2, base field no. 1/7, 189/212
[ Info: 64_253: layer 2/2, base field no. 1/7, 190/212
[ Info: 64_253: layer 2/2, base field no. 1/7, 191/212
[ Info: 64_253: layer 2/2, base field no. 1/7, 192/212
[ Info: 64_253: layer 2/2, base field no. 1/7, 193/212
[ Info: 64_253: layer 2/2, base field no. 1/7, 194/212
[ Info: 64_253: layer 2/2, base field no. 1/7, 195/212
[ Info: 64_253: layer 2/2, base field no. 1/7, 196/212
[ Info: 64_253: layer 2/2, base field no. 1/7, 197/212
[ Info: 64_253: layer 2/2, base field no. 1/7, 198/212
[ Info: 64_253: layer 2/2, base field no. 1/7, 199/212
[ Info: 64_253: layer 2/2, base field no. 1/7, 200/212
[ Info: 64_253: layer 2/2, base field no. 1/7, 201/212
[ Info: 64_253: layer 2/2, base field no. 1/7, 202/212
[ Info: 64_253: layer 2/2, base field no. 1/7, 203/212
[ Info: 64_253: layer 2/2, base field no. 1/7, 204/212
[ Info: 64_253: layer 2/2, base field no. 1/7, 205/212
[ Info: 64_253: layer 2/2, base field no. 1/7, 206/212
[ Info: 64_253: layer 2/2, base field no. 1/7, 207/212
[ Info: 64_253: layer 2/2, base field no. 1/7, 208/212
[ Info: 64_253: layer 2/2, base field no. 1/7, 209/212
[ Info: 64_253: layer 2/2, base field no. 1/7, 210/212
[ Info: 64_253: layer 2/2, base field no. 1/7, 211/212
[ Info: 64_253: layer 2/2, base field no. 1/7, 212/212
[ Info: 64_253: layer 2/2, base field no. 2/7, constructing abelian extensions
[ Info: 64_253: layer 2/2, base field no. 2/7, checking fields: 101
[ Info: 64_253: layer 2/2, base field no. 2/7, 1/101
[ Info: 64_253: layer 2/2, base field no. 2/7, 2/101
[ Info: 64_253: layer 2/2, base field no. 2/7, 3/101
[ Info: 64_253: layer 2/2, base field no. 2/7, 4/101
[ Info: 64_253: layer 2/2, base field no. 2/7, 5/101
[ Info: 64_253: layer 2/2, base field no. 2/7, 6/101
[ Info: 64_253: layer 2/2, base field no. 2/7, 7/101
[ Info: 64_253: layer 2/2, base field no. 2/7, 8/101
[ Info: 64_253: layer 2/2, base field no. 2/7, 9/101
[ Info: 64_253: layer 2/2, base field no. 2/7, 10/101
[ Info: 64_253: layer 2/2, base field no. 2/7, 11/101
[ Info: 64_253: layer 2/2, base field no. 2/7, 12/101
[ Info: 64_253: layer 2/2, base field no. 2/7, 13/101
[ Info: 64_253: layer 2/2, base field no. 2/7, 14/101
[ Info: 64_253: layer 2/2, base field no. 2/7, 15/101
[ Info: 64_253: layer 2/2, base field no. 2/7, 16/101
[ Info: 64_253: layer 2/2, base field no. 2/7, 17/101
[ Info: 64_253: layer 2/2, base field no. 2/7, 18/101
[ Info: 64_253: layer 2/2, base field no. 2/7, 19/101
[ Info: 64_253: layer 2/2, base field no. 2/7, 20/101
[ Info: 64_253: layer 2/2, base field no. 2/7, 21/101
[ Info: 64_253: layer 2/2, base field no. 2/7, 22/101
[ Info: 64_253: layer 2/2, base field no. 2/7, 23/101
[ Info: 64_253: layer 2/2, base field no. 2/7, 24/101
[ Info: 64_253: layer 2/2, base field no. 2/7, 25/101
[ Info: 64_253: layer 2/2, base field no. 2/7, 26/101
[ Info: 64_253: layer 2/2, base field no. 2/7, 27/101
[ Info: 64_253: layer 2/2, base field no. 2/7, 28/101
[ Info: 64_253: layer 2/2, base field no. 2/7, 29/101
[ Info: 64_253: layer 2/2, base field no. 2/7, 30/101
[ Info: 64_253: layer 2/2, base field no. 2/7, 31/101
[ Info: 64_253: layer 2/2, base field no. 2/7, 32/101
[ Info: 64_253: layer 2/2, base field no. 2/7, 33/101
[ Info: 64_253: layer 2/2, base field no. 2/7, 34/101
[ Info: 64_253: layer 2/2, base field no. 2/7, 35/101
[ Info: 64_253: layer 2/2, base field no. 2/7, 36/101
[ Info: 64_253: layer 2/2, base field no. 2/7, 37/101
[ Info: 64_253: layer 2/2, base field no. 2/7, 38/101
[ Info: 64_253: layer 2/2, base field no. 2/7, 39/101
[ Info: 64_253: layer 2/2, base field no. 2/7, 40/101
[ Info: 64_253: layer 2/2, base field no. 2/7, 41/101
[ Info: 64_253: layer 2/2, base field no. 2/7, 42/101
[ Info: 64_253: layer 2/2, base field no. 2/7, 43/101
[ Info: 64_253: layer 2/2, base field no. 2/7, 44/101
[ Info: 64_253: layer 2/2, base field no. 2/7, 45/101
[ Info: 64_253: layer 2/2, base field no. 2/7, 46/101
[ Info: 64_253: layer 2/2, base field no. 2/7, 47/101
[ Info: 64_253: layer 2/2, base field no. 2/7, 48/101
[ Info: 64_253: layer 2/2, base field no. 2/7, 49/101
[ Info: 64_253: layer 2/2, base field no. 2/7, 50/101
[ Info: 64_253: layer 2/2, base field no. 2/7, 51/101
[ Info: 64_253: layer 2/2, base field no. 2/7, 52/101
[ Info: 64_253: layer 2/2, base field no. 2/7, 53/101
[ Info: 64_253: layer 2/2, base field no. 2/7, 54/101
[ Info: 64_253: layer 2/2, base field no. 2/7, 55/101
[ Info: 64_253: layer 2/2, base field no. 2/7, 56/101
[ Info: 64_253: layer 2/2, base field no. 2/7, 57/101
[ Info: 64_253: layer 2/2, base field no. 2/7, 58/101
[ Info: 64_253: layer 2/2, base field no. 2/7, 59/101
[ Info: 64_253: layer 2/2, base field no. 2/7, 60/101
[ Info: 64_253: layer 2/2, base field no. 2/7, 61/101
[ Info: 64_253: layer 2/2, base field no. 2/7, 62/101
[ Info: 64_253: layer 2/2, base field no. 2/7, 63/101
[ Info: 64_253: layer 2/2, base field no. 2/7, 64/101
[ Info: 64_253: layer 2/2, base field no. 2/7, 65/101
[ Info: 64_253: layer 2/2, base field no. 2/7, 66/101
[ Info: 64_253: layer 2/2, base field no. 2/7, 67/101
[ Info: 64_253: layer 2/2, base field no. 2/7, 68/101
[ Info: 64_253: layer 2/2, base field no. 2/7, 69/101
[ Info: 64_253: layer 2/2, base field no. 2/7, 70/101
[ Info: 64_253: layer 2/2, base field no. 2/7, 71/101
[ Info: 64_253: layer 2/2, base field no. 2/7, 72/101
[ Info: 64_253: layer 2/2, base field no. 2/7, 73/101
[ Info: 64_253: layer 2/2, base field no. 2/7, 74/101
[ Info: 64_253: layer 2/2, base field no. 2/7, 75/101
[ Info: 64_253: layer 2/2, base field no. 2/7, 76/101
[ Info: 64_253: layer 2/2, base field no. 2/7, 77/101
[ Info: 64_253: layer 2/2, base field no. 2/7, 78/101
[ Info: 64_253: layer 2/2, base field no. 2/7, 79/101
[ Info: 64_253: layer 2/2, base field no. 2/7, 80/101
[ Info: 64_253: layer 2/2, base field no. 2/7, 81/101
[ Info: 64_253: layer 2/2, base field no. 2/7, 82/101
[ Info: 64_253: layer 2/2, base field no. 2/7, 83/101
[ Info: 64_253: layer 2/2, base field no. 2/7, 84/101
[ Info: 64_253: layer 2/2, base field no. 2/7, 85/101
[ Info: 64_253: layer 2/2, base field no. 2/7, 86/101
[ Info: 64_253: layer 2/2, base field no. 2/7, 87/101
[ Info: 64_253: layer 2/2, base field no. 2/7, 88/101
[ Info: 64_253: layer 2/2, base field no. 2/7, 89/101
[ Info: 64_253: layer 2/2, base field no. 2/7, 90/101
[ Info: 64_253: layer 2/2, base field no. 2/7, 91/101
[ Info: 64_253: layer 2/2, base field no. 2/7, 92/101
[ Info: 64_253: layer 2/2, base field no. 2/7, 93/101
[ Info: 64_253: layer 2/2, base field no. 2/7, 94/101
[ Info: 64_253: layer 2/2, base field no. 2/7, 95/101
[ Info: 64_253: layer 2/2, base field no. 2/7, 96/101
[ Info: 64_253: layer 2/2, base field no. 2/7, 97/101
[ Info: 64_253: layer 2/2, base field no. 2/7, 98/101
[ Info: 64_253: layer 2/2, base field no. 2/7, 99/101
[ Info: 64_253: layer 2/2, base field no. 2/7, 100/101
[ Info: 64_253: layer 2/2, base field no. 2/7, 101/101
[ Info: 64_253: layer 2/2, base field no. 3/7, constructing abelian extensions
[ Info: 64_253: layer 2/2, base field no. 3/7, checking fields: 41
[ Info: 64_253: layer 2/2, base field no. 3/7, 1/41
[ Info: 64_253: layer 2/2, base field no. 3/7, 2/41
[ Info: 64_253: layer 2/2, base field no. 3/7, 3/41
[ Info: 64_253: layer 2/2, base field no. 3/7, 4/41
[ Info: 64_253: layer 2/2, base field no. 3/7, 5/41
[ Info: 64_253: layer 2/2, base field no. 3/7, 6/41
[ Info: 64_253: layer 2/2, base field no. 3/7, 7/41
[ Info: 64_253: layer 2/2, base field no. 3/7, 8/41
[ Info: 64_253: layer 2/2, base field no. 3/7, 9/41
[ Info: 64_253: layer 2/2, base field no. 3/7, 10/41
[ Info: 64_253: layer 2/2, base field no. 3/7, 11/41
[ Info: 64_253: layer 2/2, base field no. 3/7, 12/41
[ Info: 64_253: layer 2/2, base field no. 3/7, 13/41
[ Info: 64_253: layer 2/2, base field no. 3/7, 14/41
[ Info: 64_253: layer 2/2, base field no. 3/7, 15/41
[ Info: 64_253: layer 2/2, base field no. 3/7, 16/41
[ Info: 64_253: layer 2/2, base field no. 3/7, 17/41
[ Info: 64_253: layer 2/2, base field no. 3/7, 18/41
[ Info: 64_253: layer 2/2, base field no. 3/7, 19/41
[ Info: 64_253: layer 2/2, base field no. 3/7, 20/41
[ Info: 64_253: layer 2/2, base field no. 3/7, 21/41
[ Info: 64_253: layer 2/2, base field no. 3/7, 22/41
[ Info: 64_253: layer 2/2, base field no. 3/7, 23/41
[ Info: 64_253: layer 2/2, base field no. 3/7, 24/41
[ Info: 64_253: layer 2/2, base field no. 3/7, 25/41
[ Info: 64_253: layer 2/2, base field no. 3/7, 26/41
[ Info: 64_253: layer 2/2, base field no. 3/7, 27/41
[ Info: 64_253: layer 2/2, base field no. 3/7, 28/41
[ Info: 64_253: layer 2/2, base field no. 3/7, 29/41
[ Info: 64_253: layer 2/2, base field no. 3/7, 30/41
[ Info: 64_253: layer 2/2, base field no. 3/7, 31/41
[ Info: 64_253: layer 2/2, base field no. 3/7, 32/41
[ Info: 64_253: layer 2/2, base field no. 3/7, 33/41
[ Info: 64_253: layer 2/2, base field no. 3/7, 34/41
[ Info: 64_253: layer 2/2, base field no. 3/7, 35/41
[ Info: 64_253: layer 2/2, base field no. 3/7, 36/41
[ Info: 64_253: layer 2/2, base field no. 3/7, 37/41
[ Info: 64_253: layer 2/2, base field no. 3/7, 38/41
[ Info: 64_253: layer 2/2, base field no. 3/7, 39/41
[ Info: 64_253: layer 2/2, base field no. 3/7, 40/41
[ Info: 64_253: layer 2/2, base field no. 3/7, 41/41
[ Info: 64_253: layer 2/2, base field no. 4/7, constructing abelian extensions
[ Info: 64_253: layer 2/2, base field no. 4/7, checking fields: 31
[ Info: 64_253: layer 2/2, base field no. 4/7, 1/31
[ Info: 64_253: layer 2/2, base field no. 4/7, 2/31
[ Info: 64_253: layer 2/2, base field no. 4/7, 3/31
[ Info: 64_253: layer 2/2, base field no. 4/7, 4/31
[ Info: 64_253: layer 2/2, base field no. 4/7, 5/31
[ Info: 64_253: layer 2/2, base field no. 4/7, 6/31
[ Info: 64_253: layer 2/2, base field no. 4/7, 7/31
[ Info: 64_253: layer 2/2, base field no. 4/7, 8/31
[ Info: 64_253: layer 2/2, base field no. 4/7, 9/31
[ Info: 64_253: layer 2/2, base field no. 4/7, 10/31
[ Info: 64_253: layer 2/2, base field no. 4/7, 11/31
[ Info: 64_253: layer 2/2, base field no. 4/7, 12/31
[ Info: 64_253: layer 2/2, base field no. 4/7, 13/31
[ Info: 64_253: layer 2/2, base field no. 4/7, 14/31
[ Info: 64_253: layer 2/2, base field no. 4/7, 15/31
[ Info: 64_253: layer 2/2, base field no. 4/7, 16/31
[ Info: 64_253: layer 2/2, base field no. 4/7, 17/31
[ Info: 64_253: layer 2/2, base field no. 4/7, 18/31
[ Info: 64_253: layer 2/2, base field no. 4/7, 19/31
[ Info: 64_253: layer 2/2, base field no. 4/7, 20/31
[ Info: 64_253: layer 2/2, base field no. 4/7, 21/31
[ Info: 64_253: layer 2/2, base field no. 4/7, 22/31
[ Info: 64_253: layer 2/2, base field no. 4/7, 23/31
[ Info: 64_253: layer 2/2, base field no. 4/7, 24/31
[ Info: 64_253: layer 2/2, base field no. 4/7, 25/31
[ Info: 64_253: layer 2/2, base field no. 4/7, 26/31
[ Info: 64_253: layer 2/2, base field no. 4/7, 27/31
[ Info: 64_253: layer 2/2, base field no. 4/7, 28/31
[ Info: 64_253: layer 2/2, base field no. 4/7, 29/31
[ Info: 64_253: layer 2/2, base field no. 4/7, 30/31
[ Info: 64_253: layer 2/2, base field no. 4/7, 31/31
[ Info: 64_253: layer 2/2, base field no. 5/7, constructing abelian extensions
[ Info: 64_253: layer 2/2, base field no. 5/7, checking fields: 40
[ Info: 64_253: layer 2/2, base field no. 5/7, 1/40
[ Info: 64_253: layer 2/2, base field no. 5/7, 2/40
[ Info: 64_253: layer 2/2, base field no. 5/7, 3/40
[ Info: 64_253: layer 2/2, base field no. 5/7, 4/40
[ Info: 64_253: layer 2/2, base field no. 5/7, 5/40
[ Info: 64_253: layer 2/2, base field no. 5/7, 6/40
[ Info: 64_253: layer 2/2, base field no. 5/7, 7/40
[ Info: 64_253: layer 2/2, base field no. 5/7, 8/40
[ Info: 64_253: layer 2/2, base field no. 5/7, 9/40
[ Info: 64_253: layer 2/2, base field no. 5/7, 10/40
[ Info: 64_253: layer 2/2, base field no. 5/7, 11/40
[ Info: 64_253: layer 2/2, base field no. 5/7, 12/40
[ Info: 64_253: layer 2/2, base field no. 5/7, 13/40
[ Info: 64_253: layer 2/2, base field no. 5/7, 14/40
[ Info: 64_253: layer 2/2, base field no. 5/7, 15/40
[ Info: 64_253: layer 2/2, base field no. 5/7, 16/40
[ Info: 64_253: layer 2/2, base field no. 5/7, 17/40
[ Info: 64_253: layer 2/2, base field no. 5/7, 18/40
[ Info: 64_253: layer 2/2, base field no. 5/7, 19/40
[ Info: 64_253: layer 2/2, base field no. 5/7, 20/40
[ Info: 64_253: layer 2/2, base field no. 5/7, 21/40
[ Info: 64_253: layer 2/2, base field no. 5/7, 22/40
[ Info: 64_253: layer 2/2, base field no. 5/7, 23/40
[ Info: 64_253: layer 2/2, base field no. 5/7, 24/40
[ Info: 64_253: layer 2/2, base field no. 5/7, 25/40
[ Info: 64_253: layer 2/2, base field no. 5/7, 26/40
[ Info: 64_253: layer 2/2, base field no. 5/7, 27/40
[ Info: 64_253: layer 2/2, base field no. 5/7, 28/40
[ Info: 64_253: layer 2/2, base field no. 5/7, 29/40
[ Info: 64_253: layer 2/2, base field no. 5/7, 30/40
[ Info: 64_253: layer 2/2, base field no. 5/7, 31/40
[ Info: 64_253: layer 2/2, base field no. 5/7, 32/40
[ Info: 64_253: layer 2/2, base field no. 5/7, 33/40
[ Info: 64_253: layer 2/2, base field no. 5/7, 34/40
[ Info: 64_253: layer 2/2, base field no. 5/7, 35/40
[ Info: 64_253: layer 2/2, base field no. 5/7, 36/40
[ Info: 64_253: layer 2/2, base field no. 5/7, 37/40
[ Info: 64_253: layer 2/2, base field no. 5/7, 38/40
[ Info: 64_253: layer 2/2, base field no. 5/7, 39/40
[ Info: 64_253: layer 2/2, base field no. 5/7, 40/40
[ Info: 64_253: layer 2/2, base field no. 6/7, constructing abelian extensions
[ Info: 64_253: layer 2/2, base field no. 6/7, checking fields: 8
[ Info: 64_253: layer 2/2, base field no. 6/7, 1/8
[ Info: 64_253: layer 2/2, base field no. 6/7, 2/8
[ Info: 64_253: layer 2/2, base field no. 6/7, 3/8
[ Info: 64_253: layer 2/2, base field no. 6/7, 4/8
[ Info: 64_253: layer 2/2, base field no. 6/7, 5/8
[ Info: 64_253: layer 2/2, base field no. 6/7, 6/8
[ Info: 64_253: layer 2/2, base field no. 6/7, 7/8
[ Info: 64_253: layer 2/2, base field no. 6/7, 8/8
[ Info: 64_253: layer 2/2, base field no. 7/7, constructing abelian extensions
[ Info: 64_253: layer 2/2, base field no. 7/7, checking fields: 0
13587.919645 seconds (35.69 G allocations: 3.705 TiB, 5.61% gc time, 0.13% compilation time: 1% of which was recompilation)
