[ Info: 48_30: File for first layer does not exist; computing [4]...
[ Info: 48_30: Discriminant bound: 6812921
[ Info: 48_30: Computing simplified defining polynomials for fields and sieving bad CM-fields
[ Info: 48_30: 1/150
[ Info: 48_30: 2/150
[ Info: 48_30: 3/150
[ Info: 48_30: 4/150
[ Info: 48_30: 5/150
[ Info: 48_30: 6/150
[ Info: 48_30: 7/150
[ Info: 48_30: 8/150
[ Info: 48_30: 9/150
[ Info: 48_30: 10/150
[ Info: 48_30: 11/150
[ Info: 48_30: 12/150
[ Info: 48_30: 13/150
[ Info: 48_30: 14/150
[ Info: 48_30: 15/150
[ Info: 48_30: 16/150
[ Info: 48_30: 17/150
[ Info: 48_30: 18/150
[ Info: 48_30: 19/150
[ Info: 48_30: 20/150
[ Info: 48_30: 21/150
[ Info: 48_30: 22/150
[ Info: 48_30: 23/150
[ Info: 48_30: 24/150
[ Info: 48_30: 25/150
[ Info: 48_30: 26/150
[ Info: 48_30: 27/150
[ Info: 48_30: 28/150
[ Info: 48_30: 29/150
[ Info: 48_30: 30/150
[ Info: 48_30: 31/150
[ Info: 48_30: 32/150
[ Info: 48_30: 33/150
[ Info: 48_30: 34/150
[ Info: 48_30: 35/150
[ Info: 48_30: 36/150
[ Info: 48_30: 37/150
[ Info: 48_30: 38/150
[ Info: 48_30: 39/150
[ Info: 48_30: 40/150
[ Info: 48_30: 41/150
[ Info: 48_30: 42/150
[ Info: 48_30: 43/150
[ Info: 48_30: 44/150
[ Info: 48_30: 45/150
[ Info: 48_30: 46/150
[ Info: 48_30: 47/150
[ Info: 48_30: 48/150
[ Info: 48_30: 49/150
[ Info: 48_30: 50/150
[ Info: 48_30: 51/150
[ Info: 48_30: 52/150
[ Info: 48_30: 53/150
[ Info: 48_30: 54/150
[ Info: 48_30: 55/150
[ Info: 48_30: 56/150
[ Info: 48_30: 57/150
[ Info: 48_30: 58/150
[ Info: 48_30: 59/150
[ Info: 48_30: 60/150
[ Info: 48_30: 61/150
[ Info: 48_30: 62/150
[ Info: 48_30: 63/150
[ Info: 48_30: 64/150
[ Info: 48_30: 65/150
[ Info: 48_30: 66/150
[ Info: 48_30: 67/150
[ Info: 48_30: 68/150
[ Info: 48_30: 69/150
[ Info: 48_30: 70/150
[ Info: 48_30: 71/150
[ Info: 48_30: 72/150
[ Info: 48_30: 73/150
[ Info: 48_30: 74/150
[ Info: 48_30: 75/150
[ Info: 48_30: 76/150
[ Info: 48_30: 77/150
[ Info: 48_30: 78/150
[ Info: 48_30: 79/150
[ Info: 48_30: 80/150
[ Info: 48_30: 81/150
[ Info: 48_30: 82/150
[ Info: 48_30: 83/150
[ Info: 48_30: 84/150
[ Info: 48_30: 85/150
[ Info: 48_30: 86/150
[ Info: 48_30: 87/150
[ Info: 48_30: 88/150
[ Info: 48_30: 89/150
[ Info: 48_30: 90/150
[ Info: 48_30: 91/150
[ Info: 48_30: 92/150
[ Info: 48_30: 93/150
[ Info: 48_30: 94/150
[ Info: 48_30: 95/150
[ Info: 48_30: 96/150
[ Info: 48_30: 97/150
[ Info: 48_30: 98/150
[ Info: 48_30: 99/150
[ Info: 48_30: 100/150
[ Info: 48_30: 101/150
[ Info: 48_30: 102/150
[ Info: 48_30: 103/150
[ Info: 48_30: 104/150
[ Info: 48_30: 105/150
[ Info: 48_30: 106/150
[ Info: 48_30: 107/150
[ Info: 48_30: 108/150
[ Info: 48_30: 109/150
[ Info: 48_30: 110/150
[ Info: 48_30: 111/150
[ Info: 48_30: 112/150
[ Info: 48_30: 113/150
[ Info: 48_30: 114/150
[ Info: 48_30: 115/150
[ Info: 48_30: 116/150
[ Info: 48_30: 117/150
[ Info: 48_30: 118/150
[ Info: 48_30: 119/150
[ Info: 48_30: 120/150
[ Info: 48_30: 121/150
[ Info: 48_30: 122/150
[ Info: 48_30: 123/150
[ Info: 48_30: 124/150
[ Info: 48_30: 125/150
[ Info: 48_30: 126/150
[ Info: 48_30: 127/150
[ Info: 48_30: 128/150
[ Info: 48_30: 129/150
[ Info: 48_30: 130/150
[ Info: 48_30: 131/150
[ Info: 48_30: 132/150
[ Info: 48_30: 133/150
[ Info: 48_30: 134/150
[ Info: 48_30: 135/150
[ Info: 48_30: 136/150
[ Info: 48_30: 137/150
[ Info: 48_30: 138/150
[ Info: 48_30: 139/150
[ Info: 48_30: 140/150
[ Info: 48_30: 141/150
[ Info: 48_30: 142/150
[ Info: 48_30: 143/150
[ Info: 48_30: 144/150
[ Info: 48_30: 145/150
[ Info: 48_30: 146/150
[ Info: 48_30: 147/150
[ Info: 48_30: 148/150
[ Info: 48_30: 149/150
[ Info: 48_30: 150/150
[ Info: 48_30: layer 2/3, base field no. 1/150, constructing abelian extensions
[ Info: 48_30: layer 2/3, base field no. 1/150, checking fields: 2
[ Info: 48_30: layer 2/3, base field no. 1/150, 1/2
[ Info: 48_30: layer 2/3, base field no. 1/150, 2/2
[ Info: 48_30: layer 2/3, base field no. 2/150, constructing abelian extensions
[ Info: 48_30: layer 2/3, base field no. 2/150, checking fields: 5
[ Info: 48_30: layer 2/3, base field no. 2/150, 1/5
[ Info: 48_30: layer 2/3, base field no. 2/150, 2/5
[ Info: 48_30: layer 2/3, base field no. 2/150, 3/5
[ Info: 48_30: layer 2/3, base field no. 2/150, 4/5
[ Info: 48_30: layer 2/3, base field no. 2/150, 5/5
[ Info: 48_30: layer 2/3, base field no. 3/150, constructing abelian extensions
[ Info: 48_30: layer 2/3, base field no. 3/150, checking fields: 2
[ Info: 48_30: layer 2/3, base field no. 3/150, 1/2
[ Info: 48_30: layer 2/3, base field no. 3/150, 2/2
[ Info: 48_30: layer 2/3, base field no. 4/150, constructing abelian extensions
[ Info: 48_30: layer 2/3, base field no. 4/150, checking fields: 0
[ Info: 48_30: layer 2/3, base field no. 5/150, constructing abelian extensions
[ Info: 48_30: layer 2/3, base field no. 5/150, checking fields: 0
[ Info: 48_30: layer 2/3, base field no. 6/150, constructing abelian extensions
[ Info: 48_30: layer 2/3, base field no. 6/150, checking fields: 0
[ Info: 48_30: layer 2/3, base field no. 7/150, constructing abelian extensions
[ Info: 48_30: layer 2/3, base field no. 7/150, checking fields: 1
[ Info: 48_30: layer 2/3, base field no. 7/150, 1/1
[ Info: 48_30: layer 2/3, base field no. 8/150, constructing abelian extensions
[ Info: 48_30: layer 2/3, base field no. 8/150, checking fields: 0
[ Info: 48_30: layer 2/3, base field no. 9/150, constructing abelian extensions
[ Info: 48_30: layer 2/3, base field no. 9/150, checking fields: 3
[ Info: 48_30: layer 2/3, base field no. 9/150, 1/3
[ Info: 48_30: layer 2/3, base field no. 9/150, 2/3
[ Info: 48_30: layer 2/3, base field no. 9/150, 3/3
[ Info: 48_30: layer 2/3, base field no. 10/150, constructing abelian extensions
[ Info: 48_30: layer 2/3, base field no. 10/150, checking fields: 1
[ Info: 48_30: layer 2/3, base field no. 10/150, 1/1
[ Info: 48_30: layer 2/3, base field no. 11/150, constructing abelian extensions
[ Info: 48_30: layer 2/3, base field no. 11/150, checking fields: 0
[ Info: 48_30: layer 2/3, base field no. 12/150, constructing abelian extensions
[ Info: 48_30: layer 2/3, base field no. 12/150, checking fields: 0
[ Info: 48_30: layer 2/3, base field no. 13/150, constructing abelian extensions
[ Info: 48_30: layer 2/3, base field no. 13/150, checking fields: 0
[ Info: 48_30: layer 2/3, base field no. 14/150, constructing abelian extensions
[ Info: 48_30: layer 2/3, base field no. 14/150, checking fields: 5
[ Info: 48_30: layer 2/3, base field no. 14/150, 1/5
[ Info: 48_30: layer 2/3, base field no. 14/150, 2/5
[ Info: 48_30: layer 2/3, base field no. 14/150, 3/5
[ Info: 48_30: layer 2/3, base field no. 14/150, 4/5
[ Info: 48_30: layer 2/3, base field no. 14/150, 5/5
[ Info: 48_30: layer 2/3, base field no. 15/150, constructing abelian extensions
[ Info: 48_30: layer 2/3, base field no. 15/150, checking fields: 1
[ Info: 48_30: layer 2/3, base field no. 15/150, 1/1
[ Info: 48_30: layer 2/3, base field no. 16/150, constructing abelian extensions
[ Info: 48_30: layer 2/3, base field no. 16/150, checking fields: 0
[ Info: 48_30: layer 2/3, base field no. 17/150, constructing abelian extensions
[ Info: 48_30: layer 2/3, base field no. 17/150, checking fields: 0
[ Info: 48_30: layer 2/3, base field no. 18/150, constructing abelian extensions
[ Info: 48_30: layer 2/3, base field no. 18/150, checking fields: 0
[ Info: 48_30: layer 2/3, base field no. 19/150, constructing abelian extensions
[ Info: 48_30: layer 2/3, base field no. 19/150, checking fields: 4
[ Info: 48_30: layer 2/3, base field no. 19/150, 1/4
[ Info: 48_30: layer 2/3, base field no. 19/150, 2/4
[ Info: 48_30: layer 2/3, base field no. 19/150, 3/4
[ Info: 48_30: layer 2/3, base field no. 19/150, 4/4
[ Info: 48_30: layer 2/3, base field no. 20/150, constructing abelian extensions
[ Info: 48_30: layer 2/3, base field no. 20/150, checking fields: 0
[ Info: 48_30: layer 2/3, base field no. 21/150, constructing abelian extensions
[ Info: 48_30: layer 2/3, base field no. 21/150, checking fields: 0
[ Info: 48_30: layer 2/3, base field no. 22/150, constructing abelian extensions
[ Info: 48_30: layer 2/3, base field no. 22/150, checking fields: 0
[ Info: 48_30: layer 2/3, base field no. 23/150, constructing abelian extensions
[ Info: 48_30: layer 2/3, base field no. 23/150, checking fields: 0
[ Info: 48_30: layer 2/3, base field no. 24/150, constructing abelian extensions
[ Info: 48_30: layer 2/3, base field no. 24/150, checking fields: 0
[ Info: 48_30: layer 2/3, base field no. 25/150, constructing abelian extensions
[ Info: 48_30: layer 2/3, base field no. 25/150, checking fields: 0
[ Info: 48_30: layer 2/3, base field no. 26/150, constructing abelian extensions
[ Info: 48_30: layer 2/3, base field no. 26/150, checking fields: 0
[ Info: 48_30: layer 2/3, base field no. 27/150, constructing abelian extensions
[ Info: 48_30: layer 2/3, base field no. 27/150, checking fields: 0
[ Info: 48_30: layer 2/3, base field no. 28/150, constructing abelian extensions
[ Info: 48_30: layer 2/3, base field no. 28/150, checking fields: 0
[ Info: 48_30: layer 2/3, base field no. 29/150, constructing abelian extensions
[ Info: 48_30: layer 2/3, base field no. 29/150, checking fields: 0
[ Info: 48_30: layer 2/3, base field no. 30/150, constructing abelian extensions
[ Info: 48_30: layer 2/3, base field no. 30/150, checking fields: 3
[ Info: 48_30: layer 2/3, base field no. 30/150, 1/3
[ Info: 48_30: layer 2/3, base field no. 30/150, 2/3
[ Info: 48_30: layer 2/3, base field no. 30/150, 3/3
[ Info: 48_30: layer 2/3, base field no. 31/150, constructing abelian extensions
[ Info: 48_30: layer 2/3, base field no. 31/150, checking fields: 1
[ Info: 48_30: layer 2/3, base field no. 31/150, 1/1
[ Info: 48_30: layer 2/3, base field no. 32/150, constructing abelian extensions
[ Info: 48_30: layer 2/3, base field no. 32/150, checking fields: 0
[ Info: 48_30: layer 2/3, base field no. 33/150, constructing abelian extensions
[ Info: 48_30: layer 2/3, base field no. 33/150, checking fields: 1
[ Info: 48_30: layer 2/3, base field no. 33/150, 1/1
[ Info: 48_30: layer 2/3, base field no. 34/150, constructing abelian extensions
[ Info: 48_30: layer 2/3, base field no. 34/150, checking fields: 0
[ Info: 48_30: layer 2/3, base field no. 35/150, constructing abelian extensions
[ Info: 48_30: layer 2/3, base field no. 35/150, checking fields: 0
[ Info: 48_30: layer 2/3, base field no. 36/150, constructing abelian extensions
[ Info: 48_30: layer 2/3, base field no. 36/150, checking fields: 3
[ Info: 48_30: layer 2/3, base field no. 36/150, 1/3
[ Info: 48_30: layer 2/3, base field no. 36/150, 2/3
[ Info: 48_30: layer 2/3, base field no. 36/150, 3/3
[ Info: 48_30: layer 2/3, base field no. 37/150, constructing abelian extensions
[ Info: 48_30: layer 2/3, base field no. 37/150, checking fields: 0
[ Info: 48_30: layer 2/3, base field no. 38/150, constructing abelian extensions
[ Info: 48_30: layer 2/3, base field no. 38/150, checking fields: 0
[ Info: 48_30: layer 2/3, base field no. 39/150, constructing abelian extensions
[ Info: 48_30: layer 2/3, base field no. 39/150, checking fields: 0
[ Info: 48_30: layer 2/3, base field no. 40/150, constructing abelian extensions
[ Info: 48_30: layer 2/3, base field no. 40/150, checking fields: 0
[ Info: 48_30: layer 2/3, base field no. 41/150, constructing abelian extensions
[ Info: 48_30: layer 2/3, base field no. 41/150, checking fields: 0
[ Info: 48_30: layer 2/3, base field no. 42/150, constructing abelian extensions
[ Info: 48_30: layer 2/3, base field no. 42/150, checking fields: 0
[ Info: 48_30: layer 2/3, base field no. 43/150, constructing abelian extensions
[ Info: 48_30: layer 2/3, base field no. 43/150, checking fields: 0
[ Info: 48_30: layer 2/3, base field no. 44/150, constructing abelian extensions
[ Info: 48_30: layer 2/3, base field no. 44/150, checking fields: 0
[ Info: 48_30: layer 2/3, base field no. 45/150, constructing abelian extensions
[ Info: 48_30: layer 2/3, base field no. 45/150, checking fields: 0
[ Info: 48_30: layer 2/3, base field no. 46/150, constructing abelian extensions
[ Info: 48_30: layer 2/3, base field no. 46/150, checking fields: 0
[ Info: 48_30: layer 2/3, base field no. 47/150, constructing abelian extensions
[ Info: 48_30: layer 2/3, base field no. 47/150, checking fields: 0
[ Info: 48_30: layer 2/3, base field no. 48/150, constructing abelian extensions
[ Info: 48_30: layer 2/3, base field no. 48/150, checking fields: 0
[ Info: 48_30: layer 2/3, base field no. 49/150, constructing abelian extensions
[ Info: 48_30: layer 2/3, base field no. 49/150, checking fields: 2
[ Info: 48_30: layer 2/3, base field no. 49/150, 1/2
[ Info: 48_30: layer 2/3, base field no. 49/150, 2/2
[ Info: 48_30: layer 2/3, base field no. 50/150, constructing abelian extensions
[ Info: 48_30: layer 2/3, base field no. 50/150, checking fields: 0
[ Info: 48_30: layer 2/3, base field no. 51/150, constructing abelian extensions
[ Info: 48_30: layer 2/3, base field no. 51/150, checking fields: 0
[ Info: 48_30: layer 2/3, base field no. 52/150, constructing abelian extensions
[ Info: 48_30: layer 2/3, base field no. 52/150, checking fields: 0
[ Info: 48_30: layer 2/3, base field no. 53/150, constructing abelian extensions
[ Info: 48_30: layer 2/3, base field no. 53/150, checking fields: 0
[ Info: 48_30: layer 2/3, base field no. 54/150, constructing abelian extensions
[ Info: 48_30: layer 2/3, base field no. 54/150, checking fields: 1
[ Info: 48_30: layer 2/3, base field no. 54/150, 1/1
[ Info: 48_30: layer 2/3, base field no. 55/150, constructing abelian extensions
[ Info: 48_30: layer 2/3, base field no. 55/150, checking fields: 1
[ Info: 48_30: layer 2/3, base field no. 55/150, 1/1
[ Info: 48_30: layer 2/3, base field no. 56/150, constructing abelian extensions
[ Info: 48_30: layer 2/3, base field no. 56/150, checking fields: 0
[ Info: 48_30: layer 2/3, base field no. 57/150, constructing abelian extensions
[ Info: 48_30: layer 2/3, base field no. 57/150, checking fields: 1
[ Info: 48_30: layer 2/3, base field no. 57/150, 1/1
[ Info: 48_30: layer 2/3, base field no. 58/150, constructing abelian extensions
[ Info: 48_30: layer 2/3, base field no. 58/150, checking fields: 0
[ Info: 48_30: layer 2/3, base field no. 59/150, constructing abelian extensions
[ Info: 48_30: layer 2/3, base field no. 59/150, checking fields: 0
[ Info: 48_30: layer 2/3, base field no. 60/150, constructing abelian extensions
[ Info: 48_30: layer 2/3, base field no. 60/150, checking fields: 1
[ Info: 48_30: layer 2/3, base field no. 60/150, 1/1
[ Info: 48_30: layer 2/3, base field no. 61/150, constructing abelian extensions
[ Info: 48_30: layer 2/3, base field no. 61/150, checking fields: 0
[ Info: 48_30: layer 2/3, base field no. 62/150, constructing abelian extensions
[ Info: 48_30: layer 2/3, base field no. 62/150, checking fields: 0
[ Info: 48_30: layer 2/3, base field no. 63/150, constructing abelian extensions
[ Info: 48_30: layer 2/3, base field no. 63/150, checking fields: 0
[ Info: 48_30: layer 2/3, base field no. 64/150, constructing abelian extensions
[ Info: 48_30: layer 2/3, base field no. 64/150, checking fields: 0
[ Info: 48_30: layer 2/3, base field no. 65/150, constructing abelian extensions
[ Info: 48_30: layer 2/3, base field no. 65/150, checking fields: 0
[ Info: 48_30: layer 2/3, base field no. 66/150, constructing abelian extensions
[ Info: 48_30: layer 2/3, base field no. 66/150, checking fields: 2
[ Info: 48_30: layer 2/3, base field no. 66/150, 1/2
[ Info: 48_30: layer 2/3, base field no. 66/150, 2/2
[ Info: 48_30: layer 2/3, base field no. 67/150, constructing abelian extensions
[ Info: 48_30: layer 2/3, base field no. 67/150, checking fields: 1
[ Info: 48_30: layer 2/3, base field no. 67/150, 1/1
[ Info: 48_30: layer 2/3, base field no. 68/150, constructing abelian extensions
[ Info: 48_30: layer 2/3, base field no. 68/150, checking fields: 0
[ Info: 48_30: layer 2/3, base field no. 69/150, constructing abelian extensions
[ Info: 48_30: layer 2/3, base field no. 69/150, checking fields: 0
[ Info: 48_30: layer 2/3, base field no. 70/150, constructing abelian extensions
[ Info: 48_30: layer 2/3, base field no. 70/150, checking fields: 0
[ Info: 48_30: layer 2/3, base field no. 71/150, constructing abelian extensions
[ Info: 48_30: layer 2/3, base field no. 71/150, checking fields: 0
[ Info: 48_30: layer 2/3, base field no. 72/150, constructing abelian extensions
[ Info: 48_30: layer 2/3, base field no. 72/150, checking fields: 2
[ Info: 48_30: layer 2/3, base field no. 72/150, 1/2
[ Info: 48_30: layer 2/3, base field no. 72/150, 2/2
[ Info: 48_30: layer 2/3, base field no. 73/150, constructing abelian extensions
[ Info: 48_30: layer 2/3, base field no. 73/150, checking fields: 0
[ Info: 48_30: layer 2/3, base field no. 74/150, constructing abelian extensions
[ Info: 48_30: layer 2/3, base field no. 74/150, checking fields: 0
[ Info: 48_30: layer 2/3, base field no. 75/150, constructing abelian extensions
[ Info: 48_30: layer 2/3, base field no. 75/150, checking fields: 0
[ Info: 48_30: layer 2/3, base field no. 76/150, constructing abelian extensions
[ Info: 48_30: layer 2/3, base field no. 76/150, checking fields: 0
[ Info: 48_30: layer 2/3, base field no. 77/150, constructing abelian extensions
[ Info: 48_30: layer 2/3, base field no. 77/150, checking fields: 0
[ Info: 48_30: layer 2/3, base field no. 78/150, constructing abelian extensions
[ Info: 48_30: layer 2/3, base field no. 78/150, checking fields: 2
[ Info: 48_30: layer 2/3, base field no. 78/150, 1/2
[ Info: 48_30: layer 2/3, base field no. 78/150, 2/2
[ Info: 48_30: layer 2/3, base field no. 79/150, constructing abelian extensions
[ Info: 48_30: layer 2/3, base field no. 79/150, checking fields: 0
[ Info: 48_30: layer 2/3, base field no. 80/150, constructing abelian extensions
[ Info: 48_30: layer 2/3, base field no. 80/150, checking fields: 0
[ Info: 48_30: layer 2/3, base field no. 81/150, constructing abelian extensions
[ Info: 48_30: layer 2/3, base field no. 81/150, checking fields: 0
[ Info: 48_30: layer 2/3, base field no. 82/150, constructing abelian extensions
[ Info: 48_30: layer 2/3, base field no. 82/150, checking fields: 0
[ Info: 48_30: layer 2/3, base field no. 83/150, constructing abelian extensions
[ Info: 48_30: layer 2/3, base field no. 83/150, checking fields: 0
[ Info: 48_30: layer 2/3, base field no. 84/150, constructing abelian extensions
[ Info: 48_30: layer 2/3, base field no. 84/150, checking fields: 0
[ Info: 48_30: layer 2/3, base field no. 85/150, constructing abelian extensions
[ Info: 48_30: layer 2/3, base field no. 85/150, checking fields: 0
[ Info: 48_30: layer 2/3, base field no. 86/150, constructing abelian extensions
[ Info: 48_30: layer 2/3, base field no. 86/150, checking fields: 0
[ Info: 48_30: layer 2/3, base field no. 87/150, constructing abelian extensions
[ Info: 48_30: layer 2/3, base field no. 87/150, checking fields: 0
[ Info: 48_30: layer 2/3, base field no. 88/150, constructing abelian extensions
[ Info: 48_30: layer 2/3, base field no. 88/150, checking fields: 0
[ Info: 48_30: layer 2/3, base field no. 89/150, constructing abelian extensions
[ Info: 48_30: layer 2/3, base field no. 89/150, checking fields: 0
[ Info: 48_30: layer 2/3, base field no. 90/150, constructing abelian extensions
[ Info: 48_30: layer 2/3, base field no. 90/150, checking fields: 1
[ Info: 48_30: layer 2/3, base field no. 90/150, 1/1
[ Info: 48_30: layer 2/3, base field no. 91/150, constructing abelian extensions
[ Info: 48_30: layer 2/3, base field no. 91/150, checking fields: 1
[ Info: 48_30: layer 2/3, base field no. 91/150, 1/1
[ Info: 48_30: layer 2/3, base field no. 92/150, constructing abelian extensions
[ Info: 48_30: layer 2/3, base field no. 92/150, checking fields: 0
[ Info: 48_30: layer 2/3, base field no. 93/150, constructing abelian extensions
[ Info: 48_30: layer 2/3, base field no. 93/150, checking fields: 0
[ Info: 48_30: layer 2/3, base field no. 94/150, constructing abelian extensions
[ Info: 48_30: layer 2/3, base field no. 94/150, checking fields: 0
[ Info: 48_30: layer 2/3, base field no. 95/150, constructing abelian extensions
[ Info: 48_30: layer 2/3, base field no. 95/150, checking fields: 0
[ Info: 48_30: layer 2/3, base field no. 96/150, constructing abelian extensions
[ Info: 48_30: layer 2/3, base field no. 96/150, checking fields: 0
[ Info: 48_30: layer 2/3, base field no. 97/150, constructing abelian extensions
[ Info: 48_30: layer 2/3, base field no. 97/150, checking fields: 0
[ Info: 48_30: layer 2/3, base field no. 98/150, constructing abelian extensions
[ Info: 48_30: layer 2/3, base field no. 98/150, checking fields: 1
[ Info: 48_30: layer 2/3, base field no. 98/150, 1/1
[ Info: 48_30: layer 2/3, base field no. 99/150, constructing abelian extensions
[ Info: 48_30: layer 2/3, base field no. 99/150, checking fields: 0
[ Info: 48_30: layer 2/3, base field no. 100/150, constructing abelian extensions
[ Info: 48_30: layer 2/3, base field no. 100/150, checking fields: 0
[ Info: 48_30: layer 2/3, base field no. 101/150, constructing abelian extensions
[ Info: 48_30: layer 2/3, base field no. 101/150, checking fields: 0
[ Info: 48_30: layer 2/3, base field no. 102/150, constructing abelian extensions
[ Info: 48_30: layer 2/3, base field no. 102/150, checking fields: 0
[ Info: 48_30: layer 2/3, base field no. 103/150, constructing abelian extensions
[ Info: 48_30: layer 2/3, base field no. 103/150, checking fields: 0
[ Info: 48_30: layer 2/3, base field no. 104/150, constructing abelian extensions
[ Info: 48_30: layer 2/3, base field no. 104/150, checking fields: 0
[ Info: 48_30: layer 2/3, base field no. 105/150, constructing abelian extensions
[ Info: 48_30: layer 2/3, base field no. 105/150, checking fields: 0
[ Info: 48_30: layer 2/3, base field no. 106/150, constructing abelian extensions
[ Info: 48_30: layer 2/3, base field no. 106/150, checking fields: 1
[ Info: 48_30: layer 2/3, base field no. 106/150, 1/1
[ Info: 48_30: layer 2/3, base field no. 107/150, constructing abelian extensions
[ Info: 48_30: layer 2/3, base field no. 107/150, checking fields: 0
[ Info: 48_30: layer 2/3, base field no. 108/150, constructing abelian extensions
[ Info: 48_30: layer 2/3, base field no. 108/150, checking fields: 0
[ Info: 48_30: layer 2/3, base field no. 109/150, constructing abelian extensions
[ Info: 48_30: layer 2/3, base field no. 109/150, checking fields: 0
[ Info: 48_30: layer 2/3, base field no. 110/150, constructing abelian extensions
[ Info: 48_30: layer 2/3, base field no. 110/150, checking fields: 0
[ Info: 48_30: layer 2/3, base field no. 111/150, constructing abelian extensions
[ Info: 48_30: layer 2/3, base field no. 111/150, checking fields: 0
[ Info: 48_30: layer 2/3, base field no. 112/150, constructing abelian extensions
[ Info: 48_30: layer 2/3, base field no. 112/150, checking fields: 0
[ Info: 48_30: layer 2/3, base field no. 113/150, constructing abelian extensions
[ Info: 48_30: layer 2/3, base field no. 113/150, checking fields: 0
[ Info: 48_30: layer 2/3, base field no. 114/150, constructing abelian extensions
[ Info: 48_30: layer 2/3, base field no. 114/150, checking fields: 0
[ Info: 48_30: layer 2/3, base field no. 115/150, constructing abelian extensions
[ Info: 48_30: layer 2/3, base field no. 115/150, checking fields: 0
[ Info: 48_30: layer 2/3, base field no. 116/150, constructing abelian extensions
[ Info: 48_30: layer 2/3, base field no. 116/150, checking fields: 0
[ Info: 48_30: layer 2/3, base field no. 117/150, constructing abelian extensions
[ Info: 48_30: layer 2/3, base field no. 117/150, checking fields: 0
[ Info: 48_30: layer 2/3, base field no. 118/150, constructing abelian extensions
[ Info: 48_30: layer 2/3, base field no. 118/150, checking fields: 0
[ Info: 48_30: layer 2/3, base field no. 119/150, constructing abelian extensions
[ Info: 48_30: layer 2/3, base field no. 119/150, checking fields: 0
[ Info: 48_30: layer 2/3, base field no. 120/150, constructing abelian extensions
[ Info: 48_30: layer 2/3, base field no. 120/150, checking fields: 0
[ Info: 48_30: layer 2/3, base field no. 121/150, constructing abelian extensions
[ Info: 48_30: layer 2/3, base field no. 121/150, checking fields: 0
[ Info: 48_30: layer 2/3, base field no. 122/150, constructing abelian extensions
[ Info: 48_30: layer 2/3, base field no. 122/150, checking fields: 0
[ Info: 48_30: layer 2/3, base field no. 123/150, constructing abelian extensions
[ Info: 48_30: layer 2/3, base field no. 123/150, checking fields: 0
[ Info: 48_30: layer 2/3, base field no. 124/150, constructing abelian extensions
[ Info: 48_30: layer 2/3, base field no. 124/150, checking fields: 0
[ Info: 48_30: layer 2/3, base field no. 125/150, constructing abelian extensions
[ Info: 48_30: layer 2/3, base field no. 125/150, checking fields: 0
[ Info: 48_30: layer 2/3, base field no. 126/150, constructing abelian extensions
[ Info: 48_30: layer 2/3, base field no. 126/150, checking fields: 0
[ Info: 48_30: layer 2/3, base field no. 127/150, constructing abelian extensions
[ Info: 48_30: layer 2/3, base field no. 127/150, checking fields: 0
[ Info: 48_30: layer 2/3, base field no. 128/150, constructing abelian extensions
[ Info: 48_30: layer 2/3, base field no. 128/150, checking fields: 0
[ Info: 48_30: layer 2/3, base field no. 129/150, constructing abelian extensions
[ Info: 48_30: layer 2/3, base field no. 129/150, checking fields: 0
[ Info: 48_30: layer 2/3, base field no. 130/150, constructing abelian extensions
[ Info: 48_30: layer 2/3, base field no. 130/150, checking fields: 0
[ Info: 48_30: layer 2/3, base field no. 131/150, constructing abelian extensions
[ Info: 48_30: layer 2/3, base field no. 131/150, checking fields: 0
[ Info: 48_30: layer 2/3, base field no. 132/150, constructing abelian extensions
[ Info: 48_30: layer 2/3, base field no. 132/150, checking fields: 0
[ Info: 48_30: layer 2/3, base field no. 133/150, constructing abelian extensions
[ Info: 48_30: layer 2/3, base field no. 133/150, checking fields: 0
[ Info: 48_30: layer 2/3, base field no. 134/150, constructing abelian extensions
[ Info: 48_30: layer 2/3, base field no. 134/150, checking fields: 0
[ Info: 48_30: layer 2/3, base field no. 135/150, constructing abelian extensions
[ Info: 48_30: layer 2/3, base field no. 135/150, checking fields: 0
[ Info: 48_30: layer 2/3, base field no. 136/150, constructing abelian extensions
[ Info: 48_30: layer 2/3, base field no. 136/150, checking fields: 0
[ Info: 48_30: layer 2/3, base field no. 137/150, constructing abelian extensions
[ Info: 48_30: layer 2/3, base field no. 137/150, checking fields: 0
[ Info: 48_30: layer 2/3, base field no. 138/150, constructing abelian extensions
[ Info: 48_30: layer 2/3, base field no. 138/150, checking fields: 0
[ Info: 48_30: layer 2/3, base field no. 139/150, constructing abelian extensions
[ Info: 48_30: layer 2/3, base field no. 139/150, checking fields: 0
[ Info: 48_30: layer 2/3, base field no. 140/150, constructing abelian extensions
[ Info: 48_30: layer 2/3, base field no. 140/150, checking fields: 0
[ Info: 48_30: layer 2/3, base field no. 141/150, constructing abelian extensions
[ Info: 48_30: layer 2/3, base field no. 141/150, checking fields: 0
[ Info: 48_30: layer 2/3, base field no. 142/150, constructing abelian extensions
[ Info: 48_30: layer 2/3, base field no. 142/150, checking fields: 0
[ Info: 48_30: layer 2/3, base field no. 143/150, constructing abelian extensions
[ Info: 48_30: layer 2/3, base field no. 143/150, checking fields: 0
[ Info: 48_30: layer 2/3, base field no. 144/150, constructing abelian extensions
[ Info: 48_30: layer 2/3, base field no. 144/150, checking fields: 0
[ Info: 48_30: layer 2/3, base field no. 145/150, constructing abelian extensions
[ Info: 48_30: layer 2/3, base field no. 145/150, checking fields: 0
[ Info: 48_30: layer 2/3, base field no. 146/150, constructing abelian extensions
[ Info: 48_30: layer 2/3, base field no. 146/150, checking fields: 0
[ Info: 48_30: layer 2/3, base field no. 147/150, constructing abelian extensions
[ Info: 48_30: layer 2/3, base field no. 147/150, checking fields: 0
[ Info: 48_30: layer 2/3, base field no. 148/150, constructing abelian extensions
[ Info: 48_30: layer 2/3, base field no. 148/150, checking fields: 0
[ Info: 48_30: layer 2/3, base field no. 149/150, constructing abelian extensions
[ Info: 48_30: layer 2/3, base field no. 149/150, checking fields: 0
[ Info: 48_30: layer 2/3, base field no. 150/150, constructing abelian extensions
[ Info: 48_30: layer 2/3, base field no. 150/150, checking fields: 4
[ Info: 48_30: layer 2/3, base field no. 150/150, 1/4
[ Info: 48_30: layer 2/3, base field no. 150/150, 2/4
[ Info: 48_30: layer 2/3, base field no. 150/150, 3/4
[ Info: 48_30: layer 2/3, base field no. 150/150, 4/4
[ Info: 48_30: layer 3/3, base field no. 1/7, constructing abelian extensions
[ Info: 48_30: layer 3/3, base field no. 1/7, checking fields: 0
[ Info: 48_30: layer 3/3, base field no. 2/7, constructing abelian extensions
[ Info: 48_30: layer 3/3, base field no. 2/7, checking fields: 0
[ Info: 48_30: layer 3/3, base field no. 3/7, constructing abelian extensions
[ Info: 48_30: layer 3/3, base field no. 3/7, checking fields: 0
[ Info: 48_30: layer 3/3, base field no. 4/7, constructing abelian extensions
[ Info: 48_30: layer 3/3, base field no. 4/7, checking fields: 0
[ Info: 48_30: layer 3/3, base field no. 5/7, constructing abelian extensions
[ Info: 48_30: layer 3/3, base field no. 5/7, checking fields: 0
[ Info: 48_30: layer 3/3, base field no. 6/7, constructing abelian extensions
[ Info: 48_30: layer 3/3, base field no. 6/7, checking fields: 0
[ Info: 48_30: layer 3/3, base field no. 7/7, constructing abelian extensions
[ Info: 48_30: layer 3/3, base field no. 7/7, checking fields: 0
 63.667144 seconds (262.09 M allocations: 13.380 GiB, 16.23% gc time, 31.89% compilation time: 1% of which was recompilation)
