[ Info: 64_196: File for first layer exists [2, 2, 2, 4], 1000000000000000000033242152759321825093719625880829952; loading ...
[ Info: 64_196: layer 2/2, base field no. 1/1, constructing abelian extensions
[ Info: 64_196: layer 2/2, base field no. 1/1, checking fields: 59
[ Info: 64_196: layer 2/2, base field no. 1/1, 1/59
[ Info: 64_196: layer 2/2, base field no. 1/1, 2/59
[ Info: 64_196: layer 2/2, base field no. 1/1, 3/59
[ Info: 64_196: layer 2/2, base field no. 1/1, 4/59
[ Info: 64_196: layer 2/2, base field no. 1/1, 5/59
[ Info: 64_196: layer 2/2, base field no. 1/1, 6/59
[ Info: 64_196: layer 2/2, base field no. 1/1, 7/59
[ Info: 64_196: layer 2/2, base field no. 1/1, 8/59
[ Info: 64_196: layer 2/2, base field no. 1/1, 9/59
[ Info: 64_196: layer 2/2, base field no. 1/1, 10/59
[ Info: 64_196: layer 2/2, base field no. 1/1, 11/59
[ Info: 64_196: layer 2/2, base field no. 1/1, 12/59
[ Info: 64_196: layer 2/2, base field no. 1/1, 13/59
[ Info: 64_196: layer 2/2, base field no. 1/1, 14/59
[ Info: 64_196: layer 2/2, base field no. 1/1, 15/59
[ Info: 64_196: layer 2/2, base field no. 1/1, 16/59
[ Info: 64_196: layer 2/2, base field no. 1/1, 17/59
[ Info: 64_196: layer 2/2, base field no. 1/1, 18/59
[ Info: 64_196: layer 2/2, base field no. 1/1, 19/59
[ Info: 64_196: layer 2/2, base field no. 1/1, 20/59
[ Info: 64_196: layer 2/2, base field no. 1/1, 21/59
[ Info: 64_196: layer 2/2, base field no. 1/1, 22/59
[ Info: 64_196: layer 2/2, base field no. 1/1, 23/59
[ Info: 64_196: layer 2/2, base field no. 1/1, 24/59
[ Info: 64_196: layer 2/2, base field no. 1/1, 25/59
[ Info: 64_196: layer 2/2, base field no. 1/1, 26/59
[ Info: 64_196: layer 2/2, base field no. 1/1, 27/59
[ Info: 64_196: layer 2/2, base field no. 1/1, 28/59
[ Info: 64_196: layer 2/2, base field no. 1/1, 29/59
[ Info: 64_196: layer 2/2, base field no. 1/1, 30/59
[ Info: 64_196: layer 2/2, base field no. 1/1, 31/59
[ Info: 64_196: layer 2/2, base field no. 1/1, 32/59
[ Info: 64_196: layer 2/2, base field no. 1/1, 33/59
[ Info: 64_196: layer 2/2, base field no. 1/1, 34/59
[ Info: 64_196: layer 2/2, base field no. 1/1, 35/59
[ Info: 64_196: layer 2/2, base field no. 1/1, 36/59
[ Info: 64_196: layer 2/2, base field no. 1/1, 37/59
[ Info: 64_196: layer 2/2, base field no. 1/1, 38/59
[ Info: 64_196: layer 2/2, base field no. 1/1, 39/59
[ Info: 64_196: layer 2/2, base field no. 1/1, 40/59
[ Info: 64_196: layer 2/2, base field no. 1/1, 41/59
[ Info: 64_196: layer 2/2, base field no. 1/1, 42/59
[ Info: 64_196: layer 2/2, base field no. 1/1, 43/59
[ Info: 64_196: layer 2/2, base field no. 1/1, 44/59
[ Info: 64_196: layer 2/2, base field no. 1/1, 45/59
[ Info: 64_196: layer 2/2, base field no. 1/1, 46/59
[ Info: 64_196: layer 2/2, base field no. 1/1, 47/59
[ Info: 64_196: layer 2/2, base field no. 1/1, 48/59
[ Info: 64_196: layer 2/2, base field no. 1/1, 49/59
[ Info: 64_196: layer 2/2, base field no. 1/1, 50/59
[ Info: 64_196: layer 2/2, base field no. 1/1, 51/59
[ Info: 64_196: layer 2/2, base field no. 1/1, 52/59
[ Info: 64_196: layer 2/2, base field no. 1/1, 53/59
[ Info: 64_196: layer 2/2, base field no. 1/1, 54/59
[ Info: 64_196: layer 2/2, base field no. 1/1, 55/59
[ Info: 64_196: layer 2/2, base field no. 1/1, 56/59
[ Info: 64_196: layer 2/2, base field no. 1/1, 57/59
[ Info: 64_196: layer 2/2, base field no. 1/1, 58/59
[ Info: 64_196: layer 2/2, base field no. 1/1, 59/59
2609.328243 seconds (23.53 G allocations: 1.499 TiB, 10.92% gc time, 0.41% compilation time: 2% of which was recompilation)
