[ Info: 72_49: File for first layer does not exist; computing [2, 2, 2]...
[ Info: 72_49: Discriminant bound: 27825594022072
[ Info: 72_49: Computing simplified defining polynomials for fields and sieving bad CM-fields
[ Info: 72_49: 1/1103
[ Info: 72_49: 2/1103
[ Info: 72_49: 3/1103
[ Info: 72_49: 4/1103
[ Info: 72_49: 5/1103
[ Info: 72_49: 6/1103
[ Info: 72_49: 7/1103
[ Info: 72_49: 8/1103
[ Info: 72_49: 9/1103
[ Info: 72_49: 10/1103
[ Info: 72_49: 11/1103
[ Info: 72_49: 12/1103
[ Info: 72_49: 13/1103
[ Info: 72_49: 14/1103
[ Info: 72_49: 15/1103
[ Info: 72_49: 16/1103
[ Info: 72_49: 17/1103
[ Info: 72_49: 18/1103
[ Info: 72_49: 19/1103
[ Info: 72_49: 20/1103
[ Info: 72_49: 21/1103
[ Info: 72_49: 22/1103
[ Info: 72_49: 23/1103
[ Info: 72_49: 24/1103
[ Info: 72_49: 25/1103
[ Info: 72_49: 26/1103
[ Info: 72_49: 27/1103
[ Info: 72_49: 28/1103
[ Info: 72_49: 29/1103
[ Info: 72_49: 30/1103
[ Info: 72_49: 31/1103
[ Info: 72_49: 32/1103
[ Info: 72_49: 33/1103
[ Info: 72_49: 34/1103
[ Info: 72_49: 35/1103
[ Info: 72_49: 36/1103
[ Info: 72_49: 37/1103
[ Info: 72_49: 38/1103
[ Info: 72_49: 39/1103
[ Info: 72_49: 40/1103
[ Info: 72_49: 41/1103
[ Info: 72_49: 42/1103
[ Info: 72_49: 43/1103
[ Info: 72_49: 44/1103
[ Info: 72_49: 45/1103
[ Info: 72_49: 46/1103
[ Info: 72_49: 47/1103
[ Info: 72_49: 48/1103
[ Info: 72_49: 49/1103
[ Info: 72_49: 50/1103
[ Info: 72_49: 51/1103
[ Info: 72_49: 52/1103
[ Info: 72_49: 53/1103
[ Info: 72_49: 54/1103
[ Info: 72_49: 55/1103
[ Info: 72_49: 56/1103
[ Info: 72_49: 57/1103
[ Info: 72_49: 58/1103
[ Info: 72_49: 59/1103
[ Info: 72_49: 60/1103
[ Info: 72_49: 61/1103
[ Info: 72_49: 62/1103
[ Info: 72_49: 63/1103
[ Info: 72_49: 64/1103
[ Info: 72_49: 65/1103
[ Info: 72_49: 66/1103
[ Info: 72_49: 67/1103
[ Info: 72_49: 68/1103
[ Info: 72_49: 69/1103
[ Info: 72_49: 70/1103
[ Info: 72_49: 71/1103
[ Info: 72_49: 72/1103
[ Info: 72_49: 73/1103
[ Info: 72_49: 74/1103
[ Info: 72_49: 75/1103
[ Info: 72_49: 76/1103
[ Info: 72_49: 77/1103
[ Info: 72_49: 78/1103
[ Info: 72_49: 79/1103
[ Info: 72_49: 80/1103
[ Info: 72_49: 81/1103
[ Info: 72_49: 82/1103
[ Info: 72_49: 83/1103
[ Info: 72_49: 84/1103
[ Info: 72_49: 85/1103
[ Info: 72_49: 86/1103
[ Info: 72_49: 87/1103
[ Info: 72_49: 88/1103
[ Info: 72_49: 89/1103
[ Info: 72_49: 90/1103
[ Info: 72_49: 91/1103
[ Info: 72_49: 92/1103
[ Info: 72_49: 93/1103
[ Info: 72_49: 94/1103
[ Info: 72_49: 95/1103
[ Info: 72_49: 96/1103
[ Info: 72_49: 97/1103
[ Info: 72_49: 98/1103
[ Info: 72_49: 99/1103
[ Info: 72_49: 100/1103
[ Info: 72_49: 101/1103
[ Info: 72_49: 102/1103
[ Info: 72_49: 103/1103
[ Info: 72_49: 104/1103
[ Info: 72_49: 105/1103
[ Info: 72_49: 106/1103
[ Info: 72_49: 107/1103
[ Info: 72_49: 108/1103
[ Info: 72_49: 109/1103
[ Info: 72_49: 110/1103
[ Info: 72_49: 111/1103
[ Info: 72_49: 112/1103
[ Info: 72_49: 113/1103
[ Info: 72_49: 114/1103
[ Info: 72_49: 115/1103
[ Info: 72_49: 116/1103
[ Info: 72_49: 117/1103
[ Info: 72_49: 118/1103
[ Info: 72_49: 119/1103
[ Info: 72_49: 120/1103
[ Info: 72_49: 121/1103
[ Info: 72_49: 122/1103
[ Info: 72_49: 123/1103
[ Info: 72_49: 124/1103
[ Info: 72_49: 125/1103
[ Info: 72_49: 126/1103
[ Info: 72_49: 127/1103
[ Info: 72_49: 128/1103
[ Info: 72_49: 129/1103
[ Info: 72_49: 130/1103
[ Info: 72_49: 131/1103
[ Info: 72_49: 132/1103
[ Info: 72_49: 133/1103
[ Info: 72_49: 134/1103
[ Info: 72_49: 135/1103
[ Info: 72_49: 136/1103
[ Info: 72_49: 137/1103
[ Info: 72_49: 138/1103
[ Info: 72_49: 139/1103
[ Info: 72_49: 140/1103
[ Info: 72_49: 141/1103
[ Info: 72_49: 142/1103
[ Info: 72_49: 143/1103
[ Info: 72_49: 144/1103
[ Info: 72_49: 145/1103
[ Info: 72_49: 146/1103
[ Info: 72_49: 147/1103
[ Info: 72_49: 148/1103
[ Info: 72_49: 149/1103
[ Info: 72_49: 150/1103
[ Info: 72_49: 151/1103
[ Info: 72_49: 152/1103
[ Info: 72_49: 153/1103
[ Info: 72_49: 154/1103
[ Info: 72_49: 155/1103
[ Info: 72_49: 156/1103
[ Info: 72_49: 157/1103
[ Info: 72_49: 158/1103
[ Info: 72_49: 159/1103
[ Info: 72_49: 160/1103
[ Info: 72_49: 161/1103
[ Info: 72_49: 162/1103
[ Info: 72_49: 163/1103
[ Info: 72_49: 164/1103
[ Info: 72_49: 165/1103
[ Info: 72_49: 166/1103
[ Info: 72_49: 167/1103
[ Info: 72_49: 168/1103
[ Info: 72_49: 169/1103
[ Info: 72_49: 170/1103
[ Info: 72_49: 171/1103
[ Info: 72_49: 172/1103
[ Info: 72_49: 173/1103
[ Info: 72_49: 174/1103
[ Info: 72_49: 175/1103
[ Info: 72_49: 176/1103
[ Info: 72_49: 177/1103
[ Info: 72_49: 178/1103
[ Info: 72_49: 179/1103
[ Info: 72_49: 180/1103
[ Info: 72_49: 181/1103
[ Info: 72_49: 182/1103
[ Info: 72_49: 183/1103
[ Info: 72_49: 184/1103
[ Info: 72_49: 185/1103
[ Info: 72_49: 186/1103
[ Info: 72_49: 187/1103
[ Info: 72_49: 188/1103
[ Info: 72_49: 189/1103
[ Info: 72_49: 190/1103
[ Info: 72_49: 191/1103
[ Info: 72_49: 192/1103
[ Info: 72_49: 193/1103
[ Info: 72_49: 194/1103
[ Info: 72_49: 195/1103
[ Info: 72_49: 196/1103
[ Info: 72_49: 197/1103
[ Info: 72_49: 198/1103
[ Info: 72_49: 199/1103
[ Info: 72_49: 200/1103
[ Info: 72_49: 201/1103
[ Info: 72_49: 202/1103
[ Info: 72_49: 203/1103
[ Info: 72_49: 204/1103
[ Info: 72_49: 205/1103
[ Info: 72_49: 206/1103
[ Info: 72_49: 207/1103
[ Info: 72_49: 208/1103
[ Info: 72_49: 209/1103
[ Info: 72_49: 210/1103
[ Info: 72_49: 211/1103
[ Info: 72_49: 212/1103
[ Info: 72_49: 213/1103
[ Info: 72_49: 214/1103
[ Info: 72_49: 215/1103
[ Info: 72_49: 216/1103
[ Info: 72_49: 217/1103
[ Info: 72_49: 218/1103
[ Info: 72_49: 219/1103
[ Info: 72_49: 220/1103
[ Info: 72_49: 221/1103
[ Info: 72_49: 222/1103
[ Info: 72_49: 223/1103
[ Info: 72_49: 224/1103
[ Info: 72_49: 225/1103
[ Info: 72_49: 226/1103
[ Info: 72_49: 227/1103
[ Info: 72_49: 228/1103
[ Info: 72_49: 229/1103
[ Info: 72_49: 230/1103
[ Info: 72_49: 231/1103
[ Info: 72_49: 232/1103
[ Info: 72_49: 233/1103
[ Info: 72_49: 234/1103
[ Info: 72_49: 235/1103
[ Info: 72_49: 236/1103
[ Info: 72_49: 237/1103
[ Info: 72_49: 238/1103
[ Info: 72_49: 239/1103
[ Info: 72_49: 240/1103
[ Info: 72_49: 241/1103
[ Info: 72_49: 242/1103
[ Info: 72_49: 243/1103
[ Info: 72_49: 244/1103
[ Info: 72_49: 245/1103
[ Info: 72_49: 246/1103
[ Info: 72_49: 247/1103
[ Info: 72_49: 248/1103
[ Info: 72_49: 249/1103
[ Info: 72_49: 250/1103
[ Info: 72_49: 251/1103
[ Info: 72_49: 252/1103
[ Info: 72_49: 253/1103
[ Info: 72_49: 254/1103
[ Info: 72_49: 255/1103
[ Info: 72_49: 256/1103
[ Info: 72_49: 257/1103
[ Info: 72_49: 258/1103
[ Info: 72_49: 259/1103
[ Info: 72_49: 260/1103
[ Info: 72_49: 261/1103
[ Info: 72_49: 262/1103
[ Info: 72_49: 263/1103
[ Info: 72_49: 264/1103
[ Info: 72_49: 265/1103
[ Info: 72_49: 266/1103
[ Info: 72_49: 267/1103
[ Info: 72_49: 268/1103
[ Info: 72_49: 269/1103
[ Info: 72_49: 270/1103
[ Info: 72_49: 271/1103
[ Info: 72_49: 272/1103
[ Info: 72_49: 273/1103
[ Info: 72_49: 274/1103
[ Info: 72_49: 275/1103
[ Info: 72_49: 276/1103
[ Info: 72_49: 277/1103
[ Info: 72_49: 278/1103
[ Info: 72_49: 279/1103
[ Info: 72_49: 280/1103
[ Info: 72_49: 281/1103
[ Info: 72_49: 282/1103
[ Info: 72_49: 283/1103
[ Info: 72_49: 284/1103
[ Info: 72_49: 285/1103
[ Info: 72_49: 286/1103
[ Info: 72_49: 287/1103
[ Info: 72_49: 288/1103
[ Info: 72_49: 289/1103
[ Info: 72_49: 290/1103
[ Info: 72_49: 291/1103
[ Info: 72_49: 292/1103
[ Info: 72_49: 293/1103
[ Info: 72_49: 294/1103
[ Info: 72_49: 295/1103
[ Info: 72_49: 296/1103
[ Info: 72_49: 297/1103
[ Info: 72_49: 298/1103
[ Info: 72_49: 299/1103
[ Info: 72_49: 300/1103
[ Info: 72_49: 301/1103
[ Info: 72_49: 302/1103
[ Info: 72_49: 303/1103
[ Info: 72_49: 304/1103
[ Info: 72_49: 305/1103
[ Info: 72_49: 306/1103
[ Info: 72_49: 307/1103
[ Info: 72_49: 308/1103
[ Info: 72_49: 309/1103
[ Info: 72_49: 310/1103
[ Info: 72_49: 311/1103
[ Info: 72_49: 312/1103
[ Info: 72_49: 313/1103
[ Info: 72_49: 314/1103
[ Info: 72_49: 315/1103
[ Info: 72_49: 316/1103
[ Info: 72_49: 317/1103
[ Info: 72_49: 318/1103
[ Info: 72_49: 319/1103
[ Info: 72_49: 320/1103
[ Info: 72_49: 321/1103
[ Info: 72_49: 322/1103
[ Info: 72_49: 323/1103
[ Info: 72_49: 324/1103
[ Info: 72_49: 325/1103
[ Info: 72_49: 326/1103
[ Info: 72_49: 327/1103
[ Info: 72_49: 328/1103
[ Info: 72_49: 329/1103
[ Info: 72_49: 330/1103
[ Info: 72_49: 331/1103
[ Info: 72_49: 332/1103
[ Info: 72_49: 333/1103
[ Info: 72_49: 334/1103
[ Info: 72_49: 335/1103
[ Info: 72_49: 336/1103
[ Info: 72_49: 337/1103
[ Info: 72_49: 338/1103
[ Info: 72_49: 339/1103
[ Info: 72_49: 340/1103
[ Info: 72_49: 341/1103
[ Info: 72_49: 342/1103
[ Info: 72_49: 343/1103
[ Info: 72_49: 344/1103
[ Info: 72_49: 345/1103
[ Info: 72_49: 346/1103
[ Info: 72_49: 347/1103
[ Info: 72_49: 348/1103
[ Info: 72_49: 349/1103
[ Info: 72_49: 350/1103
[ Info: 72_49: 351/1103
[ Info: 72_49: 352/1103
[ Info: 72_49: 353/1103
[ Info: 72_49: 354/1103
[ Info: 72_49: 355/1103
[ Info: 72_49: 356/1103
[ Info: 72_49: 357/1103
[ Info: 72_49: 358/1103
[ Info: 72_49: 359/1103
[ Info: 72_49: 360/1103
[ Info: 72_49: 361/1103
[ Info: 72_49: 362/1103
[ Info: 72_49: 363/1103
[ Info: 72_49: 364/1103
[ Info: 72_49: 365/1103
[ Info: 72_49: 366/1103
[ Info: 72_49: 367/1103
[ Info: 72_49: 368/1103
[ Info: 72_49: 369/1103
[ Info: 72_49: 370/1103
[ Info: 72_49: 371/1103
[ Info: 72_49: 372/1103
[ Info: 72_49: 373/1103
[ Info: 72_49: 374/1103
[ Info: 72_49: 375/1103
[ Info: 72_49: 376/1103
[ Info: 72_49: 377/1103
[ Info: 72_49: 378/1103
[ Info: 72_49: 379/1103
[ Info: 72_49: 380/1103
[ Info: 72_49: 381/1103
[ Info: 72_49: 382/1103
[ Info: 72_49: 383/1103
[ Info: 72_49: 384/1103
[ Info: 72_49: 385/1103
[ Info: 72_49: 386/1103
[ Info: 72_49: 387/1103
[ Info: 72_49: 388/1103
[ Info: 72_49: 389/1103
[ Info: 72_49: 390/1103
[ Info: 72_49: 391/1103
[ Info: 72_49: 392/1103
[ Info: 72_49: 393/1103
[ Info: 72_49: 394/1103
[ Info: 72_49: 395/1103
[ Info: 72_49: 396/1103
[ Info: 72_49: 397/1103
[ Info: 72_49: 398/1103
[ Info: 72_49: 399/1103
[ Info: 72_49: 400/1103
[ Info: 72_49: 401/1103
[ Info: 72_49: 402/1103
[ Info: 72_49: 403/1103
[ Info: 72_49: 404/1103
[ Info: 72_49: 405/1103
[ Info: 72_49: 406/1103
[ Info: 72_49: 407/1103
[ Info: 72_49: 408/1103
[ Info: 72_49: 409/1103
[ Info: 72_49: 410/1103
[ Info: 72_49: 411/1103
[ Info: 72_49: 412/1103
[ Info: 72_49: 413/1103
[ Info: 72_49: 414/1103
[ Info: 72_49: 415/1103
[ Info: 72_49: 416/1103
[ Info: 72_49: 417/1103
[ Info: 72_49: 418/1103
[ Info: 72_49: 419/1103
[ Info: 72_49: 420/1103
[ Info: 72_49: 421/1103
[ Info: 72_49: 422/1103
[ Info: 72_49: 423/1103
[ Info: 72_49: 424/1103
[ Info: 72_49: 425/1103
[ Info: 72_49: 426/1103
[ Info: 72_49: 427/1103
[ Info: 72_49: 428/1103
[ Info: 72_49: 429/1103
[ Info: 72_49: 430/1103
[ Info: 72_49: 431/1103
[ Info: 72_49: 432/1103
[ Info: 72_49: 433/1103
[ Info: 72_49: 434/1103
[ Info: 72_49: 435/1103
[ Info: 72_49: 436/1103
[ Info: 72_49: 437/1103
[ Info: 72_49: 438/1103
[ Info: 72_49: 439/1103
[ Info: 72_49: 440/1103
[ Info: 72_49: 441/1103
[ Info: 72_49: 442/1103
[ Info: 72_49: 443/1103
[ Info: 72_49: 444/1103
[ Info: 72_49: 445/1103
[ Info: 72_49: 446/1103
[ Info: 72_49: 447/1103
[ Info: 72_49: 448/1103
[ Info: 72_49: 449/1103
[ Info: 72_49: 450/1103
[ Info: 72_49: 451/1103
[ Info: 72_49: 452/1103
[ Info: 72_49: 453/1103
[ Info: 72_49: 454/1103
[ Info: 72_49: 455/1103
[ Info: 72_49: 456/1103
[ Info: 72_49: 457/1103
[ Info: 72_49: 458/1103
[ Info: 72_49: 459/1103
[ Info: 72_49: 460/1103
[ Info: 72_49: 461/1103
[ Info: 72_49: 462/1103
[ Info: 72_49: 463/1103
[ Info: 72_49: 464/1103
[ Info: 72_49: 465/1103
[ Info: 72_49: 466/1103
[ Info: 72_49: 467/1103
[ Info: 72_49: 468/1103
[ Info: 72_49: 469/1103
[ Info: 72_49: 470/1103
[ Info: 72_49: 471/1103
[ Info: 72_49: 472/1103
[ Info: 72_49: 473/1103
[ Info: 72_49: 474/1103
[ Info: 72_49: 475/1103
[ Info: 72_49: 476/1103
[ Info: 72_49: 477/1103
[ Info: 72_49: 478/1103
[ Info: 72_49: 479/1103
[ Info: 72_49: 480/1103
[ Info: 72_49: 481/1103
[ Info: 72_49: 482/1103
[ Info: 72_49: 483/1103
[ Info: 72_49: 484/1103
[ Info: 72_49: 485/1103
[ Info: 72_49: 486/1103
[ Info: 72_49: 487/1103
[ Info: 72_49: 488/1103
[ Info: 72_49: 489/1103
[ Info: 72_49: 490/1103
[ Info: 72_49: 491/1103
[ Info: 72_49: 492/1103
[ Info: 72_49: 493/1103
[ Info: 72_49: 494/1103
[ Info: 72_49: 495/1103
[ Info: 72_49: 496/1103
[ Info: 72_49: 497/1103
[ Info: 72_49: 498/1103
[ Info: 72_49: 499/1103
[ Info: 72_49: 500/1103
[ Info: 72_49: 501/1103
[ Info: 72_49: 502/1103
[ Info: 72_49: 503/1103
[ Info: 72_49: 504/1103
[ Info: 72_49: 505/1103
[ Info: 72_49: 506/1103
[ Info: 72_49: 507/1103
[ Info: 72_49: 508/1103
[ Info: 72_49: 509/1103
[ Info: 72_49: 510/1103
[ Info: 72_49: 511/1103
[ Info: 72_49: 512/1103
[ Info: 72_49: 513/1103
[ Info: 72_49: 514/1103
[ Info: 72_49: 515/1103
[ Info: 72_49: 516/1103
[ Info: 72_49: 517/1103
[ Info: 72_49: 518/1103
[ Info: 72_49: 519/1103
[ Info: 72_49: 520/1103
[ Info: 72_49: 521/1103
[ Info: 72_49: 522/1103
[ Info: 72_49: 523/1103
[ Info: 72_49: 524/1103
[ Info: 72_49: 525/1103
[ Info: 72_49: 526/1103
[ Info: 72_49: 527/1103
[ Info: 72_49: 528/1103
[ Info: 72_49: 529/1103
[ Info: 72_49: 530/1103
[ Info: 72_49: 531/1103
[ Info: 72_49: 532/1103
[ Info: 72_49: 533/1103
[ Info: 72_49: 534/1103
[ Info: 72_49: 535/1103
[ Info: 72_49: 536/1103
[ Info: 72_49: 537/1103
[ Info: 72_49: 538/1103
[ Info: 72_49: 539/1103
[ Info: 72_49: 540/1103
[ Info: 72_49: 541/1103
[ Info: 72_49: 542/1103
[ Info: 72_49: 543/1103
[ Info: 72_49: 544/1103
[ Info: 72_49: 545/1103
[ Info: 72_49: 546/1103
[ Info: 72_49: 547/1103
[ Info: 72_49: 548/1103
[ Info: 72_49: 549/1103
[ Info: 72_49: 550/1103
[ Info: 72_49: 551/1103
[ Info: 72_49: 552/1103
[ Info: 72_49: 553/1103
[ Info: 72_49: 554/1103
[ Info: 72_49: 555/1103
[ Info: 72_49: 556/1103
[ Info: 72_49: 557/1103
[ Info: 72_49: 558/1103
[ Info: 72_49: 559/1103
[ Info: 72_49: 560/1103
[ Info: 72_49: 561/1103
[ Info: 72_49: 562/1103
[ Info: 72_49: 563/1103
[ Info: 72_49: 564/1103
[ Info: 72_49: 565/1103
[ Info: 72_49: 566/1103
[ Info: 72_49: 567/1103
[ Info: 72_49: 568/1103
[ Info: 72_49: 569/1103
[ Info: 72_49: 570/1103
[ Info: 72_49: 571/1103
[ Info: 72_49: 572/1103
[ Info: 72_49: 573/1103
[ Info: 72_49: 574/1103
[ Info: 72_49: 575/1103
[ Info: 72_49: 576/1103
[ Info: 72_49: 577/1103
[ Info: 72_49: 578/1103
[ Info: 72_49: 579/1103
[ Info: 72_49: 580/1103
[ Info: 72_49: 581/1103
[ Info: 72_49: 582/1103
[ Info: 72_49: 583/1103
[ Info: 72_49: 584/1103
[ Info: 72_49: 585/1103
[ Info: 72_49: 586/1103
[ Info: 72_49: 587/1103
[ Info: 72_49: 588/1103
[ Info: 72_49: 589/1103
[ Info: 72_49: 590/1103
[ Info: 72_49: 591/1103
[ Info: 72_49: 592/1103
[ Info: 72_49: 593/1103
[ Info: 72_49: 594/1103
[ Info: 72_49: 595/1103
[ Info: 72_49: 596/1103
[ Info: 72_49: 597/1103
[ Info: 72_49: 598/1103
[ Info: 72_49: 599/1103
[ Info: 72_49: 600/1103
[ Info: 72_49: 601/1103
[ Info: 72_49: 602/1103
[ Info: 72_49: 603/1103
[ Info: 72_49: 604/1103
[ Info: 72_49: 605/1103
[ Info: 72_49: 606/1103
[ Info: 72_49: 607/1103
[ Info: 72_49: 608/1103
[ Info: 72_49: 609/1103
[ Info: 72_49: 610/1103
[ Info: 72_49: 611/1103
[ Info: 72_49: 612/1103
[ Info: 72_49: 613/1103
[ Info: 72_49: 614/1103
[ Info: 72_49: 615/1103
[ Info: 72_49: 616/1103
[ Info: 72_49: 617/1103
[ Info: 72_49: 618/1103
[ Info: 72_49: 619/1103
[ Info: 72_49: 620/1103
[ Info: 72_49: 621/1103
[ Info: 72_49: 622/1103
[ Info: 72_49: 623/1103
[ Info: 72_49: 624/1103
[ Info: 72_49: 625/1103
[ Info: 72_49: 626/1103
[ Info: 72_49: 627/1103
[ Info: 72_49: 628/1103
[ Info: 72_49: 629/1103
[ Info: 72_49: 630/1103
[ Info: 72_49: 631/1103
[ Info: 72_49: 632/1103
[ Info: 72_49: 633/1103
[ Info: 72_49: 634/1103
[ Info: 72_49: 635/1103
[ Info: 72_49: 636/1103
[ Info: 72_49: 637/1103
[ Info: 72_49: 638/1103
[ Info: 72_49: 639/1103
[ Info: 72_49: 640/1103
[ Info: 72_49: 641/1103
[ Info: 72_49: 642/1103
[ Info: 72_49: 643/1103
[ Info: 72_49: 644/1103
[ Info: 72_49: 645/1103
[ Info: 72_49: 646/1103
[ Info: 72_49: 647/1103
[ Info: 72_49: 648/1103
[ Info: 72_49: 649/1103
[ Info: 72_49: 650/1103
[ Info: 72_49: 651/1103
[ Info: 72_49: 652/1103
[ Info: 72_49: 653/1103
[ Info: 72_49: 654/1103
[ Info: 72_49: 655/1103
[ Info: 72_49: 656/1103
[ Info: 72_49: 657/1103
[ Info: 72_49: 658/1103
[ Info: 72_49: 659/1103
[ Info: 72_49: 660/1103
[ Info: 72_49: 661/1103
[ Info: 72_49: 662/1103
[ Info: 72_49: 663/1103
[ Info: 72_49: 664/1103
[ Info: 72_49: 665/1103
[ Info: 72_49: 666/1103
[ Info: 72_49: 667/1103
[ Info: 72_49: 668/1103
[ Info: 72_49: 669/1103
[ Info: 72_49: 670/1103
[ Info: 72_49: 671/1103
[ Info: 72_49: 672/1103
[ Info: 72_49: 673/1103
[ Info: 72_49: 674/1103
[ Info: 72_49: 675/1103
[ Info: 72_49: 676/1103
[ Info: 72_49: 677/1103
[ Info: 72_49: 678/1103
[ Info: 72_49: 679/1103
[ Info: 72_49: 680/1103
[ Info: 72_49: 681/1103
[ Info: 72_49: 682/1103
[ Info: 72_49: 683/1103
[ Info: 72_49: 684/1103
[ Info: 72_49: 685/1103
[ Info: 72_49: 686/1103
[ Info: 72_49: 687/1103
[ Info: 72_49: 688/1103
[ Info: 72_49: 689/1103
[ Info: 72_49: 690/1103
[ Info: 72_49: 691/1103
[ Info: 72_49: 692/1103
[ Info: 72_49: 693/1103
[ Info: 72_49: 694/1103
[ Info: 72_49: 695/1103
[ Info: 72_49: 696/1103
[ Info: 72_49: 697/1103
[ Info: 72_49: 698/1103
[ Info: 72_49: 699/1103
[ Info: 72_49: 700/1103
[ Info: 72_49: 701/1103
[ Info: 72_49: 702/1103
[ Info: 72_49: 703/1103
[ Info: 72_49: 704/1103
[ Info: 72_49: 705/1103
[ Info: 72_49: 706/1103
[ Info: 72_49: 707/1103
[ Info: 72_49: 708/1103
[ Info: 72_49: 709/1103
[ Info: 72_49: 710/1103
[ Info: 72_49: 711/1103
[ Info: 72_49: 712/1103
[ Info: 72_49: 713/1103
[ Info: 72_49: 714/1103
[ Info: 72_49: 715/1103
[ Info: 72_49: 716/1103
[ Info: 72_49: 717/1103
[ Info: 72_49: 718/1103
[ Info: 72_49: 719/1103
[ Info: 72_49: 720/1103
[ Info: 72_49: 721/1103
[ Info: 72_49: 722/1103
[ Info: 72_49: 723/1103
[ Info: 72_49: 724/1103
[ Info: 72_49: 725/1103
[ Info: 72_49: 726/1103
[ Info: 72_49: 727/1103
[ Info: 72_49: 728/1103
[ Info: 72_49: 729/1103
[ Info: 72_49: 730/1103
[ Info: 72_49: 731/1103
[ Info: 72_49: 732/1103
[ Info: 72_49: 733/1103
[ Info: 72_49: 734/1103
[ Info: 72_49: 735/1103
[ Info: 72_49: 736/1103
[ Info: 72_49: 737/1103
[ Info: 72_49: 738/1103
[ Info: 72_49: 739/1103
[ Info: 72_49: 740/1103
[ Info: 72_49: 741/1103
[ Info: 72_49: 742/1103
[ Info: 72_49: 743/1103
[ Info: 72_49: 744/1103
[ Info: 72_49: 745/1103
[ Info: 72_49: 746/1103
[ Info: 72_49: 747/1103
[ Info: 72_49: 748/1103
[ Info: 72_49: 749/1103
[ Info: 72_49: 750/1103
[ Info: 72_49: 751/1103
[ Info: 72_49: 752/1103
[ Info: 72_49: 753/1103
[ Info: 72_49: 754/1103
[ Info: 72_49: 755/1103
[ Info: 72_49: 756/1103
[ Info: 72_49: 757/1103
[ Info: 72_49: 758/1103
[ Info: 72_49: 759/1103
[ Info: 72_49: 760/1103
[ Info: 72_49: 761/1103
[ Info: 72_49: 762/1103
[ Info: 72_49: 763/1103
[ Info: 72_49: 764/1103
[ Info: 72_49: 765/1103
[ Info: 72_49: 766/1103
[ Info: 72_49: 767/1103
[ Info: 72_49: 768/1103
[ Info: 72_49: 769/1103
[ Info: 72_49: 770/1103
[ Info: 72_49: 771/1103
[ Info: 72_49: 772/1103
[ Info: 72_49: 773/1103
[ Info: 72_49: 774/1103
[ Info: 72_49: 775/1103
[ Info: 72_49: 776/1103
[ Info: 72_49: 777/1103
[ Info: 72_49: 778/1103
[ Info: 72_49: 779/1103
[ Info: 72_49: 780/1103
[ Info: 72_49: 781/1103
[ Info: 72_49: 782/1103
[ Info: 72_49: 783/1103
[ Info: 72_49: 784/1103
[ Info: 72_49: 785/1103
[ Info: 72_49: 786/1103
[ Info: 72_49: 787/1103
[ Info: 72_49: 788/1103
[ Info: 72_49: 789/1103
[ Info: 72_49: 790/1103
[ Info: 72_49: 791/1103
[ Info: 72_49: 792/1103
[ Info: 72_49: 793/1103
[ Info: 72_49: 794/1103
[ Info: 72_49: 795/1103
[ Info: 72_49: 796/1103
[ Info: 72_49: 797/1103
[ Info: 72_49: 798/1103
[ Info: 72_49: 799/1103
[ Info: 72_49: 800/1103
[ Info: 72_49: 801/1103
[ Info: 72_49: 802/1103
[ Info: 72_49: 803/1103
[ Info: 72_49: 804/1103
[ Info: 72_49: 805/1103
[ Info: 72_49: 806/1103
[ Info: 72_49: 807/1103
[ Info: 72_49: 808/1103
[ Info: 72_49: 809/1103
[ Info: 72_49: 810/1103
[ Info: 72_49: 811/1103
[ Info: 72_49: 812/1103
[ Info: 72_49: 813/1103
[ Info: 72_49: 814/1103
[ Info: 72_49: 815/1103
[ Info: 72_49: 816/1103
[ Info: 72_49: 817/1103
[ Info: 72_49: 818/1103
[ Info: 72_49: 819/1103
[ Info: 72_49: 820/1103
[ Info: 72_49: 821/1103
[ Info: 72_49: 822/1103
[ Info: 72_49: 823/1103
[ Info: 72_49: 824/1103
[ Info: 72_49: 825/1103
[ Info: 72_49: 826/1103
[ Info: 72_49: 827/1103
[ Info: 72_49: 828/1103
[ Info: 72_49: 829/1103
[ Info: 72_49: 830/1103
[ Info: 72_49: 831/1103
[ Info: 72_49: 832/1103
[ Info: 72_49: 833/1103
[ Info: 72_49: 834/1103
[ Info: 72_49: 835/1103
[ Info: 72_49: 836/1103
[ Info: 72_49: 837/1103
[ Info: 72_49: 838/1103
[ Info: 72_49: 839/1103
[ Info: 72_49: 840/1103
[ Info: 72_49: 841/1103
[ Info: 72_49: 842/1103
[ Info: 72_49: 843/1103
[ Info: 72_49: 844/1103
[ Info: 72_49: 845/1103
[ Info: 72_49: 846/1103
[ Info: 72_49: 847/1103
[ Info: 72_49: 848/1103
[ Info: 72_49: 849/1103
[ Info: 72_49: 850/1103
[ Info: 72_49: 851/1103
[ Info: 72_49: 852/1103
[ Info: 72_49: 853/1103
[ Info: 72_49: 854/1103
[ Info: 72_49: 855/1103
[ Info: 72_49: 856/1103
[ Info: 72_49: 857/1103
[ Info: 72_49: 858/1103
[ Info: 72_49: 859/1103
[ Info: 72_49: 860/1103
[ Info: 72_49: 861/1103
[ Info: 72_49: 862/1103
[ Info: 72_49: 863/1103
[ Info: 72_49: 864/1103
[ Info: 72_49: 865/1103
[ Info: 72_49: 866/1103
[ Info: 72_49: 867/1103
[ Info: 72_49: 868/1103
[ Info: 72_49: 869/1103
[ Info: 72_49: 870/1103
[ Info: 72_49: 871/1103
[ Info: 72_49: 872/1103
[ Info: 72_49: 873/1103
[ Info: 72_49: 874/1103
[ Info: 72_49: 875/1103
[ Info: 72_49: 876/1103
[ Info: 72_49: 877/1103
[ Info: 72_49: 878/1103
[ Info: 72_49: 879/1103
[ Info: 72_49: 880/1103
[ Info: 72_49: 881/1103
[ Info: 72_49: 882/1103
[ Info: 72_49: 883/1103
[ Info: 72_49: 884/1103
[ Info: 72_49: 885/1103
[ Info: 72_49: 886/1103
[ Info: 72_49: 887/1103
[ Info: 72_49: 888/1103
[ Info: 72_49: 889/1103
[ Info: 72_49: 890/1103
[ Info: 72_49: 891/1103
[ Info: 72_49: 892/1103
[ Info: 72_49: 893/1103
[ Info: 72_49: 894/1103
[ Info: 72_49: 895/1103
[ Info: 72_49: 896/1103
[ Info: 72_49: 897/1103
[ Info: 72_49: 898/1103
[ Info: 72_49: 899/1103
[ Info: 72_49: 900/1103
[ Info: 72_49: 901/1103
[ Info: 72_49: 902/1103
[ Info: 72_49: 903/1103
[ Info: 72_49: 904/1103
[ Info: 72_49: 905/1103
[ Info: 72_49: 906/1103
[ Info: 72_49: 907/1103
[ Info: 72_49: 908/1103
[ Info: 72_49: 909/1103
[ Info: 72_49: 910/1103
[ Info: 72_49: 911/1103
[ Info: 72_49: 912/1103
[ Info: 72_49: 913/1103
[ Info: 72_49: 914/1103
[ Info: 72_49: 915/1103
[ Info: 72_49: 916/1103
[ Info: 72_49: 917/1103
[ Info: 72_49: 918/1103
[ Info: 72_49: 919/1103
[ Info: 72_49: 920/1103
[ Info: 72_49: 921/1103
[ Info: 72_49: 922/1103
[ Info: 72_49: 923/1103
[ Info: 72_49: 924/1103
[ Info: 72_49: 925/1103
[ Info: 72_49: 926/1103
[ Info: 72_49: 927/1103
[ Info: 72_49: 928/1103
[ Info: 72_49: 929/1103
[ Info: 72_49: 930/1103
[ Info: 72_49: 931/1103
[ Info: 72_49: 932/1103
[ Info: 72_49: 933/1103
[ Info: 72_49: 934/1103
[ Info: 72_49: 935/1103
[ Info: 72_49: 936/1103
[ Info: 72_49: 937/1103
[ Info: 72_49: 938/1103
[ Info: 72_49: 939/1103
[ Info: 72_49: 940/1103
[ Info: 72_49: 941/1103
[ Info: 72_49: 942/1103
[ Info: 72_49: 943/1103
[ Info: 72_49: 944/1103
[ Info: 72_49: 945/1103
[ Info: 72_49: 946/1103
[ Info: 72_49: 947/1103
[ Info: 72_49: 948/1103
[ Info: 72_49: 949/1103
[ Info: 72_49: 950/1103
[ Info: 72_49: 951/1103
[ Info: 72_49: 952/1103
[ Info: 72_49: 953/1103
[ Info: 72_49: 954/1103
[ Info: 72_49: 955/1103
[ Info: 72_49: 956/1103
[ Info: 72_49: 957/1103
[ Info: 72_49: 958/1103
[ Info: 72_49: 959/1103
[ Info: 72_49: 960/1103
[ Info: 72_49: 961/1103
[ Info: 72_49: 962/1103
[ Info: 72_49: 963/1103
[ Info: 72_49: 964/1103
[ Info: 72_49: 965/1103
[ Info: 72_49: 966/1103
[ Info: 72_49: 967/1103
[ Info: 72_49: 968/1103
[ Info: 72_49: 969/1103
[ Info: 72_49: 970/1103
[ Info: 72_49: 971/1103
[ Info: 72_49: 972/1103
[ Info: 72_49: 973/1103
[ Info: 72_49: 974/1103
[ Info: 72_49: 975/1103
[ Info: 72_49: 976/1103
[ Info: 72_49: 977/1103
[ Info: 72_49: 978/1103
[ Info: 72_49: 979/1103
[ Info: 72_49: 980/1103
[ Info: 72_49: 981/1103
[ Info: 72_49: 982/1103
[ Info: 72_49: 983/1103
[ Info: 72_49: 984/1103
[ Info: 72_49: 985/1103
[ Info: 72_49: 986/1103
[ Info: 72_49: 987/1103
[ Info: 72_49: 988/1103
[ Info: 72_49: 989/1103
[ Info: 72_49: 990/1103
[ Info: 72_49: 991/1103
[ Info: 72_49: 992/1103
[ Info: 72_49: 993/1103
[ Info: 72_49: 994/1103
[ Info: 72_49: 995/1103
[ Info: 72_49: 996/1103
[ Info: 72_49: 997/1103
[ Info: 72_49: 998/1103
[ Info: 72_49: 999/1103
[ Info: 72_49: 1000/1103
[ Info: 72_49: 1001/1103
[ Info: 72_49: 1002/1103
[ Info: 72_49: 1003/1103
[ Info: 72_49: 1004/1103
[ Info: 72_49: 1005/1103
[ Info: 72_49: 1006/1103
[ Info: 72_49: 1007/1103
[ Info: 72_49: 1008/1103
[ Info: 72_49: 1009/1103
[ Info: 72_49: 1010/1103
[ Info: 72_49: 1011/1103
[ Info: 72_49: 1012/1103
[ Info: 72_49: 1013/1103
[ Info: 72_49: 1014/1103
[ Info: 72_49: 1015/1103
[ Info: 72_49: 1016/1103
[ Info: 72_49: 1017/1103
[ Info: 72_49: 1018/1103
[ Info: 72_49: 1019/1103
[ Info: 72_49: 1020/1103
[ Info: 72_49: 1021/1103
[ Info: 72_49: 1022/1103
[ Info: 72_49: 1023/1103
[ Info: 72_49: 1024/1103
[ Info: 72_49: 1025/1103
[ Info: 72_49: 1026/1103
[ Info: 72_49: 1027/1103
[ Info: 72_49: 1028/1103
[ Info: 72_49: 1029/1103
[ Info: 72_49: 1030/1103
[ Info: 72_49: 1031/1103
[ Info: 72_49: 1032/1103
[ Info: 72_49: 1033/1103
[ Info: 72_49: 1034/1103
[ Info: 72_49: 1035/1103
[ Info: 72_49: 1036/1103
[ Info: 72_49: 1037/1103
[ Info: 72_49: 1038/1103
[ Info: 72_49: 1039/1103
[ Info: 72_49: 1040/1103
[ Info: 72_49: 1041/1103
[ Info: 72_49: 1042/1103
[ Info: 72_49: 1043/1103
[ Info: 72_49: 1044/1103
[ Info: 72_49: 1045/1103
[ Info: 72_49: 1046/1103
[ Info: 72_49: 1047/1103
[ Info: 72_49: 1048/1103
[ Info: 72_49: 1049/1103
[ Info: 72_49: 1050/1103
[ Info: 72_49: 1051/1103
[ Info: 72_49: 1052/1103
[ Info: 72_49: 1053/1103
[ Info: 72_49: 1054/1103
[ Info: 72_49: 1055/1103
[ Info: 72_49: 1056/1103
[ Info: 72_49: 1057/1103
[ Info: 72_49: 1058/1103
[ Info: 72_49: 1059/1103
[ Info: 72_49: 1060/1103
[ Info: 72_49: 1061/1103
[ Info: 72_49: 1062/1103
[ Info: 72_49: 1063/1103
[ Info: 72_49: 1064/1103
[ Info: 72_49: 1065/1103
[ Info: 72_49: 1066/1103
[ Info: 72_49: 1067/1103
[ Info: 72_49: 1068/1103
[ Info: 72_49: 1069/1103
[ Info: 72_49: 1070/1103
[ Info: 72_49: 1071/1103
[ Info: 72_49: 1072/1103
[ Info: 72_49: 1073/1103
[ Info: 72_49: 1074/1103
[ Info: 72_49: 1075/1103
[ Info: 72_49: 1076/1103
[ Info: 72_49: 1077/1103
[ Info: 72_49: 1078/1103
[ Info: 72_49: 1079/1103
[ Info: 72_49: 1080/1103
[ Info: 72_49: 1081/1103
[ Info: 72_49: 1082/1103
[ Info: 72_49: 1083/1103
[ Info: 72_49: 1084/1103
[ Info: 72_49: 1085/1103
[ Info: 72_49: 1086/1103
[ Info: 72_49: 1087/1103
[ Info: 72_49: 1088/1103
[ Info: 72_49: 1089/1103
[ Info: 72_49: 1090/1103
[ Info: 72_49: 1091/1103
[ Info: 72_49: 1092/1103
[ Info: 72_49: 1093/1103
[ Info: 72_49: 1094/1103
[ Info: 72_49: 1095/1103
[ Info: 72_49: 1096/1103
[ Info: 72_49: 1097/1103
[ Info: 72_49: 1098/1103
[ Info: 72_49: 1099/1103
[ Info: 72_49: 1100/1103
[ Info: 72_49: 1101/1103
[ Info: 72_49: 1102/1103
[ Info: 72_49: 1103/1103
[ Info: 72_49: layer 2/2, base field no. 1/255, constructing abelian extensions
[ Info: 72_49: layer 2/2, base field no. 1/255, checking fields: 43
[ Info: 72_49: layer 2/2, base field no. 1/255, 1/43
[ Info: 72_49: layer 2/2, base field no. 1/255, 2/43
[ Info: 72_49: layer 2/2, base field no. 1/255, 3/43
[ Info: 72_49: layer 2/2, base field no. 1/255, 4/43
[ Info: 72_49: layer 2/2, base field no. 1/255, 5/43
[ Info: 72_49: layer 2/2, base field no. 1/255, 6/43
[ Info: 72_49: layer 2/2, base field no. 1/255, 7/43
[ Info: 72_49: layer 2/2, base field no. 1/255, 8/43
[ Info: 72_49: layer 2/2, base field no. 1/255, 9/43
[ Info: 72_49: layer 2/2, base field no. 1/255, 10/43
[ Info: 72_49: layer 2/2, base field no. 1/255, 11/43
[ Info: 72_49: layer 2/2, base field no. 1/255, 12/43
[ Info: 72_49: layer 2/2, base field no. 1/255, 13/43
[ Info: 72_49: layer 2/2, base field no. 1/255, 14/43
[ Info: 72_49: layer 2/2, base field no. 1/255, 15/43
[ Info: 72_49: layer 2/2, base field no. 1/255, 16/43
[ Info: 72_49: layer 2/2, base field no. 1/255, 17/43
[ Info: 72_49: layer 2/2, base field no. 1/255, 18/43
[ Info: 72_49: layer 2/2, base field no. 1/255, 19/43
[ Info: 72_49: layer 2/2, base field no. 1/255, 20/43
[ Info: 72_49: layer 2/2, base field no. 1/255, 21/43
[ Info: 72_49: layer 2/2, base field no. 1/255, 22/43
[ Info: 72_49: layer 2/2, base field no. 1/255, 23/43
[ Info: 72_49: layer 2/2, base field no. 1/255, 24/43
[ Info: 72_49: layer 2/2, base field no. 1/255, 25/43
[ Info: 72_49: layer 2/2, base field no. 1/255, 26/43
[ Info: 72_49: layer 2/2, base field no. 1/255, 27/43
[ Info: 72_49: layer 2/2, base field no. 1/255, 28/43
[ Info: 72_49: layer 2/2, base field no. 1/255, 29/43
[ Info: 72_49: layer 2/2, base field no. 1/255, 30/43
[ Info: 72_49: layer 2/2, base field no. 1/255, 31/43
[ Info: 72_49: layer 2/2, base field no. 1/255, 32/43
[ Info: 72_49: layer 2/2, base field no. 1/255, 33/43
[ Info: 72_49: layer 2/2, base field no. 1/255, 34/43
[ Info: 72_49: layer 2/2, base field no. 1/255, 35/43
[ Info: 72_49: layer 2/2, base field no. 1/255, 36/43
[ Info: 72_49: layer 2/2, base field no. 1/255, 37/43
[ Info: 72_49: layer 2/2, base field no. 1/255, 38/43
[ Info: 72_49: layer 2/2, base field no. 1/255, 39/43
[ Info: 72_49: layer 2/2, base field no. 1/255, 40/43
[ Info: 72_49: layer 2/2, base field no. 1/255, 41/43
[ Info: 72_49: layer 2/2, base field no. 1/255, 42/43
[ Info: 72_49: layer 2/2, base field no. 1/255, 43/43
[ Info: 72_49: layer 2/2, base field no. 2/255, constructing abelian extensions
[ Info: 72_49: layer 2/2, base field no. 2/255, checking fields: 10
[ Info: 72_49: layer 2/2, base field no. 2/255, 1/10
[ Info: 72_49: layer 2/2, base field no. 2/255, 2/10
[ Info: 72_49: layer 2/2, base field no. 2/255, 3/10
[ Info: 72_49: layer 2/2, base field no. 2/255, 4/10
[ Info: 72_49: layer 2/2, base field no. 2/255, 5/10
[ Info: 72_49: layer 2/2, base field no. 2/255, 6/10
[ Info: 72_49: layer 2/2, base field no. 2/255, 7/10
[ Info: 72_49: layer 2/2, base field no. 2/255, 8/10
[ Info: 72_49: layer 2/2, base field no. 2/255, 9/10
[ Info: 72_49: layer 2/2, base field no. 2/255, 10/10
[ Info: 72_49: layer 2/2, base field no. 3/255, constructing abelian extensions
[ Info: 72_49: layer 2/2, base field no. 3/255, checking fields: 5
[ Info: 72_49: layer 2/2, base field no. 3/255, 1/5
[ Info: 72_49: layer 2/2, base field no. 3/255, 2/5
[ Info: 72_49: layer 2/2, base field no. 3/255, 3/5
[ Info: 72_49: layer 2/2, base field no. 3/255, 4/5
[ Info: 72_49: layer 2/2, base field no. 3/255, 5/5
[ Info: 72_49: layer 2/2, base field no. 4/255, constructing abelian extensions
[ Info: 72_49: layer 2/2, base field no. 4/255, checking fields: 4
[ Info: 72_49: layer 2/2, base field no. 4/255, 1/4
[ Info: 72_49: layer 2/2, base field no. 4/255, 2/4
[ Info: 72_49: layer 2/2, base field no. 4/255, 3/4
[ Info: 72_49: layer 2/2, base field no. 4/255, 4/4
[ Info: 72_49: layer 2/2, base field no. 5/255, constructing abelian extensions
[ Info: 72_49: layer 2/2, base field no. 5/255, checking fields: 35
[ Info: 72_49: layer 2/2, base field no. 5/255, 1/35
[ Info: 72_49: layer 2/2, base field no. 5/255, 2/35
[ Info: 72_49: layer 2/2, base field no. 5/255, 3/35
[ Info: 72_49: layer 2/2, base field no. 5/255, 4/35
[ Info: 72_49: layer 2/2, base field no. 5/255, 5/35
[ Info: 72_49: layer 2/2, base field no. 5/255, 6/35
[ Info: 72_49: layer 2/2, base field no. 5/255, 7/35
[ Info: 72_49: layer 2/2, base field no. 5/255, 8/35
[ Info: 72_49: layer 2/2, base field no. 5/255, 9/35
[ Info: 72_49: layer 2/2, base field no. 5/255, 10/35
[ Info: 72_49: layer 2/2, base field no. 5/255, 11/35
[ Info: 72_49: layer 2/2, base field no. 5/255, 12/35
[ Info: 72_49: layer 2/2, base field no. 5/255, 13/35
[ Info: 72_49: layer 2/2, base field no. 5/255, 14/35
[ Info: 72_49: layer 2/2, base field no. 5/255, 15/35
[ Info: 72_49: layer 2/2, base field no. 5/255, 16/35
[ Info: 72_49: layer 2/2, base field no. 5/255, 17/35
[ Info: 72_49: layer 2/2, base field no. 5/255, 18/35
[ Info: 72_49: layer 2/2, base field no. 5/255, 19/35
[ Info: 72_49: layer 2/2, base field no. 5/255, 20/35
[ Info: 72_49: layer 2/2, base field no. 5/255, 21/35
[ Info: 72_49: layer 2/2, base field no. 5/255, 22/35
[ Info: 72_49: layer 2/2, base field no. 5/255, 23/35
[ Info: 72_49: layer 2/2, base field no. 5/255, 24/35
[ Info: 72_49: layer 2/2, base field no. 5/255, 25/35
[ Info: 72_49: layer 2/2, base field no. 5/255, 26/35
[ Info: 72_49: layer 2/2, base field no. 5/255, 27/35
[ Info: 72_49: layer 2/2, base field no. 5/255, 28/35
[ Info: 72_49: layer 2/2, base field no. 5/255, 29/35
[ Info: 72_49: layer 2/2, base field no. 5/255, 30/35
[ Info: 72_49: layer 2/2, base field no. 5/255, 31/35
[ Info: 72_49: layer 2/2, base field no. 5/255, 32/35
[ Info: 72_49: layer 2/2, base field no. 5/255, 33/35
[ Info: 72_49: layer 2/2, base field no. 5/255, 34/35
[ Info: 72_49: layer 2/2, base field no. 5/255, 35/35
[ Info: 72_49: layer 2/2, base field no. 6/255, constructing abelian extensions
[ Info: 72_49: layer 2/2, base field no. 6/255, checking fields: 4
[ Info: 72_49: layer 2/2, base field no. 6/255, 1/4
[ Info: 72_49: layer 2/2, base field no. 6/255, 2/4
[ Info: 72_49: layer 2/2, base field no. 6/255, 3/4
[ Info: 72_49: layer 2/2, base field no. 6/255, 4/4
[ Info: 72_49: layer 2/2, base field no. 7/255, constructing abelian extensions
[ Info: 72_49: layer 2/2, base field no. 7/255, checking fields: 2
[ Info: 72_49: layer 2/2, base field no. 7/255, 1/2
[ Info: 72_49: layer 2/2, base field no. 7/255, 2/2
[ Info: 72_49: layer 2/2, base field no. 8/255, constructing abelian extensions
[ Info: 72_49: layer 2/2, base field no. 8/255, checking fields: 5
[ Info: 72_49: layer 2/2, base field no. 8/255, 1/5
[ Info: 72_49: layer 2/2, base field no. 8/255, 2/5
[ Info: 72_49: layer 2/2, base field no. 8/255, 3/5
[ Info: 72_49: layer 2/2, base field no. 8/255, 4/5
[ Info: 72_49: layer 2/2, base field no. 8/255, 5/5
[ Info: 72_49: layer 2/2, base field no. 9/255, constructing abelian extensions
[ Info: 72_49: layer 2/2, base field no. 9/255, checking fields: 12
[ Info: 72_49: layer 2/2, base field no. 9/255, 1/12
[ Info: 72_49: layer 2/2, base field no. 9/255, 2/12
[ Info: 72_49: layer 2/2, base field no. 9/255, 3/12
[ Info: 72_49: layer 2/2, base field no. 9/255, 4/12
[ Info: 72_49: layer 2/2, base field no. 9/255, 5/12
[ Info: 72_49: layer 2/2, base field no. 9/255, 6/12
[ Info: 72_49: layer 2/2, base field no. 9/255, 7/12
[ Info: 72_49: layer 2/2, base field no. 9/255, 8/12
[ Info: 72_49: layer 2/2, base field no. 9/255, 9/12
[ Info: 72_49: layer 2/2, base field no. 9/255, 10/12
[ Info: 72_49: layer 2/2, base field no. 9/255, 11/12
[ Info: 72_49: layer 2/2, base field no. 9/255, 12/12
[ Info: 72_49: layer 2/2, base field no. 10/255, constructing abelian extensions
[ Info: 72_49: layer 2/2, base field no. 10/255, checking fields: 2
[ Info: 72_49: layer 2/2, base field no. 10/255, 1/2
[ Info: 72_49: layer 2/2, base field no. 10/255, 2/2
[ Info: 72_49: layer 2/2, base field no. 11/255, constructing abelian extensions
[ Info: 72_49: layer 2/2, base field no. 11/255, checking fields: 0
[ Info: 72_49: layer 2/2, base field no. 12/255, constructing abelian extensions
[ Info: 72_49: layer 2/2, base field no. 12/255, checking fields: 2
[ Info: 72_49: layer 2/2, base field no. 12/255, 1/2
[ Info: 72_49: layer 2/2, base field no. 12/255, 2/2
[ Info: 72_49: layer 2/2, base field no. 13/255, constructing abelian extensions
[ Info: 72_49: layer 2/2, base field no. 13/255, checking fields: 12
[ Info: 72_49: layer 2/2, base field no. 13/255, 1/12
[ Info: 72_49: layer 2/2, base field no. 13/255, 2/12
[ Info: 72_49: layer 2/2, base field no. 13/255, 3/12
[ Info: 72_49: layer 2/2, base field no. 13/255, 4/12
[ Info: 72_49: layer 2/2, base field no. 13/255, 5/12
[ Info: 72_49: layer 2/2, base field no. 13/255, 6/12
[ Info: 72_49: layer 2/2, base field no. 13/255, 7/12
[ Info: 72_49: layer 2/2, base field no. 13/255, 8/12
[ Info: 72_49: layer 2/2, base field no. 13/255, 9/12
[ Info: 72_49: layer 2/2, base field no. 13/255, 10/12
[ Info: 72_49: layer 2/2, base field no. 13/255, 11/12
[ Info: 72_49: layer 2/2, base field no. 13/255, 12/12
[ Info: 72_49: layer 2/2, base field no. 14/255, constructing abelian extensions
[ Info: 72_49: layer 2/2, base field no. 14/255, checking fields: 2
[ Info: 72_49: layer 2/2, base field no. 14/255, 1/2
[ Info: 72_49: layer 2/2, base field no. 14/255, 2/2
[ Info: 72_49: layer 2/2, base field no. 15/255, constructing abelian extensions
[ Info: 72_49: layer 2/2, base field no. 15/255, checking fields: 2
[ Info: 72_49: layer 2/2, base field no. 15/255, 1/2
[ Info: 72_49: layer 2/2, base field no. 15/255, 2/2
[ Info: 72_49: layer 2/2, base field no. 16/255, constructing abelian extensions
[ Info: 72_49: layer 2/2, base field no. 16/255, checking fields: 2
[ Info: 72_49: layer 2/2, base field no. 16/255, 1/2
[ Info: 72_49: layer 2/2, base field no. 16/255, 2/2
[ Info: 72_49: layer 2/2, base field no. 17/255, constructing abelian extensions
[ Info: 72_49: layer 2/2, base field no. 17/255, checking fields: 2
[ Info: 72_49: layer 2/2, base field no. 17/255, 1/2
[ Info: 72_49: layer 2/2, base field no. 17/255, 2/2
[ Info: 72_49: layer 2/2, base field no. 18/255, constructing abelian extensions
[ Info: 72_49: layer 2/2, base field no. 18/255, checking fields: 0
[ Info: 72_49: layer 2/2, base field no. 19/255, constructing abelian extensions
[ Info: 72_49: layer 2/2, base field no. 19/255, checking fields: 28
[ Info: 72_49: layer 2/2, base field no. 19/255, 1/28
[ Info: 72_49: layer 2/2, base field no. 19/255, 2/28
[ Info: 72_49: layer 2/2, base field no. 19/255, 3/28
[ Info: 72_49: layer 2/2, base field no. 19/255, 4/28
[ Info: 72_49: layer 2/2, base field no. 19/255, 5/28
[ Info: 72_49: layer 2/2, base field no. 19/255, 6/28
[ Info: 72_49: layer 2/2, base field no. 19/255, 7/28
[ Info: 72_49: layer 2/2, base field no. 19/255, 8/28
[ Info: 72_49: layer 2/2, base field no. 19/255, 9/28
[ Info: 72_49: layer 2/2, base field no. 19/255, 10/28
[ Info: 72_49: layer 2/2, base field no. 19/255, 11/28
[ Info: 72_49: layer 2/2, base field no. 19/255, 12/28
[ Info: 72_49: layer 2/2, base field no. 19/255, 13/28
[ Info: 72_49: layer 2/2, base field no. 19/255, 14/28
[ Info: 72_49: layer 2/2, base field no. 19/255, 15/28
[ Info: 72_49: layer 2/2, base field no. 19/255, 16/28
[ Info: 72_49: layer 2/2, base field no. 19/255, 17/28
[ Info: 72_49: layer 2/2, base field no. 19/255, 18/28
[ Info: 72_49: layer 2/2, base field no. 19/255, 19/28
[ Info: 72_49: layer 2/2, base field no. 19/255, 20/28
[ Info: 72_49: layer 2/2, base field no. 19/255, 21/28
[ Info: 72_49: layer 2/2, base field no. 19/255, 22/28
[ Info: 72_49: layer 2/2, base field no. 19/255, 23/28
[ Info: 72_49: layer 2/2, base field no. 19/255, 24/28
[ Info: 72_49: layer 2/2, base field no. 19/255, 25/28
[ Info: 72_49: layer 2/2, base field no. 19/255, 26/28
[ Info: 72_49: layer 2/2, base field no. 19/255, 27/28
[ Info: 72_49: layer 2/2, base field no. 19/255, 28/28
[ Info: 72_49: layer 2/2, base field no. 20/255, constructing abelian extensions
[ Info: 72_49: layer 2/2, base field no. 20/255, checking fields: 1
[ Info: 72_49: layer 2/2, base field no. 20/255, 1/1
[ Info: 72_49: layer 2/2, base field no. 21/255, constructing abelian extensions
[ Info: 72_49: layer 2/2, base field no. 21/255, checking fields: 2
[ Info: 72_49: layer 2/2, base field no. 21/255, 1/2
[ Info: 72_49: layer 2/2, base field no. 21/255, 2/2
[ Info: 72_49: layer 2/2, base field no. 22/255, constructing abelian extensions
[ Info: 72_49: layer 2/2, base field no. 22/255, checking fields: 11
[ Info: 72_49: layer 2/2, base field no. 22/255, 1/11
[ Info: 72_49: layer 2/2, base field no. 22/255, 2/11
[ Info: 72_49: layer 2/2, base field no. 22/255, 3/11
[ Info: 72_49: layer 2/2, base field no. 22/255, 4/11
[ Info: 72_49: layer 2/2, base field no. 22/255, 5/11
[ Info: 72_49: layer 2/2, base field no. 22/255, 6/11
[ Info: 72_49: layer 2/2, base field no. 22/255, 7/11
[ Info: 72_49: layer 2/2, base field no. 22/255, 8/11
[ Info: 72_49: layer 2/2, base field no. 22/255, 9/11
[ Info: 72_49: layer 2/2, base field no. 22/255, 10/11
[ Info: 72_49: layer 2/2, base field no. 22/255, 11/11
[ Info: 72_49: layer 2/2, base field no. 23/255, constructing abelian extensions
[ Info: 72_49: layer 2/2, base field no. 23/255, checking fields: 0
[ Info: 72_49: layer 2/2, base field no. 24/255, constructing abelian extensions
[ Info: 72_49: layer 2/2, base field no. 24/255, checking fields: 5
[ Info: 72_49: layer 2/2, base field no. 24/255, 1/5
[ Info: 72_49: layer 2/2, base field no. 24/255, 2/5
[ Info: 72_49: layer 2/2, base field no. 24/255, 3/5
[ Info: 72_49: layer 2/2, base field no. 24/255, 4/5
[ Info: 72_49: layer 2/2, base field no. 24/255, 5/5
[ Info: 72_49: layer 2/2, base field no. 25/255, constructing abelian extensions
[ Info: 72_49: layer 2/2, base field no. 25/255, checking fields: 8
[ Info: 72_49: layer 2/2, base field no. 25/255, 1/8
[ Info: 72_49: layer 2/2, base field no. 25/255, 2/8
[ Info: 72_49: layer 2/2, base field no. 25/255, 3/8
[ Info: 72_49: layer 2/2, base field no. 25/255, 4/8
[ Info: 72_49: layer 2/2, base field no. 25/255, 5/8
[ Info: 72_49: layer 2/2, base field no. 25/255, 6/8
[ Info: 72_49: layer 2/2, base field no. 25/255, 7/8
[ Info: 72_49: layer 2/2, base field no. 25/255, 8/8
[ Info: 72_49: layer 2/2, base field no. 26/255, constructing abelian extensions
[ Info: 72_49: layer 2/2, base field no. 26/255, checking fields: 2
[ Info: 72_49: layer 2/2, base field no. 26/255, 1/2
[ Info: 72_49: layer 2/2, base field no. 26/255, 2/2
[ Info: 72_49: layer 2/2, base field no. 27/255, constructing abelian extensions
[ Info: 72_49: layer 2/2, base field no. 27/255, checking fields: 1
[ Info: 72_49: layer 2/2, base field no. 27/255, 1/1
[ Info: 72_49: layer 2/2, base field no. 28/255, constructing abelian extensions
[ Info: 72_49: layer 2/2, base field no. 28/255, checking fields: 1
[ Info: 72_49: layer 2/2, base field no. 28/255, 1/1
[ Info: 72_49: layer 2/2, base field no. 29/255, constructing abelian extensions
[ Info: 72_49: layer 2/2, base field no. 29/255, checking fields: 19
[ Info: 72_49: layer 2/2, base field no. 29/255, 1/19
[ Info: 72_49: layer 2/2, base field no. 29/255, 2/19
[ Info: 72_49: layer 2/2, base field no. 29/255, 3/19
[ Info: 72_49: layer 2/2, base field no. 29/255, 4/19
[ Info: 72_49: layer 2/2, base field no. 29/255, 5/19
[ Info: 72_49: layer 2/2, base field no. 29/255, 6/19
[ Info: 72_49: layer 2/2, base field no. 29/255, 7/19
[ Info: 72_49: layer 2/2, base field no. 29/255, 8/19
[ Info: 72_49: layer 2/2, base field no. 29/255, 9/19
[ Info: 72_49: layer 2/2, base field no. 29/255, 10/19
[ Info: 72_49: layer 2/2, base field no. 29/255, 11/19
[ Info: 72_49: layer 2/2, base field no. 29/255, 12/19
[ Info: 72_49: layer 2/2, base field no. 29/255, 13/19
[ Info: 72_49: layer 2/2, base field no. 29/255, 14/19
[ Info: 72_49: layer 2/2, base field no. 29/255, 15/19
[ Info: 72_49: layer 2/2, base field no. 29/255, 16/19
[ Info: 72_49: layer 2/2, base field no. 29/255, 17/19
[ Info: 72_49: layer 2/2, base field no. 29/255, 18/19
[ Info: 72_49: layer 2/2, base field no. 29/255, 19/19
[ Info: 72_49: layer 2/2, base field no. 30/255, constructing abelian extensions
[ Info: 72_49: layer 2/2, base field no. 30/255, checking fields: 1
[ Info: 72_49: layer 2/2, base field no. 30/255, 1/1
[ Info: 72_49: layer 2/2, base field no. 31/255, constructing abelian extensions
[ Info: 72_49: layer 2/2, base field no. 31/255, checking fields: 0
[ Info: 72_49: layer 2/2, base field no. 32/255, constructing abelian extensions
[ Info: 72_49: layer 2/2, base field no. 32/255, checking fields: 4
[ Info: 72_49: layer 2/2, base field no. 32/255, 1/4
[ Info: 72_49: layer 2/2, base field no. 32/255, 2/4
[ Info: 72_49: layer 2/2, base field no. 32/255, 3/4
[ Info: 72_49: layer 2/2, base field no. 32/255, 4/4
[ Info: 72_49: layer 2/2, base field no. 33/255, constructing abelian extensions
[ Info: 72_49: layer 2/2, base field no. 33/255, checking fields: 0
[ Info: 72_49: layer 2/2, base field no. 34/255, constructing abelian extensions
[ Info: 72_49: layer 2/2, base field no. 34/255, checking fields: 3
[ Info: 72_49: layer 2/2, base field no. 34/255, 1/3
[ Info: 72_49: layer 2/2, base field no. 34/255, 2/3
[ Info: 72_49: layer 2/2, base field no. 34/255, 3/3
[ Info: 72_49: layer 2/2, base field no. 35/255, constructing abelian extensions
[ Info: 72_49: layer 2/2, base field no. 35/255, checking fields: 1
[ Info: 72_49: layer 2/2, base field no. 35/255, 1/1
[ Info: 72_49: layer 2/2, base field no. 36/255, constructing abelian extensions
[ Info: 72_49: layer 2/2, base field no. 36/255, checking fields: 0
[ Info: 72_49: layer 2/2, base field no. 37/255, constructing abelian extensions
[ Info: 72_49: layer 2/2, base field no. 37/255, checking fields: 0
[ Info: 72_49: layer 2/2, base field no. 38/255, constructing abelian extensions
[ Info: 72_49: layer 2/2, base field no. 38/255, checking fields: 6
[ Info: 72_49: layer 2/2, base field no. 38/255, 1/6
[ Info: 72_49: layer 2/2, base field no. 38/255, 2/6
[ Info: 72_49: layer 2/2, base field no. 38/255, 3/6
[ Info: 72_49: layer 2/2, base field no. 38/255, 4/6
[ Info: 72_49: layer 2/2, base field no. 38/255, 5/6
[ Info: 72_49: layer 2/2, base field no. 38/255, 6/6
[ Info: 72_49: layer 2/2, base field no. 39/255, constructing abelian extensions
[ Info: 72_49: layer 2/2, base field no. 39/255, checking fields: 2
[ Info: 72_49: layer 2/2, base field no. 39/255, 1/2
[ Info: 72_49: layer 2/2, base field no. 39/255, 2/2
[ Info: 72_49: layer 2/2, base field no. 40/255, constructing abelian extensions
[ Info: 72_49: layer 2/2, base field no. 40/255, checking fields: 2
[ Info: 72_49: layer 2/2, base field no. 40/255, 1/2
[ Info: 72_49: layer 2/2, base field no. 40/255, 2/2
[ Info: 72_49: layer 2/2, base field no. 41/255, constructing abelian extensions
[ Info: 72_49: layer 2/2, base field no. 41/255, checking fields: 6
[ Info: 72_49: layer 2/2, base field no. 41/255, 1/6
[ Info: 72_49: layer 2/2, base field no. 41/255, 2/6
[ Info: 72_49: layer 2/2, base field no. 41/255, 3/6
[ Info: 72_49: layer 2/2, base field no. 41/255, 4/6
[ Info: 72_49: layer 2/2, base field no. 41/255, 5/6
[ Info: 72_49: layer 2/2, base field no. 41/255, 6/6
[ Info: 72_49: layer 2/2, base field no. 42/255, constructing abelian extensions
[ Info: 72_49: layer 2/2, base field no. 42/255, checking fields: 3
[ Info: 72_49: layer 2/2, base field no. 42/255, 1/3
[ Info: 72_49: layer 2/2, base field no. 42/255, 2/3
[ Info: 72_49: layer 2/2, base field no. 42/255, 3/3
[ Info: 72_49: layer 2/2, base field no. 43/255, constructing abelian extensions
[ Info: 72_49: layer 2/2, base field no. 43/255, checking fields: 3
[ Info: 72_49: layer 2/2, base field no. 43/255, 1/3
[ Info: 72_49: layer 2/2, base field no. 43/255, 2/3
[ Info: 72_49: layer 2/2, base field no. 43/255, 3/3
[ Info: 72_49: layer 2/2, base field no. 44/255, constructing abelian extensions
[ Info: 72_49: layer 2/2, base field no. 44/255, checking fields: 0
[ Info: 72_49: layer 2/2, base field no. 45/255, constructing abelian extensions
[ Info: 72_49: layer 2/2, base field no. 45/255, checking fields: 2
[ Info: 72_49: layer 2/2, base field no. 45/255, 1/2
[ Info: 72_49: layer 2/2, base field no. 45/255, 2/2
[ Info: 72_49: layer 2/2, base field no. 46/255, constructing abelian extensions
[ Info: 72_49: layer 2/2, base field no. 46/255, checking fields: 1
[ Info: 72_49: layer 2/2, base field no. 46/255, 1/1
[ Info: 72_49: layer 2/2, base field no. 47/255, constructing abelian extensions
[ Info: 72_49: layer 2/2, base field no. 47/255, checking fields: 1
[ Info: 72_49: layer 2/2, base field no. 47/255, 1/1
[ Info: 72_49: layer 2/2, base field no. 48/255, constructing abelian extensions
[ Info: 72_49: layer 2/2, base field no. 48/255, checking fields: 1
[ Info: 72_49: layer 2/2, base field no. 48/255, 1/1
[ Info: 72_49: layer 2/2, base field no. 49/255, constructing abelian extensions
[ Info: 72_49: layer 2/2, base field no. 49/255, checking fields: 13
[ Info: 72_49: layer 2/2, base field no. 49/255, 1/13
[ Info: 72_49: layer 2/2, base field no. 49/255, 2/13
[ Info: 72_49: layer 2/2, base field no. 49/255, 3/13
[ Info: 72_49: layer 2/2, base field no. 49/255, 4/13
[ Info: 72_49: layer 2/2, base field no. 49/255, 5/13
[ Info: 72_49: layer 2/2, base field no. 49/255, 6/13
[ Info: 72_49: layer 2/2, base field no. 49/255, 7/13
[ Info: 72_49: layer 2/2, base field no. 49/255, 8/13
[ Info: 72_49: layer 2/2, base field no. 49/255, 9/13
[ Info: 72_49: layer 2/2, base field no. 49/255, 10/13
[ Info: 72_49: layer 2/2, base field no. 49/255, 11/13
[ Info: 72_49: layer 2/2, base field no. 49/255, 12/13
[ Info: 72_49: layer 2/2, base field no. 49/255, 13/13
[ Info: 72_49: layer 2/2, base field no. 50/255, constructing abelian extensions
[ Info: 72_49: layer 2/2, base field no. 50/255, checking fields: 0
[ Info: 72_49: layer 2/2, base field no. 51/255, constructing abelian extensions
[ Info: 72_49: layer 2/2, base field no. 51/255, checking fields: 0
[ Info: 72_49: layer 2/2, base field no. 52/255, constructing abelian extensions
[ Info: 72_49: layer 2/2, base field no. 52/255, checking fields: 0
[ Info: 72_49: layer 2/2, base field no. 53/255, constructing abelian extensions
[ Info: 72_49: layer 2/2, base field no. 53/255, checking fields: 4
[ Info: 72_49: layer 2/2, base field no. 53/255, 1/4
[ Info: 72_49: layer 2/2, base field no. 53/255, 2/4
[ Info: 72_49: layer 2/2, base field no. 53/255, 3/4
[ Info: 72_49: layer 2/2, base field no. 53/255, 4/4
[ Info: 72_49: layer 2/2, base field no. 54/255, constructing abelian extensions
[ Info: 72_49: layer 2/2, base field no. 54/255, checking fields: 0
[ Info: 72_49: layer 2/2, base field no. 55/255, constructing abelian extensions
[ Info: 72_49: layer 2/2, base field no. 55/255, checking fields: 0
[ Info: 72_49: layer 2/2, base field no. 56/255, constructing abelian extensions
[ Info: 72_49: layer 2/2, base field no. 56/255, checking fields: 7
[ Info: 72_49: layer 2/2, base field no. 56/255, 1/7
[ Info: 72_49: layer 2/2, base field no. 56/255, 2/7
[ Info: 72_49: layer 2/2, base field no. 56/255, 3/7
[ Info: 72_49: layer 2/2, base field no. 56/255, 4/7
[ Info: 72_49: layer 2/2, base field no. 56/255, 5/7
[ Info: 72_49: layer 2/2, base field no. 56/255, 6/7
[ Info: 72_49: layer 2/2, base field no. 56/255, 7/7
[ Info: 72_49: layer 2/2, base field no. 57/255, constructing abelian extensions
[ Info: 72_49: layer 2/2, base field no. 57/255, checking fields: 0
[ Info: 72_49: layer 2/2, base field no. 58/255, constructing abelian extensions
[ Info: 72_49: layer 2/2, base field no. 58/255, checking fields: 0
[ Info: 72_49: layer 2/2, base field no. 59/255, constructing abelian extensions
[ Info: 72_49: layer 2/2, base field no. 59/255, checking fields: 0
[ Info: 72_49: layer 2/2, base field no. 60/255, constructing abelian extensions
[ Info: 72_49: layer 2/2, base field no. 60/255, checking fields: 0
[ Info: 72_49: layer 2/2, base field no. 61/255, constructing abelian extensions
[ Info: 72_49: layer 2/2, base field no. 61/255, checking fields: 0
[ Info: 72_49: layer 2/2, base field no. 62/255, constructing abelian extensions
[ Info: 72_49: layer 2/2, base field no. 62/255, checking fields: 1
[ Info: 72_49: layer 2/2, base field no. 62/255, 1/1
[ Info: 72_49: layer 2/2, base field no. 63/255, constructing abelian extensions
[ Info: 72_49: layer 2/2, base field no. 63/255, checking fields: 0
[ Info: 72_49: layer 2/2, base field no. 64/255, constructing abelian extensions
[ Info: 72_49: layer 2/2, base field no. 64/255, checking fields: 0
[ Info: 72_49: layer 2/2, base field no. 65/255, constructing abelian extensions
[ Info: 72_49: layer 2/2, base field no. 65/255, checking fields: 0
[ Info: 72_49: layer 2/2, base field no. 66/255, constructing abelian extensions
[ Info: 72_49: layer 2/2, base field no. 66/255, checking fields: 3
[ Info: 72_49: layer 2/2, base field no. 66/255, 1/3
[ Info: 72_49: layer 2/2, base field no. 66/255, 2/3
[ Info: 72_49: layer 2/2, base field no. 66/255, 3/3
[ Info: 72_49: layer 2/2, base field no. 67/255, constructing abelian extensions
[ Info: 72_49: layer 2/2, base field no. 67/255, checking fields: 0
[ Info: 72_49: layer 2/2, base field no. 68/255, constructing abelian extensions
[ Info: 72_49: layer 2/2, base field no. 68/255, checking fields: 1
[ Info: 72_49: layer 2/2, base field no. 68/255, 1/1
[ Info: 72_49: layer 2/2, base field no. 69/255, constructing abelian extensions
[ Info: 72_49: layer 2/2, base field no. 69/255, checking fields: 0
[ Info: 72_49: layer 2/2, base field no. 70/255, constructing abelian extensions
[ Info: 72_49: layer 2/2, base field no. 70/255, checking fields: 0
[ Info: 72_49: layer 2/2, base field no. 71/255, constructing abelian extensions
[ Info: 72_49: layer 2/2, base field no. 71/255, checking fields: 0
[ Info: 72_49: layer 2/2, base field no. 72/255, constructing abelian extensions
[ Info: 72_49: layer 2/2, base field no. 72/255, checking fields: 6
[ Info: 72_49: layer 2/2, base field no. 72/255, 1/6
[ Info: 72_49: layer 2/2, base field no. 72/255, 2/6
[ Info: 72_49: layer 2/2, base field no. 72/255, 3/6
[ Info: 72_49: layer 2/2, base field no. 72/255, 4/6
[ Info: 72_49: layer 2/2, base field no. 72/255, 5/6
[ Info: 72_49: layer 2/2, base field no. 72/255, 6/6
[ Info: 72_49: layer 2/2, base field no. 73/255, constructing abelian extensions
[ Info: 72_49: layer 2/2, base field no. 73/255, checking fields: 0
[ Info: 72_49: layer 2/2, base field no. 74/255, constructing abelian extensions
[ Info: 72_49: layer 2/2, base field no. 74/255, checking fields: 0
[ Info: 72_49: layer 2/2, base field no. 75/255, constructing abelian extensions
[ Info: 72_49: layer 2/2, base field no. 75/255, checking fields: 0
[ Info: 72_49: layer 2/2, base field no. 76/255, constructing abelian extensions
[ Info: 72_49: layer 2/2, base field no. 76/255, checking fields: 0
[ Info: 72_49: layer 2/2, base field no. 77/255, constructing abelian extensions
[ Info: 72_49: layer 2/2, base field no. 77/255, checking fields: 2
[ Info: 72_49: layer 2/2, base field no. 77/255, 1/2
[ Info: 72_49: layer 2/2, base field no. 77/255, 2/2
[ Info: 72_49: layer 2/2, base field no. 78/255, constructing abelian extensions
[ Info: 72_49: layer 2/2, base field no. 78/255, checking fields: 0
[ Info: 72_49: layer 2/2, base field no. 79/255, constructing abelian extensions
[ Info: 72_49: layer 2/2, base field no. 79/255, checking fields: 0
[ Info: 72_49: layer 2/2, base field no. 80/255, constructing abelian extensions
[ Info: 72_49: layer 2/2, base field no. 80/255, checking fields: 0
[ Info: 72_49: layer 2/2, base field no. 81/255, constructing abelian extensions
[ Info: 72_49: layer 2/2, base field no. 81/255, checking fields: 0
[ Info: 72_49: layer 2/2, base field no. 82/255, constructing abelian extensions
[ Info: 72_49: layer 2/2, base field no. 82/255, checking fields: 0
[ Info: 72_49: layer 2/2, base field no. 83/255, constructing abelian extensions
[ Info: 72_49: layer 2/2, base field no. 83/255, checking fields: 1
[ Info: 72_49: layer 2/2, base field no. 83/255, 1/1
[ Info: 72_49: layer 2/2, base field no. 84/255, constructing abelian extensions
[ Info: 72_49: layer 2/2, base field no. 84/255, checking fields: 0
[ Info: 72_49: layer 2/2, base field no. 85/255, constructing abelian extensions
[ Info: 72_49: layer 2/2, base field no. 85/255, checking fields: 1
[ Info: 72_49: layer 2/2, base field no. 85/255, 1/1
[ Info: 72_49: layer 2/2, base field no. 86/255, constructing abelian extensions
[ Info: 72_49: layer 2/2, base field no. 86/255, checking fields: 0
[ Info: 72_49: layer 2/2, base field no. 87/255, constructing abelian extensions
[ Info: 72_49: layer 2/2, base field no. 87/255, checking fields: 0
[ Info: 72_49: layer 2/2, base field no. 88/255, constructing abelian extensions
[ Info: 72_49: layer 2/2, base field no. 88/255, checking fields: 0
[ Info: 72_49: layer 2/2, base field no. 89/255, constructing abelian extensions
[ Info: 72_49: layer 2/2, base field no. 89/255, checking fields: 0
[ Info: 72_49: layer 2/2, base field no. 90/255, constructing abelian extensions
[ Info: 72_49: layer 2/2, base field no. 90/255, checking fields: 0
[ Info: 72_49: layer 2/2, base field no. 91/255, constructing abelian extensions
[ Info: 72_49: layer 2/2, base field no. 91/255, checking fields: 0
[ Info: 72_49: layer 2/2, base field no. 92/255, constructing abelian extensions
[ Info: 72_49: layer 2/2, base field no. 92/255, checking fields: 4
[ Info: 72_49: layer 2/2, base field no. 92/255, 1/4
[ Info: 72_49: layer 2/2, base field no. 92/255, 2/4
[ Info: 72_49: layer 2/2, base field no. 92/255, 3/4
[ Info: 72_49: layer 2/2, base field no. 92/255, 4/4
[ Info: 72_49: layer 2/2, base field no. 93/255, constructing abelian extensions
[ Info: 72_49: layer 2/2, base field no. 93/255, checking fields: 0
[ Info: 72_49: layer 2/2, base field no. 94/255, constructing abelian extensions
[ Info: 72_49: layer 2/2, base field no. 94/255, checking fields: 0
[ Info: 72_49: layer 2/2, base field no. 95/255, constructing abelian extensions
[ Info: 72_49: layer 2/2, base field no. 95/255, checking fields: 0
[ Info: 72_49: layer 2/2, base field no. 96/255, constructing abelian extensions
[ Info: 72_49: layer 2/2, base field no. 96/255, checking fields: 0
[ Info: 72_49: layer 2/2, base field no. 97/255, constructing abelian extensions
[ Info: 72_49: layer 2/2, base field no. 97/255, checking fields: 0
[ Info: 72_49: layer 2/2, base field no. 98/255, constructing abelian extensions
[ Info: 72_49: layer 2/2, base field no. 98/255, checking fields: 0
[ Info: 72_49: layer 2/2, base field no. 99/255, constructing abelian extensions
[ Info: 72_49: layer 2/2, base field no. 99/255, checking fields: 0
[ Info: 72_49: layer 2/2, base field no. 100/255, constructing abelian extensions
[ Info: 72_49: layer 2/2, base field no. 100/255, checking fields: 0
[ Info: 72_49: layer 2/2, base field no. 101/255, constructing abelian extensions
[ Info: 72_49: layer 2/2, base field no. 101/255, checking fields: 27
[ Info: 72_49: layer 2/2, base field no. 101/255, 1/27
[ Info: 72_49: layer 2/2, base field no. 101/255, 2/27
[ Info: 72_49: layer 2/2, base field no. 101/255, 3/27
[ Info: 72_49: layer 2/2, base field no. 101/255, 4/27
[ Info: 72_49: layer 2/2, base field no. 101/255, 5/27
[ Info: 72_49: layer 2/2, base field no. 101/255, 6/27
[ Info: 72_49: layer 2/2, base field no. 101/255, 7/27
[ Info: 72_49: layer 2/2, base field no. 101/255, 8/27
[ Info: 72_49: layer 2/2, base field no. 101/255, 9/27
[ Info: 72_49: layer 2/2, base field no. 101/255, 10/27
[ Info: 72_49: layer 2/2, base field no. 101/255, 11/27
[ Info: 72_49: layer 2/2, base field no. 101/255, 12/27
[ Info: 72_49: layer 2/2, base field no. 101/255, 13/27
[ Info: 72_49: layer 2/2, base field no. 101/255, 14/27
[ Info: 72_49: layer 2/2, base field no. 101/255, 15/27
[ Info: 72_49: layer 2/2, base field no. 101/255, 16/27
[ Info: 72_49: layer 2/2, base field no. 101/255, 17/27
[ Info: 72_49: layer 2/2, base field no. 101/255, 18/27
[ Info: 72_49: layer 2/2, base field no. 101/255, 19/27
[ Info: 72_49: layer 2/2, base field no. 101/255, 20/27
[ Info: 72_49: layer 2/2, base field no. 101/255, 21/27
[ Info: 72_49: layer 2/2, base field no. 101/255, 22/27
[ Info: 72_49: layer 2/2, base field no. 101/255, 23/27
[ Info: 72_49: layer 2/2, base field no. 101/255, 24/27
[ Info: 72_49: layer 2/2, base field no. 101/255, 25/27
[ Info: 72_49: layer 2/2, base field no. 101/255, 26/27
[ Info: 72_49: layer 2/2, base field no. 101/255, 27/27
[ Info: 72_49: layer 2/2, base field no. 102/255, constructing abelian extensions
[ Info: 72_49: layer 2/2, base field no. 102/255, checking fields: 1
[ Info: 72_49: layer 2/2, base field no. 102/255, 1/1
[ Info: 72_49: layer 2/2, base field no. 103/255, constructing abelian extensions
[ Info: 72_49: layer 2/2, base field no. 103/255, checking fields: 0
[ Info: 72_49: layer 2/2, base field no. 104/255, constructing abelian extensions
[ Info: 72_49: layer 2/2, base field no. 104/255, checking fields: 2
[ Info: 72_49: layer 2/2, base field no. 104/255, 1/2
[ Info: 72_49: layer 2/2, base field no. 104/255, 2/2
[ Info: 72_49: layer 2/2, base field no. 105/255, constructing abelian extensions
[ Info: 72_49: layer 2/2, base field no. 105/255, checking fields: 2
[ Info: 72_49: layer 2/2, base field no. 105/255, 1/2
[ Info: 72_49: layer 2/2, base field no. 105/255, 2/2
[ Info: 72_49: layer 2/2, base field no. 106/255, constructing abelian extensions
[ Info: 72_49: layer 2/2, base field no. 106/255, checking fields: 0
[ Info: 72_49: layer 2/2, base field no. 107/255, constructing abelian extensions
[ Info: 72_49: layer 2/2, base field no. 107/255, checking fields: 1
[ Info: 72_49: layer 2/2, base field no. 107/255, 1/1
[ Info: 72_49: layer 2/2, base field no. 108/255, constructing abelian extensions
[ Info: 72_49: layer 2/2, base field no. 108/255, checking fields: 1
[ Info: 72_49: layer 2/2, base field no. 108/255, 1/1
[ Info: 72_49: layer 2/2, base field no. 109/255, constructing abelian extensions
[ Info: 72_49: layer 2/2, base field no. 109/255, checking fields: 0
[ Info: 72_49: layer 2/2, base field no. 110/255, constructing abelian extensions
[ Info: 72_49: layer 2/2, base field no. 110/255, checking fields: 0
[ Info: 72_49: layer 2/2, base field no. 111/255, constructing abelian extensions
[ Info: 72_49: layer 2/2, base field no. 111/255, checking fields: 0
[ Info: 72_49: layer 2/2, base field no. 112/255, constructing abelian extensions
[ Info: 72_49: layer 2/2, base field no. 112/255, checking fields: 0
[ Info: 72_49: layer 2/2, base field no. 113/255, constructing abelian extensions
[ Info: 72_49: layer 2/2, base field no. 113/255, checking fields: 0
[ Info: 72_49: layer 2/2, base field no. 114/255, constructing abelian extensions
[ Info: 72_49: layer 2/2, base field no. 114/255, checking fields: 0
[ Info: 72_49: layer 2/2, base field no. 115/255, constructing abelian extensions
[ Info: 72_49: layer 2/2, base field no. 115/255, checking fields: 0
[ Info: 72_49: layer 2/2, base field no. 116/255, constructing abelian extensions
[ Info: 72_49: layer 2/2, base field no. 116/255, checking fields: 0
[ Info: 72_49: layer 2/2, base field no. 117/255, constructing abelian extensions
[ Info: 72_49: layer 2/2, base field no. 117/255, checking fields: 0
[ Info: 72_49: layer 2/2, base field no. 118/255, constructing abelian extensions
[ Info: 72_49: layer 2/2, base field no. 118/255, checking fields: 0
[ Info: 72_49: layer 2/2, base field no. 119/255, constructing abelian extensions
[ Info: 72_49: layer 2/2, base field no. 119/255, checking fields: 0
[ Info: 72_49: layer 2/2, base field no. 120/255, constructing abelian extensions
[ Info: 72_49: layer 2/2, base field no. 120/255, checking fields: 0
[ Info: 72_49: layer 2/2, base field no. 121/255, constructing abelian extensions
[ Info: 72_49: layer 2/2, base field no. 121/255, checking fields: 0
[ Info: 72_49: layer 2/2, base field no. 122/255, constructing abelian extensions
[ Info: 72_49: layer 2/2, base field no. 122/255, checking fields: 0
[ Info: 72_49: layer 2/2, base field no. 123/255, constructing abelian extensions
[ Info: 72_49: layer 2/2, base field no. 123/255, checking fields: 0
[ Info: 72_49: layer 2/2, base field no. 124/255, constructing abelian extensions
[ Info: 72_49: layer 2/2, base field no. 124/255, checking fields: 0
[ Info: 72_49: layer 2/2, base field no. 125/255, constructing abelian extensions
[ Info: 72_49: layer 2/2, base field no. 125/255, checking fields: 0
[ Info: 72_49: layer 2/2, base field no. 126/255, constructing abelian extensions
[ Info: 72_49: layer 2/2, base field no. 126/255, checking fields: 0
[ Info: 72_49: layer 2/2, base field no. 127/255, constructing abelian extensions
[ Info: 72_49: layer 2/2, base field no. 127/255, checking fields: 0
[ Info: 72_49: layer 2/2, base field no. 128/255, constructing abelian extensions
[ Info: 72_49: layer 2/2, base field no. 128/255, checking fields: 0
[ Info: 72_49: layer 2/2, base field no. 129/255, constructing abelian extensions
[ Info: 72_49: layer 2/2, base field no. 129/255, checking fields: 0
[ Info: 72_49: layer 2/2, base field no. 130/255, constructing abelian extensions
[ Info: 72_49: layer 2/2, base field no. 130/255, checking fields: 0
[ Info: 72_49: layer 2/2, base field no. 131/255, constructing abelian extensions
[ Info: 72_49: layer 2/2, base field no. 131/255, checking fields: 0
[ Info: 72_49: layer 2/2, base field no. 132/255, constructing abelian extensions
[ Info: 72_49: layer 2/2, base field no. 132/255, checking fields: 0
[ Info: 72_49: layer 2/2, base field no. 133/255, constructing abelian extensions
[ Info: 72_49: layer 2/2, base field no. 133/255, checking fields: 0
[ Info: 72_49: layer 2/2, base field no. 134/255, constructing abelian extensions
[ Info: 72_49: layer 2/2, base field no. 134/255, checking fields: 0
[ Info: 72_49: layer 2/2, base field no. 135/255, constructing abelian extensions
[ Info: 72_49: layer 2/2, base field no. 135/255, checking fields: 0
[ Info: 72_49: layer 2/2, base field no. 136/255, constructing abelian extensions
[ Info: 72_49: layer 2/2, base field no. 136/255, checking fields: 0
[ Info: 72_49: layer 2/2, base field no. 137/255, constructing abelian extensions
[ Info: 72_49: layer 2/2, base field no. 137/255, checking fields: 0
[ Info: 72_49: layer 2/2, base field no. 138/255, constructing abelian extensions
[ Info: 72_49: layer 2/2, base field no. 138/255, checking fields: 0
[ Info: 72_49: layer 2/2, base field no. 139/255, constructing abelian extensions
[ Info: 72_49: layer 2/2, base field no. 139/255, checking fields: 0
[ Info: 72_49: layer 2/2, base field no. 140/255, constructing abelian extensions
[ Info: 72_49: layer 2/2, base field no. 140/255, checking fields: 0
[ Info: 72_49: layer 2/2, base field no. 141/255, constructing abelian extensions
[ Info: 72_49: layer 2/2, base field no. 141/255, checking fields: 0
[ Info: 72_49: layer 2/2, base field no. 142/255, constructing abelian extensions
[ Info: 72_49: layer 2/2, base field no. 142/255, checking fields: 0
[ Info: 72_49: layer 2/2, base field no. 143/255, constructing abelian extensions
[ Info: 72_49: layer 2/2, base field no. 143/255, checking fields: 1
[ Info: 72_49: layer 2/2, base field no. 143/255, 1/1
[ Info: 72_49: layer 2/2, base field no. 144/255, constructing abelian extensions
[ Info: 72_49: layer 2/2, base field no. 144/255, checking fields: 0
[ Info: 72_49: layer 2/2, base field no. 145/255, constructing abelian extensions
[ Info: 72_49: layer 2/2, base field no. 145/255, checking fields: 0
[ Info: 72_49: layer 2/2, base field no. 146/255, constructing abelian extensions
[ Info: 72_49: layer 2/2, base field no. 146/255, checking fields: 0
[ Info: 72_49: layer 2/2, base field no. 147/255, constructing abelian extensions
[ Info: 72_49: layer 2/2, base field no. 147/255, checking fields: 0
[ Info: 72_49: layer 2/2, base field no. 148/255, constructing abelian extensions
[ Info: 72_49: layer 2/2, base field no. 148/255, checking fields: 0
[ Info: 72_49: layer 2/2, base field no. 149/255, constructing abelian extensions
[ Info: 72_49: layer 2/2, base field no. 149/255, checking fields: 11
[ Info: 72_49: layer 2/2, base field no. 149/255, 1/11
[ Info: 72_49: layer 2/2, base field no. 149/255, 2/11
[ Info: 72_49: layer 2/2, base field no. 149/255, 3/11
[ Info: 72_49: layer 2/2, base field no. 149/255, 4/11
[ Info: 72_49: layer 2/2, base field no. 149/255, 5/11
[ Info: 72_49: layer 2/2, base field no. 149/255, 6/11
[ Info: 72_49: layer 2/2, base field no. 149/255, 7/11
[ Info: 72_49: layer 2/2, base field no. 149/255, 8/11
[ Info: 72_49: layer 2/2, base field no. 149/255, 9/11
[ Info: 72_49: layer 2/2, base field no. 149/255, 10/11
[ Info: 72_49: layer 2/2, base field no. 149/255, 11/11
[ Info: 72_49: layer 2/2, base field no. 150/255, constructing abelian extensions
[ Info: 72_49: layer 2/2, base field no. 150/255, checking fields: 0
[ Info: 72_49: layer 2/2, base field no. 151/255, constructing abelian extensions
[ Info: 72_49: layer 2/2, base field no. 151/255, checking fields: 0
[ Info: 72_49: layer 2/2, base field no. 152/255, constructing abelian extensions
[ Info: 72_49: layer 2/2, base field no. 152/255, checking fields: 0
[ Info: 72_49: layer 2/2, base field no. 153/255, constructing abelian extensions
[ Info: 72_49: layer 2/2, base field no. 153/255, checking fields: 0
[ Info: 72_49: layer 2/2, base field no. 154/255, constructing abelian extensions
[ Info: 72_49: layer 2/2, base field no. 154/255, checking fields: 0
[ Info: 72_49: layer 2/2, base field no. 155/255, constructing abelian extensions
[ Info: 72_49: layer 2/2, base field no. 155/255, checking fields: 0
[ Info: 72_49: layer 2/2, base field no. 156/255, constructing abelian extensions
[ Info: 72_49: layer 2/2, base field no. 156/255, checking fields: 0
[ Info: 72_49: layer 2/2, base field no. 157/255, constructing abelian extensions
[ Info: 72_49: layer 2/2, base field no. 157/255, checking fields: 0
[ Info: 72_49: layer 2/2, base field no. 158/255, constructing abelian extensions
[ Info: 72_49: layer 2/2, base field no. 158/255, checking fields: 0
[ Info: 72_49: layer 2/2, base field no. 159/255, constructing abelian extensions
[ Info: 72_49: layer 2/2, base field no. 159/255, checking fields: 0
[ Info: 72_49: layer 2/2, base field no. 160/255, constructing abelian extensions
[ Info: 72_49: layer 2/2, base field no. 160/255, checking fields: 1
[ Info: 72_49: layer 2/2, base field no. 160/255, 1/1
[ Info: 72_49: layer 2/2, base field no. 161/255, constructing abelian extensions
[ Info: 72_49: layer 2/2, base field no. 161/255, checking fields: 0
[ Info: 72_49: layer 2/2, base field no. 162/255, constructing abelian extensions
[ Info: 72_49: layer 2/2, base field no. 162/255, checking fields: 13
[ Info: 72_49: layer 2/2, base field no. 162/255, 1/13
[ Info: 72_49: layer 2/2, base field no. 162/255, 2/13
[ Info: 72_49: layer 2/2, base field no. 162/255, 3/13
[ Info: 72_49: layer 2/2, base field no. 162/255, 4/13
[ Info: 72_49: layer 2/2, base field no. 162/255, 5/13
[ Info: 72_49: layer 2/2, base field no. 162/255, 6/13
[ Info: 72_49: layer 2/2, base field no. 162/255, 7/13
[ Info: 72_49: layer 2/2, base field no. 162/255, 8/13
[ Info: 72_49: layer 2/2, base field no. 162/255, 9/13
[ Info: 72_49: layer 2/2, base field no. 162/255, 10/13
[ Info: 72_49: layer 2/2, base field no. 162/255, 11/13
[ Info: 72_49: layer 2/2, base field no. 162/255, 12/13
[ Info: 72_49: layer 2/2, base field no. 162/255, 13/13
[ Info: 72_49: layer 2/2, base field no. 163/255, constructing abelian extensions
[ Info: 72_49: layer 2/2, base field no. 163/255, checking fields: 0
[ Info: 72_49: layer 2/2, base field no. 164/255, constructing abelian extensions
[ Info: 72_49: layer 2/2, base field no. 164/255, checking fields: 0
[ Info: 72_49: layer 2/2, base field no. 165/255, constructing abelian extensions
[ Info: 72_49: layer 2/2, base field no. 165/255, checking fields: 0
[ Info: 72_49: layer 2/2, base field no. 166/255, constructing abelian extensions
[ Info: 72_49: layer 2/2, base field no. 166/255, checking fields: 0
[ Info: 72_49: layer 2/2, base field no. 167/255, constructing abelian extensions
[ Info: 72_49: layer 2/2, base field no. 167/255, checking fields: 0
[ Info: 72_49: layer 2/2, base field no. 168/255, constructing abelian extensions
[ Info: 72_49: layer 2/2, base field no. 168/255, checking fields: 0
[ Info: 72_49: layer 2/2, base field no. 169/255, constructing abelian extensions
[ Info: 72_49: layer 2/2, base field no. 169/255, checking fields: 0
[ Info: 72_49: layer 2/2, base field no. 170/255, constructing abelian extensions
[ Info: 72_49: layer 2/2, base field no. 170/255, checking fields: 0
[ Info: 72_49: layer 2/2, base field no. 171/255, constructing abelian extensions
[ Info: 72_49: layer 2/2, base field no. 171/255, checking fields: 0
[ Info: 72_49: layer 2/2, base field no. 172/255, constructing abelian extensions
[ Info: 72_49: layer 2/2, base field no. 172/255, checking fields: 0
[ Info: 72_49: layer 2/2, base field no. 173/255, constructing abelian extensions
[ Info: 72_49: layer 2/2, base field no. 173/255, checking fields: 0
[ Info: 72_49: layer 2/2, base field no. 174/255, constructing abelian extensions
[ Info: 72_49: layer 2/2, base field no. 174/255, checking fields: 0
[ Info: 72_49: layer 2/2, base field no. 175/255, constructing abelian extensions
[ Info: 72_49: layer 2/2, base field no. 175/255, checking fields: 0
[ Info: 72_49: layer 2/2, base field no. 176/255, constructing abelian extensions
[ Info: 72_49: layer 2/2, base field no. 176/255, checking fields: 0
[ Info: 72_49: layer 2/2, base field no. 177/255, constructing abelian extensions
[ Info: 72_49: layer 2/2, base field no. 177/255, checking fields: 0
[ Info: 72_49: layer 2/2, base field no. 178/255, constructing abelian extensions
[ Info: 72_49: layer 2/2, base field no. 178/255, checking fields: 0
[ Info: 72_49: layer 2/2, base field no. 179/255, constructing abelian extensions
[ Info: 72_49: layer 2/2, base field no. 179/255, checking fields: 0
[ Info: 72_49: layer 2/2, base field no. 180/255, constructing abelian extensions
[ Info: 72_49: layer 2/2, base field no. 180/255, checking fields: 0
[ Info: 72_49: layer 2/2, base field no. 181/255, constructing abelian extensions
[ Info: 72_49: layer 2/2, base field no. 181/255, checking fields: 0
[ Info: 72_49: layer 2/2, base field no. 182/255, constructing abelian extensions
[ Info: 72_49: layer 2/2, base field no. 182/255, checking fields: 0
[ Info: 72_49: layer 2/2, base field no. 183/255, constructing abelian extensions
[ Info: 72_49: layer 2/2, base field no. 183/255, checking fields: 0
[ Info: 72_49: layer 2/2, base field no. 184/255, constructing abelian extensions
[ Info: 72_49: layer 2/2, base field no. 184/255, checking fields: 1
[ Info: 72_49: layer 2/2, base field no. 184/255, 1/1
[ Info: 72_49: layer 2/2, base field no. 185/255, constructing abelian extensions
[ Info: 72_49: layer 2/2, base field no. 185/255, checking fields: 0
[ Info: 72_49: layer 2/2, base field no. 186/255, constructing abelian extensions
[ Info: 72_49: layer 2/2, base field no. 186/255, checking fields: 0
[ Info: 72_49: layer 2/2, base field no. 187/255, constructing abelian extensions
[ Info: 72_49: layer 2/2, base field no. 187/255, checking fields: 0
[ Info: 72_49: layer 2/2, base field no. 188/255, constructing abelian extensions
[ Info: 72_49: layer 2/2, base field no. 188/255, checking fields: 0
[ Info: 72_49: layer 2/2, base field no. 189/255, constructing abelian extensions
[ Info: 72_49: layer 2/2, base field no. 189/255, checking fields: 0
[ Info: 72_49: layer 2/2, base field no. 190/255, constructing abelian extensions
[ Info: 72_49: layer 2/2, base field no. 190/255, checking fields: 0
[ Info: 72_49: layer 2/2, base field no. 191/255, constructing abelian extensions
[ Info: 72_49: layer 2/2, base field no. 191/255, checking fields: 0
[ Info: 72_49: layer 2/2, base field no. 192/255, constructing abelian extensions
[ Info: 72_49: layer 2/2, base field no. 192/255, checking fields: 0
[ Info: 72_49: layer 2/2, base field no. 193/255, constructing abelian extensions
[ Info: 72_49: layer 2/2, base field no. 193/255, checking fields: 0
[ Info: 72_49: layer 2/2, base field no. 194/255, constructing abelian extensions
[ Info: 72_49: layer 2/2, base field no. 194/255, checking fields: 0
[ Info: 72_49: layer 2/2, base field no. 195/255, constructing abelian extensions
[ Info: 72_49: layer 2/2, base field no. 195/255, checking fields: 6
[ Info: 72_49: layer 2/2, base field no. 195/255, 1/6
[ Info: 72_49: layer 2/2, base field no. 195/255, 2/6
[ Info: 72_49: layer 2/2, base field no. 195/255, 3/6
[ Info: 72_49: layer 2/2, base field no. 195/255, 4/6
[ Info: 72_49: layer 2/2, base field no. 195/255, 5/6
[ Info: 72_49: layer 2/2, base field no. 195/255, 6/6
[ Info: 72_49: layer 2/2, base field no. 196/255, constructing abelian extensions
[ Info: 72_49: layer 2/2, base field no. 196/255, checking fields: 0
[ Info: 72_49: layer 2/2, base field no. 197/255, constructing abelian extensions
[ Info: 72_49: layer 2/2, base field no. 197/255, checking fields: 0
[ Info: 72_49: layer 2/2, base field no. 198/255, constructing abelian extensions
[ Info: 72_49: layer 2/2, base field no. 198/255, checking fields: 0
[ Info: 72_49: layer 2/2, base field no. 199/255, constructing abelian extensions
[ Info: 72_49: layer 2/2, base field no. 199/255, checking fields: 0
[ Info: 72_49: layer 2/2, base field no. 200/255, constructing abelian extensions
[ Info: 72_49: layer 2/2, base field no. 200/255, checking fields: 0
[ Info: 72_49: layer 2/2, base field no. 201/255, constructing abelian extensions
[ Info: 72_49: layer 2/2, base field no. 201/255, checking fields: 0
[ Info: 72_49: layer 2/2, base field no. 202/255, constructing abelian extensions
[ Info: 72_49: layer 2/2, base field no. 202/255, checking fields: 0
[ Info: 72_49: layer 2/2, base field no. 203/255, constructing abelian extensions
[ Info: 72_49: layer 2/2, base field no. 203/255, checking fields: 0
[ Info: 72_49: layer 2/2, base field no. 204/255, constructing abelian extensions
[ Info: 72_49: layer 2/2, base field no. 204/255, checking fields: 1
[ Info: 72_49: layer 2/2, base field no. 204/255, 1/1
[ Info: 72_49: layer 2/2, base field no. 205/255, constructing abelian extensions
[ Info: 72_49: layer 2/2, base field no. 205/255, checking fields: 0
[ Info: 72_49: layer 2/2, base field no. 206/255, constructing abelian extensions
[ Info: 72_49: layer 2/2, base field no. 206/255, checking fields: 0
[ Info: 72_49: layer 2/2, base field no. 207/255, constructing abelian extensions
[ Info: 72_49: layer 2/2, base field no. 207/255, checking fields: 0
[ Info: 72_49: layer 2/2, base field no. 208/255, constructing abelian extensions
[ Info: 72_49: layer 2/2, base field no. 208/255, checking fields: 0
[ Info: 72_49: layer 2/2, base field no. 209/255, constructing abelian extensions
[ Info: 72_49: layer 2/2, base field no. 209/255, checking fields: 2
[ Info: 72_49: layer 2/2, base field no. 209/255, 1/2
[ Info: 72_49: layer 2/2, base field no. 209/255, 2/2
[ Info: 72_49: layer 2/2, base field no. 210/255, constructing abelian extensions
[ Info: 72_49: layer 2/2, base field no. 210/255, checking fields: 0
[ Info: 72_49: layer 2/2, base field no. 211/255, constructing abelian extensions
[ Info: 72_49: layer 2/2, base field no. 211/255, checking fields: 0
[ Info: 72_49: layer 2/2, base field no. 212/255, constructing abelian extensions
[ Info: 72_49: layer 2/2, base field no. 212/255, checking fields: 0
[ Info: 72_49: layer 2/2, base field no. 213/255, constructing abelian extensions
[ Info: 72_49: layer 2/2, base field no. 213/255, checking fields: 1
[ Info: 72_49: layer 2/2, base field no. 213/255, 1/1
[ Info: 72_49: layer 2/2, base field no. 214/255, constructing abelian extensions
[ Info: 72_49: layer 2/2, base field no. 214/255, checking fields: 0
[ Info: 72_49: layer 2/2, base field no. 215/255, constructing abelian extensions
[ Info: 72_49: layer 2/2, base field no. 215/255, checking fields: 0
[ Info: 72_49: layer 2/2, base field no. 216/255, constructing abelian extensions
[ Info: 72_49: layer 2/2, base field no. 216/255, checking fields: 0
[ Info: 72_49: layer 2/2, base field no. 217/255, constructing abelian extensions
[ Info: 72_49: layer 2/2, base field no. 217/255, checking fields: 0
[ Info: 72_49: layer 2/2, base field no. 218/255, constructing abelian extensions
[ Info: 72_49: layer 2/2, base field no. 218/255, checking fields: 0
[ Info: 72_49: layer 2/2, base field no. 219/255, constructing abelian extensions
[ Info: 72_49: layer 2/2, base field no. 219/255, checking fields: 0
[ Info: 72_49: layer 2/2, base field no. 220/255, constructing abelian extensions
[ Info: 72_49: layer 2/2, base field no. 220/255, checking fields: 0
[ Info: 72_49: layer 2/2, base field no. 221/255, constructing abelian extensions
[ Info: 72_49: layer 2/2, base field no. 221/255, checking fields: 0
[ Info: 72_49: layer 2/2, base field no. 222/255, constructing abelian extensions
[ Info: 72_49: layer 2/2, base field no. 222/255, checking fields: 0
[ Info: 72_49: layer 2/2, base field no. 223/255, constructing abelian extensions
[ Info: 72_49: layer 2/2, base field no. 223/255, checking fields: 0
[ Info: 72_49: layer 2/2, base field no. 224/255, constructing abelian extensions
[ Info: 72_49: layer 2/2, base field no. 224/255, checking fields: 0
[ Info: 72_49: layer 2/2, base field no. 225/255, constructing abelian extensions
[ Info: 72_49: layer 2/2, base field no. 225/255, checking fields: 0
[ Info: 72_49: layer 2/2, base field no. 226/255, constructing abelian extensions
[ Info: 72_49: layer 2/2, base field no. 226/255, checking fields: 0
[ Info: 72_49: layer 2/2, base field no. 227/255, constructing abelian extensions
[ Info: 72_49: layer 2/2, base field no. 227/255, checking fields: 0
[ Info: 72_49: layer 2/2, base field no. 228/255, constructing abelian extensions
[ Info: 72_49: layer 2/2, base field no. 228/255, checking fields: 0
[ Info: 72_49: layer 2/2, base field no. 229/255, constructing abelian extensions
[ Info: 72_49: layer 2/2, base field no. 229/255, checking fields: 0
[ Info: 72_49: layer 2/2, base field no. 230/255, constructing abelian extensions
[ Info: 72_49: layer 2/2, base field no. 230/255, checking fields: 0
[ Info: 72_49: layer 2/2, base field no. 231/255, constructing abelian extensions
[ Info: 72_49: layer 2/2, base field no. 231/255, checking fields: 3
[ Info: 72_49: layer 2/2, base field no. 231/255, 1/3
[ Info: 72_49: layer 2/2, base field no. 231/255, 2/3
[ Info: 72_49: layer 2/2, base field no. 231/255, 3/3
[ Info: 72_49: layer 2/2, base field no. 232/255, constructing abelian extensions
[ Info: 72_49: layer 2/2, base field no. 232/255, checking fields: 0
[ Info: 72_49: layer 2/2, base field no. 233/255, constructing abelian extensions
[ Info: 72_49: layer 2/2, base field no. 233/255, checking fields: 0
[ Info: 72_49: layer 2/2, base field no. 234/255, constructing abelian extensions
[ Info: 72_49: layer 2/2, base field no. 234/255, checking fields: 3
[ Info: 72_49: layer 2/2, base field no. 234/255, 1/3
[ Info: 72_49: layer 2/2, base field no. 234/255, 2/3
[ Info: 72_49: layer 2/2, base field no. 234/255, 3/3
[ Info: 72_49: layer 2/2, base field no. 235/255, constructing abelian extensions
[ Info: 72_49: layer 2/2, base field no. 235/255, checking fields: 2
[ Info: 72_49: layer 2/2, base field no. 235/255, 1/2
[ Info: 72_49: layer 2/2, base field no. 235/255, 2/2
[ Info: 72_49: layer 2/2, base field no. 236/255, constructing abelian extensions
[ Info: 72_49: layer 2/2, base field no. 236/255, checking fields: 0
[ Info: 72_49: layer 2/2, base field no. 237/255, constructing abelian extensions
[ Info: 72_49: layer 2/2, base field no. 237/255, checking fields: 0
[ Info: 72_49: layer 2/2, base field no. 238/255, constructing abelian extensions
[ Info: 72_49: layer 2/2, base field no. 238/255, checking fields: 0
[ Info: 72_49: layer 2/2, base field no. 239/255, constructing abelian extensions
[ Info: 72_49: layer 2/2, base field no. 239/255, checking fields: 0
[ Info: 72_49: layer 2/2, base field no. 240/255, constructing abelian extensions
[ Info: 72_49: layer 2/2, base field no. 240/255, checking fields: 0
[ Info: 72_49: layer 2/2, base field no. 241/255, constructing abelian extensions
[ Info: 72_49: layer 2/2, base field no. 241/255, checking fields: 0
[ Info: 72_49: layer 2/2, base field no. 242/255, constructing abelian extensions
[ Info: 72_49: layer 2/2, base field no. 242/255, checking fields: 0
[ Info: 72_49: layer 2/2, base field no. 243/255, constructing abelian extensions
[ Info: 72_49: layer 2/2, base field no. 243/255, checking fields: 0
[ Info: 72_49: layer 2/2, base field no. 244/255, constructing abelian extensions
[ Info: 72_49: layer 2/2, base field no. 244/255, checking fields: 0
[ Info: 72_49: layer 2/2, base field no. 245/255, constructing abelian extensions
[ Info: 72_49: layer 2/2, base field no. 245/255, checking fields: 0
[ Info: 72_49: layer 2/2, base field no. 246/255, constructing abelian extensions
[ Info: 72_49: layer 2/2, base field no. 246/255, checking fields: 0
[ Info: 72_49: layer 2/2, base field no. 247/255, constructing abelian extensions
[ Info: 72_49: layer 2/2, base field no. 247/255, checking fields: 0
[ Info: 72_49: layer 2/2, base field no. 248/255, constructing abelian extensions
[ Info: 72_49: layer 2/2, base field no. 248/255, checking fields: 0
[ Info: 72_49: layer 2/2, base field no. 249/255, constructing abelian extensions
[ Info: 72_49: layer 2/2, base field no. 249/255, checking fields: 0
[ Info: 72_49: layer 2/2, base field no. 250/255, constructing abelian extensions
[ Info: 72_49: layer 2/2, base field no. 250/255, checking fields: 0
[ Info: 72_49: layer 2/2, base field no. 251/255, constructing abelian extensions
[ Info: 72_49: layer 2/2, base field no. 251/255, checking fields: 0
[ Info: 72_49: layer 2/2, base field no. 252/255, constructing abelian extensions
[ Info: 72_49: layer 2/2, base field no. 252/255, checking fields: 0
[ Info: 72_49: layer 2/2, base field no. 253/255, constructing abelian extensions
[ Info: 72_49: layer 2/2, base field no. 253/255, checking fields: 0
[ Info: 72_49: layer 2/2, base field no. 254/255, constructing abelian extensions
[ Info: 72_49: layer 2/2, base field no. 254/255, checking fields: 0
[ Info: 72_49: layer 2/2, base field no. 255/255, constructing abelian extensions
[ Info: 72_49: layer 2/2, base field no. 255/255, checking fields: 0
21542.438935 seconds (39.41 G allocations: 8.461 TiB, 3.86% gc time, 0.08% compilation time: 1% of which was recompilation)
