[ Info: 80_50: File for first layer does not exist; computing [2, 2, 4]...
[ Info: 80_50: Discriminant bound: 398107170553497250777006080
[ Info: 80_50: Computing simplified defining polynomials for fields and sieving bad CM-fields
[ Info: 80_50: 1/212
[ Info: 80_50: 2/212
[ Info: 80_50: 3/212
[ Info: 80_50: 4/212
[ Info: 80_50: 5/212
[ Info: 80_50: 6/212
[ Info: 80_50: 7/212
[ Info: 80_50: 8/212
[ Info: 80_50: 9/212
[ Info: 80_50: 10/212
[ Info: 80_50: 11/212
[ Info: 80_50: 12/212
[ Info: 80_50: 13/212
[ Info: 80_50: 14/212
[ Info: 80_50: 15/212
[ Info: 80_50: 16/212
[ Info: 80_50: 17/212
[ Info: 80_50: 18/212
[ Info: 80_50: 19/212
[ Info: 80_50: 20/212
[ Info: 80_50: 21/212
[ Info: 80_50: 22/212
[ Info: 80_50: 23/212
[ Info: 80_50: 24/212
[ Info: 80_50: 25/212
[ Info: 80_50: 26/212
[ Info: 80_50: 27/212
[ Info: 80_50: 28/212
[ Info: 80_50: 29/212
[ Info: 80_50: 30/212
[ Info: 80_50: 31/212
[ Info: 80_50: 32/212
[ Info: 80_50: 33/212
[ Info: 80_50: 34/212
[ Info: 80_50: 35/212
[ Info: 80_50: 36/212
[ Info: 80_50: 37/212
[ Info: 80_50: 38/212
[ Info: 80_50: 39/212
[ Info: 80_50: 40/212
[ Info: 80_50: 41/212
[ Info: 80_50: 42/212
[ Info: 80_50: 43/212
[ Info: 80_50: 44/212
[ Info: 80_50: 45/212
[ Info: 80_50: 46/212
[ Info: 80_50: 47/212
[ Info: 80_50: 48/212
[ Info: 80_50: 49/212
[ Info: 80_50: 50/212
[ Info: 80_50: 51/212
[ Info: 80_50: 52/212
[ Info: 80_50: 53/212
[ Info: 80_50: 54/212
[ Info: 80_50: 55/212
[ Info: 80_50: 56/212
[ Info: 80_50: 57/212
[ Info: 80_50: 58/212
[ Info: 80_50: 59/212
[ Info: 80_50: 60/212
[ Info: 80_50: 61/212
[ Info: 80_50: 62/212
[ Info: 80_50: 63/212
[ Info: 80_50: 64/212
[ Info: 80_50: 65/212
[ Info: 80_50: 66/212
[ Info: 80_50: 67/212
[ Info: 80_50: 68/212
[ Info: 80_50: 69/212
[ Info: 80_50: 70/212
[ Info: 80_50: 71/212
[ Info: 80_50: 72/212
[ Info: 80_50: 73/212
[ Info: 80_50: 74/212
[ Info: 80_50: 75/212
[ Info: 80_50: 76/212
[ Info: 80_50: 77/212
[ Info: 80_50: 78/212
[ Info: 80_50: 79/212
[ Info: 80_50: 80/212
[ Info: 80_50: 81/212
[ Info: 80_50: 82/212
[ Info: 80_50: 83/212
[ Info: 80_50: 84/212
[ Info: 80_50: 85/212
[ Info: 80_50: 86/212
[ Info: 80_50: 87/212
[ Info: 80_50: 88/212
[ Info: 80_50: 89/212
[ Info: 80_50: 90/212
[ Info: 80_50: 91/212
[ Info: 80_50: 92/212
[ Info: 80_50: 93/212
[ Info: 80_50: 94/212
[ Info: 80_50: 95/212
[ Info: 80_50: 96/212
[ Info: 80_50: 97/212
[ Info: 80_50: 98/212
[ Info: 80_50: 99/212
[ Info: 80_50: 100/212
[ Info: 80_50: 101/212
[ Info: 80_50: 102/212
[ Info: 80_50: 103/212
[ Info: 80_50: 104/212
[ Info: 80_50: 105/212
[ Info: 80_50: 106/212
[ Info: 80_50: 107/212
[ Info: 80_50: 108/212
[ Info: 80_50: 109/212
[ Info: 80_50: 110/212
[ Info: 80_50: 111/212
[ Info: 80_50: 112/212
[ Info: 80_50: 113/212
[ Info: 80_50: 114/212
[ Info: 80_50: 115/212
[ Info: 80_50: 116/212
[ Info: 80_50: 117/212
[ Info: 80_50: 118/212
[ Info: 80_50: 119/212
[ Info: 80_50: 120/212
[ Info: 80_50: 121/212
[ Info: 80_50: 122/212
[ Info: 80_50: 123/212
[ Info: 80_50: 124/212
[ Info: 80_50: 125/212
[ Info: 80_50: 126/212
[ Info: 80_50: 127/212
[ Info: 80_50: 128/212
[ Info: 80_50: 129/212
[ Info: 80_50: 130/212
[ Info: 80_50: 131/212
[ Info: 80_50: 132/212
[ Info: 80_50: 133/212
[ Info: 80_50: 134/212
[ Info: 80_50: 135/212
[ Info: 80_50: 136/212
[ Info: 80_50: 137/212
[ Info: 80_50: 138/212
[ Info: 80_50: 139/212
[ Info: 80_50: 140/212
[ Info: 80_50: 141/212
[ Info: 80_50: 142/212
[ Info: 80_50: 143/212
[ Info: 80_50: 144/212
[ Info: 80_50: 145/212
[ Info: 80_50: 146/212
[ Info: 80_50: 147/212
[ Info: 80_50: 148/212
[ Info: 80_50: 149/212
[ Info: 80_50: 150/212
[ Info: 80_50: 151/212
[ Info: 80_50: 152/212
[ Info: 80_50: 153/212
[ Info: 80_50: 154/212
[ Info: 80_50: 155/212
[ Info: 80_50: 156/212
[ Info: 80_50: 157/212
[ Info: 80_50: 158/212
[ Info: 80_50: 159/212
[ Info: 80_50: 160/212
[ Info: 80_50: 161/212
[ Info: 80_50: 162/212
[ Info: 80_50: 163/212
[ Info: 80_50: 164/212
[ Info: 80_50: 165/212
[ Info: 80_50: 166/212
[ Info: 80_50: 167/212
[ Info: 80_50: 168/212
[ Info: 80_50: 169/212
[ Info: 80_50: 170/212
[ Info: 80_50: 171/212
[ Info: 80_50: 172/212
[ Info: 80_50: 173/212
[ Info: 80_50: 174/212
[ Info: 80_50: 175/212
[ Info: 80_50: 176/212
[ Info: 80_50: 177/212
[ Info: 80_50: 178/212
[ Info: 80_50: 179/212
[ Info: 80_50: 180/212
[ Info: 80_50: 181/212
[ Info: 80_50: 182/212
[ Info: 80_50: 183/212
[ Info: 80_50: 184/212
[ Info: 80_50: 185/212
[ Info: 80_50: 186/212
[ Info: 80_50: 187/212
[ Info: 80_50: 188/212
[ Info: 80_50: 189/212
[ Info: 80_50: 190/212
[ Info: 80_50: 191/212
[ Info: 80_50: 192/212
[ Info: 80_50: 193/212
[ Info: 80_50: 194/212
[ Info: 80_50: 195/212
[ Info: 80_50: 196/212
[ Info: 80_50: 197/212
[ Info: 80_50: 198/212
[ Info: 80_50: 199/212
[ Info: 80_50: 200/212
[ Info: 80_50: 201/212
[ Info: 80_50: 202/212
[ Info: 80_50: 203/212
[ Info: 80_50: 204/212
[ Info: 80_50: 205/212
[ Info: 80_50: 206/212
[ Info: 80_50: 207/212
[ Info: 80_50: 208/212
[ Info: 80_50: 209/212
[ Info: 80_50: 210/212
[ Info: 80_50: 211/212
[ Info: 80_50: 212/212
[ Info: 80_50: layer 2/2, base field no. 1/48, constructing abelian extensions
[ Info: 80_50: layer 2/2, base field no. 1/48, checking fields: 1
[ Info: 80_50: layer 2/2, base field no. 1/48, 1/1
[ Info: 80_50: layer 2/2, base field no. 2/48, constructing abelian extensions
[ Info: 80_50: layer 2/2, base field no. 2/48, checking fields: 6
[ Info: 80_50: layer 2/2, base field no. 2/48, 1/6
[ Info: 80_50: layer 2/2, base field no. 2/48, 2/6
[ Info: 80_50: layer 2/2, base field no. 2/48, 3/6
[ Info: 80_50: layer 2/2, base field no. 2/48, 4/6
[ Info: 80_50: layer 2/2, base field no. 2/48, 5/6
[ Info: 80_50: layer 2/2, base field no. 2/48, 6/6
[ Info: 80_50: layer 2/2, base field no. 3/48, constructing abelian extensions
[ Info: 80_50: layer 2/2, base field no. 3/48, checking fields: 2
[ Info: 80_50: layer 2/2, base field no. 3/48, 1/2
[ Info: 80_50: layer 2/2, base field no. 3/48, 2/2
[ Info: 80_50: layer 2/2, base field no. 4/48, constructing abelian extensions
[ Info: 80_50: layer 2/2, base field no. 4/48, checking fields: 0
[ Info: 80_50: layer 2/2, base field no. 5/48, constructing abelian extensions
[ Info: 80_50: layer 2/2, base field no. 5/48, checking fields: 11
[ Info: 80_50: layer 2/2, base field no. 5/48, 1/11
[ Info: 80_50: layer 2/2, base field no. 5/48, 2/11
[ Info: 80_50: layer 2/2, base field no. 5/48, 3/11
[ Info: 80_50: layer 2/2, base field no. 5/48, 4/11
[ Info: 80_50: layer 2/2, base field no. 5/48, 5/11
[ Info: 80_50: layer 2/2, base field no. 5/48, 6/11
[ Info: 80_50: layer 2/2, base field no. 5/48, 7/11
[ Info: 80_50: layer 2/2, base field no. 5/48, 8/11
[ Info: 80_50: layer 2/2, base field no. 5/48, 9/11
[ Info: 80_50: layer 2/2, base field no. 5/48, 10/11
[ Info: 80_50: layer 2/2, base field no. 5/48, 11/11
[ Info: 80_50: layer 2/2, base field no. 6/48, constructing abelian extensions
[ Info: 80_50: layer 2/2, base field no. 6/48, checking fields: 2
[ Info: 80_50: layer 2/2, base field no. 6/48, 1/2
[ Info: 80_50: layer 2/2, base field no. 6/48, 2/2
[ Info: 80_50: layer 2/2, base field no. 7/48, constructing abelian extensions
[ Info: 80_50: layer 2/2, base field no. 7/48, checking fields: 3
[ Info: 80_50: layer 2/2, base field no. 7/48, 1/3
[ Info: 80_50: layer 2/2, base field no. 7/48, 2/3
[ Info: 80_50: layer 2/2, base field no. 7/48, 3/3
[ Info: 80_50: layer 2/2, base field no. 8/48, constructing abelian extensions
[ Info: 80_50: layer 2/2, base field no. 8/48, checking fields: 5
[ Info: 80_50: layer 2/2, base field no. 8/48, 1/5
[ Info: 80_50: layer 2/2, base field no. 8/48, 2/5
[ Info: 80_50: layer 2/2, base field no. 8/48, 3/5
[ Info: 80_50: layer 2/2, base field no. 8/48, 4/5
[ Info: 80_50: layer 2/2, base field no. 8/48, 5/5
[ Info: 80_50: layer 2/2, base field no. 9/48, constructing abelian extensions
[ Info: 80_50: layer 2/2, base field no. 9/48, checking fields: 0
[ Info: 80_50: layer 2/2, base field no. 10/48, constructing abelian extensions
[ Info: 80_50: layer 2/2, base field no. 10/48, checking fields: 5
[ Info: 80_50: layer 2/2, base field no. 10/48, 1/5
[ Info: 80_50: layer 2/2, base field no. 10/48, 2/5
[ Info: 80_50: layer 2/2, base field no. 10/48, 3/5
[ Info: 80_50: layer 2/2, base field no. 10/48, 4/5
[ Info: 80_50: layer 2/2, base field no. 10/48, 5/5
[ Info: 80_50: layer 2/2, base field no. 11/48, constructing abelian extensions
[ Info: 80_50: layer 2/2, base field no. 11/48, checking fields: 6
[ Info: 80_50: layer 2/2, base field no. 11/48, 1/6
[ Info: 80_50: layer 2/2, base field no. 11/48, 2/6
[ Info: 80_50: layer 2/2, base field no. 11/48, 3/6
[ Info: 80_50: layer 2/2, base field no. 11/48, 4/6
[ Info: 80_50: layer 2/2, base field no. 11/48, 5/6
[ Info: 80_50: layer 2/2, base field no. 11/48, 6/6
[ Info: 80_50: layer 2/2, base field no. 12/48, constructing abelian extensions
[ Info: 80_50: layer 2/2, base field no. 12/48, checking fields: 2
[ Info: 80_50: layer 2/2, base field no. 12/48, 1/2
[ Info: 80_50: layer 2/2, base field no. 12/48, 2/2
[ Info: 80_50: layer 2/2, base field no. 13/48, constructing abelian extensions
[ Info: 80_50: layer 2/2, base field no. 13/48, checking fields: 3
[ Info: 80_50: layer 2/2, base field no. 13/48, 1/3
[ Info: 80_50: layer 2/2, base field no. 13/48, 2/3
[ Info: 80_50: layer 2/2, base field no. 13/48, 3/3
[ Info: 80_50: layer 2/2, base field no. 14/48, constructing abelian extensions
[ Info: 80_50: layer 2/2, base field no. 14/48, checking fields: 2
[ Info: 80_50: layer 2/2, base field no. 14/48, 1/2
[ Info: 80_50: layer 2/2, base field no. 14/48, 2/2
[ Info: 80_50: layer 2/2, base field no. 15/48, constructing abelian extensions
[ Info: 80_50: layer 2/2, base field no. 15/48, checking fields: 0
[ Info: 80_50: layer 2/2, base field no. 16/48, constructing abelian extensions
[ Info: 80_50: layer 2/2, base field no. 16/48, checking fields: 0
[ Info: 80_50: layer 2/2, base field no. 17/48, constructing abelian extensions
[ Info: 80_50: layer 2/2, base field no. 17/48, checking fields: 0
[ Info: 80_50: layer 2/2, base field no. 18/48, constructing abelian extensions
[ Info: 80_50: layer 2/2, base field no. 18/48, checking fields: 0
[ Info: 80_50: layer 2/2, base field no. 19/48, constructing abelian extensions
[ Info: 80_50: layer 2/2, base field no. 19/48, checking fields: 2
[ Info: 80_50: layer 2/2, base field no. 19/48, 1/2
[ Info: 80_50: layer 2/2, base field no. 19/48, 2/2
[ Info: 80_50: layer 2/2, base field no. 20/48, constructing abelian extensions
[ Info: 80_50: layer 2/2, base field no. 20/48, checking fields: 0
[ Info: 80_50: layer 2/2, base field no. 21/48, constructing abelian extensions
[ Info: 80_50: layer 2/2, base field no. 21/48, checking fields: 0
[ Info: 80_50: layer 2/2, base field no. 22/48, constructing abelian extensions
[ Info: 80_50: layer 2/2, base field no. 22/48, checking fields: 0
[ Info: 80_50: layer 2/2, base field no. 23/48, constructing abelian extensions
[ Info: 80_50: layer 2/2, base field no. 23/48, checking fields: 5
[ Info: 80_50: layer 2/2, base field no. 23/48, 1/5
[ Info: 80_50: layer 2/2, base field no. 23/48, 2/5
[ Info: 80_50: layer 2/2, base field no. 23/48, 3/5
[ Info: 80_50: layer 2/2, base field no. 23/48, 4/5
[ Info: 80_50: layer 2/2, base field no. 23/48, 5/5
[ Info: 80_50: layer 2/2, base field no. 24/48, constructing abelian extensions
[ Info: 80_50: layer 2/2, base field no. 24/48, checking fields: 0
[ Info: 80_50: layer 2/2, base field no. 25/48, constructing abelian extensions
[ Info: 80_50: layer 2/2, base field no. 25/48, checking fields: 0
[ Info: 80_50: layer 2/2, base field no. 26/48, constructing abelian extensions
[ Info: 80_50: layer 2/2, base field no. 26/48, checking fields: 0
[ Info: 80_50: layer 2/2, base field no. 27/48, constructing abelian extensions
[ Info: 80_50: layer 2/2, base field no. 27/48, checking fields: 0
[ Info: 80_50: layer 2/2, base field no. 28/48, constructing abelian extensions
[ Info: 80_50: layer 2/2, base field no. 28/48, checking fields: 1
[ Info: 80_50: layer 2/2, base field no. 28/48, 1/1
[ Info: 80_50: layer 2/2, base field no. 29/48, constructing abelian extensions
[ Info: 80_50: layer 2/2, base field no. 29/48, checking fields: 1
[ Info: 80_50: layer 2/2, base field no. 29/48, 1/1
[ Info: 80_50: layer 2/2, base field no. 30/48, constructing abelian extensions
[ Info: 80_50: layer 2/2, base field no. 30/48, checking fields: 1
[ Info: 80_50: layer 2/2, base field no. 30/48, 1/1
[ Info: 80_50: layer 2/2, base field no. 31/48, constructing abelian extensions
[ Info: 80_50: layer 2/2, base field no. 31/48, checking fields: 0
[ Info: 80_50: layer 2/2, base field no. 32/48, constructing abelian extensions
[ Info: 80_50: layer 2/2, base field no. 32/48, checking fields: 2
[ Info: 80_50: layer 2/2, base field no. 32/48, 1/2
[ Info: 80_50: layer 2/2, base field no. 32/48, 2/2
[ Info: 80_50: layer 2/2, base field no. 33/48, constructing abelian extensions
[ Info: 80_50: layer 2/2, base field no. 33/48, checking fields: 2
[ Info: 80_50: layer 2/2, base field no. 33/48, 1/2
[ Info: 80_50: layer 2/2, base field no. 33/48, 2/2
[ Info: 80_50: layer 2/2, base field no. 34/48, constructing abelian extensions
[ Info: 80_50: layer 2/2, base field no. 34/48, checking fields: 1
[ Info: 80_50: layer 2/2, base field no. 34/48, 1/1
[ Info: 80_50: layer 2/2, base field no. 35/48, constructing abelian extensions
[ Info: 80_50: layer 2/2, base field no. 35/48, checking fields: 7
[ Info: 80_50: layer 2/2, base field no. 35/48, 1/7
[ Info: 80_50: layer 2/2, base field no. 35/48, 2/7
[ Info: 80_50: layer 2/2, base field no. 35/48, 3/7
[ Info: 80_50: layer 2/2, base field no. 35/48, 4/7
[ Info: 80_50: layer 2/2, base field no. 35/48, 5/7
[ Info: 80_50: layer 2/2, base field no. 35/48, 6/7
[ Info: 80_50: layer 2/2, base field no. 35/48, 7/7
[ Info: 80_50: layer 2/2, base field no. 36/48, constructing abelian extensions
[ Info: 80_50: layer 2/2, base field no. 36/48, checking fields: 0
[ Info: 80_50: layer 2/2, base field no. 37/48, constructing abelian extensions
[ Info: 80_50: layer 2/2, base field no. 37/48, checking fields: 0
[ Info: 80_50: layer 2/2, base field no. 38/48, constructing abelian extensions
[ Info: 80_50: layer 2/2, base field no. 38/48, checking fields: 1
[ Info: 80_50: layer 2/2, base field no. 38/48, 1/1
[ Info: 80_50: layer 2/2, base field no. 39/48, constructing abelian extensions
[ Info: 80_50: layer 2/2, base field no. 39/48, checking fields: 1
[ Info: 80_50: layer 2/2, base field no. 39/48, 1/1
[ Info: 80_50: layer 2/2, base field no. 40/48, constructing abelian extensions
[ Info: 80_50: layer 2/2, base field no. 40/48, checking fields: 0
[ Info: 80_50: layer 2/2, base field no. 41/48, constructing abelian extensions
[ Info: 80_50: layer 2/2, base field no. 41/48, checking fields: 0
[ Info: 80_50: layer 2/2, base field no. 42/48, constructing abelian extensions
[ Info: 80_50: layer 2/2, base field no. 42/48, checking fields: 0
[ Info: 80_50: layer 2/2, base field no. 43/48, constructing abelian extensions
[ Info: 80_50: layer 2/2, base field no. 43/48, checking fields: 2
[ Info: 80_50: layer 2/2, base field no. 43/48, 1/2
[ Info: 80_50: layer 2/2, base field no. 43/48, 2/2
[ Info: 80_50: layer 2/2, base field no. 44/48, constructing abelian extensions
[ Info: 80_50: layer 2/2, base field no. 44/48, checking fields: 0
[ Info: 80_50: layer 2/2, base field no. 45/48, constructing abelian extensions
[ Info: 80_50: layer 2/2, base field no. 45/48, checking fields: 3
[ Info: 80_50: layer 2/2, base field no. 45/48, 1/3
[ Info: 80_50: layer 2/2, base field no. 45/48, 2/3
[ Info: 80_50: layer 2/2, base field no. 45/48, 3/3
[ Info: 80_50: layer 2/2, base field no. 46/48, constructing abelian extensions
[ Info: 80_50: layer 2/2, base field no. 46/48, checking fields: 0
[ Info: 80_50: layer 2/2, base field no. 47/48, constructing abelian extensions
[ Info: 80_50: layer 2/2, base field no. 47/48, checking fields: 0
[ Info: 80_50: layer 2/2, base field no. 48/48, constructing abelian extensions
[ Info: 80_50: layer 2/2, base field no. 48/48, checking fields: 0
7890.479184 seconds (13.16 G allocations: 2.460 TiB, 4.84% gc time, 0.33% compilation time: <1% of which was recompilation)
