[ Info: 64_66: File for first layer exists [2, 2, 4], 1000000000000000000000000000; loading ...
[ Info: 64_66: layer 2/2, base field no. 1/53, constructing abelian extensions
[ Info: 64_66: layer 2/2, base field no. 1/53, checking fields: 87
[ Info: 64_66: layer 2/2, base field no. 1/53, 1/87
[ Info: 64_66: layer 2/2, base field no. 1/53, 2/87
[ Info: 64_66: layer 2/2, base field no. 1/53, 3/87
[ Info: 64_66: layer 2/2, base field no. 1/53, 4/87
[ Info: 64_66: layer 2/2, base field no. 1/53, 5/87
[ Info: 64_66: layer 2/2, base field no. 1/53, 6/87
[ Info: 64_66: layer 2/2, base field no. 1/53, 7/87
[ Info: 64_66: layer 2/2, base field no. 1/53, 8/87
[ Info: 64_66: layer 2/2, base field no. 1/53, 9/87
[ Info: 64_66: layer 2/2, base field no. 1/53, 10/87
[ Info: 64_66: layer 2/2, base field no. 1/53, 11/87
[ Info: 64_66: layer 2/2, base field no. 1/53, 12/87
[ Info: 64_66: layer 2/2, base field no. 1/53, 13/87
[ Info: 64_66: layer 2/2, base field no. 1/53, 14/87
[ Info: 64_66: layer 2/2, base field no. 1/53, 15/87
[ Info: 64_66: layer 2/2, base field no. 1/53, 16/87
[ Info: 64_66: layer 2/2, base field no. 1/53, 17/87
[ Info: 64_66: layer 2/2, base field no. 1/53, 18/87
[ Info: 64_66: layer 2/2, base field no. 1/53, 19/87
[ Info: 64_66: layer 2/2, base field no. 1/53, 20/87
[ Info: 64_66: layer 2/2, base field no. 1/53, 21/87
[ Info: 64_66: layer 2/2, base field no. 1/53, 22/87
[ Info: 64_66: layer 2/2, base field no. 1/53, 23/87
[ Info: 64_66: layer 2/2, base field no. 1/53, 24/87
[ Info: 64_66: layer 2/2, base field no. 1/53, 25/87
[ Info: 64_66: layer 2/2, base field no. 1/53, 26/87
[ Info: 64_66: layer 2/2, base field no. 1/53, 27/87
[ Info: 64_66: layer 2/2, base field no. 1/53, 28/87
[ Info: 64_66: layer 2/2, base field no. 1/53, 29/87
[ Info: 64_66: layer 2/2, base field no. 1/53, 30/87
[ Info: 64_66: layer 2/2, base field no. 1/53, 31/87
[ Info: 64_66: layer 2/2, base field no. 1/53, 32/87
[ Info: 64_66: layer 2/2, base field no. 1/53, 33/87
[ Info: 64_66: layer 2/2, base field no. 1/53, 34/87
[ Info: 64_66: layer 2/2, base field no. 1/53, 35/87
[ Info: 64_66: layer 2/2, base field no. 1/53, 36/87
[ Info: 64_66: layer 2/2, base field no. 1/53, 37/87
[ Info: 64_66: layer 2/2, base field no. 1/53, 38/87
[ Info: 64_66: layer 2/2, base field no. 1/53, 39/87
[ Info: 64_66: layer 2/2, base field no. 1/53, 40/87
[ Info: 64_66: layer 2/2, base field no. 1/53, 41/87
[ Info: 64_66: layer 2/2, base field no. 1/53, 42/87
[ Info: 64_66: layer 2/2, base field no. 1/53, 43/87
[ Info: 64_66: layer 2/2, base field no. 1/53, 44/87
[ Info: 64_66: layer 2/2, base field no. 1/53, 45/87
[ Info: 64_66: layer 2/2, base field no. 1/53, 46/87
[ Info: 64_66: layer 2/2, base field no. 1/53, 47/87
[ Info: 64_66: layer 2/2, base field no. 1/53, 48/87
[ Info: 64_66: layer 2/2, base field no. 1/53, 49/87
[ Info: 64_66: layer 2/2, base field no. 1/53, 50/87
[ Info: 64_66: layer 2/2, base field no. 1/53, 51/87
[ Info: 64_66: layer 2/2, base field no. 1/53, 52/87
[ Info: 64_66: layer 2/2, base field no. 1/53, 53/87
[ Info: 64_66: layer 2/2, base field no. 1/53, 54/87
[ Info: 64_66: layer 2/2, base field no. 1/53, 55/87
[ Info: 64_66: layer 2/2, base field no. 1/53, 56/87
[ Info: 64_66: layer 2/2, base field no. 1/53, 57/87
[ Info: 64_66: layer 2/2, base field no. 1/53, 58/87
[ Info: 64_66: layer 2/2, base field no. 1/53, 59/87
[ Info: 64_66: layer 2/2, base field no. 1/53, 60/87
[ Info: 64_66: layer 2/2, base field no. 1/53, 61/87
[ Info: 64_66: layer 2/2, base field no. 1/53, 62/87
[ Info: 64_66: layer 2/2, base field no. 1/53, 63/87
[ Info: 64_66: layer 2/2, base field no. 1/53, 64/87
[ Info: 64_66: layer 2/2, base field no. 1/53, 65/87
[ Info: 64_66: layer 2/2, base field no. 1/53, 66/87
[ Info: 64_66: layer 2/2, base field no. 1/53, 67/87
[ Info: 64_66: layer 2/2, base field no. 1/53, 68/87
[ Info: 64_66: layer 2/2, base field no. 1/53, 69/87
[ Info: 64_66: layer 2/2, base field no. 1/53, 70/87
[ Info: 64_66: layer 2/2, base field no. 1/53, 71/87
[ Info: 64_66: layer 2/2, base field no. 1/53, 72/87
[ Info: 64_66: layer 2/2, base field no. 1/53, 73/87
[ Info: 64_66: layer 2/2, base field no. 1/53, 74/87
[ Info: 64_66: layer 2/2, base field no. 1/53, 75/87
[ Info: 64_66: layer 2/2, base field no. 1/53, 76/87
[ Info: 64_66: layer 2/2, base field no. 1/53, 77/87
[ Info: 64_66: layer 2/2, base field no. 1/53, 78/87
[ Info: 64_66: layer 2/2, base field no. 1/53, 79/87
[ Info: 64_66: layer 2/2, base field no. 1/53, 80/87
[ Info: 64_66: layer 2/2, base field no. 1/53, 81/87
[ Info: 64_66: layer 2/2, base field no. 1/53, 82/87
[ Info: 64_66: layer 2/2, base field no. 1/53, 83/87
[ Info: 64_66: layer 2/2, base field no. 1/53, 84/87
[ Info: 64_66: layer 2/2, base field no. 1/53, 85/87
[ Info: 64_66: layer 2/2, base field no. 1/53, 86/87
[ Info: 64_66: layer 2/2, base field no. 1/53, 87/87
[ Info: 64_66: layer 2/2, base field no. 2/53, constructing abelian extensions
[ Info: 64_66: layer 2/2, base field no. 2/53, checking fields: 108
[ Info: 64_66: layer 2/2, base field no. 2/53, 1/108
[ Info: 64_66: layer 2/2, base field no. 2/53, 2/108
[ Info: 64_66: layer 2/2, base field no. 2/53, 3/108
[ Info: 64_66: layer 2/2, base field no. 2/53, 4/108
[ Info: 64_66: layer 2/2, base field no. 2/53, 5/108
[ Info: 64_66: layer 2/2, base field no. 2/53, 6/108
[ Info: 64_66: layer 2/2, base field no. 2/53, 7/108
[ Info: 64_66: layer 2/2, base field no. 2/53, 8/108
[ Info: 64_66: layer 2/2, base field no. 2/53, 9/108
[ Info: 64_66: layer 2/2, base field no. 2/53, 10/108
[ Info: 64_66: layer 2/2, base field no. 2/53, 11/108
[ Info: 64_66: layer 2/2, base field no. 2/53, 12/108
[ Info: 64_66: layer 2/2, base field no. 2/53, 13/108
[ Info: 64_66: layer 2/2, base field no. 2/53, 14/108
[ Info: 64_66: layer 2/2, base field no. 2/53, 15/108
[ Info: 64_66: layer 2/2, base field no. 2/53, 16/108
[ Info: 64_66: layer 2/2, base field no. 2/53, 17/108
[ Info: 64_66: layer 2/2, base field no. 2/53, 18/108
[ Info: 64_66: layer 2/2, base field no. 2/53, 19/108
[ Info: 64_66: layer 2/2, base field no. 2/53, 20/108
[ Info: 64_66: layer 2/2, base field no. 2/53, 21/108
[ Info: 64_66: layer 2/2, base field no. 2/53, 22/108
[ Info: 64_66: layer 2/2, base field no. 2/53, 23/108
[ Info: 64_66: layer 2/2, base field no. 2/53, 24/108
[ Info: 64_66: layer 2/2, base field no. 2/53, 25/108
[ Info: 64_66: layer 2/2, base field no. 2/53, 26/108
[ Info: 64_66: layer 2/2, base field no. 2/53, 27/108
[ Info: 64_66: layer 2/2, base field no. 2/53, 28/108
[ Info: 64_66: layer 2/2, base field no. 2/53, 29/108
[ Info: 64_66: layer 2/2, base field no. 2/53, 30/108
[ Info: 64_66: layer 2/2, base field no. 2/53, 31/108
[ Info: 64_66: layer 2/2, base field no. 2/53, 32/108
[ Info: 64_66: layer 2/2, base field no. 2/53, 33/108
[ Info: 64_66: layer 2/2, base field no. 2/53, 34/108
[ Info: 64_66: layer 2/2, base field no. 2/53, 35/108
[ Info: 64_66: layer 2/2, base field no. 2/53, 36/108
[ Info: 64_66: layer 2/2, base field no. 2/53, 37/108
[ Info: 64_66: layer 2/2, base field no. 2/53, 38/108
[ Info: 64_66: layer 2/2, base field no. 2/53, 39/108
[ Info: 64_66: layer 2/2, base field no. 2/53, 40/108
[ Info: 64_66: layer 2/2, base field no. 2/53, 41/108
[ Info: 64_66: layer 2/2, base field no. 2/53, 42/108
[ Info: 64_66: layer 2/2, base field no. 2/53, 43/108
[ Info: 64_66: layer 2/2, base field no. 2/53, 44/108
[ Info: 64_66: layer 2/2, base field no. 2/53, 45/108
[ Info: 64_66: layer 2/2, base field no. 2/53, 46/108
[ Info: 64_66: layer 2/2, base field no. 2/53, 47/108
[ Info: 64_66: layer 2/2, base field no. 2/53, 48/108
[ Info: 64_66: layer 2/2, base field no. 2/53, 49/108
[ Info: 64_66: layer 2/2, base field no. 2/53, 50/108
[ Info: 64_66: layer 2/2, base field no. 2/53, 51/108
[ Info: 64_66: layer 2/2, base field no. 2/53, 52/108
[ Info: 64_66: layer 2/2, base field no. 2/53, 53/108
[ Info: 64_66: layer 2/2, base field no. 2/53, 54/108
[ Info: 64_66: layer 2/2, base field no. 2/53, 55/108
[ Info: 64_66: layer 2/2, base field no. 2/53, 56/108
[ Info: 64_66: layer 2/2, base field no. 2/53, 57/108
[ Info: 64_66: layer 2/2, base field no. 2/53, 58/108
[ Info: 64_66: layer 2/2, base field no. 2/53, 59/108
[ Info: 64_66: layer 2/2, base field no. 2/53, 60/108
[ Info: 64_66: layer 2/2, base field no. 2/53, 61/108
[ Info: 64_66: layer 2/2, base field no. 2/53, 62/108
[ Info: 64_66: layer 2/2, base field no. 2/53, 63/108
[ Info: 64_66: layer 2/2, base field no. 2/53, 64/108
[ Info: 64_66: layer 2/2, base field no. 2/53, 65/108
[ Info: 64_66: layer 2/2, base field no. 2/53, 66/108
[ Info: 64_66: layer 2/2, base field no. 2/53, 67/108
[ Info: 64_66: layer 2/2, base field no. 2/53, 68/108
[ Info: 64_66: layer 2/2, base field no. 2/53, 69/108
[ Info: 64_66: layer 2/2, base field no. 2/53, 70/108
[ Info: 64_66: layer 2/2, base field no. 2/53, 71/108
[ Info: 64_66: layer 2/2, base field no. 2/53, 72/108
[ Info: 64_66: layer 2/2, base field no. 2/53, 73/108
[ Info: 64_66: layer 2/2, base field no. 2/53, 74/108
[ Info: 64_66: layer 2/2, base field no. 2/53, 75/108
[ Info: 64_66: layer 2/2, base field no. 2/53, 76/108
[ Info: 64_66: layer 2/2, base field no. 2/53, 77/108
[ Info: 64_66: layer 2/2, base field no. 2/53, 78/108
[ Info: 64_66: layer 2/2, base field no. 2/53, 79/108
[ Info: 64_66: layer 2/2, base field no. 2/53, 80/108
[ Info: 64_66: layer 2/2, base field no. 2/53, 81/108
[ Info: 64_66: layer 2/2, base field no. 2/53, 82/108
[ Info: 64_66: layer 2/2, base field no. 2/53, 83/108
[ Info: 64_66: layer 2/2, base field no. 2/53, 84/108
[ Info: 64_66: layer 2/2, base field no. 2/53, 85/108
[ Info: 64_66: layer 2/2, base field no. 2/53, 86/108
[ Info: 64_66: layer 2/2, base field no. 2/53, 87/108
[ Info: 64_66: layer 2/2, base field no. 2/53, 88/108
[ Info: 64_66: layer 2/2, base field no. 2/53, 89/108
[ Info: 64_66: layer 2/2, base field no. 2/53, 90/108
[ Info: 64_66: layer 2/2, base field no. 2/53, 91/108
[ Info: 64_66: layer 2/2, base field no. 2/53, 92/108
[ Info: 64_66: layer 2/2, base field no. 2/53, 93/108
[ Info: 64_66: layer 2/2, base field no. 2/53, 94/108
[ Info: 64_66: layer 2/2, base field no. 2/53, 95/108
[ Info: 64_66: layer 2/2, base field no. 2/53, 96/108
[ Info: 64_66: layer 2/2, base field no. 2/53, 97/108
[ Info: 64_66: layer 2/2, base field no. 2/53, 98/108
[ Info: 64_66: layer 2/2, base field no. 2/53, 99/108
[ Info: 64_66: layer 2/2, base field no. 2/53, 100/108
[ Info: 64_66: layer 2/2, base field no. 2/53, 101/108
[ Info: 64_66: layer 2/2, base field no. 2/53, 102/108
[ Info: 64_66: layer 2/2, base field no. 2/53, 103/108
[ Info: 64_66: layer 2/2, base field no. 2/53, 104/108
[ Info: 64_66: layer 2/2, base field no. 2/53, 105/108
[ Info: 64_66: layer 2/2, base field no. 2/53, 106/108
[ Info: 64_66: layer 2/2, base field no. 2/53, 107/108
[ Info: 64_66: layer 2/2, base field no. 2/53, 108/108
[ Info: 64_66: layer 2/2, base field no. 3/53, constructing abelian extensions
[ Info: 64_66: layer 2/2, base field no. 3/53, checking fields: 40
[ Info: 64_66: layer 2/2, base field no. 3/53, 1/40
[ Info: 64_66: layer 2/2, base field no. 3/53, 2/40
[ Info: 64_66: layer 2/2, base field no. 3/53, 3/40
[ Info: 64_66: layer 2/2, base field no. 3/53, 4/40
[ Info: 64_66: layer 2/2, base field no. 3/53, 5/40
[ Info: 64_66: layer 2/2, base field no. 3/53, 6/40
[ Info: 64_66: layer 2/2, base field no. 3/53, 7/40
[ Info: 64_66: layer 2/2, base field no. 3/53, 8/40
[ Info: 64_66: layer 2/2, base field no. 3/53, 9/40
[ Info: 64_66: layer 2/2, base field no. 3/53, 10/40
[ Info: 64_66: layer 2/2, base field no. 3/53, 11/40
[ Info: 64_66: layer 2/2, base field no. 3/53, 12/40
[ Info: 64_66: layer 2/2, base field no. 3/53, 13/40
[ Info: 64_66: layer 2/2, base field no. 3/53, 14/40
[ Info: 64_66: layer 2/2, base field no. 3/53, 15/40
[ Info: 64_66: layer 2/2, base field no. 3/53, 16/40
[ Info: 64_66: layer 2/2, base field no. 3/53, 17/40
[ Info: 64_66: layer 2/2, base field no. 3/53, 18/40
[ Info: 64_66: layer 2/2, base field no. 3/53, 19/40
[ Info: 64_66: layer 2/2, base field no. 3/53, 20/40
[ Info: 64_66: layer 2/2, base field no. 3/53, 21/40
[ Info: 64_66: layer 2/2, base field no. 3/53, 22/40
[ Info: 64_66: layer 2/2, base field no. 3/53, 23/40
[ Info: 64_66: layer 2/2, base field no. 3/53, 24/40
[ Info: 64_66: layer 2/2, base field no. 3/53, 25/40
[ Info: 64_66: layer 2/2, base field no. 3/53, 26/40
[ Info: 64_66: layer 2/2, base field no. 3/53, 27/40
[ Info: 64_66: layer 2/2, base field no. 3/53, 28/40
[ Info: 64_66: layer 2/2, base field no. 3/53, 29/40
[ Info: 64_66: layer 2/2, base field no. 3/53, 30/40
[ Info: 64_66: layer 2/2, base field no. 3/53, 31/40
[ Info: 64_66: layer 2/2, base field no. 3/53, 32/40
[ Info: 64_66: layer 2/2, base field no. 3/53, 33/40
[ Info: 64_66: layer 2/2, base field no. 3/53, 34/40
[ Info: 64_66: layer 2/2, base field no. 3/53, 35/40
[ Info: 64_66: layer 2/2, base field no. 3/53, 36/40
[ Info: 64_66: layer 2/2, base field no. 3/53, 37/40
[ Info: 64_66: layer 2/2, base field no. 3/53, 38/40
[ Info: 64_66: layer 2/2, base field no. 3/53, 39/40
[ Info: 64_66: layer 2/2, base field no. 3/53, 40/40
[ Info: 64_66: layer 2/2, base field no. 4/53, constructing abelian extensions
[ Info: 64_66: layer 2/2, base field no. 4/53, checking fields: 48
[ Info: 64_66: layer 2/2, base field no. 4/53, 1/48
[ Info: 64_66: layer 2/2, base field no. 4/53, 2/48
[ Info: 64_66: layer 2/2, base field no. 4/53, 3/48
[ Info: 64_66: layer 2/2, base field no. 4/53, 4/48
[ Info: 64_66: layer 2/2, base field no. 4/53, 5/48
[ Info: 64_66: layer 2/2, base field no. 4/53, 6/48
[ Info: 64_66: layer 2/2, base field no. 4/53, 7/48
[ Info: 64_66: layer 2/2, base field no. 4/53, 8/48
[ Info: 64_66: layer 2/2, base field no. 4/53, 9/48
[ Info: 64_66: layer 2/2, base field no. 4/53, 10/48
[ Info: 64_66: layer 2/2, base field no. 4/53, 11/48
[ Info: 64_66: layer 2/2, base field no. 4/53, 12/48
[ Info: 64_66: layer 2/2, base field no. 4/53, 13/48
[ Info: 64_66: layer 2/2, base field no. 4/53, 14/48
[ Info: 64_66: layer 2/2, base field no. 4/53, 15/48
[ Info: 64_66: layer 2/2, base field no. 4/53, 16/48
[ Info: 64_66: layer 2/2, base field no. 4/53, 17/48
[ Info: 64_66: layer 2/2, base field no. 4/53, 18/48
[ Info: 64_66: layer 2/2, base field no. 4/53, 19/48
[ Info: 64_66: layer 2/2, base field no. 4/53, 20/48
[ Info: 64_66: layer 2/2, base field no. 4/53, 21/48
[ Info: 64_66: layer 2/2, base field no. 4/53, 22/48
[ Info: 64_66: layer 2/2, base field no. 4/53, 23/48
[ Info: 64_66: layer 2/2, base field no. 4/53, 24/48
[ Info: 64_66: layer 2/2, base field no. 4/53, 25/48
[ Info: 64_66: layer 2/2, base field no. 4/53, 26/48
[ Info: 64_66: layer 2/2, base field no. 4/53, 27/48
[ Info: 64_66: layer 2/2, base field no. 4/53, 28/48
[ Info: 64_66: layer 2/2, base field no. 4/53, 29/48
[ Info: 64_66: layer 2/2, base field no. 4/53, 30/48
[ Info: 64_66: layer 2/2, base field no. 4/53, 31/48
[ Info: 64_66: layer 2/2, base field no. 4/53, 32/48
[ Info: 64_66: layer 2/2, base field no. 4/53, 33/48
[ Info: 64_66: layer 2/2, base field no. 4/53, 34/48
[ Info: 64_66: layer 2/2, base field no. 4/53, 35/48
[ Info: 64_66: layer 2/2, base field no. 4/53, 36/48
[ Info: 64_66: layer 2/2, base field no. 4/53, 37/48
[ Info: 64_66: layer 2/2, base field no. 4/53, 38/48
[ Info: 64_66: layer 2/2, base field no. 4/53, 39/48
[ Info: 64_66: layer 2/2, base field no. 4/53, 40/48
[ Info: 64_66: layer 2/2, base field no. 4/53, 41/48
[ Info: 64_66: layer 2/2, base field no. 4/53, 42/48
[ Info: 64_66: layer 2/2, base field no. 4/53, 43/48
[ Info: 64_66: layer 2/2, base field no. 4/53, 44/48
[ Info: 64_66: layer 2/2, base field no. 4/53, 45/48
[ Info: 64_66: layer 2/2, base field no. 4/53, 46/48
[ Info: 64_66: layer 2/2, base field no. 4/53, 47/48
[ Info: 64_66: layer 2/2, base field no. 4/53, 48/48
[ Info: 64_66: layer 2/2, base field no. 5/53, constructing abelian extensions
[ Info: 64_66: layer 2/2, base field no. 5/53, checking fields: 113
[ Info: 64_66: layer 2/2, base field no. 5/53, 1/113
[ Info: 64_66: layer 2/2, base field no. 5/53, 2/113
[ Info: 64_66: layer 2/2, base field no. 5/53, 3/113
[ Info: 64_66: layer 2/2, base field no. 5/53, 4/113
[ Info: 64_66: layer 2/2, base field no. 5/53, 5/113
[ Info: 64_66: layer 2/2, base field no. 5/53, 6/113
[ Info: 64_66: layer 2/2, base field no. 5/53, 7/113
[ Info: 64_66: layer 2/2, base field no. 5/53, 8/113
[ Info: 64_66: layer 2/2, base field no. 5/53, 9/113
[ Info: 64_66: layer 2/2, base field no. 5/53, 10/113
[ Info: 64_66: layer 2/2, base field no. 5/53, 11/113
[ Info: 64_66: layer 2/2, base field no. 5/53, 12/113
[ Info: 64_66: layer 2/2, base field no. 5/53, 13/113
[ Info: 64_66: layer 2/2, base field no. 5/53, 14/113
[ Info: 64_66: layer 2/2, base field no. 5/53, 15/113
[ Info: 64_66: layer 2/2, base field no. 5/53, 16/113
[ Info: 64_66: layer 2/2, base field no. 5/53, 17/113
[ Info: 64_66: layer 2/2, base field no. 5/53, 18/113
[ Info: 64_66: layer 2/2, base field no. 5/53, 19/113
[ Info: 64_66: layer 2/2, base field no. 5/53, 20/113
[ Info: 64_66: layer 2/2, base field no. 5/53, 21/113
[ Info: 64_66: layer 2/2, base field no. 5/53, 22/113
[ Info: 64_66: layer 2/2, base field no. 5/53, 23/113
[ Info: 64_66: layer 2/2, base field no. 5/53, 24/113
[ Info: 64_66: layer 2/2, base field no. 5/53, 25/113
[ Info: 64_66: layer 2/2, base field no. 5/53, 26/113
[ Info: 64_66: layer 2/2, base field no. 5/53, 27/113
[ Info: 64_66: layer 2/2, base field no. 5/53, 28/113
[ Info: 64_66: layer 2/2, base field no. 5/53, 29/113
[ Info: 64_66: layer 2/2, base field no. 5/53, 30/113
[ Info: 64_66: layer 2/2, base field no. 5/53, 31/113
[ Info: 64_66: layer 2/2, base field no. 5/53, 32/113
[ Info: 64_66: layer 2/2, base field no. 5/53, 33/113
[ Info: 64_66: layer 2/2, base field no. 5/53, 34/113
[ Info: 64_66: layer 2/2, base field no. 5/53, 35/113
[ Info: 64_66: layer 2/2, base field no. 5/53, 36/113
[ Info: 64_66: layer 2/2, base field no. 5/53, 37/113
[ Info: 64_66: layer 2/2, base field no. 5/53, 38/113
[ Info: 64_66: layer 2/2, base field no. 5/53, 39/113
[ Info: 64_66: layer 2/2, base field no. 5/53, 40/113
[ Info: 64_66: layer 2/2, base field no. 5/53, 41/113
[ Info: 64_66: layer 2/2, base field no. 5/53, 42/113
[ Info: 64_66: layer 2/2, base field no. 5/53, 43/113
[ Info: 64_66: layer 2/2, base field no. 5/53, 44/113
[ Info: 64_66: layer 2/2, base field no. 5/53, 45/113
[ Info: 64_66: layer 2/2, base field no. 5/53, 46/113
[ Info: 64_66: layer 2/2, base field no. 5/53, 47/113
[ Info: 64_66: layer 2/2, base field no. 5/53, 48/113
[ Info: 64_66: layer 2/2, base field no. 5/53, 49/113
[ Info: 64_66: layer 2/2, base field no. 5/53, 50/113
[ Info: 64_66: layer 2/2, base field no. 5/53, 51/113
[ Info: 64_66: layer 2/2, base field no. 5/53, 52/113
[ Info: 64_66: layer 2/2, base field no. 5/53, 53/113
[ Info: 64_66: layer 2/2, base field no. 5/53, 54/113
[ Info: 64_66: layer 2/2, base field no. 5/53, 55/113
[ Info: 64_66: layer 2/2, base field no. 5/53, 56/113
[ Info: 64_66: layer 2/2, base field no. 5/53, 57/113
[ Info: 64_66: layer 2/2, base field no. 5/53, 58/113
[ Info: 64_66: layer 2/2, base field no. 5/53, 59/113
[ Info: 64_66: layer 2/2, base field no. 5/53, 60/113
[ Info: 64_66: layer 2/2, base field no. 5/53, 61/113
[ Info: 64_66: layer 2/2, base field no. 5/53, 62/113
[ Info: 64_66: layer 2/2, base field no. 5/53, 63/113
[ Info: 64_66: layer 2/2, base field no. 5/53, 64/113
[ Info: 64_66: layer 2/2, base field no. 5/53, 65/113
[ Info: 64_66: layer 2/2, base field no. 5/53, 66/113
[ Info: 64_66: layer 2/2, base field no. 5/53, 67/113
[ Info: 64_66: layer 2/2, base field no. 5/53, 68/113
[ Info: 64_66: layer 2/2, base field no. 5/53, 69/113
[ Info: 64_66: layer 2/2, base field no. 5/53, 70/113
[ Info: 64_66: layer 2/2, base field no. 5/53, 71/113
[ Info: 64_66: layer 2/2, base field no. 5/53, 72/113
[ Info: 64_66: layer 2/2, base field no. 5/53, 73/113
[ Info: 64_66: layer 2/2, base field no. 5/53, 74/113
[ Info: 64_66: layer 2/2, base field no. 5/53, 75/113
[ Info: 64_66: layer 2/2, base field no. 5/53, 76/113
[ Info: 64_66: layer 2/2, base field no. 5/53, 77/113
[ Info: 64_66: layer 2/2, base field no. 5/53, 78/113
[ Info: 64_66: layer 2/2, base field no. 5/53, 79/113
[ Info: 64_66: layer 2/2, base field no. 5/53, 80/113
[ Info: 64_66: layer 2/2, base field no. 5/53, 81/113
[ Info: 64_66: layer 2/2, base field no. 5/53, 82/113
[ Info: 64_66: layer 2/2, base field no. 5/53, 83/113
[ Info: 64_66: layer 2/2, base field no. 5/53, 84/113
[ Info: 64_66: layer 2/2, base field no. 5/53, 85/113
[ Info: 64_66: layer 2/2, base field no. 5/53, 86/113
[ Info: 64_66: layer 2/2, base field no. 5/53, 87/113
[ Info: 64_66: layer 2/2, base field no. 5/53, 88/113
[ Info: 64_66: layer 2/2, base field no. 5/53, 89/113
[ Info: 64_66: layer 2/2, base field no. 5/53, 90/113
[ Info: 64_66: layer 2/2, base field no. 5/53, 91/113
[ Info: 64_66: layer 2/2, base field no. 5/53, 92/113
[ Info: 64_66: layer 2/2, base field no. 5/53, 93/113
[ Info: 64_66: layer 2/2, base field no. 5/53, 94/113
[ Info: 64_66: layer 2/2, base field no. 5/53, 95/113
[ Info: 64_66: layer 2/2, base field no. 5/53, 96/113
[ Info: 64_66: layer 2/2, base field no. 5/53, 97/113
[ Info: 64_66: layer 2/2, base field no. 5/53, 98/113
[ Info: 64_66: layer 2/2, base field no. 5/53, 99/113
[ Info: 64_66: layer 2/2, base field no. 5/53, 100/113
[ Info: 64_66: layer 2/2, base field no. 5/53, 101/113
[ Info: 64_66: layer 2/2, base field no. 5/53, 102/113
[ Info: 64_66: layer 2/2, base field no. 5/53, 103/113
[ Info: 64_66: layer 2/2, base field no. 5/53, 104/113
[ Info: 64_66: layer 2/2, base field no. 5/53, 105/113
[ Info: 64_66: layer 2/2, base field no. 5/53, 106/113
[ Info: 64_66: layer 2/2, base field no. 5/53, 107/113
[ Info: 64_66: layer 2/2, base field no. 5/53, 108/113
[ Info: 64_66: layer 2/2, base field no. 5/53, 109/113
[ Info: 64_66: layer 2/2, base field no. 5/53, 110/113
[ Info: 64_66: layer 2/2, base field no. 5/53, 111/113
[ Info: 64_66: layer 2/2, base field no. 5/53, 112/113
[ Info: 64_66: layer 2/2, base field no. 5/53, 113/113
[ Info: 64_66: layer 2/2, base field no. 6/53, constructing abelian extensions
[ Info: 64_66: layer 2/2, base field no. 6/53, checking fields: 29
[ Info: 64_66: layer 2/2, base field no. 6/53, 1/29
[ Info: 64_66: layer 2/2, base field no. 6/53, 2/29
[ Info: 64_66: layer 2/2, base field no. 6/53, 3/29
[ Info: 64_66: layer 2/2, base field no. 6/53, 4/29
[ Info: 64_66: layer 2/2, base field no. 6/53, 5/29
[ Info: 64_66: layer 2/2, base field no. 6/53, 6/29
[ Info: 64_66: layer 2/2, base field no. 6/53, 7/29
[ Info: 64_66: layer 2/2, base field no. 6/53, 8/29
[ Info: 64_66: layer 2/2, base field no. 6/53, 9/29
[ Info: 64_66: layer 2/2, base field no. 6/53, 10/29
[ Info: 64_66: layer 2/2, base field no. 6/53, 11/29
[ Info: 64_66: layer 2/2, base field no. 6/53, 12/29
[ Info: 64_66: layer 2/2, base field no. 6/53, 13/29
[ Info: 64_66: layer 2/2, base field no. 6/53, 14/29
[ Info: 64_66: layer 2/2, base field no. 6/53, 15/29
[ Info: 64_66: layer 2/2, base field no. 6/53, 16/29
[ Info: 64_66: layer 2/2, base field no. 6/53, 17/29
[ Info: 64_66: layer 2/2, base field no. 6/53, 18/29
[ Info: 64_66: layer 2/2, base field no. 6/53, 19/29
[ Info: 64_66: layer 2/2, base field no. 6/53, 20/29
[ Info: 64_66: layer 2/2, base field no. 6/53, 21/29
[ Info: 64_66: layer 2/2, base field no. 6/53, 22/29
[ Info: 64_66: layer 2/2, base field no. 6/53, 23/29
[ Info: 64_66: layer 2/2, base field no. 6/53, 24/29
[ Info: 64_66: layer 2/2, base field no. 6/53, 25/29
[ Info: 64_66: layer 2/2, base field no. 6/53, 26/29
[ Info: 64_66: layer 2/2, base field no. 6/53, 27/29
[ Info: 64_66: layer 2/2, base field no. 6/53, 28/29
[ Info: 64_66: layer 2/2, base field no. 6/53, 29/29
[ Info: 64_66: layer 2/2, base field no. 7/53, constructing abelian extensions
[ Info: 64_66: layer 2/2, base field no. 7/53, checking fields: 27
[ Info: 64_66: layer 2/2, base field no. 7/53, 1/27
[ Info: 64_66: layer 2/2, base field no. 7/53, 2/27
[ Info: 64_66: layer 2/2, base field no. 7/53, 3/27
[ Info: 64_66: layer 2/2, base field no. 7/53, 4/27
[ Info: 64_66: layer 2/2, base field no. 7/53, 5/27
[ Info: 64_66: layer 2/2, base field no. 7/53, 6/27
[ Info: 64_66: layer 2/2, base field no. 7/53, 7/27
[ Info: 64_66: layer 2/2, base field no. 7/53, 8/27
[ Info: 64_66: layer 2/2, base field no. 7/53, 9/27
[ Info: 64_66: layer 2/2, base field no. 7/53, 10/27
[ Info: 64_66: layer 2/2, base field no. 7/53, 11/27
[ Info: 64_66: layer 2/2, base field no. 7/53, 12/27
[ Info: 64_66: layer 2/2, base field no. 7/53, 13/27
[ Info: 64_66: layer 2/2, base field no. 7/53, 14/27
[ Info: 64_66: layer 2/2, base field no. 7/53, 15/27
[ Info: 64_66: layer 2/2, base field no. 7/53, 16/27
[ Info: 64_66: layer 2/2, base field no. 7/53, 17/27
[ Info: 64_66: layer 2/2, base field no. 7/53, 18/27
[ Info: 64_66: layer 2/2, base field no. 7/53, 19/27
[ Info: 64_66: layer 2/2, base field no. 7/53, 20/27
[ Info: 64_66: layer 2/2, base field no. 7/53, 21/27
[ Info: 64_66: layer 2/2, base field no. 7/53, 22/27
[ Info: 64_66: layer 2/2, base field no. 7/53, 23/27
[ Info: 64_66: layer 2/2, base field no. 7/53, 24/27
[ Info: 64_66: layer 2/2, base field no. 7/53, 25/27
[ Info: 64_66: layer 2/2, base field no. 7/53, 26/27
[ Info: 64_66: layer 2/2, base field no. 7/53, 27/27
[ Info: 64_66: layer 2/2, base field no. 8/53, constructing abelian extensions
[ Info: 64_66: layer 2/2, base field no. 8/53, checking fields: 40
[ Info: 64_66: layer 2/2, base field no. 8/53, 1/40
[ Info: 64_66: layer 2/2, base field no. 8/53, 2/40
[ Info: 64_66: layer 2/2, base field no. 8/53, 3/40
[ Info: 64_66: layer 2/2, base field no. 8/53, 4/40
[ Info: 64_66: layer 2/2, base field no. 8/53, 5/40
[ Info: 64_66: layer 2/2, base field no. 8/53, 6/40
[ Info: 64_66: layer 2/2, base field no. 8/53, 7/40
[ Info: 64_66: layer 2/2, base field no. 8/53, 8/40
[ Info: 64_66: layer 2/2, base field no. 8/53, 9/40
[ Info: 64_66: layer 2/2, base field no. 8/53, 10/40
[ Info: 64_66: layer 2/2, base field no. 8/53, 11/40
[ Info: 64_66: layer 2/2, base field no. 8/53, 12/40
[ Info: 64_66: layer 2/2, base field no. 8/53, 13/40
[ Info: 64_66: layer 2/2, base field no. 8/53, 14/40
[ Info: 64_66: layer 2/2, base field no. 8/53, 15/40
[ Info: 64_66: layer 2/2, base field no. 8/53, 16/40
[ Info: 64_66: layer 2/2, base field no. 8/53, 17/40
[ Info: 64_66: layer 2/2, base field no. 8/53, 18/40
[ Info: 64_66: layer 2/2, base field no. 8/53, 19/40
[ Info: 64_66: layer 2/2, base field no. 8/53, 20/40
[ Info: 64_66: layer 2/2, base field no. 8/53, 21/40
[ Info: 64_66: layer 2/2, base field no. 8/53, 22/40
[ Info: 64_66: layer 2/2, base field no. 8/53, 23/40
[ Info: 64_66: layer 2/2, base field no. 8/53, 24/40
[ Info: 64_66: layer 2/2, base field no. 8/53, 25/40
[ Info: 64_66: layer 2/2, base field no. 8/53, 26/40
[ Info: 64_66: layer 2/2, base field no. 8/53, 27/40
[ Info: 64_66: layer 2/2, base field no. 8/53, 28/40
[ Info: 64_66: layer 2/2, base field no. 8/53, 29/40
[ Info: 64_66: layer 2/2, base field no. 8/53, 30/40
[ Info: 64_66: layer 2/2, base field no. 8/53, 31/40
[ Info: 64_66: layer 2/2, base field no. 8/53, 32/40
[ Info: 64_66: layer 2/2, base field no. 8/53, 33/40
[ Info: 64_66: layer 2/2, base field no. 8/53, 34/40
[ Info: 64_66: layer 2/2, base field no. 8/53, 35/40
[ Info: 64_66: layer 2/2, base field no. 8/53, 36/40
[ Info: 64_66: layer 2/2, base field no. 8/53, 37/40
[ Info: 64_66: layer 2/2, base field no. 8/53, 38/40
[ Info: 64_66: layer 2/2, base field no. 8/53, 39/40
[ Info: 64_66: layer 2/2, base field no. 8/53, 40/40
[ Info: 64_66: layer 2/2, base field no. 9/53, constructing abelian extensions
[ Info: 64_66: layer 2/2, base field no. 9/53, checking fields: 59
[ Info: 64_66: layer 2/2, base field no. 9/53, 1/59
[ Info: 64_66: layer 2/2, base field no. 9/53, 2/59
[ Info: 64_66: layer 2/2, base field no. 9/53, 3/59
[ Info: 64_66: layer 2/2, base field no. 9/53, 4/59
[ Info: 64_66: layer 2/2, base field no. 9/53, 5/59
[ Info: 64_66: layer 2/2, base field no. 9/53, 6/59
[ Info: 64_66: layer 2/2, base field no. 9/53, 7/59
[ Info: 64_66: layer 2/2, base field no. 9/53, 8/59
[ Info: 64_66: layer 2/2, base field no. 9/53, 9/59
[ Info: 64_66: layer 2/2, base field no. 9/53, 10/59
[ Info: 64_66: layer 2/2, base field no. 9/53, 11/59
[ Info: 64_66: layer 2/2, base field no. 9/53, 12/59
[ Info: 64_66: layer 2/2, base field no. 9/53, 13/59
[ Info: 64_66: layer 2/2, base field no. 9/53, 14/59
[ Info: 64_66: layer 2/2, base field no. 9/53, 15/59
[ Info: 64_66: layer 2/2, base field no. 9/53, 16/59
[ Info: 64_66: layer 2/2, base field no. 9/53, 17/59
[ Info: 64_66: layer 2/2, base field no. 9/53, 18/59
[ Info: 64_66: layer 2/2, base field no. 9/53, 19/59
[ Info: 64_66: layer 2/2, base field no. 9/53, 20/59
[ Info: 64_66: layer 2/2, base field no. 9/53, 21/59
[ Info: 64_66: layer 2/2, base field no. 9/53, 22/59
[ Info: 64_66: layer 2/2, base field no. 9/53, 23/59
[ Info: 64_66: layer 2/2, base field no. 9/53, 24/59
[ Info: 64_66: layer 2/2, base field no. 9/53, 25/59
[ Info: 64_66: layer 2/2, base field no. 9/53, 26/59
[ Info: 64_66: layer 2/2, base field no. 9/53, 27/59
[ Info: 64_66: layer 2/2, base field no. 9/53, 28/59
[ Info: 64_66: layer 2/2, base field no. 9/53, 29/59
[ Info: 64_66: layer 2/2, base field no. 9/53, 30/59
[ Info: 64_66: layer 2/2, base field no. 9/53, 31/59
[ Info: 64_66: layer 2/2, base field no. 9/53, 32/59
[ Info: 64_66: layer 2/2, base field no. 9/53, 33/59
[ Info: 64_66: layer 2/2, base field no. 9/53, 34/59
[ Info: 64_66: layer 2/2, base field no. 9/53, 35/59
[ Info: 64_66: layer 2/2, base field no. 9/53, 36/59
[ Info: 64_66: layer 2/2, base field no. 9/53, 37/59
[ Info: 64_66: layer 2/2, base field no. 9/53, 38/59
[ Info: 64_66: layer 2/2, base field no. 9/53, 39/59
[ Info: 64_66: layer 2/2, base field no. 9/53, 40/59
[ Info: 64_66: layer 2/2, base field no. 9/53, 41/59
[ Info: 64_66: layer 2/2, base field no. 9/53, 42/59
[ Info: 64_66: layer 2/2, base field no. 9/53, 43/59
[ Info: 64_66: layer 2/2, base field no. 9/53, 44/59
[ Info: 64_66: layer 2/2, base field no. 9/53, 45/59
[ Info: 64_66: layer 2/2, base field no. 9/53, 46/59
[ Info: 64_66: layer 2/2, base field no. 9/53, 47/59
[ Info: 64_66: layer 2/2, base field no. 9/53, 48/59
[ Info: 64_66: layer 2/2, base field no. 9/53, 49/59
[ Info: 64_66: layer 2/2, base field no. 9/53, 50/59
[ Info: 64_66: layer 2/2, base field no. 9/53, 51/59
[ Info: 64_66: layer 2/2, base field no. 9/53, 52/59
[ Info: 64_66: layer 2/2, base field no. 9/53, 53/59
[ Info: 64_66: layer 2/2, base field no. 9/53, 54/59
[ Info: 64_66: layer 2/2, base field no. 9/53, 55/59
[ Info: 64_66: layer 2/2, base field no. 9/53, 56/59
[ Info: 64_66: layer 2/2, base field no. 9/53, 57/59
[ Info: 64_66: layer 2/2, base field no. 9/53, 58/59
[ Info: 64_66: layer 2/2, base field no. 9/53, 59/59
[ Info: 64_66: layer 2/2, base field no. 10/53, constructing abelian extensions
[ Info: 64_66: layer 2/2, base field no. 10/53, checking fields: 39
[ Info: 64_66: layer 2/2, base field no. 10/53, 1/39
[ Info: 64_66: layer 2/2, base field no. 10/53, 2/39
[ Info: 64_66: layer 2/2, base field no. 10/53, 3/39
[ Info: 64_66: layer 2/2, base field no. 10/53, 4/39
[ Info: 64_66: layer 2/2, base field no. 10/53, 5/39
[ Info: 64_66: layer 2/2, base field no. 10/53, 6/39
[ Info: 64_66: layer 2/2, base field no. 10/53, 7/39
[ Info: 64_66: layer 2/2, base field no. 10/53, 8/39
[ Info: 64_66: layer 2/2, base field no. 10/53, 9/39
[ Info: 64_66: layer 2/2, base field no. 10/53, 10/39
[ Info: 64_66: layer 2/2, base field no. 10/53, 11/39
[ Info: 64_66: layer 2/2, base field no. 10/53, 12/39
[ Info: 64_66: layer 2/2, base field no. 10/53, 13/39
[ Info: 64_66: layer 2/2, base field no. 10/53, 14/39
[ Info: 64_66: layer 2/2, base field no. 10/53, 15/39
[ Info: 64_66: layer 2/2, base field no. 10/53, 16/39
[ Info: 64_66: layer 2/2, base field no. 10/53, 17/39
[ Info: 64_66: layer 2/2, base field no. 10/53, 18/39
[ Info: 64_66: layer 2/2, base field no. 10/53, 19/39
[ Info: 64_66: layer 2/2, base field no. 10/53, 20/39
[ Info: 64_66: layer 2/2, base field no. 10/53, 21/39
[ Info: 64_66: layer 2/2, base field no. 10/53, 22/39
[ Info: 64_66: layer 2/2, base field no. 10/53, 23/39
[ Info: 64_66: layer 2/2, base field no. 10/53, 24/39
[ Info: 64_66: layer 2/2, base field no. 10/53, 25/39
[ Info: 64_66: layer 2/2, base field no. 10/53, 26/39
[ Info: 64_66: layer 2/2, base field no. 10/53, 27/39
[ Info: 64_66: layer 2/2, base field no. 10/53, 28/39
[ Info: 64_66: layer 2/2, base field no. 10/53, 29/39
[ Info: 64_66: layer 2/2, base field no. 10/53, 30/39
[ Info: 64_66: layer 2/2, base field no. 10/53, 31/39
[ Info: 64_66: layer 2/2, base field no. 10/53, 32/39
[ Info: 64_66: layer 2/2, base field no. 10/53, 33/39
[ Info: 64_66: layer 2/2, base field no. 10/53, 34/39
[ Info: 64_66: layer 2/2, base field no. 10/53, 35/39
[ Info: 64_66: layer 2/2, base field no. 10/53, 36/39
[ Info: 64_66: layer 2/2, base field no. 10/53, 37/39
[ Info: 64_66: layer 2/2, base field no. 10/53, 38/39
[ Info: 64_66: layer 2/2, base field no. 10/53, 39/39
[ Info: 64_66: layer 2/2, base field no. 11/53, constructing abelian extensions
[ Info: 64_66: layer 2/2, base field no. 11/53, checking fields: 42
[ Info: 64_66: layer 2/2, base field no. 11/53, 1/42
[ Info: 64_66: layer 2/2, base field no. 11/53, 2/42
[ Info: 64_66: layer 2/2, base field no. 11/53, 3/42
[ Info: 64_66: layer 2/2, base field no. 11/53, 4/42
[ Info: 64_66: layer 2/2, base field no. 11/53, 5/42
[ Info: 64_66: layer 2/2, base field no. 11/53, 6/42
[ Info: 64_66: layer 2/2, base field no. 11/53, 7/42
[ Info: 64_66: layer 2/2, base field no. 11/53, 8/42
[ Info: 64_66: layer 2/2, base field no. 11/53, 9/42
[ Info: 64_66: layer 2/2, base field no. 11/53, 10/42
[ Info: 64_66: layer 2/2, base field no. 11/53, 11/42
[ Info: 64_66: layer 2/2, base field no. 11/53, 12/42
[ Info: 64_66: layer 2/2, base field no. 11/53, 13/42
[ Info: 64_66: layer 2/2, base field no. 11/53, 14/42
[ Info: 64_66: layer 2/2, base field no. 11/53, 15/42
[ Info: 64_66: layer 2/2, base field no. 11/53, 16/42
[ Info: 64_66: layer 2/2, base field no. 11/53, 17/42
[ Info: 64_66: layer 2/2, base field no. 11/53, 18/42
[ Info: 64_66: layer 2/2, base field no. 11/53, 19/42
[ Info: 64_66: layer 2/2, base field no. 11/53, 20/42
[ Info: 64_66: layer 2/2, base field no. 11/53, 21/42
[ Info: 64_66: layer 2/2, base field no. 11/53, 22/42
[ Info: 64_66: layer 2/2, base field no. 11/53, 23/42
[ Info: 64_66: layer 2/2, base field no. 11/53, 24/42
[ Info: 64_66: layer 2/2, base field no. 11/53, 25/42
[ Info: 64_66: layer 2/2, base field no. 11/53, 26/42
[ Info: 64_66: layer 2/2, base field no. 11/53, 27/42
[ Info: 64_66: layer 2/2, base field no. 11/53, 28/42
[ Info: 64_66: layer 2/2, base field no. 11/53, 29/42
[ Info: 64_66: layer 2/2, base field no. 11/53, 30/42
[ Info: 64_66: layer 2/2, base field no. 11/53, 31/42
[ Info: 64_66: layer 2/2, base field no. 11/53, 32/42
[ Info: 64_66: layer 2/2, base field no. 11/53, 33/42
[ Info: 64_66: layer 2/2, base field no. 11/53, 34/42
[ Info: 64_66: layer 2/2, base field no. 11/53, 35/42
[ Info: 64_66: layer 2/2, base field no. 11/53, 36/42
[ Info: 64_66: layer 2/2, base field no. 11/53, 37/42
[ Info: 64_66: layer 2/2, base field no. 11/53, 38/42
[ Info: 64_66: layer 2/2, base field no. 11/53, 39/42
[ Info: 64_66: layer 2/2, base field no. 11/53, 40/42
[ Info: 64_66: layer 2/2, base field no. 11/53, 41/42
[ Info: 64_66: layer 2/2, base field no. 11/53, 42/42
[ Info: 64_66: layer 2/2, base field no. 12/53, constructing abelian extensions
[ Info: 64_66: layer 2/2, base field no. 12/53, checking fields: 39
[ Info: 64_66: layer 2/2, base field no. 12/53, 1/39
[ Info: 64_66: layer 2/2, base field no. 12/53, 2/39
[ Info: 64_66: layer 2/2, base field no. 12/53, 3/39
[ Info: 64_66: layer 2/2, base field no. 12/53, 4/39
[ Info: 64_66: layer 2/2, base field no. 12/53, 5/39
[ Info: 64_66: layer 2/2, base field no. 12/53, 6/39
[ Info: 64_66: layer 2/2, base field no. 12/53, 7/39
[ Info: 64_66: layer 2/2, base field no. 12/53, 8/39
[ Info: 64_66: layer 2/2, base field no. 12/53, 9/39
[ Info: 64_66: layer 2/2, base field no. 12/53, 10/39
[ Info: 64_66: layer 2/2, base field no. 12/53, 11/39
[ Info: 64_66: layer 2/2, base field no. 12/53, 12/39
[ Info: 64_66: layer 2/2, base field no. 12/53, 13/39
[ Info: 64_66: layer 2/2, base field no. 12/53, 14/39
[ Info: 64_66: layer 2/2, base field no. 12/53, 15/39
[ Info: 64_66: layer 2/2, base field no. 12/53, 16/39
[ Info: 64_66: layer 2/2, base field no. 12/53, 17/39
[ Info: 64_66: layer 2/2, base field no. 12/53, 18/39
[ Info: 64_66: layer 2/2, base field no. 12/53, 19/39
[ Info: 64_66: layer 2/2, base field no. 12/53, 20/39
[ Info: 64_66: layer 2/2, base field no. 12/53, 21/39
[ Info: 64_66: layer 2/2, base field no. 12/53, 22/39
[ Info: 64_66: layer 2/2, base field no. 12/53, 23/39
[ Info: 64_66: layer 2/2, base field no. 12/53, 24/39
[ Info: 64_66: layer 2/2, base field no. 12/53, 25/39
[ Info: 64_66: layer 2/2, base field no. 12/53, 26/39
[ Info: 64_66: layer 2/2, base field no. 12/53, 27/39
[ Info: 64_66: layer 2/2, base field no. 12/53, 28/39
[ Info: 64_66: layer 2/2, base field no. 12/53, 29/39
[ Info: 64_66: layer 2/2, base field no. 12/53, 30/39
[ Info: 64_66: layer 2/2, base field no. 12/53, 31/39
[ Info: 64_66: layer 2/2, base field no. 12/53, 32/39
[ Info: 64_66: layer 2/2, base field no. 12/53, 33/39
[ Info: 64_66: layer 2/2, base field no. 12/53, 34/39
[ Info: 64_66: layer 2/2, base field no. 12/53, 35/39
[ Info: 64_66: layer 2/2, base field no. 12/53, 36/39
[ Info: 64_66: layer 2/2, base field no. 12/53, 37/39
[ Info: 64_66: layer 2/2, base field no. 12/53, 38/39
[ Info: 64_66: layer 2/2, base field no. 12/53, 39/39
[ Info: 64_66: layer 2/2, base field no. 13/53, constructing abelian extensions
[ Info: 64_66: layer 2/2, base field no. 13/53, checking fields: 31
[ Info: 64_66: layer 2/2, base field no. 13/53, 1/31
[ Info: 64_66: layer 2/2, base field no. 13/53, 2/31
[ Info: 64_66: layer 2/2, base field no. 13/53, 3/31
[ Info: 64_66: layer 2/2, base field no. 13/53, 4/31
[ Info: 64_66: layer 2/2, base field no. 13/53, 5/31
[ Info: 64_66: layer 2/2, base field no. 13/53, 6/31
[ Info: 64_66: layer 2/2, base field no. 13/53, 7/31
[ Info: 64_66: layer 2/2, base field no. 13/53, 8/31
[ Info: 64_66: layer 2/2, base field no. 13/53, 9/31
[ Info: 64_66: layer 2/2, base field no. 13/53, 10/31
[ Info: 64_66: layer 2/2, base field no. 13/53, 11/31
[ Info: 64_66: layer 2/2, base field no. 13/53, 12/31
[ Info: 64_66: layer 2/2, base field no. 13/53, 13/31
[ Info: 64_66: layer 2/2, base field no. 13/53, 14/31
[ Info: 64_66: layer 2/2, base field no. 13/53, 15/31
[ Info: 64_66: layer 2/2, base field no. 13/53, 16/31
[ Info: 64_66: layer 2/2, base field no. 13/53, 17/31
[ Info: 64_66: layer 2/2, base field no. 13/53, 18/31
[ Info: 64_66: layer 2/2, base field no. 13/53, 19/31
[ Info: 64_66: layer 2/2, base field no. 13/53, 20/31
[ Info: 64_66: layer 2/2, base field no. 13/53, 21/31
[ Info: 64_66: layer 2/2, base field no. 13/53, 22/31
[ Info: 64_66: layer 2/2, base field no. 13/53, 23/31
[ Info: 64_66: layer 2/2, base field no. 13/53, 24/31
[ Info: 64_66: layer 2/2, base field no. 13/53, 25/31
[ Info: 64_66: layer 2/2, base field no. 13/53, 26/31
[ Info: 64_66: layer 2/2, base field no. 13/53, 27/31
[ Info: 64_66: layer 2/2, base field no. 13/53, 28/31
[ Info: 64_66: layer 2/2, base field no. 13/53, 29/31
[ Info: 64_66: layer 2/2, base field no. 13/53, 30/31
[ Info: 64_66: layer 2/2, base field no. 13/53, 31/31
[ Info: 64_66: layer 2/2, base field no. 14/53, constructing abelian extensions
[ Info: 64_66: layer 2/2, base field no. 14/53, checking fields: 45
[ Info: 64_66: layer 2/2, base field no. 14/53, 1/45
[ Info: 64_66: layer 2/2, base field no. 14/53, 2/45
[ Info: 64_66: layer 2/2, base field no. 14/53, 3/45
[ Info: 64_66: layer 2/2, base field no. 14/53, 4/45
[ Info: 64_66: layer 2/2, base field no. 14/53, 5/45
[ Info: 64_66: layer 2/2, base field no. 14/53, 6/45
[ Info: 64_66: layer 2/2, base field no. 14/53, 7/45
[ Info: 64_66: layer 2/2, base field no. 14/53, 8/45
[ Info: 64_66: layer 2/2, base field no. 14/53, 9/45
[ Info: 64_66: layer 2/2, base field no. 14/53, 10/45
[ Info: 64_66: layer 2/2, base field no. 14/53, 11/45
[ Info: 64_66: layer 2/2, base field no. 14/53, 12/45
[ Info: 64_66: layer 2/2, base field no. 14/53, 13/45
[ Info: 64_66: layer 2/2, base field no. 14/53, 14/45
[ Info: 64_66: layer 2/2, base field no. 14/53, 15/45
[ Info: 64_66: layer 2/2, base field no. 14/53, 16/45
[ Info: 64_66: layer 2/2, base field no. 14/53, 17/45
[ Info: 64_66: layer 2/2, base field no. 14/53, 18/45
[ Info: 64_66: layer 2/2, base field no. 14/53, 19/45
[ Info: 64_66: layer 2/2, base field no. 14/53, 20/45
[ Info: 64_66: layer 2/2, base field no. 14/53, 21/45
[ Info: 64_66: layer 2/2, base field no. 14/53, 22/45
[ Info: 64_66: layer 2/2, base field no. 14/53, 23/45
[ Info: 64_66: layer 2/2, base field no. 14/53, 24/45
[ Info: 64_66: layer 2/2, base field no. 14/53, 25/45
[ Info: 64_66: layer 2/2, base field no. 14/53, 26/45
[ Info: 64_66: layer 2/2, base field no. 14/53, 27/45
[ Info: 64_66: layer 2/2, base field no. 14/53, 28/45
[ Info: 64_66: layer 2/2, base field no. 14/53, 29/45
[ Info: 64_66: layer 2/2, base field no. 14/53, 30/45
[ Info: 64_66: layer 2/2, base field no. 14/53, 31/45
[ Info: 64_66: layer 2/2, base field no. 14/53, 32/45
[ Info: 64_66: layer 2/2, base field no. 14/53, 33/45
[ Info: 64_66: layer 2/2, base field no. 14/53, 34/45
[ Info: 64_66: layer 2/2, base field no. 14/53, 35/45
[ Info: 64_66: layer 2/2, base field no. 14/53, 36/45
[ Info: 64_66: layer 2/2, base field no. 14/53, 37/45
[ Info: 64_66: layer 2/2, base field no. 14/53, 38/45
[ Info: 64_66: layer 2/2, base field no. 14/53, 39/45
[ Info: 64_66: layer 2/2, base field no. 14/53, 40/45
[ Info: 64_66: layer 2/2, base field no. 14/53, 41/45
[ Info: 64_66: layer 2/2, base field no. 14/53, 42/45
[ Info: 64_66: layer 2/2, base field no. 14/53, 43/45
[ Info: 64_66: layer 2/2, base field no. 14/53, 44/45
[ Info: 64_66: layer 2/2, base field no. 14/53, 45/45
[ Info: 64_66: layer 2/2, base field no. 15/53, constructing abelian extensions
[ Info: 64_66: layer 2/2, base field no. 15/53, checking fields: 12
[ Info: 64_66: layer 2/2, base field no. 15/53, 1/12
[ Info: 64_66: layer 2/2, base field no. 15/53, 2/12
[ Info: 64_66: layer 2/2, base field no. 15/53, 3/12
[ Info: 64_66: layer 2/2, base field no. 15/53, 4/12
[ Info: 64_66: layer 2/2, base field no. 15/53, 5/12
[ Info: 64_66: layer 2/2, base field no. 15/53, 6/12
[ Info: 64_66: layer 2/2, base field no. 15/53, 7/12
[ Info: 64_66: layer 2/2, base field no. 15/53, 8/12
[ Info: 64_66: layer 2/2, base field no. 15/53, 9/12
[ Info: 64_66: layer 2/2, base field no. 15/53, 10/12
[ Info: 64_66: layer 2/2, base field no. 15/53, 11/12
[ Info: 64_66: layer 2/2, base field no. 15/53, 12/12
[ Info: 64_66: layer 2/2, base field no. 16/53, constructing abelian extensions
[ Info: 64_66: layer 2/2, base field no. 16/53, checking fields: 11
[ Info: 64_66: layer 2/2, base field no. 16/53, 1/11
[ Info: 64_66: layer 2/2, base field no. 16/53, 2/11
[ Info: 64_66: layer 2/2, base field no. 16/53, 3/11
[ Info: 64_66: layer 2/2, base field no. 16/53, 4/11
[ Info: 64_66: layer 2/2, base field no. 16/53, 5/11
[ Info: 64_66: layer 2/2, base field no. 16/53, 6/11
[ Info: 64_66: layer 2/2, base field no. 16/53, 7/11
[ Info: 64_66: layer 2/2, base field no. 16/53, 8/11
[ Info: 64_66: layer 2/2, base field no. 16/53, 9/11
[ Info: 64_66: layer 2/2, base field no. 16/53, 10/11
[ Info: 64_66: layer 2/2, base field no. 16/53, 11/11
[ Info: 64_66: layer 2/2, base field no. 17/53, constructing abelian extensions
[ Info: 64_66: layer 2/2, base field no. 17/53, checking fields: 12
[ Info: 64_66: layer 2/2, base field no. 17/53, 1/12
[ Info: 64_66: layer 2/2, base field no. 17/53, 2/12
[ Info: 64_66: layer 2/2, base field no. 17/53, 3/12
[ Info: 64_66: layer 2/2, base field no. 17/53, 4/12
[ Info: 64_66: layer 2/2, base field no. 17/53, 5/12
[ Info: 64_66: layer 2/2, base field no. 17/53, 6/12
[ Info: 64_66: layer 2/2, base field no. 17/53, 7/12
[ Info: 64_66: layer 2/2, base field no. 17/53, 8/12
[ Info: 64_66: layer 2/2, base field no. 17/53, 9/12
[ Info: 64_66: layer 2/2, base field no. 17/53, 10/12
[ Info: 64_66: layer 2/2, base field no. 17/53, 11/12
[ Info: 64_66: layer 2/2, base field no. 17/53, 12/12
[ Info: 64_66: layer 2/2, base field no. 18/53, constructing abelian extensions
[ Info: 64_66: layer 2/2, base field no. 18/53, checking fields: 25
[ Info: 64_66: layer 2/2, base field no. 18/53, 1/25
[ Info: 64_66: layer 2/2, base field no. 18/53, 2/25
[ Info: 64_66: layer 2/2, base field no. 18/53, 3/25
[ Info: 64_66: layer 2/2, base field no. 18/53, 4/25
[ Info: 64_66: layer 2/2, base field no. 18/53, 5/25
[ Info: 64_66: layer 2/2, base field no. 18/53, 6/25
[ Info: 64_66: layer 2/2, base field no. 18/53, 7/25
[ Info: 64_66: layer 2/2, base field no. 18/53, 8/25
[ Info: 64_66: layer 2/2, base field no. 18/53, 9/25
[ Info: 64_66: layer 2/2, base field no. 18/53, 10/25
[ Info: 64_66: layer 2/2, base field no. 18/53, 11/25
[ Info: 64_66: layer 2/2, base field no. 18/53, 12/25
[ Info: 64_66: layer 2/2, base field no. 18/53, 13/25
[ Info: 64_66: layer 2/2, base field no. 18/53, 14/25
[ Info: 64_66: layer 2/2, base field no. 18/53, 15/25
[ Info: 64_66: layer 2/2, base field no. 18/53, 16/25
[ Info: 64_66: layer 2/2, base field no. 18/53, 17/25
[ Info: 64_66: layer 2/2, base field no. 18/53, 18/25
[ Info: 64_66: layer 2/2, base field no. 18/53, 19/25
[ Info: 64_66: layer 2/2, base field no. 18/53, 20/25
[ Info: 64_66: layer 2/2, base field no. 18/53, 21/25
[ Info: 64_66: layer 2/2, base field no. 18/53, 22/25
[ Info: 64_66: layer 2/2, base field no. 18/53, 23/25
[ Info: 64_66: layer 2/2, base field no. 18/53, 24/25
[ Info: 64_66: layer 2/2, base field no. 18/53, 25/25
[ Info: 64_66: layer 2/2, base field no. 19/53, constructing abelian extensions
[ Info: 64_66: layer 2/2, base field no. 19/53, checking fields: 17
[ Info: 64_66: layer 2/2, base field no. 19/53, 1/17
[ Info: 64_66: layer 2/2, base field no. 19/53, 2/17
[ Info: 64_66: layer 2/2, base field no. 19/53, 3/17
[ Info: 64_66: layer 2/2, base field no. 19/53, 4/17
[ Info: 64_66: layer 2/2, base field no. 19/53, 5/17
[ Info: 64_66: layer 2/2, base field no. 19/53, 6/17
[ Info: 64_66: layer 2/2, base field no. 19/53, 7/17
[ Info: 64_66: layer 2/2, base field no. 19/53, 8/17
[ Info: 64_66: layer 2/2, base field no. 19/53, 9/17
[ Info: 64_66: layer 2/2, base field no. 19/53, 10/17
[ Info: 64_66: layer 2/2, base field no. 19/53, 11/17
[ Info: 64_66: layer 2/2, base field no. 19/53, 12/17
[ Info: 64_66: layer 2/2, base field no. 19/53, 13/17
[ Info: 64_66: layer 2/2, base field no. 19/53, 14/17
[ Info: 64_66: layer 2/2, base field no. 19/53, 15/17
[ Info: 64_66: layer 2/2, base field no. 19/53, 16/17
[ Info: 64_66: layer 2/2, base field no. 19/53, 17/17
[ Info: 64_66: layer 2/2, base field no. 20/53, constructing abelian extensions
[ Info: 64_66: layer 2/2, base field no. 20/53, checking fields: 3
[ Info: 64_66: layer 2/2, base field no. 20/53, 1/3
[ Info: 64_66: layer 2/2, base field no. 20/53, 2/3
[ Info: 64_66: layer 2/2, base field no. 20/53, 3/3
[ Info: 64_66: layer 2/2, base field no. 21/53, constructing abelian extensions
[ Info: 64_66: layer 2/2, base field no. 21/53, checking fields: 17
[ Info: 64_66: layer 2/2, base field no. 21/53, 1/17
[ Info: 64_66: layer 2/2, base field no. 21/53, 2/17
[ Info: 64_66: layer 2/2, base field no. 21/53, 3/17
[ Info: 64_66: layer 2/2, base field no. 21/53, 4/17
[ Info: 64_66: layer 2/2, base field no. 21/53, 5/17
[ Info: 64_66: layer 2/2, base field no. 21/53, 6/17
[ Info: 64_66: layer 2/2, base field no. 21/53, 7/17
[ Info: 64_66: layer 2/2, base field no. 21/53, 8/17
[ Info: 64_66: layer 2/2, base field no. 21/53, 9/17
[ Info: 64_66: layer 2/2, base field no. 21/53, 10/17
[ Info: 64_66: layer 2/2, base field no. 21/53, 11/17
[ Info: 64_66: layer 2/2, base field no. 21/53, 12/17
[ Info: 64_66: layer 2/2, base field no. 21/53, 13/17
[ Info: 64_66: layer 2/2, base field no. 21/53, 14/17
[ Info: 64_66: layer 2/2, base field no. 21/53, 15/17
[ Info: 64_66: layer 2/2, base field no. 21/53, 16/17
[ Info: 64_66: layer 2/2, base field no. 21/53, 17/17
[ Info: 64_66: layer 2/2, base field no. 22/53, constructing abelian extensions
[ Info: 64_66: layer 2/2, base field no. 22/53, checking fields: 13
[ Info: 64_66: layer 2/2, base field no. 22/53, 1/13
[ Info: 64_66: layer 2/2, base field no. 22/53, 2/13
[ Info: 64_66: layer 2/2, base field no. 22/53, 3/13
[ Info: 64_66: layer 2/2, base field no. 22/53, 4/13
[ Info: 64_66: layer 2/2, base field no. 22/53, 5/13
[ Info: 64_66: layer 2/2, base field no. 22/53, 6/13
[ Info: 64_66: layer 2/2, base field no. 22/53, 7/13
[ Info: 64_66: layer 2/2, base field no. 22/53, 8/13
[ Info: 64_66: layer 2/2, base field no. 22/53, 9/13
[ Info: 64_66: layer 2/2, base field no. 22/53, 10/13
[ Info: 64_66: layer 2/2, base field no. 22/53, 11/13
[ Info: 64_66: layer 2/2, base field no. 22/53, 12/13
[ Info: 64_66: layer 2/2, base field no. 22/53, 13/13
[ Info: 64_66: layer 2/2, base field no. 23/53, constructing abelian extensions
[ Info: 64_66: layer 2/2, base field no. 23/53, checking fields: 1
[ Info: 64_66: layer 2/2, base field no. 23/53, 1/1
[ Info: 64_66: layer 2/2, base field no. 24/53, constructing abelian extensions
[ Info: 64_66: layer 2/2, base field no. 24/53, checking fields: 24
[ Info: 64_66: layer 2/2, base field no. 24/53, 1/24
[ Info: 64_66: layer 2/2, base field no. 24/53, 2/24
[ Info: 64_66: layer 2/2, base field no. 24/53, 3/24
[ Info: 64_66: layer 2/2, base field no. 24/53, 4/24
[ Info: 64_66: layer 2/2, base field no. 24/53, 5/24
[ Info: 64_66: layer 2/2, base field no. 24/53, 6/24
[ Info: 64_66: layer 2/2, base field no. 24/53, 7/24
[ Info: 64_66: layer 2/2, base field no. 24/53, 8/24
[ Info: 64_66: layer 2/2, base field no. 24/53, 9/24
[ Info: 64_66: layer 2/2, base field no. 24/53, 10/24
[ Info: 64_66: layer 2/2, base field no. 24/53, 11/24
[ Info: 64_66: layer 2/2, base field no. 24/53, 12/24
[ Info: 64_66: layer 2/2, base field no. 24/53, 13/24
[ Info: 64_66: layer 2/2, base field no. 24/53, 14/24
[ Info: 64_66: layer 2/2, base field no. 24/53, 15/24
[ Info: 64_66: layer 2/2, base field no. 24/53, 16/24
[ Info: 64_66: layer 2/2, base field no. 24/53, 17/24
[ Info: 64_66: layer 2/2, base field no. 24/53, 18/24
[ Info: 64_66: layer 2/2, base field no. 24/53, 19/24
[ Info: 64_66: layer 2/2, base field no. 24/53, 20/24
[ Info: 64_66: layer 2/2, base field no. 24/53, 21/24
[ Info: 64_66: layer 2/2, base field no. 24/53, 22/24
[ Info: 64_66: layer 2/2, base field no. 24/53, 23/24
[ Info: 64_66: layer 2/2, base field no. 24/53, 24/24
[ Info: 64_66: layer 2/2, base field no. 25/53, constructing abelian extensions
[ Info: 64_66: layer 2/2, base field no. 25/53, checking fields: 3
[ Info: 64_66: layer 2/2, base field no. 25/53, 1/3
[ Info: 64_66: layer 2/2, base field no. 25/53, 2/3
[ Info: 64_66: layer 2/2, base field no. 25/53, 3/3
[ Info: 64_66: layer 2/2, base field no. 26/53, constructing abelian extensions
[ Info: 64_66: layer 2/2, base field no. 26/53, checking fields: 5
[ Info: 64_66: layer 2/2, base field no. 26/53, 1/5
[ Info: 64_66: layer 2/2, base field no. 26/53, 2/5
[ Info: 64_66: layer 2/2, base field no. 26/53, 3/5
[ Info: 64_66: layer 2/2, base field no. 26/53, 4/5
[ Info: 64_66: layer 2/2, base field no. 26/53, 5/5
[ Info: 64_66: layer 2/2, base field no. 27/53, constructing abelian extensions
[ Info: 64_66: layer 2/2, base field no. 27/53, checking fields: 8
[ Info: 64_66: layer 2/2, base field no. 27/53, 1/8
[ Info: 64_66: layer 2/2, base field no. 27/53, 2/8
[ Info: 64_66: layer 2/2, base field no. 27/53, 3/8
[ Info: 64_66: layer 2/2, base field no. 27/53, 4/8
[ Info: 64_66: layer 2/2, base field no. 27/53, 5/8
[ Info: 64_66: layer 2/2, base field no. 27/53, 6/8
[ Info: 64_66: layer 2/2, base field no. 27/53, 7/8
[ Info: 64_66: layer 2/2, base field no. 27/53, 8/8
[ Info: 64_66: layer 2/2, base field no. 28/53, constructing abelian extensions
[ Info: 64_66: layer 2/2, base field no. 28/53, checking fields: 1
[ Info: 64_66: layer 2/2, base field no. 28/53, 1/1
[ Info: 64_66: layer 2/2, base field no. 29/53, constructing abelian extensions
[ Info: 64_66: layer 2/2, base field no. 29/53, checking fields: 1
[ Info: 64_66: layer 2/2, base field no. 29/53, 1/1
[ Info: 64_66: layer 2/2, base field no. 30/53, constructing abelian extensions
[ Info: 64_66: layer 2/2, base field no. 30/53, checking fields: 14
[ Info: 64_66: layer 2/2, base field no. 30/53, 1/14
[ Info: 64_66: layer 2/2, base field no. 30/53, 2/14
[ Info: 64_66: layer 2/2, base field no. 30/53, 3/14
[ Info: 64_66: layer 2/2, base field no. 30/53, 4/14
[ Info: 64_66: layer 2/2, base field no. 30/53, 5/14
[ Info: 64_66: layer 2/2, base field no. 30/53, 6/14
[ Info: 64_66: layer 2/2, base field no. 30/53, 7/14
[ Info: 64_66: layer 2/2, base field no. 30/53, 8/14
[ Info: 64_66: layer 2/2, base field no. 30/53, 9/14
[ Info: 64_66: layer 2/2, base field no. 30/53, 10/14
[ Info: 64_66: layer 2/2, base field no. 30/53, 11/14
[ Info: 64_66: layer 2/2, base field no. 30/53, 12/14
[ Info: 64_66: layer 2/2, base field no. 30/53, 13/14
[ Info: 64_66: layer 2/2, base field no. 30/53, 14/14
[ Info: 64_66: layer 2/2, base field no. 31/53, constructing abelian extensions
[ Info: 64_66: layer 2/2, base field no. 31/53, checking fields: 1
[ Info: 64_66: layer 2/2, base field no. 31/53, 1/1
[ Info: 64_66: layer 2/2, base field no. 32/53, constructing abelian extensions
[ Info: 64_66: layer 2/2, base field no. 32/53, checking fields: 3
[ Info: 64_66: layer 2/2, base field no. 32/53, 1/3
[ Info: 64_66: layer 2/2, base field no. 32/53, 2/3
[ Info: 64_66: layer 2/2, base field no. 32/53, 3/3
[ Info: 64_66: layer 2/2, base field no. 33/53, constructing abelian extensions
[ Info: 64_66: layer 2/2, base field no. 33/53, checking fields: 18
[ Info: 64_66: layer 2/2, base field no. 33/53, 1/18
[ Info: 64_66: layer 2/2, base field no. 33/53, 2/18
[ Info: 64_66: layer 2/2, base field no. 33/53, 3/18
[ Info: 64_66: layer 2/2, base field no. 33/53, 4/18
[ Info: 64_66: layer 2/2, base field no. 33/53, 5/18
[ Info: 64_66: layer 2/2, base field no. 33/53, 6/18
[ Info: 64_66: layer 2/2, base field no. 33/53, 7/18
[ Info: 64_66: layer 2/2, base field no. 33/53, 8/18
[ Info: 64_66: layer 2/2, base field no. 33/53, 9/18
[ Info: 64_66: layer 2/2, base field no. 33/53, 10/18
[ Info: 64_66: layer 2/2, base field no. 33/53, 11/18
[ Info: 64_66: layer 2/2, base field no. 33/53, 12/18
[ Info: 64_66: layer 2/2, base field no. 33/53, 13/18
[ Info: 64_66: layer 2/2, base field no. 33/53, 14/18
[ Info: 64_66: layer 2/2, base field no. 33/53, 15/18
[ Info: 64_66: layer 2/2, base field no. 33/53, 16/18
[ Info: 64_66: layer 2/2, base field no. 33/53, 17/18
[ Info: 64_66: layer 2/2, base field no. 33/53, 18/18
[ Info: 64_66: layer 2/2, base field no. 34/53, constructing abelian extensions
[ Info: 64_66: layer 2/2, base field no. 34/53, checking fields: 1
[ Info: 64_66: layer 2/2, base field no. 34/53, 1/1
[ Info: 64_66: layer 2/2, base field no. 35/53, constructing abelian extensions
[ Info: 64_66: layer 2/2, base field no. 35/53, checking fields: 9
[ Info: 64_66: layer 2/2, base field no. 35/53, 1/9
[ Info: 64_66: layer 2/2, base field no. 35/53, 2/9
[ Info: 64_66: layer 2/2, base field no. 35/53, 3/9
[ Info: 64_66: layer 2/2, base field no. 35/53, 4/9
[ Info: 64_66: layer 2/2, base field no. 35/53, 5/9
[ Info: 64_66: layer 2/2, base field no. 35/53, 6/9
[ Info: 64_66: layer 2/2, base field no. 35/53, 7/9
[ Info: 64_66: layer 2/2, base field no. 35/53, 8/9
[ Info: 64_66: layer 2/2, base field no. 35/53, 9/9
[ Info: 64_66: layer 2/2, base field no. 36/53, constructing abelian extensions
[ Info: 64_66: layer 2/2, base field no. 36/53, checking fields: 2
[ Info: 64_66: layer 2/2, base field no. 36/53, 1/2
[ Info: 64_66: layer 2/2, base field no. 36/53, 2/2
[ Info: 64_66: layer 2/2, base field no. 37/53, constructing abelian extensions
[ Info: 64_66: layer 2/2, base field no. 37/53, checking fields: 3
[ Info: 64_66: layer 2/2, base field no. 37/53, 1/3
[ Info: 64_66: layer 2/2, base field no. 37/53, 2/3
[ Info: 64_66: layer 2/2, base field no. 37/53, 3/3
[ Info: 64_66: layer 2/2, base field no. 38/53, constructing abelian extensions
[ Info: 64_66: layer 2/2, base field no. 38/53, checking fields: 4
[ Info: 64_66: layer 2/2, base field no. 38/53, 1/4
[ Info: 64_66: layer 2/2, base field no. 38/53, 2/4
[ Info: 64_66: layer 2/2, base field no. 38/53, 3/4
[ Info: 64_66: layer 2/2, base field no. 38/53, 4/4
[ Info: 64_66: layer 2/2, base field no. 39/53, constructing abelian extensions
[ Info: 64_66: layer 2/2, base field no. 39/53, checking fields: 28
[ Info: 64_66: layer 2/2, base field no. 39/53, 1/28
[ Info: 64_66: layer 2/2, base field no. 39/53, 2/28
[ Info: 64_66: layer 2/2, base field no. 39/53, 3/28
[ Info: 64_66: layer 2/2, base field no. 39/53, 4/28
[ Info: 64_66: layer 2/2, base field no. 39/53, 5/28
[ Info: 64_66: layer 2/2, base field no. 39/53, 6/28
[ Info: 64_66: layer 2/2, base field no. 39/53, 7/28
[ Info: 64_66: layer 2/2, base field no. 39/53, 8/28
[ Info: 64_66: layer 2/2, base field no. 39/53, 9/28
[ Info: 64_66: layer 2/2, base field no. 39/53, 10/28
[ Info: 64_66: layer 2/2, base field no. 39/53, 11/28
[ Info: 64_66: layer 2/2, base field no. 39/53, 12/28
[ Info: 64_66: layer 2/2, base field no. 39/53, 13/28
[ Info: 64_66: layer 2/2, base field no. 39/53, 14/28
[ Info: 64_66: layer 2/2, base field no. 39/53, 15/28
[ Info: 64_66: layer 2/2, base field no. 39/53, 16/28
[ Info: 64_66: layer 2/2, base field no. 39/53, 17/28
[ Info: 64_66: layer 2/2, base field no. 39/53, 18/28
[ Info: 64_66: layer 2/2, base field no. 39/53, 19/28
[ Info: 64_66: layer 2/2, base field no. 39/53, 20/28
[ Info: 64_66: layer 2/2, base field no. 39/53, 21/28
[ Info: 64_66: layer 2/2, base field no. 39/53, 22/28
[ Info: 64_66: layer 2/2, base field no. 39/53, 23/28
[ Info: 64_66: layer 2/2, base field no. 39/53, 24/28
[ Info: 64_66: layer 2/2, base field no. 39/53, 25/28
[ Info: 64_66: layer 2/2, base field no. 39/53, 26/28
[ Info: 64_66: layer 2/2, base field no. 39/53, 27/28
[ Info: 64_66: layer 2/2, base field no. 39/53, 28/28
[ Info: 64_66: layer 2/2, base field no. 40/53, constructing abelian extensions
[ Info: 64_66: layer 2/2, base field no. 40/53, checking fields: 15
[ Info: 64_66: layer 2/2, base field no. 40/53, 1/15
[ Info: 64_66: layer 2/2, base field no. 40/53, 2/15
[ Info: 64_66: layer 2/2, base field no. 40/53, 3/15
[ Info: 64_66: layer 2/2, base field no. 40/53, 4/15
[ Info: 64_66: layer 2/2, base field no. 40/53, 5/15
[ Info: 64_66: layer 2/2, base field no. 40/53, 6/15
[ Info: 64_66: layer 2/2, base field no. 40/53, 7/15
[ Info: 64_66: layer 2/2, base field no. 40/53, 8/15
[ Info: 64_66: layer 2/2, base field no. 40/53, 9/15
[ Info: 64_66: layer 2/2, base field no. 40/53, 10/15
[ Info: 64_66: layer 2/2, base field no. 40/53, 11/15
[ Info: 64_66: layer 2/2, base field no. 40/53, 12/15
[ Info: 64_66: layer 2/2, base field no. 40/53, 13/15
[ Info: 64_66: layer 2/2, base field no. 40/53, 14/15
[ Info: 64_66: layer 2/2, base field no. 40/53, 15/15
[ Info: 64_66: layer 2/2, base field no. 41/53, constructing abelian extensions
[ Info: 64_66: layer 2/2, base field no. 41/53, checking fields: 11
[ Info: 64_66: layer 2/2, base field no. 41/53, 1/11
[ Info: 64_66: layer 2/2, base field no. 41/53, 2/11
[ Info: 64_66: layer 2/2, base field no. 41/53, 3/11
[ Info: 64_66: layer 2/2, base field no. 41/53, 4/11
[ Info: 64_66: layer 2/2, base field no. 41/53, 5/11
[ Info: 64_66: layer 2/2, base field no. 41/53, 6/11
[ Info: 64_66: layer 2/2, base field no. 41/53, 7/11
[ Info: 64_66: layer 2/2, base field no. 41/53, 8/11
[ Info: 64_66: layer 2/2, base field no. 41/53, 9/11
[ Info: 64_66: layer 2/2, base field no. 41/53, 10/11
[ Info: 64_66: layer 2/2, base field no. 41/53, 11/11
[ Info: 64_66: layer 2/2, base field no. 42/53, constructing abelian extensions
[ Info: 64_66: layer 2/2, base field no. 42/53, checking fields: 7
[ Info: 64_66: layer 2/2, base field no. 42/53, 1/7
[ Info: 64_66: layer 2/2, base field no. 42/53, 2/7
[ Info: 64_66: layer 2/2, base field no. 42/53, 3/7
[ Info: 64_66: layer 2/2, base field no. 42/53, 4/7
[ Info: 64_66: layer 2/2, base field no. 42/53, 5/7
[ Info: 64_66: layer 2/2, base field no. 42/53, 6/7
[ Info: 64_66: layer 2/2, base field no. 42/53, 7/7
[ Info: 64_66: layer 2/2, base field no. 43/53, constructing abelian extensions
[ Info: 64_66: layer 2/2, base field no. 43/53, checking fields: 11
[ Info: 64_66: layer 2/2, base field no. 43/53, 1/11
[ Info: 64_66: layer 2/2, base field no. 43/53, 2/11
[ Info: 64_66: layer 2/2, base field no. 43/53, 3/11
[ Info: 64_66: layer 2/2, base field no. 43/53, 4/11
[ Info: 64_66: layer 2/2, base field no. 43/53, 5/11
[ Info: 64_66: layer 2/2, base field no. 43/53, 6/11
[ Info: 64_66: layer 2/2, base field no. 43/53, 7/11
[ Info: 64_66: layer 2/2, base field no. 43/53, 8/11
[ Info: 64_66: layer 2/2, base field no. 43/53, 9/11
[ Info: 64_66: layer 2/2, base field no. 43/53, 10/11
[ Info: 64_66: layer 2/2, base field no. 43/53, 11/11
[ Info: 64_66: layer 2/2, base field no. 44/53, constructing abelian extensions
[ Info: 64_66: layer 2/2, base field no. 44/53, checking fields: 3
[ Info: 64_66: layer 2/2, base field no. 44/53, 1/3
[ Info: 64_66: layer 2/2, base field no. 44/53, 2/3
[ Info: 64_66: layer 2/2, base field no. 44/53, 3/3
[ Info: 64_66: layer 2/2, base field no. 45/53, constructing abelian extensions
[ Info: 64_66: layer 2/2, base field no. 45/53, checking fields: 3
[ Info: 64_66: layer 2/2, base field no. 45/53, 1/3
[ Info: 64_66: layer 2/2, base field no. 45/53, 2/3
[ Info: 64_66: layer 2/2, base field no. 45/53, 3/3
[ Info: 64_66: layer 2/2, base field no. 46/53, constructing abelian extensions
[ Info: 64_66: layer 2/2, base field no. 46/53, checking fields: 3
[ Info: 64_66: layer 2/2, base field no. 46/53, 1/3
[ Info: 64_66: layer 2/2, base field no. 46/53, 2/3
[ Info: 64_66: layer 2/2, base field no. 46/53, 3/3
[ Info: 64_66: layer 2/2, base field no. 47/53, constructing abelian extensions
[ Info: 64_66: layer 2/2, base field no. 47/53, checking fields: 14
[ Info: 64_66: layer 2/2, base field no. 47/53, 1/14
[ Info: 64_66: layer 2/2, base field no. 47/53, 2/14
[ Info: 64_66: layer 2/2, base field no. 47/53, 3/14
[ Info: 64_66: layer 2/2, base field no. 47/53, 4/14
[ Info: 64_66: layer 2/2, base field no. 47/53, 5/14
[ Info: 64_66: layer 2/2, base field no. 47/53, 6/14
[ Info: 64_66: layer 2/2, base field no. 47/53, 7/14
[ Info: 64_66: layer 2/2, base field no. 47/53, 8/14
[ Info: 64_66: layer 2/2, base field no. 47/53, 9/14
[ Info: 64_66: layer 2/2, base field no. 47/53, 10/14
[ Info: 64_66: layer 2/2, base field no. 47/53, 11/14
[ Info: 64_66: layer 2/2, base field no. 47/53, 12/14
[ Info: 64_66: layer 2/2, base field no. 47/53, 13/14
[ Info: 64_66: layer 2/2, base field no. 47/53, 14/14
[ Info: 64_66: layer 2/2, base field no. 48/53, constructing abelian extensions
[ Info: 64_66: layer 2/2, base field no. 48/53, checking fields: 3
[ Info: 64_66: layer 2/2, base field no. 48/53, 1/3
[ Info: 64_66: layer 2/2, base field no. 48/53, 2/3
[ Info: 64_66: layer 2/2, base field no. 48/53, 3/3
[ Info: 64_66: layer 2/2, base field no. 49/53, constructing abelian extensions
[ Info: 64_66: layer 2/2, base field no. 49/53, checking fields: 5
[ Info: 64_66: layer 2/2, base field no. 49/53, 1/5
[ Info: 64_66: layer 2/2, base field no. 49/53, 2/5
[ Info: 64_66: layer 2/2, base field no. 49/53, 3/5
[ Info: 64_66: layer 2/2, base field no. 49/53, 4/5
[ Info: 64_66: layer 2/2, base field no. 49/53, 5/5
[ Info: 64_66: layer 2/2, base field no. 50/53, constructing abelian extensions
[ Info: 64_66: layer 2/2, base field no. 50/53, checking fields: 4
[ Info: 64_66: layer 2/2, base field no. 50/53, 1/4
[ Info: 64_66: layer 2/2, base field no. 50/53, 2/4
[ Info: 64_66: layer 2/2, base field no. 50/53, 3/4
[ Info: 64_66: layer 2/2, base field no. 50/53, 4/4
[ Info: 64_66: layer 2/2, base field no. 51/53, constructing abelian extensions
[ Info: 64_66: layer 2/2, base field no. 51/53, checking fields: 3
[ Info: 64_66: layer 2/2, base field no. 51/53, 1/3
[ Info: 64_66: layer 2/2, base field no. 51/53, 2/3
[ Info: 64_66: layer 2/2, base field no. 51/53, 3/3
[ Info: 64_66: layer 2/2, base field no. 52/53, constructing abelian extensions
[ Info: 64_66: layer 2/2, base field no. 52/53, checking fields: 3
[ Info: 64_66: layer 2/2, base field no. 52/53, 1/3
[ Info: 64_66: layer 2/2, base field no. 52/53, 2/3
[ Info: 64_66: layer 2/2, base field no. 52/53, 3/3
[ Info: 64_66: layer 2/2, base field no. 53/53, constructing abelian extensions
[ Info: 64_66: layer 2/2, base field no. 53/53, checking fields: 1
[ Info: 64_66: layer 2/2, base field no. 53/53, 1/1
58786.524035 seconds (614.77 G allocations: 38.739 TiB, 12.92% gc time, 0.02% compilation time: 2% of which was recompilation)
