[ Info: 64_138: File for first layer exists [2, 2, 2], 31622776601684; loading ...
[ Info: 64_138: layer 2/2, base field no. 1/256, constructing abelian extensions
[ Info: 64_138: layer 2/2, base field no. 1/256, checking fields: 987
[ Info: 64_138: layer 2/2, base field no. 1/256, 1/987
[ Info: 64_138: layer 2/2, base field no. 1/256, 2/987
[ Info: 64_138: layer 2/2, base field no. 1/256, 3/987
[ Info: 64_138: layer 2/2, base field no. 1/256, 4/987
[ Info: 64_138: layer 2/2, base field no. 1/256, 5/987
[ Info: 64_138: layer 2/2, base field no. 1/256, 6/987
[ Info: 64_138: layer 2/2, base field no. 1/256, 7/987
[ Info: 64_138: layer 2/2, base field no. 1/256, 8/987
[ Info: 64_138: layer 2/2, base field no. 1/256, 9/987
[ Info: 64_138: layer 2/2, base field no. 1/256, 10/987
[ Info: 64_138: layer 2/2, base field no. 1/256, 11/987
[ Info: 64_138: layer 2/2, base field no. 1/256, 12/987
[ Info: 64_138: layer 2/2, base field no. 1/256, 13/987
[ Info: 64_138: layer 2/2, base field no. 1/256, 14/987
[ Info: 64_138: layer 2/2, base field no. 1/256, 15/987
[ Info: 64_138: layer 2/2, base field no. 1/256, 16/987
[ Info: 64_138: layer 2/2, base field no. 1/256, 17/987
[ Info: 64_138: layer 2/2, base field no. 1/256, 18/987
[ Info: 64_138: layer 2/2, base field no. 1/256, 19/987
[ Info: 64_138: layer 2/2, base field no. 1/256, 20/987
[ Info: 64_138: layer 2/2, base field no. 1/256, 21/987
[ Info: 64_138: layer 2/2, base field no. 1/256, 22/987
[ Info: 64_138: layer 2/2, base field no. 1/256, 23/987
[ Info: 64_138: layer 2/2, base field no. 1/256, 24/987
[ Info: 64_138: layer 2/2, base field no. 1/256, 25/987
[ Info: 64_138: layer 2/2, base field no. 1/256, 26/987
[ Info: 64_138: layer 2/2, base field no. 1/256, 27/987
[ Info: 64_138: layer 2/2, base field no. 1/256, 28/987
[ Info: 64_138: layer 2/2, base field no. 1/256, 29/987
[ Info: 64_138: layer 2/2, base field no. 1/256, 30/987
[ Info: 64_138: layer 2/2, base field no. 1/256, 31/987
[ Info: 64_138: layer 2/2, base field no. 1/256, 32/987
[ Info: 64_138: layer 2/2, base field no. 1/256, 33/987
[ Info: 64_138: layer 2/2, base field no. 1/256, 34/987
[ Info: 64_138: layer 2/2, base field no. 1/256, 35/987
[ Info: 64_138: layer 2/2, base field no. 1/256, 36/987
[ Info: 64_138: layer 2/2, base field no. 1/256, 37/987
[ Info: 64_138: layer 2/2, base field no. 1/256, 38/987
[ Info: 64_138: layer 2/2, base field no. 1/256, 39/987
[ Info: 64_138: layer 2/2, base field no. 1/256, 40/987
[ Info: 64_138: layer 2/2, base field no. 1/256, 41/987
[ Info: 64_138: layer 2/2, base field no. 1/256, 42/987
[ Info: 64_138: layer 2/2, base field no. 1/256, 43/987
[ Info: 64_138: layer 2/2, base field no. 1/256, 44/987
[ Info: 64_138: layer 2/2, base field no. 1/256, 45/987
[ Info: 64_138: layer 2/2, base field no. 1/256, 46/987
[ Info: 64_138: layer 2/2, base field no. 1/256, 47/987
[ Info: 64_138: layer 2/2, base field no. 1/256, 48/987
[ Info: 64_138: layer 2/2, base field no. 1/256, 49/987
[ Info: 64_138: layer 2/2, base field no. 1/256, 50/987
[ Info: 64_138: layer 2/2, base field no. 1/256, 51/987
[ Info: 64_138: layer 2/2, base field no. 1/256, 52/987
[ Info: 64_138: layer 2/2, base field no. 1/256, 53/987
[ Info: 64_138: layer 2/2, base field no. 1/256, 54/987
[ Info: 64_138: layer 2/2, base field no. 1/256, 55/987
[ Info: 64_138: layer 2/2, base field no. 1/256, 56/987
[ Info: 64_138: layer 2/2, base field no. 1/256, 57/987
[ Info: 64_138: layer 2/2, base field no. 1/256, 58/987
[ Info: 64_138: layer 2/2, base field no. 1/256, 59/987
[ Info: 64_138: layer 2/2, base field no. 1/256, 60/987
[ Info: 64_138: layer 2/2, base field no. 1/256, 61/987
[ Info: 64_138: layer 2/2, base field no. 1/256, 62/987
[ Info: 64_138: layer 2/2, base field no. 1/256, 63/987
[ Info: 64_138: layer 2/2, base field no. 1/256, 64/987
[ Info: 64_138: layer 2/2, base field no. 1/256, 65/987
[ Info: 64_138: layer 2/2, base field no. 1/256, 66/987
[ Info: 64_138: layer 2/2, base field no. 1/256, 67/987
[ Info: 64_138: layer 2/2, base field no. 1/256, 68/987
[ Info: 64_138: layer 2/2, base field no. 1/256, 69/987
[ Info: 64_138: layer 2/2, base field no. 1/256, 70/987
[ Info: 64_138: layer 2/2, base field no. 1/256, 71/987
[ Info: 64_138: layer 2/2, base field no. 1/256, 72/987
[ Info: 64_138: layer 2/2, base field no. 1/256, 73/987
[ Info: 64_138: layer 2/2, base field no. 1/256, 74/987
[ Info: 64_138: layer 2/2, base field no. 1/256, 75/987
[ Info: 64_138: layer 2/2, base field no. 1/256, 76/987
[ Info: 64_138: layer 2/2, base field no. 1/256, 77/987
[ Info: 64_138: layer 2/2, base field no. 1/256, 78/987
[ Info: 64_138: layer 2/2, base field no. 1/256, 79/987
[ Info: 64_138: layer 2/2, base field no. 1/256, 80/987
[ Info: 64_138: layer 2/2, base field no. 1/256, 81/987
[ Info: 64_138: layer 2/2, base field no. 1/256, 82/987
[ Info: 64_138: layer 2/2, base field no. 1/256, 83/987
[ Info: 64_138: layer 2/2, base field no. 1/256, 84/987
[ Info: 64_138: layer 2/2, base field no. 1/256, 85/987
[ Info: 64_138: layer 2/2, base field no. 1/256, 86/987
[ Info: 64_138: layer 2/2, base field no. 1/256, 87/987
[ Info: 64_138: layer 2/2, base field no. 1/256, 88/987
[ Info: 64_138: layer 2/2, base field no. 1/256, 89/987
[ Info: 64_138: layer 2/2, base field no. 1/256, 90/987
[ Info: 64_138: layer 2/2, base field no. 1/256, 91/987
[ Info: 64_138: layer 2/2, base field no. 1/256, 92/987
[ Info: 64_138: layer 2/2, base field no. 1/256, 93/987
[ Info: 64_138: layer 2/2, base field no. 1/256, 94/987
[ Info: 64_138: layer 2/2, base field no. 1/256, 95/987
[ Info: 64_138: layer 2/2, base field no. 1/256, 96/987
[ Info: 64_138: layer 2/2, base field no. 1/256, 97/987
[ Info: 64_138: layer 2/2, base field no. 1/256, 98/987
[ Info: 64_138: layer 2/2, base field no. 1/256, 99/987
[ Info: 64_138: layer 2/2, base field no. 1/256, 100/987
[ Info: 64_138: layer 2/2, base field no. 1/256, 101/987
[ Info: 64_138: layer 2/2, base field no. 1/256, 102/987
[ Info: 64_138: layer 2/2, base field no. 1/256, 103/987
[ Info: 64_138: layer 2/2, base field no. 1/256, 104/987
[ Info: 64_138: layer 2/2, base field no. 1/256, 105/987
[ Info: 64_138: layer 2/2, base field no. 1/256, 106/987
[ Info: 64_138: layer 2/2, base field no. 1/256, 107/987
[ Info: 64_138: layer 2/2, base field no. 1/256, 108/987
[ Info: 64_138: layer 2/2, base field no. 1/256, 109/987
[ Info: 64_138: layer 2/2, base field no. 1/256, 110/987
[ Info: 64_138: layer 2/2, base field no. 1/256, 111/987
[ Info: 64_138: layer 2/2, base field no. 1/256, 112/987
[ Info: 64_138: layer 2/2, base field no. 1/256, 113/987
[ Info: 64_138: layer 2/2, base field no. 1/256, 114/987
[ Info: 64_138: layer 2/2, base field no. 1/256, 115/987
[ Info: 64_138: layer 2/2, base field no. 1/256, 116/987
[ Info: 64_138: layer 2/2, base field no. 1/256, 117/987
[ Info: 64_138: layer 2/2, base field no. 1/256, 118/987
[ Info: 64_138: layer 2/2, base field no. 1/256, 119/987
[ Info: 64_138: layer 2/2, base field no. 1/256, 120/987
[ Info: 64_138: layer 2/2, base field no. 1/256, 121/987
[ Info: 64_138: layer 2/2, base field no. 1/256, 122/987
[ Info: 64_138: layer 2/2, base field no. 1/256, 123/987
[ Info: 64_138: layer 2/2, base field no. 1/256, 124/987
[ Info: 64_138: layer 2/2, base field no. 1/256, 125/987
[ Info: 64_138: layer 2/2, base field no. 1/256, 126/987
[ Info: 64_138: layer 2/2, base field no. 1/256, 127/987
[ Info: 64_138: layer 2/2, base field no. 1/256, 128/987
[ Info: 64_138: layer 2/2, base field no. 1/256, 129/987
[ Info: 64_138: layer 2/2, base field no. 1/256, 130/987
[ Info: 64_138: layer 2/2, base field no. 1/256, 131/987
[ Info: 64_138: layer 2/2, base field no. 1/256, 132/987
[ Info: 64_138: layer 2/2, base field no. 1/256, 133/987
[ Info: 64_138: layer 2/2, base field no. 1/256, 134/987
[ Info: 64_138: layer 2/2, base field no. 1/256, 135/987
[ Info: 64_138: layer 2/2, base field no. 1/256, 136/987
[ Info: 64_138: layer 2/2, base field no. 1/256, 137/987
[ Info: 64_138: layer 2/2, base field no. 1/256, 138/987
[ Info: 64_138: layer 2/2, base field no. 1/256, 139/987
[ Info: 64_138: layer 2/2, base field no. 1/256, 140/987
[ Info: 64_138: layer 2/2, base field no. 1/256, 141/987
[ Info: 64_138: layer 2/2, base field no. 1/256, 142/987
[ Info: 64_138: layer 2/2, base field no. 1/256, 143/987
[ Info: 64_138: layer 2/2, base field no. 1/256, 144/987
[ Info: 64_138: layer 2/2, base field no. 1/256, 145/987
[ Info: 64_138: layer 2/2, base field no. 1/256, 146/987
[ Info: 64_138: layer 2/2, base field no. 1/256, 147/987
[ Info: 64_138: layer 2/2, base field no. 1/256, 148/987
[ Info: 64_138: layer 2/2, base field no. 1/256, 149/987
[ Info: 64_138: layer 2/2, base field no. 1/256, 150/987
[ Info: 64_138: layer 2/2, base field no. 1/256, 151/987
[ Info: 64_138: layer 2/2, base field no. 1/256, 152/987
[ Info: 64_138: layer 2/2, base field no. 1/256, 153/987
[ Info: 64_138: layer 2/2, base field no. 1/256, 154/987
[ Info: 64_138: layer 2/2, base field no. 1/256, 155/987
[ Info: 64_138: layer 2/2, base field no. 1/256, 156/987
[ Info: 64_138: layer 2/2, base field no. 1/256, 157/987
[ Info: 64_138: layer 2/2, base field no. 1/256, 158/987
[ Info: 64_138: layer 2/2, base field no. 1/256, 159/987
[ Info: 64_138: layer 2/2, base field no. 1/256, 160/987
[ Info: 64_138: layer 2/2, base field no. 1/256, 161/987
[ Info: 64_138: layer 2/2, base field no. 1/256, 162/987
[ Info: 64_138: layer 2/2, base field no. 1/256, 163/987
[ Info: 64_138: layer 2/2, base field no. 1/256, 164/987
[ Info: 64_138: layer 2/2, base field no. 1/256, 165/987
[ Info: 64_138: layer 2/2, base field no. 1/256, 166/987
[ Info: 64_138: layer 2/2, base field no. 1/256, 167/987
[ Info: 64_138: layer 2/2, base field no. 1/256, 168/987
[ Info: 64_138: layer 2/2, base field no. 1/256, 169/987
[ Info: 64_138: layer 2/2, base field no. 1/256, 170/987
[ Info: 64_138: layer 2/2, base field no. 1/256, 171/987
[ Info: 64_138: layer 2/2, base field no. 1/256, 172/987
[ Info: 64_138: layer 2/2, base field no. 1/256, 173/987
[ Info: 64_138: layer 2/2, base field no. 1/256, 174/987
[ Info: 64_138: layer 2/2, base field no. 1/256, 175/987
[ Info: 64_138: layer 2/2, base field no. 1/256, 176/987
[ Info: 64_138: layer 2/2, base field no. 1/256, 177/987
[ Info: 64_138: layer 2/2, base field no. 1/256, 178/987
[ Info: 64_138: layer 2/2, base field no. 1/256, 179/987
[ Info: 64_138: layer 2/2, base field no. 1/256, 180/987
[ Info: 64_138: layer 2/2, base field no. 1/256, 181/987
[ Info: 64_138: layer 2/2, base field no. 1/256, 182/987
[ Info: 64_138: layer 2/2, base field no. 1/256, 183/987
[ Info: 64_138: layer 2/2, base field no. 1/256, 184/987
[ Info: 64_138: layer 2/2, base field no. 1/256, 185/987
[ Info: 64_138: layer 2/2, base field no. 1/256, 186/987
[ Info: 64_138: layer 2/2, base field no. 1/256, 187/987
[ Info: 64_138: layer 2/2, base field no. 1/256, 188/987
[ Info: 64_138: layer 2/2, base field no. 1/256, 189/987
[ Info: 64_138: layer 2/2, base field no. 1/256, 190/987
[ Info: 64_138: layer 2/2, base field no. 1/256, 191/987
[ Info: 64_138: layer 2/2, base field no. 1/256, 192/987
[ Info: 64_138: layer 2/2, base field no. 1/256, 193/987
[ Info: 64_138: layer 2/2, base field no. 1/256, 194/987
[ Info: 64_138: layer 2/2, base field no. 1/256, 195/987
[ Info: 64_138: layer 2/2, base field no. 1/256, 196/987
[ Info: 64_138: layer 2/2, base field no. 1/256, 197/987
[ Info: 64_138: layer 2/2, base field no. 1/256, 198/987
[ Info: 64_138: layer 2/2, base field no. 1/256, 199/987
[ Info: 64_138: layer 2/2, base field no. 1/256, 200/987
[ Info: 64_138: layer 2/2, base field no. 1/256, 201/987
[ Info: 64_138: layer 2/2, base field no. 1/256, 202/987
[ Info: 64_138: layer 2/2, base field no. 1/256, 203/987
[ Info: 64_138: layer 2/2, base field no. 1/256, 204/987
[ Info: 64_138: layer 2/2, base field no. 1/256, 205/987
[ Info: 64_138: layer 2/2, base field no. 1/256, 206/987
[ Info: 64_138: layer 2/2, base field no. 1/256, 207/987
[ Info: 64_138: layer 2/2, base field no. 1/256, 208/987
[ Info: 64_138: layer 2/2, base field no. 1/256, 209/987
[ Info: 64_138: layer 2/2, base field no. 1/256, 210/987
[ Info: 64_138: layer 2/2, base field no. 1/256, 211/987
[ Info: 64_138: layer 2/2, base field no. 1/256, 212/987
[ Info: 64_138: layer 2/2, base field no. 1/256, 213/987
[ Info: 64_138: layer 2/2, base field no. 1/256, 214/987
[ Info: 64_138: layer 2/2, base field no. 1/256, 215/987
[ Info: 64_138: layer 2/2, base field no. 1/256, 216/987
[ Info: 64_138: layer 2/2, base field no. 1/256, 217/987
[ Info: 64_138: layer 2/2, base field no. 1/256, 218/987
[ Info: 64_138: layer 2/2, base field no. 1/256, 219/987
[ Info: 64_138: layer 2/2, base field no. 1/256, 220/987
[ Info: 64_138: layer 2/2, base field no. 1/256, 221/987
[ Info: 64_138: layer 2/2, base field no. 1/256, 222/987
[ Info: 64_138: layer 2/2, base field no. 1/256, 223/987
[ Info: 64_138: layer 2/2, base field no. 1/256, 224/987
[ Info: 64_138: layer 2/2, base field no. 1/256, 225/987
[ Info: 64_138: layer 2/2, base field no. 1/256, 226/987
[ Info: 64_138: layer 2/2, base field no. 1/256, 227/987
[ Info: 64_138: layer 2/2, base field no. 1/256, 228/987
[ Info: 64_138: layer 2/2, base field no. 1/256, 229/987
[ Info: 64_138: layer 2/2, base field no. 1/256, 230/987
[ Info: 64_138: layer 2/2, base field no. 1/256, 231/987
[ Info: 64_138: layer 2/2, base field no. 1/256, 232/987
[ Info: 64_138: layer 2/2, base field no. 1/256, 233/987
[ Info: 64_138: layer 2/2, base field no. 1/256, 234/987
[ Info: 64_138: layer 2/2, base field no. 1/256, 235/987
[ Info: 64_138: layer 2/2, base field no. 1/256, 236/987
[ Info: 64_138: layer 2/2, base field no. 1/256, 237/987
[ Info: 64_138: layer 2/2, base field no. 1/256, 238/987
[ Info: 64_138: layer 2/2, base field no. 1/256, 239/987
[ Info: 64_138: layer 2/2, base field no. 1/256, 240/987
[ Info: 64_138: layer 2/2, base field no. 1/256, 241/987
[ Info: 64_138: layer 2/2, base field no. 1/256, 242/987
[ Info: 64_138: layer 2/2, base field no. 1/256, 243/987
[ Info: 64_138: layer 2/2, base field no. 1/256, 244/987
[ Info: 64_138: layer 2/2, base field no. 1/256, 245/987
[ Info: 64_138: layer 2/2, base field no. 1/256, 246/987
[ Info: 64_138: layer 2/2, base field no. 1/256, 247/987
[ Info: 64_138: layer 2/2, base field no. 1/256, 248/987
[ Info: 64_138: layer 2/2, base field no. 1/256, 249/987
[ Info: 64_138: layer 2/2, base field no. 1/256, 250/987
[ Info: 64_138: layer 2/2, base field no. 1/256, 251/987
[ Info: 64_138: layer 2/2, base field no. 1/256, 252/987
[ Info: 64_138: layer 2/2, base field no. 1/256, 253/987
[ Info: 64_138: layer 2/2, base field no. 1/256, 254/987
[ Info: 64_138: layer 2/2, base field no. 1/256, 255/987
[ Info: 64_138: layer 2/2, base field no. 1/256, 256/987
[ Info: 64_138: layer 2/2, base field no. 1/256, 257/987
[ Info: 64_138: layer 2/2, base field no. 1/256, 258/987
[ Info: 64_138: layer 2/2, base field no. 1/256, 259/987
[ Info: 64_138: layer 2/2, base field no. 1/256, 260/987
[ Info: 64_138: layer 2/2, base field no. 1/256, 261/987
[ Info: 64_138: layer 2/2, base field no. 1/256, 262/987
[ Info: 64_138: layer 2/2, base field no. 1/256, 263/987
[ Info: 64_138: layer 2/2, base field no. 1/256, 264/987
[ Info: 64_138: layer 2/2, base field no. 1/256, 265/987
[ Info: 64_138: layer 2/2, base field no. 1/256, 266/987
[ Info: 64_138: layer 2/2, base field no. 1/256, 267/987
[ Info: 64_138: layer 2/2, base field no. 1/256, 268/987
[ Info: 64_138: layer 2/2, base field no. 1/256, 269/987
[ Info: 64_138: layer 2/2, base field no. 1/256, 270/987
[ Info: 64_138: layer 2/2, base field no. 1/256, 271/987
[ Info: 64_138: layer 2/2, base field no. 1/256, 272/987
[ Info: 64_138: layer 2/2, base field no. 1/256, 273/987
[ Info: 64_138: layer 2/2, base field no. 1/256, 274/987
[ Info: 64_138: layer 2/2, base field no. 1/256, 275/987
[ Info: 64_138: layer 2/2, base field no. 1/256, 276/987
[ Info: 64_138: layer 2/2, base field no. 1/256, 277/987
[ Info: 64_138: layer 2/2, base field no. 1/256, 278/987
[ Info: 64_138: layer 2/2, base field no. 1/256, 279/987
[ Info: 64_138: layer 2/2, base field no. 1/256, 280/987
[ Info: 64_138: layer 2/2, base field no. 1/256, 281/987
[ Info: 64_138: layer 2/2, base field no. 1/256, 282/987
[ Info: 64_138: layer 2/2, base field no. 1/256, 283/987
[ Info: 64_138: layer 2/2, base field no. 1/256, 284/987
[ Info: 64_138: layer 2/2, base field no. 1/256, 285/987
[ Info: 64_138: layer 2/2, base field no. 1/256, 286/987
[ Info: 64_138: layer 2/2, base field no. 1/256, 287/987
[ Info: 64_138: layer 2/2, base field no. 1/256, 288/987
[ Info: 64_138: layer 2/2, base field no. 1/256, 289/987
[ Info: 64_138: layer 2/2, base field no. 1/256, 290/987
[ Info: 64_138: layer 2/2, base field no. 1/256, 291/987
[ Info: 64_138: layer 2/2, base field no. 1/256, 292/987
[ Info: 64_138: layer 2/2, base field no. 1/256, 293/987
[ Info: 64_138: layer 2/2, base field no. 1/256, 294/987
[ Info: 64_138: layer 2/2, base field no. 1/256, 295/987
[ Info: 64_138: layer 2/2, base field no. 1/256, 296/987
[ Info: 64_138: layer 2/2, base field no. 1/256, 297/987
[ Info: 64_138: layer 2/2, base field no. 1/256, 298/987
[ Info: 64_138: layer 2/2, base field no. 1/256, 299/987
[ Info: 64_138: layer 2/2, base field no. 1/256, 300/987
[ Info: 64_138: layer 2/2, base field no. 1/256, 301/987
[ Info: 64_138: layer 2/2, base field no. 1/256, 302/987
[ Info: 64_138: layer 2/2, base field no. 1/256, 303/987
[ Info: 64_138: layer 2/2, base field no. 1/256, 304/987
[ Info: 64_138: layer 2/2, base field no. 1/256, 305/987
[ Info: 64_138: layer 2/2, base field no. 1/256, 306/987
[ Info: 64_138: layer 2/2, base field no. 1/256, 307/987
[ Info: 64_138: layer 2/2, base field no. 1/256, 308/987
[ Info: 64_138: layer 2/2, base field no. 1/256, 309/987
[ Info: 64_138: layer 2/2, base field no. 1/256, 310/987
[ Info: 64_138: layer 2/2, base field no. 1/256, 311/987
[ Info: 64_138: layer 2/2, base field no. 1/256, 312/987
[ Info: 64_138: layer 2/2, base field no. 1/256, 313/987
[ Info: 64_138: layer 2/2, base field no. 1/256, 314/987
[ Info: 64_138: layer 2/2, base field no. 1/256, 315/987
[ Info: 64_138: layer 2/2, base field no. 1/256, 316/987
[ Info: 64_138: layer 2/2, base field no. 1/256, 317/987
[ Info: 64_138: layer 2/2, base field no. 1/256, 318/987
[ Info: 64_138: layer 2/2, base field no. 1/256, 319/987
[ Info: 64_138: layer 2/2, base field no. 1/256, 320/987
[ Info: 64_138: layer 2/2, base field no. 1/256, 321/987
[ Info: 64_138: layer 2/2, base field no. 1/256, 322/987
[ Info: 64_138: layer 2/2, base field no. 1/256, 323/987
[ Info: 64_138: layer 2/2, base field no. 1/256, 324/987
[ Info: 64_138: layer 2/2, base field no. 1/256, 325/987
[ Info: 64_138: layer 2/2, base field no. 1/256, 326/987
[ Info: 64_138: layer 2/2, base field no. 1/256, 327/987
[ Info: 64_138: layer 2/2, base field no. 1/256, 328/987
[ Info: 64_138: layer 2/2, base field no. 1/256, 329/987
[ Info: 64_138: layer 2/2, base field no. 1/256, 330/987
[ Info: 64_138: layer 2/2, base field no. 1/256, 331/987
[ Info: 64_138: layer 2/2, base field no. 1/256, 332/987
[ Info: 64_138: layer 2/2, base field no. 1/256, 333/987
[ Info: 64_138: layer 2/2, base field no. 1/256, 334/987
[ Info: 64_138: layer 2/2, base field no. 1/256, 335/987
[ Info: 64_138: layer 2/2, base field no. 1/256, 336/987
[ Info: 64_138: layer 2/2, base field no. 1/256, 337/987
[ Info: 64_138: layer 2/2, base field no. 1/256, 338/987
[ Info: 64_138: layer 2/2, base field no. 1/256, 339/987
[ Info: 64_138: layer 2/2, base field no. 1/256, 340/987
[ Info: 64_138: layer 2/2, base field no. 1/256, 341/987
[ Info: 64_138: layer 2/2, base field no. 1/256, 342/987
[ Info: 64_138: layer 2/2, base field no. 1/256, 343/987
[ Info: 64_138: layer 2/2, base field no. 1/256, 344/987
[ Info: 64_138: layer 2/2, base field no. 1/256, 345/987
[ Info: 64_138: layer 2/2, base field no. 1/256, 346/987
[ Info: 64_138: layer 2/2, base field no. 1/256, 347/987
[ Info: 64_138: layer 2/2, base field no. 1/256, 348/987
[ Info: 64_138: layer 2/2, base field no. 1/256, 349/987
[ Info: 64_138: layer 2/2, base field no. 1/256, 350/987
[ Info: 64_138: layer 2/2, base field no. 1/256, 351/987
[ Info: 64_138: layer 2/2, base field no. 1/256, 352/987
[ Info: 64_138: layer 2/2, base field no. 1/256, 353/987
[ Info: 64_138: layer 2/2, base field no. 1/256, 354/987
[ Info: 64_138: layer 2/2, base field no. 1/256, 355/987
[ Info: 64_138: layer 2/2, base field no. 1/256, 356/987
[ Info: 64_138: layer 2/2, base field no. 1/256, 357/987
[ Info: 64_138: layer 2/2, base field no. 1/256, 358/987
[ Info: 64_138: layer 2/2, base field no. 1/256, 359/987
[ Info: 64_138: layer 2/2, base field no. 1/256, 360/987
[ Info: 64_138: layer 2/2, base field no. 1/256, 361/987
[ Info: 64_138: layer 2/2, base field no. 1/256, 362/987
[ Info: 64_138: layer 2/2, base field no. 1/256, 363/987
[ Info: 64_138: layer 2/2, base field no. 1/256, 364/987
[ Info: 64_138: layer 2/2, base field no. 1/256, 365/987
[ Info: 64_138: layer 2/2, base field no. 1/256, 366/987
[ Info: 64_138: layer 2/2, base field no. 1/256, 367/987
[ Info: 64_138: layer 2/2, base field no. 1/256, 368/987
[ Info: 64_138: layer 2/2, base field no. 1/256, 369/987
[ Info: 64_138: layer 2/2, base field no. 1/256, 370/987
[ Info: 64_138: layer 2/2, base field no. 1/256, 371/987
[ Info: 64_138: layer 2/2, base field no. 1/256, 372/987
[ Info: 64_138: layer 2/2, base field no. 1/256, 373/987
[ Info: 64_138: layer 2/2, base field no. 1/256, 374/987
[ Info: 64_138: layer 2/2, base field no. 1/256, 375/987
[ Info: 64_138: layer 2/2, base field no. 1/256, 376/987
[ Info: 64_138: layer 2/2, base field no. 1/256, 377/987
[ Info: 64_138: layer 2/2, base field no. 1/256, 378/987
[ Info: 64_138: layer 2/2, base field no. 1/256, 379/987
[ Info: 64_138: layer 2/2, base field no. 1/256, 380/987
[ Info: 64_138: layer 2/2, base field no. 1/256, 381/987
[ Info: 64_138: layer 2/2, base field no. 1/256, 382/987
[ Info: 64_138: layer 2/2, base field no. 1/256, 383/987
[ Info: 64_138: layer 2/2, base field no. 1/256, 384/987
[ Info: 64_138: layer 2/2, base field no. 1/256, 385/987
[ Info: 64_138: layer 2/2, base field no. 1/256, 386/987
[ Info: 64_138: layer 2/2, base field no. 1/256, 387/987
[ Info: 64_138: layer 2/2, base field no. 1/256, 388/987
[ Info: 64_138: layer 2/2, base field no. 1/256, 389/987
[ Info: 64_138: layer 2/2, base field no. 1/256, 390/987
[ Info: 64_138: layer 2/2, base field no. 1/256, 391/987
[ Info: 64_138: layer 2/2, base field no. 1/256, 392/987
[ Info: 64_138: layer 2/2, base field no. 1/256, 393/987
[ Info: 64_138: layer 2/2, base field no. 1/256, 394/987
[ Info: 64_138: layer 2/2, base field no. 1/256, 395/987
[ Info: 64_138: layer 2/2, base field no. 1/256, 396/987
[ Info: 64_138: layer 2/2, base field no. 1/256, 397/987
[ Info: 64_138: layer 2/2, base field no. 1/256, 398/987
[ Info: 64_138: layer 2/2, base field no. 1/256, 399/987
[ Info: 64_138: layer 2/2, base field no. 1/256, 400/987
[ Info: 64_138: layer 2/2, base field no. 1/256, 401/987
[ Info: 64_138: layer 2/2, base field no. 1/256, 402/987
[ Info: 64_138: layer 2/2, base field no. 1/256, 403/987
[ Info: 64_138: layer 2/2, base field no. 1/256, 404/987
[ Info: 64_138: layer 2/2, base field no. 1/256, 405/987
[ Info: 64_138: layer 2/2, base field no. 1/256, 406/987
[ Info: 64_138: layer 2/2, base field no. 1/256, 407/987
[ Info: 64_138: layer 2/2, base field no. 1/256, 408/987
[ Info: 64_138: layer 2/2, base field no. 1/256, 409/987
[ Info: 64_138: layer 2/2, base field no. 1/256, 410/987
[ Info: 64_138: layer 2/2, base field no. 1/256, 411/987
[ Info: 64_138: layer 2/2, base field no. 1/256, 412/987
[ Info: 64_138: layer 2/2, base field no. 1/256, 413/987
[ Info: 64_138: layer 2/2, base field no. 1/256, 414/987
[ Info: 64_138: layer 2/2, base field no. 1/256, 415/987
[ Info: 64_138: layer 2/2, base field no. 1/256, 416/987
[ Info: 64_138: layer 2/2, base field no. 1/256, 417/987
[ Info: 64_138: layer 2/2, base field no. 1/256, 418/987
[ Info: 64_138: layer 2/2, base field no. 1/256, 419/987
[ Info: 64_138: layer 2/2, base field no. 1/256, 420/987
[ Info: 64_138: layer 2/2, base field no. 1/256, 421/987
[ Info: 64_138: layer 2/2, base field no. 1/256, 422/987
[ Info: 64_138: layer 2/2, base field no. 1/256, 423/987
[ Info: 64_138: layer 2/2, base field no. 1/256, 424/987
[ Info: 64_138: layer 2/2, base field no. 1/256, 425/987
[ Info: 64_138: layer 2/2, base field no. 1/256, 426/987
[ Info: 64_138: layer 2/2, base field no. 1/256, 427/987
[ Info: 64_138: layer 2/2, base field no. 1/256, 428/987
[ Info: 64_138: layer 2/2, base field no. 1/256, 429/987
[ Info: 64_138: layer 2/2, base field no. 1/256, 430/987
[ Info: 64_138: layer 2/2, base field no. 1/256, 431/987
[ Info: 64_138: layer 2/2, base field no. 1/256, 432/987
[ Info: 64_138: layer 2/2, base field no. 1/256, 433/987
[ Info: 64_138: layer 2/2, base field no. 1/256, 434/987
[ Info: 64_138: layer 2/2, base field no. 1/256, 435/987
[ Info: 64_138: layer 2/2, base field no. 1/256, 436/987
[ Info: 64_138: layer 2/2, base field no. 1/256, 437/987
[ Info: 64_138: layer 2/2, base field no. 1/256, 438/987
[ Info: 64_138: layer 2/2, base field no. 1/256, 439/987
[ Info: 64_138: layer 2/2, base field no. 1/256, 440/987
[ Info: 64_138: layer 2/2, base field no. 1/256, 441/987
[ Info: 64_138: layer 2/2, base field no. 1/256, 442/987
[ Info: 64_138: layer 2/2, base field no. 1/256, 443/987
[ Info: 64_138: layer 2/2, base field no. 1/256, 444/987
[ Info: 64_138: layer 2/2, base field no. 1/256, 445/987
[ Info: 64_138: layer 2/2, base field no. 1/256, 446/987
[ Info: 64_138: layer 2/2, base field no. 1/256, 447/987
[ Info: 64_138: layer 2/2, base field no. 1/256, 448/987
[ Info: 64_138: layer 2/2, base field no. 1/256, 449/987
[ Info: 64_138: layer 2/2, base field no. 1/256, 450/987
[ Info: 64_138: layer 2/2, base field no. 1/256, 451/987
[ Info: 64_138: layer 2/2, base field no. 1/256, 452/987
[ Info: 64_138: layer 2/2, base field no. 1/256, 453/987
[ Info: 64_138: layer 2/2, base field no. 1/256, 454/987
[ Info: 64_138: layer 2/2, base field no. 1/256, 455/987
[ Info: 64_138: layer 2/2, base field no. 1/256, 456/987
[ Info: 64_138: layer 2/2, base field no. 1/256, 457/987
[ Info: 64_138: layer 2/2, base field no. 1/256, 458/987
[ Info: 64_138: layer 2/2, base field no. 1/256, 459/987
[ Info: 64_138: layer 2/2, base field no. 1/256, 460/987
[ Info: 64_138: layer 2/2, base field no. 1/256, 461/987
[ Info: 64_138: layer 2/2, base field no. 1/256, 462/987
[ Info: 64_138: layer 2/2, base field no. 1/256, 463/987
[ Info: 64_138: layer 2/2, base field no. 1/256, 464/987
[ Info: 64_138: layer 2/2, base field no. 1/256, 465/987
[ Info: 64_138: layer 2/2, base field no. 1/256, 466/987
[ Info: 64_138: layer 2/2, base field no. 1/256, 467/987
[ Info: 64_138: layer 2/2, base field no. 1/256, 468/987
[ Info: 64_138: layer 2/2, base field no. 1/256, 469/987
[ Info: 64_138: layer 2/2, base field no. 1/256, 470/987
[ Info: 64_138: layer 2/2, base field no. 1/256, 471/987
[ Info: 64_138: layer 2/2, base field no. 1/256, 472/987
[ Info: 64_138: layer 2/2, base field no. 1/256, 473/987
[ Info: 64_138: layer 2/2, base field no. 1/256, 474/987
[ Info: 64_138: layer 2/2, base field no. 1/256, 475/987
[ Info: 64_138: layer 2/2, base field no. 1/256, 476/987
[ Info: 64_138: layer 2/2, base field no. 1/256, 477/987
[ Info: 64_138: layer 2/2, base field no. 1/256, 478/987
[ Info: 64_138: layer 2/2, base field no. 1/256, 479/987
[ Info: 64_138: layer 2/2, base field no. 1/256, 480/987
[ Info: 64_138: layer 2/2, base field no. 1/256, 481/987
[ Info: 64_138: layer 2/2, base field no. 1/256, 482/987
[ Info: 64_138: layer 2/2, base field no. 1/256, 483/987
[ Info: 64_138: layer 2/2, base field no. 1/256, 484/987
[ Info: 64_138: layer 2/2, base field no. 1/256, 485/987
[ Info: 64_138: layer 2/2, base field no. 1/256, 486/987
[ Info: 64_138: layer 2/2, base field no. 1/256, 487/987
[ Info: 64_138: layer 2/2, base field no. 1/256, 488/987
[ Info: 64_138: layer 2/2, base field no. 1/256, 489/987
[ Info: 64_138: layer 2/2, base field no. 1/256, 490/987
[ Info: 64_138: layer 2/2, base field no. 1/256, 491/987
[ Info: 64_138: layer 2/2, base field no. 1/256, 492/987
[ Info: 64_138: layer 2/2, base field no. 1/256, 493/987
[ Info: 64_138: layer 2/2, base field no. 1/256, 494/987
[ Info: 64_138: layer 2/2, base field no. 1/256, 495/987
[ Info: 64_138: layer 2/2, base field no. 1/256, 496/987
[ Info: 64_138: layer 2/2, base field no. 1/256, 497/987
[ Info: 64_138: layer 2/2, base field no. 1/256, 498/987
[ Info: 64_138: layer 2/2, base field no. 1/256, 499/987
[ Info: 64_138: layer 2/2, base field no. 1/256, 500/987
[ Info: 64_138: layer 2/2, base field no. 1/256, 501/987
[ Info: 64_138: layer 2/2, base field no. 1/256, 502/987
[ Info: 64_138: layer 2/2, base field no. 1/256, 503/987
[ Info: 64_138: layer 2/2, base field no. 1/256, 504/987
[ Info: 64_138: layer 2/2, base field no. 1/256, 505/987
[ Info: 64_138: layer 2/2, base field no. 1/256, 506/987
[ Info: 64_138: layer 2/2, base field no. 1/256, 507/987
[ Info: 64_138: layer 2/2, base field no. 1/256, 508/987
[ Info: 64_138: layer 2/2, base field no. 1/256, 509/987
[ Info: 64_138: layer 2/2, base field no. 1/256, 510/987
[ Info: 64_138: layer 2/2, base field no. 1/256, 511/987
[ Info: 64_138: layer 2/2, base field no. 1/256, 512/987
[ Info: 64_138: layer 2/2, base field no. 1/256, 513/987
[ Info: 64_138: layer 2/2, base field no. 1/256, 514/987
[ Info: 64_138: layer 2/2, base field no. 1/256, 515/987
[ Info: 64_138: layer 2/2, base field no. 1/256, 516/987
[ Info: 64_138: layer 2/2, base field no. 1/256, 517/987
[ Info: 64_138: layer 2/2, base field no. 1/256, 518/987
[ Info: 64_138: layer 2/2, base field no. 1/256, 519/987
[ Info: 64_138: layer 2/2, base field no. 1/256, 520/987
[ Info: 64_138: layer 2/2, base field no. 1/256, 521/987
[ Info: 64_138: layer 2/2, base field no. 1/256, 522/987
[ Info: 64_138: layer 2/2, base field no. 1/256, 523/987
[ Info: 64_138: layer 2/2, base field no. 1/256, 524/987
[ Info: 64_138: layer 2/2, base field no. 1/256, 525/987
[ Info: 64_138: layer 2/2, base field no. 1/256, 526/987
[ Info: 64_138: layer 2/2, base field no. 1/256, 527/987
[ Info: 64_138: layer 2/2, base field no. 1/256, 528/987
[ Info: 64_138: layer 2/2, base field no. 1/256, 529/987
[ Info: 64_138: layer 2/2, base field no. 1/256, 530/987
[ Info: 64_138: layer 2/2, base field no. 1/256, 531/987
[ Info: 64_138: layer 2/2, base field no. 1/256, 532/987
[ Info: 64_138: layer 2/2, base field no. 1/256, 533/987
[ Info: 64_138: layer 2/2, base field no. 1/256, 534/987
[ Info: 64_138: layer 2/2, base field no. 1/256, 535/987
[ Info: 64_138: layer 2/2, base field no. 1/256, 536/987
[ Info: 64_138: layer 2/2, base field no. 1/256, 537/987
[ Info: 64_138: layer 2/2, base field no. 1/256, 538/987
[ Info: 64_138: layer 2/2, base field no. 1/256, 539/987
[ Info: 64_138: layer 2/2, base field no. 1/256, 540/987
[ Info: 64_138: layer 2/2, base field no. 1/256, 541/987
[ Info: 64_138: layer 2/2, base field no. 1/256, 542/987
[ Info: 64_138: layer 2/2, base field no. 1/256, 543/987
[ Info: 64_138: layer 2/2, base field no. 1/256, 544/987
[ Info: 64_138: layer 2/2, base field no. 1/256, 545/987
[ Info: 64_138: layer 2/2, base field no. 1/256, 546/987
[ Info: 64_138: layer 2/2, base field no. 1/256, 547/987
[ Info: 64_138: layer 2/2, base field no. 1/256, 548/987
[ Info: 64_138: layer 2/2, base field no. 1/256, 549/987
[ Info: 64_138: layer 2/2, base field no. 1/256, 550/987
[ Info: 64_138: layer 2/2, base field no. 1/256, 551/987
[ Info: 64_138: layer 2/2, base field no. 1/256, 552/987
[ Info: 64_138: layer 2/2, base field no. 1/256, 553/987
[ Info: 64_138: layer 2/2, base field no. 1/256, 554/987
[ Info: 64_138: layer 2/2, base field no. 1/256, 555/987
[ Info: 64_138: layer 2/2, base field no. 1/256, 556/987
[ Info: 64_138: layer 2/2, base field no. 1/256, 557/987
[ Info: 64_138: layer 2/2, base field no. 1/256, 558/987
[ Info: 64_138: layer 2/2, base field no. 1/256, 559/987
[ Info: 64_138: layer 2/2, base field no. 1/256, 560/987
[ Info: 64_138: layer 2/2, base field no. 1/256, 561/987
[ Info: 64_138: layer 2/2, base field no. 1/256, 562/987
[ Info: 64_138: layer 2/2, base field no. 1/256, 563/987
[ Info: 64_138: layer 2/2, base field no. 1/256, 564/987
[ Info: 64_138: layer 2/2, base field no. 1/256, 565/987
[ Info: 64_138: layer 2/2, base field no. 1/256, 566/987
[ Info: 64_138: layer 2/2, base field no. 1/256, 567/987
[ Info: 64_138: layer 2/2, base field no. 1/256, 568/987
[ Info: 64_138: layer 2/2, base field no. 1/256, 569/987
[ Info: 64_138: layer 2/2, base field no. 1/256, 570/987
[ Info: 64_138: layer 2/2, base field no. 1/256, 571/987
[ Info: 64_138: layer 2/2, base field no. 1/256, 572/987
[ Info: 64_138: layer 2/2, base field no. 1/256, 573/987
[ Info: 64_138: layer 2/2, base field no. 1/256, 574/987
[ Info: 64_138: layer 2/2, base field no. 1/256, 575/987
[ Info: 64_138: layer 2/2, base field no. 1/256, 576/987
[ Info: 64_138: layer 2/2, base field no. 1/256, 577/987
[ Info: 64_138: layer 2/2, base field no. 1/256, 578/987
[ Info: 64_138: layer 2/2, base field no. 1/256, 579/987
[ Info: 64_138: layer 2/2, base field no. 1/256, 580/987
[ Info: 64_138: layer 2/2, base field no. 1/256, 581/987
[ Info: 64_138: layer 2/2, base field no. 1/256, 582/987
[ Info: 64_138: layer 2/2, base field no. 1/256, 583/987
[ Info: 64_138: layer 2/2, base field no. 1/256, 584/987
[ Info: 64_138: layer 2/2, base field no. 1/256, 585/987
[ Info: 64_138: layer 2/2, base field no. 1/256, 586/987
[ Info: 64_138: layer 2/2, base field no. 1/256, 587/987
[ Info: 64_138: layer 2/2, base field no. 1/256, 588/987
[ Info: 64_138: layer 2/2, base field no. 1/256, 589/987
[ Info: 64_138: layer 2/2, base field no. 1/256, 590/987
[ Info: 64_138: layer 2/2, base field no. 1/256, 591/987
[ Info: 64_138: layer 2/2, base field no. 1/256, 592/987
[ Info: 64_138: layer 2/2, base field no. 1/256, 593/987
[ Info: 64_138: layer 2/2, base field no. 1/256, 594/987
[ Info: 64_138: layer 2/2, base field no. 1/256, 595/987
[ Info: 64_138: layer 2/2, base field no. 1/256, 596/987
[ Info: 64_138: layer 2/2, base field no. 1/256, 597/987
[ Info: 64_138: layer 2/2, base field no. 1/256, 598/987
[ Info: 64_138: layer 2/2, base field no. 1/256, 599/987
[ Info: 64_138: layer 2/2, base field no. 1/256, 600/987
[ Info: 64_138: layer 2/2, base field no. 1/256, 601/987
[ Info: 64_138: layer 2/2, base field no. 1/256, 602/987
[ Info: 64_138: layer 2/2, base field no. 1/256, 603/987
[ Info: 64_138: layer 2/2, base field no. 1/256, 604/987
[ Info: 64_138: layer 2/2, base field no. 1/256, 605/987
[ Info: 64_138: layer 2/2, base field no. 1/256, 606/987
[ Info: 64_138: layer 2/2, base field no. 1/256, 607/987
[ Info: 64_138: layer 2/2, base field no. 1/256, 608/987
[ Info: 64_138: layer 2/2, base field no. 1/256, 609/987
[ Info: 64_138: layer 2/2, base field no. 1/256, 610/987
[ Info: 64_138: layer 2/2, base field no. 1/256, 611/987
[ Info: 64_138: layer 2/2, base field no. 1/256, 612/987
[ Info: 64_138: layer 2/2, base field no. 1/256, 613/987
[ Info: 64_138: layer 2/2, base field no. 1/256, 614/987
[ Info: 64_138: layer 2/2, base field no. 1/256, 615/987
[ Info: 64_138: layer 2/2, base field no. 1/256, 616/987
[ Info: 64_138: layer 2/2, base field no. 1/256, 617/987
[ Info: 64_138: layer 2/2, base field no. 1/256, 618/987
[ Info: 64_138: layer 2/2, base field no. 1/256, 619/987
[ Info: 64_138: layer 2/2, base field no. 1/256, 620/987
[ Info: 64_138: layer 2/2, base field no. 1/256, 621/987
[ Info: 64_138: layer 2/2, base field no. 1/256, 622/987
[ Info: 64_138: layer 2/2, base field no. 1/256, 623/987
[ Info: 64_138: layer 2/2, base field no. 1/256, 624/987
[ Info: 64_138: layer 2/2, base field no. 1/256, 625/987
[ Info: 64_138: layer 2/2, base field no. 1/256, 626/987
[ Info: 64_138: layer 2/2, base field no. 1/256, 627/987
[ Info: 64_138: layer 2/2, base field no. 1/256, 628/987
[ Info: 64_138: layer 2/2, base field no. 1/256, 629/987
[ Info: 64_138: layer 2/2, base field no. 1/256, 630/987
[ Info: 64_138: layer 2/2, base field no. 1/256, 631/987
[ Info: 64_138: layer 2/2, base field no. 1/256, 632/987
[ Info: 64_138: layer 2/2, base field no. 1/256, 633/987
[ Info: 64_138: layer 2/2, base field no. 1/256, 634/987
[ Info: 64_138: layer 2/2, base field no. 1/256, 635/987
[ Info: 64_138: layer 2/2, base field no. 1/256, 636/987
[ Info: 64_138: layer 2/2, base field no. 1/256, 637/987
[ Info: 64_138: layer 2/2, base field no. 1/256, 638/987
[ Info: 64_138: layer 2/2, base field no. 1/256, 639/987
[ Info: 64_138: layer 2/2, base field no. 1/256, 640/987
[ Info: 64_138: layer 2/2, base field no. 1/256, 641/987
[ Info: 64_138: layer 2/2, base field no. 1/256, 642/987
[ Info: 64_138: layer 2/2, base field no. 1/256, 643/987
[ Info: 64_138: layer 2/2, base field no. 1/256, 644/987
[ Info: 64_138: layer 2/2, base field no. 1/256, 645/987
[ Info: 64_138: layer 2/2, base field no. 1/256, 646/987
[ Info: 64_138: layer 2/2, base field no. 1/256, 647/987
[ Info: 64_138: layer 2/2, base field no. 1/256, 648/987
[ Info: 64_138: layer 2/2, base field no. 1/256, 649/987
[ Info: 64_138: layer 2/2, base field no. 1/256, 650/987
[ Info: 64_138: layer 2/2, base field no. 1/256, 651/987
[ Info: 64_138: layer 2/2, base field no. 1/256, 652/987
[ Info: 64_138: layer 2/2, base field no. 1/256, 653/987
[ Info: 64_138: layer 2/2, base field no. 1/256, 654/987
[ Info: 64_138: layer 2/2, base field no. 1/256, 655/987
[ Info: 64_138: layer 2/2, base field no. 1/256, 656/987
[ Info: 64_138: layer 2/2, base field no. 1/256, 657/987
[ Info: 64_138: layer 2/2, base field no. 1/256, 658/987
[ Info: 64_138: layer 2/2, base field no. 1/256, 659/987
[ Info: 64_138: layer 2/2, base field no. 1/256, 660/987
[ Info: 64_138: layer 2/2, base field no. 1/256, 661/987
[ Info: 64_138: layer 2/2, base field no. 1/256, 662/987
[ Info: 64_138: layer 2/2, base field no. 1/256, 663/987
[ Info: 64_138: layer 2/2, base field no. 1/256, 664/987
[ Info: 64_138: layer 2/2, base field no. 1/256, 665/987
[ Info: 64_138: layer 2/2, base field no. 1/256, 666/987
[ Info: 64_138: layer 2/2, base field no. 1/256, 667/987
[ Info: 64_138: layer 2/2, base field no. 1/256, 668/987
[ Info: 64_138: layer 2/2, base field no. 1/256, 669/987
[ Info: 64_138: layer 2/2, base field no. 1/256, 670/987
[ Info: 64_138: layer 2/2, base field no. 1/256, 671/987
[ Info: 64_138: layer 2/2, base field no. 1/256, 672/987
[ Info: 64_138: layer 2/2, base field no. 1/256, 673/987
[ Info: 64_138: layer 2/2, base field no. 1/256, 674/987
[ Info: 64_138: layer 2/2, base field no. 1/256, 675/987
[ Info: 64_138: layer 2/2, base field no. 1/256, 676/987
[ Info: 64_138: layer 2/2, base field no. 1/256, 677/987
[ Info: 64_138: layer 2/2, base field no. 1/256, 678/987
[ Info: 64_138: layer 2/2, base field no. 1/256, 679/987
[ Info: 64_138: layer 2/2, base field no. 1/256, 680/987
[ Info: 64_138: layer 2/2, base field no. 1/256, 681/987
[ Info: 64_138: layer 2/2, base field no. 1/256, 682/987
[ Info: 64_138: layer 2/2, base field no. 1/256, 683/987
[ Info: 64_138: layer 2/2, base field no. 1/256, 684/987
[ Info: 64_138: layer 2/2, base field no. 1/256, 685/987
[ Info: 64_138: layer 2/2, base field no. 1/256, 686/987
[ Info: 64_138: layer 2/2, base field no. 1/256, 687/987
[ Info: 64_138: layer 2/2, base field no. 1/256, 688/987
[ Info: 64_138: layer 2/2, base field no. 1/256, 689/987
[ Info: 64_138: layer 2/2, base field no. 1/256, 690/987
[ Info: 64_138: layer 2/2, base field no. 1/256, 691/987
[ Info: 64_138: layer 2/2, base field no. 1/256, 692/987
[ Info: 64_138: layer 2/2, base field no. 1/256, 693/987
[ Info: 64_138: layer 2/2, base field no. 1/256, 694/987
[ Info: 64_138: layer 2/2, base field no. 1/256, 695/987
[ Info: 64_138: layer 2/2, base field no. 1/256, 696/987
[ Info: 64_138: layer 2/2, base field no. 1/256, 697/987
[ Info: 64_138: layer 2/2, base field no. 1/256, 698/987
[ Info: 64_138: layer 2/2, base field no. 1/256, 699/987
[ Info: 64_138: layer 2/2, base field no. 1/256, 700/987
[ Info: 64_138: layer 2/2, base field no. 1/256, 701/987
[ Info: 64_138: layer 2/2, base field no. 1/256, 702/987
[ Info: 64_138: layer 2/2, base field no. 1/256, 703/987
[ Info: 64_138: layer 2/2, base field no. 1/256, 704/987
[ Info: 64_138: layer 2/2, base field no. 1/256, 705/987
[ Info: 64_138: layer 2/2, base field no. 1/256, 706/987
[ Info: 64_138: layer 2/2, base field no. 1/256, 707/987
[ Info: 64_138: layer 2/2, base field no. 1/256, 708/987
[ Info: 64_138: layer 2/2, base field no. 1/256, 709/987
[ Info: 64_138: layer 2/2, base field no. 1/256, 710/987
[ Info: 64_138: layer 2/2, base field no. 1/256, 711/987
[ Info: 64_138: layer 2/2, base field no. 1/256, 712/987
[ Info: 64_138: layer 2/2, base field no. 1/256, 713/987
[ Info: 64_138: layer 2/2, base field no. 1/256, 714/987
[ Info: 64_138: layer 2/2, base field no. 1/256, 715/987
[ Info: 64_138: layer 2/2, base field no. 1/256, 716/987
[ Info: 64_138: layer 2/2, base field no. 1/256, 717/987
[ Info: 64_138: layer 2/2, base field no. 1/256, 718/987
[ Info: 64_138: layer 2/2, base field no. 1/256, 719/987
[ Info: 64_138: layer 2/2, base field no. 1/256, 720/987
[ Info: 64_138: layer 2/2, base field no. 1/256, 721/987
[ Info: 64_138: layer 2/2, base field no. 1/256, 722/987
[ Info: 64_138: layer 2/2, base field no. 1/256, 723/987
[ Info: 64_138: layer 2/2, base field no. 1/256, 724/987
[ Info: 64_138: layer 2/2, base field no. 1/256, 725/987
[ Info: 64_138: layer 2/2, base field no. 1/256, 726/987
[ Info: 64_138: layer 2/2, base field no. 1/256, 727/987
[ Info: 64_138: layer 2/2, base field no. 1/256, 728/987
[ Info: 64_138: layer 2/2, base field no. 1/256, 729/987
[ Info: 64_138: layer 2/2, base field no. 1/256, 730/987
[ Info: 64_138: layer 2/2, base field no. 1/256, 731/987
[ Info: 64_138: layer 2/2, base field no. 1/256, 732/987
[ Info: 64_138: layer 2/2, base field no. 1/256, 733/987
[ Info: 64_138: layer 2/2, base field no. 1/256, 734/987
[ Info: 64_138: layer 2/2, base field no. 1/256, 735/987
[ Info: 64_138: layer 2/2, base field no. 1/256, 736/987
[ Info: 64_138: layer 2/2, base field no. 1/256, 737/987
[ Info: 64_138: layer 2/2, base field no. 1/256, 738/987
[ Info: 64_138: layer 2/2, base field no. 1/256, 739/987
[ Info: 64_138: layer 2/2, base field no. 1/256, 740/987
[ Info: 64_138: layer 2/2, base field no. 1/256, 741/987
[ Info: 64_138: layer 2/2, base field no. 1/256, 742/987
[ Info: 64_138: layer 2/2, base field no. 1/256, 743/987
[ Info: 64_138: layer 2/2, base field no. 1/256, 744/987
[ Info: 64_138: layer 2/2, base field no. 1/256, 745/987
[ Info: 64_138: layer 2/2, base field no. 1/256, 746/987
[ Info: 64_138: layer 2/2, base field no. 1/256, 747/987
[ Info: 64_138: layer 2/2, base field no. 1/256, 748/987
[ Info: 64_138: layer 2/2, base field no. 1/256, 749/987
[ Info: 64_138: layer 2/2, base field no. 1/256, 750/987
[ Info: 64_138: layer 2/2, base field no. 1/256, 751/987
[ Info: 64_138: layer 2/2, base field no. 1/256, 752/987
[ Info: 64_138: layer 2/2, base field no. 1/256, 753/987
[ Info: 64_138: layer 2/2, base field no. 1/256, 754/987
[ Info: 64_138: layer 2/2, base field no. 1/256, 755/987
[ Info: 64_138: layer 2/2, base field no. 1/256, 756/987
[ Info: 64_138: layer 2/2, base field no. 1/256, 757/987
[ Info: 64_138: layer 2/2, base field no. 1/256, 758/987
[ Info: 64_138: layer 2/2, base field no. 1/256, 759/987
[ Info: 64_138: layer 2/2, base field no. 1/256, 760/987
[ Info: 64_138: layer 2/2, base field no. 1/256, 761/987
[ Info: 64_138: layer 2/2, base field no. 1/256, 762/987
[ Info: 64_138: layer 2/2, base field no. 1/256, 763/987
[ Info: 64_138: layer 2/2, base field no. 1/256, 764/987
[ Info: 64_138: layer 2/2, base field no. 1/256, 765/987
[ Info: 64_138: layer 2/2, base field no. 1/256, 766/987
[ Info: 64_138: layer 2/2, base field no. 1/256, 767/987
[ Info: 64_138: layer 2/2, base field no. 1/256, 768/987
[ Info: 64_138: layer 2/2, base field no. 1/256, 769/987
[ Info: 64_138: layer 2/2, base field no. 1/256, 770/987
[ Info: 64_138: layer 2/2, base field no. 1/256, 771/987
[ Info: 64_138: layer 2/2, base field no. 1/256, 772/987
[ Info: 64_138: layer 2/2, base field no. 1/256, 773/987
[ Info: 64_138: layer 2/2, base field no. 1/256, 774/987
[ Info: 64_138: layer 2/2, base field no. 1/256, 775/987
[ Info: 64_138: layer 2/2, base field no. 1/256, 776/987
[ Info: 64_138: layer 2/2, base field no. 1/256, 777/987
[ Info: 64_138: layer 2/2, base field no. 1/256, 778/987
[ Info: 64_138: layer 2/2, base field no. 1/256, 779/987
[ Info: 64_138: layer 2/2, base field no. 1/256, 780/987
[ Info: 64_138: layer 2/2, base field no. 1/256, 781/987
[ Info: 64_138: layer 2/2, base field no. 1/256, 782/987
[ Info: 64_138: layer 2/2, base field no. 1/256, 783/987
[ Info: 64_138: layer 2/2, base field no. 1/256, 784/987
[ Info: 64_138: layer 2/2, base field no. 1/256, 785/987
[ Info: 64_138: layer 2/2, base field no. 1/256, 786/987
[ Info: 64_138: layer 2/2, base field no. 1/256, 787/987
[ Info: 64_138: layer 2/2, base field no. 1/256, 788/987
[ Info: 64_138: layer 2/2, base field no. 1/256, 789/987
[ Info: 64_138: layer 2/2, base field no. 1/256, 790/987
[ Info: 64_138: layer 2/2, base field no. 1/256, 791/987
[ Info: 64_138: layer 2/2, base field no. 1/256, 792/987
[ Info: 64_138: layer 2/2, base field no. 1/256, 793/987
[ Info: 64_138: layer 2/2, base field no. 1/256, 794/987
[ Info: 64_138: layer 2/2, base field no. 1/256, 795/987
[ Info: 64_138: layer 2/2, base field no. 1/256, 796/987
[ Info: 64_138: layer 2/2, base field no. 1/256, 797/987
[ Info: 64_138: layer 2/2, base field no. 1/256, 798/987
[ Info: 64_138: layer 2/2, base field no. 1/256, 799/987
[ Info: 64_138: layer 2/2, base field no. 1/256, 800/987
[ Info: 64_138: layer 2/2, base field no. 1/256, 801/987
[ Info: 64_138: layer 2/2, base field no. 1/256, 802/987
[ Info: 64_138: layer 2/2, base field no. 1/256, 803/987
[ Info: 64_138: layer 2/2, base field no. 1/256, 804/987
[ Info: 64_138: layer 2/2, base field no. 1/256, 805/987
[ Info: 64_138: layer 2/2, base field no. 1/256, 806/987
[ Info: 64_138: layer 2/2, base field no. 1/256, 807/987
[ Info: 64_138: layer 2/2, base field no. 1/256, 808/987
[ Info: 64_138: layer 2/2, base field no. 1/256, 809/987
[ Info: 64_138: layer 2/2, base field no. 1/256, 810/987
[ Info: 64_138: layer 2/2, base field no. 1/256, 811/987
[ Info: 64_138: layer 2/2, base field no. 1/256, 812/987
[ Info: 64_138: layer 2/2, base field no. 1/256, 813/987
[ Info: 64_138: layer 2/2, base field no. 1/256, 814/987
[ Info: 64_138: layer 2/2, base field no. 1/256, 815/987
[ Info: 64_138: layer 2/2, base field no. 1/256, 816/987
[ Info: 64_138: layer 2/2, base field no. 1/256, 817/987
[ Info: 64_138: layer 2/2, base field no. 1/256, 818/987
[ Info: 64_138: layer 2/2, base field no. 1/256, 819/987
[ Info: 64_138: layer 2/2, base field no. 1/256, 820/987
[ Info: 64_138: layer 2/2, base field no. 1/256, 821/987
[ Info: 64_138: layer 2/2, base field no. 1/256, 822/987
[ Info: 64_138: layer 2/2, base field no. 1/256, 823/987
[ Info: 64_138: layer 2/2, base field no. 1/256, 824/987
[ Info: 64_138: layer 2/2, base field no. 1/256, 825/987
[ Info: 64_138: layer 2/2, base field no. 1/256, 826/987
[ Info: 64_138: layer 2/2, base field no. 1/256, 827/987
[ Info: 64_138: layer 2/2, base field no. 1/256, 828/987
[ Info: 64_138: layer 2/2, base field no. 1/256, 829/987
[ Info: 64_138: layer 2/2, base field no. 1/256, 830/987
[ Info: 64_138: layer 2/2, base field no. 1/256, 831/987
[ Info: 64_138: layer 2/2, base field no. 1/256, 832/987
[ Info: 64_138: layer 2/2, base field no. 1/256, 833/987
[ Info: 64_138: layer 2/2, base field no. 1/256, 834/987
[ Info: 64_138: layer 2/2, base field no. 1/256, 835/987
[ Info: 64_138: layer 2/2, base field no. 1/256, 836/987
[ Info: 64_138: layer 2/2, base field no. 1/256, 837/987
[ Info: 64_138: layer 2/2, base field no. 1/256, 838/987
[ Info: 64_138: layer 2/2, base field no. 1/256, 839/987
[ Info: 64_138: layer 2/2, base field no. 1/256, 840/987
[ Info: 64_138: layer 2/2, base field no. 1/256, 841/987
[ Info: 64_138: layer 2/2, base field no. 1/256, 842/987
[ Info: 64_138: layer 2/2, base field no. 1/256, 843/987
[ Info: 64_138: layer 2/2, base field no. 1/256, 844/987
[ Info: 64_138: layer 2/2, base field no. 1/256, 845/987
[ Info: 64_138: layer 2/2, base field no. 1/256, 846/987
[ Info: 64_138: layer 2/2, base field no. 1/256, 847/987
[ Info: 64_138: layer 2/2, base field no. 1/256, 848/987
[ Info: 64_138: layer 2/2, base field no. 1/256, 849/987
[ Info: 64_138: layer 2/2, base field no. 1/256, 850/987
[ Info: 64_138: layer 2/2, base field no. 1/256, 851/987
[ Info: 64_138: layer 2/2, base field no. 1/256, 852/987
[ Info: 64_138: layer 2/2, base field no. 1/256, 853/987
[ Info: 64_138: layer 2/2, base field no. 1/256, 854/987
[ Info: 64_138: layer 2/2, base field no. 1/256, 855/987
[ Info: 64_138: layer 2/2, base field no. 1/256, 856/987
[ Info: 64_138: layer 2/2, base field no. 1/256, 857/987
[ Info: 64_138: layer 2/2, base field no. 1/256, 858/987
[ Info: 64_138: layer 2/2, base field no. 1/256, 859/987
[ Info: 64_138: layer 2/2, base field no. 1/256, 860/987
[ Info: 64_138: layer 2/2, base field no. 1/256, 861/987
[ Info: 64_138: layer 2/2, base field no. 1/256, 862/987
[ Info: 64_138: layer 2/2, base field no. 1/256, 863/987
[ Info: 64_138: layer 2/2, base field no. 1/256, 864/987
[ Info: 64_138: layer 2/2, base field no. 1/256, 865/987
[ Info: 64_138: layer 2/2, base field no. 1/256, 866/987
[ Info: 64_138: layer 2/2, base field no. 1/256, 867/987
[ Info: 64_138: layer 2/2, base field no. 1/256, 868/987
[ Info: 64_138: layer 2/2, base field no. 1/256, 869/987
[ Info: 64_138: layer 2/2, base field no. 1/256, 870/987
[ Info: 64_138: layer 2/2, base field no. 1/256, 871/987
[ Info: 64_138: layer 2/2, base field no. 1/256, 872/987
[ Info: 64_138: layer 2/2, base field no. 1/256, 873/987
[ Info: 64_138: layer 2/2, base field no. 1/256, 874/987
[ Info: 64_138: layer 2/2, base field no. 1/256, 875/987
[ Info: 64_138: layer 2/2, base field no. 1/256, 876/987
[ Info: 64_138: layer 2/2, base field no. 1/256, 877/987
[ Info: 64_138: layer 2/2, base field no. 1/256, 878/987
[ Info: 64_138: layer 2/2, base field no. 1/256, 879/987
[ Info: 64_138: layer 2/2, base field no. 1/256, 880/987
[ Info: 64_138: layer 2/2, base field no. 1/256, 881/987
[ Info: 64_138: layer 2/2, base field no. 1/256, 882/987
[ Info: 64_138: layer 2/2, base field no. 1/256, 883/987
[ Info: 64_138: layer 2/2, base field no. 1/256, 884/987
[ Info: 64_138: layer 2/2, base field no. 1/256, 885/987
[ Info: 64_138: layer 2/2, base field no. 1/256, 886/987
[ Info: 64_138: layer 2/2, base field no. 1/256, 887/987
[ Info: 64_138: layer 2/2, base field no. 1/256, 888/987
[ Info: 64_138: layer 2/2, base field no. 1/256, 889/987
[ Info: 64_138: layer 2/2, base field no. 1/256, 890/987
[ Info: 64_138: layer 2/2, base field no. 1/256, 891/987
[ Info: 64_138: layer 2/2, base field no. 1/256, 892/987
[ Info: 64_138: layer 2/2, base field no. 1/256, 893/987
[ Info: 64_138: layer 2/2, base field no. 1/256, 894/987
[ Info: 64_138: layer 2/2, base field no. 1/256, 895/987
[ Info: 64_138: layer 2/2, base field no. 1/256, 896/987
[ Info: 64_138: layer 2/2, base field no. 1/256, 897/987
[ Info: 64_138: layer 2/2, base field no. 1/256, 898/987
[ Info: 64_138: layer 2/2, base field no. 1/256, 899/987
[ Info: 64_138: layer 2/2, base field no. 1/256, 900/987
[ Info: 64_138: layer 2/2, base field no. 1/256, 901/987
[ Info: 64_138: layer 2/2, base field no. 1/256, 902/987
[ Info: 64_138: layer 2/2, base field no. 1/256, 903/987
[ Info: 64_138: layer 2/2, base field no. 1/256, 904/987
[ Info: 64_138: layer 2/2, base field no. 1/256, 905/987
[ Info: 64_138: layer 2/2, base field no. 1/256, 906/987
[ Info: 64_138: layer 2/2, base field no. 1/256, 907/987
[ Info: 64_138: layer 2/2, base field no. 1/256, 908/987
[ Info: 64_138: layer 2/2, base field no. 1/256, 909/987
[ Info: 64_138: layer 2/2, base field no. 1/256, 910/987
[ Info: 64_138: layer 2/2, base field no. 1/256, 911/987
[ Info: 64_138: layer 2/2, base field no. 1/256, 912/987
[ Info: 64_138: layer 2/2, base field no. 1/256, 913/987
[ Info: 64_138: layer 2/2, base field no. 1/256, 914/987
[ Info: 64_138: layer 2/2, base field no. 1/256, 915/987
[ Info: 64_138: layer 2/2, base field no. 1/256, 916/987
[ Info: 64_138: layer 2/2, base field no. 1/256, 917/987
[ Info: 64_138: layer 2/2, base field no. 1/256, 918/987
[ Info: 64_138: layer 2/2, base field no. 1/256, 919/987
[ Info: 64_138: layer 2/2, base field no. 1/256, 920/987
[ Info: 64_138: layer 2/2, base field no. 1/256, 921/987
[ Info: 64_138: layer 2/2, base field no. 1/256, 922/987
[ Info: 64_138: layer 2/2, base field no. 1/256, 923/987
[ Info: 64_138: layer 2/2, base field no. 1/256, 924/987
[ Info: 64_138: layer 2/2, base field no. 1/256, 925/987
[ Info: 64_138: layer 2/2, base field no. 1/256, 926/987
[ Info: 64_138: layer 2/2, base field no. 1/256, 927/987
[ Info: 64_138: layer 2/2, base field no. 1/256, 928/987
[ Info: 64_138: layer 2/2, base field no. 1/256, 929/987
[ Info: 64_138: layer 2/2, base field no. 1/256, 930/987
[ Info: 64_138: layer 2/2, base field no. 1/256, 931/987
[ Info: 64_138: layer 2/2, base field no. 1/256, 932/987
[ Info: 64_138: layer 2/2, base field no. 1/256, 933/987
[ Info: 64_138: layer 2/2, base field no. 1/256, 934/987
[ Info: 64_138: layer 2/2, base field no. 1/256, 935/987
[ Info: 64_138: layer 2/2, base field no. 1/256, 936/987
[ Info: 64_138: layer 2/2, base field no. 1/256, 937/987
[ Info: 64_138: layer 2/2, base field no. 1/256, 938/987
[ Info: 64_138: layer 2/2, base field no. 1/256, 939/987
[ Info: 64_138: layer 2/2, base field no. 1/256, 940/987
[ Info: 64_138: layer 2/2, base field no. 1/256, 941/987
[ Info: 64_138: layer 2/2, base field no. 1/256, 942/987
[ Info: 64_138: layer 2/2, base field no. 1/256, 943/987
[ Info: 64_138: layer 2/2, base field no. 1/256, 944/987
[ Info: 64_138: layer 2/2, base field no. 1/256, 945/987
[ Info: 64_138: layer 2/2, base field no. 1/256, 946/987
[ Info: 64_138: layer 2/2, base field no. 1/256, 947/987
[ Info: 64_138: layer 2/2, base field no. 1/256, 948/987
[ Info: 64_138: layer 2/2, base field no. 1/256, 949/987
[ Info: 64_138: layer 2/2, base field no. 1/256, 950/987
[ Info: 64_138: layer 2/2, base field no. 1/256, 951/987
[ Info: 64_138: layer 2/2, base field no. 1/256, 952/987
[ Info: 64_138: layer 2/2, base field no. 1/256, 953/987
[ Info: 64_138: layer 2/2, base field no. 1/256, 954/987
[ Info: 64_138: layer 2/2, base field no. 1/256, 955/987
[ Info: 64_138: layer 2/2, base field no. 1/256, 956/987
[ Info: 64_138: layer 2/2, base field no. 1/256, 957/987
[ Info: 64_138: layer 2/2, base field no. 1/256, 958/987
[ Info: 64_138: layer 2/2, base field no. 1/256, 959/987
[ Info: 64_138: layer 2/2, base field no. 1/256, 960/987
[ Info: 64_138: layer 2/2, base field no. 1/256, 961/987
[ Info: 64_138: layer 2/2, base field no. 1/256, 962/987
[ Info: 64_138: layer 2/2, base field no. 1/256, 963/987
[ Info: 64_138: layer 2/2, base field no. 1/256, 964/987
[ Info: 64_138: layer 2/2, base field no. 1/256, 965/987
[ Info: 64_138: layer 2/2, base field no. 1/256, 966/987
[ Info: 64_138: layer 2/2, base field no. 1/256, 967/987
[ Info: 64_138: layer 2/2, base field no. 1/256, 968/987
[ Info: 64_138: layer 2/2, base field no. 1/256, 969/987
[ Info: 64_138: layer 2/2, base field no. 1/256, 970/987
[ Info: 64_138: layer 2/2, base field no. 1/256, 971/987
[ Info: 64_138: layer 2/2, base field no. 1/256, 972/987
[ Info: 64_138: layer 2/2, base field no. 1/256, 973/987
[ Info: 64_138: layer 2/2, base field no. 1/256, 974/987
[ Info: 64_138: layer 2/2, base field no. 1/256, 975/987
[ Info: 64_138: layer 2/2, base field no. 1/256, 976/987
[ Info: 64_138: layer 2/2, base field no. 1/256, 977/987
[ Info: 64_138: layer 2/2, base field no. 1/256, 978/987
[ Info: 64_138: layer 2/2, base field no. 1/256, 979/987
[ Info: 64_138: layer 2/2, base field no. 1/256, 980/987
[ Info: 64_138: layer 2/2, base field no. 1/256, 981/987
[ Info: 64_138: layer 2/2, base field no. 1/256, 982/987
[ Info: 64_138: layer 2/2, base field no. 1/256, 983/987
[ Info: 64_138: layer 2/2, base field no. 1/256, 984/987
[ Info: 64_138: layer 2/2, base field no. 1/256, 985/987
[ Info: 64_138: layer 2/2, base field no. 1/256, 986/987
[ Info: 64_138: layer 2/2, base field no. 1/256, 987/987
[ Info: 64_138: layer 2/2, base field no. 2/256, constructing abelian extensions
[ Info: 64_138: layer 2/2, base field no. 2/256, checking fields: 460
[ Info: 64_138: layer 2/2, base field no. 2/256, 1/460
[ Info: 64_138: layer 2/2, base field no. 2/256, 2/460
[ Info: 64_138: layer 2/2, base field no. 2/256, 3/460
[ Info: 64_138: layer 2/2, base field no. 2/256, 4/460
[ Info: 64_138: layer 2/2, base field no. 2/256, 5/460
[ Info: 64_138: layer 2/2, base field no. 2/256, 6/460
[ Info: 64_138: layer 2/2, base field no. 2/256, 7/460
[ Info: 64_138: layer 2/2, base field no. 2/256, 8/460
[ Info: 64_138: layer 2/2, base field no. 2/256, 9/460
[ Info: 64_138: layer 2/2, base field no. 2/256, 10/460
[ Info: 64_138: layer 2/2, base field no. 2/256, 11/460
[ Info: 64_138: layer 2/2, base field no. 2/256, 12/460
[ Info: 64_138: layer 2/2, base field no. 2/256, 13/460
[ Info: 64_138: layer 2/2, base field no. 2/256, 14/460
[ Info: 64_138: layer 2/2, base field no. 2/256, 15/460
[ Info: 64_138: layer 2/2, base field no. 2/256, 16/460
[ Info: 64_138: layer 2/2, base field no. 2/256, 17/460
[ Info: 64_138: layer 2/2, base field no. 2/256, 18/460
[ Info: 64_138: layer 2/2, base field no. 2/256, 19/460
[ Info: 64_138: layer 2/2, base field no. 2/256, 20/460
[ Info: 64_138: layer 2/2, base field no. 2/256, 21/460
[ Info: 64_138: layer 2/2, base field no. 2/256, 22/460
[ Info: 64_138: layer 2/2, base field no. 2/256, 23/460
[ Info: 64_138: layer 2/2, base field no. 2/256, 24/460
[ Info: 64_138: layer 2/2, base field no. 2/256, 25/460
[ Info: 64_138: layer 2/2, base field no. 2/256, 26/460
[ Info: 64_138: layer 2/2, base field no. 2/256, 27/460
[ Info: 64_138: layer 2/2, base field no. 2/256, 28/460
[ Info: 64_138: layer 2/2, base field no. 2/256, 29/460
[ Info: 64_138: layer 2/2, base field no. 2/256, 30/460
[ Info: 64_138: layer 2/2, base field no. 2/256, 31/460
[ Info: 64_138: layer 2/2, base field no. 2/256, 32/460
[ Info: 64_138: layer 2/2, base field no. 2/256, 33/460
[ Info: 64_138: layer 2/2, base field no. 2/256, 34/460
[ Info: 64_138: layer 2/2, base field no. 2/256, 35/460
[ Info: 64_138: layer 2/2, base field no. 2/256, 36/460
[ Info: 64_138: layer 2/2, base field no. 2/256, 37/460
[ Info: 64_138: layer 2/2, base field no. 2/256, 38/460
[ Info: 64_138: layer 2/2, base field no. 2/256, 39/460
[ Info: 64_138: layer 2/2, base field no. 2/256, 40/460
[ Info: 64_138: layer 2/2, base field no. 2/256, 41/460
[ Info: 64_138: layer 2/2, base field no. 2/256, 42/460
[ Info: 64_138: layer 2/2, base field no. 2/256, 43/460
[ Info: 64_138: layer 2/2, base field no. 2/256, 44/460
[ Info: 64_138: layer 2/2, base field no. 2/256, 45/460
[ Info: 64_138: layer 2/2, base field no. 2/256, 46/460
[ Info: 64_138: layer 2/2, base field no. 2/256, 47/460
[ Info: 64_138: layer 2/2, base field no. 2/256, 48/460
[ Info: 64_138: layer 2/2, base field no. 2/256, 49/460
[ Info: 64_138: layer 2/2, base field no. 2/256, 50/460
[ Info: 64_138: layer 2/2, base field no. 2/256, 51/460
[ Info: 64_138: layer 2/2, base field no. 2/256, 52/460
[ Info: 64_138: layer 2/2, base field no. 2/256, 53/460
[ Info: 64_138: layer 2/2, base field no. 2/256, 54/460
[ Info: 64_138: layer 2/2, base field no. 2/256, 55/460
[ Info: 64_138: layer 2/2, base field no. 2/256, 56/460
[ Info: 64_138: layer 2/2, base field no. 2/256, 57/460
[ Info: 64_138: layer 2/2, base field no. 2/256, 58/460
[ Info: 64_138: layer 2/2, base field no. 2/256, 59/460
[ Info: 64_138: layer 2/2, base field no. 2/256, 60/460
[ Info: 64_138: layer 2/2, base field no. 2/256, 61/460
[ Info: 64_138: layer 2/2, base field no. 2/256, 62/460
[ Info: 64_138: layer 2/2, base field no. 2/256, 63/460
[ Info: 64_138: layer 2/2, base field no. 2/256, 64/460
[ Info: 64_138: layer 2/2, base field no. 2/256, 65/460
[ Info: 64_138: layer 2/2, base field no. 2/256, 66/460
[ Info: 64_138: layer 2/2, base field no. 2/256, 67/460
[ Info: 64_138: layer 2/2, base field no. 2/256, 68/460
[ Info: 64_138: layer 2/2, base field no. 2/256, 69/460
[ Info: 64_138: layer 2/2, base field no. 2/256, 70/460
[ Info: 64_138: layer 2/2, base field no. 2/256, 71/460
[ Info: 64_138: layer 2/2, base field no. 2/256, 72/460
[ Info: 64_138: layer 2/2, base field no. 2/256, 73/460
[ Info: 64_138: layer 2/2, base field no. 2/256, 74/460
[ Info: 64_138: layer 2/2, base field no. 2/256, 75/460
[ Info: 64_138: layer 2/2, base field no. 2/256, 76/460
[ Info: 64_138: layer 2/2, base field no. 2/256, 77/460
[ Info: 64_138: layer 2/2, base field no. 2/256, 78/460
[ Info: 64_138: layer 2/2, base field no. 2/256, 79/460
[ Info: 64_138: layer 2/2, base field no. 2/256, 80/460
[ Info: 64_138: layer 2/2, base field no. 2/256, 81/460
[ Info: 64_138: layer 2/2, base field no. 2/256, 82/460
[ Info: 64_138: layer 2/2, base field no. 2/256, 83/460
[ Info: 64_138: layer 2/2, base field no. 2/256, 84/460
[ Info: 64_138: layer 2/2, base field no. 2/256, 85/460
[ Info: 64_138: layer 2/2, base field no. 2/256, 86/460
[ Info: 64_138: layer 2/2, base field no. 2/256, 87/460
[ Info: 64_138: layer 2/2, base field no. 2/256, 88/460
[ Info: 64_138: layer 2/2, base field no. 2/256, 89/460
[ Info: 64_138: layer 2/2, base field no. 2/256, 90/460
[ Info: 64_138: layer 2/2, base field no. 2/256, 91/460
[ Info: 64_138: layer 2/2, base field no. 2/256, 92/460
[ Info: 64_138: layer 2/2, base field no. 2/256, 93/460
[ Info: 64_138: layer 2/2, base field no. 2/256, 94/460
[ Info: 64_138: layer 2/2, base field no. 2/256, 95/460
[ Info: 64_138: layer 2/2, base field no. 2/256, 96/460
[ Info: 64_138: layer 2/2, base field no. 2/256, 97/460
[ Info: 64_138: layer 2/2, base field no. 2/256, 98/460
[ Info: 64_138: layer 2/2, base field no. 2/256, 99/460
[ Info: 64_138: layer 2/2, base field no. 2/256, 100/460
[ Info: 64_138: layer 2/2, base field no. 2/256, 101/460
[ Info: 64_138: layer 2/2, base field no. 2/256, 102/460
[ Info: 64_138: layer 2/2, base field no. 2/256, 103/460
[ Info: 64_138: layer 2/2, base field no. 2/256, 104/460
[ Info: 64_138: layer 2/2, base field no. 2/256, 105/460
[ Info: 64_138: layer 2/2, base field no. 2/256, 106/460
[ Info: 64_138: layer 2/2, base field no. 2/256, 107/460
[ Info: 64_138: layer 2/2, base field no. 2/256, 108/460
[ Info: 64_138: layer 2/2, base field no. 2/256, 109/460
[ Info: 64_138: layer 2/2, base field no. 2/256, 110/460
[ Info: 64_138: layer 2/2, base field no. 2/256, 111/460
[ Info: 64_138: layer 2/2, base field no. 2/256, 112/460
[ Info: 64_138: layer 2/2, base field no. 2/256, 113/460
[ Info: 64_138: layer 2/2, base field no. 2/256, 114/460
[ Info: 64_138: layer 2/2, base field no. 2/256, 115/460
[ Info: 64_138: layer 2/2, base field no. 2/256, 116/460
[ Info: 64_138: layer 2/2, base field no. 2/256, 117/460
[ Info: 64_138: layer 2/2, base field no. 2/256, 118/460
[ Info: 64_138: layer 2/2, base field no. 2/256, 119/460
[ Info: 64_138: layer 2/2, base field no. 2/256, 120/460
[ Info: 64_138: layer 2/2, base field no. 2/256, 121/460
[ Info: 64_138: layer 2/2, base field no. 2/256, 122/460
[ Info: 64_138: layer 2/2, base field no. 2/256, 123/460
[ Info: 64_138: layer 2/2, base field no. 2/256, 124/460
[ Info: 64_138: layer 2/2, base field no. 2/256, 125/460
[ Info: 64_138: layer 2/2, base field no. 2/256, 126/460
[ Info: 64_138: layer 2/2, base field no. 2/256, 127/460
[ Info: 64_138: layer 2/2, base field no. 2/256, 128/460
[ Info: 64_138: layer 2/2, base field no. 2/256, 129/460
[ Info: 64_138: layer 2/2, base field no. 2/256, 130/460
[ Info: 64_138: layer 2/2, base field no. 2/256, 131/460
[ Info: 64_138: layer 2/2, base field no. 2/256, 132/460
[ Info: 64_138: layer 2/2, base field no. 2/256, 133/460
[ Info: 64_138: layer 2/2, base field no. 2/256, 134/460
[ Info: 64_138: layer 2/2, base field no. 2/256, 135/460
[ Info: 64_138: layer 2/2, base field no. 2/256, 136/460
[ Info: 64_138: layer 2/2, base field no. 2/256, 137/460
[ Info: 64_138: layer 2/2, base field no. 2/256, 138/460
[ Info: 64_138: layer 2/2, base field no. 2/256, 139/460
[ Info: 64_138: layer 2/2, base field no. 2/256, 140/460
[ Info: 64_138: layer 2/2, base field no. 2/256, 141/460
[ Info: 64_138: layer 2/2, base field no. 2/256, 142/460
[ Info: 64_138: layer 2/2, base field no. 2/256, 143/460
[ Info: 64_138: layer 2/2, base field no. 2/256, 144/460
[ Info: 64_138: layer 2/2, base field no. 2/256, 145/460
[ Info: 64_138: layer 2/2, base field no. 2/256, 146/460
[ Info: 64_138: layer 2/2, base field no. 2/256, 147/460
[ Info: 64_138: layer 2/2, base field no. 2/256, 148/460
[ Info: 64_138: layer 2/2, base field no. 2/256, 149/460
[ Info: 64_138: layer 2/2, base field no. 2/256, 150/460
[ Info: 64_138: layer 2/2, base field no. 2/256, 151/460
[ Info: 64_138: layer 2/2, base field no. 2/256, 152/460
[ Info: 64_138: layer 2/2, base field no. 2/256, 153/460
[ Info: 64_138: layer 2/2, base field no. 2/256, 154/460
[ Info: 64_138: layer 2/2, base field no. 2/256, 155/460
[ Info: 64_138: layer 2/2, base field no. 2/256, 156/460
[ Info: 64_138: layer 2/2, base field no. 2/256, 157/460
[ Info: 64_138: layer 2/2, base field no. 2/256, 158/460
[ Info: 64_138: layer 2/2, base field no. 2/256, 159/460
[ Info: 64_138: layer 2/2, base field no. 2/256, 160/460
[ Info: 64_138: layer 2/2, base field no. 2/256, 161/460
[ Info: 64_138: layer 2/2, base field no. 2/256, 162/460
[ Info: 64_138: layer 2/2, base field no. 2/256, 163/460
[ Info: 64_138: layer 2/2, base field no. 2/256, 164/460
[ Info: 64_138: layer 2/2, base field no. 2/256, 165/460
[ Info: 64_138: layer 2/2, base field no. 2/256, 166/460
[ Info: 64_138: layer 2/2, base field no. 2/256, 167/460
[ Info: 64_138: layer 2/2, base field no. 2/256, 168/460
[ Info: 64_138: layer 2/2, base field no. 2/256, 169/460
[ Info: 64_138: layer 2/2, base field no. 2/256, 170/460
[ Info: 64_138: layer 2/2, base field no. 2/256, 171/460
[ Info: 64_138: layer 2/2, base field no. 2/256, 172/460
[ Info: 64_138: layer 2/2, base field no. 2/256, 173/460
[ Info: 64_138: layer 2/2, base field no. 2/256, 174/460
[ Info: 64_138: layer 2/2, base field no. 2/256, 175/460
[ Info: 64_138: layer 2/2, base field no. 2/256, 176/460
[ Info: 64_138: layer 2/2, base field no. 2/256, 177/460
[ Info: 64_138: layer 2/2, base field no. 2/256, 178/460
[ Info: 64_138: layer 2/2, base field no. 2/256, 179/460
[ Info: 64_138: layer 2/2, base field no. 2/256, 180/460
[ Info: 64_138: layer 2/2, base field no. 2/256, 181/460
[ Info: 64_138: layer 2/2, base field no. 2/256, 182/460
[ Info: 64_138: layer 2/2, base field no. 2/256, 183/460
[ Info: 64_138: layer 2/2, base field no. 2/256, 184/460
[ Info: 64_138: layer 2/2, base field no. 2/256, 185/460
[ Info: 64_138: layer 2/2, base field no. 2/256, 186/460
[ Info: 64_138: layer 2/2, base field no. 2/256, 187/460
[ Info: 64_138: layer 2/2, base field no. 2/256, 188/460
[ Info: 64_138: layer 2/2, base field no. 2/256, 189/460
[ Info: 64_138: layer 2/2, base field no. 2/256, 190/460
[ Info: 64_138: layer 2/2, base field no. 2/256, 191/460
[ Info: 64_138: layer 2/2, base field no. 2/256, 192/460
[ Info: 64_138: layer 2/2, base field no. 2/256, 193/460
[ Info: 64_138: layer 2/2, base field no. 2/256, 194/460
[ Info: 64_138: layer 2/2, base field no. 2/256, 195/460
[ Info: 64_138: layer 2/2, base field no. 2/256, 196/460
[ Info: 64_138: layer 2/2, base field no. 2/256, 197/460
[ Info: 64_138: layer 2/2, base field no. 2/256, 198/460
[ Info: 64_138: layer 2/2, base field no. 2/256, 199/460
[ Info: 64_138: layer 2/2, base field no. 2/256, 200/460
[ Info: 64_138: layer 2/2, base field no. 2/256, 201/460
[ Info: 64_138: layer 2/2, base field no. 2/256, 202/460
[ Info: 64_138: layer 2/2, base field no. 2/256, 203/460
[ Info: 64_138: layer 2/2, base field no. 2/256, 204/460
[ Info: 64_138: layer 2/2, base field no. 2/256, 205/460
[ Info: 64_138: layer 2/2, base field no. 2/256, 206/460
[ Info: 64_138: layer 2/2, base field no. 2/256, 207/460
[ Info: 64_138: layer 2/2, base field no. 2/256, 208/460
[ Info: 64_138: layer 2/2, base field no. 2/256, 209/460
[ Info: 64_138: layer 2/2, base field no. 2/256, 210/460
[ Info: 64_138: layer 2/2, base field no. 2/256, 211/460
[ Info: 64_138: layer 2/2, base field no. 2/256, 212/460
[ Info: 64_138: layer 2/2, base field no. 2/256, 213/460
[ Info: 64_138: layer 2/2, base field no. 2/256, 214/460
[ Info: 64_138: layer 2/2, base field no. 2/256, 215/460
[ Info: 64_138: layer 2/2, base field no. 2/256, 216/460
[ Info: 64_138: layer 2/2, base field no. 2/256, 217/460
[ Info: 64_138: layer 2/2, base field no. 2/256, 218/460
[ Info: 64_138: layer 2/2, base field no. 2/256, 219/460
[ Info: 64_138: layer 2/2, base field no. 2/256, 220/460
[ Info: 64_138: layer 2/2, base field no. 2/256, 221/460
[ Info: 64_138: layer 2/2, base field no. 2/256, 222/460
[ Info: 64_138: layer 2/2, base field no. 2/256, 223/460
[ Info: 64_138: layer 2/2, base field no. 2/256, 224/460
[ Info: 64_138: layer 2/2, base field no. 2/256, 225/460
[ Info: 64_138: layer 2/2, base field no. 2/256, 226/460
[ Info: 64_138: layer 2/2, base field no. 2/256, 227/460
[ Info: 64_138: layer 2/2, base field no. 2/256, 228/460
[ Info: 64_138: layer 2/2, base field no. 2/256, 229/460
[ Info: 64_138: layer 2/2, base field no. 2/256, 230/460
[ Info: 64_138: layer 2/2, base field no. 2/256, 231/460
[ Info: 64_138: layer 2/2, base field no. 2/256, 232/460
[ Info: 64_138: layer 2/2, base field no. 2/256, 233/460
[ Info: 64_138: layer 2/2, base field no. 2/256, 234/460
[ Info: 64_138: layer 2/2, base field no. 2/256, 235/460
[ Info: 64_138: layer 2/2, base field no. 2/256, 236/460
[ Info: 64_138: layer 2/2, base field no. 2/256, 237/460
[ Info: 64_138: layer 2/2, base field no. 2/256, 238/460
[ Info: 64_138: layer 2/2, base field no. 2/256, 239/460
[ Info: 64_138: layer 2/2, base field no. 2/256, 240/460
[ Info: 64_138: layer 2/2, base field no. 2/256, 241/460
[ Info: 64_138: layer 2/2, base field no. 2/256, 242/460
[ Info: 64_138: layer 2/2, base field no. 2/256, 243/460
[ Info: 64_138: layer 2/2, base field no. 2/256, 244/460
[ Info: 64_138: layer 2/2, base field no. 2/256, 245/460
[ Info: 64_138: layer 2/2, base field no. 2/256, 246/460
[ Info: 64_138: layer 2/2, base field no. 2/256, 247/460
[ Info: 64_138: layer 2/2, base field no. 2/256, 248/460
[ Info: 64_138: layer 2/2, base field no. 2/256, 249/460
[ Info: 64_138: layer 2/2, base field no. 2/256, 250/460
[ Info: 64_138: layer 2/2, base field no. 2/256, 251/460
[ Info: 64_138: layer 2/2, base field no. 2/256, 252/460
[ Info: 64_138: layer 2/2, base field no. 2/256, 253/460
[ Info: 64_138: layer 2/2, base field no. 2/256, 254/460
[ Info: 64_138: layer 2/2, base field no. 2/256, 255/460
[ Info: 64_138: layer 2/2, base field no. 2/256, 256/460
[ Info: 64_138: layer 2/2, base field no. 2/256, 257/460
[ Info: 64_138: layer 2/2, base field no. 2/256, 258/460
[ Info: 64_138: layer 2/2, base field no. 2/256, 259/460
[ Info: 64_138: layer 2/2, base field no. 2/256, 260/460
[ Info: 64_138: layer 2/2, base field no. 2/256, 261/460
[ Info: 64_138: layer 2/2, base field no. 2/256, 262/460
[ Info: 64_138: layer 2/2, base field no. 2/256, 263/460
[ Info: 64_138: layer 2/2, base field no. 2/256, 264/460
[ Info: 64_138: layer 2/2, base field no. 2/256, 265/460
[ Info: 64_138: layer 2/2, base field no. 2/256, 266/460
[ Info: 64_138: layer 2/2, base field no. 2/256, 267/460
[ Info: 64_138: layer 2/2, base field no. 2/256, 268/460
[ Info: 64_138: layer 2/2, base field no. 2/256, 269/460
[ Info: 64_138: layer 2/2, base field no. 2/256, 270/460
[ Info: 64_138: layer 2/2, base field no. 2/256, 271/460
[ Info: 64_138: layer 2/2, base field no. 2/256, 272/460
[ Info: 64_138: layer 2/2, base field no. 2/256, 273/460
[ Info: 64_138: layer 2/2, base field no. 2/256, 274/460
[ Info: 64_138: layer 2/2, base field no. 2/256, 275/460
[ Info: 64_138: layer 2/2, base field no. 2/256, 276/460
[ Info: 64_138: layer 2/2, base field no. 2/256, 277/460
error in running finalizer: MethodError(f=Nemo._nf_elem_clear_fn, args=(Nemo.ZZRingElem(d=655),), world=0x00000000000096c0)
jl_method_error_bare at /cache/build/builder-demeter6-6/julialang/julia-release-1-dot-12/src/gf.c:3035
jl_method_error at /cache/build/builder-demeter6-6/julialang/julia-release-1-dot-12/src/gf.c:3053
jl_lookup_generic_ at /cache/build/builder-demeter6-6/julialang/julia-release-1-dot-12/src/gf.c:4175 [inlined]
ijl_apply_generic at /cache/build/builder-demeter6-6/julialang/julia-release-1-dot-12/src/gf.c:4201
run_finalizer at /cache/build/builder-demeter6-6/julialang/julia-release-1-dot-12/src/gc-common.c:180
jl_gc_run_finalizers_in_list at /cache/build/builder-demeter6-6/julialang/julia-release-1-dot-12/src/gc-common.c:272
run_finalizers at /cache/build/builder-demeter6-6/julialang/julia-release-1-dot-12/src/gc-common.c:316
ijl_gc_collect at /cache/build/builder-demeter6-6/julialang/julia-release-1-dot-12/src/gc-stock.c:3483
maybe_collect at /cache/build/builder-demeter6-6/julialang/julia-release-1-dot-12/src/gc-stock.c:349 [inlined]
jl_gc_small_alloc_inner at /cache/build/builder-demeter6-6/julialang/julia-release-1-dot-12/src/gc-stock.c:725 [inlined]
ijl_gc_small_alloc at /cache/build/builder-demeter6-6/julialang/julia-release-1-dot-12/src/gc-stock.c:774
reshape at ./reshapedarray.jl:50 [inlined]
reshape at ./reshapedarray.jl:130 [inlined]
resize_exps! at /home/links/th703/.julia/packages/AbstractAlgebra/T6WZD/src/generic/MPoly.jl:3916 [inlined]
main_variable_coefficient_lex at /home/links/th703/.julia/packages/AbstractAlgebra/T6WZD/src/generic/MPoly.jl:3602
main_variable_coefficient at /home/links/th703/.julia/packages/AbstractAlgebra/T6WZD/src/generic/MPoly.jl:3618 [inlined]
main_variable_extract at /home/links/th703/.julia/packages/AbstractAlgebra/T6WZD/src/generic/MPoly.jl:3687
evaluate at /home/links/th703/.julia/packages/AbstractAlgebra/T6WZD/src/generic/MPoly.jl:3297
_is_primitive_via_block at /home/links/th703/.julia/packages/Hecke/e3v2R/src/NumField/NfRel/Simplify.jl:362
#_sieve_primitive_elements#1512 at /home/links/th703/.julia/packages/Hecke/e3v2R/src/NumField/NfRel/Simplify.jl:340
_sieve_primitive_elements at /home/links/th703/.julia/packages/Hecke/e3v2R/src/NumField/NfRel/Simplify.jl:320 [inlined]
_find_short_primitive_element at /home/links/th703/.julia/packages/Hecke/e3v2R/src/NumField/NfRel/Simplify.jl:375
#simplified_absolute_field#1513 at /home/links/th703/.julia/packages/Hecke/e3v2R/src/NumField/NfRel/Simplify.jl:393
simplified_absolute_field at /home/links/th703/.julia/packages/Hecke/e3v2R/src/NumField/NfRel/Simplify.jl:392 [inlined]
#absolute_simple_field#1517 at /home/links/th703/.julia/packages/Hecke/e3v2R/src/NumField/NfRel/absolute_field.jl:137
absolute_simple_field at /home/links/th703/.julia/packages/Hecke/e3v2R/src/NumField/NfRel/absolute_field.jl:122 [inlined]
main at /home/links/th703/repositories/ClassNumberOne/nonabelian/64_138/64_138.jl:105
macro expansion at ./timing.jl:645 [inlined]
top-level scope at /home/links/th703/repositories/ClassNumberOne/nonabelian/64_138/64_138.jl:353
jl_toplevel_eval_flex at /cache/build/builder-demeter6-6/julialang/julia-release-1-dot-12/src/toplevel.c:1024
jl_toplevel_eval_flex at /cache/build/builder-demeter6-6/julialang/julia-release-1-dot-12/src/toplevel.c:975
ijl_toplevel_eval at /cache/build/builder-demeter6-6/julialang/julia-release-1-dot-12/src/toplevel.c:1047
ijl_toplevel_eval_in at /cache/build/builder-demeter6-6/julialang/julia-release-1-dot-12/src/toplevel.c:1092
eval at ./boot.jl:489
include_string at ./loading.jl:2843
_include at ./loading.jl:2903
include at ./Base.jl:305
exec_options at ./client.jl:321
_start at ./client.jl:554
jfptr__start_90592.1 at /home/links/th703/.julia/juliaup/julia-1.12.0-rc2+0.x64.linux.gnu/lib/julia/sys.so (unknown line)
jl_apply at /cache/build/builder-demeter6-6/julialang/julia-release-1-dot-12/src/julia.h:2381 [inlined]
true_main at /cache/build/builder-demeter6-6/julialang/julia-release-1-dot-12/src/jlapi.c:971
jl_repl_entrypoint at /cache/build/builder-demeter6-6/julialang/julia-release-1-dot-12/src/jlapi.c:1139
main at /cache/build/builder-demeter6-6/julialang/julia-release-1-dot-12/cli/loader_exe.c:58
__libc_start_call_main at /lib64/libc.so.6 (unknown line)
__libc_start_main at /lib64/libc.so.6 (unknown line)
unknown function (ip: 0x4010b8) at /workspace/srcdir/glibc-2.17/csu/../sysdeps/x86_64/start.S
error in running finalizer: MethodError(f=Nemo._nf_elem_clear_fn, args=(Nemo.AcbFieldElem(real_mid_exp=0, real_mid_size=0x0000000000000002, real_mid_d1=0xe3f43cc68c800000, real_mid_d2=0x0000000000000000, real_rad_exp=-40, real_rad_man=0x00000000232d2a21, imag_mid_exp=0, imag_mid_size=0x0000000000000003, imag_mid_d1=0xe3f43cc68c800000, imag_mid_d2=0x0000000000000000, imag_rad_exp=-40, imag_rad_man=0x00000000232d2a21, parent=Nemo.AcbField(prec=41, __attrs=#<null>)),), world=0x00000000000096c0)
jl_method_error_bare at /cache/build/builder-demeter6-6/julialang/julia-release-1-dot-12/src/gf.c:3035
jl_method_error at /cache/build/builder-demeter6-6/julialang/julia-release-1-dot-12/src/gf.c:3053
jl_lookup_generic_ at /cache/build/builder-demeter6-6/julialang/julia-release-1-dot-12/src/gf.c:4175 [inlined]
ijl_apply_generic at /cache/build/builder-demeter6-6/julialang/julia-release-1-dot-12/src/gf.c:4201
run_finalizer at /cache/build/builder-demeter6-6/julialang/julia-release-1-dot-12/src/gc-common.c:180
jl_gc_run_finalizers_in_list at /cache/build/builder-demeter6-6/julialang/julia-release-1-dot-12/src/gc-common.c:272
run_finalizers at /cache/build/builder-demeter6-6/julialang/julia-release-1-dot-12/src/gc-common.c:316
ijl_gc_collect at /cache/build/builder-demeter6-6/julialang/julia-release-1-dot-12/src/gc-stock.c:3483
maybe_collect at /cache/build/builder-demeter6-6/julialang/julia-release-1-dot-12/src/gc-stock.c:349 [inlined]
jl_gc_small_alloc_inner at /cache/build/builder-demeter6-6/julialang/julia-release-1-dot-12/src/gc-stock.c:725 [inlined]
ijl_gc_small_alloc at /cache/build/builder-demeter6-6/julialang/julia-release-1-dot-12/src/gc-stock.c:774
#find_small_group#265 at /home/links/th703/.julia/packages/Hecke/e3v2R/src/Grp/Morphisms.jl:165
find_small_group at /home/links/th703/.julia/packages/Hecke/e3v2R/src/Grp/Morphisms.jl:103
main at /home/links/th703/repositories/ClassNumberOne/nonabelian/64_138/64_138.jl:110
macro expansion at ./timing.jl:645 [inlined]
top-level scope at /home/links/th703/repositories/ClassNumberOne/nonabelian/64_138/64_138.jl:353
jl_toplevel_eval_flex at /cache/build/builder-demeter6-6/julialang/julia-release-1-dot-12/src/toplevel.c:1024
jl_toplevel_eval_flex at /cache/build/builder-demeter6-6/julialang/julia-release-1-dot-12/src/toplevel.c:975
ijl_toplevel_eval at /cache/build/builder-demeter6-6/julialang/julia-release-1-dot-12/src/toplevel.c:1047
ijl_toplevel_eval_in at /cache/build/builder-demeter6-6/julialang/julia-release-1-dot-12/src/toplevel.c:1092
eval at ./boot.jl:489
include_string at ./loading.jl:2843
_include at ./loading.jl:2903
include at ./Base.jl:305
exec_options at ./client.jl:321
_start at ./client.jl:554
jfptr__start_90592.1 at /home/links/th703/.julia/juliaup/julia-1.12.0-rc2+0.x64.linux.gnu/lib/julia/sys.so (unknown line)
jl_apply at /cache/build/builder-demeter6-6/julialang/julia-release-1-dot-12/src/julia.h:2381 [inlined]
true_main at /cache/build/builder-demeter6-6/julialang/julia-release-1-dot-12/src/jlapi.c:971
jl_repl_entrypoint at /cache/build/builder-demeter6-6/julialang/julia-release-1-dot-12/src/jlapi.c:1139
main at /cache/build/builder-demeter6-6/julialang/julia-release-1-dot-12/cli/loader_exe.c:58
__libc_start_call_main at /lib64/libc.so.6 (unknown line)
__libc_start_main at /lib64/libc.so.6 (unknown line)
unknown function (ip: 0x4010b8) at /workspace/srcdir/glibc-2.17/csu/../sysdeps/x86_64/start.S
[ Info: 64_138: layer 2/2, base field no. 2/256, 278/460
LLVM ERROR: out of memory
Allocation failed

[3654585] signal 6 (-6): Aborted
in expression starting at none:0
__pthread_kill_implementation at /lib64/libc.so.6 (unknown line)
raise at /lib64/libc.so.6 (unknown line)
abort at /lib64/libc.so.6 (unknown line)
_ZN4llvm22report_bad_alloc_errorEPKcb at /home/links/th703/.julia/juliaup/julia-1.12.0-rc2+0.x64.linux.gnu/bin/../lib/julia/libLLVM.so.18.1jl (unknown line)
_ZN4llvm11compression4zlib8compressENS_8ArrayRefIhEERNS_15SmallVectorImplIhEEi at /home/links/th703/.julia/juliaup/julia-1.12.0-rc2+0.x64.linux.gnu/bin/../lib/julia/libLLVM.so.18.1jl (unknown line)
unknown function (ip: 0x7ffbc32fc90d) at /home/links/th703/.julia/juliaup/julia-1.12.0-rc2+0.x64.linux.gnu/bin/../lib/julia/libjulia-codegen.so.1.12
unknown function (ip: 0x7ffbc32fd041) at /home/links/th703/.julia/juliaup/julia-1.12.0-rc2+0.x64.linux.gnu/bin/../lib/julia/libjulia-codegen.so.1.12
unknown function (ip: 0x7ffbc32c2065) at /home/links/th703/.julia/juliaup/julia-1.12.0-rc2+0.x64.linux.gnu/bin/../lib/julia/libjulia-codegen.so.1.12
_ZN4llvm3orc24RTDyldObjectLinkingLayer9onObjLoadERNS0_29MaterializationResponsibilityERKNS_6object10ObjectFileERNS_11RuntimeDyld13MemoryManagerERNS8_16LoadedObjectInfoESt3mapINS_9StringRefENS_18JITEvaluatedSymbolESt4lessISE_ESaISt4pairIKSE_SF_EEERSt3setISE_SH_SaISE_EE at /home/links/th703/.julia/juliaup/julia-1.12.0-rc2+0.x64.linux.gnu/bin/../lib/julia/libLLVM.so.18.1jl (unknown line)
unknown function (ip: 0x7ffbc04c1788) at /home/links/th703/.julia/juliaup/julia-1.12.0-rc2+0.x64.linux.gnu/bin/../lib/julia/libLLVM.so.18.1jl
_ZN4llvm13jitLinkForORCENS_6object12OwningBinaryINS0_10ObjectFileEEERNS_11RuntimeDyld13MemoryManagerERNS_17JITSymbolResolverEbNS_15unique_functionIFNS_5ErrorERKS2_RNS4_16LoadedObjectInfoESt3mapINS_9StringRefENS_18JITEvaluatedSymbolESt4lessISG_ESaISt4pairIKSG_SH_EEEEEENS9_IFvS3_St10unique_ptrISD_St14default_deleteISD_EESA_EEE at /home/links/th703/.julia/juliaup/julia-1.12.0-rc2+0.x64.linux.gnu/bin/../lib/julia/libLLVM.so.18.1jl (unknown line)
_ZN4llvm3orc24RTDyldObjectLinkingLayer4emitESt10unique_ptrINS0_29MaterializationResponsibilityESt14default_deleteIS3_EES2_INS_12MemoryBufferES4_IS7_EE at /home/links/th703/.julia/juliaup/julia-1.12.0-rc2+0.x64.linux.gnu/bin/../lib/julia/libLLVM.so.18.1jl (unknown line)
unknown function (ip: 0x7ffbc32cff5c) at /home/links/th703/.julia/juliaup/julia-1.12.0-rc2+0.x64.linux.gnu/bin/../lib/julia/libjulia-codegen.so.1.12
_ZN4llvm3orc35BasicObjectLayerMaterializationUnit11materializeESt10unique_ptrINS0_29MaterializationResponsibilityESt14default_deleteIS3_EE at /home/links/th703/.julia/juliaup/julia-1.12.0-rc2+0.x64.linux.gnu/bin/../lib/julia/libLLVM.so.18.1jl (unknown line)
_ZN4llvm3orc19MaterializationTask3runEv at /home/links/th703/.julia/juliaup/julia-1.12.0-rc2+0.x64.linux.gnu/bin/../lib/julia/libLLVM.so.18.1jl (unknown line)
unknown function (ip: 0x7ffbc03d81ac) at /home/links/th703/.julia/juliaup/julia-1.12.0-rc2+0.x64.linux.gnu/bin/../lib/julia/libLLVM.so.18.1jl
_ZN4llvm3orc16ExecutionSession22dispatchOutstandingMUsEv at /home/links/th703/.julia/juliaup/julia-1.12.0-rc2+0.x64.linux.gnu/bin/../lib/julia/libLLVM.so.18.1jl (unknown line)
_ZN4llvm3orc16ExecutionSession17OL_completeLookupESt10unique_ptrINS0_21InProgressLookupStateESt14default_deleteIS3_EESt10shared_ptrINS0_23AsynchronousSymbolQueryEESt8functionIFvRKNS_8DenseMapIPNS0_8JITDylibENS_8DenseSetINS0_15SymbolStringPtrENS_12DenseMapInfoISF_vEEEENSG_ISD_vEENS_6detail12DenseMapPairISD_SI_EEEEEE at /home/links/th703/.julia/juliaup/julia-1.12.0-rc2+0.x64.linux.gnu/bin/../lib/julia/libLLVM.so.18.1jl (unknown line)
unknown function (ip: 0x7ffbc03fbca9) at /home/links/th703/.julia/juliaup/julia-1.12.0-rc2+0.x64.linux.gnu/bin/../lib/julia/libLLVM.so.18.1jl
_ZN4llvm3orc16ExecutionSession19OL_applyQueryPhase1ESt10unique_ptrINS0_21InProgressLookupStateESt14default_deleteIS3_EENS_5ErrorE at /home/links/th703/.julia/juliaup/julia-1.12.0-rc2+0.x64.linux.gnu/bin/../lib/julia/libLLVM.so.18.1jl (unknown line)
_ZN4llvm3orc16ExecutionSession6lookupENS0_10LookupKindERKSt6vectorISt4pairIPNS0_8JITDylibENS0_19JITDylibLookupFlagsEESaIS8_EENS0_15SymbolLookupSetENS0_11SymbolStateENS_15unique_functionIFvNS_8ExpectedINS_8DenseMapINS0_15SymbolStringPtrENS0_17ExecutorSymbolDefENS_12DenseMapInfoISI_vEENS_6detail12DenseMapPairISI_SJ_EEEEEEEEESt8functionIFvRKNSH_IS6_NS_8DenseSetISI_SL_EENSK_IS6_vEENSN_IS6_SV_EEEEEE at /home/links/th703/.julia/juliaup/julia-1.12.0-rc2+0.x64.linux.gnu/bin/../lib/julia/libLLVM.so.18.1jl (unknown line)
_ZN4llvm3orc16ExecutionSession6lookupERKSt6vectorISt4pairIPNS0_8JITDylibENS0_19JITDylibLookupFlagsEESaIS7_EENS0_15SymbolLookupSetENS0_10LookupKindENS0_11SymbolStateESt8functionIFvRKNS_8DenseMapIS5_NS_8DenseSetINS0_15SymbolStringPtrENS_12DenseMapInfoISI_vEEEENSJ_IS5_vEENS_6detail12DenseMapPairIS5_SL_EEEEEE at /home/links/th703/.julia/juliaup/julia-1.12.0-rc2+0.x64.linux.gnu/bin/../lib/julia/libLLVM.so.18.1jl (unknown line)
unknown function (ip: 0x7ffbc32c3b7e) at /home/links/th703/.julia/juliaup/julia-1.12.0-rc2+0.x64.linux.gnu/bin/../lib/julia/libjulia-codegen.so.1.12
unknown function (ip: 0x7ffbc32caea4) at /home/links/th703/.julia/juliaup/julia-1.12.0-rc2+0.x64.linux.gnu/bin/../lib/julia/libjulia-codegen.so.1.12
jl_compile_codeinst_impl at /home/links/th703/.julia/juliaup/julia-1.12.0-rc2+0.x64.linux.gnu/bin/../lib/julia/libjulia-codegen.so.1.12 (unknown line)
jl_compile_method_internal at /cache/build/builder-demeter6-6/julialang/julia-release-1-dot-12/src/gf.c:3520
_jl_invoke at /cache/build/builder-demeter6-6/julialang/julia-release-1-dot-12/src/gf.c:3997 [inlined]
ijl_apply_generic at /cache/build/builder-demeter6-6/julialang/julia-release-1-dot-12/src/gf.c:4205
scrub_repl_backtrace at ./client.jl:101
exec_options at ./client.jl:324
_start at ./client.jl:554
jfptr__start_90592.1 at /home/links/th703/.julia/juliaup/julia-1.12.0-rc2+0.x64.linux.gnu/lib/julia/sys.so (unknown line)
jl_apply at /cache/build/builder-demeter6-6/julialang/julia-release-1-dot-12/src/julia.h:2381 [inlined]
true_main at /cache/build/builder-demeter6-6/julialang/julia-release-1-dot-12/src/jlapi.c:971
jl_repl_entrypoint at /cache/build/builder-demeter6-6/julialang/julia-release-1-dot-12/src/jlapi.c:1139
main at /cache/build/builder-demeter6-6/julialang/julia-release-1-dot-12/cli/loader_exe.c:58
__libc_start_call_main at /lib64/libc.so.6 (unknown line)
__libc_start_main at /lib64/libc.so.6 (unknown line)
unknown function (ip: 0x4010b8) at /workspace/srcdir/glibc-2.17/csu/../sysdeps/x86_64/start.S
Allocations: 908500610577 (Pool: 908500609636; Big: 941); GC: 36462
