[ Info: 48_40: File for first layer exists [2, 2, 2], 46415888336128; loading ...
[ Info: 48_40: layer 2/2, base field no. 1/88, constructing abelian extensions
[ Info: 48_40: layer 2/2, base field no. 1/88, checking fields: 0
[ Info: 48_40: layer 2/2, base field no. 2/88, constructing abelian extensions
[ Info: 48_40: layer 2/2, base field no. 2/88, checking fields: 1
[ Info: 48_40: layer 2/2, base field no. 2/88, 1/1
[ Info: 48_40: layer 2/2, base field no. 3/88, constructing abelian extensions
[ Info: 48_40: layer 2/2, base field no. 3/88, checking fields: 0
[ Info: 48_40: layer 2/2, base field no. 4/88, constructing abelian extensions
[ Info: 48_40: layer 2/2, base field no. 4/88, checking fields: 0
[ Info: 48_40: layer 2/2, base field no. 5/88, constructing abelian extensions
[ Info: 48_40: layer 2/2, base field no. 5/88, checking fields: 0
[ Info: 48_40: layer 2/2, base field no. 6/88, constructing abelian extensions
[ Info: 48_40: layer 2/2, base field no. 6/88, checking fields: 0
[ Info: 48_40: layer 2/2, base field no. 7/88, constructing abelian extensions
[ Info: 48_40: layer 2/2, base field no. 7/88, checking fields: 0
[ Info: 48_40: layer 2/2, base field no. 8/88, constructing abelian extensions
[ Info: 48_40: layer 2/2, base field no. 8/88, checking fields: 0
[ Info: 48_40: layer 2/2, base field no. 9/88, constructing abelian extensions
[ Info: 48_40: layer 2/2, base field no. 9/88, checking fields: 1
[ Info: 48_40: layer 2/2, base field no. 9/88, 1/1
[ Info: 48_40: layer 2/2, base field no. 10/88, constructing abelian extensions
[ Info: 48_40: layer 2/2, base field no. 10/88, checking fields: 0
[ Info: 48_40: layer 2/2, base field no. 11/88, constructing abelian extensions
[ Info: 48_40: layer 2/2, base field no. 11/88, checking fields: 0
[ Info: 48_40: layer 2/2, base field no. 12/88, constructing abelian extensions
[ Info: 48_40: layer 2/2, base field no. 12/88, checking fields: 0
[ Info: 48_40: layer 2/2, base field no. 13/88, constructing abelian extensions
[ Info: 48_40: layer 2/2, base field no. 13/88, checking fields: 0
[ Info: 48_40: layer 2/2, base field no. 14/88, constructing abelian extensions
[ Info: 48_40: layer 2/2, base field no. 14/88, checking fields: 0
[ Info: 48_40: layer 2/2, base field no. 15/88, constructing abelian extensions
[ Info: 48_40: layer 2/2, base field no. 15/88, checking fields: 0
[ Info: 48_40: layer 2/2, base field no. 16/88, constructing abelian extensions
[ Info: 48_40: layer 2/2, base field no. 16/88, checking fields: 0
[ Info: 48_40: layer 2/2, base field no. 17/88, constructing abelian extensions
[ Info: 48_40: layer 2/2, base field no. 17/88, checking fields: 0
[ Info: 48_40: layer 2/2, base field no. 18/88, constructing abelian extensions
[ Info: 48_40: layer 2/2, base field no. 18/88, checking fields: 0
[ Info: 48_40: layer 2/2, base field no. 19/88, constructing abelian extensions
[ Info: 48_40: layer 2/2, base field no. 19/88, checking fields: 0
[ Info: 48_40: layer 2/2, base field no. 20/88, constructing abelian extensions
[ Info: 48_40: layer 2/2, base field no. 20/88, checking fields: 0
[ Info: 48_40: layer 2/2, base field no. 21/88, constructing abelian extensions
[ Info: 48_40: layer 2/2, base field no. 21/88, checking fields: 0
[ Info: 48_40: layer 2/2, base field no. 22/88, constructing abelian extensions
[ Info: 48_40: layer 2/2, base field no. 22/88, checking fields: 0
[ Info: 48_40: layer 2/2, base field no. 23/88, constructing abelian extensions
[ Info: 48_40: layer 2/2, base field no. 23/88, checking fields: 0
[ Info: 48_40: layer 2/2, base field no. 24/88, constructing abelian extensions
[ Info: 48_40: layer 2/2, base field no. 24/88, checking fields: 0
[ Info: 48_40: layer 2/2, base field no. 25/88, constructing abelian extensions
[ Info: 48_40: layer 2/2, base field no. 25/88, checking fields: 0
[ Info: 48_40: layer 2/2, base field no. 26/88, constructing abelian extensions
[ Info: 48_40: layer 2/2, base field no. 26/88, checking fields: 0
[ Info: 48_40: layer 2/2, base field no. 27/88, constructing abelian extensions
[ Info: 48_40: layer 2/2, base field no. 27/88, checking fields: 0
[ Info: 48_40: layer 2/2, base field no. 28/88, constructing abelian extensions
[ Info: 48_40: layer 2/2, base field no. 28/88, checking fields: 0
[ Info: 48_40: layer 2/2, base field no. 29/88, constructing abelian extensions
[ Info: 48_40: layer 2/2, base field no. 29/88, checking fields: 0
[ Info: 48_40: layer 2/2, base field no. 30/88, constructing abelian extensions
[ Info: 48_40: layer 2/2, base field no. 30/88, checking fields: 0
[ Info: 48_40: layer 2/2, base field no. 31/88, constructing abelian extensions
[ Info: 48_40: layer 2/2, base field no. 31/88, checking fields: 0
[ Info: 48_40: layer 2/2, base field no. 32/88, constructing abelian extensions
[ Info: 48_40: layer 2/2, base field no. 32/88, checking fields: 0
[ Info: 48_40: layer 2/2, base field no. 33/88, constructing abelian extensions
[ Info: 48_40: layer 2/2, base field no. 33/88, checking fields: 0
[ Info: 48_40: layer 2/2, base field no. 34/88, constructing abelian extensions
[ Info: 48_40: layer 2/2, base field no. 34/88, checking fields: 0
[ Info: 48_40: layer 2/2, base field no. 35/88, constructing abelian extensions
[ Info: 48_40: layer 2/2, base field no. 35/88, checking fields: 0
[ Info: 48_40: layer 2/2, base field no. 36/88, constructing abelian extensions
[ Info: 48_40: layer 2/2, base field no. 36/88, checking fields: 0
[ Info: 48_40: layer 2/2, base field no. 37/88, constructing abelian extensions
[ Info: 48_40: layer 2/2, base field no. 37/88, checking fields: 0
[ Info: 48_40: layer 2/2, base field no. 38/88, constructing abelian extensions
[ Info: 48_40: layer 2/2, base field no. 38/88, checking fields: 0
[ Info: 48_40: layer 2/2, base field no. 39/88, constructing abelian extensions
[ Info: 48_40: layer 2/2, base field no. 39/88, checking fields: 0
[ Info: 48_40: layer 2/2, base field no. 40/88, constructing abelian extensions
[ Info: 48_40: layer 2/2, base field no. 40/88, checking fields: 0
[ Info: 48_40: layer 2/2, base field no. 41/88, constructing abelian extensions
[ Info: 48_40: layer 2/2, base field no. 41/88, checking fields: 0
[ Info: 48_40: layer 2/2, base field no. 42/88, constructing abelian extensions
[ Info: 48_40: layer 2/2, base field no. 42/88, checking fields: 0
[ Info: 48_40: layer 2/2, base field no. 43/88, constructing abelian extensions
[ Info: 48_40: layer 2/2, base field no. 43/88, checking fields: 0
[ Info: 48_40: layer 2/2, base field no. 44/88, constructing abelian extensions
[ Info: 48_40: layer 2/2, base field no. 44/88, checking fields: 0
[ Info: 48_40: layer 2/2, base field no. 45/88, constructing abelian extensions
[ Info: 48_40: layer 2/2, base field no. 45/88, checking fields: 0
[ Info: 48_40: layer 2/2, base field no. 46/88, constructing abelian extensions
[ Info: 48_40: layer 2/2, base field no. 46/88, checking fields: 0
[ Info: 48_40: layer 2/2, base field no. 47/88, constructing abelian extensions
[ Info: 48_40: layer 2/2, base field no. 47/88, checking fields: 0
[ Info: 48_40: layer 2/2, base field no. 48/88, constructing abelian extensions
[ Info: 48_40: layer 2/2, base field no. 48/88, checking fields: 0
[ Info: 48_40: layer 2/2, base field no. 49/88, constructing abelian extensions
[ Info: 48_40: layer 2/2, base field no. 49/88, checking fields: 0
[ Info: 48_40: layer 2/2, base field no. 50/88, constructing abelian extensions
[ Info: 48_40: layer 2/2, base field no. 50/88, checking fields: 0
[ Info: 48_40: layer 2/2, base field no. 51/88, constructing abelian extensions
[ Info: 48_40: layer 2/2, base field no. 51/88, checking fields: 0
[ Info: 48_40: layer 2/2, base field no. 52/88, constructing abelian extensions
[ Info: 48_40: layer 2/2, base field no. 52/88, checking fields: 0
[ Info: 48_40: layer 2/2, base field no. 53/88, constructing abelian extensions
[ Info: 48_40: layer 2/2, base field no. 53/88, checking fields: 0
[ Info: 48_40: layer 2/2, base field no. 54/88, constructing abelian extensions
[ Info: 48_40: layer 2/2, base field no. 54/88, checking fields: 0
[ Info: 48_40: layer 2/2, base field no. 55/88, constructing abelian extensions
[ Info: 48_40: layer 2/2, base field no. 55/88, checking fields: 0
[ Info: 48_40: layer 2/2, base field no. 56/88, constructing abelian extensions
[ Info: 48_40: layer 2/2, base field no. 56/88, checking fields: 0
[ Info: 48_40: layer 2/2, base field no. 57/88, constructing abelian extensions
[ Info: 48_40: layer 2/2, base field no. 57/88, checking fields: 0
[ Info: 48_40: layer 2/2, base field no. 58/88, constructing abelian extensions
[ Info: 48_40: layer 2/2, base field no. 58/88, checking fields: 0
[ Info: 48_40: layer 2/2, base field no. 59/88, constructing abelian extensions
[ Info: 48_40: layer 2/2, base field no. 59/88, checking fields: 0
[ Info: 48_40: layer 2/2, base field no. 60/88, constructing abelian extensions
[ Info: 48_40: layer 2/2, base field no. 60/88, checking fields: 0
[ Info: 48_40: layer 2/2, base field no. 61/88, constructing abelian extensions
[ Info: 48_40: layer 2/2, base field no. 61/88, checking fields: 0
[ Info: 48_40: layer 2/2, base field no. 62/88, constructing abelian extensions
[ Info: 48_40: layer 2/2, base field no. 62/88, checking fields: 0
[ Info: 48_40: layer 2/2, base field no. 63/88, constructing abelian extensions
[ Info: 48_40: layer 2/2, base field no. 63/88, checking fields: 0
[ Info: 48_40: layer 2/2, base field no. 64/88, constructing abelian extensions
[ Info: 48_40: layer 2/2, base field no. 64/88, checking fields: 0
[ Info: 48_40: layer 2/2, base field no. 65/88, constructing abelian extensions
[ Info: 48_40: layer 2/2, base field no. 65/88, checking fields: 0
[ Info: 48_40: layer 2/2, base field no. 66/88, constructing abelian extensions
[ Info: 48_40: layer 2/2, base field no. 66/88, checking fields: 0
[ Info: 48_40: layer 2/2, base field no. 67/88, constructing abelian extensions
[ Info: 48_40: layer 2/2, base field no. 67/88, checking fields: 0
[ Info: 48_40: layer 2/2, base field no. 68/88, constructing abelian extensions
[ Info: 48_40: layer 2/2, base field no. 68/88, checking fields: 0
[ Info: 48_40: layer 2/2, base field no. 69/88, constructing abelian extensions
[ Info: 48_40: layer 2/2, base field no. 69/88, checking fields: 0
[ Info: 48_40: layer 2/2, base field no. 70/88, constructing abelian extensions
[ Info: 48_40: layer 2/2, base field no. 70/88, checking fields: 0
[ Info: 48_40: layer 2/2, base field no. 71/88, constructing abelian extensions
[ Info: 48_40: layer 2/2, base field no. 71/88, checking fields: 0
[ Info: 48_40: layer 2/2, base field no. 72/88, constructing abelian extensions
[ Info: 48_40: layer 2/2, base field no. 72/88, checking fields: 0
[ Info: 48_40: layer 2/2, base field no. 73/88, constructing abelian extensions
[ Info: 48_40: layer 2/2, base field no. 73/88, checking fields: 0
[ Info: 48_40: layer 2/2, base field no. 74/88, constructing abelian extensions
[ Info: 48_40: layer 2/2, base field no. 74/88, checking fields: 0
[ Info: 48_40: layer 2/2, base field no. 75/88, constructing abelian extensions
[ Info: 48_40: layer 2/2, base field no. 75/88, checking fields: 0
[ Info: 48_40: layer 2/2, base field no. 76/88, constructing abelian extensions
[ Info: 48_40: layer 2/2, base field no. 76/88, checking fields: 0
[ Info: 48_40: layer 2/2, base field no. 77/88, constructing abelian extensions
[ Info: 48_40: layer 2/2, base field no. 77/88, checking fields: 0
[ Info: 48_40: layer 2/2, base field no. 78/88, constructing abelian extensions
[ Info: 48_40: layer 2/2, base field no. 78/88, checking fields: 0
[ Info: 48_40: layer 2/2, base field no. 79/88, constructing abelian extensions
[ Info: 48_40: layer 2/2, base field no. 79/88, checking fields: 0
[ Info: 48_40: layer 2/2, base field no. 80/88, constructing abelian extensions
[ Info: 48_40: layer 2/2, base field no. 80/88, checking fields: 0
[ Info: 48_40: layer 2/2, base field no. 81/88, constructing abelian extensions
[ Info: 48_40: layer 2/2, base field no. 81/88, checking fields: 0
[ Info: 48_40: layer 2/2, base field no. 82/88, constructing abelian extensions
[ Info: 48_40: layer 2/2, base field no. 82/88, checking fields: 0
[ Info: 48_40: layer 2/2, base field no. 83/88, constructing abelian extensions
[ Info: 48_40: layer 2/2, base field no. 83/88, checking fields: 0
[ Info: 48_40: layer 2/2, base field no. 84/88, constructing abelian extensions
[ Info: 48_40: layer 2/2, base field no. 84/88, checking fields: 0
[ Info: 48_40: layer 2/2, base field no. 85/88, constructing abelian extensions
[ Info: 48_40: layer 2/2, base field no. 85/88, checking fields: 0
[ Info: 48_40: layer 2/2, base field no. 86/88, constructing abelian extensions
[ Info: 48_40: layer 2/2, base field no. 86/88, checking fields: 0
[ Info: 48_40: layer 2/2, base field no. 87/88, constructing abelian extensions
[ Info: 48_40: layer 2/2, base field no. 87/88, checking fields: 0
[ Info: 48_40: layer 2/2, base field no. 88/88, constructing abelian extensions
[ Info: 48_40: layer 2/2, base field no. 88/88, checking fields: 0
 68.695565 seconds (197.75 M allocations: 12.438 GiB, 11.91% gc time, 21.14% compilation time: 2% of which was recompilation)
