[ Info: 72_34: File for first layer exists [2, 4], 27825594022072; loading ...
[ Info: 72_34: layer 2/2, base field no. 1/291, constructing abelian extensions
[ Info: 72_34: layer 2/2, base field no. 1/291, checking fields: 2
[ Info: 72_34: layer 2/2, base field no. 1/291, 1/2
[ Info: 72_34: layer 2/2, base field no. 1/291, 2/2
[ Info: 72_34: layer 2/2, base field no. 2/291, constructing abelian extensions
[ Info: 72_34: layer 2/2, base field no. 2/291, checking fields: 0
[ Info: 72_34: layer 2/2, base field no. 3/291, constructing abelian extensions
[ Info: 72_34: layer 2/2, base field no. 3/291, checking fields: 1
[ Info: 72_34: layer 2/2, base field no. 3/291, 1/1
[ Info: 72_34: layer 2/2, base field no. 4/291, constructing abelian extensions
[ Info: 72_34: layer 2/2, base field no. 4/291, checking fields: 6
[ Info: 72_34: layer 2/2, base field no. 4/291, 1/6
[ Info: 72_34: layer 2/2, base field no. 4/291, 2/6
[ Info: 72_34: layer 2/2, base field no. 4/291, 3/6
[ Info: 72_34: layer 2/2, base field no. 4/291, 4/6
[ Info: 72_34: layer 2/2, base field no. 4/291, 5/6
[ Info: 72_34: layer 2/2, base field no. 4/291, 6/6
[ Info: 72_34: layer 2/2, base field no. 5/291, constructing abelian extensions
[ Info: 72_34: layer 2/2, base field no. 5/291, checking fields: 6
[ Info: 72_34: layer 2/2, base field no. 5/291, 1/6
[ Info: 72_34: layer 2/2, base field no. 5/291, 2/6
[ Info: 72_34: layer 2/2, base field no. 5/291, 3/6
[ Info: 72_34: layer 2/2, base field no. 5/291, 4/6
[ Info: 72_34: layer 2/2, base field no. 5/291, 5/6
[ Info: 72_34: layer 2/2, base field no. 5/291, 6/6
[ Info: 72_34: layer 2/2, base field no. 6/291, constructing abelian extensions
[ Info: 72_34: layer 2/2, base field no. 6/291, checking fields: 8
[ Info: 72_34: layer 2/2, base field no. 6/291, 1/8
[ Info: 72_34: layer 2/2, base field no. 6/291, 2/8
[ Info: 72_34: layer 2/2, base field no. 6/291, 3/8
[ Info: 72_34: layer 2/2, base field no. 6/291, 4/8
[ Info: 72_34: layer 2/2, base field no. 6/291, 5/8
[ Info: 72_34: layer 2/2, base field no. 6/291, 6/8
[ Info: 72_34: layer 2/2, base field no. 6/291, 7/8
[ Info: 72_34: layer 2/2, base field no. 6/291, 8/8
[ Info: 72_34: layer 2/2, base field no. 7/291, constructing abelian extensions
[ Info: 72_34: layer 2/2, base field no. 7/291, checking fields: 0
[ Info: 72_34: layer 2/2, base field no. 8/291, constructing abelian extensions
[ Info: 72_34: layer 2/2, base field no. 8/291, checking fields: 0
[ Info: 72_34: layer 2/2, base field no. 9/291, constructing abelian extensions
[ Info: 72_34: layer 2/2, base field no. 9/291, checking fields: 4
[ Info: 72_34: layer 2/2, base field no. 9/291, 1/4
[ Info: 72_34: layer 2/2, base field no. 9/291, 2/4
[ Info: 72_34: layer 2/2, base field no. 9/291, 3/4
[ Info: 72_34: layer 2/2, base field no. 9/291, 4/4
[ Info: 72_34: layer 2/2, base field no. 10/291, constructing abelian extensions
[ Info: 72_34: layer 2/2, base field no. 10/291, checking fields: 0
[ Info: 72_34: layer 2/2, base field no. 11/291, constructing abelian extensions
[ Info: 72_34: layer 2/2, base field no. 11/291, checking fields: 2
[ Info: 72_34: layer 2/2, base field no. 11/291, 1/2
[ Info: 72_34: layer 2/2, base field no. 11/291, 2/2
[ Info: 72_34: layer 2/2, base field no. 12/291, constructing abelian extensions
[ Info: 72_34: layer 2/2, base field no. 12/291, checking fields: 0
[ Info: 72_34: layer 2/2, base field no. 13/291, constructing abelian extensions
[ Info: 72_34: layer 2/2, base field no. 13/291, checking fields: 0
[ Info: 72_34: layer 2/2, base field no. 14/291, constructing abelian extensions
[ Info: 72_34: layer 2/2, base field no. 14/291, checking fields: 0
[ Info: 72_34: layer 2/2, base field no. 15/291, constructing abelian extensions
[ Info: 72_34: layer 2/2, base field no. 15/291, checking fields: 0
[ Info: 72_34: layer 2/2, base field no. 16/291, constructing abelian extensions
[ Info: 72_34: layer 2/2, base field no. 16/291, checking fields: 0
[ Info: 72_34: layer 2/2, base field no. 17/291, constructing abelian extensions
[ Info: 72_34: layer 2/2, base field no. 17/291, checking fields: 0
[ Info: 72_34: layer 2/2, base field no. 18/291, constructing abelian extensions
[ Info: 72_34: layer 2/2, base field no. 18/291, checking fields: 0
[ Info: 72_34: layer 2/2, base field no. 19/291, constructing abelian extensions
[ Info: 72_34: layer 2/2, base field no. 19/291, checking fields: 0
[ Info: 72_34: layer 2/2, base field no. 20/291, constructing abelian extensions
[ Info: 72_34: layer 2/2, base field no. 20/291, checking fields: 0
[ Info: 72_34: layer 2/2, base field no. 21/291, constructing abelian extensions
[ Info: 72_34: layer 2/2, base field no. 21/291, checking fields: 0
[ Info: 72_34: layer 2/2, base field no. 22/291, constructing abelian extensions
[ Info: 72_34: layer 2/2, base field no. 22/291, checking fields: 1
[ Info: 72_34: layer 2/2, base field no. 22/291, 1/1
[ Info: 72_34: layer 2/2, base field no. 23/291, constructing abelian extensions
[ Info: 72_34: layer 2/2, base field no. 23/291, checking fields: 1
[ Info: 72_34: layer 2/2, base field no. 23/291, 1/1
[ Info: 72_34: layer 2/2, base field no. 24/291, constructing abelian extensions
[ Info: 72_34: layer 2/2, base field no. 24/291, checking fields: 0
[ Info: 72_34: layer 2/2, base field no. 25/291, constructing abelian extensions
[ Info: 72_34: layer 2/2, base field no. 25/291, checking fields: 0
[ Info: 72_34: layer 2/2, base field no. 26/291, constructing abelian extensions
[ Info: 72_34: layer 2/2, base field no. 26/291, checking fields: 0
[ Info: 72_34: layer 2/2, base field no. 27/291, constructing abelian extensions
[ Info: 72_34: layer 2/2, base field no. 27/291, checking fields: 1
[ Info: 72_34: layer 2/2, base field no. 27/291, 1/1
[ Info: 72_34: layer 2/2, base field no. 28/291, constructing abelian extensions
[ Info: 72_34: layer 2/2, base field no. 28/291, checking fields: 1
[ Info: 72_34: layer 2/2, base field no. 28/291, 1/1
[ Info: 72_34: layer 2/2, base field no. 29/291, constructing abelian extensions
[ Info: 72_34: layer 2/2, base field no. 29/291, checking fields: 0
[ Info: 72_34: layer 2/2, base field no. 30/291, constructing abelian extensions
[ Info: 72_34: layer 2/2, base field no. 30/291, checking fields: 0
[ Info: 72_34: layer 2/2, base field no. 31/291, constructing abelian extensions
[ Info: 72_34: layer 2/2, base field no. 31/291, checking fields: 0
[ Info: 72_34: layer 2/2, base field no. 32/291, constructing abelian extensions
[ Info: 72_34: layer 2/2, base field no. 32/291, checking fields: 0
[ Info: 72_34: layer 2/2, base field no. 33/291, constructing abelian extensions
[ Info: 72_34: layer 2/2, base field no. 33/291, checking fields: 37
[ Info: 72_34: layer 2/2, base field no. 33/291, 1/37
[ Info: 72_34: layer 2/2, base field no. 33/291, 2/37
[ Info: 72_34: layer 2/2, base field no. 33/291, 3/37
[ Info: 72_34: layer 2/2, base field no. 33/291, 4/37
[ Info: 72_34: layer 2/2, base field no. 33/291, 5/37
[ Info: 72_34: layer 2/2, base field no. 33/291, 6/37
[ Info: 72_34: layer 2/2, base field no. 33/291, 7/37
[ Info: 72_34: layer 2/2, base field no. 33/291, 8/37
[ Info: 72_34: layer 2/2, base field no. 33/291, 9/37
[ Info: 72_34: layer 2/2, base field no. 33/291, 10/37
[ Info: 72_34: layer 2/2, base field no. 33/291, 11/37
[ Info: 72_34: layer 2/2, base field no. 33/291, 12/37
[ Info: 72_34: layer 2/2, base field no. 33/291, 13/37
[ Info: 72_34: layer 2/2, base field no. 33/291, 14/37
[ Info: 72_34: layer 2/2, base field no. 33/291, 15/37
[ Info: 72_34: layer 2/2, base field no. 33/291, 16/37
[ Info: 72_34: layer 2/2, base field no. 33/291, 17/37
[ Info: 72_34: layer 2/2, base field no. 33/291, 18/37
[ Info: 72_34: layer 2/2, base field no. 33/291, 19/37
[ Info: 72_34: layer 2/2, base field no. 33/291, 20/37
[ Info: 72_34: layer 2/2, base field no. 33/291, 21/37
[ Info: 72_34: layer 2/2, base field no. 33/291, 22/37
[ Info: 72_34: layer 2/2, base field no. 33/291, 23/37
[ Info: 72_34: layer 2/2, base field no. 33/291, 24/37
[ Info: 72_34: layer 2/2, base field no. 33/291, 25/37
[ Info: 72_34: layer 2/2, base field no. 33/291, 26/37
[ Info: 72_34: layer 2/2, base field no. 33/291, 27/37
[ Info: 72_34: layer 2/2, base field no. 33/291, 28/37
[ Info: 72_34: layer 2/2, base field no. 33/291, 29/37
[ Info: 72_34: layer 2/2, base field no. 33/291, 30/37
[ Info: 72_34: layer 2/2, base field no. 33/291, 31/37
[ Info: 72_34: layer 2/2, base field no. 33/291, 32/37
[ Info: 72_34: layer 2/2, base field no. 33/291, 33/37
[ Info: 72_34: layer 2/2, base field no. 33/291, 34/37
[ Info: 72_34: layer 2/2, base field no. 33/291, 35/37
[ Info: 72_34: layer 2/2, base field no. 33/291, 36/37
[ Info: 72_34: layer 2/2, base field no. 33/291, 37/37
[ Info: 72_34: layer 2/2, base field no. 34/291, constructing abelian extensions
[ Info: 72_34: layer 2/2, base field no. 34/291, checking fields: 4
[ Info: 72_34: layer 2/2, base field no. 34/291, 1/4
[ Info: 72_34: layer 2/2, base field no. 34/291, 2/4
[ Info: 72_34: layer 2/2, base field no. 34/291, 3/4
[ Info: 72_34: layer 2/2, base field no. 34/291, 4/4
[ Info: 72_34: layer 2/2, base field no. 35/291, constructing abelian extensions
[ Info: 72_34: layer 2/2, base field no. 35/291, checking fields: 0
[ Info: 72_34: layer 2/2, base field no. 36/291, constructing abelian extensions
[ Info: 72_34: layer 2/2, base field no. 36/291, checking fields: 1
[ Info: 72_34: layer 2/2, base field no. 36/291, 1/1
[ Info: 72_34: layer 2/2, base field no. 37/291, constructing abelian extensions
[ Info: 72_34: layer 2/2, base field no. 37/291, checking fields: 6
[ Info: 72_34: layer 2/2, base field no. 37/291, 1/6
[ Info: 72_34: layer 2/2, base field no. 37/291, 2/6
[ Info: 72_34: layer 2/2, base field no. 37/291, 3/6
[ Info: 72_34: layer 2/2, base field no. 37/291, 4/6
[ Info: 72_34: layer 2/2, base field no. 37/291, 5/6
[ Info: 72_34: layer 2/2, base field no. 37/291, 6/6
[ Info: 72_34: layer 2/2, base field no. 38/291, constructing abelian extensions
[ Info: 72_34: layer 2/2, base field no. 38/291, checking fields: 1
[ Info: 72_34: layer 2/2, base field no. 38/291, 1/1
[ Info: 72_34: layer 2/2, base field no. 39/291, constructing abelian extensions
[ Info: 72_34: layer 2/2, base field no. 39/291, checking fields: 0
[ Info: 72_34: layer 2/2, base field no. 40/291, constructing abelian extensions
[ Info: 72_34: layer 2/2, base field no. 40/291, checking fields: 0
[ Info: 72_34: layer 2/2, base field no. 41/291, constructing abelian extensions
[ Info: 72_34: layer 2/2, base field no. 41/291, checking fields: 1
[ Info: 72_34: layer 2/2, base field no. 41/291, 1/1
[ Info: 72_34: layer 2/2, base field no. 42/291, constructing abelian extensions
[ Info: 72_34: layer 2/2, base field no. 42/291, checking fields: 0
[ Info: 72_34: layer 2/2, base field no. 43/291, constructing abelian extensions
[ Info: 72_34: layer 2/2, base field no. 43/291, checking fields: 1
[ Info: 72_34: layer 2/2, base field no. 43/291, 1/1
[ Info: 72_34: layer 2/2, base field no. 44/291, constructing abelian extensions
[ Info: 72_34: layer 2/2, base field no. 44/291, checking fields: 0
[ Info: 72_34: layer 2/2, base field no. 45/291, constructing abelian extensions
[ Info: 72_34: layer 2/2, base field no. 45/291, checking fields: 0
[ Info: 72_34: layer 2/2, base field no. 46/291, constructing abelian extensions
[ Info: 72_34: layer 2/2, base field no. 46/291, checking fields: 0
[ Info: 72_34: layer 2/2, base field no. 47/291, constructing abelian extensions
[ Info: 72_34: layer 2/2, base field no. 47/291, checking fields: 1
[ Info: 72_34: layer 2/2, base field no. 47/291, 1/1
[ Info: 72_34: layer 2/2, base field no. 48/291, constructing abelian extensions
[ Info: 72_34: layer 2/2, base field no. 48/291, checking fields: 1
[ Info: 72_34: layer 2/2, base field no. 48/291, 1/1
[ Info: 72_34: layer 2/2, base field no. 49/291, constructing abelian extensions
[ Info: 72_34: layer 2/2, base field no. 49/291, checking fields: 0
[ Info: 72_34: layer 2/2, base field no. 50/291, constructing abelian extensions
[ Info: 72_34: layer 2/2, base field no. 50/291, checking fields: 0
[ Info: 72_34: layer 2/2, base field no. 51/291, constructing abelian extensions
[ Info: 72_34: layer 2/2, base field no. 51/291, checking fields: 0
[ Info: 72_34: layer 2/2, base field no. 52/291, constructing abelian extensions
[ Info: 72_34: layer 2/2, base field no. 52/291, checking fields: 0
[ Info: 72_34: layer 2/2, base field no. 53/291, constructing abelian extensions
[ Info: 72_34: layer 2/2, base field no. 53/291, checking fields: 0
[ Info: 72_34: layer 2/2, base field no. 54/291, constructing abelian extensions
[ Info: 72_34: layer 2/2, base field no. 54/291, checking fields: 0
[ Info: 72_34: layer 2/2, base field no. 55/291, constructing abelian extensions
[ Info: 72_34: layer 2/2, base field no. 55/291, checking fields: 0
[ Info: 72_34: layer 2/2, base field no. 56/291, constructing abelian extensions
[ Info: 72_34: layer 2/2, base field no. 56/291, checking fields: 0
[ Info: 72_34: layer 2/2, base field no. 57/291, constructing abelian extensions
[ Info: 72_34: layer 2/2, base field no. 57/291, checking fields: 0
[ Info: 72_34: layer 2/2, base field no. 58/291, constructing abelian extensions
[ Info: 72_34: layer 2/2, base field no. 58/291, checking fields: 0
[ Info: 72_34: layer 2/2, base field no. 59/291, constructing abelian extensions
[ Info: 72_34: layer 2/2, base field no. 59/291, checking fields: 0
[ Info: 72_34: layer 2/2, base field no. 60/291, constructing abelian extensions
[ Info: 72_34: layer 2/2, base field no. 60/291, checking fields: 0
[ Info: 72_34: layer 2/2, base field no. 61/291, constructing abelian extensions
[ Info: 72_34: layer 2/2, base field no. 61/291, checking fields: 0
[ Info: 72_34: layer 2/2, base field no. 62/291, constructing abelian extensions
[ Info: 72_34: layer 2/2, base field no. 62/291, checking fields: 0
[ Info: 72_34: layer 2/2, base field no. 63/291, constructing abelian extensions
[ Info: 72_34: layer 2/2, base field no. 63/291, checking fields: 0
[ Info: 72_34: layer 2/2, base field no. 64/291, constructing abelian extensions
[ Info: 72_34: layer 2/2, base field no. 64/291, checking fields: 0
[ Info: 72_34: layer 2/2, base field no. 65/291, constructing abelian extensions
[ Info: 72_34: layer 2/2, base field no. 65/291, checking fields: 0
[ Info: 72_34: layer 2/2, base field no. 66/291, constructing abelian extensions
[ Info: 72_34: layer 2/2, base field no. 66/291, checking fields: 0
[ Info: 72_34: layer 2/2, base field no. 67/291, constructing abelian extensions
[ Info: 72_34: layer 2/2, base field no. 67/291, checking fields: 0
[ Info: 72_34: layer 2/2, base field no. 68/291, constructing abelian extensions
[ Info: 72_34: layer 2/2, base field no. 68/291, checking fields: 0
[ Info: 72_34: layer 2/2, base field no. 69/291, constructing abelian extensions
[ Info: 72_34: layer 2/2, base field no. 69/291, checking fields: 0
[ Info: 72_34: layer 2/2, base field no. 70/291, constructing abelian extensions
[ Info: 72_34: layer 2/2, base field no. 70/291, checking fields: 0
[ Info: 72_34: layer 2/2, base field no. 71/291, constructing abelian extensions
[ Info: 72_34: layer 2/2, base field no. 71/291, checking fields: 0
[ Info: 72_34: layer 2/2, base field no. 72/291, constructing abelian extensions
[ Info: 72_34: layer 2/2, base field no. 72/291, checking fields: 0
[ Info: 72_34: layer 2/2, base field no. 73/291, constructing abelian extensions
[ Info: 72_34: layer 2/2, base field no. 73/291, checking fields: 0
[ Info: 72_34: layer 2/2, base field no. 74/291, constructing abelian extensions
[ Info: 72_34: layer 2/2, base field no. 74/291, checking fields: 0
[ Info: 72_34: layer 2/2, base field no. 75/291, constructing abelian extensions
[ Info: 72_34: layer 2/2, base field no. 75/291, checking fields: 0
[ Info: 72_34: layer 2/2, base field no. 76/291, constructing abelian extensions
[ Info: 72_34: layer 2/2, base field no. 76/291, checking fields: 0
[ Info: 72_34: layer 2/2, base field no. 77/291, constructing abelian extensions
[ Info: 72_34: layer 2/2, base field no. 77/291, checking fields: 0
[ Info: 72_34: layer 2/2, base field no. 78/291, constructing abelian extensions
[ Info: 72_34: layer 2/2, base field no. 78/291, checking fields: 0
[ Info: 72_34: layer 2/2, base field no. 79/291, constructing abelian extensions
[ Info: 72_34: layer 2/2, base field no. 79/291, checking fields: 0
[ Info: 72_34: layer 2/2, base field no. 80/291, constructing abelian extensions
[ Info: 72_34: layer 2/2, base field no. 80/291, checking fields: 0
[ Info: 72_34: layer 2/2, base field no. 81/291, constructing abelian extensions
[ Info: 72_34: layer 2/2, base field no. 81/291, checking fields: 0
[ Info: 72_34: layer 2/2, base field no. 82/291, constructing abelian extensions
[ Info: 72_34: layer 2/2, base field no. 82/291, checking fields: 0
[ Info: 72_34: layer 2/2, base field no. 83/291, constructing abelian extensions
[ Info: 72_34: layer 2/2, base field no. 83/291, checking fields: 0
[ Info: 72_34: layer 2/2, base field no. 84/291, constructing abelian extensions
[ Info: 72_34: layer 2/2, base field no. 84/291, checking fields: 0
[ Info: 72_34: layer 2/2, base field no. 85/291, constructing abelian extensions
[ Info: 72_34: layer 2/2, base field no. 85/291, checking fields: 0
[ Info: 72_34: layer 2/2, base field no. 86/291, constructing abelian extensions
[ Info: 72_34: layer 2/2, base field no. 86/291, checking fields: 0
[ Info: 72_34: layer 2/2, base field no. 87/291, constructing abelian extensions
[ Info: 72_34: layer 2/2, base field no. 87/291, checking fields: 0
[ Info: 72_34: layer 2/2, base field no. 88/291, constructing abelian extensions
[ Info: 72_34: layer 2/2, base field no. 88/291, checking fields: 0
[ Info: 72_34: layer 2/2, base field no. 89/291, constructing abelian extensions
[ Info: 72_34: layer 2/2, base field no. 89/291, checking fields: 0
[ Info: 72_34: layer 2/2, base field no. 90/291, constructing abelian extensions
[ Info: 72_34: layer 2/2, base field no. 90/291, checking fields: 0
[ Info: 72_34: layer 2/2, base field no. 91/291, constructing abelian extensions
[ Info: 72_34: layer 2/2, base field no. 91/291, checking fields: 0
[ Info: 72_34: layer 2/2, base field no. 92/291, constructing abelian extensions
[ Info: 72_34: layer 2/2, base field no. 92/291, checking fields: 0
[ Info: 72_34: layer 2/2, base field no. 93/291, constructing abelian extensions
[ Info: 72_34: layer 2/2, base field no. 93/291, checking fields: 0
[ Info: 72_34: layer 2/2, base field no. 94/291, constructing abelian extensions
[ Info: 72_34: layer 2/2, base field no. 94/291, checking fields: 4
[ Info: 72_34: layer 2/2, base field no. 94/291, 1/4
[ Info: 72_34: layer 2/2, base field no. 94/291, 2/4
[ Info: 72_34: layer 2/2, base field no. 94/291, 3/4
[ Info: 72_34: layer 2/2, base field no. 94/291, 4/4
[ Info: 72_34: layer 2/2, base field no. 95/291, constructing abelian extensions
[ Info: 72_34: layer 2/2, base field no. 95/291, checking fields: 1
[ Info: 72_34: layer 2/2, base field no. 95/291, 1/1
[ Info: 72_34: layer 2/2, base field no. 96/291, constructing abelian extensions
[ Info: 72_34: layer 2/2, base field no. 96/291, checking fields: 0
[ Info: 72_34: layer 2/2, base field no. 97/291, constructing abelian extensions
[ Info: 72_34: layer 2/2, base field no. 97/291, checking fields: 0
[ Info: 72_34: layer 2/2, base field no. 98/291, constructing abelian extensions
[ Info: 72_34: layer 2/2, base field no. 98/291, checking fields: 3
[ Info: 72_34: layer 2/2, base field no. 98/291, 1/3
[ Info: 72_34: layer 2/2, base field no. 98/291, 2/3
[ Info: 72_34: layer 2/2, base field no. 98/291, 3/3
[ Info: 72_34: layer 2/2, base field no. 99/291, constructing abelian extensions
[ Info: 72_34: layer 2/2, base field no. 99/291, checking fields: 0
[ Info: 72_34: layer 2/2, base field no. 100/291, constructing abelian extensions
[ Info: 72_34: layer 2/2, base field no. 100/291, checking fields: 0
[ Info: 72_34: layer 2/2, base field no. 101/291, constructing abelian extensions
[ Info: 72_34: layer 2/2, base field no. 101/291, checking fields: 0
[ Info: 72_34: layer 2/2, base field no. 102/291, constructing abelian extensions
[ Info: 72_34: layer 2/2, base field no. 102/291, checking fields: 0
[ Info: 72_34: layer 2/2, base field no. 103/291, constructing abelian extensions
[ Info: 72_34: layer 2/2, base field no. 103/291, checking fields: 0
[ Info: 72_34: layer 2/2, base field no. 104/291, constructing abelian extensions
[ Info: 72_34: layer 2/2, base field no. 104/291, checking fields: 1
[ Info: 72_34: layer 2/2, base field no. 104/291, 1/1
[ Info: 72_34: layer 2/2, base field no. 105/291, constructing abelian extensions
[ Info: 72_34: layer 2/2, base field no. 105/291, checking fields: 0
[ Info: 72_34: layer 2/2, base field no. 106/291, constructing abelian extensions
[ Info: 72_34: layer 2/2, base field no. 106/291, checking fields: 0
[ Info: 72_34: layer 2/2, base field no. 107/291, constructing abelian extensions
[ Info: 72_34: layer 2/2, base field no. 107/291, checking fields: 0
[ Info: 72_34: layer 2/2, base field no. 108/291, constructing abelian extensions
[ Info: 72_34: layer 2/2, base field no. 108/291, checking fields: 0
[ Info: 72_34: layer 2/2, base field no. 109/291, constructing abelian extensions
[ Info: 72_34: layer 2/2, base field no. 109/291, checking fields: 0
[ Info: 72_34: layer 2/2, base field no. 110/291, constructing abelian extensions
[ Info: 72_34: layer 2/2, base field no. 110/291, checking fields: 0
[ Info: 72_34: layer 2/2, base field no. 111/291, constructing abelian extensions
[ Info: 72_34: layer 2/2, base field no. 111/291, checking fields: 0
[ Info: 72_34: layer 2/2, base field no. 112/291, constructing abelian extensions
[ Info: 72_34: layer 2/2, base field no. 112/291, checking fields: 0
[ Info: 72_34: layer 2/2, base field no. 113/291, constructing abelian extensions
[ Info: 72_34: layer 2/2, base field no. 113/291, checking fields: 0
[ Info: 72_34: layer 2/2, base field no. 114/291, constructing abelian extensions
[ Info: 72_34: layer 2/2, base field no. 114/291, checking fields: 0
[ Info: 72_34: layer 2/2, base field no. 115/291, constructing abelian extensions
[ Info: 72_34: layer 2/2, base field no. 115/291, checking fields: 0
[ Info: 72_34: layer 2/2, base field no. 116/291, constructing abelian extensions
[ Info: 72_34: layer 2/2, base field no. 116/291, checking fields: 0
[ Info: 72_34: layer 2/2, base field no. 117/291, constructing abelian extensions
[ Info: 72_34: layer 2/2, base field no. 117/291, checking fields: 0
[ Info: 72_34: layer 2/2, base field no. 118/291, constructing abelian extensions
[ Info: 72_34: layer 2/2, base field no. 118/291, checking fields: 7
[ Info: 72_34: layer 2/2, base field no. 118/291, 1/7
[ Info: 72_34: layer 2/2, base field no. 118/291, 2/7
[ Info: 72_34: layer 2/2, base field no. 118/291, 3/7
[ Info: 72_34: layer 2/2, base field no. 118/291, 4/7
[ Info: 72_34: layer 2/2, base field no. 118/291, 5/7
[ Info: 72_34: layer 2/2, base field no. 118/291, 6/7
[ Info: 72_34: layer 2/2, base field no. 118/291, 7/7
[ Info: 72_34: layer 2/2, base field no. 119/291, constructing abelian extensions
[ Info: 72_34: layer 2/2, base field no. 119/291, checking fields: 1
[ Info: 72_34: layer 2/2, base field no. 119/291, 1/1
[ Info: 72_34: layer 2/2, base field no. 120/291, constructing abelian extensions
[ Info: 72_34: layer 2/2, base field no. 120/291, checking fields: 0
[ Info: 72_34: layer 2/2, base field no. 121/291, constructing abelian extensions
[ Info: 72_34: layer 2/2, base field no. 121/291, checking fields: 0
[ Info: 72_34: layer 2/2, base field no. 122/291, constructing abelian extensions
[ Info: 72_34: layer 2/2, base field no. 122/291, checking fields: 0
[ Info: 72_34: layer 2/2, base field no. 123/291, constructing abelian extensions
[ Info: 72_34: layer 2/2, base field no. 123/291, checking fields: 0
[ Info: 72_34: layer 2/2, base field no. 124/291, constructing abelian extensions
[ Info: 72_34: layer 2/2, base field no. 124/291, checking fields: 0
[ Info: 72_34: layer 2/2, base field no. 125/291, constructing abelian extensions
[ Info: 72_34: layer 2/2, base field no. 125/291, checking fields: 0
[ Info: 72_34: layer 2/2, base field no. 126/291, constructing abelian extensions
[ Info: 72_34: layer 2/2, base field no. 126/291, checking fields: 0
[ Info: 72_34: layer 2/2, base field no. 127/291, constructing abelian extensions
[ Info: 72_34: layer 2/2, base field no. 127/291, checking fields: 0
[ Info: 72_34: layer 2/2, base field no. 128/291, constructing abelian extensions
[ Info: 72_34: layer 2/2, base field no. 128/291, checking fields: 0
[ Info: 72_34: layer 2/2, base field no. 129/291, constructing abelian extensions
[ Info: 72_34: layer 2/2, base field no. 129/291, checking fields: 0
[ Info: 72_34: layer 2/2, base field no. 130/291, constructing abelian extensions
[ Info: 72_34: layer 2/2, base field no. 130/291, checking fields: 0
[ Info: 72_34: layer 2/2, base field no. 131/291, constructing abelian extensions
[ Info: 72_34: layer 2/2, base field no. 131/291, checking fields: 0
[ Info: 72_34: layer 2/2, base field no. 132/291, constructing abelian extensions
[ Info: 72_34: layer 2/2, base field no. 132/291, checking fields: 0
[ Info: 72_34: layer 2/2, base field no. 133/291, constructing abelian extensions
[ Info: 72_34: layer 2/2, base field no. 133/291, checking fields: 0
[ Info: 72_34: layer 2/2, base field no. 134/291, constructing abelian extensions
[ Info: 72_34: layer 2/2, base field no. 134/291, checking fields: 0
[ Info: 72_34: layer 2/2, base field no. 135/291, constructing abelian extensions
[ Info: 72_34: layer 2/2, base field no. 135/291, checking fields: 0
[ Info: 72_34: layer 2/2, base field no. 136/291, constructing abelian extensions
[ Info: 72_34: layer 2/2, base field no. 136/291, checking fields: 0
[ Info: 72_34: layer 2/2, base field no. 137/291, constructing abelian extensions
[ Info: 72_34: layer 2/2, base field no. 137/291, checking fields: 1
[ Info: 72_34: layer 2/2, base field no. 137/291, 1/1
[ Info: 72_34: layer 2/2, base field no. 138/291, constructing abelian extensions
[ Info: 72_34: layer 2/2, base field no. 138/291, checking fields: 0
[ Info: 72_34: layer 2/2, base field no. 139/291, constructing abelian extensions
[ Info: 72_34: layer 2/2, base field no. 139/291, checking fields: 0
[ Info: 72_34: layer 2/2, base field no. 140/291, constructing abelian extensions
[ Info: 72_34: layer 2/2, base field no. 140/291, checking fields: 0
[ Info: 72_34: layer 2/2, base field no. 141/291, constructing abelian extensions
[ Info: 72_34: layer 2/2, base field no. 141/291, checking fields: 0
[ Info: 72_34: layer 2/2, base field no. 142/291, constructing abelian extensions
[ Info: 72_34: layer 2/2, base field no. 142/291, checking fields: 0
[ Info: 72_34: layer 2/2, base field no. 143/291, constructing abelian extensions
[ Info: 72_34: layer 2/2, base field no. 143/291, checking fields: 0
[ Info: 72_34: layer 2/2, base field no. 144/291, constructing abelian extensions
[ Info: 72_34: layer 2/2, base field no. 144/291, checking fields: 0
[ Info: 72_34: layer 2/2, base field no. 145/291, constructing abelian extensions
[ Info: 72_34: layer 2/2, base field no. 145/291, checking fields: 0
[ Info: 72_34: layer 2/2, base field no. 146/291, constructing abelian extensions
[ Info: 72_34: layer 2/2, base field no. 146/291, checking fields: 0
[ Info: 72_34: layer 2/2, base field no. 147/291, constructing abelian extensions
[ Info: 72_34: layer 2/2, base field no. 147/291, checking fields: 0
[ Info: 72_34: layer 2/2, base field no. 148/291, constructing abelian extensions
[ Info: 72_34: layer 2/2, base field no. 148/291, checking fields: 0
[ Info: 72_34: layer 2/2, base field no. 149/291, constructing abelian extensions
[ Info: 72_34: layer 2/2, base field no. 149/291, checking fields: 0
[ Info: 72_34: layer 2/2, base field no. 150/291, constructing abelian extensions
[ Info: 72_34: layer 2/2, base field no. 150/291, checking fields: 0
[ Info: 72_34: layer 2/2, base field no. 151/291, constructing abelian extensions
[ Info: 72_34: layer 2/2, base field no. 151/291, checking fields: 0
[ Info: 72_34: layer 2/2, base field no. 152/291, constructing abelian extensions
[ Info: 72_34: layer 2/2, base field no. 152/291, checking fields: 0
[ Info: 72_34: layer 2/2, base field no. 153/291, constructing abelian extensions
[ Info: 72_34: layer 2/2, base field no. 153/291, checking fields: 1
[ Info: 72_34: layer 2/2, base field no. 153/291, 1/1
[ Info: 72_34: layer 2/2, base field no. 154/291, constructing abelian extensions
[ Info: 72_34: layer 2/2, base field no. 154/291, checking fields: 0
[ Info: 72_34: layer 2/2, base field no. 155/291, constructing abelian extensions
[ Info: 72_34: layer 2/2, base field no. 155/291, checking fields: 0
[ Info: 72_34: layer 2/2, base field no. 156/291, constructing abelian extensions
[ Info: 72_34: layer 2/2, base field no. 156/291, checking fields: 0
[ Info: 72_34: layer 2/2, base field no. 157/291, constructing abelian extensions
[ Info: 72_34: layer 2/2, base field no. 157/291, checking fields: 0
[ Info: 72_34: layer 2/2, base field no. 158/291, constructing abelian extensions
[ Info: 72_34: layer 2/2, base field no. 158/291, checking fields: 0
[ Info: 72_34: layer 2/2, base field no. 159/291, constructing abelian extensions
[ Info: 72_34: layer 2/2, base field no. 159/291, checking fields: 0
[ Info: 72_34: layer 2/2, base field no. 160/291, constructing abelian extensions
[ Info: 72_34: layer 2/2, base field no. 160/291, checking fields: 0
[ Info: 72_34: layer 2/2, base field no. 161/291, constructing abelian extensions
[ Info: 72_34: layer 2/2, base field no. 161/291, checking fields: 0
[ Info: 72_34: layer 2/2, base field no. 162/291, constructing abelian extensions
[ Info: 72_34: layer 2/2, base field no. 162/291, checking fields: 0
[ Info: 72_34: layer 2/2, base field no. 163/291, constructing abelian extensions
[ Info: 72_34: layer 2/2, base field no. 163/291, checking fields: 0
[ Info: 72_34: layer 2/2, base field no. 164/291, constructing abelian extensions
[ Info: 72_34: layer 2/2, base field no. 164/291, checking fields: 0
[ Info: 72_34: layer 2/2, base field no. 165/291, constructing abelian extensions
[ Info: 72_34: layer 2/2, base field no. 165/291, checking fields: 0
[ Info: 72_34: layer 2/2, base field no. 166/291, constructing abelian extensions
[ Info: 72_34: layer 2/2, base field no. 166/291, checking fields: 0
[ Info: 72_34: layer 2/2, base field no. 167/291, constructing abelian extensions
[ Info: 72_34: layer 2/2, base field no. 167/291, checking fields: 0
[ Info: 72_34: layer 2/2, base field no. 168/291, constructing abelian extensions
[ Info: 72_34: layer 2/2, base field no. 168/291, checking fields: 0
[ Info: 72_34: layer 2/2, base field no. 169/291, constructing abelian extensions
[ Info: 72_34: layer 2/2, base field no. 169/291, checking fields: 0
[ Info: 72_34: layer 2/2, base field no. 170/291, constructing abelian extensions
[ Info: 72_34: layer 2/2, base field no. 170/291, checking fields: 0
[ Info: 72_34: layer 2/2, base field no. 171/291, constructing abelian extensions
[ Info: 72_34: layer 2/2, base field no. 171/291, checking fields: 0
[ Info: 72_34: layer 2/2, base field no. 172/291, constructing abelian extensions
[ Info: 72_34: layer 2/2, base field no. 172/291, checking fields: 1
[ Info: 72_34: layer 2/2, base field no. 172/291, 1/1
[ Info: 72_34: layer 2/2, base field no. 173/291, constructing abelian extensions
[ Info: 72_34: layer 2/2, base field no. 173/291, checking fields: 0
[ Info: 72_34: layer 2/2, base field no. 174/291, constructing abelian extensions
[ Info: 72_34: layer 2/2, base field no. 174/291, checking fields: 0
[ Info: 72_34: layer 2/2, base field no. 175/291, constructing abelian extensions
[ Info: 72_34: layer 2/2, base field no. 175/291, checking fields: 0
[ Info: 72_34: layer 2/2, base field no. 176/291, constructing abelian extensions
[ Info: 72_34: layer 2/2, base field no. 176/291, checking fields: 0
[ Info: 72_34: layer 2/2, base field no. 177/291, constructing abelian extensions
[ Info: 72_34: layer 2/2, base field no. 177/291, checking fields: 0
[ Info: 72_34: layer 2/2, base field no. 178/291, constructing abelian extensions
[ Info: 72_34: layer 2/2, base field no. 178/291, checking fields: 3
[ Info: 72_34: layer 2/2, base field no. 178/291, 1/3
[ Info: 72_34: layer 2/2, base field no. 178/291, 2/3
[ Info: 72_34: layer 2/2, base field no. 178/291, 3/3
[ Info: 72_34: layer 2/2, base field no. 179/291, constructing abelian extensions
[ Info: 72_34: layer 2/2, base field no. 179/291, checking fields: 1
[ Info: 72_34: layer 2/2, base field no. 179/291, 1/1
[ Info: 72_34: layer 2/2, base field no. 180/291, constructing abelian extensions
[ Info: 72_34: layer 2/2, base field no. 180/291, checking fields: 0
[ Info: 72_34: layer 2/2, base field no. 181/291, constructing abelian extensions
[ Info: 72_34: layer 2/2, base field no. 181/291, checking fields: 5
[ Info: 72_34: layer 2/2, base field no. 181/291, 1/5
[ Info: 72_34: layer 2/2, base field no. 181/291, 2/5
[ Info: 72_34: layer 2/2, base field no. 181/291, 3/5
[ Info: 72_34: layer 2/2, base field no. 181/291, 4/5
[ Info: 72_34: layer 2/2, base field no. 181/291, 5/5
[ Info: 72_34: layer 2/2, base field no. 182/291, constructing abelian extensions
[ Info: 72_34: layer 2/2, base field no. 182/291, checking fields: 0
[ Info: 72_34: layer 2/2, base field no. 183/291, constructing abelian extensions
[ Info: 72_34: layer 2/2, base field no. 183/291, checking fields: 0
[ Info: 72_34: layer 2/2, base field no. 184/291, constructing abelian extensions
[ Info: 72_34: layer 2/2, base field no. 184/291, checking fields: 0
[ Info: 72_34: layer 2/2, base field no. 185/291, constructing abelian extensions
[ Info: 72_34: layer 2/2, base field no. 185/291, checking fields: 0
[ Info: 72_34: layer 2/2, base field no. 186/291, constructing abelian extensions
[ Info: 72_34: layer 2/2, base field no. 186/291, checking fields: 0
[ Info: 72_34: layer 2/2, base field no. 187/291, constructing abelian extensions
[ Info: 72_34: layer 2/2, base field no. 187/291, checking fields: 0
[ Info: 72_34: layer 2/2, base field no. 188/291, constructing abelian extensions
[ Info: 72_34: layer 2/2, base field no. 188/291, checking fields: 0
[ Info: 72_34: layer 2/2, base field no. 189/291, constructing abelian extensions
[ Info: 72_34: layer 2/2, base field no. 189/291, checking fields: 0
[ Info: 72_34: layer 2/2, base field no. 190/291, constructing abelian extensions
[ Info: 72_34: layer 2/2, base field no. 190/291, checking fields: 0
[ Info: 72_34: layer 2/2, base field no. 191/291, constructing abelian extensions
[ Info: 72_34: layer 2/2, base field no. 191/291, checking fields: 0
[ Info: 72_34: layer 2/2, base field no. 192/291, constructing abelian extensions
[ Info: 72_34: layer 2/2, base field no. 192/291, checking fields: 0
[ Info: 72_34: layer 2/2, base field no. 193/291, constructing abelian extensions
[ Info: 72_34: layer 2/2, base field no. 193/291, checking fields: 0
[ Info: 72_34: layer 2/2, base field no. 194/291, constructing abelian extensions
[ Info: 72_34: layer 2/2, base field no. 194/291, checking fields: 0
[ Info: 72_34: layer 2/2, base field no. 195/291, constructing abelian extensions
[ Info: 72_34: layer 2/2, base field no. 195/291, checking fields: 0
[ Info: 72_34: layer 2/2, base field no. 196/291, constructing abelian extensions
[ Info: 72_34: layer 2/2, base field no. 196/291, checking fields: 0
[ Info: 72_34: layer 2/2, base field no. 197/291, constructing abelian extensions
[ Info: 72_34: layer 2/2, base field no. 197/291, checking fields: 1
[ Info: 72_34: layer 2/2, base field no. 197/291, 1/1
[ Info: 72_34: layer 2/2, base field no. 198/291, constructing abelian extensions
[ Info: 72_34: layer 2/2, base field no. 198/291, checking fields: 0
[ Info: 72_34: layer 2/2, base field no. 199/291, constructing abelian extensions
[ Info: 72_34: layer 2/2, base field no. 199/291, checking fields: 0
[ Info: 72_34: layer 2/2, base field no. 200/291, constructing abelian extensions
[ Info: 72_34: layer 2/2, base field no. 200/291, checking fields: 0
[ Info: 72_34: layer 2/2, base field no. 201/291, constructing abelian extensions
[ Info: 72_34: layer 2/2, base field no. 201/291, checking fields: 0
[ Info: 72_34: layer 2/2, base field no. 202/291, constructing abelian extensions
[ Info: 72_34: layer 2/2, base field no. 202/291, checking fields: 0
[ Info: 72_34: layer 2/2, base field no. 203/291, constructing abelian extensions
[ Info: 72_34: layer 2/2, base field no. 203/291, checking fields: 0
[ Info: 72_34: layer 2/2, base field no. 204/291, constructing abelian extensions
[ Info: 72_34: layer 2/2, base field no. 204/291, checking fields: 0
[ Info: 72_34: layer 2/2, base field no. 205/291, constructing abelian extensions
[ Info: 72_34: layer 2/2, base field no. 205/291, checking fields: 0
[ Info: 72_34: layer 2/2, base field no. 206/291, constructing abelian extensions
[ Info: 72_34: layer 2/2, base field no. 206/291, checking fields: 0
[ Info: 72_34: layer 2/2, base field no. 207/291, constructing abelian extensions
[ Info: 72_34: layer 2/2, base field no. 207/291, checking fields: 1
[ Info: 72_34: layer 2/2, base field no. 207/291, 1/1
[ Info: 72_34: layer 2/2, base field no. 208/291, constructing abelian extensions
[ Info: 72_34: layer 2/2, base field no. 208/291, checking fields: 0
[ Info: 72_34: layer 2/2, base field no. 209/291, constructing abelian extensions
[ Info: 72_34: layer 2/2, base field no. 209/291, checking fields: 0
[ Info: 72_34: layer 2/2, base field no. 210/291, constructing abelian extensions
[ Info: 72_34: layer 2/2, base field no. 210/291, checking fields: 0
[ Info: 72_34: layer 2/2, base field no. 211/291, constructing abelian extensions
[ Info: 72_34: layer 2/2, base field no. 211/291, checking fields: 0
[ Info: 72_34: layer 2/2, base field no. 212/291, constructing abelian extensions
[ Info: 72_34: layer 2/2, base field no. 212/291, checking fields: 0
[ Info: 72_34: layer 2/2, base field no. 213/291, constructing abelian extensions
[ Info: 72_34: layer 2/2, base field no. 213/291, checking fields: 0
[ Info: 72_34: layer 2/2, base field no. 214/291, constructing abelian extensions
[ Info: 72_34: layer 2/2, base field no. 214/291, checking fields: 0
[ Info: 72_34: layer 2/2, base field no. 215/291, constructing abelian extensions
[ Info: 72_34: layer 2/2, base field no. 215/291, checking fields: 0
[ Info: 72_34: layer 2/2, base field no. 216/291, constructing abelian extensions
[ Info: 72_34: layer 2/2, base field no. 216/291, checking fields: 0
[ Info: 72_34: layer 2/2, base field no. 217/291, constructing abelian extensions
[ Info: 72_34: layer 2/2, base field no. 217/291, checking fields: 0
[ Info: 72_34: layer 2/2, base field no. 218/291, constructing abelian extensions
[ Info: 72_34: layer 2/2, base field no. 218/291, checking fields: 0
[ Info: 72_34: layer 2/2, base field no. 219/291, constructing abelian extensions
[ Info: 72_34: layer 2/2, base field no. 219/291, checking fields: 0
[ Info: 72_34: layer 2/2, base field no. 220/291, constructing abelian extensions
[ Info: 72_34: layer 2/2, base field no. 220/291, checking fields: 0
[ Info: 72_34: layer 2/2, base field no. 221/291, constructing abelian extensions
[ Info: 72_34: layer 2/2, base field no. 221/291, checking fields: 0
[ Info: 72_34: layer 2/2, base field no. 222/291, constructing abelian extensions
[ Info: 72_34: layer 2/2, base field no. 222/291, checking fields: 0
[ Info: 72_34: layer 2/2, base field no. 223/291, constructing abelian extensions
[ Info: 72_34: layer 2/2, base field no. 223/291, checking fields: 0
[ Info: 72_34: layer 2/2, base field no. 224/291, constructing abelian extensions
[ Info: 72_34: layer 2/2, base field no. 224/291, checking fields: 0
[ Info: 72_34: layer 2/2, base field no. 225/291, constructing abelian extensions
[ Info: 72_34: layer 2/2, base field no. 225/291, checking fields: 0
[ Info: 72_34: layer 2/2, base field no. 226/291, constructing abelian extensions
[ Info: 72_34: layer 2/2, base field no. 226/291, checking fields: 0
[ Info: 72_34: layer 2/2, base field no. 227/291, constructing abelian extensions
[ Info: 72_34: layer 2/2, base field no. 227/291, checking fields: 0
[ Info: 72_34: layer 2/2, base field no. 228/291, constructing abelian extensions
[ Info: 72_34: layer 2/2, base field no. 228/291, checking fields: 0
[ Info: 72_34: layer 2/2, base field no. 229/291, constructing abelian extensions
[ Info: 72_34: layer 2/2, base field no. 229/291, checking fields: 0
[ Info: 72_34: layer 2/2, base field no. 230/291, constructing abelian extensions
[ Info: 72_34: layer 2/2, base field no. 230/291, checking fields: 0
[ Info: 72_34: layer 2/2, base field no. 231/291, constructing abelian extensions
[ Info: 72_34: layer 2/2, base field no. 231/291, checking fields: 0
[ Info: 72_34: layer 2/2, base field no. 232/291, constructing abelian extensions
[ Info: 72_34: layer 2/2, base field no. 232/291, checking fields: 0
[ Info: 72_34: layer 2/2, base field no. 233/291, constructing abelian extensions
[ Info: 72_34: layer 2/2, base field no. 233/291, checking fields: 0
[ Info: 72_34: layer 2/2, base field no. 234/291, constructing abelian extensions
[ Info: 72_34: layer 2/2, base field no. 234/291, checking fields: 0
[ Info: 72_34: layer 2/2, base field no. 235/291, constructing abelian extensions
[ Info: 72_34: layer 2/2, base field no. 235/291, checking fields: 0
[ Info: 72_34: layer 2/2, base field no. 236/291, constructing abelian extensions
[ Info: 72_34: layer 2/2, base field no. 236/291, checking fields: 0
[ Info: 72_34: layer 2/2, base field no. 237/291, constructing abelian extensions
[ Info: 72_34: layer 2/2, base field no. 237/291, checking fields: 0
[ Info: 72_34: layer 2/2, base field no. 238/291, constructing abelian extensions
[ Info: 72_34: layer 2/2, base field no. 238/291, checking fields: 0
[ Info: 72_34: layer 2/2, base field no. 239/291, constructing abelian extensions
[ Info: 72_34: layer 2/2, base field no. 239/291, checking fields: 0
[ Info: 72_34: layer 2/2, base field no. 240/291, constructing abelian extensions
[ Info: 72_34: layer 2/2, base field no. 240/291, checking fields: 0
[ Info: 72_34: layer 2/2, base field no. 241/291, constructing abelian extensions
[ Info: 72_34: layer 2/2, base field no. 241/291, checking fields: 0
[ Info: 72_34: layer 2/2, base field no. 242/291, constructing abelian extensions
[ Info: 72_34: layer 2/2, base field no. 242/291, checking fields: 0
[ Info: 72_34: layer 2/2, base field no. 243/291, constructing abelian extensions
[ Info: 72_34: layer 2/2, base field no. 243/291, checking fields: 0
[ Info: 72_34: layer 2/2, base field no. 244/291, constructing abelian extensions
[ Info: 72_34: layer 2/2, base field no. 244/291, checking fields: 0
[ Info: 72_34: layer 2/2, base field no. 245/291, constructing abelian extensions
[ Info: 72_34: layer 2/2, base field no. 245/291, checking fields: 0
[ Info: 72_34: layer 2/2, base field no. 246/291, constructing abelian extensions
[ Info: 72_34: layer 2/2, base field no. 246/291, checking fields: 0
[ Info: 72_34: layer 2/2, base field no. 247/291, constructing abelian extensions
[ Info: 72_34: layer 2/2, base field no. 247/291, checking fields: 0
[ Info: 72_34: layer 2/2, base field no. 248/291, constructing abelian extensions
[ Info: 72_34: layer 2/2, base field no. 248/291, checking fields: 0
[ Info: 72_34: layer 2/2, base field no. 249/291, constructing abelian extensions
[ Info: 72_34: layer 2/2, base field no. 249/291, checking fields: 0
[ Info: 72_34: layer 2/2, base field no. 250/291, constructing abelian extensions
[ Info: 72_34: layer 2/2, base field no. 250/291, checking fields: 0
[ Info: 72_34: layer 2/2, base field no. 251/291, constructing abelian extensions
[ Info: 72_34: layer 2/2, base field no. 251/291, checking fields: 0
[ Info: 72_34: layer 2/2, base field no. 252/291, constructing abelian extensions
[ Info: 72_34: layer 2/2, base field no. 252/291, checking fields: 0
[ Info: 72_34: layer 2/2, base field no. 253/291, constructing abelian extensions
[ Info: 72_34: layer 2/2, base field no. 253/291, checking fields: 0
[ Info: 72_34: layer 2/2, base field no. 254/291, constructing abelian extensions
[ Info: 72_34: layer 2/2, base field no. 254/291, checking fields: 0
[ Info: 72_34: layer 2/2, base field no. 255/291, constructing abelian extensions
[ Info: 72_34: layer 2/2, base field no. 255/291, checking fields: 0
[ Info: 72_34: layer 2/2, base field no. 256/291, constructing abelian extensions
[ Info: 72_34: layer 2/2, base field no. 256/291, checking fields: 0
[ Info: 72_34: layer 2/2, base field no. 257/291, constructing abelian extensions
[ Info: 72_34: layer 2/2, base field no. 257/291, checking fields: 0
[ Info: 72_34: layer 2/2, base field no. 258/291, constructing abelian extensions
[ Info: 72_34: layer 2/2, base field no. 258/291, checking fields: 0
[ Info: 72_34: layer 2/2, base field no. 259/291, constructing abelian extensions
[ Info: 72_34: layer 2/2, base field no. 259/291, checking fields: 0
[ Info: 72_34: layer 2/2, base field no. 260/291, constructing abelian extensions
[ Info: 72_34: layer 2/2, base field no. 260/291, checking fields: 0
[ Info: 72_34: layer 2/2, base field no. 261/291, constructing abelian extensions
[ Info: 72_34: layer 2/2, base field no. 261/291, checking fields: 0
[ Info: 72_34: layer 2/2, base field no. 262/291, constructing abelian extensions
[ Info: 72_34: layer 2/2, base field no. 262/291, checking fields: 0
[ Info: 72_34: layer 2/2, base field no. 263/291, constructing abelian extensions
[ Info: 72_34: layer 2/2, base field no. 263/291, checking fields: 0
[ Info: 72_34: layer 2/2, base field no. 264/291, constructing abelian extensions
[ Info: 72_34: layer 2/2, base field no. 264/291, checking fields: 0
[ Info: 72_34: layer 2/2, base field no. 265/291, constructing abelian extensions
[ Info: 72_34: layer 2/2, base field no. 265/291, checking fields: 0
[ Info: 72_34: layer 2/2, base field no. 266/291, constructing abelian extensions
[ Info: 72_34: layer 2/2, base field no. 266/291, checking fields: 0
[ Info: 72_34: layer 2/2, base field no. 267/291, constructing abelian extensions
[ Info: 72_34: layer 2/2, base field no. 267/291, checking fields: 0
[ Info: 72_34: layer 2/2, base field no. 268/291, constructing abelian extensions
[ Info: 72_34: layer 2/2, base field no. 268/291, checking fields: 0
[ Info: 72_34: layer 2/2, base field no. 269/291, constructing abelian extensions
[ Info: 72_34: layer 2/2, base field no. 269/291, checking fields: 0
[ Info: 72_34: layer 2/2, base field no. 270/291, constructing abelian extensions
[ Info: 72_34: layer 2/2, base field no. 270/291, checking fields: 0
[ Info: 72_34: layer 2/2, base field no. 271/291, constructing abelian extensions
[ Info: 72_34: layer 2/2, base field no. 271/291, checking fields: 0
[ Info: 72_34: layer 2/2, base field no. 272/291, constructing abelian extensions
[ Info: 72_34: layer 2/2, base field no. 272/291, checking fields: 0
[ Info: 72_34: layer 2/2, base field no. 273/291, constructing abelian extensions
[ Info: 72_34: layer 2/2, base field no. 273/291, checking fields: 0
[ Info: 72_34: layer 2/2, base field no. 274/291, constructing abelian extensions
[ Info: 72_34: layer 2/2, base field no. 274/291, checking fields: 0
[ Info: 72_34: layer 2/2, base field no. 275/291, constructing abelian extensions
[ Info: 72_34: layer 2/2, base field no. 275/291, checking fields: 0
[ Info: 72_34: layer 2/2, base field no. 276/291, constructing abelian extensions
[ Info: 72_34: layer 2/2, base field no. 276/291, checking fields: 0
[ Info: 72_34: layer 2/2, base field no. 277/291, constructing abelian extensions
[ Info: 72_34: layer 2/2, base field no. 277/291, checking fields: 0
[ Info: 72_34: layer 2/2, base field no. 278/291, constructing abelian extensions
[ Info: 72_34: layer 2/2, base field no. 278/291, checking fields: 0
[ Info: 72_34: layer 2/2, base field no. 279/291, constructing abelian extensions
[ Info: 72_34: layer 2/2, base field no. 279/291, checking fields: 0
[ Info: 72_34: layer 2/2, base field no. 280/291, constructing abelian extensions
[ Info: 72_34: layer 2/2, base field no. 280/291, checking fields: 0
[ Info: 72_34: layer 2/2, base field no. 281/291, constructing abelian extensions
[ Info: 72_34: layer 2/2, base field no. 281/291, checking fields: 0
[ Info: 72_34: layer 2/2, base field no. 282/291, constructing abelian extensions
[ Info: 72_34: layer 2/2, base field no. 282/291, checking fields: 0
[ Info: 72_34: layer 2/2, base field no. 283/291, constructing abelian extensions
[ Info: 72_34: layer 2/2, base field no. 283/291, checking fields: 0
[ Info: 72_34: layer 2/2, base field no. 284/291, constructing abelian extensions
[ Info: 72_34: layer 2/2, base field no. 284/291, checking fields: 0
[ Info: 72_34: layer 2/2, base field no. 285/291, constructing abelian extensions
[ Info: 72_34: layer 2/2, base field no. 285/291, checking fields: 0
[ Info: 72_34: layer 2/2, base field no. 286/291, constructing abelian extensions
[ Info: 72_34: layer 2/2, base field no. 286/291, checking fields: 0
[ Info: 72_34: layer 2/2, base field no. 287/291, constructing abelian extensions
[ Info: 72_34: layer 2/2, base field no. 287/291, checking fields: 0
[ Info: 72_34: layer 2/2, base field no. 288/291, constructing abelian extensions
[ Info: 72_34: layer 2/2, base field no. 288/291, checking fields: 0
[ Info: 72_34: layer 2/2, base field no. 289/291, constructing abelian extensions
[ Info: 72_34: layer 2/2, base field no. 289/291, checking fields: 0
[ Info: 72_34: layer 2/2, base field no. 290/291, constructing abelian extensions
[ Info: 72_34: layer 2/2, base field no. 290/291, checking fields: 0
[ Info: 72_34: layer 2/2, base field no. 291/291, constructing abelian extensions
[ Info: 72_34: layer 2/2, base field no. 291/291, checking fields: 3
[ Info: 72_34: layer 2/2, base field no. 291/291, 1/3
[ Info: 72_34: layer 2/2, base field no. 291/291, 2/3
[ Info: 72_34: layer 2/2, base field no. 291/291, 3/3
8585.467033 seconds (12.16 G allocations: 4.092 TiB, 3.02% gc time, 0.15% compilation time: 2% of which was recompilation)
