[ Info: 72_29: File for first layer does not exist; computing [2, 12]...
[ Info: 72_29: Discriminant bound: 21544346900318837217843613386241841561600
[ Info: 72_29: Computing simplified defining polynomials for fields and sieving bad CM-fields
[ Info: 72_29: 1/92
[ Info: 72_29: 2/92
[ Info: 72_29: 3/92
[ Info: 72_29: 4/92
[ Info: 72_29: 5/92
[ Info: 72_29: 6/92
[ Info: 72_29: 7/92
[ Info: 72_29: 8/92
[ Info: 72_29: 9/92
[ Info: 72_29: 10/92
[ Info: 72_29: 11/92
[ Info: 72_29: 12/92
[ Info: 72_29: 13/92
[ Info: 72_29: 14/92
[ Info: 72_29: 15/92
[ Info: 72_29: 16/92
[ Info: 72_29: 17/92
[ Info: 72_29: 18/92
[ Info: 72_29: 19/92
[ Info: 72_29: 20/92
[ Info: 72_29: 21/92
[ Info: 72_29: 22/92
[ Info: 72_29: 23/92
[ Info: 72_29: 24/92
[ Info: 72_29: 25/92
[ Info: 72_29: 26/92
[ Info: 72_29: 27/92
[ Info: 72_29: 28/92
[ Info: 72_29: 29/92
[ Info: 72_29: 30/92
[ Info: 72_29: 31/92
[ Info: 72_29: 32/92
[ Info: 72_29: 33/92
[ Info: 72_29: 34/92
[ Info: 72_29: 35/92
[ Info: 72_29: 36/92
[ Info: 72_29: 37/92
[ Info: 72_29: 38/92
[ Info: 72_29: 39/92
[ Info: 72_29: 40/92
[ Info: 72_29: 41/92
[ Info: 72_29: 42/92
[ Info: 72_29: 43/92
[ Info: 72_29: 44/92
[ Info: 72_29: 45/92
[ Info: 72_29: 46/92
[ Info: 72_29: 47/92
[ Info: 72_29: 48/92
[ Info: 72_29: 49/92
[ Info: 72_29: 50/92
[ Info: 72_29: 51/92
[ Info: 72_29: 52/92
[ Info: 72_29: 53/92
[ Info: 72_29: 54/92
[ Info: 72_29: 55/92
[ Info: 72_29: 56/92
[ Info: 72_29: 57/92
[ Info: 72_29: 58/92
[ Info: 72_29: 59/92
[ Info: 72_29: 60/92
[ Info: 72_29: 61/92
[ Info: 72_29: 62/92
[ Info: 72_29: 63/92
[ Info: 72_29: 64/92
[ Info: 72_29: 65/92
[ Info: 72_29: 66/92
[ Info: 72_29: 67/92
[ Info: 72_29: 68/92
[ Info: 72_29: 69/92
[ Info: 72_29: 70/92
[ Info: 72_29: 71/92
[ Info: 72_29: 72/92
[ Info: 72_29: 73/92
[ Info: 72_29: 74/92
[ Info: 72_29: 75/92
[ Info: 72_29: 76/92
[ Info: 72_29: 77/92
[ Info: 72_29: 78/92
[ Info: 72_29: 79/92
[ Info: 72_29: 80/92
[ Info: 72_29: 81/92
[ Info: 72_29: 82/92
[ Info: 72_29: 83/92
[ Info: 72_29: 84/92
[ Info: 72_29: 85/92
[ Info: 72_29: 86/92
[ Info: 72_29: 87/92
[ Info: 72_29: 88/92
[ Info: 72_29: 89/92
[ Info: 72_29: 90/92
[ Info: 72_29: 91/92
[ Info: 72_29: 92/92
[ Info: 72_29: layer 2/2, base field no. 1/19, constructing abelian extensions
[ Info: 72_29: layer 2/2, base field no. 1/19, checking fields: 9
[ Info: 72_29: layer 2/2, base field no. 1/19, 1/9
[ Info: 72_29: layer 2/2, base field no. 1/19, 2/9
[ Info: 72_29: layer 2/2, base field no. 1/19, 3/9
[ Info: 72_29: layer 2/2, base field no. 1/19, 4/9
[ Info: 72_29: layer 2/2, base field no. 1/19, 5/9
[ Info: 72_29: layer 2/2, base field no. 1/19, 6/9
[ Info: 72_29: layer 2/2, base field no. 1/19, 7/9
[ Info: 72_29: layer 2/2, base field no. 1/19, 8/9
[ Info: 72_29: layer 2/2, base field no. 1/19, 9/9
[ Info: 72_29: layer 2/2, base field no. 2/19, constructing abelian extensions
[ Info: 72_29: layer 2/2, base field no. 2/19, checking fields: 0
[ Info: 72_29: layer 2/2, base field no. 3/19, constructing abelian extensions
[ Info: 72_29: layer 2/2, base field no. 3/19, checking fields: 0
[ Info: 72_29: layer 2/2, base field no. 4/19, constructing abelian extensions
[ Info: 72_29: layer 2/2, base field no. 4/19, checking fields: 0
[ Info: 72_29: layer 2/2, base field no. 5/19, constructing abelian extensions
[ Info: 72_29: layer 2/2, base field no. 5/19, checking fields: 3
[ Info: 72_29: layer 2/2, base field no. 5/19, 1/3
[ Info: 72_29: layer 2/2, base field no. 5/19, 2/3
[ Info: 72_29: layer 2/2, base field no. 5/19, 3/3
[ Info: 72_29: layer 2/2, base field no. 6/19, constructing abelian extensions
[ Info: 72_29: layer 2/2, base field no. 6/19, checking fields: 0
[ Info: 72_29: layer 2/2, base field no. 7/19, constructing abelian extensions
[ Info: 72_29: layer 2/2, base field no. 7/19, checking fields: 2
[ Info: 72_29: layer 2/2, base field no. 7/19, 1/2
[ Info: 72_29: layer 2/2, base field no. 7/19, 2/2
[ Info: 72_29: layer 2/2, base field no. 8/19, constructing abelian extensions
[ Info: 72_29: layer 2/2, base field no. 8/19, checking fields: 0
[ Info: 72_29: layer 2/2, base field no. 9/19, constructing abelian extensions
[ Info: 72_29: layer 2/2, base field no. 9/19, checking fields: 0
[ Info: 72_29: layer 2/2, base field no. 10/19, constructing abelian extensions
[ Info: 72_29: layer 2/2, base field no. 10/19, checking fields: 0
[ Info: 72_29: layer 2/2, base field no. 11/19, constructing abelian extensions
[ Info: 72_29: layer 2/2, base field no. 11/19, checking fields: 6
[ Info: 72_29: layer 2/2, base field no. 11/19, 1/6
[ Info: 72_29: layer 2/2, base field no. 11/19, 2/6
[ Info: 72_29: layer 2/2, base field no. 11/19, 3/6
[ Info: 72_29: layer 2/2, base field no. 11/19, 4/6
[ Info: 72_29: layer 2/2, base field no. 11/19, 5/6
[ Info: 72_29: layer 2/2, base field no. 11/19, 6/6
[ Info: 72_29: layer 2/2, base field no. 12/19, constructing abelian extensions
[ Info: 72_29: layer 2/2, base field no. 12/19, checking fields: 0
[ Info: 72_29: layer 2/2, base field no. 13/19, constructing abelian extensions
[ Info: 72_29: layer 2/2, base field no. 13/19, checking fields: 0
[ Info: 72_29: layer 2/2, base field no. 14/19, constructing abelian extensions
[ Info: 72_29: layer 2/2, base field no. 14/19, checking fields: 0
[ Info: 72_29: layer 2/2, base field no. 15/19, constructing abelian extensions
[ Info: 72_29: layer 2/2, base field no. 15/19, checking fields: 0
[ Info: 72_29: layer 2/2, base field no. 16/19, constructing abelian extensions
[ Info: 72_29: layer 2/2, base field no. 16/19, checking fields: 0
[ Info: 72_29: layer 2/2, base field no. 17/19, constructing abelian extensions
[ Info: 72_29: layer 2/2, base field no. 17/19, checking fields: 0
[ Info: 72_29: layer 2/2, base field no. 18/19, constructing abelian extensions
[ Info: 72_29: layer 2/2, base field no. 18/19, checking fields: 0
[ Info: 72_29: layer 2/2, base field no. 19/19, constructing abelian extensions
[ Info: 72_29: layer 2/2, base field no. 19/19, checking fields: 0
2178.639103 seconds (4.98 G allocations: 452.453 GiB, 8.58% gc time, 1.52% compilation time: <1% of which was recompilation)
