[ Info: 72_45: File for first layer does not exist; computing [2, 4]...
[ Info: 72_45: Discriminant bound: 27825594022072
[ Info: 72_45: Computing simplified defining polynomials for fields and sieving bad CM-fields
[ Info: 72_45: 1/686
[ Info: 72_45: 2/686
[ Info: 72_45: 3/686
[ Info: 72_45: 4/686
[ Info: 72_45: 5/686
[ Info: 72_45: 6/686
[ Info: 72_45: 7/686
[ Info: 72_45: 8/686
[ Info: 72_45: 9/686
[ Info: 72_45: 10/686
[ Info: 72_45: 11/686
[ Info: 72_45: 12/686
[ Info: 72_45: 13/686
[ Info: 72_45: 14/686
[ Info: 72_45: 15/686
[ Info: 72_45: 16/686
[ Info: 72_45: 17/686
[ Info: 72_45: 18/686
[ Info: 72_45: 19/686
[ Info: 72_45: 20/686
[ Info: 72_45: 21/686
[ Info: 72_45: 22/686
[ Info: 72_45: 23/686
[ Info: 72_45: 24/686
[ Info: 72_45: 25/686
[ Info: 72_45: 26/686
[ Info: 72_45: 27/686
[ Info: 72_45: 28/686
[ Info: 72_45: 29/686
[ Info: 72_45: 30/686
[ Info: 72_45: 31/686
[ Info: 72_45: 32/686
[ Info: 72_45: 33/686
[ Info: 72_45: 34/686
[ Info: 72_45: 35/686
[ Info: 72_45: 36/686
[ Info: 72_45: 37/686
[ Info: 72_45: 38/686
[ Info: 72_45: 39/686
[ Info: 72_45: 40/686
[ Info: 72_45: 41/686
[ Info: 72_45: 42/686
[ Info: 72_45: 43/686
[ Info: 72_45: 44/686
[ Info: 72_45: 45/686
[ Info: 72_45: 46/686
[ Info: 72_45: 47/686
[ Info: 72_45: 48/686
[ Info: 72_45: 49/686
[ Info: 72_45: 50/686
[ Info: 72_45: 51/686
[ Info: 72_45: 52/686
[ Info: 72_45: 53/686
[ Info: 72_45: 54/686
[ Info: 72_45: 55/686
[ Info: 72_45: 56/686
[ Info: 72_45: 57/686
[ Info: 72_45: 58/686
[ Info: 72_45: 59/686
[ Info: 72_45: 60/686
[ Info: 72_45: 61/686
[ Info: 72_45: 62/686
[ Info: 72_45: 63/686
[ Info: 72_45: 64/686
[ Info: 72_45: 65/686
[ Info: 72_45: 66/686
[ Info: 72_45: 67/686
[ Info: 72_45: 68/686
[ Info: 72_45: 69/686
[ Info: 72_45: 70/686
[ Info: 72_45: 71/686
[ Info: 72_45: 72/686
[ Info: 72_45: 73/686
[ Info: 72_45: 74/686
[ Info: 72_45: 75/686
[ Info: 72_45: 76/686
[ Info: 72_45: 77/686
[ Info: 72_45: 78/686
[ Info: 72_45: 79/686
[ Info: 72_45: 80/686
[ Info: 72_45: 81/686
[ Info: 72_45: 82/686
[ Info: 72_45: 83/686
[ Info: 72_45: 84/686
[ Info: 72_45: 85/686
[ Info: 72_45: 86/686
[ Info: 72_45: 87/686
[ Info: 72_45: 88/686
[ Info: 72_45: 89/686
[ Info: 72_45: 90/686
[ Info: 72_45: 91/686
[ Info: 72_45: 92/686
[ Info: 72_45: 93/686
[ Info: 72_45: 94/686
[ Info: 72_45: 95/686
[ Info: 72_45: 96/686
[ Info: 72_45: 97/686
[ Info: 72_45: 98/686
[ Info: 72_45: 99/686
[ Info: 72_45: 100/686
[ Info: 72_45: 101/686
[ Info: 72_45: 102/686
[ Info: 72_45: 103/686
[ Info: 72_45: 104/686
[ Info: 72_45: 105/686
[ Info: 72_45: 106/686
[ Info: 72_45: 107/686
[ Info: 72_45: 108/686
[ Info: 72_45: 109/686
[ Info: 72_45: 110/686
[ Info: 72_45: 111/686
[ Info: 72_45: 112/686
[ Info: 72_45: 113/686
[ Info: 72_45: 114/686
[ Info: 72_45: 115/686
[ Info: 72_45: 116/686
[ Info: 72_45: 117/686
[ Info: 72_45: 118/686
[ Info: 72_45: 119/686
[ Info: 72_45: 120/686
[ Info: 72_45: 121/686
[ Info: 72_45: 122/686
[ Info: 72_45: 123/686
[ Info: 72_45: 124/686
[ Info: 72_45: 125/686
[ Info: 72_45: 126/686
[ Info: 72_45: 127/686
[ Info: 72_45: 128/686
[ Info: 72_45: 129/686
[ Info: 72_45: 130/686
[ Info: 72_45: 131/686
[ Info: 72_45: 132/686
[ Info: 72_45: 133/686
[ Info: 72_45: 134/686
[ Info: 72_45: 135/686
[ Info: 72_45: 136/686
[ Info: 72_45: 137/686
[ Info: 72_45: 138/686
[ Info: 72_45: 139/686
[ Info: 72_45: 140/686
[ Info: 72_45: 141/686
[ Info: 72_45: 142/686
[ Info: 72_45: 143/686
[ Info: 72_45: 144/686
[ Info: 72_45: 145/686
[ Info: 72_45: 146/686
[ Info: 72_45: 147/686
[ Info: 72_45: 148/686
[ Info: 72_45: 149/686
[ Info: 72_45: 150/686
[ Info: 72_45: 151/686
[ Info: 72_45: 152/686
[ Info: 72_45: 153/686
[ Info: 72_45: 154/686
[ Info: 72_45: 155/686
[ Info: 72_45: 156/686
[ Info: 72_45: 157/686
[ Info: 72_45: 158/686
[ Info: 72_45: 159/686
[ Info: 72_45: 160/686
[ Info: 72_45: 161/686
[ Info: 72_45: 162/686
[ Info: 72_45: 163/686
[ Info: 72_45: 164/686
[ Info: 72_45: 165/686
[ Info: 72_45: 166/686
[ Info: 72_45: 167/686
[ Info: 72_45: 168/686
[ Info: 72_45: 169/686
[ Info: 72_45: 170/686
[ Info: 72_45: 171/686
[ Info: 72_45: 172/686
[ Info: 72_45: 173/686
[ Info: 72_45: 174/686
[ Info: 72_45: 175/686
[ Info: 72_45: 176/686
[ Info: 72_45: 177/686
[ Info: 72_45: 178/686
[ Info: 72_45: 179/686
[ Info: 72_45: 180/686
[ Info: 72_45: 181/686
[ Info: 72_45: 182/686
[ Info: 72_45: 183/686
[ Info: 72_45: 184/686
[ Info: 72_45: 185/686
[ Info: 72_45: 186/686
[ Info: 72_45: 187/686
[ Info: 72_45: 188/686
[ Info: 72_45: 189/686
[ Info: 72_45: 190/686
[ Info: 72_45: 191/686
[ Info: 72_45: 192/686
[ Info: 72_45: 193/686
[ Info: 72_45: 194/686
[ Info: 72_45: 195/686
[ Info: 72_45: 196/686
[ Info: 72_45: 197/686
[ Info: 72_45: 198/686
[ Info: 72_45: 199/686
[ Info: 72_45: 200/686
[ Info: 72_45: 201/686
[ Info: 72_45: 202/686
[ Info: 72_45: 203/686
[ Info: 72_45: 204/686
[ Info: 72_45: 205/686
[ Info: 72_45: 206/686
[ Info: 72_45: 207/686
[ Info: 72_45: 208/686
[ Info: 72_45: 209/686
[ Info: 72_45: 210/686
[ Info: 72_45: 211/686
[ Info: 72_45: 212/686
[ Info: 72_45: 213/686
[ Info: 72_45: 214/686
[ Info: 72_45: 215/686
[ Info: 72_45: 216/686
[ Info: 72_45: 217/686
[ Info: 72_45: 218/686
[ Info: 72_45: 219/686
[ Info: 72_45: 220/686
[ Info: 72_45: 221/686
[ Info: 72_45: 222/686
[ Info: 72_45: 223/686
[ Info: 72_45: 224/686
[ Info: 72_45: 225/686
[ Info: 72_45: 226/686
[ Info: 72_45: 227/686
[ Info: 72_45: 228/686
[ Info: 72_45: 229/686
[ Info: 72_45: 230/686
[ Info: 72_45: 231/686
[ Info: 72_45: 232/686
[ Info: 72_45: 233/686
[ Info: 72_45: 234/686
[ Info: 72_45: 235/686
[ Info: 72_45: 236/686
[ Info: 72_45: 237/686
[ Info: 72_45: 238/686
[ Info: 72_45: 239/686
[ Info: 72_45: 240/686
[ Info: 72_45: 241/686
[ Info: 72_45: 242/686
[ Info: 72_45: 243/686
[ Info: 72_45: 244/686
[ Info: 72_45: 245/686
[ Info: 72_45: 246/686
[ Info: 72_45: 247/686
[ Info: 72_45: 248/686
[ Info: 72_45: 249/686
[ Info: 72_45: 250/686
[ Info: 72_45: 251/686
[ Info: 72_45: 252/686
[ Info: 72_45: 253/686
[ Info: 72_45: 254/686
[ Info: 72_45: 255/686
[ Info: 72_45: 256/686
[ Info: 72_45: 257/686
[ Info: 72_45: 258/686
[ Info: 72_45: 259/686
[ Info: 72_45: 260/686
[ Info: 72_45: 261/686
[ Info: 72_45: 262/686
[ Info: 72_45: 263/686
[ Info: 72_45: 264/686
[ Info: 72_45: 265/686
[ Info: 72_45: 266/686
[ Info: 72_45: 267/686
[ Info: 72_45: 268/686
[ Info: 72_45: 269/686
[ Info: 72_45: 270/686
[ Info: 72_45: 271/686
[ Info: 72_45: 272/686
[ Info: 72_45: 273/686
[ Info: 72_45: 274/686
[ Info: 72_45: 275/686
[ Info: 72_45: 276/686
[ Info: 72_45: 277/686
[ Info: 72_45: 278/686
[ Info: 72_45: 279/686
[ Info: 72_45: 280/686
[ Info: 72_45: 281/686
[ Info: 72_45: 282/686
[ Info: 72_45: 283/686
[ Info: 72_45: 284/686
[ Info: 72_45: 285/686
[ Info: 72_45: 286/686
[ Info: 72_45: 287/686
[ Info: 72_45: 288/686
[ Info: 72_45: 289/686
[ Info: 72_45: 290/686
[ Info: 72_45: 291/686
[ Info: 72_45: 292/686
[ Info: 72_45: 293/686
[ Info: 72_45: 294/686
[ Info: 72_45: 295/686
[ Info: 72_45: 296/686
[ Info: 72_45: 297/686
[ Info: 72_45: 298/686
[ Info: 72_45: 299/686
[ Info: 72_45: 300/686
[ Info: 72_45: 301/686
[ Info: 72_45: 302/686
[ Info: 72_45: 303/686
[ Info: 72_45: 304/686
[ Info: 72_45: 305/686
[ Info: 72_45: 306/686
[ Info: 72_45: 307/686
[ Info: 72_45: 308/686
[ Info: 72_45: 309/686
[ Info: 72_45: 310/686
[ Info: 72_45: 311/686
[ Info: 72_45: 312/686
[ Info: 72_45: 313/686
[ Info: 72_45: 314/686
[ Info: 72_45: 315/686
[ Info: 72_45: 316/686
[ Info: 72_45: 317/686
[ Info: 72_45: 318/686
[ Info: 72_45: 319/686
[ Info: 72_45: 320/686
[ Info: 72_45: 321/686
[ Info: 72_45: 322/686
[ Info: 72_45: 323/686
[ Info: 72_45: 324/686
[ Info: 72_45: 325/686
[ Info: 72_45: 326/686
[ Info: 72_45: 327/686
[ Info: 72_45: 328/686
[ Info: 72_45: 329/686
[ Info: 72_45: 330/686
[ Info: 72_45: 331/686
[ Info: 72_45: 332/686
[ Info: 72_45: 333/686
[ Info: 72_45: 334/686
[ Info: 72_45: 335/686
[ Info: 72_45: 336/686
[ Info: 72_45: 337/686
[ Info: 72_45: 338/686
[ Info: 72_45: 339/686
[ Info: 72_45: 340/686
[ Info: 72_45: 341/686
[ Info: 72_45: 342/686
[ Info: 72_45: 343/686
[ Info: 72_45: 344/686
[ Info: 72_45: 345/686
[ Info: 72_45: 346/686
[ Info: 72_45: 347/686
[ Info: 72_45: 348/686
[ Info: 72_45: 349/686
[ Info: 72_45: 350/686
[ Info: 72_45: 351/686
[ Info: 72_45: 352/686
[ Info: 72_45: 353/686
[ Info: 72_45: 354/686
[ Info: 72_45: 355/686
[ Info: 72_45: 356/686
[ Info: 72_45: 357/686
[ Info: 72_45: 358/686
[ Info: 72_45: 359/686
[ Info: 72_45: 360/686
[ Info: 72_45: 361/686
[ Info: 72_45: 362/686
[ Info: 72_45: 363/686
[ Info: 72_45: 364/686
[ Info: 72_45: 365/686
[ Info: 72_45: 366/686
[ Info: 72_45: 367/686
[ Info: 72_45: 368/686
[ Info: 72_45: 369/686
[ Info: 72_45: 370/686
[ Info: 72_45: 371/686
[ Info: 72_45: 372/686
[ Info: 72_45: 373/686
[ Info: 72_45: 374/686
[ Info: 72_45: 375/686
[ Info: 72_45: 376/686
[ Info: 72_45: 377/686
[ Info: 72_45: 378/686
[ Info: 72_45: 379/686
[ Info: 72_45: 380/686
[ Info: 72_45: 381/686
[ Info: 72_45: 382/686
[ Info: 72_45: 383/686
[ Info: 72_45: 384/686
[ Info: 72_45: 385/686
[ Info: 72_45: 386/686
[ Info: 72_45: 387/686
[ Info: 72_45: 388/686
[ Info: 72_45: 389/686
[ Info: 72_45: 390/686
[ Info: 72_45: 391/686
[ Info: 72_45: 392/686
[ Info: 72_45: 393/686
[ Info: 72_45: 394/686
[ Info: 72_45: 395/686
[ Info: 72_45: 396/686
[ Info: 72_45: 397/686
[ Info: 72_45: 398/686
[ Info: 72_45: 399/686
[ Info: 72_45: 400/686
[ Info: 72_45: 401/686
[ Info: 72_45: 402/686
[ Info: 72_45: 403/686
[ Info: 72_45: 404/686
[ Info: 72_45: 405/686
[ Info: 72_45: 406/686
[ Info: 72_45: 407/686
[ Info: 72_45: 408/686
[ Info: 72_45: 409/686
[ Info: 72_45: 410/686
[ Info: 72_45: 411/686
[ Info: 72_45: 412/686
[ Info: 72_45: 413/686
[ Info: 72_45: 414/686
[ Info: 72_45: 415/686
[ Info: 72_45: 416/686
[ Info: 72_45: 417/686
[ Info: 72_45: 418/686
[ Info: 72_45: 419/686
[ Info: 72_45: 420/686
[ Info: 72_45: 421/686
[ Info: 72_45: 422/686
[ Info: 72_45: 423/686
[ Info: 72_45: 424/686
[ Info: 72_45: 425/686
[ Info: 72_45: 426/686
[ Info: 72_45: 427/686
[ Info: 72_45: 428/686
[ Info: 72_45: 429/686
[ Info: 72_45: 430/686
[ Info: 72_45: 431/686
[ Info: 72_45: 432/686
[ Info: 72_45: 433/686
[ Info: 72_45: 434/686
[ Info: 72_45: 435/686
[ Info: 72_45: 436/686
[ Info: 72_45: 437/686
[ Info: 72_45: 438/686
[ Info: 72_45: 439/686
[ Info: 72_45: 440/686
[ Info: 72_45: 441/686
[ Info: 72_45: 442/686
[ Info: 72_45: 443/686
[ Info: 72_45: 444/686
[ Info: 72_45: 445/686
[ Info: 72_45: 446/686
[ Info: 72_45: 447/686
[ Info: 72_45: 448/686
[ Info: 72_45: 449/686
[ Info: 72_45: 450/686
[ Info: 72_45: 451/686
[ Info: 72_45: 452/686
[ Info: 72_45: 453/686
[ Info: 72_45: 454/686
[ Info: 72_45: 455/686
[ Info: 72_45: 456/686
[ Info: 72_45: 457/686
[ Info: 72_45: 458/686
[ Info: 72_45: 459/686
[ Info: 72_45: 460/686
[ Info: 72_45: 461/686
[ Info: 72_45: 462/686
[ Info: 72_45: 463/686
[ Info: 72_45: 464/686
[ Info: 72_45: 465/686
[ Info: 72_45: 466/686
[ Info: 72_45: 467/686
[ Info: 72_45: 468/686
[ Info: 72_45: 469/686
[ Info: 72_45: 470/686
[ Info: 72_45: 471/686
[ Info: 72_45: 472/686
[ Info: 72_45: 473/686
[ Info: 72_45: 474/686
[ Info: 72_45: 475/686
[ Info: 72_45: 476/686
[ Info: 72_45: 477/686
[ Info: 72_45: 478/686
[ Info: 72_45: 479/686
[ Info: 72_45: 480/686
[ Info: 72_45: 481/686
[ Info: 72_45: 482/686
[ Info: 72_45: 483/686
[ Info: 72_45: 484/686
[ Info: 72_45: 485/686
[ Info: 72_45: 486/686
[ Info: 72_45: 487/686
[ Info: 72_45: 488/686
[ Info: 72_45: 489/686
[ Info: 72_45: 490/686
[ Info: 72_45: 491/686
[ Info: 72_45: 492/686
[ Info: 72_45: 493/686
[ Info: 72_45: 494/686
[ Info: 72_45: 495/686
[ Info: 72_45: 496/686
[ Info: 72_45: 497/686
[ Info: 72_45: 498/686
[ Info: 72_45: 499/686
[ Info: 72_45: 500/686
[ Info: 72_45: 501/686
[ Info: 72_45: 502/686
[ Info: 72_45: 503/686
[ Info: 72_45: 504/686
[ Info: 72_45: 505/686
[ Info: 72_45: 506/686
[ Info: 72_45: 507/686
[ Info: 72_45: 508/686
[ Info: 72_45: 509/686
[ Info: 72_45: 510/686
[ Info: 72_45: 511/686
[ Info: 72_45: 512/686
[ Info: 72_45: 513/686
[ Info: 72_45: 514/686
[ Info: 72_45: 515/686
[ Info: 72_45: 516/686
[ Info: 72_45: 517/686
[ Info: 72_45: 518/686
[ Info: 72_45: 519/686
[ Info: 72_45: 520/686
[ Info: 72_45: 521/686
[ Info: 72_45: 522/686
[ Info: 72_45: 523/686
[ Info: 72_45: 524/686
[ Info: 72_45: 525/686
[ Info: 72_45: 526/686
[ Info: 72_45: 527/686
[ Info: 72_45: 528/686
[ Info: 72_45: 529/686
[ Info: 72_45: 530/686
[ Info: 72_45: 531/686
[ Info: 72_45: 532/686
[ Info: 72_45: 533/686
[ Info: 72_45: 534/686
[ Info: 72_45: 535/686
[ Info: 72_45: 536/686
[ Info: 72_45: 537/686
[ Info: 72_45: 538/686
[ Info: 72_45: 539/686
[ Info: 72_45: 540/686
[ Info: 72_45: 541/686
[ Info: 72_45: 542/686
[ Info: 72_45: 543/686
[ Info: 72_45: 544/686
[ Info: 72_45: 545/686
[ Info: 72_45: 546/686
[ Info: 72_45: 547/686
[ Info: 72_45: 548/686
[ Info: 72_45: 549/686
[ Info: 72_45: 550/686
[ Info: 72_45: 551/686
[ Info: 72_45: 552/686
[ Info: 72_45: 553/686
[ Info: 72_45: 554/686
[ Info: 72_45: 555/686
[ Info: 72_45: 556/686
[ Info: 72_45: 557/686
[ Info: 72_45: 558/686
[ Info: 72_45: 559/686
[ Info: 72_45: 560/686
[ Info: 72_45: 561/686
[ Info: 72_45: 562/686
[ Info: 72_45: 563/686
[ Info: 72_45: 564/686
[ Info: 72_45: 565/686
[ Info: 72_45: 566/686
[ Info: 72_45: 567/686
[ Info: 72_45: 568/686
[ Info: 72_45: 569/686
[ Info: 72_45: 570/686
[ Info: 72_45: 571/686
[ Info: 72_45: 572/686
[ Info: 72_45: 573/686
[ Info: 72_45: 574/686
[ Info: 72_45: 575/686
[ Info: 72_45: 576/686
[ Info: 72_45: 577/686
[ Info: 72_45: 578/686
[ Info: 72_45: 579/686
[ Info: 72_45: 580/686
[ Info: 72_45: 581/686
[ Info: 72_45: 582/686
[ Info: 72_45: 583/686
[ Info: 72_45: 584/686
[ Info: 72_45: 585/686
[ Info: 72_45: 586/686
[ Info: 72_45: 587/686
[ Info: 72_45: 588/686
[ Info: 72_45: 589/686
[ Info: 72_45: 590/686
[ Info: 72_45: 591/686
[ Info: 72_45: 592/686
[ Info: 72_45: 593/686
[ Info: 72_45: 594/686
[ Info: 72_45: 595/686
[ Info: 72_45: 596/686
[ Info: 72_45: 597/686
[ Info: 72_45: 598/686
[ Info: 72_45: 599/686
[ Info: 72_45: 600/686
[ Info: 72_45: 601/686
[ Info: 72_45: 602/686
[ Info: 72_45: 603/686
[ Info: 72_45: 604/686
[ Info: 72_45: 605/686
[ Info: 72_45: 606/686
[ Info: 72_45: 607/686
[ Info: 72_45: 608/686
[ Info: 72_45: 609/686
[ Info: 72_45: 610/686
[ Info: 72_45: 611/686
[ Info: 72_45: 612/686
[ Info: 72_45: 613/686
[ Info: 72_45: 614/686
[ Info: 72_45: 615/686
[ Info: 72_45: 616/686
[ Info: 72_45: 617/686
[ Info: 72_45: 618/686
[ Info: 72_45: 619/686
[ Info: 72_45: 620/686
[ Info: 72_45: 621/686
[ Info: 72_45: 622/686
[ Info: 72_45: 623/686
[ Info: 72_45: 624/686
[ Info: 72_45: 625/686
[ Info: 72_45: 626/686
[ Info: 72_45: 627/686
[ Info: 72_45: 628/686
[ Info: 72_45: 629/686
[ Info: 72_45: 630/686
[ Info: 72_45: 631/686
[ Info: 72_45: 632/686
[ Info: 72_45: 633/686
[ Info: 72_45: 634/686
[ Info: 72_45: 635/686
[ Info: 72_45: 636/686
[ Info: 72_45: 637/686
[ Info: 72_45: 638/686
[ Info: 72_45: 639/686
[ Info: 72_45: 640/686
[ Info: 72_45: 641/686
[ Info: 72_45: 642/686
[ Info: 72_45: 643/686
[ Info: 72_45: 644/686
[ Info: 72_45: 645/686
[ Info: 72_45: 646/686
[ Info: 72_45: 647/686
[ Info: 72_45: 648/686
[ Info: 72_45: 649/686
[ Info: 72_45: 650/686
[ Info: 72_45: 651/686
[ Info: 72_45: 652/686
[ Info: 72_45: 653/686
[ Info: 72_45: 654/686
[ Info: 72_45: 655/686
[ Info: 72_45: 656/686
[ Info: 72_45: 657/686
[ Info: 72_45: 658/686
[ Info: 72_45: 659/686
[ Info: 72_45: 660/686
[ Info: 72_45: 661/686
[ Info: 72_45: 662/686
[ Info: 72_45: 663/686
[ Info: 72_45: 664/686
[ Info: 72_45: 665/686
[ Info: 72_45: 666/686
[ Info: 72_45: 667/686
[ Info: 72_45: 668/686
[ Info: 72_45: 669/686
[ Info: 72_45: 670/686
[ Info: 72_45: 671/686
[ Info: 72_45: 672/686
[ Info: 72_45: 673/686
[ Info: 72_45: 674/686
[ Info: 72_45: 675/686
[ Info: 72_45: 676/686
[ Info: 72_45: 677/686
[ Info: 72_45: 678/686
[ Info: 72_45: 679/686
[ Info: 72_45: 680/686
[ Info: 72_45: 681/686
[ Info: 72_45: 682/686
[ Info: 72_45: 683/686
[ Info: 72_45: 684/686
[ Info: 72_45: 685/686
[ Info: 72_45: 686/686
[ Info: 72_45: layer 2/2, base field no. 1/291, constructing abelian extensions
[ Info: 72_45: layer 2/2, base field no. 1/291, checking fields: 2
[ Info: 72_45: layer 2/2, base field no. 1/291, 1/2
[ Info: 72_45: layer 2/2, base field no. 1/291, 2/2
[ Info: 72_45: layer 2/2, base field no. 2/291, constructing abelian extensions
[ Info: 72_45: layer 2/2, base field no. 2/291, checking fields: 0
[ Info: 72_45: layer 2/2, base field no. 3/291, constructing abelian extensions
[ Info: 72_45: layer 2/2, base field no. 3/291, checking fields: 1
[ Info: 72_45: layer 2/2, base field no. 3/291, 1/1
[ Info: 72_45: layer 2/2, base field no. 4/291, constructing abelian extensions
[ Info: 72_45: layer 2/2, base field no. 4/291, checking fields: 6
[ Info: 72_45: layer 2/2, base field no. 4/291, 1/6
[ Info: 72_45: layer 2/2, base field no. 4/291, 2/6
[ Info: 72_45: layer 2/2, base field no. 4/291, 3/6
[ Info: 72_45: layer 2/2, base field no. 4/291, 4/6
[ Info: 72_45: layer 2/2, base field no. 4/291, 5/6
[ Info: 72_45: layer 2/2, base field no. 4/291, 6/6
[ Info: 72_45: layer 2/2, base field no. 5/291, constructing abelian extensions
[ Info: 72_45: layer 2/2, base field no. 5/291, checking fields: 6
[ Info: 72_45: layer 2/2, base field no. 5/291, 1/6
[ Info: 72_45: layer 2/2, base field no. 5/291, 2/6
[ Info: 72_45: layer 2/2, base field no. 5/291, 3/6
[ Info: 72_45: layer 2/2, base field no. 5/291, 4/6
[ Info: 72_45: layer 2/2, base field no. 5/291, 5/6
[ Info: 72_45: layer 2/2, base field no. 5/291, 6/6
[ Info: 72_45: layer 2/2, base field no. 6/291, constructing abelian extensions
[ Info: 72_45: layer 2/2, base field no. 6/291, checking fields: 8
[ Info: 72_45: layer 2/2, base field no. 6/291, 1/8
[ Info: 72_45: layer 2/2, base field no. 6/291, 2/8
[ Info: 72_45: layer 2/2, base field no. 6/291, 3/8
[ Info: 72_45: layer 2/2, base field no. 6/291, 4/8
[ Info: 72_45: layer 2/2, base field no. 6/291, 5/8
[ Info: 72_45: layer 2/2, base field no. 6/291, 6/8
[ Info: 72_45: layer 2/2, base field no. 6/291, 7/8
[ Info: 72_45: layer 2/2, base field no. 6/291, 8/8
[ Info: 72_45: layer 2/2, base field no. 7/291, constructing abelian extensions
[ Info: 72_45: layer 2/2, base field no. 7/291, checking fields: 0
[ Info: 72_45: layer 2/2, base field no. 8/291, constructing abelian extensions
[ Info: 72_45: layer 2/2, base field no. 8/291, checking fields: 0
[ Info: 72_45: layer 2/2, base field no. 9/291, constructing abelian extensions
[ Info: 72_45: layer 2/2, base field no. 9/291, checking fields: 4
[ Info: 72_45: layer 2/2, base field no. 9/291, 1/4
[ Info: 72_45: layer 2/2, base field no. 9/291, 2/4
[ Info: 72_45: layer 2/2, base field no. 9/291, 3/4
[ Info: 72_45: layer 2/2, base field no. 9/291, 4/4
[ Info: 72_45: layer 2/2, base field no. 10/291, constructing abelian extensions
[ Info: 72_45: layer 2/2, base field no. 10/291, checking fields: 0
[ Info: 72_45: layer 2/2, base field no. 11/291, constructing abelian extensions
[ Info: 72_45: layer 2/2, base field no. 11/291, checking fields: 2
[ Info: 72_45: layer 2/2, base field no. 11/291, 1/2
[ Info: 72_45: layer 2/2, base field no. 11/291, 2/2
[ Info: 72_45: layer 2/2, base field no. 12/291, constructing abelian extensions
[ Info: 72_45: layer 2/2, base field no. 12/291, checking fields: 0
[ Info: 72_45: layer 2/2, base field no. 13/291, constructing abelian extensions
[ Info: 72_45: layer 2/2, base field no. 13/291, checking fields: 0
[ Info: 72_45: layer 2/2, base field no. 14/291, constructing abelian extensions
[ Info: 72_45: layer 2/2, base field no. 14/291, checking fields: 0
[ Info: 72_45: layer 2/2, base field no. 15/291, constructing abelian extensions
[ Info: 72_45: layer 2/2, base field no. 15/291, checking fields: 0
[ Info: 72_45: layer 2/2, base field no. 16/291, constructing abelian extensions
[ Info: 72_45: layer 2/2, base field no. 16/291, checking fields: 0
[ Info: 72_45: layer 2/2, base field no. 17/291, constructing abelian extensions
[ Info: 72_45: layer 2/2, base field no. 17/291, checking fields: 0
[ Info: 72_45: layer 2/2, base field no. 18/291, constructing abelian extensions
[ Info: 72_45: layer 2/2, base field no. 18/291, checking fields: 0
[ Info: 72_45: layer 2/2, base field no. 19/291, constructing abelian extensions
[ Info: 72_45: layer 2/2, base field no. 19/291, checking fields: 0
[ Info: 72_45: layer 2/2, base field no. 20/291, constructing abelian extensions
[ Info: 72_45: layer 2/2, base field no. 20/291, checking fields: 0
[ Info: 72_45: layer 2/2, base field no. 21/291, constructing abelian extensions
[ Info: 72_45: layer 2/2, base field no. 21/291, checking fields: 0
[ Info: 72_45: layer 2/2, base field no. 22/291, constructing abelian extensions
[ Info: 72_45: layer 2/2, base field no. 22/291, checking fields: 1
[ Info: 72_45: layer 2/2, base field no. 22/291, 1/1
[ Info: 72_45: layer 2/2, base field no. 23/291, constructing abelian extensions
[ Info: 72_45: layer 2/2, base field no. 23/291, checking fields: 1
[ Info: 72_45: layer 2/2, base field no. 23/291, 1/1
[ Info: 72_45: layer 2/2, base field no. 24/291, constructing abelian extensions
[ Info: 72_45: layer 2/2, base field no. 24/291, checking fields: 0
[ Info: 72_45: layer 2/2, base field no. 25/291, constructing abelian extensions
[ Info: 72_45: layer 2/2, base field no. 25/291, checking fields: 0
[ Info: 72_45: layer 2/2, base field no. 26/291, constructing abelian extensions
[ Info: 72_45: layer 2/2, base field no. 26/291, checking fields: 0
[ Info: 72_45: layer 2/2, base field no. 27/291, constructing abelian extensions
[ Info: 72_45: layer 2/2, base field no. 27/291, checking fields: 1
[ Info: 72_45: layer 2/2, base field no. 27/291, 1/1
[ Info: 72_45: layer 2/2, base field no. 28/291, constructing abelian extensions
[ Info: 72_45: layer 2/2, base field no. 28/291, checking fields: 1
[ Info: 72_45: layer 2/2, base field no. 28/291, 1/1
[ Info: 72_45: layer 2/2, base field no. 29/291, constructing abelian extensions
[ Info: 72_45: layer 2/2, base field no. 29/291, checking fields: 0
[ Info: 72_45: layer 2/2, base field no. 30/291, constructing abelian extensions
[ Info: 72_45: layer 2/2, base field no. 30/291, checking fields: 0
[ Info: 72_45: layer 2/2, base field no. 31/291, constructing abelian extensions
[ Info: 72_45: layer 2/2, base field no. 31/291, checking fields: 0
[ Info: 72_45: layer 2/2, base field no. 32/291, constructing abelian extensions
[ Info: 72_45: layer 2/2, base field no. 32/291, checking fields: 0
[ Info: 72_45: layer 2/2, base field no. 33/291, constructing abelian extensions
[ Info: 72_45: layer 2/2, base field no. 33/291, checking fields: 37
[ Info: 72_45: layer 2/2, base field no. 33/291, 1/37
[ Info: 72_45: layer 2/2, base field no. 33/291, 2/37
[ Info: 72_45: layer 2/2, base field no. 33/291, 3/37
[ Info: 72_45: layer 2/2, base field no. 33/291, 4/37
[ Info: 72_45: layer 2/2, base field no. 33/291, 5/37
[ Info: 72_45: layer 2/2, base field no. 33/291, 6/37
[ Info: 72_45: layer 2/2, base field no. 33/291, 7/37
[ Info: 72_45: layer 2/2, base field no. 33/291, 8/37
[ Info: 72_45: layer 2/2, base field no. 33/291, 9/37
[ Info: 72_45: layer 2/2, base field no. 33/291, 10/37
[ Info: 72_45: layer 2/2, base field no. 33/291, 11/37
[ Info: 72_45: layer 2/2, base field no. 33/291, 12/37
[ Info: 72_45: layer 2/2, base field no. 33/291, 13/37
[ Info: 72_45: layer 2/2, base field no. 33/291, 14/37
[ Info: 72_45: layer 2/2, base field no. 33/291, 15/37
[ Info: 72_45: layer 2/2, base field no. 33/291, 16/37
[ Info: 72_45: layer 2/2, base field no. 33/291, 17/37
[ Info: 72_45: layer 2/2, base field no. 33/291, 18/37
[ Info: 72_45: layer 2/2, base field no. 33/291, 19/37
[ Info: 72_45: layer 2/2, base field no. 33/291, 20/37
[ Info: 72_45: layer 2/2, base field no. 33/291, 21/37
[ Info: 72_45: layer 2/2, base field no. 33/291, 22/37
[ Info: 72_45: layer 2/2, base field no. 33/291, 23/37
[ Info: 72_45: layer 2/2, base field no. 33/291, 24/37
[ Info: 72_45: layer 2/2, base field no. 33/291, 25/37
[ Info: 72_45: layer 2/2, base field no. 33/291, 26/37
[ Info: 72_45: layer 2/2, base field no. 33/291, 27/37
[ Info: 72_45: layer 2/2, base field no. 33/291, 28/37
[ Info: 72_45: layer 2/2, base field no. 33/291, 29/37
[ Info: 72_45: layer 2/2, base field no. 33/291, 30/37
[ Info: 72_45: layer 2/2, base field no. 33/291, 31/37
[ Info: 72_45: layer 2/2, base field no. 33/291, 32/37
[ Info: 72_45: layer 2/2, base field no. 33/291, 33/37
[ Info: 72_45: layer 2/2, base field no. 33/291, 34/37
[ Info: 72_45: layer 2/2, base field no. 33/291, 35/37
[ Info: 72_45: layer 2/2, base field no. 33/291, 36/37
[ Info: 72_45: layer 2/2, base field no. 33/291, 37/37
[ Info: 72_45: layer 2/2, base field no. 34/291, constructing abelian extensions
[ Info: 72_45: layer 2/2, base field no. 34/291, checking fields: 4
[ Info: 72_45: layer 2/2, base field no. 34/291, 1/4
[ Info: 72_45: layer 2/2, base field no. 34/291, 2/4
[ Info: 72_45: layer 2/2, base field no. 34/291, 3/4
[ Info: 72_45: layer 2/2, base field no. 34/291, 4/4
[ Info: 72_45: layer 2/2, base field no. 35/291, constructing abelian extensions
[ Info: 72_45: layer 2/2, base field no. 35/291, checking fields: 0
[ Info: 72_45: layer 2/2, base field no. 36/291, constructing abelian extensions
[ Info: 72_45: layer 2/2, base field no. 36/291, checking fields: 1
[ Info: 72_45: layer 2/2, base field no. 36/291, 1/1
[ Info: 72_45: layer 2/2, base field no. 37/291, constructing abelian extensions
[ Info: 72_45: layer 2/2, base field no. 37/291, checking fields: 6
[ Info: 72_45: layer 2/2, base field no. 37/291, 1/6
[ Info: 72_45: layer 2/2, base field no. 37/291, 2/6
[ Info: 72_45: layer 2/2, base field no. 37/291, 3/6
[ Info: 72_45: layer 2/2, base field no. 37/291, 4/6
[ Info: 72_45: layer 2/2, base field no. 37/291, 5/6
[ Info: 72_45: layer 2/2, base field no. 37/291, 6/6
[ Info: 72_45: layer 2/2, base field no. 38/291, constructing abelian extensions
[ Info: 72_45: layer 2/2, base field no. 38/291, checking fields: 1
[ Info: 72_45: layer 2/2, base field no. 38/291, 1/1
[ Info: 72_45: layer 2/2, base field no. 39/291, constructing abelian extensions
[ Info: 72_45: layer 2/2, base field no. 39/291, checking fields: 0
[ Info: 72_45: layer 2/2, base field no. 40/291, constructing abelian extensions
[ Info: 72_45: layer 2/2, base field no. 40/291, checking fields: 0
[ Info: 72_45: layer 2/2, base field no. 41/291, constructing abelian extensions
[ Info: 72_45: layer 2/2, base field no. 41/291, checking fields: 1
[ Info: 72_45: layer 2/2, base field no. 41/291, 1/1
[ Info: 72_45: layer 2/2, base field no. 42/291, constructing abelian extensions
[ Info: 72_45: layer 2/2, base field no. 42/291, checking fields: 0
[ Info: 72_45: layer 2/2, base field no. 43/291, constructing abelian extensions
[ Info: 72_45: layer 2/2, base field no. 43/291, checking fields: 1
[ Info: 72_45: layer 2/2, base field no. 43/291, 1/1
[ Info: 72_45: layer 2/2, base field no. 44/291, constructing abelian extensions
[ Info: 72_45: layer 2/2, base field no. 44/291, checking fields: 0
[ Info: 72_45: layer 2/2, base field no. 45/291, constructing abelian extensions
[ Info: 72_45: layer 2/2, base field no. 45/291, checking fields: 0
[ Info: 72_45: layer 2/2, base field no. 46/291, constructing abelian extensions
[ Info: 72_45: layer 2/2, base field no. 46/291, checking fields: 0
[ Info: 72_45: layer 2/2, base field no. 47/291, constructing abelian extensions
[ Info: 72_45: layer 2/2, base field no. 47/291, checking fields: 1
[ Info: 72_45: layer 2/2, base field no. 47/291, 1/1
[ Info: 72_45: layer 2/2, base field no. 48/291, constructing abelian extensions
[ Info: 72_45: layer 2/2, base field no. 48/291, checking fields: 1
[ Info: 72_45: layer 2/2, base field no. 48/291, 1/1
[ Info: 72_45: layer 2/2, base field no. 49/291, constructing abelian extensions
[ Info: 72_45: layer 2/2, base field no. 49/291, checking fields: 0
[ Info: 72_45: layer 2/2, base field no. 50/291, constructing abelian extensions
[ Info: 72_45: layer 2/2, base field no. 50/291, checking fields: 0
[ Info: 72_45: layer 2/2, base field no. 51/291, constructing abelian extensions
[ Info: 72_45: layer 2/2, base field no. 51/291, checking fields: 0
[ Info: 72_45: layer 2/2, base field no. 52/291, constructing abelian extensions
[ Info: 72_45: layer 2/2, base field no. 52/291, checking fields: 0
[ Info: 72_45: layer 2/2, base field no. 53/291, constructing abelian extensions
[ Info: 72_45: layer 2/2, base field no. 53/291, checking fields: 0
[ Info: 72_45: layer 2/2, base field no. 54/291, constructing abelian extensions
[ Info: 72_45: layer 2/2, base field no. 54/291, checking fields: 0
[ Info: 72_45: layer 2/2, base field no. 55/291, constructing abelian extensions
[ Info: 72_45: layer 2/2, base field no. 55/291, checking fields: 0
[ Info: 72_45: layer 2/2, base field no. 56/291, constructing abelian extensions
[ Info: 72_45: layer 2/2, base field no. 56/291, checking fields: 0
[ Info: 72_45: layer 2/2, base field no. 57/291, constructing abelian extensions
[ Info: 72_45: layer 2/2, base field no. 57/291, checking fields: 0
[ Info: 72_45: layer 2/2, base field no. 58/291, constructing abelian extensions
[ Info: 72_45: layer 2/2, base field no. 58/291, checking fields: 0
[ Info: 72_45: layer 2/2, base field no. 59/291, constructing abelian extensions
[ Info: 72_45: layer 2/2, base field no. 59/291, checking fields: 0
[ Info: 72_45: layer 2/2, base field no. 60/291, constructing abelian extensions
[ Info: 72_45: layer 2/2, base field no. 60/291, checking fields: 0
[ Info: 72_45: layer 2/2, base field no. 61/291, constructing abelian extensions
[ Info: 72_45: layer 2/2, base field no. 61/291, checking fields: 0
[ Info: 72_45: layer 2/2, base field no. 62/291, constructing abelian extensions
[ Info: 72_45: layer 2/2, base field no. 62/291, checking fields: 0
[ Info: 72_45: layer 2/2, base field no. 63/291, constructing abelian extensions
[ Info: 72_45: layer 2/2, base field no. 63/291, checking fields: 0
[ Info: 72_45: layer 2/2, base field no. 64/291, constructing abelian extensions
[ Info: 72_45: layer 2/2, base field no. 64/291, checking fields: 0
[ Info: 72_45: layer 2/2, base field no. 65/291, constructing abelian extensions
[ Info: 72_45: layer 2/2, base field no. 65/291, checking fields: 0
[ Info: 72_45: layer 2/2, base field no. 66/291, constructing abelian extensions
[ Info: 72_45: layer 2/2, base field no. 66/291, checking fields: 0
[ Info: 72_45: layer 2/2, base field no. 67/291, constructing abelian extensions
[ Info: 72_45: layer 2/2, base field no. 67/291, checking fields: 0
[ Info: 72_45: layer 2/2, base field no. 68/291, constructing abelian extensions
[ Info: 72_45: layer 2/2, base field no. 68/291, checking fields: 0
[ Info: 72_45: layer 2/2, base field no. 69/291, constructing abelian extensions
[ Info: 72_45: layer 2/2, base field no. 69/291, checking fields: 0
[ Info: 72_45: layer 2/2, base field no. 70/291, constructing abelian extensions
[ Info: 72_45: layer 2/2, base field no. 70/291, checking fields: 0
[ Info: 72_45: layer 2/2, base field no. 71/291, constructing abelian extensions
[ Info: 72_45: layer 2/2, base field no. 71/291, checking fields: 0
[ Info: 72_45: layer 2/2, base field no. 72/291, constructing abelian extensions
[ Info: 72_45: layer 2/2, base field no. 72/291, checking fields: 0
[ Info: 72_45: layer 2/2, base field no. 73/291, constructing abelian extensions
[ Info: 72_45: layer 2/2, base field no. 73/291, checking fields: 0
[ Info: 72_45: layer 2/2, base field no. 74/291, constructing abelian extensions
[ Info: 72_45: layer 2/2, base field no. 74/291, checking fields: 0
[ Info: 72_45: layer 2/2, base field no. 75/291, constructing abelian extensions
[ Info: 72_45: layer 2/2, base field no. 75/291, checking fields: 0
[ Info: 72_45: layer 2/2, base field no. 76/291, constructing abelian extensions
[ Info: 72_45: layer 2/2, base field no. 76/291, checking fields: 0
[ Info: 72_45: layer 2/2, base field no. 77/291, constructing abelian extensions
[ Info: 72_45: layer 2/2, base field no. 77/291, checking fields: 0
[ Info: 72_45: layer 2/2, base field no. 78/291, constructing abelian extensions
[ Info: 72_45: layer 2/2, base field no. 78/291, checking fields: 0
[ Info: 72_45: layer 2/2, base field no. 79/291, constructing abelian extensions
[ Info: 72_45: layer 2/2, base field no. 79/291, checking fields: 0
[ Info: 72_45: layer 2/2, base field no. 80/291, constructing abelian extensions
[ Info: 72_45: layer 2/2, base field no. 80/291, checking fields: 0
[ Info: 72_45: layer 2/2, base field no. 81/291, constructing abelian extensions
[ Info: 72_45: layer 2/2, base field no. 81/291, checking fields: 0
[ Info: 72_45: layer 2/2, base field no. 82/291, constructing abelian extensions
[ Info: 72_45: layer 2/2, base field no. 82/291, checking fields: 0
[ Info: 72_45: layer 2/2, base field no. 83/291, constructing abelian extensions
[ Info: 72_45: layer 2/2, base field no. 83/291, checking fields: 0
[ Info: 72_45: layer 2/2, base field no. 84/291, constructing abelian extensions
[ Info: 72_45: layer 2/2, base field no. 84/291, checking fields: 0
[ Info: 72_45: layer 2/2, base field no. 85/291, constructing abelian extensions
[ Info: 72_45: layer 2/2, base field no. 85/291, checking fields: 0
[ Info: 72_45: layer 2/2, base field no. 86/291, constructing abelian extensions
[ Info: 72_45: layer 2/2, base field no. 86/291, checking fields: 0
[ Info: 72_45: layer 2/2, base field no. 87/291, constructing abelian extensions
[ Info: 72_45: layer 2/2, base field no. 87/291, checking fields: 0
[ Info: 72_45: layer 2/2, base field no. 88/291, constructing abelian extensions
[ Info: 72_45: layer 2/2, base field no. 88/291, checking fields: 0
[ Info: 72_45: layer 2/2, base field no. 89/291, constructing abelian extensions
[ Info: 72_45: layer 2/2, base field no. 89/291, checking fields: 0
[ Info: 72_45: layer 2/2, base field no. 90/291, constructing abelian extensions
[ Info: 72_45: layer 2/2, base field no. 90/291, checking fields: 0
[ Info: 72_45: layer 2/2, base field no. 91/291, constructing abelian extensions
[ Info: 72_45: layer 2/2, base field no. 91/291, checking fields: 0
[ Info: 72_45: layer 2/2, base field no. 92/291, constructing abelian extensions
[ Info: 72_45: layer 2/2, base field no. 92/291, checking fields: 0
[ Info: 72_45: layer 2/2, base field no. 93/291, constructing abelian extensions
[ Info: 72_45: layer 2/2, base field no. 93/291, checking fields: 0
[ Info: 72_45: layer 2/2, base field no. 94/291, constructing abelian extensions
[ Info: 72_45: layer 2/2, base field no. 94/291, checking fields: 4
[ Info: 72_45: layer 2/2, base field no. 94/291, 1/4
[ Info: 72_45: layer 2/2, base field no. 94/291, 2/4
[ Info: 72_45: layer 2/2, base field no. 94/291, 3/4
[ Info: 72_45: layer 2/2, base field no. 94/291, 4/4
[ Info: 72_45: layer 2/2, base field no. 95/291, constructing abelian extensions
[ Info: 72_45: layer 2/2, base field no. 95/291, checking fields: 1
[ Info: 72_45: layer 2/2, base field no. 95/291, 1/1
[ Info: 72_45: layer 2/2, base field no. 96/291, constructing abelian extensions
[ Info: 72_45: layer 2/2, base field no. 96/291, checking fields: 0
[ Info: 72_45: layer 2/2, base field no. 97/291, constructing abelian extensions
[ Info: 72_45: layer 2/2, base field no. 97/291, checking fields: 0
[ Info: 72_45: layer 2/2, base field no. 98/291, constructing abelian extensions
[ Info: 72_45: layer 2/2, base field no. 98/291, checking fields: 3
[ Info: 72_45: layer 2/2, base field no. 98/291, 1/3
[ Info: 72_45: layer 2/2, base field no. 98/291, 2/3
[ Info: 72_45: layer 2/2, base field no. 98/291, 3/3
[ Info: 72_45: layer 2/2, base field no. 99/291, constructing abelian extensions
[ Info: 72_45: layer 2/2, base field no. 99/291, checking fields: 0
[ Info: 72_45: layer 2/2, base field no. 100/291, constructing abelian extensions
[ Info: 72_45: layer 2/2, base field no. 100/291, checking fields: 0
[ Info: 72_45: layer 2/2, base field no. 101/291, constructing abelian extensions
[ Info: 72_45: layer 2/2, base field no. 101/291, checking fields: 0
[ Info: 72_45: layer 2/2, base field no. 102/291, constructing abelian extensions
[ Info: 72_45: layer 2/2, base field no. 102/291, checking fields: 0
[ Info: 72_45: layer 2/2, base field no. 103/291, constructing abelian extensions
[ Info: 72_45: layer 2/2, base field no. 103/291, checking fields: 0
[ Info: 72_45: layer 2/2, base field no. 104/291, constructing abelian extensions
[ Info: 72_45: layer 2/2, base field no. 104/291, checking fields: 1
[ Info: 72_45: layer 2/2, base field no. 104/291, 1/1
[ Info: 72_45: layer 2/2, base field no. 105/291, constructing abelian extensions
[ Info: 72_45: layer 2/2, base field no. 105/291, checking fields: 0
[ Info: 72_45: layer 2/2, base field no. 106/291, constructing abelian extensions
[ Info: 72_45: layer 2/2, base field no. 106/291, checking fields: 0
[ Info: 72_45: layer 2/2, base field no. 107/291, constructing abelian extensions
[ Info: 72_45: layer 2/2, base field no. 107/291, checking fields: 0
[ Info: 72_45: layer 2/2, base field no. 108/291, constructing abelian extensions
[ Info: 72_45: layer 2/2, base field no. 108/291, checking fields: 0
[ Info: 72_45: layer 2/2, base field no. 109/291, constructing abelian extensions
[ Info: 72_45: layer 2/2, base field no. 109/291, checking fields: 0
[ Info: 72_45: layer 2/2, base field no. 110/291, constructing abelian extensions
[ Info: 72_45: layer 2/2, base field no. 110/291, checking fields: 0
[ Info: 72_45: layer 2/2, base field no. 111/291, constructing abelian extensions
[ Info: 72_45: layer 2/2, base field no. 111/291, checking fields: 0
[ Info: 72_45: layer 2/2, base field no. 112/291, constructing abelian extensions
[ Info: 72_45: layer 2/2, base field no. 112/291, checking fields: 0
[ Info: 72_45: layer 2/2, base field no. 113/291, constructing abelian extensions
[ Info: 72_45: layer 2/2, base field no. 113/291, checking fields: 0
[ Info: 72_45: layer 2/2, base field no. 114/291, constructing abelian extensions
[ Info: 72_45: layer 2/2, base field no. 114/291, checking fields: 0
[ Info: 72_45: layer 2/2, base field no. 115/291, constructing abelian extensions
[ Info: 72_45: layer 2/2, base field no. 115/291, checking fields: 0
[ Info: 72_45: layer 2/2, base field no. 116/291, constructing abelian extensions
[ Info: 72_45: layer 2/2, base field no. 116/291, checking fields: 0
[ Info: 72_45: layer 2/2, base field no. 117/291, constructing abelian extensions
[ Info: 72_45: layer 2/2, base field no. 117/291, checking fields: 0
[ Info: 72_45: layer 2/2, base field no. 118/291, constructing abelian extensions
[ Info: 72_45: layer 2/2, base field no. 118/291, checking fields: 7
[ Info: 72_45: layer 2/2, base field no. 118/291, 1/7
[ Info: 72_45: layer 2/2, base field no. 118/291, 2/7
[ Info: 72_45: layer 2/2, base field no. 118/291, 3/7
[ Info: 72_45: layer 2/2, base field no. 118/291, 4/7
[ Info: 72_45: layer 2/2, base field no. 118/291, 5/7
[ Info: 72_45: layer 2/2, base field no. 118/291, 6/7
[ Info: 72_45: layer 2/2, base field no. 118/291, 7/7
[ Info: 72_45: layer 2/2, base field no. 119/291, constructing abelian extensions
[ Info: 72_45: layer 2/2, base field no. 119/291, checking fields: 1
[ Info: 72_45: layer 2/2, base field no. 119/291, 1/1
[ Info: 72_45: layer 2/2, base field no. 120/291, constructing abelian extensions
[ Info: 72_45: layer 2/2, base field no. 120/291, checking fields: 0
[ Info: 72_45: layer 2/2, base field no. 121/291, constructing abelian extensions
[ Info: 72_45: layer 2/2, base field no. 121/291, checking fields: 0
[ Info: 72_45: layer 2/2, base field no. 122/291, constructing abelian extensions
[ Info: 72_45: layer 2/2, base field no. 122/291, checking fields: 0
[ Info: 72_45: layer 2/2, base field no. 123/291, constructing abelian extensions
[ Info: 72_45: layer 2/2, base field no. 123/291, checking fields: 0
[ Info: 72_45: layer 2/2, base field no. 124/291, constructing abelian extensions
[ Info: 72_45: layer 2/2, base field no. 124/291, checking fields: 0
[ Info: 72_45: layer 2/2, base field no. 125/291, constructing abelian extensions
[ Info: 72_45: layer 2/2, base field no. 125/291, checking fields: 0
[ Info: 72_45: layer 2/2, base field no. 126/291, constructing abelian extensions
[ Info: 72_45: layer 2/2, base field no. 126/291, checking fields: 0
[ Info: 72_45: layer 2/2, base field no. 127/291, constructing abelian extensions
[ Info: 72_45: layer 2/2, base field no. 127/291, checking fields: 0
[ Info: 72_45: layer 2/2, base field no. 128/291, constructing abelian extensions
[ Info: 72_45: layer 2/2, base field no. 128/291, checking fields: 0
[ Info: 72_45: layer 2/2, base field no. 129/291, constructing abelian extensions
[ Info: 72_45: layer 2/2, base field no. 129/291, checking fields: 0
[ Info: 72_45: layer 2/2, base field no. 130/291, constructing abelian extensions
[ Info: 72_45: layer 2/2, base field no. 130/291, checking fields: 0
[ Info: 72_45: layer 2/2, base field no. 131/291, constructing abelian extensions
[ Info: 72_45: layer 2/2, base field no. 131/291, checking fields: 0
[ Info: 72_45: layer 2/2, base field no. 132/291, constructing abelian extensions
[ Info: 72_45: layer 2/2, base field no. 132/291, checking fields: 0
[ Info: 72_45: layer 2/2, base field no. 133/291, constructing abelian extensions
[ Info: 72_45: layer 2/2, base field no. 133/291, checking fields: 0
[ Info: 72_45: layer 2/2, base field no. 134/291, constructing abelian extensions
[ Info: 72_45: layer 2/2, base field no. 134/291, checking fields: 0
[ Info: 72_45: layer 2/2, base field no. 135/291, constructing abelian extensions
[ Info: 72_45: layer 2/2, base field no. 135/291, checking fields: 0
[ Info: 72_45: layer 2/2, base field no. 136/291, constructing abelian extensions
[ Info: 72_45: layer 2/2, base field no. 136/291, checking fields: 0
[ Info: 72_45: layer 2/2, base field no. 137/291, constructing abelian extensions
[ Info: 72_45: layer 2/2, base field no. 137/291, checking fields: 1
[ Info: 72_45: layer 2/2, base field no. 137/291, 1/1
[ Info: 72_45: layer 2/2, base field no. 138/291, constructing abelian extensions
[ Info: 72_45: layer 2/2, base field no. 138/291, checking fields: 0
[ Info: 72_45: layer 2/2, base field no. 139/291, constructing abelian extensions
[ Info: 72_45: layer 2/2, base field no. 139/291, checking fields: 0
[ Info: 72_45: layer 2/2, base field no. 140/291, constructing abelian extensions
[ Info: 72_45: layer 2/2, base field no. 140/291, checking fields: 0
[ Info: 72_45: layer 2/2, base field no. 141/291, constructing abelian extensions
[ Info: 72_45: layer 2/2, base field no. 141/291, checking fields: 0
[ Info: 72_45: layer 2/2, base field no. 142/291, constructing abelian extensions
[ Info: 72_45: layer 2/2, base field no. 142/291, checking fields: 0
[ Info: 72_45: layer 2/2, base field no. 143/291, constructing abelian extensions
[ Info: 72_45: layer 2/2, base field no. 143/291, checking fields: 0
[ Info: 72_45: layer 2/2, base field no. 144/291, constructing abelian extensions
[ Info: 72_45: layer 2/2, base field no. 144/291, checking fields: 0
[ Info: 72_45: layer 2/2, base field no. 145/291, constructing abelian extensions
[ Info: 72_45: layer 2/2, base field no. 145/291, checking fields: 0
[ Info: 72_45: layer 2/2, base field no. 146/291, constructing abelian extensions
[ Info: 72_45: layer 2/2, base field no. 146/291, checking fields: 0
[ Info: 72_45: layer 2/2, base field no. 147/291, constructing abelian extensions
[ Info: 72_45: layer 2/2, base field no. 147/291, checking fields: 0
[ Info: 72_45: layer 2/2, base field no. 148/291, constructing abelian extensions
[ Info: 72_45: layer 2/2, base field no. 148/291, checking fields: 0
[ Info: 72_45: layer 2/2, base field no. 149/291, constructing abelian extensions
[ Info: 72_45: layer 2/2, base field no. 149/291, checking fields: 0
[ Info: 72_45: layer 2/2, base field no. 150/291, constructing abelian extensions
[ Info: 72_45: layer 2/2, base field no. 150/291, checking fields: 0
[ Info: 72_45: layer 2/2, base field no. 151/291, constructing abelian extensions
[ Info: 72_45: layer 2/2, base field no. 151/291, checking fields: 0
[ Info: 72_45: layer 2/2, base field no. 152/291, constructing abelian extensions
[ Info: 72_45: layer 2/2, base field no. 152/291, checking fields: 0
[ Info: 72_45: layer 2/2, base field no. 153/291, constructing abelian extensions
[ Info: 72_45: layer 2/2, base field no. 153/291, checking fields: 1
[ Info: 72_45: layer 2/2, base field no. 153/291, 1/1
[ Info: 72_45: layer 2/2, base field no. 154/291, constructing abelian extensions
[ Info: 72_45: layer 2/2, base field no. 154/291, checking fields: 0
[ Info: 72_45: layer 2/2, base field no. 155/291, constructing abelian extensions
[ Info: 72_45: layer 2/2, base field no. 155/291, checking fields: 0
[ Info: 72_45: layer 2/2, base field no. 156/291, constructing abelian extensions
[ Info: 72_45: layer 2/2, base field no. 156/291, checking fields: 0
[ Info: 72_45: layer 2/2, base field no. 157/291, constructing abelian extensions
[ Info: 72_45: layer 2/2, base field no. 157/291, checking fields: 0
[ Info: 72_45: layer 2/2, base field no. 158/291, constructing abelian extensions
[ Info: 72_45: layer 2/2, base field no. 158/291, checking fields: 0
[ Info: 72_45: layer 2/2, base field no. 159/291, constructing abelian extensions
[ Info: 72_45: layer 2/2, base field no. 159/291, checking fields: 0
[ Info: 72_45: layer 2/2, base field no. 160/291, constructing abelian extensions
[ Info: 72_45: layer 2/2, base field no. 160/291, checking fields: 0
[ Info: 72_45: layer 2/2, base field no. 161/291, constructing abelian extensions
[ Info: 72_45: layer 2/2, base field no. 161/291, checking fields: 0
[ Info: 72_45: layer 2/2, base field no. 162/291, constructing abelian extensions
[ Info: 72_45: layer 2/2, base field no. 162/291, checking fields: 0
[ Info: 72_45: layer 2/2, base field no. 163/291, constructing abelian extensions
[ Info: 72_45: layer 2/2, base field no. 163/291, checking fields: 0
[ Info: 72_45: layer 2/2, base field no. 164/291, constructing abelian extensions
[ Info: 72_45: layer 2/2, base field no. 164/291, checking fields: 0
[ Info: 72_45: layer 2/2, base field no. 165/291, constructing abelian extensions
[ Info: 72_45: layer 2/2, base field no. 165/291, checking fields: 0
[ Info: 72_45: layer 2/2, base field no. 166/291, constructing abelian extensions
[ Info: 72_45: layer 2/2, base field no. 166/291, checking fields: 0
[ Info: 72_45: layer 2/2, base field no. 167/291, constructing abelian extensions
[ Info: 72_45: layer 2/2, base field no. 167/291, checking fields: 0
[ Info: 72_45: layer 2/2, base field no. 168/291, constructing abelian extensions
[ Info: 72_45: layer 2/2, base field no. 168/291, checking fields: 0
[ Info: 72_45: layer 2/2, base field no. 169/291, constructing abelian extensions
[ Info: 72_45: layer 2/2, base field no. 169/291, checking fields: 0
[ Info: 72_45: layer 2/2, base field no. 170/291, constructing abelian extensions
[ Info: 72_45: layer 2/2, base field no. 170/291, checking fields: 0
[ Info: 72_45: layer 2/2, base field no. 171/291, constructing abelian extensions
[ Info: 72_45: layer 2/2, base field no. 171/291, checking fields: 0
[ Info: 72_45: layer 2/2, base field no. 172/291, constructing abelian extensions
[ Info: 72_45: layer 2/2, base field no. 172/291, checking fields: 1
[ Info: 72_45: layer 2/2, base field no. 172/291, 1/1
[ Info: 72_45: layer 2/2, base field no. 173/291, constructing abelian extensions
[ Info: 72_45: layer 2/2, base field no. 173/291, checking fields: 0
[ Info: 72_45: layer 2/2, base field no. 174/291, constructing abelian extensions
[ Info: 72_45: layer 2/2, base field no. 174/291, checking fields: 0
[ Info: 72_45: layer 2/2, base field no. 175/291, constructing abelian extensions
[ Info: 72_45: layer 2/2, base field no. 175/291, checking fields: 0
[ Info: 72_45: layer 2/2, base field no. 176/291, constructing abelian extensions
[ Info: 72_45: layer 2/2, base field no. 176/291, checking fields: 0
[ Info: 72_45: layer 2/2, base field no. 177/291, constructing abelian extensions
[ Info: 72_45: layer 2/2, base field no. 177/291, checking fields: 0
[ Info: 72_45: layer 2/2, base field no. 178/291, constructing abelian extensions
[ Info: 72_45: layer 2/2, base field no. 178/291, checking fields: 3
[ Info: 72_45: layer 2/2, base field no. 178/291, 1/3
[ Info: 72_45: layer 2/2, base field no. 178/291, 2/3
[ Info: 72_45: layer 2/2, base field no. 178/291, 3/3
[ Info: 72_45: layer 2/2, base field no. 179/291, constructing abelian extensions
[ Info: 72_45: layer 2/2, base field no. 179/291, checking fields: 1
[ Info: 72_45: layer 2/2, base field no. 179/291, 1/1
[ Info: 72_45: layer 2/2, base field no. 180/291, constructing abelian extensions
[ Info: 72_45: layer 2/2, base field no. 180/291, checking fields: 0
[ Info: 72_45: layer 2/2, base field no. 181/291, constructing abelian extensions
[ Info: 72_45: layer 2/2, base field no. 181/291, checking fields: 5
[ Info: 72_45: layer 2/2, base field no. 181/291, 1/5
[ Info: 72_45: layer 2/2, base field no. 181/291, 2/5
[ Info: 72_45: layer 2/2, base field no. 181/291, 3/5
[ Info: 72_45: layer 2/2, base field no. 181/291, 4/5
[ Info: 72_45: layer 2/2, base field no. 181/291, 5/5
[ Info: 72_45: layer 2/2, base field no. 182/291, constructing abelian extensions
[ Info: 72_45: layer 2/2, base field no. 182/291, checking fields: 0
[ Info: 72_45: layer 2/2, base field no. 183/291, constructing abelian extensions
[ Info: 72_45: layer 2/2, base field no. 183/291, checking fields: 0
[ Info: 72_45: layer 2/2, base field no. 184/291, constructing abelian extensions
[ Info: 72_45: layer 2/2, base field no. 184/291, checking fields: 0
[ Info: 72_45: layer 2/2, base field no. 185/291, constructing abelian extensions
[ Info: 72_45: layer 2/2, base field no. 185/291, checking fields: 0
[ Info: 72_45: layer 2/2, base field no. 186/291, constructing abelian extensions
[ Info: 72_45: layer 2/2, base field no. 186/291, checking fields: 0
[ Info: 72_45: layer 2/2, base field no. 187/291, constructing abelian extensions
[ Info: 72_45: layer 2/2, base field no. 187/291, checking fields: 0
[ Info: 72_45: layer 2/2, base field no. 188/291, constructing abelian extensions
[ Info: 72_45: layer 2/2, base field no. 188/291, checking fields: 0
[ Info: 72_45: layer 2/2, base field no. 189/291, constructing abelian extensions
[ Info: 72_45: layer 2/2, base field no. 189/291, checking fields: 0
[ Info: 72_45: layer 2/2, base field no. 190/291, constructing abelian extensions
[ Info: 72_45: layer 2/2, base field no. 190/291, checking fields: 0
[ Info: 72_45: layer 2/2, base field no. 191/291, constructing abelian extensions
[ Info: 72_45: layer 2/2, base field no. 191/291, checking fields: 0
[ Info: 72_45: layer 2/2, base field no. 192/291, constructing abelian extensions
[ Info: 72_45: layer 2/2, base field no. 192/291, checking fields: 0
[ Info: 72_45: layer 2/2, base field no. 193/291, constructing abelian extensions
[ Info: 72_45: layer 2/2, base field no. 193/291, checking fields: 0
[ Info: 72_45: layer 2/2, base field no. 194/291, constructing abelian extensions
[ Info: 72_45: layer 2/2, base field no. 194/291, checking fields: 0
[ Info: 72_45: layer 2/2, base field no. 195/291, constructing abelian extensions
[ Info: 72_45: layer 2/2, base field no. 195/291, checking fields: 0
[ Info: 72_45: layer 2/2, base field no. 196/291, constructing abelian extensions
[ Info: 72_45: layer 2/2, base field no. 196/291, checking fields: 0
[ Info: 72_45: layer 2/2, base field no. 197/291, constructing abelian extensions
[ Info: 72_45: layer 2/2, base field no. 197/291, checking fields: 1
[ Info: 72_45: layer 2/2, base field no. 197/291, 1/1
[ Info: 72_45: layer 2/2, base field no. 198/291, constructing abelian extensions
[ Info: 72_45: layer 2/2, base field no. 198/291, checking fields: 0
[ Info: 72_45: layer 2/2, base field no. 199/291, constructing abelian extensions
[ Info: 72_45: layer 2/2, base field no. 199/291, checking fields: 0
[ Info: 72_45: layer 2/2, base field no. 200/291, constructing abelian extensions
[ Info: 72_45: layer 2/2, base field no. 200/291, checking fields: 0
[ Info: 72_45: layer 2/2, base field no. 201/291, constructing abelian extensions
[ Info: 72_45: layer 2/2, base field no. 201/291, checking fields: 0
[ Info: 72_45: layer 2/2, base field no. 202/291, constructing abelian extensions
[ Info: 72_45: layer 2/2, base field no. 202/291, checking fields: 0
[ Info: 72_45: layer 2/2, base field no. 203/291, constructing abelian extensions
[ Info: 72_45: layer 2/2, base field no. 203/291, checking fields: 0
[ Info: 72_45: layer 2/2, base field no. 204/291, constructing abelian extensions
[ Info: 72_45: layer 2/2, base field no. 204/291, checking fields: 0
[ Info: 72_45: layer 2/2, base field no. 205/291, constructing abelian extensions
[ Info: 72_45: layer 2/2, base field no. 205/291, checking fields: 0
[ Info: 72_45: layer 2/2, base field no. 206/291, constructing abelian extensions
[ Info: 72_45: layer 2/2, base field no. 206/291, checking fields: 0
[ Info: 72_45: layer 2/2, base field no. 207/291, constructing abelian extensions
[ Info: 72_45: layer 2/2, base field no. 207/291, checking fields: 1
[ Info: 72_45: layer 2/2, base field no. 207/291, 1/1
[ Info: 72_45: layer 2/2, base field no. 208/291, constructing abelian extensions
[ Info: 72_45: layer 2/2, base field no. 208/291, checking fields: 0
[ Info: 72_45: layer 2/2, base field no. 209/291, constructing abelian extensions
[ Info: 72_45: layer 2/2, base field no. 209/291, checking fields: 0
[ Info: 72_45: layer 2/2, base field no. 210/291, constructing abelian extensions
[ Info: 72_45: layer 2/2, base field no. 210/291, checking fields: 0
[ Info: 72_45: layer 2/2, base field no. 211/291, constructing abelian extensions
[ Info: 72_45: layer 2/2, base field no. 211/291, checking fields: 0
[ Info: 72_45: layer 2/2, base field no. 212/291, constructing abelian extensions
[ Info: 72_45: layer 2/2, base field no. 212/291, checking fields: 0
[ Info: 72_45: layer 2/2, base field no. 213/291, constructing abelian extensions
[ Info: 72_45: layer 2/2, base field no. 213/291, checking fields: 0
[ Info: 72_45: layer 2/2, base field no. 214/291, constructing abelian extensions
[ Info: 72_45: layer 2/2, base field no. 214/291, checking fields: 0
[ Info: 72_45: layer 2/2, base field no. 215/291, constructing abelian extensions
[ Info: 72_45: layer 2/2, base field no. 215/291, checking fields: 0
[ Info: 72_45: layer 2/2, base field no. 216/291, constructing abelian extensions
[ Info: 72_45: layer 2/2, base field no. 216/291, checking fields: 0
[ Info: 72_45: layer 2/2, base field no. 217/291, constructing abelian extensions
[ Info: 72_45: layer 2/2, base field no. 217/291, checking fields: 0
[ Info: 72_45: layer 2/2, base field no. 218/291, constructing abelian extensions
[ Info: 72_45: layer 2/2, base field no. 218/291, checking fields: 0
[ Info: 72_45: layer 2/2, base field no. 219/291, constructing abelian extensions
[ Info: 72_45: layer 2/2, base field no. 219/291, checking fields: 0
[ Info: 72_45: layer 2/2, base field no. 220/291, constructing abelian extensions
[ Info: 72_45: layer 2/2, base field no. 220/291, checking fields: 0
[ Info: 72_45: layer 2/2, base field no. 221/291, constructing abelian extensions
[ Info: 72_45: layer 2/2, base field no. 221/291, checking fields: 0
[ Info: 72_45: layer 2/2, base field no. 222/291, constructing abelian extensions
[ Info: 72_45: layer 2/2, base field no. 222/291, checking fields: 0
[ Info: 72_45: layer 2/2, base field no. 223/291, constructing abelian extensions
[ Info: 72_45: layer 2/2, base field no. 223/291, checking fields: 0
[ Info: 72_45: layer 2/2, base field no. 224/291, constructing abelian extensions
[ Info: 72_45: layer 2/2, base field no. 224/291, checking fields: 0
[ Info: 72_45: layer 2/2, base field no. 225/291, constructing abelian extensions
[ Info: 72_45: layer 2/2, base field no. 225/291, checking fields: 0
[ Info: 72_45: layer 2/2, base field no. 226/291, constructing abelian extensions
[ Info: 72_45: layer 2/2, base field no. 226/291, checking fields: 0
[ Info: 72_45: layer 2/2, base field no. 227/291, constructing abelian extensions
[ Info: 72_45: layer 2/2, base field no. 227/291, checking fields: 0
[ Info: 72_45: layer 2/2, base field no. 228/291, constructing abelian extensions
[ Info: 72_45: layer 2/2, base field no. 228/291, checking fields: 0
[ Info: 72_45: layer 2/2, base field no. 229/291, constructing abelian extensions
[ Info: 72_45: layer 2/2, base field no. 229/291, checking fields: 0
[ Info: 72_45: layer 2/2, base field no. 230/291, constructing abelian extensions
[ Info: 72_45: layer 2/2, base field no. 230/291, checking fields: 0
[ Info: 72_45: layer 2/2, base field no. 231/291, constructing abelian extensions
[ Info: 72_45: layer 2/2, base field no. 231/291, checking fields: 0
[ Info: 72_45: layer 2/2, base field no. 232/291, constructing abelian extensions
[ Info: 72_45: layer 2/2, base field no. 232/291, checking fields: 0
[ Info: 72_45: layer 2/2, base field no. 233/291, constructing abelian extensions
[ Info: 72_45: layer 2/2, base field no. 233/291, checking fields: 0
[ Info: 72_45: layer 2/2, base field no. 234/291, constructing abelian extensions
[ Info: 72_45: layer 2/2, base field no. 234/291, checking fields: 0
[ Info: 72_45: layer 2/2, base field no. 235/291, constructing abelian extensions
[ Info: 72_45: layer 2/2, base field no. 235/291, checking fields: 0
[ Info: 72_45: layer 2/2, base field no. 236/291, constructing abelian extensions
[ Info: 72_45: layer 2/2, base field no. 236/291, checking fields: 0
[ Info: 72_45: layer 2/2, base field no. 237/291, constructing abelian extensions
[ Info: 72_45: layer 2/2, base field no. 237/291, checking fields: 0
[ Info: 72_45: layer 2/2, base field no. 238/291, constructing abelian extensions
[ Info: 72_45: layer 2/2, base field no. 238/291, checking fields: 0
[ Info: 72_45: layer 2/2, base field no. 239/291, constructing abelian extensions
[ Info: 72_45: layer 2/2, base field no. 239/291, checking fields: 0
[ Info: 72_45: layer 2/2, base field no. 240/291, constructing abelian extensions
[ Info: 72_45: layer 2/2, base field no. 240/291, checking fields: 0
[ Info: 72_45: layer 2/2, base field no. 241/291, constructing abelian extensions
[ Info: 72_45: layer 2/2, base field no. 241/291, checking fields: 0
[ Info: 72_45: layer 2/2, base field no. 242/291, constructing abelian extensions
[ Info: 72_45: layer 2/2, base field no. 242/291, checking fields: 0
[ Info: 72_45: layer 2/2, base field no. 243/291, constructing abelian extensions
[ Info: 72_45: layer 2/2, base field no. 243/291, checking fields: 0
[ Info: 72_45: layer 2/2, base field no. 244/291, constructing abelian extensions
[ Info: 72_45: layer 2/2, base field no. 244/291, checking fields: 0
[ Info: 72_45: layer 2/2, base field no. 245/291, constructing abelian extensions
[ Info: 72_45: layer 2/2, base field no. 245/291, checking fields: 0
[ Info: 72_45: layer 2/2, base field no. 246/291, constructing abelian extensions
[ Info: 72_45: layer 2/2, base field no. 246/291, checking fields: 0
[ Info: 72_45: layer 2/2, base field no. 247/291, constructing abelian extensions
[ Info: 72_45: layer 2/2, base field no. 247/291, checking fields: 0
[ Info: 72_45: layer 2/2, base field no. 248/291, constructing abelian extensions
[ Info: 72_45: layer 2/2, base field no. 248/291, checking fields: 0
[ Info: 72_45: layer 2/2, base field no. 249/291, constructing abelian extensions
[ Info: 72_45: layer 2/2, base field no. 249/291, checking fields: 0
[ Info: 72_45: layer 2/2, base field no. 250/291, constructing abelian extensions
[ Info: 72_45: layer 2/2, base field no. 250/291, checking fields: 0
[ Info: 72_45: layer 2/2, base field no. 251/291, constructing abelian extensions
[ Info: 72_45: layer 2/2, base field no. 251/291, checking fields: 0
[ Info: 72_45: layer 2/2, base field no. 252/291, constructing abelian extensions
[ Info: 72_45: layer 2/2, base field no. 252/291, checking fields: 0
[ Info: 72_45: layer 2/2, base field no. 253/291, constructing abelian extensions
[ Info: 72_45: layer 2/2, base field no. 253/291, checking fields: 0
[ Info: 72_45: layer 2/2, base field no. 254/291, constructing abelian extensions
[ Info: 72_45: layer 2/2, base field no. 254/291, checking fields: 0
[ Info: 72_45: layer 2/2, base field no. 255/291, constructing abelian extensions
[ Info: 72_45: layer 2/2, base field no. 255/291, checking fields: 0
[ Info: 72_45: layer 2/2, base field no. 256/291, constructing abelian extensions
[ Info: 72_45: layer 2/2, base field no. 256/291, checking fields: 0
[ Info: 72_45: layer 2/2, base field no. 257/291, constructing abelian extensions
[ Info: 72_45: layer 2/2, base field no. 257/291, checking fields: 0
[ Info: 72_45: layer 2/2, base field no. 258/291, constructing abelian extensions
[ Info: 72_45: layer 2/2, base field no. 258/291, checking fields: 0
[ Info: 72_45: layer 2/2, base field no. 259/291, constructing abelian extensions
[ Info: 72_45: layer 2/2, base field no. 259/291, checking fields: 0
[ Info: 72_45: layer 2/2, base field no. 260/291, constructing abelian extensions
[ Info: 72_45: layer 2/2, base field no. 260/291, checking fields: 0
[ Info: 72_45: layer 2/2, base field no. 261/291, constructing abelian extensions
[ Info: 72_45: layer 2/2, base field no. 261/291, checking fields: 0
[ Info: 72_45: layer 2/2, base field no. 262/291, constructing abelian extensions
[ Info: 72_45: layer 2/2, base field no. 262/291, checking fields: 0
[ Info: 72_45: layer 2/2, base field no. 263/291, constructing abelian extensions
[ Info: 72_45: layer 2/2, base field no. 263/291, checking fields: 0
[ Info: 72_45: layer 2/2, base field no. 264/291, constructing abelian extensions
[ Info: 72_45: layer 2/2, base field no. 264/291, checking fields: 0
[ Info: 72_45: layer 2/2, base field no. 265/291, constructing abelian extensions
[ Info: 72_45: layer 2/2, base field no. 265/291, checking fields: 0
[ Info: 72_45: layer 2/2, base field no. 266/291, constructing abelian extensions
[ Info: 72_45: layer 2/2, base field no. 266/291, checking fields: 0
[ Info: 72_45: layer 2/2, base field no. 267/291, constructing abelian extensions
[ Info: 72_45: layer 2/2, base field no. 267/291, checking fields: 0
[ Info: 72_45: layer 2/2, base field no. 268/291, constructing abelian extensions
[ Info: 72_45: layer 2/2, base field no. 268/291, checking fields: 0
[ Info: 72_45: layer 2/2, base field no. 269/291, constructing abelian extensions
[ Info: 72_45: layer 2/2, base field no. 269/291, checking fields: 0
[ Info: 72_45: layer 2/2, base field no. 270/291, constructing abelian extensions
[ Info: 72_45: layer 2/2, base field no. 270/291, checking fields: 0
[ Info: 72_45: layer 2/2, base field no. 271/291, constructing abelian extensions
[ Info: 72_45: layer 2/2, base field no. 271/291, checking fields: 0
[ Info: 72_45: layer 2/2, base field no. 272/291, constructing abelian extensions
[ Info: 72_45: layer 2/2, base field no. 272/291, checking fields: 0
[ Info: 72_45: layer 2/2, base field no. 273/291, constructing abelian extensions
[ Info: 72_45: layer 2/2, base field no. 273/291, checking fields: 0
[ Info: 72_45: layer 2/2, base field no. 274/291, constructing abelian extensions
[ Info: 72_45: layer 2/2, base field no. 274/291, checking fields: 0
[ Info: 72_45: layer 2/2, base field no. 275/291, constructing abelian extensions
[ Info: 72_45: layer 2/2, base field no. 275/291, checking fields: 0
[ Info: 72_45: layer 2/2, base field no. 276/291, constructing abelian extensions
[ Info: 72_45: layer 2/2, base field no. 276/291, checking fields: 0
[ Info: 72_45: layer 2/2, base field no. 277/291, constructing abelian extensions
[ Info: 72_45: layer 2/2, base field no. 277/291, checking fields: 0
[ Info: 72_45: layer 2/2, base field no. 278/291, constructing abelian extensions
[ Info: 72_45: layer 2/2, base field no. 278/291, checking fields: 0
[ Info: 72_45: layer 2/2, base field no. 279/291, constructing abelian extensions
[ Info: 72_45: layer 2/2, base field no. 279/291, checking fields: 0
[ Info: 72_45: layer 2/2, base field no. 280/291, constructing abelian extensions
[ Info: 72_45: layer 2/2, base field no. 280/291, checking fields: 0
[ Info: 72_45: layer 2/2, base field no. 281/291, constructing abelian extensions
[ Info: 72_45: layer 2/2, base field no. 281/291, checking fields: 0
[ Info: 72_45: layer 2/2, base field no. 282/291, constructing abelian extensions
[ Info: 72_45: layer 2/2, base field no. 282/291, checking fields: 0
[ Info: 72_45: layer 2/2, base field no. 283/291, constructing abelian extensions
[ Info: 72_45: layer 2/2, base field no. 283/291, checking fields: 0
[ Info: 72_45: layer 2/2, base field no. 284/291, constructing abelian extensions
[ Info: 72_45: layer 2/2, base field no. 284/291, checking fields: 0
[ Info: 72_45: layer 2/2, base field no. 285/291, constructing abelian extensions
[ Info: 72_45: layer 2/2, base field no. 285/291, checking fields: 0
[ Info: 72_45: layer 2/2, base field no. 286/291, constructing abelian extensions
[ Info: 72_45: layer 2/2, base field no. 286/291, checking fields: 0
[ Info: 72_45: layer 2/2, base field no. 287/291, constructing abelian extensions
[ Info: 72_45: layer 2/2, base field no. 287/291, checking fields: 0
[ Info: 72_45: layer 2/2, base field no. 288/291, constructing abelian extensions
[ Info: 72_45: layer 2/2, base field no. 288/291, checking fields: 0
[ Info: 72_45: layer 2/2, base field no. 289/291, constructing abelian extensions
[ Info: 72_45: layer 2/2, base field no. 289/291, checking fields: 0
[ Info: 72_45: layer 2/2, base field no. 290/291, constructing abelian extensions
[ Info: 72_45: layer 2/2, base field no. 290/291, checking fields: 0
[ Info: 72_45: layer 2/2, base field no. 291/291, constructing abelian extensions
[ Info: 72_45: layer 2/2, base field no. 291/291, checking fields: 3
[ Info: 72_45: layer 2/2, base field no. 291/291, 1/3
[ Info: 72_45: layer 2/2, base field no. 291/291, 2/3
[ Info: 72_45: layer 2/2, base field no. 291/291, 3/3
6833.231258 seconds (12.37 G allocations: 3.213 TiB, 4.11% gc time, 0.32% compilation time: <1% of which was recompilation)
