[ Info: 32_50: File for first layer exists [2, 2, 2, 2], 100000000000000000005905580032; loading ...
[ Info: 32_50: layer 2/2, base field no. 1/11, constructing abelian extensions
[ Info: 32_50: layer 2/2, base field no. 1/11, checking fields: 149
[ Info: 32_50: layer 2/2, base field no. 1/11, 1/149
[ Info: 32_50: layer 2/2, base field no. 1/11, 2/149
[ Info: 32_50: layer 2/2, base field no. 1/11, 3/149
[ Info: 32_50: layer 2/2, base field no. 1/11, 4/149
[ Info: 32_50: layer 2/2, base field no. 1/11, 5/149
[ Info: 32_50: layer 2/2, base field no. 1/11, 6/149
[ Info: 32_50: layer 2/2, base field no. 1/11, 7/149
[ Info: 32_50: layer 2/2, base field no. 1/11, 8/149
[ Info: 32_50: layer 2/2, base field no. 1/11, 9/149
[ Info: 32_50: layer 2/2, base field no. 1/11, 10/149
[ Info: 32_50: layer 2/2, base field no. 1/11, 11/149
[ Info: 32_50: layer 2/2, base field no. 1/11, 12/149
[ Info: 32_50: layer 2/2, base field no. 1/11, 13/149
[ Info: 32_50: layer 2/2, base field no. 1/11, 14/149
[ Info: 32_50: layer 2/2, base field no. 1/11, 15/149
[ Info: 32_50: layer 2/2, base field no. 1/11, 16/149
[ Info: 32_50: layer 2/2, base field no. 1/11, 17/149
[ Info: 32_50: layer 2/2, base field no. 1/11, 18/149
[ Info: 32_50: layer 2/2, base field no. 1/11, 19/149
[ Info: 32_50: layer 2/2, base field no. 1/11, 20/149
[ Info: 32_50: layer 2/2, base field no. 1/11, 21/149
[ Info: 32_50: layer 2/2, base field no. 1/11, 22/149
[ Info: 32_50: layer 2/2, base field no. 1/11, 23/149
[ Info: 32_50: layer 2/2, base field no. 1/11, 24/149
[ Info: 32_50: layer 2/2, base field no. 1/11, 25/149
[ Info: 32_50: layer 2/2, base field no. 1/11, 26/149
[ Info: 32_50: layer 2/2, base field no. 1/11, 27/149
[ Info: 32_50: layer 2/2, base field no. 1/11, 28/149
[ Info: 32_50: layer 2/2, base field no. 1/11, 29/149
[ Info: 32_50: layer 2/2, base field no. 1/11, 30/149
[ Info: 32_50: layer 2/2, base field no. 1/11, 31/149
[ Info: 32_50: layer 2/2, base field no. 1/11, 32/149
[ Info: 32_50: layer 2/2, base field no. 1/11, 33/149
[ Info: 32_50: layer 2/2, base field no. 1/11, 34/149
[ Info: 32_50: layer 2/2, base field no. 1/11, 35/149
[ Info: 32_50: layer 2/2, base field no. 1/11, 36/149
[ Info: 32_50: layer 2/2, base field no. 1/11, 37/149
[ Info: 32_50: layer 2/2, base field no. 1/11, 38/149
[ Info: 32_50: layer 2/2, base field no. 1/11, 39/149
[ Info: 32_50: layer 2/2, base field no. 1/11, 40/149
[ Info: 32_50: layer 2/2, base field no. 1/11, 41/149
[ Info: 32_50: layer 2/2, base field no. 1/11, 42/149
[ Info: 32_50: layer 2/2, base field no. 1/11, 43/149
[ Info: 32_50: layer 2/2, base field no. 1/11, 44/149
[ Info: 32_50: layer 2/2, base field no. 1/11, 45/149
[ Info: 32_50: layer 2/2, base field no. 1/11, 46/149
[ Info: 32_50: layer 2/2, base field no. 1/11, 47/149
[ Info: 32_50: layer 2/2, base field no. 1/11, 48/149
[ Info: 32_50: layer 2/2, base field no. 1/11, 49/149
[ Info: 32_50: layer 2/2, base field no. 1/11, 50/149
[ Info: 32_50: layer 2/2, base field no. 1/11, 51/149
[ Info: 32_50: layer 2/2, base field no. 1/11, 52/149
[ Info: 32_50: layer 2/2, base field no. 1/11, 53/149
[ Info: 32_50: layer 2/2, base field no. 1/11, 54/149
[ Info: 32_50: layer 2/2, base field no. 1/11, 55/149
[ Info: 32_50: layer 2/2, base field no. 1/11, 56/149
[ Info: 32_50: layer 2/2, base field no. 1/11, 57/149
[ Info: 32_50: layer 2/2, base field no. 1/11, 58/149
[ Info: 32_50: layer 2/2, base field no. 1/11, 59/149
[ Info: 32_50: layer 2/2, base field no. 1/11, 60/149
[ Info: 32_50: layer 2/2, base field no. 1/11, 61/149
[ Info: 32_50: layer 2/2, base field no. 1/11, 62/149
[ Info: 32_50: layer 2/2, base field no. 1/11, 63/149
[ Info: 32_50: layer 2/2, base field no. 1/11, 64/149
[ Info: 32_50: layer 2/2, base field no. 1/11, 65/149
[ Info: 32_50: layer 2/2, base field no. 1/11, 66/149
[ Info: 32_50: layer 2/2, base field no. 1/11, 67/149
[ Info: 32_50: layer 2/2, base field no. 1/11, 68/149
[ Info: 32_50: layer 2/2, base field no. 1/11, 69/149
[ Info: 32_50: layer 2/2, base field no. 1/11, 70/149
[ Info: 32_50: layer 2/2, base field no. 1/11, 71/149
[ Info: 32_50: layer 2/2, base field no. 1/11, 72/149
[ Info: 32_50: layer 2/2, base field no. 1/11, 73/149
[ Info: 32_50: layer 2/2, base field no. 1/11, 74/149
[ Info: 32_50: layer 2/2, base field no. 1/11, 75/149
[ Info: 32_50: layer 2/2, base field no. 1/11, 76/149
[ Info: 32_50: layer 2/2, base field no. 1/11, 77/149
[ Info: 32_50: layer 2/2, base field no. 1/11, 78/149
[ Info: 32_50: layer 2/2, base field no. 1/11, 79/149
[ Info: 32_50: layer 2/2, base field no. 1/11, 80/149
[ Info: 32_50: layer 2/2, base field no. 1/11, 81/149
[ Info: 32_50: layer 2/2, base field no. 1/11, 82/149
[ Info: 32_50: layer 2/2, base field no. 1/11, 83/149
[ Info: 32_50: layer 2/2, base field no. 1/11, 84/149
[ Info: 32_50: layer 2/2, base field no. 1/11, 85/149
[ Info: 32_50: layer 2/2, base field no. 1/11, 86/149
[ Info: 32_50: layer 2/2, base field no. 1/11, 87/149
[ Info: 32_50: layer 2/2, base field no. 1/11, 88/149
[ Info: 32_50: layer 2/2, base field no. 1/11, 89/149
[ Info: 32_50: layer 2/2, base field no. 1/11, 90/149
[ Info: 32_50: layer 2/2, base field no. 1/11, 91/149
[ Info: 32_50: layer 2/2, base field no. 1/11, 92/149
[ Info: 32_50: layer 2/2, base field no. 1/11, 93/149
[ Info: 32_50: layer 2/2, base field no. 1/11, 94/149
[ Info: 32_50: layer 2/2, base field no. 1/11, 95/149
[ Info: 32_50: layer 2/2, base field no. 1/11, 96/149
[ Info: 32_50: layer 2/2, base field no. 1/11, 97/149
[ Info: 32_50: layer 2/2, base field no. 1/11, 98/149
[ Info: 32_50: layer 2/2, base field no. 1/11, 99/149
[ Info: 32_50: layer 2/2, base field no. 1/11, 100/149
[ Info: 32_50: layer 2/2, base field no. 1/11, 101/149
[ Info: 32_50: layer 2/2, base field no. 1/11, 102/149
[ Info: 32_50: layer 2/2, base field no. 1/11, 103/149
[ Info: 32_50: layer 2/2, base field no. 1/11, 104/149
[ Info: 32_50: layer 2/2, base field no. 1/11, 105/149
[ Info: 32_50: layer 2/2, base field no. 1/11, 106/149
[ Info: 32_50: layer 2/2, base field no. 1/11, 107/149
[ Info: 32_50: layer 2/2, base field no. 1/11, 108/149
[ Info: 32_50: layer 2/2, base field no. 1/11, 109/149
[ Info: 32_50: layer 2/2, base field no. 1/11, 110/149
[ Info: 32_50: layer 2/2, base field no. 1/11, 111/149
[ Info: 32_50: layer 2/2, base field no. 1/11, 112/149
[ Info: 32_50: layer 2/2, base field no. 1/11, 113/149
[ Info: 32_50: layer 2/2, base field no. 1/11, 114/149
[ Info: 32_50: layer 2/2, base field no. 1/11, 115/149
[ Info: 32_50: layer 2/2, base field no. 1/11, 116/149
[ Info: 32_50: layer 2/2, base field no. 1/11, 117/149
[ Info: 32_50: layer 2/2, base field no. 1/11, 118/149
[ Info: 32_50: layer 2/2, base field no. 1/11, 119/149
[ Info: 32_50: layer 2/2, base field no. 1/11, 120/149
[ Info: 32_50: layer 2/2, base field no. 1/11, 121/149
[ Info: 32_50: layer 2/2, base field no. 1/11, 122/149
[ Info: 32_50: layer 2/2, base field no. 1/11, 123/149
[ Info: 32_50: layer 2/2, base field no. 1/11, 124/149
[ Info: 32_50: layer 2/2, base field no. 1/11, 125/149
[ Info: 32_50: layer 2/2, base field no. 1/11, 126/149
[ Info: 32_50: layer 2/2, base field no. 1/11, 127/149
[ Info: 32_50: layer 2/2, base field no. 1/11, 128/149
[ Info: 32_50: layer 2/2, base field no. 1/11, 129/149
[ Info: 32_50: layer 2/2, base field no. 1/11, 130/149
[ Info: 32_50: layer 2/2, base field no. 1/11, 131/149
[ Info: 32_50: layer 2/2, base field no. 1/11, 132/149
[ Info: 32_50: layer 2/2, base field no. 1/11, 133/149
[ Info: 32_50: layer 2/2, base field no. 1/11, 134/149
[ Info: 32_50: layer 2/2, base field no. 1/11, 135/149
[ Info: 32_50: layer 2/2, base field no. 1/11, 136/149
[ Info: 32_50: layer 2/2, base field no. 1/11, 137/149
[ Info: 32_50: layer 2/2, base field no. 1/11, 138/149
[ Info: 32_50: layer 2/2, base field no. 1/11, 139/149
[ Info: 32_50: layer 2/2, base field no. 1/11, 140/149
[ Info: 32_50: layer 2/2, base field no. 1/11, 141/149
[ Info: 32_50: layer 2/2, base field no. 1/11, 142/149
[ Info: 32_50: layer 2/2, base field no. 1/11, 143/149
[ Info: 32_50: layer 2/2, base field no. 1/11, 144/149
[ Info: 32_50: layer 2/2, base field no. 1/11, 145/149
[ Info: 32_50: layer 2/2, base field no. 1/11, 146/149
[ Info: 32_50: layer 2/2, base field no. 1/11, 147/149
[ Info: 32_50: layer 2/2, base field no. 1/11, 148/149
[ Info: 32_50: layer 2/2, base field no. 1/11, 149/149
[ Info: 32_50: layer 2/2, base field no. 2/11, constructing abelian extensions
[ Info: 32_50: layer 2/2, base field no. 2/11, checking fields: 117
[ Info: 32_50: layer 2/2, base field no. 2/11, 1/117
[ Info: 32_50: layer 2/2, base field no. 2/11, 2/117
[ Info: 32_50: layer 2/2, base field no. 2/11, 3/117
[ Info: 32_50: layer 2/2, base field no. 2/11, 4/117
[ Info: 32_50: layer 2/2, base field no. 2/11, 5/117
[ Info: 32_50: layer 2/2, base field no. 2/11, 6/117
[ Info: 32_50: layer 2/2, base field no. 2/11, 7/117
[ Info: 32_50: layer 2/2, base field no. 2/11, 8/117
[ Info: 32_50: layer 2/2, base field no. 2/11, 9/117
[ Info: 32_50: layer 2/2, base field no. 2/11, 10/117
[ Info: 32_50: layer 2/2, base field no. 2/11, 11/117
[ Info: 32_50: layer 2/2, base field no. 2/11, 12/117
[ Info: 32_50: layer 2/2, base field no. 2/11, 13/117
[ Info: 32_50: layer 2/2, base field no. 2/11, 14/117
[ Info: 32_50: layer 2/2, base field no. 2/11, 15/117
[ Info: 32_50: layer 2/2, base field no. 2/11, 16/117
[ Info: 32_50: layer 2/2, base field no. 2/11, 17/117
[ Info: 32_50: layer 2/2, base field no. 2/11, 18/117
[ Info: 32_50: layer 2/2, base field no. 2/11, 19/117
[ Info: 32_50: layer 2/2, base field no. 2/11, 20/117
[ Info: 32_50: layer 2/2, base field no. 2/11, 21/117
[ Info: 32_50: layer 2/2, base field no. 2/11, 22/117
[ Info: 32_50: layer 2/2, base field no. 2/11, 23/117
[ Info: 32_50: layer 2/2, base field no. 2/11, 24/117
[ Info: 32_50: layer 2/2, base field no. 2/11, 25/117
[ Info: 32_50: layer 2/2, base field no. 2/11, 26/117
[ Info: 32_50: layer 2/2, base field no. 2/11, 27/117
[ Info: 32_50: layer 2/2, base field no. 2/11, 28/117
[ Info: 32_50: layer 2/2, base field no. 2/11, 29/117
[ Info: 32_50: layer 2/2, base field no. 2/11, 30/117
[ Info: 32_50: layer 2/2, base field no. 2/11, 31/117
[ Info: 32_50: layer 2/2, base field no. 2/11, 32/117
[ Info: 32_50: layer 2/2, base field no. 2/11, 33/117
[ Info: 32_50: layer 2/2, base field no. 2/11, 34/117
[ Info: 32_50: layer 2/2, base field no. 2/11, 35/117
[ Info: 32_50: layer 2/2, base field no. 2/11, 36/117
[ Info: 32_50: layer 2/2, base field no. 2/11, 37/117
[ Info: 32_50: layer 2/2, base field no. 2/11, 38/117
[ Info: 32_50: layer 2/2, base field no. 2/11, 39/117
[ Info: 32_50: layer 2/2, base field no. 2/11, 40/117
[ Info: 32_50: layer 2/2, base field no. 2/11, 41/117
[ Info: 32_50: layer 2/2, base field no. 2/11, 42/117
[ Info: 32_50: layer 2/2, base field no. 2/11, 43/117
[ Info: 32_50: layer 2/2, base field no. 2/11, 44/117
[ Info: 32_50: layer 2/2, base field no. 2/11, 45/117
[ Info: 32_50: layer 2/2, base field no. 2/11, 46/117
[ Info: 32_50: layer 2/2, base field no. 2/11, 47/117
[ Info: 32_50: layer 2/2, base field no. 2/11, 48/117
[ Info: 32_50: layer 2/2, base field no. 2/11, 49/117
[ Info: 32_50: layer 2/2, base field no. 2/11, 50/117
[ Info: 32_50: layer 2/2, base field no. 2/11, 51/117
[ Info: 32_50: layer 2/2, base field no. 2/11, 52/117
[ Info: 32_50: layer 2/2, base field no. 2/11, 53/117
[ Info: 32_50: layer 2/2, base field no. 2/11, 54/117
[ Info: 32_50: layer 2/2, base field no. 2/11, 55/117
[ Info: 32_50: layer 2/2, base field no. 2/11, 56/117
[ Info: 32_50: layer 2/2, base field no. 2/11, 57/117
[ Info: 32_50: layer 2/2, base field no. 2/11, 58/117
[ Info: 32_50: layer 2/2, base field no. 2/11, 59/117
[ Info: 32_50: layer 2/2, base field no. 2/11, 60/117
[ Info: 32_50: layer 2/2, base field no. 2/11, 61/117
[ Info: 32_50: layer 2/2, base field no. 2/11, 62/117
[ Info: 32_50: layer 2/2, base field no. 2/11, 63/117
[ Info: 32_50: layer 2/2, base field no. 2/11, 64/117
[ Info: 32_50: layer 2/2, base field no. 2/11, 65/117
[ Info: 32_50: layer 2/2, base field no. 2/11, 66/117
[ Info: 32_50: layer 2/2, base field no. 2/11, 67/117
[ Info: 32_50: layer 2/2, base field no. 2/11, 68/117
[ Info: 32_50: layer 2/2, base field no. 2/11, 69/117
[ Info: 32_50: layer 2/2, base field no. 2/11, 70/117
[ Info: 32_50: layer 2/2, base field no. 2/11, 71/117
[ Info: 32_50: layer 2/2, base field no. 2/11, 72/117
[ Info: 32_50: layer 2/2, base field no. 2/11, 73/117
[ Info: 32_50: layer 2/2, base field no. 2/11, 74/117
[ Info: 32_50: layer 2/2, base field no. 2/11, 75/117
[ Info: 32_50: layer 2/2, base field no. 2/11, 76/117
[ Info: 32_50: layer 2/2, base field no. 2/11, 77/117
[ Info: 32_50: layer 2/2, base field no. 2/11, 78/117
[ Info: 32_50: layer 2/2, base field no. 2/11, 79/117
[ Info: 32_50: layer 2/2, base field no. 2/11, 80/117
[ Info: 32_50: layer 2/2, base field no. 2/11, 81/117
[ Info: 32_50: layer 2/2, base field no. 2/11, 82/117
[ Info: 32_50: layer 2/2, base field no. 2/11, 83/117
[ Info: 32_50: layer 2/2, base field no. 2/11, 84/117
[ Info: 32_50: layer 2/2, base field no. 2/11, 85/117
[ Info: 32_50: layer 2/2, base field no. 2/11, 86/117
[ Info: 32_50: layer 2/2, base field no. 2/11, 87/117
[ Info: 32_50: layer 2/2, base field no. 2/11, 88/117
[ Info: 32_50: layer 2/2, base field no. 2/11, 89/117
[ Info: 32_50: layer 2/2, base field no. 2/11, 90/117
[ Info: 32_50: layer 2/2, base field no. 2/11, 91/117
[ Info: 32_50: layer 2/2, base field no. 2/11, 92/117
[ Info: 32_50: layer 2/2, base field no. 2/11, 93/117
[ Info: 32_50: layer 2/2, base field no. 2/11, 94/117
[ Info: 32_50: layer 2/2, base field no. 2/11, 95/117
[ Info: 32_50: layer 2/2, base field no. 2/11, 96/117
[ Info: 32_50: layer 2/2, base field no. 2/11, 97/117
[ Info: 32_50: layer 2/2, base field no. 2/11, 98/117
[ Info: 32_50: layer 2/2, base field no. 2/11, 99/117
[ Info: 32_50: layer 2/2, base field no. 2/11, 100/117
[ Info: 32_50: layer 2/2, base field no. 2/11, 101/117
[ Info: 32_50: layer 2/2, base field no. 2/11, 102/117
[ Info: 32_50: layer 2/2, base field no. 2/11, 103/117
[ Info: 32_50: layer 2/2, base field no. 2/11, 104/117
[ Info: 32_50: layer 2/2, base field no. 2/11, 105/117
[ Info: 32_50: layer 2/2, base field no. 2/11, 106/117
[ Info: 32_50: layer 2/2, base field no. 2/11, 107/117
[ Info: 32_50: layer 2/2, base field no. 2/11, 108/117
[ Info: 32_50: layer 2/2, base field no. 2/11, 109/117
[ Info: 32_50: layer 2/2, base field no. 2/11, 110/117
[ Info: 32_50: layer 2/2, base field no. 2/11, 111/117
[ Info: 32_50: layer 2/2, base field no. 2/11, 112/117
[ Info: 32_50: layer 2/2, base field no. 2/11, 113/117
[ Info: 32_50: layer 2/2, base field no. 2/11, 114/117
[ Info: 32_50: layer 2/2, base field no. 2/11, 115/117
[ Info: 32_50: layer 2/2, base field no. 2/11, 116/117
[ Info: 32_50: layer 2/2, base field no. 2/11, 117/117
[ Info: 32_50: layer 2/2, base field no. 3/11, constructing abelian extensions
[ Info: 32_50: layer 2/2, base field no. 3/11, checking fields: 79
[ Info: 32_50: layer 2/2, base field no. 3/11, 1/79
[ Info: 32_50: layer 2/2, base field no. 3/11, 2/79
[ Info: 32_50: layer 2/2, base field no. 3/11, 3/79
[ Info: 32_50: layer 2/2, base field no. 3/11, 4/79
[ Info: 32_50: layer 2/2, base field no. 3/11, 5/79
[ Info: 32_50: layer 2/2, base field no. 3/11, 6/79
[ Info: 32_50: layer 2/2, base field no. 3/11, 7/79
[ Info: 32_50: layer 2/2, base field no. 3/11, 8/79
[ Info: 32_50: layer 2/2, base field no. 3/11, 9/79
[ Info: 32_50: layer 2/2, base field no. 3/11, 10/79
[ Info: 32_50: layer 2/2, base field no. 3/11, 11/79
[ Info: 32_50: layer 2/2, base field no. 3/11, 12/79
[ Info: 32_50: layer 2/2, base field no. 3/11, 13/79
[ Info: 32_50: layer 2/2, base field no. 3/11, 14/79
[ Info: 32_50: layer 2/2, base field no. 3/11, 15/79
[ Info: 32_50: layer 2/2, base field no. 3/11, 16/79
[ Info: 32_50: layer 2/2, base field no. 3/11, 17/79
[ Info: 32_50: layer 2/2, base field no. 3/11, 18/79
[ Info: 32_50: layer 2/2, base field no. 3/11, 19/79
[ Info: 32_50: layer 2/2, base field no. 3/11, 20/79
[ Info: 32_50: layer 2/2, base field no. 3/11, 21/79
[ Info: 32_50: layer 2/2, base field no. 3/11, 22/79
[ Info: 32_50: layer 2/2, base field no. 3/11, 23/79
[ Info: 32_50: layer 2/2, base field no. 3/11, 24/79
[ Info: 32_50: layer 2/2, base field no. 3/11, 25/79
[ Info: 32_50: layer 2/2, base field no. 3/11, 26/79
[ Info: 32_50: layer 2/2, base field no. 3/11, 27/79
[ Info: 32_50: layer 2/2, base field no. 3/11, 28/79
[ Info: 32_50: layer 2/2, base field no. 3/11, 29/79
[ Info: 32_50: layer 2/2, base field no. 3/11, 30/79
[ Info: 32_50: layer 2/2, base field no. 3/11, 31/79
[ Info: 32_50: layer 2/2, base field no. 3/11, 32/79
[ Info: 32_50: layer 2/2, base field no. 3/11, 33/79
[ Info: 32_50: layer 2/2, base field no. 3/11, 34/79
[ Info: 32_50: layer 2/2, base field no. 3/11, 35/79
[ Info: 32_50: layer 2/2, base field no. 3/11, 36/79
[ Info: 32_50: layer 2/2, base field no. 3/11, 37/79
[ Info: 32_50: layer 2/2, base field no. 3/11, 38/79
[ Info: 32_50: layer 2/2, base field no. 3/11, 39/79
[ Info: 32_50: layer 2/2, base field no. 3/11, 40/79
[ Info: 32_50: layer 2/2, base field no. 3/11, 41/79
[ Info: 32_50: layer 2/2, base field no. 3/11, 42/79
[ Info: 32_50: layer 2/2, base field no. 3/11, 43/79
[ Info: 32_50: layer 2/2, base field no. 3/11, 44/79
[ Info: 32_50: layer 2/2, base field no. 3/11, 45/79
[ Info: 32_50: layer 2/2, base field no. 3/11, 46/79
[ Info: 32_50: layer 2/2, base field no. 3/11, 47/79
[ Info: 32_50: layer 2/2, base field no. 3/11, 48/79
[ Info: 32_50: layer 2/2, base field no. 3/11, 49/79
[ Info: 32_50: layer 2/2, base field no. 3/11, 50/79
[ Info: 32_50: layer 2/2, base field no. 3/11, 51/79
[ Info: 32_50: layer 2/2, base field no. 3/11, 52/79
[ Info: 32_50: layer 2/2, base field no. 3/11, 53/79
[ Info: 32_50: layer 2/2, base field no. 3/11, 54/79
[ Info: 32_50: layer 2/2, base field no. 3/11, 55/79
[ Info: 32_50: layer 2/2, base field no. 3/11, 56/79
[ Info: 32_50: layer 2/2, base field no. 3/11, 57/79
[ Info: 32_50: layer 2/2, base field no. 3/11, 58/79
[ Info: 32_50: layer 2/2, base field no. 3/11, 59/79
[ Info: 32_50: layer 2/2, base field no. 3/11, 60/79
[ Info: 32_50: layer 2/2, base field no. 3/11, 61/79
[ Info: 32_50: layer 2/2, base field no. 3/11, 62/79
[ Info: 32_50: layer 2/2, base field no. 3/11, 63/79
[ Info: 32_50: layer 2/2, base field no. 3/11, 64/79
[ Info: 32_50: layer 2/2, base field no. 3/11, 65/79
[ Info: 32_50: layer 2/2, base field no. 3/11, 66/79
[ Info: 32_50: layer 2/2, base field no. 3/11, 67/79
[ Info: 32_50: layer 2/2, base field no. 3/11, 68/79
[ Info: 32_50: layer 2/2, base field no. 3/11, 69/79
[ Info: 32_50: layer 2/2, base field no. 3/11, 70/79
[ Info: 32_50: layer 2/2, base field no. 3/11, 71/79
[ Info: 32_50: layer 2/2, base field no. 3/11, 72/79
[ Info: 32_50: layer 2/2, base field no. 3/11, 73/79
[ Info: 32_50: layer 2/2, base field no. 3/11, 74/79
[ Info: 32_50: layer 2/2, base field no. 3/11, 75/79
[ Info: 32_50: layer 2/2, base field no. 3/11, 76/79
[ Info: 32_50: layer 2/2, base field no. 3/11, 77/79
[ Info: 32_50: layer 2/2, base field no. 3/11, 78/79
[ Info: 32_50: layer 2/2, base field no. 3/11, 79/79
[ Info: 32_50: layer 2/2, base field no. 4/11, constructing abelian extensions
[ Info: 32_50: layer 2/2, base field no. 4/11, checking fields: 75
[ Info: 32_50: layer 2/2, base field no. 4/11, 1/75
[ Info: 32_50: layer 2/2, base field no. 4/11, 2/75
[ Info: 32_50: layer 2/2, base field no. 4/11, 3/75
[ Info: 32_50: layer 2/2, base field no. 4/11, 4/75
[ Info: 32_50: layer 2/2, base field no. 4/11, 5/75
[ Info: 32_50: layer 2/2, base field no. 4/11, 6/75
[ Info: 32_50: layer 2/2, base field no. 4/11, 7/75
[ Info: 32_50: layer 2/2, base field no. 4/11, 8/75
[ Info: 32_50: layer 2/2, base field no. 4/11, 9/75
[ Info: 32_50: layer 2/2, base field no. 4/11, 10/75
[ Info: 32_50: layer 2/2, base field no. 4/11, 11/75
[ Info: 32_50: layer 2/2, base field no. 4/11, 12/75
[ Info: 32_50: layer 2/2, base field no. 4/11, 13/75
[ Info: 32_50: layer 2/2, base field no. 4/11, 14/75
[ Info: 32_50: layer 2/2, base field no. 4/11, 15/75
[ Info: 32_50: layer 2/2, base field no. 4/11, 16/75
[ Info: 32_50: layer 2/2, base field no. 4/11, 17/75
[ Info: 32_50: layer 2/2, base field no. 4/11, 18/75
[ Info: 32_50: layer 2/2, base field no. 4/11, 19/75
[ Info: 32_50: layer 2/2, base field no. 4/11, 20/75
[ Info: 32_50: layer 2/2, base field no. 4/11, 21/75
[ Info: 32_50: layer 2/2, base field no. 4/11, 22/75
[ Info: 32_50: layer 2/2, base field no. 4/11, 23/75
[ Info: 32_50: layer 2/2, base field no. 4/11, 24/75
[ Info: 32_50: layer 2/2, base field no. 4/11, 25/75
[ Info: 32_50: layer 2/2, base field no. 4/11, 26/75
[ Info: 32_50: layer 2/2, base field no. 4/11, 27/75
[ Info: 32_50: layer 2/2, base field no. 4/11, 28/75
[ Info: 32_50: layer 2/2, base field no. 4/11, 29/75
[ Info: 32_50: layer 2/2, base field no. 4/11, 30/75
[ Info: 32_50: layer 2/2, base field no. 4/11, 31/75
[ Info: 32_50: layer 2/2, base field no. 4/11, 32/75
[ Info: 32_50: layer 2/2, base field no. 4/11, 33/75
[ Info: 32_50: layer 2/2, base field no. 4/11, 34/75
[ Info: 32_50: layer 2/2, base field no. 4/11, 35/75
[ Info: 32_50: layer 2/2, base field no. 4/11, 36/75
[ Info: 32_50: layer 2/2, base field no. 4/11, 37/75
[ Info: 32_50: layer 2/2, base field no. 4/11, 38/75
[ Info: 32_50: layer 2/2, base field no. 4/11, 39/75
[ Info: 32_50: layer 2/2, base field no. 4/11, 40/75
[ Info: 32_50: layer 2/2, base field no. 4/11, 41/75
[ Info: 32_50: layer 2/2, base field no. 4/11, 42/75
[ Info: 32_50: layer 2/2, base field no. 4/11, 43/75
[ Info: 32_50: layer 2/2, base field no. 4/11, 44/75
[ Info: 32_50: layer 2/2, base field no. 4/11, 45/75
[ Info: 32_50: layer 2/2, base field no. 4/11, 46/75
[ Info: 32_50: layer 2/2, base field no. 4/11, 47/75
[ Info: 32_50: layer 2/2, base field no. 4/11, 48/75
[ Info: 32_50: layer 2/2, base field no. 4/11, 49/75
[ Info: 32_50: layer 2/2, base field no. 4/11, 50/75
[ Info: 32_50: layer 2/2, base field no. 4/11, 51/75
[ Info: 32_50: layer 2/2, base field no. 4/11, 52/75
[ Info: 32_50: layer 2/2, base field no. 4/11, 53/75
[ Info: 32_50: layer 2/2, base field no. 4/11, 54/75
[ Info: 32_50: layer 2/2, base field no. 4/11, 55/75
[ Info: 32_50: layer 2/2, base field no. 4/11, 56/75
[ Info: 32_50: layer 2/2, base field no. 4/11, 57/75
[ Info: 32_50: layer 2/2, base field no. 4/11, 58/75
[ Info: 32_50: layer 2/2, base field no. 4/11, 59/75
[ Info: 32_50: layer 2/2, base field no. 4/11, 60/75
[ Info: 32_50: layer 2/2, base field no. 4/11, 61/75
[ Info: 32_50: layer 2/2, base field no. 4/11, 62/75
[ Info: 32_50: layer 2/2, base field no. 4/11, 63/75
[ Info: 32_50: layer 2/2, base field no. 4/11, 64/75
[ Info: 32_50: layer 2/2, base field no. 4/11, 65/75
[ Info: 32_50: layer 2/2, base field no. 4/11, 66/75
[ Info: 32_50: layer 2/2, base field no. 4/11, 67/75
[ Info: 32_50: layer 2/2, base field no. 4/11, 68/75
[ Info: 32_50: layer 2/2, base field no. 4/11, 69/75
[ Info: 32_50: layer 2/2, base field no. 4/11, 70/75
[ Info: 32_50: layer 2/2, base field no. 4/11, 71/75
[ Info: 32_50: layer 2/2, base field no. 4/11, 72/75
[ Info: 32_50: layer 2/2, base field no. 4/11, 73/75
[ Info: 32_50: layer 2/2, base field no. 4/11, 74/75
[ Info: 32_50: layer 2/2, base field no. 4/11, 75/75
[ Info: 32_50: layer 2/2, base field no. 5/11, constructing abelian extensions
[ Info: 32_50: layer 2/2, base field no. 5/11, checking fields: 75
[ Info: 32_50: layer 2/2, base field no. 5/11, 1/75
[ Info: 32_50: layer 2/2, base field no. 5/11, 2/75
[ Info: 32_50: layer 2/2, base field no. 5/11, 3/75
[ Info: 32_50: layer 2/2, base field no. 5/11, 4/75
[ Info: 32_50: layer 2/2, base field no. 5/11, 5/75
[ Info: 32_50: layer 2/2, base field no. 5/11, 6/75
[ Info: 32_50: layer 2/2, base field no. 5/11, 7/75
[ Info: 32_50: layer 2/2, base field no. 5/11, 8/75
[ Info: 32_50: layer 2/2, base field no. 5/11, 9/75
[ Info: 32_50: layer 2/2, base field no. 5/11, 10/75
[ Info: 32_50: layer 2/2, base field no. 5/11, 11/75
[ Info: 32_50: layer 2/2, base field no. 5/11, 12/75
[ Info: 32_50: layer 2/2, base field no. 5/11, 13/75
[ Info: 32_50: layer 2/2, base field no. 5/11, 14/75
[ Info: 32_50: layer 2/2, base field no. 5/11, 15/75
[ Info: 32_50: layer 2/2, base field no. 5/11, 16/75
[ Info: 32_50: layer 2/2, base field no. 5/11, 17/75
[ Info: 32_50: layer 2/2, base field no. 5/11, 18/75
[ Info: 32_50: layer 2/2, base field no. 5/11, 19/75
[ Info: 32_50: layer 2/2, base field no. 5/11, 20/75
[ Info: 32_50: layer 2/2, base field no. 5/11, 21/75
[ Info: 32_50: layer 2/2, base field no. 5/11, 22/75
[ Info: 32_50: layer 2/2, base field no. 5/11, 23/75
[ Info: 32_50: layer 2/2, base field no. 5/11, 24/75
[ Info: 32_50: layer 2/2, base field no. 5/11, 25/75
[ Info: 32_50: layer 2/2, base field no. 5/11, 26/75
[ Info: 32_50: layer 2/2, base field no. 5/11, 27/75
[ Info: 32_50: layer 2/2, base field no. 5/11, 28/75
[ Info: 32_50: layer 2/2, base field no. 5/11, 29/75
[ Info: 32_50: layer 2/2, base field no. 5/11, 30/75
[ Info: 32_50: layer 2/2, base field no. 5/11, 31/75
[ Info: 32_50: layer 2/2, base field no. 5/11, 32/75
[ Info: 32_50: layer 2/2, base field no. 5/11, 33/75
[ Info: 32_50: layer 2/2, base field no. 5/11, 34/75
[ Info: 32_50: layer 2/2, base field no. 5/11, 35/75
[ Info: 32_50: layer 2/2, base field no. 5/11, 36/75
[ Info: 32_50: layer 2/2, base field no. 5/11, 37/75
[ Info: 32_50: layer 2/2, base field no. 5/11, 38/75
[ Info: 32_50: layer 2/2, base field no. 5/11, 39/75
[ Info: 32_50: layer 2/2, base field no. 5/11, 40/75
[ Info: 32_50: layer 2/2, base field no. 5/11, 41/75
[ Info: 32_50: layer 2/2, base field no. 5/11, 42/75
[ Info: 32_50: layer 2/2, base field no. 5/11, 43/75
[ Info: 32_50: layer 2/2, base field no. 5/11, 44/75
[ Info: 32_50: layer 2/2, base field no. 5/11, 45/75
[ Info: 32_50: layer 2/2, base field no. 5/11, 46/75
[ Info: 32_50: layer 2/2, base field no. 5/11, 47/75
[ Info: 32_50: layer 2/2, base field no. 5/11, 48/75
[ Info: 32_50: layer 2/2, base field no. 5/11, 49/75
[ Info: 32_50: layer 2/2, base field no. 5/11, 50/75
[ Info: 32_50: layer 2/2, base field no. 5/11, 51/75
[ Info: 32_50: layer 2/2, base field no. 5/11, 52/75
[ Info: 32_50: layer 2/2, base field no. 5/11, 53/75
[ Info: 32_50: layer 2/2, base field no. 5/11, 54/75
[ Info: 32_50: layer 2/2, base field no. 5/11, 55/75
[ Info: 32_50: layer 2/2, base field no. 5/11, 56/75
[ Info: 32_50: layer 2/2, base field no. 5/11, 57/75
[ Info: 32_50: layer 2/2, base field no. 5/11, 58/75
[ Info: 32_50: layer 2/2, base field no. 5/11, 59/75
[ Info: 32_50: layer 2/2, base field no. 5/11, 60/75
[ Info: 32_50: layer 2/2, base field no. 5/11, 61/75
[ Info: 32_50: layer 2/2, base field no. 5/11, 62/75
[ Info: 32_50: layer 2/2, base field no. 5/11, 63/75
[ Info: 32_50: layer 2/2, base field no. 5/11, 64/75
[ Info: 32_50: layer 2/2, base field no. 5/11, 65/75
[ Info: 32_50: layer 2/2, base field no. 5/11, 66/75
[ Info: 32_50: layer 2/2, base field no. 5/11, 67/75
[ Info: 32_50: layer 2/2, base field no. 5/11, 68/75
[ Info: 32_50: layer 2/2, base field no. 5/11, 69/75
[ Info: 32_50: layer 2/2, base field no. 5/11, 70/75
[ Info: 32_50: layer 2/2, base field no. 5/11, 71/75
[ Info: 32_50: layer 2/2, base field no. 5/11, 72/75
[ Info: 32_50: layer 2/2, base field no. 5/11, 73/75
[ Info: 32_50: layer 2/2, base field no. 5/11, 74/75
[ Info: 32_50: layer 2/2, base field no. 5/11, 75/75
[ Info: 32_50: layer 2/2, base field no. 6/11, constructing abelian extensions
[ Info: 32_50: layer 2/2, base field no. 6/11, checking fields: 35
[ Info: 32_50: layer 2/2, base field no. 6/11, 1/35
[ Info: 32_50: layer 2/2, base field no. 6/11, 2/35
[ Info: 32_50: layer 2/2, base field no. 6/11, 3/35
[ Info: 32_50: layer 2/2, base field no. 6/11, 4/35
[ Info: 32_50: layer 2/2, base field no. 6/11, 5/35
[ Info: 32_50: layer 2/2, base field no. 6/11, 6/35
[ Info: 32_50: layer 2/2, base field no. 6/11, 7/35
[ Info: 32_50: layer 2/2, base field no. 6/11, 8/35
[ Info: 32_50: layer 2/2, base field no. 6/11, 9/35
[ Info: 32_50: layer 2/2, base field no. 6/11, 10/35
[ Info: 32_50: layer 2/2, base field no. 6/11, 11/35
[ Info: 32_50: layer 2/2, base field no. 6/11, 12/35
[ Info: 32_50: layer 2/2, base field no. 6/11, 13/35
[ Info: 32_50: layer 2/2, base field no. 6/11, 14/35
[ Info: 32_50: layer 2/2, base field no. 6/11, 15/35
[ Info: 32_50: layer 2/2, base field no. 6/11, 16/35
[ Info: 32_50: layer 2/2, base field no. 6/11, 17/35
[ Info: 32_50: layer 2/2, base field no. 6/11, 18/35
[ Info: 32_50: layer 2/2, base field no. 6/11, 19/35
[ Info: 32_50: layer 2/2, base field no. 6/11, 20/35
[ Info: 32_50: layer 2/2, base field no. 6/11, 21/35
[ Info: 32_50: layer 2/2, base field no. 6/11, 22/35
[ Info: 32_50: layer 2/2, base field no. 6/11, 23/35
[ Info: 32_50: layer 2/2, base field no. 6/11, 24/35
[ Info: 32_50: layer 2/2, base field no. 6/11, 25/35
[ Info: 32_50: layer 2/2, base field no. 6/11, 26/35
[ Info: 32_50: layer 2/2, base field no. 6/11, 27/35
[ Info: 32_50: layer 2/2, base field no. 6/11, 28/35
[ Info: 32_50: layer 2/2, base field no. 6/11, 29/35
[ Info: 32_50: layer 2/2, base field no. 6/11, 30/35
[ Info: 32_50: layer 2/2, base field no. 6/11, 31/35
[ Info: 32_50: layer 2/2, base field no. 6/11, 32/35
[ Info: 32_50: layer 2/2, base field no. 6/11, 33/35
[ Info: 32_50: layer 2/2, base field no. 6/11, 34/35
[ Info: 32_50: layer 2/2, base field no. 6/11, 35/35
[ Info: 32_50: layer 2/2, base field no. 7/11, constructing abelian extensions
[ Info: 32_50: layer 2/2, base field no. 7/11, checking fields: 7
[ Info: 32_50: layer 2/2, base field no. 7/11, 1/7
[ Info: 32_50: layer 2/2, base field no. 7/11, 2/7
[ Info: 32_50: layer 2/2, base field no. 7/11, 3/7
[ Info: 32_50: layer 2/2, base field no. 7/11, 4/7
[ Info: 32_50: layer 2/2, base field no. 7/11, 5/7
[ Info: 32_50: layer 2/2, base field no. 7/11, 6/7
[ Info: 32_50: layer 2/2, base field no. 7/11, 7/7
[ Info: 32_50: layer 2/2, base field no. 8/11, constructing abelian extensions
[ Info: 32_50: layer 2/2, base field no. 8/11, checking fields: 2
[ Info: 32_50: layer 2/2, base field no. 8/11, 1/2
[ Info: 32_50: layer 2/2, base field no. 8/11, 2/2
[ Info: 32_50: layer 2/2, base field no. 9/11, constructing abelian extensions
[ Info: 32_50: layer 2/2, base field no. 9/11, checking fields: 2
[ Info: 32_50: layer 2/2, base field no. 9/11, 1/2
[ Info: 32_50: layer 2/2, base field no. 9/11, 2/2
[ Info: 32_50: layer 2/2, base field no. 10/11, constructing abelian extensions
[ Info: 32_50: layer 2/2, base field no. 10/11, checking fields: 1
[ Info: 32_50: layer 2/2, base field no. 10/11, 1/1
[ Info: 32_50: layer 2/2, base field no. 11/11, constructing abelian extensions
[ Info: 32_50: layer 2/2, base field no. 11/11, checking fields: 2
[ Info: 32_50: layer 2/2, base field no. 11/11, 1/2
[ Info: 32_50: layer 2/2, base field no. 11/11, 2/2
1471.682299 seconds (5.22 G allocations: 343.073 GiB, 8.08% gc time, 0.81% compilation time: 2% of which was recompilation)
