[ Info: 48_49: File for first layer exists [2, 6], 562341325190349080416; loading ...
[ Info: 48_49: layer 2/2, base field no. 1/188, constructing abelian extensions
[ Info: 48_49: layer 2/2, base field no. 1/188, checking fields: 27
[ Info: 48_49: layer 2/2, base field no. 1/188, 1/27
[ Info: 48_49: layer 2/2, base field no. 1/188, 2/27
[ Info: 48_49: layer 2/2, base field no. 1/188, 3/27
[ Info: 48_49: layer 2/2, base field no. 1/188, 4/27
[ Info: 48_49: layer 2/2, base field no. 1/188, 5/27
[ Info: 48_49: layer 2/2, base field no. 1/188, 6/27
[ Info: 48_49: layer 2/2, base field no. 1/188, 7/27
[ Info: 48_49: layer 2/2, base field no. 1/188, 8/27
[ Info: 48_49: layer 2/2, base field no. 1/188, 9/27
[ Info: 48_49: layer 2/2, base field no. 1/188, 10/27
[ Info: 48_49: layer 2/2, base field no. 1/188, 11/27
[ Info: 48_49: layer 2/2, base field no. 1/188, 12/27
[ Info: 48_49: layer 2/2, base field no. 1/188, 13/27
[ Info: 48_49: layer 2/2, base field no. 1/188, 14/27
[ Info: 48_49: layer 2/2, base field no. 1/188, 15/27
[ Info: 48_49: layer 2/2, base field no. 1/188, 16/27
[ Info: 48_49: layer 2/2, base field no. 1/188, 17/27
[ Info: 48_49: layer 2/2, base field no. 1/188, 18/27
[ Info: 48_49: layer 2/2, base field no. 1/188, 19/27
[ Info: 48_49: layer 2/2, base field no. 1/188, 20/27
[ Info: 48_49: layer 2/2, base field no. 1/188, 21/27
[ Info: 48_49: layer 2/2, base field no. 1/188, 22/27
[ Info: 48_49: layer 2/2, base field no. 1/188, 23/27
[ Info: 48_49: layer 2/2, base field no. 1/188, 24/27
[ Info: 48_49: layer 2/2, base field no. 1/188, 25/27
[ Info: 48_49: layer 2/2, base field no. 1/188, 26/27
[ Info: 48_49: layer 2/2, base field no. 1/188, 27/27
[ Info: 48_49: layer 2/2, base field no. 2/188, constructing abelian extensions
[ Info: 48_49: layer 2/2, base field no. 2/188, checking fields: 7
[ Info: 48_49: layer 2/2, base field no. 2/188, 1/7
[ Info: 48_49: layer 2/2, base field no. 2/188, 2/7
[ Info: 48_49: layer 2/2, base field no. 2/188, 3/7
[ Info: 48_49: layer 2/2, base field no. 2/188, 4/7
[ Info: 48_49: layer 2/2, base field no. 2/188, 5/7
[ Info: 48_49: layer 2/2, base field no. 2/188, 6/7
[ Info: 48_49: layer 2/2, base field no. 2/188, 7/7
[ Info: 48_49: layer 2/2, base field no. 3/188, constructing abelian extensions
[ Info: 48_49: layer 2/2, base field no. 3/188, checking fields: 11
[ Info: 48_49: layer 2/2, base field no. 3/188, 1/11
[ Info: 48_49: layer 2/2, base field no. 3/188, 2/11
[ Info: 48_49: layer 2/2, base field no. 3/188, 3/11
[ Info: 48_49: layer 2/2, base field no. 3/188, 4/11
[ Info: 48_49: layer 2/2, base field no. 3/188, 5/11
[ Info: 48_49: layer 2/2, base field no. 3/188, 6/11
[ Info: 48_49: layer 2/2, base field no. 3/188, 7/11
[ Info: 48_49: layer 2/2, base field no. 3/188, 8/11
[ Info: 48_49: layer 2/2, base field no. 3/188, 9/11
[ Info: 48_49: layer 2/2, base field no. 3/188, 10/11
[ Info: 48_49: layer 2/2, base field no. 3/188, 11/11
[ Info: 48_49: layer 2/2, base field no. 4/188, constructing abelian extensions
[ Info: 48_49: layer 2/2, base field no. 4/188, checking fields: 4
[ Info: 48_49: layer 2/2, base field no. 4/188, 1/4
[ Info: 48_49: layer 2/2, base field no. 4/188, 2/4
[ Info: 48_49: layer 2/2, base field no. 4/188, 3/4
[ Info: 48_49: layer 2/2, base field no. 4/188, 4/4
[ Info: 48_49: layer 2/2, base field no. 5/188, constructing abelian extensions
[ Info: 48_49: layer 2/2, base field no. 5/188, checking fields: 3
[ Info: 48_49: layer 2/2, base field no. 5/188, 1/3
[ Info: 48_49: layer 2/2, base field no. 5/188, 2/3
[ Info: 48_49: layer 2/2, base field no. 5/188, 3/3
[ Info: 48_49: layer 2/2, base field no. 6/188, constructing abelian extensions
[ Info: 48_49: layer 2/2, base field no. 6/188, checking fields: 4
[ Info: 48_49: layer 2/2, base field no. 6/188, 1/4
[ Info: 48_49: layer 2/2, base field no. 6/188, 2/4
[ Info: 48_49: layer 2/2, base field no. 6/188, 3/4
[ Info: 48_49: layer 2/2, base field no. 6/188, 4/4
[ Info: 48_49: layer 2/2, base field no. 7/188, constructing abelian extensions
[ Info: 48_49: layer 2/2, base field no. 7/188, checking fields: 1
[ Info: 48_49: layer 2/2, base field no. 7/188, 1/1
[ Info: 48_49: layer 2/2, base field no. 8/188, constructing abelian extensions
[ Info: 48_49: layer 2/2, base field no. 8/188, checking fields: 1
[ Info: 48_49: layer 2/2, base field no. 8/188, 1/1
[ Info: 48_49: layer 2/2, base field no. 9/188, constructing abelian extensions
[ Info: 48_49: layer 2/2, base field no. 9/188, checking fields: 7
[ Info: 48_49: layer 2/2, base field no. 9/188, 1/7
[ Info: 48_49: layer 2/2, base field no. 9/188, 2/7
[ Info: 48_49: layer 2/2, base field no. 9/188, 3/7
[ Info: 48_49: layer 2/2, base field no. 9/188, 4/7
[ Info: 48_49: layer 2/2, base field no. 9/188, 5/7
[ Info: 48_49: layer 2/2, base field no. 9/188, 6/7
[ Info: 48_49: layer 2/2, base field no. 9/188, 7/7
[ Info: 48_49: layer 2/2, base field no. 10/188, constructing abelian extensions
[ Info: 48_49: layer 2/2, base field no. 10/188, checking fields: 48
[ Info: 48_49: layer 2/2, base field no. 10/188, 1/48
[ Info: 48_49: layer 2/2, base field no. 10/188, 2/48
[ Info: 48_49: layer 2/2, base field no. 10/188, 3/48
[ Info: 48_49: layer 2/2, base field no. 10/188, 4/48
[ Info: 48_49: layer 2/2, base field no. 10/188, 5/48
[ Info: 48_49: layer 2/2, base field no. 10/188, 6/48
[ Info: 48_49: layer 2/2, base field no. 10/188, 7/48
[ Info: 48_49: layer 2/2, base field no. 10/188, 8/48
[ Info: 48_49: layer 2/2, base field no. 10/188, 9/48
[ Info: 48_49: layer 2/2, base field no. 10/188, 10/48
[ Info: 48_49: layer 2/2, base field no. 10/188, 11/48
[ Info: 48_49: layer 2/2, base field no. 10/188, 12/48
[ Info: 48_49: layer 2/2, base field no. 10/188, 13/48
[ Info: 48_49: layer 2/2, base field no. 10/188, 14/48
[ Info: 48_49: layer 2/2, base field no. 10/188, 15/48
[ Info: 48_49: layer 2/2, base field no. 10/188, 16/48
[ Info: 48_49: layer 2/2, base field no. 10/188, 17/48
[ Info: 48_49: layer 2/2, base field no. 10/188, 18/48
[ Info: 48_49: layer 2/2, base field no. 10/188, 19/48
[ Info: 48_49: layer 2/2, base field no. 10/188, 20/48
[ Info: 48_49: layer 2/2, base field no. 10/188, 21/48
[ Info: 48_49: layer 2/2, base field no. 10/188, 22/48
[ Info: 48_49: layer 2/2, base field no. 10/188, 23/48
[ Info: 48_49: layer 2/2, base field no. 10/188, 24/48
[ Info: 48_49: layer 2/2, base field no. 10/188, 25/48
[ Info: 48_49: layer 2/2, base field no. 10/188, 26/48
[ Info: 48_49: layer 2/2, base field no. 10/188, 27/48
[ Info: 48_49: layer 2/2, base field no. 10/188, 28/48
[ Info: 48_49: layer 2/2, base field no. 10/188, 29/48
[ Info: 48_49: layer 2/2, base field no. 10/188, 30/48
[ Info: 48_49: layer 2/2, base field no. 10/188, 31/48
[ Info: 48_49: layer 2/2, base field no. 10/188, 32/48
[ Info: 48_49: layer 2/2, base field no. 10/188, 33/48
[ Info: 48_49: layer 2/2, base field no. 10/188, 34/48
[ Info: 48_49: layer 2/2, base field no. 10/188, 35/48
[ Info: 48_49: layer 2/2, base field no. 10/188, 36/48
[ Info: 48_49: layer 2/2, base field no. 10/188, 37/48
[ Info: 48_49: layer 2/2, base field no. 10/188, 38/48
[ Info: 48_49: layer 2/2, base field no. 10/188, 39/48
[ Info: 48_49: layer 2/2, base field no. 10/188, 40/48
[ Info: 48_49: layer 2/2, base field no. 10/188, 41/48
[ Info: 48_49: layer 2/2, base field no. 10/188, 42/48
[ Info: 48_49: layer 2/2, base field no. 10/188, 43/48
[ Info: 48_49: layer 2/2, base field no. 10/188, 44/48
[ Info: 48_49: layer 2/2, base field no. 10/188, 45/48
[ Info: 48_49: layer 2/2, base field no. 10/188, 46/48
[ Info: 48_49: layer 2/2, base field no. 10/188, 47/48
[ Info: 48_49: layer 2/2, base field no. 10/188, 48/48
[ Info: 48_49: layer 2/2, base field no. 11/188, constructing abelian extensions
[ Info: 48_49: layer 2/2, base field no. 11/188, checking fields: 26
[ Info: 48_49: layer 2/2, base field no. 11/188, 1/26
[ Info: 48_49: layer 2/2, base field no. 11/188, 2/26
[ Info: 48_49: layer 2/2, base field no. 11/188, 3/26
[ Info: 48_49: layer 2/2, base field no. 11/188, 4/26
[ Info: 48_49: layer 2/2, base field no. 11/188, 5/26
[ Info: 48_49: layer 2/2, base field no. 11/188, 6/26
[ Info: 48_49: layer 2/2, base field no. 11/188, 7/26
[ Info: 48_49: layer 2/2, base field no. 11/188, 8/26
[ Info: 48_49: layer 2/2, base field no. 11/188, 9/26
[ Info: 48_49: layer 2/2, base field no. 11/188, 10/26
[ Info: 48_49: layer 2/2, base field no. 11/188, 11/26
[ Info: 48_49: layer 2/2, base field no. 11/188, 12/26
[ Info: 48_49: layer 2/2, base field no. 11/188, 13/26
[ Info: 48_49: layer 2/2, base field no. 11/188, 14/26
[ Info: 48_49: layer 2/2, base field no. 11/188, 15/26
[ Info: 48_49: layer 2/2, base field no. 11/188, 16/26
[ Info: 48_49: layer 2/2, base field no. 11/188, 17/26
[ Info: 48_49: layer 2/2, base field no. 11/188, 18/26
[ Info: 48_49: layer 2/2, base field no. 11/188, 19/26
[ Info: 48_49: layer 2/2, base field no. 11/188, 20/26
[ Info: 48_49: layer 2/2, base field no. 11/188, 21/26
[ Info: 48_49: layer 2/2, base field no. 11/188, 22/26
[ Info: 48_49: layer 2/2, base field no. 11/188, 23/26
[ Info: 48_49: layer 2/2, base field no. 11/188, 24/26
[ Info: 48_49: layer 2/2, base field no. 11/188, 25/26
[ Info: 48_49: layer 2/2, base field no. 11/188, 26/26
[ Info: 48_49: layer 2/2, base field no. 12/188, constructing abelian extensions
[ Info: 48_49: layer 2/2, base field no. 12/188, checking fields: 14
[ Info: 48_49: layer 2/2, base field no. 12/188, 1/14
[ Info: 48_49: layer 2/2, base field no. 12/188, 2/14
[ Info: 48_49: layer 2/2, base field no. 12/188, 3/14
[ Info: 48_49: layer 2/2, base field no. 12/188, 4/14
[ Info: 48_49: layer 2/2, base field no. 12/188, 5/14
[ Info: 48_49: layer 2/2, base field no. 12/188, 6/14
[ Info: 48_49: layer 2/2, base field no. 12/188, 7/14
[ Info: 48_49: layer 2/2, base field no. 12/188, 8/14
[ Info: 48_49: layer 2/2, base field no. 12/188, 9/14
[ Info: 48_49: layer 2/2, base field no. 12/188, 10/14
[ Info: 48_49: layer 2/2, base field no. 12/188, 11/14
[ Info: 48_49: layer 2/2, base field no. 12/188, 12/14
[ Info: 48_49: layer 2/2, base field no. 12/188, 13/14
[ Info: 48_49: layer 2/2, base field no. 12/188, 14/14
[ Info: 48_49: layer 2/2, base field no. 13/188, constructing abelian extensions
[ Info: 48_49: layer 2/2, base field no. 13/188, checking fields: 18
[ Info: 48_49: layer 2/2, base field no. 13/188, 1/18
[ Info: 48_49: layer 2/2, base field no. 13/188, 2/18
[ Info: 48_49: layer 2/2, base field no. 13/188, 3/18
[ Info: 48_49: layer 2/2, base field no. 13/188, 4/18
[ Info: 48_49: layer 2/2, base field no. 13/188, 5/18
[ Info: 48_49: layer 2/2, base field no. 13/188, 6/18
[ Info: 48_49: layer 2/2, base field no. 13/188, 7/18
[ Info: 48_49: layer 2/2, base field no. 13/188, 8/18
[ Info: 48_49: layer 2/2, base field no. 13/188, 9/18
[ Info: 48_49: layer 2/2, base field no. 13/188, 10/18
[ Info: 48_49: layer 2/2, base field no. 13/188, 11/18
[ Info: 48_49: layer 2/2, base field no. 13/188, 12/18
[ Info: 48_49: layer 2/2, base field no. 13/188, 13/18
[ Info: 48_49: layer 2/2, base field no. 13/188, 14/18
[ Info: 48_49: layer 2/2, base field no. 13/188, 15/18
[ Info: 48_49: layer 2/2, base field no. 13/188, 16/18
[ Info: 48_49: layer 2/2, base field no. 13/188, 17/18
[ Info: 48_49: layer 2/2, base field no. 13/188, 18/18
[ Info: 48_49: layer 2/2, base field no. 14/188, constructing abelian extensions
[ Info: 48_49: layer 2/2, base field no. 14/188, checking fields: 26
[ Info: 48_49: layer 2/2, base field no. 14/188, 1/26
[ Info: 48_49: layer 2/2, base field no. 14/188, 2/26
[ Info: 48_49: layer 2/2, base field no. 14/188, 3/26
[ Info: 48_49: layer 2/2, base field no. 14/188, 4/26
[ Info: 48_49: layer 2/2, base field no. 14/188, 5/26
[ Info: 48_49: layer 2/2, base field no. 14/188, 6/26
[ Info: 48_49: layer 2/2, base field no. 14/188, 7/26
[ Info: 48_49: layer 2/2, base field no. 14/188, 8/26
[ Info: 48_49: layer 2/2, base field no. 14/188, 9/26
[ Info: 48_49: layer 2/2, base field no. 14/188, 10/26
[ Info: 48_49: layer 2/2, base field no. 14/188, 11/26
[ Info: 48_49: layer 2/2, base field no. 14/188, 12/26
[ Info: 48_49: layer 2/2, base field no. 14/188, 13/26
[ Info: 48_49: layer 2/2, base field no. 14/188, 14/26
[ Info: 48_49: layer 2/2, base field no. 14/188, 15/26
[ Info: 48_49: layer 2/2, base field no. 14/188, 16/26
[ Info: 48_49: layer 2/2, base field no. 14/188, 17/26
[ Info: 48_49: layer 2/2, base field no. 14/188, 18/26
[ Info: 48_49: layer 2/2, base field no. 14/188, 19/26
[ Info: 48_49: layer 2/2, base field no. 14/188, 20/26
[ Info: 48_49: layer 2/2, base field no. 14/188, 21/26
[ Info: 48_49: layer 2/2, base field no. 14/188, 22/26
[ Info: 48_49: layer 2/2, base field no. 14/188, 23/26
[ Info: 48_49: layer 2/2, base field no. 14/188, 24/26
[ Info: 48_49: layer 2/2, base field no. 14/188, 25/26
[ Info: 48_49: layer 2/2, base field no. 14/188, 26/26
[ Info: 48_49: layer 2/2, base field no. 15/188, constructing abelian extensions
[ Info: 48_49: layer 2/2, base field no. 15/188, checking fields: 39
[ Info: 48_49: layer 2/2, base field no. 15/188, 1/39
[ Info: 48_49: layer 2/2, base field no. 15/188, 2/39
[ Info: 48_49: layer 2/2, base field no. 15/188, 3/39
[ Info: 48_49: layer 2/2, base field no. 15/188, 4/39
[ Info: 48_49: layer 2/2, base field no. 15/188, 5/39
[ Info: 48_49: layer 2/2, base field no. 15/188, 6/39
[ Info: 48_49: layer 2/2, base field no. 15/188, 7/39
[ Info: 48_49: layer 2/2, base field no. 15/188, 8/39
[ Info: 48_49: layer 2/2, base field no. 15/188, 9/39
[ Info: 48_49: layer 2/2, base field no. 15/188, 10/39
[ Info: 48_49: layer 2/2, base field no. 15/188, 11/39
[ Info: 48_49: layer 2/2, base field no. 15/188, 12/39
[ Info: 48_49: layer 2/2, base field no. 15/188, 13/39
[ Info: 48_49: layer 2/2, base field no. 15/188, 14/39
[ Info: 48_49: layer 2/2, base field no. 15/188, 15/39
[ Info: 48_49: layer 2/2, base field no. 15/188, 16/39
[ Info: 48_49: layer 2/2, base field no. 15/188, 17/39
[ Info: 48_49: layer 2/2, base field no. 15/188, 18/39
[ Info: 48_49: layer 2/2, base field no. 15/188, 19/39
[ Info: 48_49: layer 2/2, base field no. 15/188, 20/39
[ Info: 48_49: layer 2/2, base field no. 15/188, 21/39
[ Info: 48_49: layer 2/2, base field no. 15/188, 22/39
[ Info: 48_49: layer 2/2, base field no. 15/188, 23/39
[ Info: 48_49: layer 2/2, base field no. 15/188, 24/39
[ Info: 48_49: layer 2/2, base field no. 15/188, 25/39
[ Info: 48_49: layer 2/2, base field no. 15/188, 26/39
[ Info: 48_49: layer 2/2, base field no. 15/188, 27/39
[ Info: 48_49: layer 2/2, base field no. 15/188, 28/39
[ Info: 48_49: layer 2/2, base field no. 15/188, 29/39
[ Info: 48_49: layer 2/2, base field no. 15/188, 30/39
[ Info: 48_49: layer 2/2, base field no. 15/188, 31/39
[ Info: 48_49: layer 2/2, base field no. 15/188, 32/39
[ Info: 48_49: layer 2/2, base field no. 15/188, 33/39
[ Info: 48_49: layer 2/2, base field no. 15/188, 34/39
[ Info: 48_49: layer 2/2, base field no. 15/188, 35/39
[ Info: 48_49: layer 2/2, base field no. 15/188, 36/39
[ Info: 48_49: layer 2/2, base field no. 15/188, 37/39
[ Info: 48_49: layer 2/2, base field no. 15/188, 38/39
[ Info: 48_49: layer 2/2, base field no. 15/188, 39/39
[ Info: 48_49: layer 2/2, base field no. 16/188, constructing abelian extensions
[ Info: 48_49: layer 2/2, base field no. 16/188, checking fields: 30
[ Info: 48_49: layer 2/2, base field no. 16/188, 1/30
[ Info: 48_49: layer 2/2, base field no. 16/188, 2/30
[ Info: 48_49: layer 2/2, base field no. 16/188, 3/30
[ Info: 48_49: layer 2/2, base field no. 16/188, 4/30
[ Info: 48_49: layer 2/2, base field no. 16/188, 5/30
[ Info: 48_49: layer 2/2, base field no. 16/188, 6/30
[ Info: 48_49: layer 2/2, base field no. 16/188, 7/30
[ Info: 48_49: layer 2/2, base field no. 16/188, 8/30
[ Info: 48_49: layer 2/2, base field no. 16/188, 9/30
[ Info: 48_49: layer 2/2, base field no. 16/188, 10/30
[ Info: 48_49: layer 2/2, base field no. 16/188, 11/30
[ Info: 48_49: layer 2/2, base field no. 16/188, 12/30
[ Info: 48_49: layer 2/2, base field no. 16/188, 13/30
[ Info: 48_49: layer 2/2, base field no. 16/188, 14/30
[ Info: 48_49: layer 2/2, base field no. 16/188, 15/30
[ Info: 48_49: layer 2/2, base field no. 16/188, 16/30
[ Info: 48_49: layer 2/2, base field no. 16/188, 17/30
[ Info: 48_49: layer 2/2, base field no. 16/188, 18/30
[ Info: 48_49: layer 2/2, base field no. 16/188, 19/30
[ Info: 48_49: layer 2/2, base field no. 16/188, 20/30
[ Info: 48_49: layer 2/2, base field no. 16/188, 21/30
[ Info: 48_49: layer 2/2, base field no. 16/188, 22/30
[ Info: 48_49: layer 2/2, base field no. 16/188, 23/30
[ Info: 48_49: layer 2/2, base field no. 16/188, 24/30
[ Info: 48_49: layer 2/2, base field no. 16/188, 25/30
[ Info: 48_49: layer 2/2, base field no. 16/188, 26/30
[ Info: 48_49: layer 2/2, base field no. 16/188, 27/30
[ Info: 48_49: layer 2/2, base field no. 16/188, 28/30
[ Info: 48_49: layer 2/2, base field no. 16/188, 29/30
[ Info: 48_49: layer 2/2, base field no. 16/188, 30/30
[ Info: 48_49: layer 2/2, base field no. 17/188, constructing abelian extensions
[ Info: 48_49: layer 2/2, base field no. 17/188, checking fields: 54
[ Info: 48_49: layer 2/2, base field no. 17/188, 1/54
[ Info: 48_49: layer 2/2, base field no. 17/188, 2/54
[ Info: 48_49: layer 2/2, base field no. 17/188, 3/54
[ Info: 48_49: layer 2/2, base field no. 17/188, 4/54
[ Info: 48_49: layer 2/2, base field no. 17/188, 5/54
[ Info: 48_49: layer 2/2, base field no. 17/188, 6/54
[ Info: 48_49: layer 2/2, base field no. 17/188, 7/54
[ Info: 48_49: layer 2/2, base field no. 17/188, 8/54
[ Info: 48_49: layer 2/2, base field no. 17/188, 9/54
[ Info: 48_49: layer 2/2, base field no. 17/188, 10/54
[ Info: 48_49: layer 2/2, base field no. 17/188, 11/54
[ Info: 48_49: layer 2/2, base field no. 17/188, 12/54
[ Info: 48_49: layer 2/2, base field no. 17/188, 13/54
[ Info: 48_49: layer 2/2, base field no. 17/188, 14/54
[ Info: 48_49: layer 2/2, base field no. 17/188, 15/54
[ Info: 48_49: layer 2/2, base field no. 17/188, 16/54
[ Info: 48_49: layer 2/2, base field no. 17/188, 17/54
[ Info: 48_49: layer 2/2, base field no. 17/188, 18/54
[ Info: 48_49: layer 2/2, base field no. 17/188, 19/54
[ Info: 48_49: layer 2/2, base field no. 17/188, 20/54
[ Info: 48_49: layer 2/2, base field no. 17/188, 21/54
[ Info: 48_49: layer 2/2, base field no. 17/188, 22/54
[ Info: 48_49: layer 2/2, base field no. 17/188, 23/54
[ Info: 48_49: layer 2/2, base field no. 17/188, 24/54
[ Info: 48_49: layer 2/2, base field no. 17/188, 25/54
[ Info: 48_49: layer 2/2, base field no. 17/188, 26/54
[ Info: 48_49: layer 2/2, base field no. 17/188, 27/54
[ Info: 48_49: layer 2/2, base field no. 17/188, 28/54
[ Info: 48_49: layer 2/2, base field no. 17/188, 29/54
[ Info: 48_49: layer 2/2, base field no. 17/188, 30/54
[ Info: 48_49: layer 2/2, base field no. 17/188, 31/54
[ Info: 48_49: layer 2/2, base field no. 17/188, 32/54
[ Info: 48_49: layer 2/2, base field no. 17/188, 33/54
[ Info: 48_49: layer 2/2, base field no. 17/188, 34/54
[ Info: 48_49: layer 2/2, base field no. 17/188, 35/54
[ Info: 48_49: layer 2/2, base field no. 17/188, 36/54
[ Info: 48_49: layer 2/2, base field no. 17/188, 37/54
[ Info: 48_49: layer 2/2, base field no. 17/188, 38/54
[ Info: 48_49: layer 2/2, base field no. 17/188, 39/54
[ Info: 48_49: layer 2/2, base field no. 17/188, 40/54
[ Info: 48_49: layer 2/2, base field no. 17/188, 41/54
[ Info: 48_49: layer 2/2, base field no. 17/188, 42/54
[ Info: 48_49: layer 2/2, base field no. 17/188, 43/54
[ Info: 48_49: layer 2/2, base field no. 17/188, 44/54
[ Info: 48_49: layer 2/2, base field no. 17/188, 45/54
[ Info: 48_49: layer 2/2, base field no. 17/188, 46/54
[ Info: 48_49: layer 2/2, base field no. 17/188, 47/54
[ Info: 48_49: layer 2/2, base field no. 17/188, 48/54
[ Info: 48_49: layer 2/2, base field no. 17/188, 49/54
[ Info: 48_49: layer 2/2, base field no. 17/188, 50/54
[ Info: 48_49: layer 2/2, base field no. 17/188, 51/54
[ Info: 48_49: layer 2/2, base field no. 17/188, 52/54
[ Info: 48_49: layer 2/2, base field no. 17/188, 53/54
[ Info: 48_49: layer 2/2, base field no. 17/188, 54/54
[ Info: 48_49: layer 2/2, base field no. 18/188, constructing abelian extensions
[ Info: 48_49: layer 2/2, base field no. 18/188, checking fields: 25
[ Info: 48_49: layer 2/2, base field no. 18/188, 1/25
[ Info: 48_49: layer 2/2, base field no. 18/188, 2/25
[ Info: 48_49: layer 2/2, base field no. 18/188, 3/25
[ Info: 48_49: layer 2/2, base field no. 18/188, 4/25
[ Info: 48_49: layer 2/2, base field no. 18/188, 5/25
[ Info: 48_49: layer 2/2, base field no. 18/188, 6/25
[ Info: 48_49: layer 2/2, base field no. 18/188, 7/25
[ Info: 48_49: layer 2/2, base field no. 18/188, 8/25
[ Info: 48_49: layer 2/2, base field no. 18/188, 9/25
[ Info: 48_49: layer 2/2, base field no. 18/188, 10/25
[ Info: 48_49: layer 2/2, base field no. 18/188, 11/25
[ Info: 48_49: layer 2/2, base field no. 18/188, 12/25
[ Info: 48_49: layer 2/2, base field no. 18/188, 13/25
[ Info: 48_49: layer 2/2, base field no. 18/188, 14/25
[ Info: 48_49: layer 2/2, base field no. 18/188, 15/25
[ Info: 48_49: layer 2/2, base field no. 18/188, 16/25
[ Info: 48_49: layer 2/2, base field no. 18/188, 17/25
[ Info: 48_49: layer 2/2, base field no. 18/188, 18/25
[ Info: 48_49: layer 2/2, base field no. 18/188, 19/25
[ Info: 48_49: layer 2/2, base field no. 18/188, 20/25
[ Info: 48_49: layer 2/2, base field no. 18/188, 21/25
[ Info: 48_49: layer 2/2, base field no. 18/188, 22/25
[ Info: 48_49: layer 2/2, base field no. 18/188, 23/25
[ Info: 48_49: layer 2/2, base field no. 18/188, 24/25
[ Info: 48_49: layer 2/2, base field no. 18/188, 25/25
[ Info: 48_49: layer 2/2, base field no. 19/188, constructing abelian extensions
[ Info: 48_49: layer 2/2, base field no. 19/188, checking fields: 13
[ Info: 48_49: layer 2/2, base field no. 19/188, 1/13
[ Info: 48_49: layer 2/2, base field no. 19/188, 2/13
[ Info: 48_49: layer 2/2, base field no. 19/188, 3/13
[ Info: 48_49: layer 2/2, base field no. 19/188, 4/13
[ Info: 48_49: layer 2/2, base field no. 19/188, 5/13
[ Info: 48_49: layer 2/2, base field no. 19/188, 6/13
[ Info: 48_49: layer 2/2, base field no. 19/188, 7/13
[ Info: 48_49: layer 2/2, base field no. 19/188, 8/13
[ Info: 48_49: layer 2/2, base field no. 19/188, 9/13
[ Info: 48_49: layer 2/2, base field no. 19/188, 10/13
[ Info: 48_49: layer 2/2, base field no. 19/188, 11/13
[ Info: 48_49: layer 2/2, base field no. 19/188, 12/13
[ Info: 48_49: layer 2/2, base field no. 19/188, 13/13
[ Info: 48_49: layer 2/2, base field no. 20/188, constructing abelian extensions
[ Info: 48_49: layer 2/2, base field no. 20/188, checking fields: 24
[ Info: 48_49: layer 2/2, base field no. 20/188, 1/24
[ Info: 48_49: layer 2/2, base field no. 20/188, 2/24
[ Info: 48_49: layer 2/2, base field no. 20/188, 3/24
[ Info: 48_49: layer 2/2, base field no. 20/188, 4/24
[ Info: 48_49: layer 2/2, base field no. 20/188, 5/24
[ Info: 48_49: layer 2/2, base field no. 20/188, 6/24
[ Info: 48_49: layer 2/2, base field no. 20/188, 7/24
[ Info: 48_49: layer 2/2, base field no. 20/188, 8/24
[ Info: 48_49: layer 2/2, base field no. 20/188, 9/24
[ Info: 48_49: layer 2/2, base field no. 20/188, 10/24
[ Info: 48_49: layer 2/2, base field no. 20/188, 11/24
[ Info: 48_49: layer 2/2, base field no. 20/188, 12/24
[ Info: 48_49: layer 2/2, base field no. 20/188, 13/24
[ Info: 48_49: layer 2/2, base field no. 20/188, 14/24
[ Info: 48_49: layer 2/2, base field no. 20/188, 15/24
[ Info: 48_49: layer 2/2, base field no. 20/188, 16/24
[ Info: 48_49: layer 2/2, base field no. 20/188, 17/24
[ Info: 48_49: layer 2/2, base field no. 20/188, 18/24
[ Info: 48_49: layer 2/2, base field no. 20/188, 19/24
[ Info: 48_49: layer 2/2, base field no. 20/188, 20/24
[ Info: 48_49: layer 2/2, base field no. 20/188, 21/24
[ Info: 48_49: layer 2/2, base field no. 20/188, 22/24
[ Info: 48_49: layer 2/2, base field no. 20/188, 23/24
[ Info: 48_49: layer 2/2, base field no. 20/188, 24/24
[ Info: 48_49: layer 2/2, base field no. 21/188, constructing abelian extensions
[ Info: 48_49: layer 2/2, base field no. 21/188, checking fields: 13
[ Info: 48_49: layer 2/2, base field no. 21/188, 1/13
[ Info: 48_49: layer 2/2, base field no. 21/188, 2/13
[ Info: 48_49: layer 2/2, base field no. 21/188, 3/13
[ Info: 48_49: layer 2/2, base field no. 21/188, 4/13
[ Info: 48_49: layer 2/2, base field no. 21/188, 5/13
[ Info: 48_49: layer 2/2, base field no. 21/188, 6/13
[ Info: 48_49: layer 2/2, base field no. 21/188, 7/13
[ Info: 48_49: layer 2/2, base field no. 21/188, 8/13
[ Info: 48_49: layer 2/2, base field no. 21/188, 9/13
[ Info: 48_49: layer 2/2, base field no. 21/188, 10/13
[ Info: 48_49: layer 2/2, base field no. 21/188, 11/13
[ Info: 48_49: layer 2/2, base field no. 21/188, 12/13
[ Info: 48_49: layer 2/2, base field no. 21/188, 13/13
[ Info: 48_49: layer 2/2, base field no. 22/188, constructing abelian extensions
[ Info: 48_49: layer 2/2, base field no. 22/188, checking fields: 21
[ Info: 48_49: layer 2/2, base field no. 22/188, 1/21
[ Info: 48_49: layer 2/2, base field no. 22/188, 2/21
[ Info: 48_49: layer 2/2, base field no. 22/188, 3/21
[ Info: 48_49: layer 2/2, base field no. 22/188, 4/21
[ Info: 48_49: layer 2/2, base field no. 22/188, 5/21
[ Info: 48_49: layer 2/2, base field no. 22/188, 6/21
[ Info: 48_49: layer 2/2, base field no. 22/188, 7/21
[ Info: 48_49: layer 2/2, base field no. 22/188, 8/21
[ Info: 48_49: layer 2/2, base field no. 22/188, 9/21
[ Info: 48_49: layer 2/2, base field no. 22/188, 10/21
[ Info: 48_49: layer 2/2, base field no. 22/188, 11/21
[ Info: 48_49: layer 2/2, base field no. 22/188, 12/21
[ Info: 48_49: layer 2/2, base field no. 22/188, 13/21
[ Info: 48_49: layer 2/2, base field no. 22/188, 14/21
[ Info: 48_49: layer 2/2, base field no. 22/188, 15/21
[ Info: 48_49: layer 2/2, base field no. 22/188, 16/21
[ Info: 48_49: layer 2/2, base field no. 22/188, 17/21
[ Info: 48_49: layer 2/2, base field no. 22/188, 18/21
[ Info: 48_49: layer 2/2, base field no. 22/188, 19/21
[ Info: 48_49: layer 2/2, base field no. 22/188, 20/21
[ Info: 48_49: layer 2/2, base field no. 22/188, 21/21
[ Info: 48_49: layer 2/2, base field no. 23/188, constructing abelian extensions
[ Info: 48_49: layer 2/2, base field no. 23/188, checking fields: 11
[ Info: 48_49: layer 2/2, base field no. 23/188, 1/11
[ Info: 48_49: layer 2/2, base field no. 23/188, 2/11
[ Info: 48_49: layer 2/2, base field no. 23/188, 3/11
[ Info: 48_49: layer 2/2, base field no. 23/188, 4/11
[ Info: 48_49: layer 2/2, base field no. 23/188, 5/11
[ Info: 48_49: layer 2/2, base field no. 23/188, 6/11
[ Info: 48_49: layer 2/2, base field no. 23/188, 7/11
[ Info: 48_49: layer 2/2, base field no. 23/188, 8/11
[ Info: 48_49: layer 2/2, base field no. 23/188, 9/11
[ Info: 48_49: layer 2/2, base field no. 23/188, 10/11
[ Info: 48_49: layer 2/2, base field no. 23/188, 11/11
[ Info: 48_49: layer 2/2, base field no. 24/188, constructing abelian extensions
[ Info: 48_49: layer 2/2, base field no. 24/188, checking fields: 14
[ Info: 48_49: layer 2/2, base field no. 24/188, 1/14
[ Info: 48_49: layer 2/2, base field no. 24/188, 2/14
[ Info: 48_49: layer 2/2, base field no. 24/188, 3/14
[ Info: 48_49: layer 2/2, base field no. 24/188, 4/14
[ Info: 48_49: layer 2/2, base field no. 24/188, 5/14
[ Info: 48_49: layer 2/2, base field no. 24/188, 6/14
[ Info: 48_49: layer 2/2, base field no. 24/188, 7/14
[ Info: 48_49: layer 2/2, base field no. 24/188, 8/14
[ Info: 48_49: layer 2/2, base field no. 24/188, 9/14
[ Info: 48_49: layer 2/2, base field no. 24/188, 10/14
[ Info: 48_49: layer 2/2, base field no. 24/188, 11/14
[ Info: 48_49: layer 2/2, base field no. 24/188, 12/14
[ Info: 48_49: layer 2/2, base field no. 24/188, 13/14
[ Info: 48_49: layer 2/2, base field no. 24/188, 14/14
[ Info: 48_49: layer 2/2, base field no. 25/188, constructing abelian extensions
[ Info: 48_49: layer 2/2, base field no. 25/188, checking fields: 8
[ Info: 48_49: layer 2/2, base field no. 25/188, 1/8
[ Info: 48_49: layer 2/2, base field no. 25/188, 2/8
[ Info: 48_49: layer 2/2, base field no. 25/188, 3/8
[ Info: 48_49: layer 2/2, base field no. 25/188, 4/8
[ Info: 48_49: layer 2/2, base field no. 25/188, 5/8
[ Info: 48_49: layer 2/2, base field no. 25/188, 6/8
[ Info: 48_49: layer 2/2, base field no. 25/188, 7/8
[ Info: 48_49: layer 2/2, base field no. 25/188, 8/8
[ Info: 48_49: layer 2/2, base field no. 26/188, constructing abelian extensions
[ Info: 48_49: layer 2/2, base field no. 26/188, checking fields: 7
[ Info: 48_49: layer 2/2, base field no. 26/188, 1/7
[ Info: 48_49: layer 2/2, base field no. 26/188, 2/7
[ Info: 48_49: layer 2/2, base field no. 26/188, 3/7
[ Info: 48_49: layer 2/2, base field no. 26/188, 4/7
[ Info: 48_49: layer 2/2, base field no. 26/188, 5/7
[ Info: 48_49: layer 2/2, base field no. 26/188, 6/7
[ Info: 48_49: layer 2/2, base field no. 26/188, 7/7
[ Info: 48_49: layer 2/2, base field no. 27/188, constructing abelian extensions
[ Info: 48_49: layer 2/2, base field no. 27/188, checking fields: 6
[ Info: 48_49: layer 2/2, base field no. 27/188, 1/6
[ Info: 48_49: layer 2/2, base field no. 27/188, 2/6
[ Info: 48_49: layer 2/2, base field no. 27/188, 3/6
[ Info: 48_49: layer 2/2, base field no. 27/188, 4/6
[ Info: 48_49: layer 2/2, base field no. 27/188, 5/6
[ Info: 48_49: layer 2/2, base field no. 27/188, 6/6
[ Info: 48_49: layer 2/2, base field no. 28/188, constructing abelian extensions
[ Info: 48_49: layer 2/2, base field no. 28/188, checking fields: 6
[ Info: 48_49: layer 2/2, base field no. 28/188, 1/6
[ Info: 48_49: layer 2/2, base field no. 28/188, 2/6
[ Info: 48_49: layer 2/2, base field no. 28/188, 3/6
[ Info: 48_49: layer 2/2, base field no. 28/188, 4/6
[ Info: 48_49: layer 2/2, base field no. 28/188, 5/6
[ Info: 48_49: layer 2/2, base field no. 28/188, 6/6
[ Info: 48_49: layer 2/2, base field no. 29/188, constructing abelian extensions
[ Info: 48_49: layer 2/2, base field no. 29/188, checking fields: 2
[ Info: 48_49: layer 2/2, base field no. 29/188, 1/2
[ Info: 48_49: layer 2/2, base field no. 29/188, 2/2
[ Info: 48_49: layer 2/2, base field no. 30/188, constructing abelian extensions
[ Info: 48_49: layer 2/2, base field no. 30/188, checking fields: 9
[ Info: 48_49: layer 2/2, base field no. 30/188, 1/9
[ Info: 48_49: layer 2/2, base field no. 30/188, 2/9
[ Info: 48_49: layer 2/2, base field no. 30/188, 3/9
[ Info: 48_49: layer 2/2, base field no. 30/188, 4/9
[ Info: 48_49: layer 2/2, base field no. 30/188, 5/9
[ Info: 48_49: layer 2/2, base field no. 30/188, 6/9
[ Info: 48_49: layer 2/2, base field no. 30/188, 7/9
[ Info: 48_49: layer 2/2, base field no. 30/188, 8/9
[ Info: 48_49: layer 2/2, base field no. 30/188, 9/9
[ Info: 48_49: layer 2/2, base field no. 31/188, constructing abelian extensions
[ Info: 48_49: layer 2/2, base field no. 31/188, checking fields: 0
[ Info: 48_49: layer 2/2, base field no. 32/188, constructing abelian extensions
[ Info: 48_49: layer 2/2, base field no. 32/188, checking fields: 14
[ Info: 48_49: layer 2/2, base field no. 32/188, 1/14
[ Info: 48_49: layer 2/2, base field no. 32/188, 2/14
[ Info: 48_49: layer 2/2, base field no. 32/188, 3/14
[ Info: 48_49: layer 2/2, base field no. 32/188, 4/14
[ Info: 48_49: layer 2/2, base field no. 32/188, 5/14
[ Info: 48_49: layer 2/2, base field no. 32/188, 6/14
[ Info: 48_49: layer 2/2, base field no. 32/188, 7/14
[ Info: 48_49: layer 2/2, base field no. 32/188, 8/14
[ Info: 48_49: layer 2/2, base field no. 32/188, 9/14
[ Info: 48_49: layer 2/2, base field no. 32/188, 10/14
[ Info: 48_49: layer 2/2, base field no. 32/188, 11/14
[ Info: 48_49: layer 2/2, base field no. 32/188, 12/14
[ Info: 48_49: layer 2/2, base field no. 32/188, 13/14
[ Info: 48_49: layer 2/2, base field no. 32/188, 14/14
[ Info: 48_49: layer 2/2, base field no. 33/188, constructing abelian extensions
[ Info: 48_49: layer 2/2, base field no. 33/188, checking fields: 0
[ Info: 48_49: layer 2/2, base field no. 34/188, constructing abelian extensions
[ Info: 48_49: layer 2/2, base field no. 34/188, checking fields: 1
[ Info: 48_49: layer 2/2, base field no. 34/188, 1/1
[ Info: 48_49: layer 2/2, base field no. 35/188, constructing abelian extensions
[ Info: 48_49: layer 2/2, base field no. 35/188, checking fields: 1
[ Info: 48_49: layer 2/2, base field no. 35/188, 1/1
[ Info: 48_49: layer 2/2, base field no. 36/188, constructing abelian extensions
[ Info: 48_49: layer 2/2, base field no. 36/188, checking fields: 6
[ Info: 48_49: layer 2/2, base field no. 36/188, 1/6
[ Info: 48_49: layer 2/2, base field no. 36/188, 2/6
[ Info: 48_49: layer 2/2, base field no. 36/188, 3/6
[ Info: 48_49: layer 2/2, base field no. 36/188, 4/6
[ Info: 48_49: layer 2/2, base field no. 36/188, 5/6
[ Info: 48_49: layer 2/2, base field no. 36/188, 6/6
[ Info: 48_49: layer 2/2, base field no. 37/188, constructing abelian extensions
[ Info: 48_49: layer 2/2, base field no. 37/188, checking fields: 4
[ Info: 48_49: layer 2/2, base field no. 37/188, 1/4
[ Info: 48_49: layer 2/2, base field no. 37/188, 2/4
[ Info: 48_49: layer 2/2, base field no. 37/188, 3/4
[ Info: 48_49: layer 2/2, base field no. 37/188, 4/4
[ Info: 48_49: layer 2/2, base field no. 38/188, constructing abelian extensions
[ Info: 48_49: layer 2/2, base field no. 38/188, checking fields: 1
[ Info: 48_49: layer 2/2, base field no. 38/188, 1/1
[ Info: 48_49: layer 2/2, base field no. 39/188, constructing abelian extensions
[ Info: 48_49: layer 2/2, base field no. 39/188, checking fields: 1
[ Info: 48_49: layer 2/2, base field no. 39/188, 1/1
[ Info: 48_49: layer 2/2, base field no. 40/188, constructing abelian extensions
[ Info: 48_49: layer 2/2, base field no. 40/188, checking fields: 1
[ Info: 48_49: layer 2/2, base field no. 40/188, 1/1
[ Info: 48_49: layer 2/2, base field no. 41/188, constructing abelian extensions
[ Info: 48_49: layer 2/2, base field no. 41/188, checking fields: 3
[ Info: 48_49: layer 2/2, base field no. 41/188, 1/3
[ Info: 48_49: layer 2/2, base field no. 41/188, 2/3
[ Info: 48_49: layer 2/2, base field no. 41/188, 3/3
[ Info: 48_49: layer 2/2, base field no. 42/188, constructing abelian extensions
[ Info: 48_49: layer 2/2, base field no. 42/188, checking fields: 3
[ Info: 48_49: layer 2/2, base field no. 42/188, 1/3
[ Info: 48_49: layer 2/2, base field no. 42/188, 2/3
[ Info: 48_49: layer 2/2, base field no. 42/188, 3/3
[ Info: 48_49: layer 2/2, base field no. 43/188, constructing abelian extensions
[ Info: 48_49: layer 2/2, base field no. 43/188, checking fields: 1
[ Info: 48_49: layer 2/2, base field no. 43/188, 1/1
[ Info: 48_49: layer 2/2, base field no. 44/188, constructing abelian extensions
[ Info: 48_49: layer 2/2, base field no. 44/188, checking fields: 1
[ Info: 48_49: layer 2/2, base field no. 44/188, 1/1
[ Info: 48_49: layer 2/2, base field no. 45/188, constructing abelian extensions
[ Info: 48_49: layer 2/2, base field no. 45/188, checking fields: 2
[ Info: 48_49: layer 2/2, base field no. 45/188, 1/2
[ Info: 48_49: layer 2/2, base field no. 45/188, 2/2
[ Info: 48_49: layer 2/2, base field no. 46/188, constructing abelian extensions
[ Info: 48_49: layer 2/2, base field no. 46/188, checking fields: 7
[ Info: 48_49: layer 2/2, base field no. 46/188, 1/7
[ Info: 48_49: layer 2/2, base field no. 46/188, 2/7
[ Info: 48_49: layer 2/2, base field no. 46/188, 3/7
[ Info: 48_49: layer 2/2, base field no. 46/188, 4/7
[ Info: 48_49: layer 2/2, base field no. 46/188, 5/7
[ Info: 48_49: layer 2/2, base field no. 46/188, 6/7
[ Info: 48_49: layer 2/2, base field no. 46/188, 7/7
[ Info: 48_49: layer 2/2, base field no. 47/188, constructing abelian extensions
[ Info: 48_49: layer 2/2, base field no. 47/188, checking fields: 44
[ Info: 48_49: layer 2/2, base field no. 47/188, 1/44
[ Info: 48_49: layer 2/2, base field no. 47/188, 2/44
[ Info: 48_49: layer 2/2, base field no. 47/188, 3/44
[ Info: 48_49: layer 2/2, base field no. 47/188, 4/44
[ Info: 48_49: layer 2/2, base field no. 47/188, 5/44
[ Info: 48_49: layer 2/2, base field no. 47/188, 6/44
[ Info: 48_49: layer 2/2, base field no. 47/188, 7/44
[ Info: 48_49: layer 2/2, base field no. 47/188, 8/44
[ Info: 48_49: layer 2/2, base field no. 47/188, 9/44
[ Info: 48_49: layer 2/2, base field no. 47/188, 10/44
[ Info: 48_49: layer 2/2, base field no. 47/188, 11/44
[ Info: 48_49: layer 2/2, base field no. 47/188, 12/44
[ Info: 48_49: layer 2/2, base field no. 47/188, 13/44
[ Info: 48_49: layer 2/2, base field no. 47/188, 14/44
[ Info: 48_49: layer 2/2, base field no. 47/188, 15/44
[ Info: 48_49: layer 2/2, base field no. 47/188, 16/44
[ Info: 48_49: layer 2/2, base field no. 47/188, 17/44
[ Info: 48_49: layer 2/2, base field no. 47/188, 18/44
[ Info: 48_49: layer 2/2, base field no. 47/188, 19/44
[ Info: 48_49: layer 2/2, base field no. 47/188, 20/44
[ Info: 48_49: layer 2/2, base field no. 47/188, 21/44
[ Info: 48_49: layer 2/2, base field no. 47/188, 22/44
[ Info: 48_49: layer 2/2, base field no. 47/188, 23/44
[ Info: 48_49: layer 2/2, base field no. 47/188, 24/44
[ Info: 48_49: layer 2/2, base field no. 47/188, 25/44
[ Info: 48_49: layer 2/2, base field no. 47/188, 26/44
[ Info: 48_49: layer 2/2, base field no. 47/188, 27/44
[ Info: 48_49: layer 2/2, base field no. 47/188, 28/44
[ Info: 48_49: layer 2/2, base field no. 47/188, 29/44
[ Info: 48_49: layer 2/2, base field no. 47/188, 30/44
[ Info: 48_49: layer 2/2, base field no. 47/188, 31/44
[ Info: 48_49: layer 2/2, base field no. 47/188, 32/44
[ Info: 48_49: layer 2/2, base field no. 47/188, 33/44
[ Info: 48_49: layer 2/2, base field no. 47/188, 34/44
[ Info: 48_49: layer 2/2, base field no. 47/188, 35/44
[ Info: 48_49: layer 2/2, base field no. 47/188, 36/44
[ Info: 48_49: layer 2/2, base field no. 47/188, 37/44
[ Info: 48_49: layer 2/2, base field no. 47/188, 38/44
[ Info: 48_49: layer 2/2, base field no. 47/188, 39/44
[ Info: 48_49: layer 2/2, base field no. 47/188, 40/44
[ Info: 48_49: layer 2/2, base field no. 47/188, 41/44
[ Info: 48_49: layer 2/2, base field no. 47/188, 42/44
[ Info: 48_49: layer 2/2, base field no. 47/188, 43/44
[ Info: 48_49: layer 2/2, base field no. 47/188, 44/44
[ Info: 48_49: layer 2/2, base field no. 48/188, constructing abelian extensions
[ Info: 48_49: layer 2/2, base field no. 48/188, checking fields: 6
[ Info: 48_49: layer 2/2, base field no. 48/188, 1/6
[ Info: 48_49: layer 2/2, base field no. 48/188, 2/6
[ Info: 48_49: layer 2/2, base field no. 48/188, 3/6
[ Info: 48_49: layer 2/2, base field no. 48/188, 4/6
[ Info: 48_49: layer 2/2, base field no. 48/188, 5/6
[ Info: 48_49: layer 2/2, base field no. 48/188, 6/6
[ Info: 48_49: layer 2/2, base field no. 49/188, constructing abelian extensions
[ Info: 48_49: layer 2/2, base field no. 49/188, checking fields: 15
[ Info: 48_49: layer 2/2, base field no. 49/188, 1/15
[ Info: 48_49: layer 2/2, base field no. 49/188, 2/15
[ Info: 48_49: layer 2/2, base field no. 49/188, 3/15
[ Info: 48_49: layer 2/2, base field no. 49/188, 4/15
[ Info: 48_49: layer 2/2, base field no. 49/188, 5/15
[ Info: 48_49: layer 2/2, base field no. 49/188, 6/15
[ Info: 48_49: layer 2/2, base field no. 49/188, 7/15
[ Info: 48_49: layer 2/2, base field no. 49/188, 8/15
[ Info: 48_49: layer 2/2, base field no. 49/188, 9/15
[ Info: 48_49: layer 2/2, base field no. 49/188, 10/15
[ Info: 48_49: layer 2/2, base field no. 49/188, 11/15
[ Info: 48_49: layer 2/2, base field no. 49/188, 12/15
[ Info: 48_49: layer 2/2, base field no. 49/188, 13/15
[ Info: 48_49: layer 2/2, base field no. 49/188, 14/15
[ Info: 48_49: layer 2/2, base field no. 49/188, 15/15
[ Info: 48_49: layer 2/2, base field no. 50/188, constructing abelian extensions
[ Info: 48_49: layer 2/2, base field no. 50/188, checking fields: 6
[ Info: 48_49: layer 2/2, base field no. 50/188, 1/6
[ Info: 48_49: layer 2/2, base field no. 50/188, 2/6
[ Info: 48_49: layer 2/2, base field no. 50/188, 3/6
[ Info: 48_49: layer 2/2, base field no. 50/188, 4/6
[ Info: 48_49: layer 2/2, base field no. 50/188, 5/6
[ Info: 48_49: layer 2/2, base field no. 50/188, 6/6
[ Info: 48_49: layer 2/2, base field no. 51/188, constructing abelian extensions
[ Info: 48_49: layer 2/2, base field no. 51/188, checking fields: 2
[ Info: 48_49: layer 2/2, base field no. 51/188, 1/2
[ Info: 48_49: layer 2/2, base field no. 51/188, 2/2
[ Info: 48_49: layer 2/2, base field no. 52/188, constructing abelian extensions
[ Info: 48_49: layer 2/2, base field no. 52/188, checking fields: 1
[ Info: 48_49: layer 2/2, base field no. 52/188, 1/1
[ Info: 48_49: layer 2/2, base field no. 53/188, constructing abelian extensions
[ Info: 48_49: layer 2/2, base field no. 53/188, checking fields: 1
[ Info: 48_49: layer 2/2, base field no. 53/188, 1/1
[ Info: 48_49: layer 2/2, base field no. 54/188, constructing abelian extensions
[ Info: 48_49: layer 2/2, base field no. 54/188, checking fields: 0
[ Info: 48_49: layer 2/2, base field no. 55/188, constructing abelian extensions
[ Info: 48_49: layer 2/2, base field no. 55/188, checking fields: 11
[ Info: 48_49: layer 2/2, base field no. 55/188, 1/11
[ Info: 48_49: layer 2/2, base field no. 55/188, 2/11
[ Info: 48_49: layer 2/2, base field no. 55/188, 3/11
[ Info: 48_49: layer 2/2, base field no. 55/188, 4/11
[ Info: 48_49: layer 2/2, base field no. 55/188, 5/11
[ Info: 48_49: layer 2/2, base field no. 55/188, 6/11
[ Info: 48_49: layer 2/2, base field no. 55/188, 7/11
[ Info: 48_49: layer 2/2, base field no. 55/188, 8/11
[ Info: 48_49: layer 2/2, base field no. 55/188, 9/11
[ Info: 48_49: layer 2/2, base field no. 55/188, 10/11
[ Info: 48_49: layer 2/2, base field no. 55/188, 11/11
[ Info: 48_49: layer 2/2, base field no. 56/188, constructing abelian extensions
[ Info: 48_49: layer 2/2, base field no. 56/188, checking fields: 5
[ Info: 48_49: layer 2/2, base field no. 56/188, 1/5
[ Info: 48_49: layer 2/2, base field no. 56/188, 2/5
[ Info: 48_49: layer 2/2, base field no. 56/188, 3/5
[ Info: 48_49: layer 2/2, base field no. 56/188, 4/5
[ Info: 48_49: layer 2/2, base field no. 56/188, 5/5
[ Info: 48_49: layer 2/2, base field no. 57/188, constructing abelian extensions
[ Info: 48_49: layer 2/2, base field no. 57/188, checking fields: 2
[ Info: 48_49: layer 2/2, base field no. 57/188, 1/2
[ Info: 48_49: layer 2/2, base field no. 57/188, 2/2
[ Info: 48_49: layer 2/2, base field no. 58/188, constructing abelian extensions
[ Info: 48_49: layer 2/2, base field no. 58/188, checking fields: 1
[ Info: 48_49: layer 2/2, base field no. 58/188, 1/1
[ Info: 48_49: layer 2/2, base field no. 59/188, constructing abelian extensions
[ Info: 48_49: layer 2/2, base field no. 59/188, checking fields: 0
[ Info: 48_49: layer 2/2, base field no. 60/188, constructing abelian extensions
[ Info: 48_49: layer 2/2, base field no. 60/188, checking fields: 1
[ Info: 48_49: layer 2/2, base field no. 60/188, 1/1
[ Info: 48_49: layer 2/2, base field no. 61/188, constructing abelian extensions
[ Info: 48_49: layer 2/2, base field no. 61/188, checking fields: 3
[ Info: 48_49: layer 2/2, base field no. 61/188, 1/3
[ Info: 48_49: layer 2/2, base field no. 61/188, 2/3
[ Info: 48_49: layer 2/2, base field no. 61/188, 3/3
[ Info: 48_49: layer 2/2, base field no. 62/188, constructing abelian extensions
[ Info: 48_49: layer 2/2, base field no. 62/188, checking fields: 2
[ Info: 48_49: layer 2/2, base field no. 62/188, 1/2
[ Info: 48_49: layer 2/2, base field no. 62/188, 2/2
[ Info: 48_49: layer 2/2, base field no. 63/188, constructing abelian extensions
[ Info: 48_49: layer 2/2, base field no. 63/188, checking fields: 1
[ Info: 48_49: layer 2/2, base field no. 63/188, 1/1
[ Info: 48_49: layer 2/2, base field no. 64/188, constructing abelian extensions
[ Info: 48_49: layer 2/2, base field no. 64/188, checking fields: 3
[ Info: 48_49: layer 2/2, base field no. 64/188, 1/3
[ Info: 48_49: layer 2/2, base field no. 64/188, 2/3
[ Info: 48_49: layer 2/2, base field no. 64/188, 3/3
[ Info: 48_49: layer 2/2, base field no. 65/188, constructing abelian extensions
[ Info: 48_49: layer 2/2, base field no. 65/188, checking fields: 0
[ Info: 48_49: layer 2/2, base field no. 66/188, constructing abelian extensions
[ Info: 48_49: layer 2/2, base field no. 66/188, checking fields: 2
[ Info: 48_49: layer 2/2, base field no. 66/188, 1/2
[ Info: 48_49: layer 2/2, base field no. 66/188, 2/2
[ Info: 48_49: layer 2/2, base field no. 67/188, constructing abelian extensions
[ Info: 48_49: layer 2/2, base field no. 67/188, checking fields: 0
[ Info: 48_49: layer 2/2, base field no. 68/188, constructing abelian extensions
[ Info: 48_49: layer 2/2, base field no. 68/188, checking fields: 3
[ Info: 48_49: layer 2/2, base field no. 68/188, 1/3
[ Info: 48_49: layer 2/2, base field no. 68/188, 2/3
[ Info: 48_49: layer 2/2, base field no. 68/188, 3/3
[ Info: 48_49: layer 2/2, base field no. 69/188, constructing abelian extensions
[ Info: 48_49: layer 2/2, base field no. 69/188, checking fields: 2
[ Info: 48_49: layer 2/2, base field no. 69/188, 1/2
[ Info: 48_49: layer 2/2, base field no. 69/188, 2/2
[ Info: 48_49: layer 2/2, base field no. 70/188, constructing abelian extensions
[ Info: 48_49: layer 2/2, base field no. 70/188, checking fields: 1
[ Info: 48_49: layer 2/2, base field no. 70/188, 1/1
[ Info: 48_49: layer 2/2, base field no. 71/188, constructing abelian extensions
[ Info: 48_49: layer 2/2, base field no. 71/188, checking fields: 1
[ Info: 48_49: layer 2/2, base field no. 71/188, 1/1
[ Info: 48_49: layer 2/2, base field no. 72/188, constructing abelian extensions
[ Info: 48_49: layer 2/2, base field no. 72/188, checking fields: 1
[ Info: 48_49: layer 2/2, base field no. 72/188, 1/1
[ Info: 48_49: layer 2/2, base field no. 73/188, constructing abelian extensions
[ Info: 48_49: layer 2/2, base field no. 73/188, checking fields: 1
[ Info: 48_49: layer 2/2, base field no. 73/188, 1/1
[ Info: 48_49: layer 2/2, base field no. 74/188, constructing abelian extensions
[ Info: 48_49: layer 2/2, base field no. 74/188, checking fields: 31
[ Info: 48_49: layer 2/2, base field no. 74/188, 1/31
[ Info: 48_49: layer 2/2, base field no. 74/188, 2/31
[ Info: 48_49: layer 2/2, base field no. 74/188, 3/31
[ Info: 48_49: layer 2/2, base field no. 74/188, 4/31
[ Info: 48_49: layer 2/2, base field no. 74/188, 5/31
[ Info: 48_49: layer 2/2, base field no. 74/188, 6/31
[ Info: 48_49: layer 2/2, base field no. 74/188, 7/31
[ Info: 48_49: layer 2/2, base field no. 74/188, 8/31
[ Info: 48_49: layer 2/2, base field no. 74/188, 9/31
[ Info: 48_49: layer 2/2, base field no. 74/188, 10/31
[ Info: 48_49: layer 2/2, base field no. 74/188, 11/31
[ Info: 48_49: layer 2/2, base field no. 74/188, 12/31
[ Info: 48_49: layer 2/2, base field no. 74/188, 13/31
[ Info: 48_49: layer 2/2, base field no. 74/188, 14/31
[ Info: 48_49: layer 2/2, base field no. 74/188, 15/31
[ Info: 48_49: layer 2/2, base field no. 74/188, 16/31
[ Info: 48_49: layer 2/2, base field no. 74/188, 17/31
[ Info: 48_49: layer 2/2, base field no. 74/188, 18/31
[ Info: 48_49: layer 2/2, base field no. 74/188, 19/31
[ Info: 48_49: layer 2/2, base field no. 74/188, 20/31
[ Info: 48_49: layer 2/2, base field no. 74/188, 21/31
[ Info: 48_49: layer 2/2, base field no. 74/188, 22/31
[ Info: 48_49: layer 2/2, base field no. 74/188, 23/31
[ Info: 48_49: layer 2/2, base field no. 74/188, 24/31
[ Info: 48_49: layer 2/2, base field no. 74/188, 25/31
[ Info: 48_49: layer 2/2, base field no. 74/188, 26/31
[ Info: 48_49: layer 2/2, base field no. 74/188, 27/31
[ Info: 48_49: layer 2/2, base field no. 74/188, 28/31
[ Info: 48_49: layer 2/2, base field no. 74/188, 29/31
[ Info: 48_49: layer 2/2, base field no. 74/188, 30/31
[ Info: 48_49: layer 2/2, base field no. 74/188, 31/31
[ Info: 48_49: layer 2/2, base field no. 75/188, constructing abelian extensions
[ Info: 48_49: layer 2/2, base field no. 75/188, checking fields: 13
[ Info: 48_49: layer 2/2, base field no. 75/188, 1/13
[ Info: 48_49: layer 2/2, base field no. 75/188, 2/13
[ Info: 48_49: layer 2/2, base field no. 75/188, 3/13
[ Info: 48_49: layer 2/2, base field no. 75/188, 4/13
[ Info: 48_49: layer 2/2, base field no. 75/188, 5/13
[ Info: 48_49: layer 2/2, base field no. 75/188, 6/13
[ Info: 48_49: layer 2/2, base field no. 75/188, 7/13
[ Info: 48_49: layer 2/2, base field no. 75/188, 8/13
[ Info: 48_49: layer 2/2, base field no. 75/188, 9/13
[ Info: 48_49: layer 2/2, base field no. 75/188, 10/13
[ Info: 48_49: layer 2/2, base field no. 75/188, 11/13
[ Info: 48_49: layer 2/2, base field no. 75/188, 12/13
[ Info: 48_49: layer 2/2, base field no. 75/188, 13/13
[ Info: 48_49: layer 2/2, base field no. 76/188, constructing abelian extensions
[ Info: 48_49: layer 2/2, base field no. 76/188, checking fields: 8
[ Info: 48_49: layer 2/2, base field no. 76/188, 1/8
[ Info: 48_49: layer 2/2, base field no. 76/188, 2/8
[ Info: 48_49: layer 2/2, base field no. 76/188, 3/8
[ Info: 48_49: layer 2/2, base field no. 76/188, 4/8
[ Info: 48_49: layer 2/2, base field no. 76/188, 5/8
[ Info: 48_49: layer 2/2, base field no. 76/188, 6/8
[ Info: 48_49: layer 2/2, base field no. 76/188, 7/8
[ Info: 48_49: layer 2/2, base field no. 76/188, 8/8
[ Info: 48_49: layer 2/2, base field no. 77/188, constructing abelian extensions
[ Info: 48_49: layer 2/2, base field no. 77/188, checking fields: 9
[ Info: 48_49: layer 2/2, base field no. 77/188, 1/9
[ Info: 48_49: layer 2/2, base field no. 77/188, 2/9
[ Info: 48_49: layer 2/2, base field no. 77/188, 3/9
[ Info: 48_49: layer 2/2, base field no. 77/188, 4/9
[ Info: 48_49: layer 2/2, base field no. 77/188, 5/9
[ Info: 48_49: layer 2/2, base field no. 77/188, 6/9
[ Info: 48_49: layer 2/2, base field no. 77/188, 7/9
[ Info: 48_49: layer 2/2, base field no. 77/188, 8/9
[ Info: 48_49: layer 2/2, base field no. 77/188, 9/9
[ Info: 48_49: layer 2/2, base field no. 78/188, constructing abelian extensions
[ Info: 48_49: layer 2/2, base field no. 78/188, checking fields: 1
[ Info: 48_49: layer 2/2, base field no. 78/188, 1/1
[ Info: 48_49: layer 2/2, base field no. 79/188, constructing abelian extensions
[ Info: 48_49: layer 2/2, base field no. 79/188, checking fields: 2
[ Info: 48_49: layer 2/2, base field no. 79/188, 1/2
[ Info: 48_49: layer 2/2, base field no. 79/188, 2/2
[ Info: 48_49: layer 2/2, base field no. 80/188, constructing abelian extensions
[ Info: 48_49: layer 2/2, base field no. 80/188, checking fields: 1
[ Info: 48_49: layer 2/2, base field no. 80/188, 1/1
[ Info: 48_49: layer 2/2, base field no. 81/188, constructing abelian extensions
[ Info: 48_49: layer 2/2, base field no. 81/188, checking fields: 1
[ Info: 48_49: layer 2/2, base field no. 81/188, 1/1
[ Info: 48_49: layer 2/2, base field no. 82/188, constructing abelian extensions
[ Info: 48_49: layer 2/2, base field no. 82/188, checking fields: 3
[ Info: 48_49: layer 2/2, base field no. 82/188, 1/3
[ Info: 48_49: layer 2/2, base field no. 82/188, 2/3
[ Info: 48_49: layer 2/2, base field no. 82/188, 3/3
[ Info: 48_49: layer 2/2, base field no. 83/188, constructing abelian extensions
[ Info: 48_49: layer 2/2, base field no. 83/188, checking fields: 4
[ Info: 48_49: layer 2/2, base field no. 83/188, 1/4
[ Info: 48_49: layer 2/2, base field no. 83/188, 2/4
[ Info: 48_49: layer 2/2, base field no. 83/188, 3/4
[ Info: 48_49: layer 2/2, base field no. 83/188, 4/4
[ Info: 48_49: layer 2/2, base field no. 84/188, constructing abelian extensions
[ Info: 48_49: layer 2/2, base field no. 84/188, checking fields: 16
[ Info: 48_49: layer 2/2, base field no. 84/188, 1/16
[ Info: 48_49: layer 2/2, base field no. 84/188, 2/16
[ Info: 48_49: layer 2/2, base field no. 84/188, 3/16
[ Info: 48_49: layer 2/2, base field no. 84/188, 4/16
[ Info: 48_49: layer 2/2, base field no. 84/188, 5/16
[ Info: 48_49: layer 2/2, base field no. 84/188, 6/16
[ Info: 48_49: layer 2/2, base field no. 84/188, 7/16
[ Info: 48_49: layer 2/2, base field no. 84/188, 8/16
[ Info: 48_49: layer 2/2, base field no. 84/188, 9/16
[ Info: 48_49: layer 2/2, base field no. 84/188, 10/16
[ Info: 48_49: layer 2/2, base field no. 84/188, 11/16
[ Info: 48_49: layer 2/2, base field no. 84/188, 12/16
[ Info: 48_49: layer 2/2, base field no. 84/188, 13/16
[ Info: 48_49: layer 2/2, base field no. 84/188, 14/16
[ Info: 48_49: layer 2/2, base field no. 84/188, 15/16
[ Info: 48_49: layer 2/2, base field no. 84/188, 16/16
[ Info: 48_49: layer 2/2, base field no. 85/188, constructing abelian extensions
[ Info: 48_49: layer 2/2, base field no. 85/188, checking fields: 15
[ Info: 48_49: layer 2/2, base field no. 85/188, 1/15
[ Info: 48_49: layer 2/2, base field no. 85/188, 2/15
[ Info: 48_49: layer 2/2, base field no. 85/188, 3/15
[ Info: 48_49: layer 2/2, base field no. 85/188, 4/15
[ Info: 48_49: layer 2/2, base field no. 85/188, 5/15
[ Info: 48_49: layer 2/2, base field no. 85/188, 6/15
[ Info: 48_49: layer 2/2, base field no. 85/188, 7/15
[ Info: 48_49: layer 2/2, base field no. 85/188, 8/15
[ Info: 48_49: layer 2/2, base field no. 85/188, 9/15
[ Info: 48_49: layer 2/2, base field no. 85/188, 10/15
[ Info: 48_49: layer 2/2, base field no. 85/188, 11/15
[ Info: 48_49: layer 2/2, base field no. 85/188, 12/15
[ Info: 48_49: layer 2/2, base field no. 85/188, 13/15
[ Info: 48_49: layer 2/2, base field no. 85/188, 14/15
[ Info: 48_49: layer 2/2, base field no. 85/188, 15/15
[ Info: 48_49: layer 2/2, base field no. 86/188, constructing abelian extensions
[ Info: 48_49: layer 2/2, base field no. 86/188, checking fields: 6
[ Info: 48_49: layer 2/2, base field no. 86/188, 1/6
[ Info: 48_49: layer 2/2, base field no. 86/188, 2/6
[ Info: 48_49: layer 2/2, base field no. 86/188, 3/6
[ Info: 48_49: layer 2/2, base field no. 86/188, 4/6
[ Info: 48_49: layer 2/2, base field no. 86/188, 5/6
[ Info: 48_49: layer 2/2, base field no. 86/188, 6/6
[ Info: 48_49: layer 2/2, base field no. 87/188, constructing abelian extensions
[ Info: 48_49: layer 2/2, base field no. 87/188, checking fields: 10
[ Info: 48_49: layer 2/2, base field no. 87/188, 1/10
[ Info: 48_49: layer 2/2, base field no. 87/188, 2/10
[ Info: 48_49: layer 2/2, base field no. 87/188, 3/10
[ Info: 48_49: layer 2/2, base field no. 87/188, 4/10
[ Info: 48_49: layer 2/2, base field no. 87/188, 5/10
[ Info: 48_49: layer 2/2, base field no. 87/188, 6/10
[ Info: 48_49: layer 2/2, base field no. 87/188, 7/10
[ Info: 48_49: layer 2/2, base field no. 87/188, 8/10
[ Info: 48_49: layer 2/2, base field no. 87/188, 9/10
[ Info: 48_49: layer 2/2, base field no. 87/188, 10/10
[ Info: 48_49: layer 2/2, base field no. 88/188, constructing abelian extensions
[ Info: 48_49: layer 2/2, base field no. 88/188, checking fields: 6
[ Info: 48_49: layer 2/2, base field no. 88/188, 1/6
[ Info: 48_49: layer 2/2, base field no. 88/188, 2/6
[ Info: 48_49: layer 2/2, base field no. 88/188, 3/6
[ Info: 48_49: layer 2/2, base field no. 88/188, 4/6
[ Info: 48_49: layer 2/2, base field no. 88/188, 5/6
[ Info: 48_49: layer 2/2, base field no. 88/188, 6/6
[ Info: 48_49: layer 2/2, base field no. 89/188, constructing abelian extensions
[ Info: 48_49: layer 2/2, base field no. 89/188, checking fields: 7
[ Info: 48_49: layer 2/2, base field no. 89/188, 1/7
[ Info: 48_49: layer 2/2, base field no. 89/188, 2/7
[ Info: 48_49: layer 2/2, base field no. 89/188, 3/7
[ Info: 48_49: layer 2/2, base field no. 89/188, 4/7
[ Info: 48_49: layer 2/2, base field no. 89/188, 5/7
[ Info: 48_49: layer 2/2, base field no. 89/188, 6/7
[ Info: 48_49: layer 2/2, base field no. 89/188, 7/7
[ Info: 48_49: layer 2/2, base field no. 90/188, constructing abelian extensions
[ Info: 48_49: layer 2/2, base field no. 90/188, checking fields: 3
[ Info: 48_49: layer 2/2, base field no. 90/188, 1/3
[ Info: 48_49: layer 2/2, base field no. 90/188, 2/3
[ Info: 48_49: layer 2/2, base field no. 90/188, 3/3
[ Info: 48_49: layer 2/2, base field no. 91/188, constructing abelian extensions
[ Info: 48_49: layer 2/2, base field no. 91/188, checking fields: 1
[ Info: 48_49: layer 2/2, base field no. 91/188, 1/1
[ Info: 48_49: layer 2/2, base field no. 92/188, constructing abelian extensions
[ Info: 48_49: layer 2/2, base field no. 92/188, checking fields: 3
[ Info: 48_49: layer 2/2, base field no. 92/188, 1/3
[ Info: 48_49: layer 2/2, base field no. 92/188, 2/3
[ Info: 48_49: layer 2/2, base field no. 92/188, 3/3
[ Info: 48_49: layer 2/2, base field no. 93/188, constructing abelian extensions
[ Info: 48_49: layer 2/2, base field no. 93/188, checking fields: 1
[ Info: 48_49: layer 2/2, base field no. 93/188, 1/1
[ Info: 48_49: layer 2/2, base field no. 94/188, constructing abelian extensions
[ Info: 48_49: layer 2/2, base field no. 94/188, checking fields: 1
[ Info: 48_49: layer 2/2, base field no. 94/188, 1/1
[ Info: 48_49: layer 2/2, base field no. 95/188, constructing abelian extensions
[ Info: 48_49: layer 2/2, base field no. 95/188, checking fields: 1
[ Info: 48_49: layer 2/2, base field no. 95/188, 1/1
[ Info: 48_49: layer 2/2, base field no. 96/188, constructing abelian extensions
[ Info: 48_49: layer 2/2, base field no. 96/188, checking fields: 1
[ Info: 48_49: layer 2/2, base field no. 96/188, 1/1
[ Info: 48_49: layer 2/2, base field no. 97/188, constructing abelian extensions
[ Info: 48_49: layer 2/2, base field no. 97/188, checking fields: 1
[ Info: 48_49: layer 2/2, base field no. 97/188, 1/1
[ Info: 48_49: layer 2/2, base field no. 98/188, constructing abelian extensions
[ Info: 48_49: layer 2/2, base field no. 98/188, checking fields: 1
[ Info: 48_49: layer 2/2, base field no. 98/188, 1/1
[ Info: 48_49: layer 2/2, base field no. 99/188, constructing abelian extensions
[ Info: 48_49: layer 2/2, base field no. 99/188, checking fields: 1
[ Info: 48_49: layer 2/2, base field no. 99/188, 1/1
[ Info: 48_49: layer 2/2, base field no. 100/188, constructing abelian extensions
[ Info: 48_49: layer 2/2, base field no. 100/188, checking fields: 4
[ Info: 48_49: layer 2/2, base field no. 100/188, 1/4
[ Info: 48_49: layer 2/2, base field no. 100/188, 2/4
[ Info: 48_49: layer 2/2, base field no. 100/188, 3/4
[ Info: 48_49: layer 2/2, base field no. 100/188, 4/4
[ Info: 48_49: layer 2/2, base field no. 101/188, constructing abelian extensions
[ Info: 48_49: layer 2/2, base field no. 101/188, checking fields: 0
[ Info: 48_49: layer 2/2, base field no. 102/188, constructing abelian extensions
[ Info: 48_49: layer 2/2, base field no. 102/188, checking fields: 1
[ Info: 48_49: layer 2/2, base field no. 102/188, 1/1
[ Info: 48_49: layer 2/2, base field no. 103/188, constructing abelian extensions
[ Info: 48_49: layer 2/2, base field no. 103/188, checking fields: 0
[ Info: 48_49: layer 2/2, base field no. 104/188, constructing abelian extensions
[ Info: 48_49: layer 2/2, base field no. 104/188, checking fields: 1
[ Info: 48_49: layer 2/2, base field no. 104/188, 1/1
[ Info: 48_49: layer 2/2, base field no. 105/188, constructing abelian extensions
[ Info: 48_49: layer 2/2, base field no. 105/188, checking fields: 1
[ Info: 48_49: layer 2/2, base field no. 105/188, 1/1
[ Info: 48_49: layer 2/2, base field no. 106/188, constructing abelian extensions
[ Info: 48_49: layer 2/2, base field no. 106/188, checking fields: 11
[ Info: 48_49: layer 2/2, base field no. 106/188, 1/11
[ Info: 48_49: layer 2/2, base field no. 106/188, 2/11
[ Info: 48_49: layer 2/2, base field no. 106/188, 3/11
[ Info: 48_49: layer 2/2, base field no. 106/188, 4/11
[ Info: 48_49: layer 2/2, base field no. 106/188, 5/11
[ Info: 48_49: layer 2/2, base field no. 106/188, 6/11
[ Info: 48_49: layer 2/2, base field no. 106/188, 7/11
[ Info: 48_49: layer 2/2, base field no. 106/188, 8/11
[ Info: 48_49: layer 2/2, base field no. 106/188, 9/11
[ Info: 48_49: layer 2/2, base field no. 106/188, 10/11
[ Info: 48_49: layer 2/2, base field no. 106/188, 11/11
[ Info: 48_49: layer 2/2, base field no. 107/188, constructing abelian extensions
[ Info: 48_49: layer 2/2, base field no. 107/188, checking fields: 1
[ Info: 48_49: layer 2/2, base field no. 107/188, 1/1
[ Info: 48_49: layer 2/2, base field no. 108/188, constructing abelian extensions
[ Info: 48_49: layer 2/2, base field no. 108/188, checking fields: 1
[ Info: 48_49: layer 2/2, base field no. 108/188, 1/1
[ Info: 48_49: layer 2/2, base field no. 109/188, constructing abelian extensions
[ Info: 48_49: layer 2/2, base field no. 109/188, checking fields: 4
[ Info: 48_49: layer 2/2, base field no. 109/188, 1/4
[ Info: 48_49: layer 2/2, base field no. 109/188, 2/4
[ Info: 48_49: layer 2/2, base field no. 109/188, 3/4
[ Info: 48_49: layer 2/2, base field no. 109/188, 4/4
[ Info: 48_49: layer 2/2, base field no. 110/188, constructing abelian extensions
[ Info: 48_49: layer 2/2, base field no. 110/188, checking fields: 1
[ Info: 48_49: layer 2/2, base field no. 110/188, 1/1
[ Info: 48_49: layer 2/2, base field no. 111/188, constructing abelian extensions
[ Info: 48_49: layer 2/2, base field no. 111/188, checking fields: 1
[ Info: 48_49: layer 2/2, base field no. 111/188, 1/1
[ Info: 48_49: layer 2/2, base field no. 112/188, constructing abelian extensions
[ Info: 48_49: layer 2/2, base field no. 112/188, checking fields: 1
[ Info: 48_49: layer 2/2, base field no. 112/188, 1/1
[ Info: 48_49: layer 2/2, base field no. 113/188, constructing abelian extensions
[ Info: 48_49: layer 2/2, base field no. 113/188, checking fields: 0
[ Info: 48_49: layer 2/2, base field no. 114/188, constructing abelian extensions
[ Info: 48_49: layer 2/2, base field no. 114/188, checking fields: 11
[ Info: 48_49: layer 2/2, base field no. 114/188, 1/11
[ Info: 48_49: layer 2/2, base field no. 114/188, 2/11
[ Info: 48_49: layer 2/2, base field no. 114/188, 3/11
[ Info: 48_49: layer 2/2, base field no. 114/188, 4/11
[ Info: 48_49: layer 2/2, base field no. 114/188, 5/11
[ Info: 48_49: layer 2/2, base field no. 114/188, 6/11
[ Info: 48_49: layer 2/2, base field no. 114/188, 7/11
[ Info: 48_49: layer 2/2, base field no. 114/188, 8/11
[ Info: 48_49: layer 2/2, base field no. 114/188, 9/11
[ Info: 48_49: layer 2/2, base field no. 114/188, 10/11
[ Info: 48_49: layer 2/2, base field no. 114/188, 11/11
[ Info: 48_49: layer 2/2, base field no. 115/188, constructing abelian extensions
[ Info: 48_49: layer 2/2, base field no. 115/188, checking fields: 2
[ Info: 48_49: layer 2/2, base field no. 115/188, 1/2
[ Info: 48_49: layer 2/2, base field no. 115/188, 2/2
[ Info: 48_49: layer 2/2, base field no. 116/188, constructing abelian extensions
[ Info: 48_49: layer 2/2, base field no. 116/188, checking fields: 3
[ Info: 48_49: layer 2/2, base field no. 116/188, 1/3
[ Info: 48_49: layer 2/2, base field no. 116/188, 2/3
[ Info: 48_49: layer 2/2, base field no. 116/188, 3/3
[ Info: 48_49: layer 2/2, base field no. 117/188, constructing abelian extensions
[ Info: 48_49: layer 2/2, base field no. 117/188, checking fields: 1
[ Info: 48_49: layer 2/2, base field no. 117/188, 1/1
[ Info: 48_49: layer 2/2, base field no. 118/188, constructing abelian extensions
[ Info: 48_49: layer 2/2, base field no. 118/188, checking fields: 0
[ Info: 48_49: layer 2/2, base field no. 119/188, constructing abelian extensions
[ Info: 48_49: layer 2/2, base field no. 119/188, checking fields: 1
[ Info: 48_49: layer 2/2, base field no. 119/188, 1/1
[ Info: 48_49: layer 2/2, base field no. 120/188, constructing abelian extensions
[ Info: 48_49: layer 2/2, base field no. 120/188, checking fields: 0
[ Info: 48_49: layer 2/2, base field no. 121/188, constructing abelian extensions
[ Info: 48_49: layer 2/2, base field no. 121/188, checking fields: 1
[ Info: 48_49: layer 2/2, base field no. 121/188, 1/1
[ Info: 48_49: layer 2/2, base field no. 122/188, constructing abelian extensions
[ Info: 48_49: layer 2/2, base field no. 122/188, checking fields: 3
[ Info: 48_49: layer 2/2, base field no. 122/188, 1/3
[ Info: 48_49: layer 2/2, base field no. 122/188, 2/3
[ Info: 48_49: layer 2/2, base field no. 122/188, 3/3
[ Info: 48_49: layer 2/2, base field no. 123/188, constructing abelian extensions
[ Info: 48_49: layer 2/2, base field no. 123/188, checking fields: 4
[ Info: 48_49: layer 2/2, base field no. 123/188, 1/4
[ Info: 48_49: layer 2/2, base field no. 123/188, 2/4
[ Info: 48_49: layer 2/2, base field no. 123/188, 3/4
[ Info: 48_49: layer 2/2, base field no. 123/188, 4/4
[ Info: 48_49: layer 2/2, base field no. 124/188, constructing abelian extensions
[ Info: 48_49: layer 2/2, base field no. 124/188, checking fields: 0
[ Info: 48_49: layer 2/2, base field no. 125/188, constructing abelian extensions
[ Info: 48_49: layer 2/2, base field no. 125/188, checking fields: 1
[ Info: 48_49: layer 2/2, base field no. 125/188, 1/1
[ Info: 48_49: layer 2/2, base field no. 126/188, constructing abelian extensions
[ Info: 48_49: layer 2/2, base field no. 126/188, checking fields: 2
[ Info: 48_49: layer 2/2, base field no. 126/188, 1/2
[ Info: 48_49: layer 2/2, base field no. 126/188, 2/2
[ Info: 48_49: layer 2/2, base field no. 127/188, constructing abelian extensions
[ Info: 48_49: layer 2/2, base field no. 127/188, checking fields: 0
[ Info: 48_49: layer 2/2, base field no. 128/188, constructing abelian extensions
[ Info: 48_49: layer 2/2, base field no. 128/188, checking fields: 10
[ Info: 48_49: layer 2/2, base field no. 128/188, 1/10
[ Info: 48_49: layer 2/2, base field no. 128/188, 2/10
[ Info: 48_49: layer 2/2, base field no. 128/188, 3/10
[ Info: 48_49: layer 2/2, base field no. 128/188, 4/10
[ Info: 48_49: layer 2/2, base field no. 128/188, 5/10
[ Info: 48_49: layer 2/2, base field no. 128/188, 6/10
[ Info: 48_49: layer 2/2, base field no. 128/188, 7/10
[ Info: 48_49: layer 2/2, base field no. 128/188, 8/10
[ Info: 48_49: layer 2/2, base field no. 128/188, 9/10
[ Info: 48_49: layer 2/2, base field no. 128/188, 10/10
[ Info: 48_49: layer 2/2, base field no. 129/188, constructing abelian extensions
[ Info: 48_49: layer 2/2, base field no. 129/188, checking fields: 2
[ Info: 48_49: layer 2/2, base field no. 129/188, 1/2
[ Info: 48_49: layer 2/2, base field no. 129/188, 2/2
[ Info: 48_49: layer 2/2, base field no. 130/188, constructing abelian extensions
[ Info: 48_49: layer 2/2, base field no. 130/188, checking fields: 3
[ Info: 48_49: layer 2/2, base field no. 130/188, 1/3
[ Info: 48_49: layer 2/2, base field no. 130/188, 2/3
[ Info: 48_49: layer 2/2, base field no. 130/188, 3/3
[ Info: 48_49: layer 2/2, base field no. 131/188, constructing abelian extensions
[ Info: 48_49: layer 2/2, base field no. 131/188, checking fields: 0
[ Info: 48_49: layer 2/2, base field no. 132/188, constructing abelian extensions
[ Info: 48_49: layer 2/2, base field no. 132/188, checking fields: 0
[ Info: 48_49: layer 2/2, base field no. 133/188, constructing abelian extensions
[ Info: 48_49: layer 2/2, base field no. 133/188, checking fields: 0
[ Info: 48_49: layer 2/2, base field no. 134/188, constructing abelian extensions
[ Info: 48_49: layer 2/2, base field no. 134/188, checking fields: 2
[ Info: 48_49: layer 2/2, base field no. 134/188, 1/2
[ Info: 48_49: layer 2/2, base field no. 134/188, 2/2
[ Info: 48_49: layer 2/2, base field no. 135/188, constructing abelian extensions
[ Info: 48_49: layer 2/2, base field no. 135/188, checking fields: 1
[ Info: 48_49: layer 2/2, base field no. 135/188, 1/1
[ Info: 48_49: layer 2/2, base field no. 136/188, constructing abelian extensions
[ Info: 48_49: layer 2/2, base field no. 136/188, checking fields: 1
[ Info: 48_49: layer 2/2, base field no. 136/188, 1/1
[ Info: 48_49: layer 2/2, base field no. 137/188, constructing abelian extensions
[ Info: 48_49: layer 2/2, base field no. 137/188, checking fields: 4
[ Info: 48_49: layer 2/2, base field no. 137/188, 1/4
[ Info: 48_49: layer 2/2, base field no. 137/188, 2/4
[ Info: 48_49: layer 2/2, base field no. 137/188, 3/4
[ Info: 48_49: layer 2/2, base field no. 137/188, 4/4
[ Info: 48_49: layer 2/2, base field no. 138/188, constructing abelian extensions
[ Info: 48_49: layer 2/2, base field no. 138/188, checking fields: 3
[ Info: 48_49: layer 2/2, base field no. 138/188, 1/3
[ Info: 48_49: layer 2/2, base field no. 138/188, 2/3
[ Info: 48_49: layer 2/2, base field no. 138/188, 3/3
[ Info: 48_49: layer 2/2, base field no. 139/188, constructing abelian extensions
[ Info: 48_49: layer 2/2, base field no. 139/188, checking fields: 3
[ Info: 48_49: layer 2/2, base field no. 139/188, 1/3
[ Info: 48_49: layer 2/2, base field no. 139/188, 2/3
[ Info: 48_49: layer 2/2, base field no. 139/188, 3/3
[ Info: 48_49: layer 2/2, base field no. 140/188, constructing abelian extensions
[ Info: 48_49: layer 2/2, base field no. 140/188, checking fields: 1
[ Info: 48_49: layer 2/2, base field no. 140/188, 1/1
[ Info: 48_49: layer 2/2, base field no. 141/188, constructing abelian extensions
[ Info: 48_49: layer 2/2, base field no. 141/188, checking fields: 0
[ Info: 48_49: layer 2/2, base field no. 142/188, constructing abelian extensions
[ Info: 48_49: layer 2/2, base field no. 142/188, checking fields: 2
[ Info: 48_49: layer 2/2, base field no. 142/188, 1/2
[ Info: 48_49: layer 2/2, base field no. 142/188, 2/2
[ Info: 48_49: layer 2/2, base field no. 143/188, constructing abelian extensions
[ Info: 48_49: layer 2/2, base field no. 143/188, checking fields: 0
[ Info: 48_49: layer 2/2, base field no. 144/188, constructing abelian extensions
[ Info: 48_49: layer 2/2, base field no. 144/188, checking fields: 1
[ Info: 48_49: layer 2/2, base field no. 144/188, 1/1
[ Info: 48_49: layer 2/2, base field no. 145/188, constructing abelian extensions
[ Info: 48_49: layer 2/2, base field no. 145/188, checking fields: 3
[ Info: 48_49: layer 2/2, base field no. 145/188, 1/3
[ Info: 48_49: layer 2/2, base field no. 145/188, 2/3
[ Info: 48_49: layer 2/2, base field no. 145/188, 3/3
[ Info: 48_49: layer 2/2, base field no. 146/188, constructing abelian extensions
[ Info: 48_49: layer 2/2, base field no. 146/188, checking fields: 1
[ Info: 48_49: layer 2/2, base field no. 146/188, 1/1
[ Info: 48_49: layer 2/2, base field no. 147/188, constructing abelian extensions
[ Info: 48_49: layer 2/2, base field no. 147/188, checking fields: 0
[ Info: 48_49: layer 2/2, base field no. 148/188, constructing abelian extensions
[ Info: 48_49: layer 2/2, base field no. 148/188, checking fields: 0
[ Info: 48_49: layer 2/2, base field no. 149/188, constructing abelian extensions
[ Info: 48_49: layer 2/2, base field no. 149/188, checking fields: 1
[ Info: 48_49: layer 2/2, base field no. 149/188, 1/1
[ Info: 48_49: layer 2/2, base field no. 150/188, constructing abelian extensions
[ Info: 48_49: layer 2/2, base field no. 150/188, checking fields: 2
[ Info: 48_49: layer 2/2, base field no. 150/188, 1/2
[ Info: 48_49: layer 2/2, base field no. 150/188, 2/2
[ Info: 48_49: layer 2/2, base field no. 151/188, constructing abelian extensions
[ Info: 48_49: layer 2/2, base field no. 151/188, checking fields: 3
[ Info: 48_49: layer 2/2, base field no. 151/188, 1/3
[ Info: 48_49: layer 2/2, base field no. 151/188, 2/3
[ Info: 48_49: layer 2/2, base field no. 151/188, 3/3
[ Info: 48_49: layer 2/2, base field no. 152/188, constructing abelian extensions
[ Info: 48_49: layer 2/2, base field no. 152/188, checking fields: 0
[ Info: 48_49: layer 2/2, base field no. 153/188, constructing abelian extensions
[ Info: 48_49: layer 2/2, base field no. 153/188, checking fields: 2
[ Info: 48_49: layer 2/2, base field no. 153/188, 1/2
[ Info: 48_49: layer 2/2, base field no. 153/188, 2/2
[ Info: 48_49: layer 2/2, base field no. 154/188, constructing abelian extensions
[ Info: 48_49: layer 2/2, base field no. 154/188, checking fields: 1
[ Info: 48_49: layer 2/2, base field no. 154/188, 1/1
[ Info: 48_49: layer 2/2, base field no. 155/188, constructing abelian extensions
[ Info: 48_49: layer 2/2, base field no. 155/188, checking fields: 2
[ Info: 48_49: layer 2/2, base field no. 155/188, 1/2
[ Info: 48_49: layer 2/2, base field no. 155/188, 2/2
[ Info: 48_49: layer 2/2, base field no. 156/188, constructing abelian extensions
[ Info: 48_49: layer 2/2, base field no. 156/188, checking fields: 1
[ Info: 48_49: layer 2/2, base field no. 156/188, 1/1
[ Info: 48_49: layer 2/2, base field no. 157/188, constructing abelian extensions
[ Info: 48_49: layer 2/2, base field no. 157/188, checking fields: 1
[ Info: 48_49: layer 2/2, base field no. 157/188, 1/1
[ Info: 48_49: layer 2/2, base field no. 158/188, constructing abelian extensions
[ Info: 48_49: layer 2/2, base field no. 158/188, checking fields: 3
[ Info: 48_49: layer 2/2, base field no. 158/188, 1/3
[ Info: 48_49: layer 2/2, base field no. 158/188, 2/3
[ Info: 48_49: layer 2/2, base field no. 158/188, 3/3
[ Info: 48_49: layer 2/2, base field no. 159/188, constructing abelian extensions
[ Info: 48_49: layer 2/2, base field no. 159/188, checking fields: 2
[ Info: 48_49: layer 2/2, base field no. 159/188, 1/2
[ Info: 48_49: layer 2/2, base field no. 159/188, 2/2
[ Info: 48_49: layer 2/2, base field no. 160/188, constructing abelian extensions
[ Info: 48_49: layer 2/2, base field no. 160/188, checking fields: 1
[ Info: 48_49: layer 2/2, base field no. 160/188, 1/1
[ Info: 48_49: layer 2/2, base field no. 161/188, constructing abelian extensions
[ Info: 48_49: layer 2/2, base field no. 161/188, checking fields: 1
[ Info: 48_49: layer 2/2, base field no. 161/188, 1/1
[ Info: 48_49: layer 2/2, base field no. 162/188, constructing abelian extensions
[ Info: 48_49: layer 2/2, base field no. 162/188, checking fields: 0
[ Info: 48_49: layer 2/2, base field no. 163/188, constructing abelian extensions
[ Info: 48_49: layer 2/2, base field no. 163/188, checking fields: 1
[ Info: 48_49: layer 2/2, base field no. 163/188, 1/1
[ Info: 48_49: layer 2/2, base field no. 164/188, constructing abelian extensions
[ Info: 48_49: layer 2/2, base field no. 164/188, checking fields: 0
[ Info: 48_49: layer 2/2, base field no. 165/188, constructing abelian extensions
[ Info: 48_49: layer 2/2, base field no. 165/188, checking fields: 0
[ Info: 48_49: layer 2/2, base field no. 166/188, constructing abelian extensions
[ Info: 48_49: layer 2/2, base field no. 166/188, checking fields: 2
[ Info: 48_49: layer 2/2, base field no. 166/188, 1/2
[ Info: 48_49: layer 2/2, base field no. 166/188, 2/2
[ Info: 48_49: layer 2/2, base field no. 167/188, constructing abelian extensions
[ Info: 48_49: layer 2/2, base field no. 167/188, checking fields: 1
[ Info: 48_49: layer 2/2, base field no. 167/188, 1/1
[ Info: 48_49: layer 2/2, base field no. 168/188, constructing abelian extensions
[ Info: 48_49: layer 2/2, base field no. 168/188, checking fields: 1
[ Info: 48_49: layer 2/2, base field no. 168/188, 1/1
[ Info: 48_49: layer 2/2, base field no. 169/188, constructing abelian extensions
[ Info: 48_49: layer 2/2, base field no. 169/188, checking fields: 1
[ Info: 48_49: layer 2/2, base field no. 169/188, 1/1
[ Info: 48_49: layer 2/2, base field no. 170/188, constructing abelian extensions
[ Info: 48_49: layer 2/2, base field no. 170/188, checking fields: 1
[ Info: 48_49: layer 2/2, base field no. 170/188, 1/1
[ Info: 48_49: layer 2/2, base field no. 171/188, constructing abelian extensions
[ Info: 48_49: layer 2/2, base field no. 171/188, checking fields: 3
[ Info: 48_49: layer 2/2, base field no. 171/188, 1/3
[ Info: 48_49: layer 2/2, base field no. 171/188, 2/3
[ Info: 48_49: layer 2/2, base field no. 171/188, 3/3
[ Info: 48_49: layer 2/2, base field no. 172/188, constructing abelian extensions
[ Info: 48_49: layer 2/2, base field no. 172/188, checking fields: 0
[ Info: 48_49: layer 2/2, base field no. 173/188, constructing abelian extensions
[ Info: 48_49: layer 2/2, base field no. 173/188, checking fields: 1
[ Info: 48_49: layer 2/2, base field no. 173/188, 1/1
[ Info: 48_49: layer 2/2, base field no. 174/188, constructing abelian extensions
[ Info: 48_49: layer 2/2, base field no. 174/188, checking fields: 1
[ Info: 48_49: layer 2/2, base field no. 174/188, 1/1
[ Info: 48_49: layer 2/2, base field no. 175/188, constructing abelian extensions
[ Info: 48_49: layer 2/2, base field no. 175/188, checking fields: 1
[ Info: 48_49: layer 2/2, base field no. 175/188, 1/1
[ Info: 48_49: layer 2/2, base field no. 176/188, constructing abelian extensions
[ Info: 48_49: layer 2/2, base field no. 176/188, checking fields: 1
[ Info: 48_49: layer 2/2, base field no. 176/188, 1/1
[ Info: 48_49: layer 2/2, base field no. 177/188, constructing abelian extensions
[ Info: 48_49: layer 2/2, base field no. 177/188, checking fields: 3
[ Info: 48_49: layer 2/2, base field no. 177/188, 1/3
[ Info: 48_49: layer 2/2, base field no. 177/188, 2/3
[ Info: 48_49: layer 2/2, base field no. 177/188, 3/3
[ Info: 48_49: layer 2/2, base field no. 178/188, constructing abelian extensions
[ Info: 48_49: layer 2/2, base field no. 178/188, checking fields: 0
[ Info: 48_49: layer 2/2, base field no. 179/188, constructing abelian extensions
[ Info: 48_49: layer 2/2, base field no. 179/188, checking fields: 1
[ Info: 48_49: layer 2/2, base field no. 179/188, 1/1
[ Info: 48_49: layer 2/2, base field no. 180/188, constructing abelian extensions
[ Info: 48_49: layer 2/2, base field no. 180/188, checking fields: 1
[ Info: 48_49: layer 2/2, base field no. 180/188, 1/1
[ Info: 48_49: layer 2/2, base field no. 181/188, constructing abelian extensions
[ Info: 48_49: layer 2/2, base field no. 181/188, checking fields: 1
[ Info: 48_49: layer 2/2, base field no. 181/188, 1/1
[ Info: 48_49: layer 2/2, base field no. 182/188, constructing abelian extensions
[ Info: 48_49: layer 2/2, base field no. 182/188, checking fields: 1
[ Info: 48_49: layer 2/2, base field no. 182/188, 1/1
[ Info: 48_49: layer 2/2, base field no. 183/188, constructing abelian extensions
[ Info: 48_49: layer 2/2, base field no. 183/188, checking fields: 0
[ Info: 48_49: layer 2/2, base field no. 184/188, constructing abelian extensions
[ Info: 48_49: layer 2/2, base field no. 184/188, checking fields: 1
[ Info: 48_49: layer 2/2, base field no. 184/188, 1/1
[ Info: 48_49: layer 2/2, base field no. 185/188, constructing abelian extensions
[ Info: 48_49: layer 2/2, base field no. 185/188, checking fields: 31
[ Info: 48_49: layer 2/2, base field no. 185/188, 1/31
[ Info: 48_49: layer 2/2, base field no. 185/188, 2/31
[ Info: 48_49: layer 2/2, base field no. 185/188, 3/31
[ Info: 48_49: layer 2/2, base field no. 185/188, 4/31
[ Info: 48_49: layer 2/2, base field no. 185/188, 5/31
[ Info: 48_49: layer 2/2, base field no. 185/188, 6/31
[ Info: 48_49: layer 2/2, base field no. 185/188, 7/31
[ Info: 48_49: layer 2/2, base field no. 185/188, 8/31
[ Info: 48_49: layer 2/2, base field no. 185/188, 9/31
[ Info: 48_49: layer 2/2, base field no. 185/188, 10/31
[ Info: 48_49: layer 2/2, base field no. 185/188, 11/31
[ Info: 48_49: layer 2/2, base field no. 185/188, 12/31
[ Info: 48_49: layer 2/2, base field no. 185/188, 13/31
[ Info: 48_49: layer 2/2, base field no. 185/188, 14/31
[ Info: 48_49: layer 2/2, base field no. 185/188, 15/31
[ Info: 48_49: layer 2/2, base field no. 185/188, 16/31
[ Info: 48_49: layer 2/2, base field no. 185/188, 17/31
[ Info: 48_49: layer 2/2, base field no. 185/188, 18/31
[ Info: 48_49: layer 2/2, base field no. 185/188, 19/31
[ Info: 48_49: layer 2/2, base field no. 185/188, 20/31
[ Info: 48_49: layer 2/2, base field no. 185/188, 21/31
[ Info: 48_49: layer 2/2, base field no. 185/188, 22/31
[ Info: 48_49: layer 2/2, base field no. 185/188, 23/31
[ Info: 48_49: layer 2/2, base field no. 185/188, 24/31
[ Info: 48_49: layer 2/2, base field no. 185/188, 25/31
[ Info: 48_49: layer 2/2, base field no. 185/188, 26/31
[ Info: 48_49: layer 2/2, base field no. 185/188, 27/31
[ Info: 48_49: layer 2/2, base field no. 185/188, 28/31
[ Info: 48_49: layer 2/2, base field no. 185/188, 29/31
[ Info: 48_49: layer 2/2, base field no. 185/188, 30/31
[ Info: 48_49: layer 2/2, base field no. 185/188, 31/31
[ Info: 48_49: layer 2/2, base field no. 186/188, constructing abelian extensions
[ Info: 48_49: layer 2/2, base field no. 186/188, checking fields: 16
[ Info: 48_49: layer 2/2, base field no. 186/188, 1/16
[ Info: 48_49: layer 2/2, base field no. 186/188, 2/16
[ Info: 48_49: layer 2/2, base field no. 186/188, 3/16
[ Info: 48_49: layer 2/2, base field no. 186/188, 4/16
[ Info: 48_49: layer 2/2, base field no. 186/188, 5/16
[ Info: 48_49: layer 2/2, base field no. 186/188, 6/16
[ Info: 48_49: layer 2/2, base field no. 186/188, 7/16
[ Info: 48_49: layer 2/2, base field no. 186/188, 8/16
[ Info: 48_49: layer 2/2, base field no. 186/188, 9/16
[ Info: 48_49: layer 2/2, base field no. 186/188, 10/16
[ Info: 48_49: layer 2/2, base field no. 186/188, 11/16
[ Info: 48_49: layer 2/2, base field no. 186/188, 12/16
[ Info: 48_49: layer 2/2, base field no. 186/188, 13/16
[ Info: 48_49: layer 2/2, base field no. 186/188, 14/16
[ Info: 48_49: layer 2/2, base field no. 186/188, 15/16
[ Info: 48_49: layer 2/2, base field no. 186/188, 16/16
[ Info: 48_49: layer 2/2, base field no. 187/188, constructing abelian extensions
[ Info: 48_49: layer 2/2, base field no. 187/188, checking fields: 19
[ Info: 48_49: layer 2/2, base field no. 187/188, 1/19
[ Info: 48_49: layer 2/2, base field no. 187/188, 2/19
[ Info: 48_49: layer 2/2, base field no. 187/188, 3/19
[ Info: 48_49: layer 2/2, base field no. 187/188, 4/19
[ Info: 48_49: layer 2/2, base field no. 187/188, 5/19
[ Info: 48_49: layer 2/2, base field no. 187/188, 6/19
[ Info: 48_49: layer 2/2, base field no. 187/188, 7/19
[ Info: 48_49: layer 2/2, base field no. 187/188, 8/19
[ Info: 48_49: layer 2/2, base field no. 187/188, 9/19
[ Info: 48_49: layer 2/2, base field no. 187/188, 10/19
[ Info: 48_49: layer 2/2, base field no. 187/188, 11/19
[ Info: 48_49: layer 2/2, base field no. 187/188, 12/19
[ Info: 48_49: layer 2/2, base field no. 187/188, 13/19
[ Info: 48_49: layer 2/2, base field no. 187/188, 14/19
[ Info: 48_49: layer 2/2, base field no. 187/188, 15/19
[ Info: 48_49: layer 2/2, base field no. 187/188, 16/19
[ Info: 48_49: layer 2/2, base field no. 187/188, 17/19
[ Info: 48_49: layer 2/2, base field no. 187/188, 18/19
[ Info: 48_49: layer 2/2, base field no. 187/188, 19/19
[ Info: 48_49: layer 2/2, base field no. 188/188, constructing abelian extensions
[ Info: 48_49: layer 2/2, base field no. 188/188, checking fields: 11
[ Info: 48_49: layer 2/2, base field no. 188/188, 1/11
[ Info: 48_49: layer 2/2, base field no. 188/188, 2/11
[ Info: 48_49: layer 2/2, base field no. 188/188, 3/11
[ Info: 48_49: layer 2/2, base field no. 188/188, 4/11
[ Info: 48_49: layer 2/2, base field no. 188/188, 5/11
[ Info: 48_49: layer 2/2, base field no. 188/188, 6/11
[ Info: 48_49: layer 2/2, base field no. 188/188, 7/11
[ Info: 48_49: layer 2/2, base field no. 188/188, 8/11
[ Info: 48_49: layer 2/2, base field no. 188/188, 9/11
[ Info: 48_49: layer 2/2, base field no. 188/188, 10/11
[ Info: 48_49: layer 2/2, base field no. 188/188, 11/11
8105.751970 seconds (21.28 G allocations: 2.094 TiB, 5.60% gc time, 0.15% compilation time: 2% of which was recompilation)
