[ Info: 56_6: File for first layer exists [2, 4], 51794746792313; loading ...
[ Info: 56_6: layer 2/2, base field no. 1/341, constructing abelian extensions
[ Info: 56_6: layer 2/2, base field no. 1/341, checking fields: 0
[ Info: 56_6: layer 2/2, base field no. 2/341, constructing abelian extensions
[ Info: 56_6: layer 2/2, base field no. 2/341, checking fields: 0
[ Info: 56_6: layer 2/2, base field no. 3/341, constructing abelian extensions
[ Info: 56_6: layer 2/2, base field no. 3/341, checking fields: 0
[ Info: 56_6: layer 2/2, base field no. 4/341, constructing abelian extensions
[ Info: 56_6: layer 2/2, base field no. 4/341, checking fields: 0
[ Info: 56_6: layer 2/2, base field no. 5/341, constructing abelian extensions
[ Info: 56_6: layer 2/2, base field no. 5/341, checking fields: 0
[ Info: 56_6: layer 2/2, base field no. 6/341, constructing abelian extensions
[ Info: 56_6: layer 2/2, base field no. 6/341, checking fields: 0
[ Info: 56_6: layer 2/2, base field no. 7/341, constructing abelian extensions
[ Info: 56_6: layer 2/2, base field no. 7/341, checking fields: 0
[ Info: 56_6: layer 2/2, base field no. 8/341, constructing abelian extensions
[ Info: 56_6: layer 2/2, base field no. 8/341, checking fields: 0
[ Info: 56_6: layer 2/2, base field no. 9/341, constructing abelian extensions
[ Info: 56_6: layer 2/2, base field no. 9/341, checking fields: 0
[ Info: 56_6: layer 2/2, base field no. 10/341, constructing abelian extensions
[ Info: 56_6: layer 2/2, base field no. 10/341, checking fields: 0
[ Info: 56_6: layer 2/2, base field no. 11/341, constructing abelian extensions
[ Info: 56_6: layer 2/2, base field no. 11/341, checking fields: 0
[ Info: 56_6: layer 2/2, base field no. 12/341, constructing abelian extensions
[ Info: 56_6: layer 2/2, base field no. 12/341, checking fields: 0
[ Info: 56_6: layer 2/2, base field no. 13/341, constructing abelian extensions
[ Info: 56_6: layer 2/2, base field no. 13/341, checking fields: 0
[ Info: 56_6: layer 2/2, base field no. 14/341, constructing abelian extensions
[ Info: 56_6: layer 2/2, base field no. 14/341, checking fields: 0
[ Info: 56_6: layer 2/2, base field no. 15/341, constructing abelian extensions
[ Info: 56_6: layer 2/2, base field no. 15/341, checking fields: 0
[ Info: 56_6: layer 2/2, base field no. 16/341, constructing abelian extensions
[ Info: 56_6: layer 2/2, base field no. 16/341, checking fields: 0
[ Info: 56_6: layer 2/2, base field no. 17/341, constructing abelian extensions
[ Info: 56_6: layer 2/2, base field no. 17/341, checking fields: 0
[ Info: 56_6: layer 2/2, base field no. 18/341, constructing abelian extensions
[ Info: 56_6: layer 2/2, base field no. 18/341, checking fields: 0
[ Info: 56_6: layer 2/2, base field no. 19/341, constructing abelian extensions
[ Info: 56_6: layer 2/2, base field no. 19/341, checking fields: 0
[ Info: 56_6: layer 2/2, base field no. 20/341, constructing abelian extensions
[ Info: 56_6: layer 2/2, base field no. 20/341, checking fields: 0
[ Info: 56_6: layer 2/2, base field no. 21/341, constructing abelian extensions
[ Info: 56_6: layer 2/2, base field no. 21/341, checking fields: 0
[ Info: 56_6: layer 2/2, base field no. 22/341, constructing abelian extensions
[ Info: 56_6: layer 2/2, base field no. 22/341, checking fields: 0
[ Info: 56_6: layer 2/2, base field no. 23/341, constructing abelian extensions
[ Info: 56_6: layer 2/2, base field no. 23/341, checking fields: 0
[ Info: 56_6: layer 2/2, base field no. 24/341, constructing abelian extensions
[ Info: 56_6: layer 2/2, base field no. 24/341, checking fields: 0
[ Info: 56_6: layer 2/2, base field no. 25/341, constructing abelian extensions
[ Info: 56_6: layer 2/2, base field no. 25/341, checking fields: 0
[ Info: 56_6: layer 2/2, base field no. 26/341, constructing abelian extensions
[ Info: 56_6: layer 2/2, base field no. 26/341, checking fields: 0
[ Info: 56_6: layer 2/2, base field no. 27/341, constructing abelian extensions
[ Info: 56_6: layer 2/2, base field no. 27/341, checking fields: 0
[ Info: 56_6: layer 2/2, base field no. 28/341, constructing abelian extensions
[ Info: 56_6: layer 2/2, base field no. 28/341, checking fields: 0
[ Info: 56_6: layer 2/2, base field no. 29/341, constructing abelian extensions
[ Info: 56_6: layer 2/2, base field no. 29/341, checking fields: 0
[ Info: 56_6: layer 2/2, base field no. 30/341, constructing abelian extensions
[ Info: 56_6: layer 2/2, base field no. 30/341, checking fields: 0
[ Info: 56_6: layer 2/2, base field no. 31/341, constructing abelian extensions
[ Info: 56_6: layer 2/2, base field no. 31/341, checking fields: 0
[ Info: 56_6: layer 2/2, base field no. 32/341, constructing abelian extensions
[ Info: 56_6: layer 2/2, base field no. 32/341, checking fields: 0
[ Info: 56_6: layer 2/2, base field no. 33/341, constructing abelian extensions
[ Info: 56_6: layer 2/2, base field no. 33/341, checking fields: 0
[ Info: 56_6: layer 2/2, base field no. 34/341, constructing abelian extensions
[ Info: 56_6: layer 2/2, base field no. 34/341, checking fields: 0
[ Info: 56_6: layer 2/2, base field no. 35/341, constructing abelian extensions
[ Info: 56_6: layer 2/2, base field no. 35/341, checking fields: 0
[ Info: 56_6: layer 2/2, base field no. 36/341, constructing abelian extensions
[ Info: 56_6: layer 2/2, base field no. 36/341, checking fields: 0
[ Info: 56_6: layer 2/2, base field no. 37/341, constructing abelian extensions
[ Info: 56_6: layer 2/2, base field no. 37/341, checking fields: 0
[ Info: 56_6: layer 2/2, base field no. 38/341, constructing abelian extensions
[ Info: 56_6: layer 2/2, base field no. 38/341, checking fields: 0
[ Info: 56_6: layer 2/2, base field no. 39/341, constructing abelian extensions
[ Info: 56_6: layer 2/2, base field no. 39/341, checking fields: 0
[ Info: 56_6: layer 2/2, base field no. 40/341, constructing abelian extensions
[ Info: 56_6: layer 2/2, base field no. 40/341, checking fields: 0
[ Info: 56_6: layer 2/2, base field no. 41/341, constructing abelian extensions
[ Info: 56_6: layer 2/2, base field no. 41/341, checking fields: 0
[ Info: 56_6: layer 2/2, base field no. 42/341, constructing abelian extensions
[ Info: 56_6: layer 2/2, base field no. 42/341, checking fields: 0
[ Info: 56_6: layer 2/2, base field no. 43/341, constructing abelian extensions
[ Info: 56_6: layer 2/2, base field no. 43/341, checking fields: 0
[ Info: 56_6: layer 2/2, base field no. 44/341, constructing abelian extensions
[ Info: 56_6: layer 2/2, base field no. 44/341, checking fields: 0
[ Info: 56_6: layer 2/2, base field no. 45/341, constructing abelian extensions
[ Info: 56_6: layer 2/2, base field no. 45/341, checking fields: 0
[ Info: 56_6: layer 2/2, base field no. 46/341, constructing abelian extensions
[ Info: 56_6: layer 2/2, base field no. 46/341, checking fields: 0
[ Info: 56_6: layer 2/2, base field no. 47/341, constructing abelian extensions
[ Info: 56_6: layer 2/2, base field no. 47/341, checking fields: 0
[ Info: 56_6: layer 2/2, base field no. 48/341, constructing abelian extensions
[ Info: 56_6: layer 2/2, base field no. 48/341, checking fields: 0
[ Info: 56_6: layer 2/2, base field no. 49/341, constructing abelian extensions
[ Info: 56_6: layer 2/2, base field no. 49/341, checking fields: 0
[ Info: 56_6: layer 2/2, base field no. 50/341, constructing abelian extensions
[ Info: 56_6: layer 2/2, base field no. 50/341, checking fields: 0
[ Info: 56_6: layer 2/2, base field no. 51/341, constructing abelian extensions
[ Info: 56_6: layer 2/2, base field no. 51/341, checking fields: 0
[ Info: 56_6: layer 2/2, base field no. 52/341, constructing abelian extensions
[ Info: 56_6: layer 2/2, base field no. 52/341, checking fields: 0
[ Info: 56_6: layer 2/2, base field no. 53/341, constructing abelian extensions
[ Info: 56_6: layer 2/2, base field no. 53/341, checking fields: 0
[ Info: 56_6: layer 2/2, base field no. 54/341, constructing abelian extensions
[ Info: 56_6: layer 2/2, base field no. 54/341, checking fields: 0
[ Info: 56_6: layer 2/2, base field no. 55/341, constructing abelian extensions
[ Info: 56_6: layer 2/2, base field no. 55/341, checking fields: 0
[ Info: 56_6: layer 2/2, base field no. 56/341, constructing abelian extensions
[ Info: 56_6: layer 2/2, base field no. 56/341, checking fields: 0
[ Info: 56_6: layer 2/2, base field no. 57/341, constructing abelian extensions
[ Info: 56_6: layer 2/2, base field no. 57/341, checking fields: 0
[ Info: 56_6: layer 2/2, base field no. 58/341, constructing abelian extensions
[ Info: 56_6: layer 2/2, base field no. 58/341, checking fields: 0
[ Info: 56_6: layer 2/2, base field no. 59/341, constructing abelian extensions
[ Info: 56_6: layer 2/2, base field no. 59/341, checking fields: 0
[ Info: 56_6: layer 2/2, base field no. 60/341, constructing abelian extensions
[ Info: 56_6: layer 2/2, base field no. 60/341, checking fields: 0
[ Info: 56_6: layer 2/2, base field no. 61/341, constructing abelian extensions
[ Info: 56_6: layer 2/2, base field no. 61/341, checking fields: 0
[ Info: 56_6: layer 2/2, base field no. 62/341, constructing abelian extensions
[ Info: 56_6: layer 2/2, base field no. 62/341, checking fields: 0
[ Info: 56_6: layer 2/2, base field no. 63/341, constructing abelian extensions
[ Info: 56_6: layer 2/2, base field no. 63/341, checking fields: 0
[ Info: 56_6: layer 2/2, base field no. 64/341, constructing abelian extensions
[ Info: 56_6: layer 2/2, base field no. 64/341, checking fields: 0
[ Info: 56_6: layer 2/2, base field no. 65/341, constructing abelian extensions
[ Info: 56_6: layer 2/2, base field no. 65/341, checking fields: 0
[ Info: 56_6: layer 2/2, base field no. 66/341, constructing abelian extensions
[ Info: 56_6: layer 2/2, base field no. 66/341, checking fields: 0
[ Info: 56_6: layer 2/2, base field no. 67/341, constructing abelian extensions
[ Info: 56_6: layer 2/2, base field no. 67/341, checking fields: 0
[ Info: 56_6: layer 2/2, base field no. 68/341, constructing abelian extensions
[ Info: 56_6: layer 2/2, base field no. 68/341, checking fields: 0
[ Info: 56_6: layer 2/2, base field no. 69/341, constructing abelian extensions
[ Info: 56_6: layer 2/2, base field no. 69/341, checking fields: 0
[ Info: 56_6: layer 2/2, base field no. 70/341, constructing abelian extensions
[ Info: 56_6: layer 2/2, base field no. 70/341, checking fields: 0
[ Info: 56_6: layer 2/2, base field no. 71/341, constructing abelian extensions
[ Info: 56_6: layer 2/2, base field no. 71/341, checking fields: 0
[ Info: 56_6: layer 2/2, base field no. 72/341, constructing abelian extensions
[ Info: 56_6: layer 2/2, base field no. 72/341, checking fields: 0
[ Info: 56_6: layer 2/2, base field no. 73/341, constructing abelian extensions
[ Info: 56_6: layer 2/2, base field no. 73/341, checking fields: 0
[ Info: 56_6: layer 2/2, base field no. 74/341, constructing abelian extensions
[ Info: 56_6: layer 2/2, base field no. 74/341, checking fields: 0
[ Info: 56_6: layer 2/2, base field no. 75/341, constructing abelian extensions
[ Info: 56_6: layer 2/2, base field no. 75/341, checking fields: 0
[ Info: 56_6: layer 2/2, base field no. 76/341, constructing abelian extensions
[ Info: 56_6: layer 2/2, base field no. 76/341, checking fields: 0
[ Info: 56_6: layer 2/2, base field no. 77/341, constructing abelian extensions
[ Info: 56_6: layer 2/2, base field no. 77/341, checking fields: 0
[ Info: 56_6: layer 2/2, base field no. 78/341, constructing abelian extensions
[ Info: 56_6: layer 2/2, base field no. 78/341, checking fields: 0
[ Info: 56_6: layer 2/2, base field no. 79/341, constructing abelian extensions
[ Info: 56_6: layer 2/2, base field no. 79/341, checking fields: 0
[ Info: 56_6: layer 2/2, base field no. 80/341, constructing abelian extensions
[ Info: 56_6: layer 2/2, base field no. 80/341, checking fields: 0
[ Info: 56_6: layer 2/2, base field no. 81/341, constructing abelian extensions
[ Info: 56_6: layer 2/2, base field no. 81/341, checking fields: 0
[ Info: 56_6: layer 2/2, base field no. 82/341, constructing abelian extensions
[ Info: 56_6: layer 2/2, base field no. 82/341, checking fields: 0
[ Info: 56_6: layer 2/2, base field no. 83/341, constructing abelian extensions
[ Info: 56_6: layer 2/2, base field no. 83/341, checking fields: 0
[ Info: 56_6: layer 2/2, base field no. 84/341, constructing abelian extensions
[ Info: 56_6: layer 2/2, base field no. 84/341, checking fields: 0
[ Info: 56_6: layer 2/2, base field no. 85/341, constructing abelian extensions
[ Info: 56_6: layer 2/2, base field no. 85/341, checking fields: 0
[ Info: 56_6: layer 2/2, base field no. 86/341, constructing abelian extensions
[ Info: 56_6: layer 2/2, base field no. 86/341, checking fields: 0
[ Info: 56_6: layer 2/2, base field no. 87/341, constructing abelian extensions
[ Info: 56_6: layer 2/2, base field no. 87/341, checking fields: 0
[ Info: 56_6: layer 2/2, base field no. 88/341, constructing abelian extensions
[ Info: 56_6: layer 2/2, base field no. 88/341, checking fields: 0
[ Info: 56_6: layer 2/2, base field no. 89/341, constructing abelian extensions
[ Info: 56_6: layer 2/2, base field no. 89/341, checking fields: 0
[ Info: 56_6: layer 2/2, base field no. 90/341, constructing abelian extensions
[ Info: 56_6: layer 2/2, base field no. 90/341, checking fields: 0
[ Info: 56_6: layer 2/2, base field no. 91/341, constructing abelian extensions
[ Info: 56_6: layer 2/2, base field no. 91/341, checking fields: 0
[ Info: 56_6: layer 2/2, base field no. 92/341, constructing abelian extensions
[ Info: 56_6: layer 2/2, base field no. 92/341, checking fields: 0
[ Info: 56_6: layer 2/2, base field no. 93/341, constructing abelian extensions
[ Info: 56_6: layer 2/2, base field no. 93/341, checking fields: 0
[ Info: 56_6: layer 2/2, base field no. 94/341, constructing abelian extensions
[ Info: 56_6: layer 2/2, base field no. 94/341, checking fields: 0
[ Info: 56_6: layer 2/2, base field no. 95/341, constructing abelian extensions
[ Info: 56_6: layer 2/2, base field no. 95/341, checking fields: 2
[ Info: 56_6: layer 2/2, base field no. 95/341, 1/2
[ Info: 56_6: layer 2/2, base field no. 95/341, 2/2
[ Info: 56_6: layer 2/2, base field no. 96/341, constructing abelian extensions
[ Info: 56_6: layer 2/2, base field no. 96/341, checking fields: 0
[ Info: 56_6: layer 2/2, base field no. 97/341, constructing abelian extensions
[ Info: 56_6: layer 2/2, base field no. 97/341, checking fields: 0
[ Info: 56_6: layer 2/2, base field no. 98/341, constructing abelian extensions
[ Info: 56_6: layer 2/2, base field no. 98/341, checking fields: 0
[ Info: 56_6: layer 2/2, base field no. 99/341, constructing abelian extensions
[ Info: 56_6: layer 2/2, base field no. 99/341, checking fields: 0
[ Info: 56_6: layer 2/2, base field no. 100/341, constructing abelian extensions
[ Info: 56_6: layer 2/2, base field no. 100/341, checking fields: 0
[ Info: 56_6: layer 2/2, base field no. 101/341, constructing abelian extensions
[ Info: 56_6: layer 2/2, base field no. 101/341, checking fields: 0
[ Info: 56_6: layer 2/2, base field no. 102/341, constructing abelian extensions
[ Info: 56_6: layer 2/2, base field no. 102/341, checking fields: 0
[ Info: 56_6: layer 2/2, base field no. 103/341, constructing abelian extensions
[ Info: 56_6: layer 2/2, base field no. 103/341, checking fields: 0
[ Info: 56_6: layer 2/2, base field no. 104/341, constructing abelian extensions
[ Info: 56_6: layer 2/2, base field no. 104/341, checking fields: 0
[ Info: 56_6: layer 2/2, base field no. 105/341, constructing abelian extensions
[ Info: 56_6: layer 2/2, base field no. 105/341, checking fields: 0
[ Info: 56_6: layer 2/2, base field no. 106/341, constructing abelian extensions
[ Info: 56_6: layer 2/2, base field no. 106/341, checking fields: 0
[ Info: 56_6: layer 2/2, base field no. 107/341, constructing abelian extensions
[ Info: 56_6: layer 2/2, base field no. 107/341, checking fields: 0
[ Info: 56_6: layer 2/2, base field no. 108/341, constructing abelian extensions
[ Info: 56_6: layer 2/2, base field no. 108/341, checking fields: 0
[ Info: 56_6: layer 2/2, base field no. 109/341, constructing abelian extensions
[ Info: 56_6: layer 2/2, base field no. 109/341, checking fields: 0
[ Info: 56_6: layer 2/2, base field no. 110/341, constructing abelian extensions
[ Info: 56_6: layer 2/2, base field no. 110/341, checking fields: 0
[ Info: 56_6: layer 2/2, base field no. 111/341, constructing abelian extensions
[ Info: 56_6: layer 2/2, base field no. 111/341, checking fields: 0
[ Info: 56_6: layer 2/2, base field no. 112/341, constructing abelian extensions
[ Info: 56_6: layer 2/2, base field no. 112/341, checking fields: 0
[ Info: 56_6: layer 2/2, base field no. 113/341, constructing abelian extensions
[ Info: 56_6: layer 2/2, base field no. 113/341, checking fields: 0
[ Info: 56_6: layer 2/2, base field no. 114/341, constructing abelian extensions
[ Info: 56_6: layer 2/2, base field no. 114/341, checking fields: 0
[ Info: 56_6: layer 2/2, base field no. 115/341, constructing abelian extensions
[ Info: 56_6: layer 2/2, base field no. 115/341, checking fields: 0
[ Info: 56_6: layer 2/2, base field no. 116/341, constructing abelian extensions
[ Info: 56_6: layer 2/2, base field no. 116/341, checking fields: 0
[ Info: 56_6: layer 2/2, base field no. 117/341, constructing abelian extensions
[ Info: 56_6: layer 2/2, base field no. 117/341, checking fields: 0
[ Info: 56_6: layer 2/2, base field no. 118/341, constructing abelian extensions
[ Info: 56_6: layer 2/2, base field no. 118/341, checking fields: 0
[ Info: 56_6: layer 2/2, base field no. 119/341, constructing abelian extensions
[ Info: 56_6: layer 2/2, base field no. 119/341, checking fields: 0
[ Info: 56_6: layer 2/2, base field no. 120/341, constructing abelian extensions
[ Info: 56_6: layer 2/2, base field no. 120/341, checking fields: 0
[ Info: 56_6: layer 2/2, base field no. 121/341, constructing abelian extensions
[ Info: 56_6: layer 2/2, base field no. 121/341, checking fields: 0
[ Info: 56_6: layer 2/2, base field no. 122/341, constructing abelian extensions
[ Info: 56_6: layer 2/2, base field no. 122/341, checking fields: 0
[ Info: 56_6: layer 2/2, base field no. 123/341, constructing abelian extensions
[ Info: 56_6: layer 2/2, base field no. 123/341, checking fields: 0
[ Info: 56_6: layer 2/2, base field no. 124/341, constructing abelian extensions
[ Info: 56_6: layer 2/2, base field no. 124/341, checking fields: 0
[ Info: 56_6: layer 2/2, base field no. 125/341, constructing abelian extensions
[ Info: 56_6: layer 2/2, base field no. 125/341, checking fields: 0
[ Info: 56_6: layer 2/2, base field no. 126/341, constructing abelian extensions
[ Info: 56_6: layer 2/2, base field no. 126/341, checking fields: 0
[ Info: 56_6: layer 2/2, base field no. 127/341, constructing abelian extensions
[ Info: 56_6: layer 2/2, base field no. 127/341, checking fields: 0
[ Info: 56_6: layer 2/2, base field no. 128/341, constructing abelian extensions
[ Info: 56_6: layer 2/2, base field no. 128/341, checking fields: 0
[ Info: 56_6: layer 2/2, base field no. 129/341, constructing abelian extensions
[ Info: 56_6: layer 2/2, base field no. 129/341, checking fields: 0
[ Info: 56_6: layer 2/2, base field no. 130/341, constructing abelian extensions
[ Info: 56_6: layer 2/2, base field no. 130/341, checking fields: 0
[ Info: 56_6: layer 2/2, base field no. 131/341, constructing abelian extensions
[ Info: 56_6: layer 2/2, base field no. 131/341, checking fields: 0
[ Info: 56_6: layer 2/2, base field no. 132/341, constructing abelian extensions
[ Info: 56_6: layer 2/2, base field no. 132/341, checking fields: 0
[ Info: 56_6: layer 2/2, base field no. 133/341, constructing abelian extensions
[ Info: 56_6: layer 2/2, base field no. 133/341, checking fields: 0
[ Info: 56_6: layer 2/2, base field no. 134/341, constructing abelian extensions
[ Info: 56_6: layer 2/2, base field no. 134/341, checking fields: 0
[ Info: 56_6: layer 2/2, base field no. 135/341, constructing abelian extensions
[ Info: 56_6: layer 2/2, base field no. 135/341, checking fields: 0
[ Info: 56_6: layer 2/2, base field no. 136/341, constructing abelian extensions
[ Info: 56_6: layer 2/2, base field no. 136/341, checking fields: 0
[ Info: 56_6: layer 2/2, base field no. 137/341, constructing abelian extensions
[ Info: 56_6: layer 2/2, base field no. 137/341, checking fields: 0
[ Info: 56_6: layer 2/2, base field no. 138/341, constructing abelian extensions
[ Info: 56_6: layer 2/2, base field no. 138/341, checking fields: 0
[ Info: 56_6: layer 2/2, base field no. 139/341, constructing abelian extensions
[ Info: 56_6: layer 2/2, base field no. 139/341, checking fields: 0
[ Info: 56_6: layer 2/2, base field no. 140/341, constructing abelian extensions
[ Info: 56_6: layer 2/2, base field no. 140/341, checking fields: 0
[ Info: 56_6: layer 2/2, base field no. 141/341, constructing abelian extensions
[ Info: 56_6: layer 2/2, base field no. 141/341, checking fields: 0
[ Info: 56_6: layer 2/2, base field no. 142/341, constructing abelian extensions
[ Info: 56_6: layer 2/2, base field no. 142/341, checking fields: 0
[ Info: 56_6: layer 2/2, base field no. 143/341, constructing abelian extensions
[ Info: 56_6: layer 2/2, base field no. 143/341, checking fields: 0
[ Info: 56_6: layer 2/2, base field no. 144/341, constructing abelian extensions
[ Info: 56_6: layer 2/2, base field no. 144/341, checking fields: 0
[ Info: 56_6: layer 2/2, base field no. 145/341, constructing abelian extensions
[ Info: 56_6: layer 2/2, base field no. 145/341, checking fields: 0
[ Info: 56_6: layer 2/2, base field no. 146/341, constructing abelian extensions
[ Info: 56_6: layer 2/2, base field no. 146/341, checking fields: 0
[ Info: 56_6: layer 2/2, base field no. 147/341, constructing abelian extensions
[ Info: 56_6: layer 2/2, base field no. 147/341, checking fields: 0
[ Info: 56_6: layer 2/2, base field no. 148/341, constructing abelian extensions
[ Info: 56_6: layer 2/2, base field no. 148/341, checking fields: 0
[ Info: 56_6: layer 2/2, base field no. 149/341, constructing abelian extensions
[ Info: 56_6: layer 2/2, base field no. 149/341, checking fields: 0
[ Info: 56_6: layer 2/2, base field no. 150/341, constructing abelian extensions
[ Info: 56_6: layer 2/2, base field no. 150/341, checking fields: 0
[ Info: 56_6: layer 2/2, base field no. 151/341, constructing abelian extensions
[ Info: 56_6: layer 2/2, base field no. 151/341, checking fields: 0
[ Info: 56_6: layer 2/2, base field no. 152/341, constructing abelian extensions
[ Info: 56_6: layer 2/2, base field no. 152/341, checking fields: 0
[ Info: 56_6: layer 2/2, base field no. 153/341, constructing abelian extensions
[ Info: 56_6: layer 2/2, base field no. 153/341, checking fields: 0
[ Info: 56_6: layer 2/2, base field no. 154/341, constructing abelian extensions
[ Info: 56_6: layer 2/2, base field no. 154/341, checking fields: 0
[ Info: 56_6: layer 2/2, base field no. 155/341, constructing abelian extensions
[ Info: 56_6: layer 2/2, base field no. 155/341, checking fields: 0
[ Info: 56_6: layer 2/2, base field no. 156/341, constructing abelian extensions
[ Info: 56_6: layer 2/2, base field no. 156/341, checking fields: 0
[ Info: 56_6: layer 2/2, base field no. 157/341, constructing abelian extensions
[ Info: 56_6: layer 2/2, base field no. 157/341, checking fields: 0
[ Info: 56_6: layer 2/2, base field no. 158/341, constructing abelian extensions
[ Info: 56_6: layer 2/2, base field no. 158/341, checking fields: 0
[ Info: 56_6: layer 2/2, base field no. 159/341, constructing abelian extensions
[ Info: 56_6: layer 2/2, base field no. 159/341, checking fields: 0
[ Info: 56_6: layer 2/2, base field no. 160/341, constructing abelian extensions
[ Info: 56_6: layer 2/2, base field no. 160/341, checking fields: 0
[ Info: 56_6: layer 2/2, base field no. 161/341, constructing abelian extensions
[ Info: 56_6: layer 2/2, base field no. 161/341, checking fields: 0
[ Info: 56_6: layer 2/2, base field no. 162/341, constructing abelian extensions
[ Info: 56_6: layer 2/2, base field no. 162/341, checking fields: 0
[ Info: 56_6: layer 2/2, base field no. 163/341, constructing abelian extensions
[ Info: 56_6: layer 2/2, base field no. 163/341, checking fields: 0
[ Info: 56_6: layer 2/2, base field no. 164/341, constructing abelian extensions
[ Info: 56_6: layer 2/2, base field no. 164/341, checking fields: 0
[ Info: 56_6: layer 2/2, base field no. 165/341, constructing abelian extensions
[ Info: 56_6: layer 2/2, base field no. 165/341, checking fields: 0
[ Info: 56_6: layer 2/2, base field no. 166/341, constructing abelian extensions
[ Info: 56_6: layer 2/2, base field no. 166/341, checking fields: 0
[ Info: 56_6: layer 2/2, base field no. 167/341, constructing abelian extensions
[ Info: 56_6: layer 2/2, base field no. 167/341, checking fields: 0
[ Info: 56_6: layer 2/2, base field no. 168/341, constructing abelian extensions
[ Info: 56_6: layer 2/2, base field no. 168/341, checking fields: 0
[ Info: 56_6: layer 2/2, base field no. 169/341, constructing abelian extensions
[ Info: 56_6: layer 2/2, base field no. 169/341, checking fields: 0
[ Info: 56_6: layer 2/2, base field no. 170/341, constructing abelian extensions
[ Info: 56_6: layer 2/2, base field no. 170/341, checking fields: 0
[ Info: 56_6: layer 2/2, base field no. 171/341, constructing abelian extensions
[ Info: 56_6: layer 2/2, base field no. 171/341, checking fields: 0
[ Info: 56_6: layer 2/2, base field no. 172/341, constructing abelian extensions
[ Info: 56_6: layer 2/2, base field no. 172/341, checking fields: 0
[ Info: 56_6: layer 2/2, base field no. 173/341, constructing abelian extensions
[ Info: 56_6: layer 2/2, base field no. 173/341, checking fields: 0
[ Info: 56_6: layer 2/2, base field no. 174/341, constructing abelian extensions
[ Info: 56_6: layer 2/2, base field no. 174/341, checking fields: 0
[ Info: 56_6: layer 2/2, base field no. 175/341, constructing abelian extensions
[ Info: 56_6: layer 2/2, base field no. 175/341, checking fields: 0
[ Info: 56_6: layer 2/2, base field no. 176/341, constructing abelian extensions
[ Info: 56_6: layer 2/2, base field no. 176/341, checking fields: 0
[ Info: 56_6: layer 2/2, base field no. 177/341, constructing abelian extensions
[ Info: 56_6: layer 2/2, base field no. 177/341, checking fields: 0
[ Info: 56_6: layer 2/2, base field no. 178/341, constructing abelian extensions
[ Info: 56_6: layer 2/2, base field no. 178/341, checking fields: 0
[ Info: 56_6: layer 2/2, base field no. 179/341, constructing abelian extensions
[ Info: 56_6: layer 2/2, base field no. 179/341, checking fields: 0
[ Info: 56_6: layer 2/2, base field no. 180/341, constructing abelian extensions
[ Info: 56_6: layer 2/2, base field no. 180/341, checking fields: 0
[ Info: 56_6: layer 2/2, base field no. 181/341, constructing abelian extensions
[ Info: 56_6: layer 2/2, base field no. 181/341, checking fields: 0
[ Info: 56_6: layer 2/2, base field no. 182/341, constructing abelian extensions
[ Info: 56_6: layer 2/2, base field no. 182/341, checking fields: 0
[ Info: 56_6: layer 2/2, base field no. 183/341, constructing abelian extensions
[ Info: 56_6: layer 2/2, base field no. 183/341, checking fields: 0
[ Info: 56_6: layer 2/2, base field no. 184/341, constructing abelian extensions
[ Info: 56_6: layer 2/2, base field no. 184/341, checking fields: 0
[ Info: 56_6: layer 2/2, base field no. 185/341, constructing abelian extensions
[ Info: 56_6: layer 2/2, base field no. 185/341, checking fields: 0
[ Info: 56_6: layer 2/2, base field no. 186/341, constructing abelian extensions
[ Info: 56_6: layer 2/2, base field no. 186/341, checking fields: 1
[ Info: 56_6: layer 2/2, base field no. 186/341, 1/1
[ Info: 56_6: layer 2/2, base field no. 187/341, constructing abelian extensions
[ Info: 56_6: layer 2/2, base field no. 187/341, checking fields: 0
[ Info: 56_6: layer 2/2, base field no. 188/341, constructing abelian extensions
[ Info: 56_6: layer 2/2, base field no. 188/341, checking fields: 0
[ Info: 56_6: layer 2/2, base field no. 189/341, constructing abelian extensions
[ Info: 56_6: layer 2/2, base field no. 189/341, checking fields: 0
[ Info: 56_6: layer 2/2, base field no. 190/341, constructing abelian extensions
[ Info: 56_6: layer 2/2, base field no. 190/341, checking fields: 0
[ Info: 56_6: layer 2/2, base field no. 191/341, constructing abelian extensions
[ Info: 56_6: layer 2/2, base field no. 191/341, checking fields: 0
[ Info: 56_6: layer 2/2, base field no. 192/341, constructing abelian extensions
[ Info: 56_6: layer 2/2, base field no. 192/341, checking fields: 0
[ Info: 56_6: layer 2/2, base field no. 193/341, constructing abelian extensions
[ Info: 56_6: layer 2/2, base field no. 193/341, checking fields: 0
[ Info: 56_6: layer 2/2, base field no. 194/341, constructing abelian extensions
[ Info: 56_6: layer 2/2, base field no. 194/341, checking fields: 0
[ Info: 56_6: layer 2/2, base field no. 195/341, constructing abelian extensions
[ Info: 56_6: layer 2/2, base field no. 195/341, checking fields: 0
[ Info: 56_6: layer 2/2, base field no. 196/341, constructing abelian extensions
[ Info: 56_6: layer 2/2, base field no. 196/341, checking fields: 0
[ Info: 56_6: layer 2/2, base field no. 197/341, constructing abelian extensions
[ Info: 56_6: layer 2/2, base field no. 197/341, checking fields: 0
[ Info: 56_6: layer 2/2, base field no. 198/341, constructing abelian extensions
[ Info: 56_6: layer 2/2, base field no. 198/341, checking fields: 0
[ Info: 56_6: layer 2/2, base field no. 199/341, constructing abelian extensions
[ Info: 56_6: layer 2/2, base field no. 199/341, checking fields: 0
[ Info: 56_6: layer 2/2, base field no. 200/341, constructing abelian extensions
[ Info: 56_6: layer 2/2, base field no. 200/341, checking fields: 0
[ Info: 56_6: layer 2/2, base field no. 201/341, constructing abelian extensions
[ Info: 56_6: layer 2/2, base field no. 201/341, checking fields: 0
[ Info: 56_6: layer 2/2, base field no. 202/341, constructing abelian extensions
[ Info: 56_6: layer 2/2, base field no. 202/341, checking fields: 0
[ Info: 56_6: layer 2/2, base field no. 203/341, constructing abelian extensions
[ Info: 56_6: layer 2/2, base field no. 203/341, checking fields: 0
[ Info: 56_6: layer 2/2, base field no. 204/341, constructing abelian extensions
[ Info: 56_6: layer 2/2, base field no. 204/341, checking fields: 0
[ Info: 56_6: layer 2/2, base field no. 205/341, constructing abelian extensions
[ Info: 56_6: layer 2/2, base field no. 205/341, checking fields: 0
[ Info: 56_6: layer 2/2, base field no. 206/341, constructing abelian extensions
[ Info: 56_6: layer 2/2, base field no. 206/341, checking fields: 0
[ Info: 56_6: layer 2/2, base field no. 207/341, constructing abelian extensions
[ Info: 56_6: layer 2/2, base field no. 207/341, checking fields: 0
[ Info: 56_6: layer 2/2, base field no. 208/341, constructing abelian extensions
[ Info: 56_6: layer 2/2, base field no. 208/341, checking fields: 0
[ Info: 56_6: layer 2/2, base field no. 209/341, constructing abelian extensions
[ Info: 56_6: layer 2/2, base field no. 209/341, checking fields: 0
[ Info: 56_6: layer 2/2, base field no. 210/341, constructing abelian extensions
[ Info: 56_6: layer 2/2, base field no. 210/341, checking fields: 0
[ Info: 56_6: layer 2/2, base field no. 211/341, constructing abelian extensions
[ Info: 56_6: layer 2/2, base field no. 211/341, checking fields: 0
[ Info: 56_6: layer 2/2, base field no. 212/341, constructing abelian extensions
[ Info: 56_6: layer 2/2, base field no. 212/341, checking fields: 0
[ Info: 56_6: layer 2/2, base field no. 213/341, constructing abelian extensions
[ Info: 56_6: layer 2/2, base field no. 213/341, checking fields: 0
[ Info: 56_6: layer 2/2, base field no. 214/341, constructing abelian extensions
[ Info: 56_6: layer 2/2, base field no. 214/341, checking fields: 0
[ Info: 56_6: layer 2/2, base field no. 215/341, constructing abelian extensions
[ Info: 56_6: layer 2/2, base field no. 215/341, checking fields: 0
[ Info: 56_6: layer 2/2, base field no. 216/341, constructing abelian extensions
[ Info: 56_6: layer 2/2, base field no. 216/341, checking fields: 0
[ Info: 56_6: layer 2/2, base field no. 217/341, constructing abelian extensions
[ Info: 56_6: layer 2/2, base field no. 217/341, checking fields: 0
[ Info: 56_6: layer 2/2, base field no. 218/341, constructing abelian extensions
[ Info: 56_6: layer 2/2, base field no. 218/341, checking fields: 0
[ Info: 56_6: layer 2/2, base field no. 219/341, constructing abelian extensions
[ Info: 56_6: layer 2/2, base field no. 219/341, checking fields: 0
[ Info: 56_6: layer 2/2, base field no. 220/341, constructing abelian extensions
[ Info: 56_6: layer 2/2, base field no. 220/341, checking fields: 0
[ Info: 56_6: layer 2/2, base field no. 221/341, constructing abelian extensions
[ Info: 56_6: layer 2/2, base field no. 221/341, checking fields: 0
[ Info: 56_6: layer 2/2, base field no. 222/341, constructing abelian extensions
[ Info: 56_6: layer 2/2, base field no. 222/341, checking fields: 0
[ Info: 56_6: layer 2/2, base field no. 223/341, constructing abelian extensions
[ Info: 56_6: layer 2/2, base field no. 223/341, checking fields: 0
[ Info: 56_6: layer 2/2, base field no. 224/341, constructing abelian extensions
[ Info: 56_6: layer 2/2, base field no. 224/341, checking fields: 0
[ Info: 56_6: layer 2/2, base field no. 225/341, constructing abelian extensions
[ Info: 56_6: layer 2/2, base field no. 225/341, checking fields: 0
[ Info: 56_6: layer 2/2, base field no. 226/341, constructing abelian extensions
[ Info: 56_6: layer 2/2, base field no. 226/341, checking fields: 0
[ Info: 56_6: layer 2/2, base field no. 227/341, constructing abelian extensions
[ Info: 56_6: layer 2/2, base field no. 227/341, checking fields: 0
[ Info: 56_6: layer 2/2, base field no. 228/341, constructing abelian extensions
[ Info: 56_6: layer 2/2, base field no. 228/341, checking fields: 0
[ Info: 56_6: layer 2/2, base field no. 229/341, constructing abelian extensions
[ Info: 56_6: layer 2/2, base field no. 229/341, checking fields: 0
[ Info: 56_6: layer 2/2, base field no. 230/341, constructing abelian extensions
[ Info: 56_6: layer 2/2, base field no. 230/341, checking fields: 0
[ Info: 56_6: layer 2/2, base field no. 231/341, constructing abelian extensions
[ Info: 56_6: layer 2/2, base field no. 231/341, checking fields: 0
[ Info: 56_6: layer 2/2, base field no. 232/341, constructing abelian extensions
[ Info: 56_6: layer 2/2, base field no. 232/341, checking fields: 0
[ Info: 56_6: layer 2/2, base field no. 233/341, constructing abelian extensions
[ Info: 56_6: layer 2/2, base field no. 233/341, checking fields: 0
[ Info: 56_6: layer 2/2, base field no. 234/341, constructing abelian extensions
[ Info: 56_6: layer 2/2, base field no. 234/341, checking fields: 0
[ Info: 56_6: layer 2/2, base field no. 235/341, constructing abelian extensions
[ Info: 56_6: layer 2/2, base field no. 235/341, checking fields: 0
[ Info: 56_6: layer 2/2, base field no. 236/341, constructing abelian extensions
[ Info: 56_6: layer 2/2, base field no. 236/341, checking fields: 0
[ Info: 56_6: layer 2/2, base field no. 237/341, constructing abelian extensions
[ Info: 56_6: layer 2/2, base field no. 237/341, checking fields: 0
[ Info: 56_6: layer 2/2, base field no. 238/341, constructing abelian extensions
[ Info: 56_6: layer 2/2, base field no. 238/341, checking fields: 0
[ Info: 56_6: layer 2/2, base field no. 239/341, constructing abelian extensions
[ Info: 56_6: layer 2/2, base field no. 239/341, checking fields: 0
[ Info: 56_6: layer 2/2, base field no. 240/341, constructing abelian extensions
[ Info: 56_6: layer 2/2, base field no. 240/341, checking fields: 0
[ Info: 56_6: layer 2/2, base field no. 241/341, constructing abelian extensions
[ Info: 56_6: layer 2/2, base field no. 241/341, checking fields: 0
[ Info: 56_6: layer 2/2, base field no. 242/341, constructing abelian extensions
[ Info: 56_6: layer 2/2, base field no. 242/341, checking fields: 1
[ Info: 56_6: layer 2/2, base field no. 242/341, 1/1
[ Info: 56_6: layer 2/2, base field no. 243/341, constructing abelian extensions
[ Info: 56_6: layer 2/2, base field no. 243/341, checking fields: 1
[ Info: 56_6: layer 2/2, base field no. 243/341, 1/1
[ Info: 56_6: layer 2/2, base field no. 244/341, constructing abelian extensions
[ Info: 56_6: layer 2/2, base field no. 244/341, checking fields: 0
[ Info: 56_6: layer 2/2, base field no. 245/341, constructing abelian extensions
[ Info: 56_6: layer 2/2, base field no. 245/341, checking fields: 0
[ Info: 56_6: layer 2/2, base field no. 246/341, constructing abelian extensions
[ Info: 56_6: layer 2/2, base field no. 246/341, checking fields: 0
[ Info: 56_6: layer 2/2, base field no. 247/341, constructing abelian extensions
[ Info: 56_6: layer 2/2, base field no. 247/341, checking fields: 0
[ Info: 56_6: layer 2/2, base field no. 248/341, constructing abelian extensions
[ Info: 56_6: layer 2/2, base field no. 248/341, checking fields: 0
[ Info: 56_6: layer 2/2, base field no. 249/341, constructing abelian extensions
[ Info: 56_6: layer 2/2, base field no. 249/341, checking fields: 0
[ Info: 56_6: layer 2/2, base field no. 250/341, constructing abelian extensions
[ Info: 56_6: layer 2/2, base field no. 250/341, checking fields: 0
[ Info: 56_6: layer 2/2, base field no. 251/341, constructing abelian extensions
[ Info: 56_6: layer 2/2, base field no. 251/341, checking fields: 0
[ Info: 56_6: layer 2/2, base field no. 252/341, constructing abelian extensions
[ Info: 56_6: layer 2/2, base field no. 252/341, checking fields: 0
[ Info: 56_6: layer 2/2, base field no. 253/341, constructing abelian extensions
[ Info: 56_6: layer 2/2, base field no. 253/341, checking fields: 0
[ Info: 56_6: layer 2/2, base field no. 254/341, constructing abelian extensions
[ Info: 56_6: layer 2/2, base field no. 254/341, checking fields: 0
[ Info: 56_6: layer 2/2, base field no. 255/341, constructing abelian extensions
[ Info: 56_6: layer 2/2, base field no. 255/341, checking fields: 0
[ Info: 56_6: layer 2/2, base field no. 256/341, constructing abelian extensions
[ Info: 56_6: layer 2/2, base field no. 256/341, checking fields: 0
[ Info: 56_6: layer 2/2, base field no. 257/341, constructing abelian extensions
[ Info: 56_6: layer 2/2, base field no. 257/341, checking fields: 0
[ Info: 56_6: layer 2/2, base field no. 258/341, constructing abelian extensions
[ Info: 56_6: layer 2/2, base field no. 258/341, checking fields: 0
[ Info: 56_6: layer 2/2, base field no. 259/341, constructing abelian extensions
[ Info: 56_6: layer 2/2, base field no. 259/341, checking fields: 0
[ Info: 56_6: layer 2/2, base field no. 260/341, constructing abelian extensions
[ Info: 56_6: layer 2/2, base field no. 260/341, checking fields: 0
[ Info: 56_6: layer 2/2, base field no. 261/341, constructing abelian extensions
[ Info: 56_6: layer 2/2, base field no. 261/341, checking fields: 0
[ Info: 56_6: layer 2/2, base field no. 262/341, constructing abelian extensions
[ Info: 56_6: layer 2/2, base field no. 262/341, checking fields: 0
[ Info: 56_6: layer 2/2, base field no. 263/341, constructing abelian extensions
[ Info: 56_6: layer 2/2, base field no. 263/341, checking fields: 0
[ Info: 56_6: layer 2/2, base field no. 264/341, constructing abelian extensions
[ Info: 56_6: layer 2/2, base field no. 264/341, checking fields: 0
[ Info: 56_6: layer 2/2, base field no. 265/341, constructing abelian extensions
[ Info: 56_6: layer 2/2, base field no. 265/341, checking fields: 0
[ Info: 56_6: layer 2/2, base field no. 266/341, constructing abelian extensions
[ Info: 56_6: layer 2/2, base field no. 266/341, checking fields: 0
[ Info: 56_6: layer 2/2, base field no. 267/341, constructing abelian extensions
[ Info: 56_6: layer 2/2, base field no. 267/341, checking fields: 0
[ Info: 56_6: layer 2/2, base field no. 268/341, constructing abelian extensions
[ Info: 56_6: layer 2/2, base field no. 268/341, checking fields: 0
[ Info: 56_6: layer 2/2, base field no. 269/341, constructing abelian extensions
[ Info: 56_6: layer 2/2, base field no. 269/341, checking fields: 0
[ Info: 56_6: layer 2/2, base field no. 270/341, constructing abelian extensions
[ Info: 56_6: layer 2/2, base field no. 270/341, checking fields: 0
[ Info: 56_6: layer 2/2, base field no. 271/341, constructing abelian extensions
[ Info: 56_6: layer 2/2, base field no. 271/341, checking fields: 0
[ Info: 56_6: layer 2/2, base field no. 272/341, constructing abelian extensions
[ Info: 56_6: layer 2/2, base field no. 272/341, checking fields: 0
[ Info: 56_6: layer 2/2, base field no. 273/341, constructing abelian extensions
[ Info: 56_6: layer 2/2, base field no. 273/341, checking fields: 0
[ Info: 56_6: layer 2/2, base field no. 274/341, constructing abelian extensions
[ Info: 56_6: layer 2/2, base field no. 274/341, checking fields: 0
[ Info: 56_6: layer 2/2, base field no. 275/341, constructing abelian extensions
[ Info: 56_6: layer 2/2, base field no. 275/341, checking fields: 0
[ Info: 56_6: layer 2/2, base field no. 276/341, constructing abelian extensions
[ Info: 56_6: layer 2/2, base field no. 276/341, checking fields: 0
[ Info: 56_6: layer 2/2, base field no. 277/341, constructing abelian extensions
[ Info: 56_6: layer 2/2, base field no. 277/341, checking fields: 0
[ Info: 56_6: layer 2/2, base field no. 278/341, constructing abelian extensions
[ Info: 56_6: layer 2/2, base field no. 278/341, checking fields: 0
[ Info: 56_6: layer 2/2, base field no. 279/341, constructing abelian extensions
[ Info: 56_6: layer 2/2, base field no. 279/341, checking fields: 0
[ Info: 56_6: layer 2/2, base field no. 280/341, constructing abelian extensions
[ Info: 56_6: layer 2/2, base field no. 280/341, checking fields: 0
[ Info: 56_6: layer 2/2, base field no. 281/341, constructing abelian extensions
[ Info: 56_6: layer 2/2, base field no. 281/341, checking fields: 0
[ Info: 56_6: layer 2/2, base field no. 282/341, constructing abelian extensions
[ Info: 56_6: layer 2/2, base field no. 282/341, checking fields: 0
[ Info: 56_6: layer 2/2, base field no. 283/341, constructing abelian extensions
[ Info: 56_6: layer 2/2, base field no. 283/341, checking fields: 0
[ Info: 56_6: layer 2/2, base field no. 284/341, constructing abelian extensions
[ Info: 56_6: layer 2/2, base field no. 284/341, checking fields: 0
[ Info: 56_6: layer 2/2, base field no. 285/341, constructing abelian extensions
[ Info: 56_6: layer 2/2, base field no. 285/341, checking fields: 0
[ Info: 56_6: layer 2/2, base field no. 286/341, constructing abelian extensions
[ Info: 56_6: layer 2/2, base field no. 286/341, checking fields: 0
[ Info: 56_6: layer 2/2, base field no. 287/341, constructing abelian extensions
[ Info: 56_6: layer 2/2, base field no. 287/341, checking fields: 0
[ Info: 56_6: layer 2/2, base field no. 288/341, constructing abelian extensions
[ Info: 56_6: layer 2/2, base field no. 288/341, checking fields: 0
[ Info: 56_6: layer 2/2, base field no. 289/341, constructing abelian extensions
[ Info: 56_6: layer 2/2, base field no. 289/341, checking fields: 0
[ Info: 56_6: layer 2/2, base field no. 290/341, constructing abelian extensions
[ Info: 56_6: layer 2/2, base field no. 290/341, checking fields: 0
[ Info: 56_6: layer 2/2, base field no. 291/341, constructing abelian extensions
[ Info: 56_6: layer 2/2, base field no. 291/341, checking fields: 0
[ Info: 56_6: layer 2/2, base field no. 292/341, constructing abelian extensions
[ Info: 56_6: layer 2/2, base field no. 292/341, checking fields: 0
[ Info: 56_6: layer 2/2, base field no. 293/341, constructing abelian extensions
[ Info: 56_6: layer 2/2, base field no. 293/341, checking fields: 0
[ Info: 56_6: layer 2/2, base field no. 294/341, constructing abelian extensions
[ Info: 56_6: layer 2/2, base field no. 294/341, checking fields: 0
[ Info: 56_6: layer 2/2, base field no. 295/341, constructing abelian extensions
[ Info: 56_6: layer 2/2, base field no. 295/341, checking fields: 0
[ Info: 56_6: layer 2/2, base field no. 296/341, constructing abelian extensions
[ Info: 56_6: layer 2/2, base field no. 296/341, checking fields: 0
[ Info: 56_6: layer 2/2, base field no. 297/341, constructing abelian extensions
[ Info: 56_6: layer 2/2, base field no. 297/341, checking fields: 0
[ Info: 56_6: layer 2/2, base field no. 298/341, constructing abelian extensions
[ Info: 56_6: layer 2/2, base field no. 298/341, checking fields: 0
[ Info: 56_6: layer 2/2, base field no. 299/341, constructing abelian extensions
[ Info: 56_6: layer 2/2, base field no. 299/341, checking fields: 0
[ Info: 56_6: layer 2/2, base field no. 300/341, constructing abelian extensions
[ Info: 56_6: layer 2/2, base field no. 300/341, checking fields: 0
[ Info: 56_6: layer 2/2, base field no. 301/341, constructing abelian extensions
[ Info: 56_6: layer 2/2, base field no. 301/341, checking fields: 0
[ Info: 56_6: layer 2/2, base field no. 302/341, constructing abelian extensions
[ Info: 56_6: layer 2/2, base field no. 302/341, checking fields: 0
[ Info: 56_6: layer 2/2, base field no. 303/341, constructing abelian extensions
[ Info: 56_6: layer 2/2, base field no. 303/341, checking fields: 0
[ Info: 56_6: layer 2/2, base field no. 304/341, constructing abelian extensions
[ Info: 56_6: layer 2/2, base field no. 304/341, checking fields: 0
[ Info: 56_6: layer 2/2, base field no. 305/341, constructing abelian extensions
[ Info: 56_6: layer 2/2, base field no. 305/341, checking fields: 0
[ Info: 56_6: layer 2/2, base field no. 306/341, constructing abelian extensions
[ Info: 56_6: layer 2/2, base field no. 306/341, checking fields: 0
[ Info: 56_6: layer 2/2, base field no. 307/341, constructing abelian extensions
[ Info: 56_6: layer 2/2, base field no. 307/341, checking fields: 0
[ Info: 56_6: layer 2/2, base field no. 308/341, constructing abelian extensions
[ Info: 56_6: layer 2/2, base field no. 308/341, checking fields: 0
[ Info: 56_6: layer 2/2, base field no. 309/341, constructing abelian extensions
[ Info: 56_6: layer 2/2, base field no. 309/341, checking fields: 0
[ Info: 56_6: layer 2/2, base field no. 310/341, constructing abelian extensions
[ Info: 56_6: layer 2/2, base field no. 310/341, checking fields: 0
[ Info: 56_6: layer 2/2, base field no. 311/341, constructing abelian extensions
[ Info: 56_6: layer 2/2, base field no. 311/341, checking fields: 0
[ Info: 56_6: layer 2/2, base field no. 312/341, constructing abelian extensions
[ Info: 56_6: layer 2/2, base field no. 312/341, checking fields: 0
[ Info: 56_6: layer 2/2, base field no. 313/341, constructing abelian extensions
[ Info: 56_6: layer 2/2, base field no. 313/341, checking fields: 0
[ Info: 56_6: layer 2/2, base field no. 314/341, constructing abelian extensions
[ Info: 56_6: layer 2/2, base field no. 314/341, checking fields: 0
[ Info: 56_6: layer 2/2, base field no. 315/341, constructing abelian extensions
[ Info: 56_6: layer 2/2, base field no. 315/341, checking fields: 0
[ Info: 56_6: layer 2/2, base field no. 316/341, constructing abelian extensions
[ Info: 56_6: layer 2/2, base field no. 316/341, checking fields: 0
[ Info: 56_6: layer 2/2, base field no. 317/341, constructing abelian extensions
[ Info: 56_6: layer 2/2, base field no. 317/341, checking fields: 0
[ Info: 56_6: layer 2/2, base field no. 318/341, constructing abelian extensions
[ Info: 56_6: layer 2/2, base field no. 318/341, checking fields: 0
[ Info: 56_6: layer 2/2, base field no. 319/341, constructing abelian extensions
[ Info: 56_6: layer 2/2, base field no. 319/341, checking fields: 0
[ Info: 56_6: layer 2/2, base field no. 320/341, constructing abelian extensions
[ Info: 56_6: layer 2/2, base field no. 320/341, checking fields: 0
[ Info: 56_6: layer 2/2, base field no. 321/341, constructing abelian extensions
[ Info: 56_6: layer 2/2, base field no. 321/341, checking fields: 0
[ Info: 56_6: layer 2/2, base field no. 322/341, constructing abelian extensions
[ Info: 56_6: layer 2/2, base field no. 322/341, checking fields: 0
[ Info: 56_6: layer 2/2, base field no. 323/341, constructing abelian extensions
[ Info: 56_6: layer 2/2, base field no. 323/341, checking fields: 0
[ Info: 56_6: layer 2/2, base field no. 324/341, constructing abelian extensions
[ Info: 56_6: layer 2/2, base field no. 324/341, checking fields: 0
[ Info: 56_6: layer 2/2, base field no. 325/341, constructing abelian extensions
[ Info: 56_6: layer 2/2, base field no. 325/341, checking fields: 0
[ Info: 56_6: layer 2/2, base field no. 326/341, constructing abelian extensions
[ Info: 56_6: layer 2/2, base field no. 326/341, checking fields: 0
[ Info: 56_6: layer 2/2, base field no. 327/341, constructing abelian extensions
[ Info: 56_6: layer 2/2, base field no. 327/341, checking fields: 0
[ Info: 56_6: layer 2/2, base field no. 328/341, constructing abelian extensions
[ Info: 56_6: layer 2/2, base field no. 328/341, checking fields: 0
[ Info: 56_6: layer 2/2, base field no. 329/341, constructing abelian extensions
[ Info: 56_6: layer 2/2, base field no. 329/341, checking fields: 0
[ Info: 56_6: layer 2/2, base field no. 330/341, constructing abelian extensions
[ Info: 56_6: layer 2/2, base field no. 330/341, checking fields: 0
[ Info: 56_6: layer 2/2, base field no. 331/341, constructing abelian extensions
[ Info: 56_6: layer 2/2, base field no. 331/341, checking fields: 0
[ Info: 56_6: layer 2/2, base field no. 332/341, constructing abelian extensions
[ Info: 56_6: layer 2/2, base field no. 332/341, checking fields: 0
[ Info: 56_6: layer 2/2, base field no. 333/341, constructing abelian extensions
[ Info: 56_6: layer 2/2, base field no. 333/341, checking fields: 0
[ Info: 56_6: layer 2/2, base field no. 334/341, constructing abelian extensions
[ Info: 56_6: layer 2/2, base field no. 334/341, checking fields: 0
[ Info: 56_6: layer 2/2, base field no. 335/341, constructing abelian extensions
[ Info: 56_6: layer 2/2, base field no. 335/341, checking fields: 0
[ Info: 56_6: layer 2/2, base field no. 336/341, constructing abelian extensions
[ Info: 56_6: layer 2/2, base field no. 336/341, checking fields: 0
[ Info: 56_6: layer 2/2, base field no. 337/341, constructing abelian extensions
[ Info: 56_6: layer 2/2, base field no. 337/341, checking fields: 0
[ Info: 56_6: layer 2/2, base field no. 338/341, constructing abelian extensions
[ Info: 56_6: layer 2/2, base field no. 338/341, checking fields: 0
[ Info: 56_6: layer 2/2, base field no. 339/341, constructing abelian extensions
[ Info: 56_6: layer 2/2, base field no. 339/341, checking fields: 0
[ Info: 56_6: layer 2/2, base field no. 340/341, constructing abelian extensions
[ Info: 56_6: layer 2/2, base field no. 340/341, checking fields: 0
[ Info: 56_6: layer 2/2, base field no. 341/341, constructing abelian extensions
[ Info: 56_6: layer 2/2, base field no. 341/341, checking fields: 0
472.027783 seconds (767.93 M allocations: 148.392 GiB, 4.46% gc time, 2.67% compilation time: 2% of which was recompilation)
